2026-03-31 20:17:50,195 INFO: 自动选择设备: directml
2026-03-31 20:17:50,195 INFO: 设备: privateuseone:0
2026-03-31 20:17:50,195 INFO: 设备类型: directml
2026-03-31 20:17:50,196 INFO: 从配置文件自动加载: /home/ssy/Siamese-MicroPerf/configs/trans_best_time.json
2026-03-31 20:17:50,346 INFO: 模型加载完成: checkpoints/trans_best_time.pt  (设备: privateuseone:0)
2026-03-31 20:17:50,346 INFO: 模型类型: transformer
2026-03-31 20:17:50,346 INFO: 模型参数: {'in_features': 6, 'mlp_hidden': 32, 'dropout': 0.1, 'd_model': 32, 'nhead': 2, 'num_layers': 2, 'dim_feedforward': 64, 'max_len': 512, 'pos_encoding': 'learnable'}
2026-03-31 20:17:50,346 INFO: log-target 模式: 推理时将自动应用 exp() 变换
2026-03-31 20:17:50,346 INFO: pair-swap 训练增强: True（此为训练时数据增强，不影响推理逻辑）
2026-03-31 20:17:50,675 INFO: 已应用 exp() 变换（log-target 模式）
2026-03-31 20:17:50,675 INFO: ========================================================================
2026-03-31 20:17:50,675 INFO: 版本对: O1-g_vs_O3-g  (O1-g vs O3-g)  共 163 个程序
2026-03-31 20:17:50,676 INFO: 标签模式: fixed_time
2026-03-31 20:17:50,676 INFO: 标签定义: Y = N_v1 / N_v2 (throughput ratio in a fixed window)
2026-03-31 20:17:50,676 INFO: 判定方向: Y > 1 视为 O1-g 更快，Y < 1 视为 O3-g 更快
2026-03-31 20:17:50,676 INFO: ========================================================================
2026-03-31 20:17:50,676 INFO:      #                              程序      预测 Ŷ      真实 Y        误差  判断
2026-03-31 20:17:50,676 INFO:   ------------------------------------------------------------------------
2026-03-31 20:17:50,677 INFO:      1                            7zip    0.9987    1.0000   -0.0013  O1-g ≈ O3-g（差异在 ±5% 内）
2026-03-31 20:17:50,677 INFO:      2             ASCI_Purple_SMG2000    0.9713    0.8750   +0.0963  O1-g ≈ O3-g（差异在 ±5% 内）
2026-03-31 20:17:50,677 INFO:      3               ASC_Sequoia_AMGmk    0.9523    0.6667   +0.2857  O1-g ≈ O3-g（差异在 ±5% 内）
2026-03-31 20:17:50,677 INFO:      4           ASC_Sequoia_CrystalMk    0.9625    0.9286   +0.0339  O1-g ≈ O3-g（差异在 ±5% 内）
2026-03-31 20:17:50,677 INFO:      5               ASC_Sequoia_IRSmk    0.9896    0.6667   +0.3229  O1-g ≈ O3-g（差异在 ±5% 内）
2026-03-31 20:17:50,678 INFO:      6                  BitBench_drop3    1.0017    0.9941   +0.0075  O1-g ≈ O3-g（差异在 ±5% 内）
2026-03-31 20:17:50,678 INFO:      7                 BitBench_five11    0.9994    1.0526   -0.0532  O1-g ≈ O3-g（差异在 ±5% 内）
2026-03-31 20:17:50,678 INFO:      8               BitBench_uudecode    0.9767    0.2875   +0.6893  O1-g ≈ O3-g（差异在 ±5% 内）
2026-03-31 20:17:50,678 INFO:      9               BitBench_uuencode    0.9998    0.9551   +0.0447  O1-g ≈ O3-g（差异在 ±5% 内）
2026-03-31 20:17:50,678 INFO:     10                          Bullet    1.0028    0.9091   +0.0937  O1-g ≈ O3-g（差异在 ±5% 内）
2026-03-31 20:17:50,679 INFO:     11         DOE-ProxyApps-C++_CLAMR    1.0024    1.0323   -0.0298  O1-g ≈ O3-g（差异在 ±5% 内）
2026-03-31 20:17:50,679 INFO:     12   DOE-ProxyApps-C++_HACCKernels    0.9425    0.9524   -0.0098  O3-g 优于 O1-g（快 5.7%，加速比 1.06x）
2026-03-31 20:17:50,679 INFO:     13         DOE-ProxyApps-C++_HPCCG    0.9567    1.0000   -0.0433  O1-g ≈ O3-g（差异在 ±5% 内）
2026-03-31 20:17:50,679 INFO:     14       DOE-ProxyApps-C++_PENNANT    1.0071    0.8929   +0.1143  O1-g ≈ O3-g（差异在 ±5% 内）
2026-03-31 20:17:50,679 INFO:     15        DOE-ProxyApps-C++_miniFE    0.9768    0.9167   +0.0601  O1-g ≈ O3-g（差异在 ±5% 内）
2026-03-31 20:17:50,679 INFO:     16            DOE-ProxyApps-C_CoMD    0.9931    0.9565   +0.0366  O1-g ≈ O3-g（差异在 ±5% 内）
2026-03-31 20:17:50,680 INFO:     17      DOE-ProxyApps-C_Pathfinder    0.9981    1.0000   -0.0019  O1-g ≈ O3-g（差异在 ±5% 内）
2026-03-31 20:17:50,680 INFO:     18         DOE-ProxyApps-C_RSBench    0.9969    0.9925   +0.0044  O1-g ≈ O3-g（差异在 ±5% 内）
2026-03-31 20:17:50,680 INFO:     19       DOE-ProxyApps-C_SimpleMOC    0.9943    0.7812   +0.2130  O1-g ≈ O3-g（差异在 ±5% 内）
2026-03-31 20:17:50,680 INFO:     20         DOE-ProxyApps-C_XSBench    1.0000    0.9333   +0.0666  O1-g ≈ O3-g（差异在 ±5% 内）
2026-03-31 20:17:50,680 INFO:     21         DOE-ProxyApps-C_miniAMR    1.0064    0.9138   +0.0926  O1-g ≈ O3-g（差异在 ±5% 内）
2026-03-31 20:17:50,681 INFO:     22         DOE-ProxyApps-C_miniGMG    1.0004    0.9048   +0.0956  O1-g ≈ O3-g（差异在 ±5% 内）
2026-03-31 20:17:50,681 INFO:     23                     Fhourstones    0.9898    0.9455   +0.0444  O1-g ≈ O3-g（差异在 ±5% 内）
2026-03-31 20:17:50,681 INFO:     24                 Fhourstones-3.1    1.0018    1.0000   +0.0018  O1-g ≈ O3-g（差异在 ±5% 内）
2026-03-31 20:17:50,681 INFO:     25              FreeBench_analyzer    0.9918    0.9750   +0.0167  O1-g ≈ O3-g（差异在 ±5% 内）
2026-03-31 20:17:50,681 INFO:     26               FreeBench_distray    0.9962    0.9388   +0.0574  O1-g ≈ O3-g（差异在 ±5% 内）
2026-03-31 20:17:50,682 INFO:     27            FreeBench_fourinarow    0.9693    1.2857   -0.3164  O1-g ≈ O3-g（差异在 ±5% 内）
2026-03-31 20:17:50,682 INFO:     28                 FreeBench_mason    0.9947    1.0817   -0.0870  O1-g ≈ O3-g（差异在 ±5% 内）
2026-03-31 20:17:50,682 INFO:     29                FreeBench_neural    0.9749    1.0027   -0.0278  O1-g ≈ O3-g（差异在 ±5% 内）
2026-03-31 20:17:50,682 INFO:     30            FreeBench_pcompress2    0.9998    0.9608   +0.0389  O1-g ≈ O3-g（差异在 ±5% 内）
2026-03-31 20:17:50,682 INFO:     31                 FreeBench_pifft    1.0011    0.9231   +0.0780  O1-g ≈ O3-g（差异在 ±5% 内）
2026-03-31 20:17:50,682 INFO:     32               MallocBench_cfrac    1.0000    0.9811   +0.0189  O1-g ≈ O3-g（差异在 ±5% 内）
2026-03-31 20:17:50,683 INFO:     33            MallocBench_espresso    1.0017    0.9739   +0.0278  O1-g ≈ O3-g（差异在 ±5% 内）
2026-03-31 20:17:50,683 INFO:     34                  MallocBench_gs    0.9990    1.1541   -0.1550  O1-g ≈ O3-g（差异在 ±5% 内）
2026-03-31 20:17:50,683 INFO:     35                 McCat_01-qbsort    1.0020    1.0325   -0.0305  O1-g ≈ O3-g（差异在 ±5% 内）
2026-03-31 20:17:50,683 INFO:     36               McCat_03-testtrie    1.0012    0.9914   +0.0098  O1-g ≈ O3-g（差异在 ±5% 内）
2026-03-31 20:17:50,683 INFO:     37                 McCat_04-bisect    0.9926    0.9159   +0.0768  O1-g ≈ O3-g（差异在 ±5% 内）
2026-03-31 20:17:50,684 INFO:     38                   McCat_08-main    1.0037    1.0151   -0.0114  O1-g ≈ O3-g（差异在 ±5% 内）
2026-03-31 20:17:50,684 INFO:     39                    McCat_09-vor    1.0000    0.9895   +0.0105  O1-g ≈ O3-g（差异在 ±5% 内）
2026-03-31 20:17:50,684 INFO:     40                 McCat_12-IOtest    0.9958    1.0068   -0.0110  O1-g ≈ O3-g（差异在 ±5% 内）
2026-03-31 20:17:50,684 INFO:     41                   McCat_15-trie    1.0005    1.0027   -0.0022  O1-g ≈ O3-g（差异在 ±5% 内）
2026-03-31 20:17:50,684 INFO:     42                  McCat_17-bintr    0.9995    1.0000   -0.0005  O1-g ≈ O3-g（差异在 ±5% 内）
2026-03-31 20:17:50,685 INFO:     43                    McCat_18-imp    0.9989    0.9877   +0.0112  O1-g ≈ O3-g（差异在 ±5% 内）
2026-03-31 20:17:50,685 INFO:     44    MiBench_automotive-basicmath    0.9966    1.0000   -0.0034  O1-g ≈ O3-g（差异在 ±5% 内）
2026-03-31 20:17:50,685 INFO:     45     MiBench_automotive-bitcount    0.9953    0.9595   +0.0358  O1-g ≈ O3-g（差异在 ±5% 内）
2026-03-31 20:17:50,685 INFO:     46        MiBench_automotive-susan    0.9986    0.9956   +0.0030  O1-g ≈ O3-g（差异在 ±5% 内）
2026-03-31 20:17:50,685 INFO:     47           MiBench_consumer-jpeg    1.0007    0.8711   +0.1296  O1-g ≈ O3-g（差异在 ±5% 内）
2026-03-31 20:17:50,685 INFO:     48           MiBench_consumer-lame    0.9901    0.8994   +0.0907  O1-g ≈ O3-g（差异在 ±5% 内）
2026-03-31 20:17:50,686 INFO:     49        MiBench_consumer-typeset    1.0036    0.9916   +0.0120  O1-g ≈ O3-g（差异在 ±5% 内）
2026-03-31 20:17:50,686 INFO:     50        MiBench_network-dijkstra    0.9986    1.0008   -0.0023  O1-g ≈ O3-g（差异在 ±5% 内）
2026-03-31 20:17:50,686 INFO:     51        MiBench_network-patricia    0.9960    1.0000   -0.0040  O1-g ≈ O3-g（差异在 ±5% 内）
2026-03-31 20:17:50,686 INFO:     52           MiBench_office-ispell    1.0045    1.0109   -0.0064  O1-g ≈ O3-g（差异在 ±5% 内）
2026-03-31 20:17:50,686 INFO:     53     MiBench_office-stringsearch    0.9947    0.9548   +0.0399  O1-g ≈ O3-g（差异在 ±5% 内）
2026-03-31 20:17:50,686 INFO:     54       MiBench_security-blowfish    1.0049    0.9843   +0.0205  O1-g ≈ O3-g（差异在 ±5% 内）
2026-03-31 20:17:50,686 INFO:     55       MiBench_security-rijndael    0.9996    0.9380   +0.0617  O1-g ≈ O3-g（差异在 ±5% 内）
2026-03-31 20:17:50,687 INFO:     56            MiBench_security-sha    0.9986    0.7444   +0.2543  O1-g ≈ O3-g（差异在 ±5% 内）
2026-03-31 20:17:50,687 INFO:     57          MiBench_telecomm-CRC32    0.9894    0.9977   -0.0083  O1-g ≈ O3-g（差异在 ±5% 内）
2026-03-31 20:17:50,687 INFO:     58            MiBench_telecomm-FFT    0.9983    0.9916   +0.0068  O1-g ≈ O3-g（差异在 ±5% 内）
2026-03-31 20:17:50,688 INFO:     59          MiBench_telecomm-adpcm    1.0042    1.0049   -0.0006  O1-g ≈ O3-g（差异在 ±5% 内）
2026-03-31 20:17:50,688 INFO:     60            MiBench_telecomm-gsm    0.9919    0.8678   +0.1241  O1-g ≈ O3-g（差异在 ±5% 内）
2026-03-31 20:17:50,688 INFO:     61                   NPB-serial_is    0.9896    1.0000   -0.0104  O1-g ≈ O3-g（差异在 ±5% 内）
2026-03-31 20:17:50,688 INFO:     62                        Olden_bh    0.9924    1.2188   -0.2264  O1-g ≈ O3-g（差异在 ±5% 内）
2026-03-31 20:17:50,688 INFO:     63                    Olden_bisort    1.0009    0.9889   +0.0120  O1-g ≈ O3-g（差异在 ±5% 内）
2026-03-31 20:17:50,689 INFO:     64                      Olden_em3d    0.9921    1.0000   -0.0079  O1-g ≈ O3-g（差异在 ±5% 内）
2026-03-31 20:17:50,689 INFO:     65                    Olden_health    0.9941    0.9617   +0.0324  O1-g ≈ O3-g（差异在 ±5% 内）
2026-03-31 20:17:50,689 INFO:     66                       Olden_mst    0.9988    1.0141   -0.0153  O1-g ≈ O3-g（差异在 ±5% 内）
2026-03-31 20:17:50,689 INFO:     67                 Olden_perimeter    0.9971    0.9414   +0.0557  O1-g ≈ O3-g（差异在 ±5% 内）
2026-03-31 20:17:50,689 INFO:     68                     Olden_power    0.9599    0.7500   +0.2099  O1-g ≈ O3-g（差异在 ±5% 内）
2026-03-31 20:17:50,689 INFO:     69                   Olden_treeadd    0.9992    0.9951   +0.0042  O1-g ≈ O3-g（差异在 ±5% 内）
2026-03-31 20:17:50,690 INFO:     70                       Olden_tsp    0.9924    0.9540   +0.0384  O1-g ≈ O3-g（差异在 ±5% 内）
2026-03-31 20:17:50,690 INFO:     71                   Olden_voronoi    1.0009    0.9879   +0.0130  O1-g ≈ O3-g（差异在 ±5% 内）
2026-03-31 20:17:50,690 INFO:     72                 Prolangs-C++_NP    1.0014    0.9989   +0.0025  O1-g ≈ O3-g（差异在 ±5% 内）
2026-03-31 20:17:50,690 INFO:     73             Prolangs-C++_deriv1    1.0016    0.9959   +0.0057  O1-g ≈ O3-g（差异在 ±5% 内）
2026-03-31 20:17:50,690 INFO:     74             Prolangs-C++_deriv2    1.0015    1.0132   -0.0117  O1-g ≈ O3-g（差异在 ±5% 内）
2026-03-31 20:17:50,690 INFO:     75             Prolangs-C++_employ    1.0020    1.0014   +0.0006  O1-g ≈ O3-g（差异在 ±5% 内）
2026-03-31 20:17:50,691 INFO:     76                Prolangs-C++_fsm    1.0015    1.0151   -0.0136  O1-g ≈ O3-g（差异在 ±5% 内）
2026-03-31 20:17:50,691 INFO:     77             Prolangs-C++_garage    1.0017    0.9917   +0.0100  O1-g ≈ O3-g（差异在 ±5% 内）
2026-03-31 20:17:50,691 INFO:     78               Prolangs-C++_life    0.9995    0.9722   +0.0273  O1-g ≈ O3-g（差异在 ±5% 内）
2026-03-31 20:17:50,691 INFO:     79            Prolangs-C++_objects    1.0014    1.0019   -0.0005  O1-g ≈ O3-g（差异在 ±5% 内）
2026-03-31 20:17:50,691 INFO:     80              Prolangs-C++_ocean    1.0021    1.0016   +0.0005  O1-g ≈ O3-g（差异在 ±5% 内）
2026-03-31 20:17:50,692 INFO:     81             Prolangs-C++_office    1.0016    1.0128   -0.0112  O1-g ≈ O3-g（差异在 ±5% 内）
2026-03-31 20:17:50,692 INFO:     82             Prolangs-C++_primes    0.9521    0.4565   +0.4956  O1-g ≈ O3-g（差异在 ±5% 内）
2026-03-31 20:17:50,692 INFO:     83             Prolangs-C++_shapes    1.0012    1.0020   -0.0008  O1-g ≈ O3-g（差异在 ±5% 内）
2026-03-31 20:17:50,692 INFO:     84              Prolangs-C++_simul    1.0003    0.9059   +0.0944  O1-g ≈ O3-g（差异在 ±5% 内）
2026-03-31 20:17:50,692 INFO:     85              Prolangs-C++_trees    1.0010    1.0020   -0.0011  O1-g ≈ O3-g（差异在 ±5% 内）
2026-03-31 20:17:50,692 INFO:     86         Prolangs-C_TimberWolfMC    1.0030    0.9772   +0.0258  O1-g ≈ O3-g（差异在 ±5% 内）
2026-03-31 20:17:50,693 INFO:     87        Prolangs-C_archie-client    1.0016    1.0063   -0.0047  O1-g ≈ O3-g（差异在 ±5% 内）
2026-03-31 20:17:50,693 INFO:     88            Prolangs-C_assembler    1.0012    1.0135   -0.0123  O1-g ≈ O3-g（差异在 ±5% 内）
2026-03-31 20:17:50,693 INFO:     89                Prolangs-C_bison    1.0007    0.9944   +0.0062  O1-g ≈ O3-g（差异在 ±5% 内）
2026-03-31 20:17:50,693 INFO:     90                Prolangs-C_cdecl    1.0030    1.0213   -0.0183  O1-g ≈ O3-g（差异在 ±5% 内）
2026-03-31 20:17:50,693 INFO:     91             Prolangs-C_compiler    1.0018    1.0131   -0.0113  O1-g ≈ O3-g（差异在 ±5% 内）
2026-03-31 20:17:50,693 INFO:     92            Prolangs-C_fixoutput    1.0007    1.0067   -0.0060  O1-g ≈ O3-g（差异在 ±5% 内）
2026-03-31 20:17:50,694 INFO:     93             Prolangs-C_football    1.0010    1.0145   -0.0134  O1-g ≈ O3-g（差异在 ±5% 内）
2026-03-31 20:17:50,694 INFO:     94                Prolangs-C_gnugo    0.9966    0.9586   +0.0380  O1-g ≈ O3-g（差异在 ±5% 内）
2026-03-31 20:17:50,694 INFO:     95               Prolangs-C_loader    1.0017    1.0262   -0.0245  O1-g ≈ O3-g（差异在 ±5% 内）
2026-03-31 20:17:50,694 INFO:     96            Prolangs-C_simulator    1.0018    0.9952   +0.0066  O1-g ≈ O3-g（差异在 ±5% 内）
2026-03-31 20:17:50,694 INFO:     97                 Ptrdist_anagram    0.9955    0.9661   +0.0294  O1-g ≈ O3-g（差异在 ±5% 内）
2026-03-31 20:17:50,695 INFO:     98                      Ptrdist_bc    0.9982    1.0000   -0.0018  O1-g ≈ O3-g（差异在 ±5% 内）
2026-03-31 20:17:50,695 INFO:     99                      Ptrdist_ft    0.9368    0.7400   +0.1968  O3-g 优于 O1-g（快 6.3%，加速比 1.07x）
2026-03-31 20:17:50,695 INFO:    100                      Ptrdist_ks    0.9931    0.9474   +0.0457  O1-g ≈ O3-g（差异在 ±5% 内）
2026-03-31 20:17:50,695 INFO:    101                   Ptrdist_yacr2    0.9942    0.8974   +0.0967  O1-g ≈ O3-g（差异在 ±5% 内）
2026-03-31 20:17:50,695 INFO:    102                Rodinia_backprop    0.9736    0.9857   -0.0122  O1-g ≈ O3-g（差异在 ±5% 内）
2026-03-31 20:17:50,695 INFO:    103                 Rodinia_hotspot    0.9866    0.5642   +0.4224  O1-g ≈ O3-g（差异在 ±5% 内）
2026-03-31 20:17:50,696 INFO:    104              Rodinia_pathfinder    0.9903    0.9121   +0.0782  O1-g ≈ O3-g（差异在 ±5% 内）
2026-03-31 20:17:50,696 INFO:    105                    Rodinia_srad    0.9746    0.5543   +0.4203  O1-g ≈ O3-g（差异在 ±5% 内）
2026-03-31 20:17:50,696 INFO:    106                      SciMark2-C    0.9726    1.0000   -0.0274  O1-g ≈ O3-g（差异在 ±5% 内）
2026-03-31 20:17:50,696 INFO:    107            TSVC_ControlFlow-dbl    0.9792    0.8571   +0.1220  O1-g ≈ O3-g（差异在 ±5% 内）
2026-03-31 20:17:50,696 INFO:    108            TSVC_ControlFlow-flt    0.9800    0.8125   +0.1675  O1-g ≈ O3-g（差异在 ±5% 内）
2026-03-31 20:17:50,696 INFO:    109           TSVC_ControlLoops-dbl    0.9502    0.7692   +0.1809  O1-g ≈ O3-g（差异在 ±5% 内）
2026-03-31 20:17:50,697 INFO:    110           TSVC_ControlLoops-flt    0.9757    0.5000   +0.4757  O1-g ≈ O3-g（差异在 ±5% 内）
2026-03-31 20:17:50,697 INFO:    111     TSVC_CrossingThresholds-dbl    0.9626    0.7333   +0.2292  O1-g ≈ O3-g（差异在 ±5% 内）
2026-03-31 20:17:50,697 INFO:    112     TSVC_CrossingThresholds-flt    0.9644    0.6818   +0.2826  O1-g ≈ O3-g（差异在 ±5% 内）
2026-03-31 20:17:50,697 INFO:    113          TSVC_Equivalencing-dbl    0.9340    0.6571   +0.2769  O3-g 优于 O1-g（快 6.6%，加速比 1.07x）
2026-03-31 20:17:50,697 INFO:    114          TSVC_Equivalencing-flt    0.9364    0.2821   +0.6543  O3-g 优于 O1-g（快 6.4%，加速比 1.07x）
2026-03-31 20:17:50,698 INFO:    115              TSVC_Expansion-dbl    0.9658    0.7500   +0.2158  O1-g ≈ O3-g（差异在 ±5% 内）
2026-03-31 20:17:50,698 INFO:    116              TSVC_Expansion-flt    0.9758    0.5556   +0.4202  O1-g ≈ O3-g（差异在 ±5% 内）
2026-03-31 20:17:50,698 INFO:    117         TSVC_GlobalDataFlow-dbl    0.9492    0.7222   +0.2270  O3-g 优于 O1-g（快 5.1%，加速比 1.05x）
2026-03-31 20:17:50,698 INFO:    118         TSVC_GlobalDataFlow-flt    0.9497    0.4474   +0.5024  O3-g 优于 O1-g（快 5.0%，加速比 1.05x）
2026-03-31 20:17:50,698 INFO:    119     TSVC_IndirectAddressing-dbl    0.9639    1.0000   -0.0361  O1-g ≈ O3-g（差异在 ±5% 内）
2026-03-31 20:17:50,698 INFO:    120     TSVC_IndirectAddressing-flt    0.9680    0.9286   +0.0394  O1-g ≈ O3-g（差异在 ±5% 内）
2026-03-31 20:17:50,699 INFO:    121      TSVC_InductionVariable-dbl    0.9582    0.8333   +0.1248  O1-g ≈ O3-g（差异在 ±5% 内）
2026-03-31 20:17:50,699 INFO:    122      TSVC_InductionVariable-flt    0.9568    0.7500   +0.2068  O1-g ≈ O3-g（差异在 ±5% 内）
2026-03-31 20:17:50,699 INFO:    123       TSVC_LinearDependence-dbl    0.9527    0.7647   +0.1880  O1-g ≈ O3-g（差异在 ±5% 内）
2026-03-31 20:17:50,699 INFO:    124       TSVC_LinearDependence-flt    0.9537    0.4815   +0.4722  O1-g ≈ O3-g（差异在 ±5% 内）
2026-03-31 20:17:50,699 INFO:    125          TSVC_LoopRerolling-dbl    0.9715    0.8182   +0.1533  O1-g ≈ O3-g（差异在 ±5% 内）
2026-03-31 20:17:50,700 INFO:    126          TSVC_LoopRerolling-flt    0.9577    0.8182   +0.1395  O1-g ≈ O3-g（差异在 ±5% 内）
2026-03-31 20:17:50,700 INFO:    127      TSVC_LoopRestructuring-dbl    0.9578    1.0000   -0.0422  O1-g ≈ O3-g（差异在 ±5% 内）
2026-03-31 20:17:50,700 INFO:    128      TSVC_LoopRestructuring-flt    0.9624    0.9091   +0.0533  O1-g ≈ O3-g（差异在 ±5% 内）
2026-03-31 20:17:50,700 INFO:    129          TSVC_NodeSplitting-dbl    0.9786    0.9231   +0.0555  O1-g ≈ O3-g（差异在 ±5% 内）
2026-03-31 20:17:50,700 INFO:    130          TSVC_NodeSplitting-flt    0.9759    0.8750   +0.1009  O1-g ≈ O3-g（差异在 ±5% 内）
2026-03-31 20:17:50,701 INFO:    131                TSVC_Packing-dbl    0.9692    0.8571   +0.1121  O1-g ≈ O3-g（差异在 ±5% 内）
2026-03-31 20:17:50,701 INFO:    132                TSVC_Packing-flt    0.9697    0.8667   +0.1031  O1-g ≈ O3-g（差异在 ±5% 内）
2026-03-31 20:17:50,701 INFO:    133            TSVC_Recurrences-dbl    0.9721    1.0000   -0.0279  O1-g ≈ O3-g（差异在 ±5% 内）
2026-03-31 20:17:50,701 INFO:    134            TSVC_Recurrences-flt    0.9724    1.0000   -0.0276  O1-g ≈ O3-g（差异在 ±5% 内）
2026-03-31 20:17:50,701 INFO:    135             TSVC_Reductions-dbl    0.9188    1.0000   -0.0812  O3-g 优于 O1-g（快 8.1%，加速比 1.09x）
2026-03-31 20:17:50,702 INFO:    136             TSVC_Reductions-flt    0.9223    1.0000   -0.0777  O3-g 优于 O1-g（快 7.8%，加速比 1.08x）
2026-03-31 20:17:50,702 INFO:    137              TSVC_Searching-dbl    0.9040    0.6667   +0.2373  O3-g 优于 O1-g（快 9.6%，加速比 1.11x）
2026-03-31 20:17:50,702 INFO:    138              TSVC_Searching-flt    0.8980    0.3000   +0.5980  O3-g 优于 O1-g（快 10.2%，加速比 1.11x）
2026-03-31 20:17:50,702 INFO:    139    TSVC_StatementReordering-dbl    0.9812    0.9231   +0.0581  O1-g ≈ O3-g（差异在 ±5% 内）
2026-03-31 20:17:50,702 INFO:    140    TSVC_StatementReordering-flt    0.9822    0.9412   +0.0410  O1-g ≈ O3-g（差异在 ±5% 内）
2026-03-31 20:17:50,703 INFO:    141              TSVC_Symbolics-dbl    0.9442    0.7368   +0.2074  O3-g 优于 O1-g（快 5.6%，加速比 1.06x）
2026-03-31 20:17:50,703 INFO:    142              TSVC_Symbolics-flt    0.9587    0.3824   +0.5764  O1-g ≈ O3-g（差异在 ±5% 内）
2026-03-31 20:17:50,703 INFO:    143               Trimaran_enc-3des    1.0006    0.9583   +0.0423  O1-g ≈ O3-g（差异在 ±5% 内）
2026-03-31 20:17:50,703 INFO:    144                Trimaran_enc-md5    0.9997    1.0000   -0.0003  O1-g ≈ O3-g（差异在 ±5% 内）
2026-03-31 20:17:50,703 INFO:    145                Trimaran_enc-pc1    0.9703    0.5603   +0.4100  O1-g ≈ O3-g（差异在 ±5% 内）
2026-03-31 20:17:50,704 INFO:    146                Trimaran_enc-rc4    0.9738    0.8958   +0.0780  O1-g ≈ O3-g（差异在 ±5% 内）
2026-03-31 20:17:50,704 INFO:    147           Trimaran_netbench-crc    0.9664    1.0000   -0.0336  O1-g ≈ O3-g（差异在 ±5% 内）
2026-03-31 20:17:50,704 INFO:    148           Trimaran_netbench-url    0.9863    1.0000   -0.0137  O1-g ≈ O3-g（差异在 ±5% 内）
2026-03-31 20:17:50,704 INFO:    149                VersaBench_8b10b    1.0012    1.0000   +0.0012  O1-g ≈ O3-g（差异在 ±5% 内）
2026-03-31 20:17:50,704 INFO:    150           VersaBench_beamformer    0.9950    0.7705   +0.2245  O1-g ≈ O3-g（差异在 ±5% 内）
2026-03-31 20:17:50,704 INFO:    151                  VersaBench_bmm    0.9991    1.0000   -0.0009  O1-g ≈ O3-g（差异在 ±5% 内）
2026-03-31 20:17:50,705 INFO:    152                 VersaBench_dbms    1.0018    1.0000   +0.0018  O1-g ≈ O3-g（差异在 ±5% 内）
2026-03-31 20:17:50,705 INFO:    153               VersaBench_ecbdes    0.9982    1.0000   -0.0018  O1-g ≈ O3-g（差异在 ±5% 内）
2026-03-31 20:17:50,705 INFO:    154                    llubenchmark    1.0027    1.0000   +0.0027  O1-g ≈ O3-g（差异在 ±5% 内）
2026-03-31 20:17:50,705 INFO:    155                           mafft    1.0031    1.0000   +0.0031  O1-g ≈ O3-g（差异在 ±5% 内）
2026-03-31 20:17:50,706 INFO:    156      mediabench_adpcm_rawcaudio    1.0018    1.0015   +0.0003  O1-g ≈ O3-g（差异在 ±5% 内）
2026-03-31 20:17:50,706 INFO:    157      mediabench_adpcm_rawdaudio    1.0023    1.0154   -0.0131  O1-g ≈ O3-g（差异在 ±5% 内）
2026-03-31 20:17:50,706 INFO:    158      mediabench_g721_g721encode    0.9991    0.8981   +0.1011  O1-g ≈ O3-g（差异在 ±5% 内）
2026-03-31 20:17:50,706 INFO:    159            mediabench_gsm_toast    0.9974    0.8490   +0.1483  O1-g ≈ O3-g（差异在 ±5% 内）
2026-03-31 20:17:50,707 INFO:    160         mediabench_jpeg_jpeg-6a    1.0032    1.0070   -0.0038  O1-g ≈ O3-g（差异在 ±5% 内）
2026-03-31 20:17:50,707 INFO:    161       mediabench_mpeg2_mpeg2dec    1.0030    0.9766   +0.0264  O1-g ≈ O3-g（差异在 ±5% 内）
2026-03-31 20:17:50,707 INFO:    162                          nbench    0.9879    0.8710   +0.1169  O1-g ≈ O3-g（差异在 ±5% 内）
2026-03-31 20:17:50,707 INFO:    163                      tramp3d-v4    0.9969    0.5445   +0.4523  O1-g ≈ O3-g（差异在 ±5% 内）
2026-03-31 20:17:50,708 INFO: 
  ── 验证指标 ──
2026-03-31 20:17:50,708 INFO:   MAE  = 0.0995
2026-03-31 20:17:50,708 INFO:   MSE  = 0.0305
2026-03-31 20:17:50,708 INFO:   RMSE = 0.1746
2026-03-31 20:17:50,709 INFO:   方向准确率 = 111/163 (68.1%)
2026-03-31 20:17:50,709 INFO:   预测 O1-g 更优: 51/163  (真实: 33/163)
2026-03-31 20:17:50,709 INFO:   方向准确率（排除 ±5%）= 61/73 (83.6%)
2026-03-31 20:17:50,802 INFO: 已应用 exp() 变换（log-target 模式）
2026-03-31 20:17:50,802 INFO: ========================================================================
2026-03-31 20:17:50,802 INFO: 版本对: O2-bolt_vs_O2-bolt-opt  (O2-bolt vs O2-bolt-opt)  共 165 个程序
2026-03-31 20:17:50,803 INFO: 标签模式: fixed_time
2026-03-31 20:17:50,803 INFO: 标签定义: Y = N_v1 / N_v2 (throughput ratio in a fixed window)
2026-03-31 20:17:50,803 INFO: 判定方向: Y > 1 视为 O2-bolt 更快，Y < 1 视为 O2-bolt-opt 更快
2026-03-31 20:17:50,803 INFO: ========================================================================
2026-03-31 20:17:50,803 INFO:      #                              程序      预测 Ŷ      真实 Y        误差  判断
2026-03-31 20:17:50,803 INFO:   ------------------------------------------------------------------------
2026-03-31 20:17:50,804 INFO:      1                            7zip    1.0008    1.0000   +0.0008  O2-bolt ≈ O2-bolt-opt（差异在 ±5% 内）
2026-03-31 20:17:50,804 INFO:      2             ASCI_Purple_SMG2000    1.0184    1.0000   +0.0184  O2-bolt ≈ O2-bolt-opt（差异在 ±5% 内）
2026-03-31 20:17:50,804 INFO:      3               ASC_Sequoia_AMGmk    0.9984    1.0000   -0.0016  O2-bolt ≈ O2-bolt-opt（差异在 ±5% 内）
2026-03-31 20:17:50,804 INFO:      4           ASC_Sequoia_CrystalMk    1.0078    1.0000   +0.0078  O2-bolt ≈ O2-bolt-opt（差异在 ±5% 内）
2026-03-31 20:17:50,804 INFO:      5               ASC_Sequoia_IRSmk    1.0008    1.0000   +0.0008  O2-bolt ≈ O2-bolt-opt（差异在 ±5% 内）
2026-03-31 20:17:50,804 INFO:      6                  BitBench_drop3    0.9920    1.0494   -0.0574  O2-bolt ≈ O2-bolt-opt（差异在 ±5% 内）
2026-03-31 20:17:50,805 INFO:      7                 BitBench_five11    0.9990    0.9500   +0.0490  O2-bolt ≈ O2-bolt-opt（差异在 ±5% 内）
2026-03-31 20:17:50,805 INFO:      8               BitBench_uudecode    0.9979    0.9986   -0.0007  O2-bolt ≈ O2-bolt-opt（差异在 ±5% 内）
2026-03-31 20:17:50,805 INFO:      9               BitBench_uuencode    1.0049    0.9997   +0.0052  O2-bolt ≈ O2-bolt-opt（差异在 ±5% 内）
2026-03-31 20:17:50,805 INFO:     10                          Bullet    1.0001    1.0000   +0.0001  O2-bolt ≈ O2-bolt-opt（差异在 ±5% 内）
2026-03-31 20:17:50,805 INFO:     11         DOE-ProxyApps-C++_CLAMR    1.0030    1.0000   +0.0030  O2-bolt ≈ O2-bolt-opt（差异在 ±5% 内）
2026-03-31 20:17:50,805 INFO:     12   DOE-ProxyApps-C++_HACCKernels    1.0031    1.0000   +0.0031  O2-bolt ≈ O2-bolt-opt（差异在 ±5% 内）
2026-03-31 20:17:50,806 INFO:     13         DOE-ProxyApps-C++_HPCCG    0.9832    1.0000   -0.0168  O2-bolt ≈ O2-bolt-opt（差异在 ±5% 内）
2026-03-31 20:17:50,806 INFO:     14       DOE-ProxyApps-C++_PENNANT    1.0033    1.0000   +0.0033  O2-bolt ≈ O2-bolt-opt（差异在 ±5% 内）
2026-03-31 20:17:50,806 INFO:     15        DOE-ProxyApps-C++_miniFE    1.0088    1.0000   +0.0088  O2-bolt ≈ O2-bolt-opt（差异在 ±5% 内）
2026-03-31 20:17:50,806 INFO:     16            DOE-ProxyApps-C_CoMD    1.0049    0.9600   +0.0449  O2-bolt ≈ O2-bolt-opt（差异在 ±5% 内）
2026-03-31 20:17:50,806 INFO:     17      DOE-ProxyApps-C_Pathfinder    1.0120    1.0667   -0.0547  O2-bolt ≈ O2-bolt-opt（差异在 ±5% 内）
2026-03-31 20:17:50,806 INFO:     18         DOE-ProxyApps-C_RSBench    1.0017    0.9852   +0.0165  O2-bolt ≈ O2-bolt-opt（差异在 ±5% 内）
2026-03-31 20:17:50,807 INFO:     19       DOE-ProxyApps-C_SimpleMOC    1.0050    1.0000   +0.0050  O2-bolt ≈ O2-bolt-opt（差异在 ±5% 内）
2026-03-31 20:17:50,807 INFO:     20         DOE-ProxyApps-C_XSBench    0.9953    0.9375   +0.0578  O2-bolt ≈ O2-bolt-opt（差异在 ±5% 内）
2026-03-31 20:17:50,807 INFO:     21         DOE-ProxyApps-C_miniAMR    0.9883    1.0000   -0.0117  O2-bolt ≈ O2-bolt-opt（差异在 ±5% 内）
2026-03-31 20:17:50,807 INFO:     22         DOE-ProxyApps-C_miniGMG    0.9865    0.9841   +0.0024  O2-bolt ≈ O2-bolt-opt（差异在 ±5% 内）
2026-03-31 20:17:50,807 INFO:     23                     Fhourstones    1.0057    0.9811   +0.0245  O2-bolt ≈ O2-bolt-opt（差异在 ±5% 内）
2026-03-31 20:17:50,808 INFO:     24                 Fhourstones-3.1    1.0012    1.0857   -0.0845  O2-bolt ≈ O2-bolt-opt（差异在 ±5% 内）
2026-03-31 20:17:50,808 INFO:     25              FreeBench_analyzer    0.9982    1.0206   -0.0224  O2-bolt ≈ O2-bolt-opt（差异在 ±5% 内）
2026-03-31 20:17:50,808 INFO:     26               FreeBench_distray    0.9968    0.9948   +0.0020  O2-bolt ≈ O2-bolt-opt（差异在 ±5% 内）
2026-03-31 20:17:50,808 INFO:     27            FreeBench_fourinarow    1.0100    1.0000   +0.0100  O2-bolt ≈ O2-bolt-opt（差异在 ±5% 内）
2026-03-31 20:17:50,808 INFO:     28                 FreeBench_mason    0.9922    0.9848   +0.0074  O2-bolt ≈ O2-bolt-opt（差异在 ±5% 内）
2026-03-31 20:17:50,808 INFO:     29                FreeBench_neural    1.0100    1.0217   -0.0117  O2-bolt ≈ O2-bolt-opt（差异在 ±5% 内）
2026-03-31 20:17:50,809 INFO:     30            FreeBench_pcompress2    1.0003    1.0335   -0.0332  O2-bolt ≈ O2-bolt-opt（差异在 ±5% 内）
2026-03-31 20:17:50,809 INFO:     31                 FreeBench_pifft    1.0100    1.0018   +0.0082  O2-bolt ≈ O2-bolt-opt（差异在 ±5% 内）
2026-03-31 20:17:50,809 INFO:     32               MallocBench_cfrac    0.9909    1.0000   -0.0091  O2-bolt ≈ O2-bolt-opt（差异在 ±5% 内）
2026-03-31 20:17:50,809 INFO:     33            MallocBench_espresso    0.9988    1.0000   -0.0012  O2-bolt ≈ O2-bolt-opt（差异在 ±5% 内）
2026-03-31 20:17:50,809 INFO:     34                  MallocBench_gs    0.9885    0.9546   +0.0339  O2-bolt ≈ O2-bolt-opt（差异在 ±5% 内）
2026-03-31 20:17:50,810 INFO:     35                 McCat_01-qbsort    1.0014    0.9744   +0.0270  O2-bolt ≈ O2-bolt-opt（差异在 ±5% 内）
2026-03-31 20:17:50,810 INFO:     36                 McCat_04-bisect    0.9854    1.0136   -0.0281  O2-bolt ≈ O2-bolt-opt（差异在 ±5% 内）
2026-03-31 20:17:50,810 INFO:     37                   McCat_08-main    1.0079    1.0000   +0.0079  O2-bolt ≈ O2-bolt-opt（差异在 ±5% 内）
2026-03-31 20:17:50,810 INFO:     38                    McCat_09-vor    0.9999    0.9947   +0.0052  O2-bolt ≈ O2-bolt-opt（差异在 ±5% 内）
2026-03-31 20:17:50,810 INFO:     39                 McCat_12-IOtest    1.0017    0.9932   +0.0085  O2-bolt ≈ O2-bolt-opt（差异在 ±5% 内）
2026-03-31 20:17:50,810 INFO:     40                   McCat_15-trie    1.0020    1.0101   -0.0081  O2-bolt ≈ O2-bolt-opt（差异在 ±5% 内）
2026-03-31 20:17:50,811 INFO:     41                  McCat_17-bintr    1.0009    0.9494   +0.0515  O2-bolt ≈ O2-bolt-opt（差异在 ±5% 内）
2026-03-31 20:17:50,811 INFO:     42                    McCat_18-imp    1.0000    1.1155   -0.1155  O2-bolt ≈ O2-bolt-opt（差异在 ±5% 内）
2026-03-31 20:17:50,811 INFO:     43    MiBench_automotive-basicmath    0.9947    1.0000   -0.0053  O2-bolt ≈ O2-bolt-opt（差异在 ±5% 内）
2026-03-31 20:17:50,811 INFO:     44     MiBench_automotive-bitcount    1.0071    0.8994   +0.1077  O2-bolt ≈ O2-bolt-opt（差异在 ±5% 内）
2026-03-31 20:17:50,811 INFO:     45        MiBench_automotive-susan    1.0039    0.9883   +0.0156  O2-bolt ≈ O2-bolt-opt（差异在 ±5% 内）
2026-03-31 20:17:50,811 INFO:     46           MiBench_consumer-jpeg    1.0032    0.9967   +0.0065  O2-bolt ≈ O2-bolt-opt（差异在 ±5% 内）
2026-03-31 20:17:50,812 INFO:     47           MiBench_consumer-lame    1.0114    0.9877   +0.0237  O2-bolt ≈ O2-bolt-opt（差异在 ±5% 内）
2026-03-31 20:17:50,812 INFO:     48        MiBench_consumer-typeset    1.0041    0.9945   +0.0096  O2-bolt ≈ O2-bolt-opt（差异在 ±5% 内）
2026-03-31 20:17:50,812 INFO:     49        MiBench_network-dijkstra    1.0069    0.9192   +0.0877  O2-bolt ≈ O2-bolt-opt（差异在 ±5% 内）
2026-03-31 20:17:50,812 INFO:     50        MiBench_network-patricia    0.9859    0.9936   -0.0077  O2-bolt ≈ O2-bolt-opt（差异在 ±5% 内）
2026-03-31 20:17:50,812 INFO:     51           MiBench_office-ispell    1.0064    1.0015   +0.0049  O2-bolt ≈ O2-bolt-opt（差异在 ±5% 内）
2026-03-31 20:17:50,813 INFO:     52     MiBench_office-stringsearch    1.0057    1.0090   -0.0033  O2-bolt ≈ O2-bolt-opt（差异在 ±5% 内）
2026-03-31 20:17:50,813 INFO:     53       MiBench_security-blowfish    1.0063    1.0251   -0.0189  O2-bolt ≈ O2-bolt-opt（差异在 ±5% 内）
2026-03-31 20:17:50,813 INFO:     54       MiBench_security-rijndael    0.9984    1.0469   -0.0485  O2-bolt ≈ O2-bolt-opt（差异在 ±5% 内）
2026-03-31 20:17:50,813 INFO:     55            MiBench_security-sha    1.0037    1.0035   +0.0002  O2-bolt ≈ O2-bolt-opt（差异在 ±5% 内）
2026-03-31 20:17:50,813 INFO:     56          MiBench_telecomm-CRC32    0.9801    1.0000   -0.0199  O2-bolt ≈ O2-bolt-opt（差异在 ±5% 内）
2026-03-31 20:17:50,813 INFO:     57            MiBench_telecomm-FFT    1.0009    1.0031   -0.0021  O2-bolt ≈ O2-bolt-opt（差异在 ±5% 内）
2026-03-31 20:17:50,814 INFO:     58          MiBench_telecomm-adpcm    1.0033    0.9976   +0.0058  O2-bolt ≈ O2-bolt-opt（差异在 ±5% 内）
2026-03-31 20:17:50,814 INFO:     59            MiBench_telecomm-gsm    1.0145    1.0076   +0.0070  O2-bolt ≈ O2-bolt-opt（差异在 ±5% 内）
2026-03-31 20:17:50,814 INFO:     60                   NPB-serial_is    0.9997    1.0000   -0.0003  O2-bolt ≈ O2-bolt-opt（差异在 ±5% 内）
2026-03-31 20:17:50,814 INFO:     61                        Olden_bh    1.0052    1.0000   +0.0052  O2-bolt ≈ O2-bolt-opt（差异在 ±5% 内）
2026-03-31 20:17:50,814 INFO:     62                    Olden_bisort    1.0021    0.9778   +0.0243  O2-bolt ≈ O2-bolt-opt（差异在 ±5% 内）
2026-03-31 20:17:50,815 INFO:     63                      Olden_em3d    1.0166    1.6429   -0.6262  O2-bolt ≈ O2-bolt-opt（差异在 ±5% 内）
2026-03-31 20:17:50,815 INFO:     64                    Olden_health    1.0010    0.9891   +0.0119  O2-bolt ≈ O2-bolt-opt（差异在 ±5% 内）
2026-03-31 20:17:50,815 INFO:     65                       Olden_mst    1.0161    0.9920   +0.0241  O2-bolt ≈ O2-bolt-opt（差异在 ±5% 内）
2026-03-31 20:17:50,815 INFO:     66                 Olden_perimeter    0.9955    0.9345   +0.0610  O2-bolt ≈ O2-bolt-opt（差异在 ±5% 内）
2026-03-31 20:17:50,815 INFO:     67                     Olden_power    0.9840    1.0000   -0.0160  O2-bolt ≈ O2-bolt-opt（差异在 ±5% 内）
2026-03-31 20:17:50,815 INFO:     68                   Olden_treeadd    0.9996    0.9854   +0.0142  O2-bolt ≈ O2-bolt-opt（差异在 ±5% 内）
2026-03-31 20:17:50,816 INFO:     69                       Olden_tsp    1.0004    1.0000   +0.0004  O2-bolt ≈ O2-bolt-opt（差异在 ±5% 内）
2026-03-31 20:17:50,816 INFO:     70                   Olden_voronoi    1.0001    1.0000   +0.0001  O2-bolt ≈ O2-bolt-opt（差异在 ±5% 内）
2026-03-31 20:17:50,816 INFO:     71                           PAQ8p    1.0138    1.0000   +0.0138  O2-bolt ≈ O2-bolt-opt（差异在 ±5% 内）
2026-03-31 20:17:50,816 INFO:     72                 Prolangs-C++_NP    1.0026    1.0088   -0.0063  O2-bolt ≈ O2-bolt-opt（差异在 ±5% 内）
2026-03-31 20:17:50,816 INFO:     73               Prolangs-C++_city    1.0012    0.9759   +0.0253  O2-bolt ≈ O2-bolt-opt（差异在 ±5% 内）
2026-03-31 20:17:50,817 INFO:     74             Prolangs-C++_deriv1    1.0024    1.0141   -0.0117  O2-bolt ≈ O2-bolt-opt（差异在 ±5% 内）
2026-03-31 20:17:50,817 INFO:     75             Prolangs-C++_deriv2    1.0022    1.0115   -0.0092  O2-bolt ≈ O2-bolt-opt（差异在 ±5% 内）
2026-03-31 20:17:50,817 INFO:     76             Prolangs-C++_employ    1.0018    0.9903   +0.0115  O2-bolt ≈ O2-bolt-opt（差异在 ±5% 内）
2026-03-31 20:17:50,817 INFO:     77             Prolangs-C++_family    1.0022    1.0197   -0.0175  O2-bolt ≈ O2-bolt-opt（差异在 ±5% 内）
2026-03-31 20:17:50,817 INFO:     78                Prolangs-C++_fsm    1.0023    1.0091   -0.0069  O2-bolt ≈ O2-bolt-opt（差异在 ±5% 内）
2026-03-31 20:17:50,818 INFO:     79             Prolangs-C++_garage    1.0021    0.9981   +0.0040  O2-bolt ≈ O2-bolt-opt（差异在 ±5% 内）
2026-03-31 20:17:50,818 INFO:     80               Prolangs-C++_life    0.9991    1.0000   -0.0009  O2-bolt ≈ O2-bolt-opt（差异在 ±5% 内）
2026-03-31 20:17:50,818 INFO:     81            Prolangs-C++_objects    1.0018    1.0114   -0.0096  O2-bolt ≈ O2-bolt-opt（差异在 ±5% 内）
2026-03-31 20:17:50,818 INFO:     82              Prolangs-C++_ocean    1.0018    1.0000   +0.0018  O2-bolt ≈ O2-bolt-opt（差异在 ±5% 内）
2026-03-31 20:17:50,818 INFO:     83             Prolangs-C++_office    1.0021    1.0060   -0.0039  O2-bolt ≈ O2-bolt-opt（差异在 ±5% 内）
2026-03-31 20:17:50,818 INFO:     84             Prolangs-C++_primes    1.0005    0.9580   +0.0424  O2-bolt ≈ O2-bolt-opt（差异在 ±5% 内）
2026-03-31 20:17:50,819 INFO:     85             Prolangs-C++_shapes    1.0017    1.0252   -0.0235  O2-bolt ≈ O2-bolt-opt（差异在 ±5% 内）
2026-03-31 20:17:50,819 INFO:     86              Prolangs-C++_simul    1.0015    1.0252   -0.0237  O2-bolt ≈ O2-bolt-opt（差异在 ±5% 内）
2026-03-31 20:17:50,819 INFO:     87              Prolangs-C++_trees    1.0020    1.0176   -0.0156  O2-bolt ≈ O2-bolt-opt（差异在 ±5% 内）
2026-03-31 20:17:50,819 INFO:     88              Prolangs-C++_vcirc    1.0025    1.0016   +0.0009  O2-bolt ≈ O2-bolt-opt（差异在 ±5% 内）
2026-03-31 20:17:50,819 INFO:     89                Prolangs-C_agrep    1.0010    1.0382   -0.0372  O2-bolt ≈ O2-bolt-opt（差异在 ±5% 内）
2026-03-31 20:17:50,820 INFO:     90             Prolangs-C_allroots    1.0057    1.0094   -0.0037  O2-bolt ≈ O2-bolt-opt（差异在 ±5% 内）
2026-03-31 20:17:50,820 INFO:     91                Prolangs-C_bison    0.9985    0.9879   +0.0106  O2-bolt ≈ O2-bolt-opt（差异在 ±5% 内）
2026-03-31 20:17:50,820 INFO:     92                Prolangs-C_cdecl    1.0023    1.0122   -0.0099  O2-bolt ≈ O2-bolt-opt（差异在 ±5% 内）
2026-03-31 20:17:50,820 INFO:     93            Prolangs-C_fixoutput    1.0047    0.9965   +0.0082  O2-bolt ≈ O2-bolt-opt（差异在 ±5% 内）
2026-03-31 20:17:50,820 INFO:     94             Prolangs-C_football    1.0043    0.9975   +0.0068  O2-bolt ≈ O2-bolt-opt（差异在 ±5% 内）
2026-03-31 20:17:50,821 INFO:     95                Prolangs-C_gnugo    1.0044    1.0098   -0.0055  O2-bolt ≈ O2-bolt-opt（差异在 ±5% 内）
2026-03-31 20:17:50,821 INFO:     96               Prolangs-C_loader    1.0063    1.0238   -0.0175  O2-bolt ≈ O2-bolt-opt（差异在 ±5% 内）
2026-03-31 20:17:50,821 INFO:     97            Prolangs-C_simulator    1.0068    1.0159   -0.0092  O2-bolt ≈ O2-bolt-opt（差异在 ±5% 内）
2026-03-31 20:17:50,821 INFO:     98           Prolangs-C_unix-smail    1.0035    0.9970   +0.0065  O2-bolt ≈ O2-bolt-opt（差异在 ±5% 内）
2026-03-31 20:17:50,821 INFO:     99             Prolangs-C_unix-tbl    1.0054    1.0225   -0.0171  O2-bolt ≈ O2-bolt-opt（差异在 ±5% 内）
2026-03-31 20:17:50,821 INFO:    100                 Ptrdist_anagram    1.0060    0.9833   +0.0227  O2-bolt ≈ O2-bolt-opt（差异在 ±5% 内）
2026-03-31 20:17:50,822 INFO:    101                      Ptrdist_bc    0.9623    0.9045   +0.0578  O2-bolt ≈ O2-bolt-opt（差异在 ±5% 内）
2026-03-31 20:17:50,822 INFO:    102                      Ptrdist_ft    1.0104    1.0000   +0.0104  O2-bolt ≈ O2-bolt-opt（差异在 ±5% 内）
2026-03-31 20:17:50,822 INFO:    103                      Ptrdist_ks    0.9920    0.9831   +0.0089  O2-bolt ≈ O2-bolt-opt（差异在 ±5% 内）
2026-03-31 20:17:50,822 INFO:    104                   Ptrdist_yacr2    1.0013    1.0938   -0.0925  O2-bolt ≈ O2-bolt-opt（差异在 ±5% 内）
2026-03-31 20:17:50,823 INFO:    105                Rodinia_backprop    1.0178    1.0000   +0.0178  O2-bolt ≈ O2-bolt-opt（差异在 ±5% 内）
2026-03-31 20:17:50,823 INFO:    106                 Rodinia_hotspot    1.0030    0.9923   +0.0107  O2-bolt ≈ O2-bolt-opt（差异在 ±5% 内）
2026-03-31 20:17:50,823 INFO:    107              Rodinia_pathfinder    1.0225    1.0345   -0.0120  O2-bolt ≈ O2-bolt-opt（差异在 ±5% 内）
2026-03-31 20:17:50,823 INFO:    108                    Rodinia_srad    1.0166    1.0000   +0.0166  O2-bolt ≈ O2-bolt-opt（差异在 ±5% 内）
2026-03-31 20:17:50,823 INFO:    109                      SciMark2-C    1.0017    1.0000   +0.0017  O2-bolt ≈ O2-bolt-opt（差异在 ±5% 内）
2026-03-31 20:17:50,824 INFO:    110            TSVC_ControlFlow-dbl    0.9976    1.0000   -0.0024  O2-bolt ≈ O2-bolt-opt（差异在 ±5% 内）
2026-03-31 20:17:50,824 INFO:    111            TSVC_ControlFlow-flt    0.9944    1.0000   -0.0056  O2-bolt ≈ O2-bolt-opt（差异在 ±5% 内）
2026-03-31 20:17:50,824 INFO:    112           TSVC_ControlLoops-dbl    1.0071    1.0000   +0.0071  O2-bolt ≈ O2-bolt-opt（差异在 ±5% 内）
2026-03-31 20:17:50,824 INFO:    113           TSVC_ControlLoops-flt    0.9843    1.0000   -0.0157  O2-bolt ≈ O2-bolt-opt（差异在 ±5% 内）
2026-03-31 20:17:50,824 INFO:    114     TSVC_CrossingThresholds-dbl    1.0049    1.0000   +0.0049  O2-bolt ≈ O2-bolt-opt（差异在 ±5% 内）
2026-03-31 20:17:50,825 INFO:    115     TSVC_CrossingThresholds-flt    0.9999    0.9565   +0.0434  O2-bolt ≈ O2-bolt-opt（差异在 ±5% 内）
2026-03-31 20:17:50,825 INFO:    116          TSVC_Equivalencing-dbl    1.0003    1.0000   +0.0003  O2-bolt ≈ O2-bolt-opt（差异在 ±5% 内）
2026-03-31 20:17:50,825 INFO:    117          TSVC_Equivalencing-flt    0.9889    1.0000   -0.0111  O2-bolt ≈ O2-bolt-opt（差异在 ±5% 内）
2026-03-31 20:17:50,825 INFO:    118              TSVC_Expansion-dbl    0.9961    1.0000   -0.0039  O2-bolt ≈ O2-bolt-opt（差异在 ±5% 内）
2026-03-31 20:17:50,825 INFO:    119              TSVC_Expansion-flt    0.9940    0.9643   +0.0297  O2-bolt ≈ O2-bolt-opt（差异在 ±5% 内）
2026-03-31 20:17:50,825 INFO:    120         TSVC_GlobalDataFlow-dbl    1.0126    1.0000   +0.0126  O2-bolt ≈ O2-bolt-opt（差异在 ±5% 内）
2026-03-31 20:17:50,826 INFO:    121         TSVC_GlobalDataFlow-flt    0.9729    0.9744   -0.0015  O2-bolt ≈ O2-bolt-opt（差异在 ±5% 内）
2026-03-31 20:17:50,826 INFO:    122     TSVC_IndirectAddressing-dbl    1.0102    1.0000   +0.0102  O2-bolt ≈ O2-bolt-opt（差异在 ±5% 内）
2026-03-31 20:17:50,826 INFO:    123     TSVC_IndirectAddressing-flt    0.9989    1.0000   -0.0011  O2-bolt ≈ O2-bolt-opt（差异在 ±5% 内）
2026-03-31 20:17:50,826 INFO:    124      TSVC_InductionVariable-dbl    0.9992    1.0000   -0.0008  O2-bolt ≈ O2-bolt-opt（差异在 ±5% 内）
2026-03-31 20:17:50,826 INFO:    125      TSVC_InductionVariable-flt    0.9952    1.0000   -0.0048  O2-bolt ≈ O2-bolt-opt（差异在 ±5% 内）
2026-03-31 20:17:50,826 INFO:    126       TSVC_LinearDependence-dbl    1.0023    1.0000   +0.0023  O2-bolt ≈ O2-bolt-opt（差异在 ±5% 内）
2026-03-31 20:17:50,826 INFO:    127       TSVC_LinearDependence-flt    0.9938    0.9333   +0.0605  O2-bolt ≈ O2-bolt-opt（差异在 ±5% 内）
2026-03-31 20:17:50,827 INFO:    128          TSVC_LoopRerolling-dbl    1.0019    1.0000   +0.0019  O2-bolt ≈ O2-bolt-opt（差异在 ±5% 内）
2026-03-31 20:17:50,827 INFO:    129          TSVC_LoopRerolling-flt    0.9992    1.0000   -0.0008  O2-bolt ≈ O2-bolt-opt（差异在 ±5% 内）
2026-03-31 20:17:50,827 INFO:    130      TSVC_LoopRestructuring-dbl    0.9979    1.0000   -0.0021  O2-bolt ≈ O2-bolt-opt（差异在 ±5% 内）
2026-03-31 20:17:50,827 INFO:    131      TSVC_LoopRestructuring-flt    0.9961    1.0000   -0.0039  O2-bolt ≈ O2-bolt-opt（差异在 ±5% 内）
2026-03-31 20:17:50,827 INFO:    132          TSVC_NodeSplitting-dbl    0.9962    1.0000   -0.0038  O2-bolt ≈ O2-bolt-opt（差异在 ±5% 内）
2026-03-31 20:17:50,827 INFO:    133          TSVC_NodeSplitting-flt    0.9954    0.9412   +0.0542  O2-bolt ≈ O2-bolt-opt（差异在 ±5% 内）
2026-03-31 20:17:50,828 INFO:    134                TSVC_Packing-dbl    0.9926    1.0000   -0.0074  O2-bolt ≈ O2-bolt-opt（差异在 ±5% 内）
2026-03-31 20:17:50,828 INFO:    135                TSVC_Packing-flt    0.9926    1.3333   -0.3408  O2-bolt ≈ O2-bolt-opt（差异在 ±5% 内）
2026-03-31 20:17:50,828 INFO:    136            TSVC_Recurrences-dbl    0.9861    1.0000   -0.0139  O2-bolt ≈ O2-bolt-opt（差异在 ±5% 内）
2026-03-31 20:17:50,828 INFO:    137            TSVC_Recurrences-flt    0.9856    1.0000   -0.0144  O2-bolt ≈ O2-bolt-opt（差异在 ±5% 内）
2026-03-31 20:17:50,828 INFO:    138             TSVC_Reductions-dbl    1.0074    1.0000   +0.0074  O2-bolt ≈ O2-bolt-opt（差异在 ±5% 内）
2026-03-31 20:17:50,828 INFO:    139             TSVC_Reductions-flt    0.9947    1.0000   -0.0053  O2-bolt ≈ O2-bolt-opt（差异在 ±5% 内）
2026-03-31 20:17:50,828 INFO:    140              TSVC_Searching-dbl    1.0044    1.0000   +0.0044  O2-bolt ≈ O2-bolt-opt（差异在 ±5% 内）
2026-03-31 20:17:50,829 INFO:    141              TSVC_Searching-flt    1.0022    1.0000   +0.0022  O2-bolt ≈ O2-bolt-opt（差异在 ±5% 内）
2026-03-31 20:17:50,829 INFO:    142    TSVC_StatementReordering-dbl    0.9989    1.0000   -0.0011  O2-bolt ≈ O2-bolt-opt（差异在 ±5% 内）
2026-03-31 20:17:50,829 INFO:    143    TSVC_StatementReordering-flt    0.9964    1.0625   -0.0661  O2-bolt ≈ O2-bolt-opt（差异在 ±5% 内）
2026-03-31 20:17:50,829 INFO:    144              TSVC_Symbolics-dbl    1.0066    1.0000   +0.0066  O2-bolt ≈ O2-bolt-opt（差异在 ±5% 内）
2026-03-31 20:17:50,829 INFO:    145              TSVC_Symbolics-flt    1.0007    0.9444   +0.0562  O2-bolt ≈ O2-bolt-opt（差异在 ±5% 内）
2026-03-31 20:17:50,829 INFO:    146               Trimaran_enc-3des    1.0038    1.0000   +0.0038  O2-bolt ≈ O2-bolt-opt（差异在 ±5% 内）
2026-03-31 20:17:50,830 INFO:    147                Trimaran_enc-md5    1.0064    1.0000   +0.0064  O2-bolt ≈ O2-bolt-opt（差异在 ±5% 内）
2026-03-31 20:17:50,830 INFO:    148                Trimaran_enc-pc1    1.0043    1.0000   +0.0043  O2-bolt ≈ O2-bolt-opt（差异在 ±5% 内）
2026-03-31 20:17:50,830 INFO:    149                Trimaran_enc-rc4    1.0008    0.9796   +0.0212  O2-bolt ≈ O2-bolt-opt（差异在 ±5% 内）
2026-03-31 20:17:50,830 INFO:    150           Trimaran_netbench-crc    1.0075    1.0000   +0.0075  O2-bolt ≈ O2-bolt-opt（差异在 ±5% 内）
2026-03-31 20:17:50,830 INFO:    151           Trimaran_netbench-url    1.0035    1.0000   +0.0035  O2-bolt ≈ O2-bolt-opt（差异在 ±5% 内）
2026-03-31 20:17:50,830 INFO:    152                VersaBench_8b10b    1.0014    1.0000   +0.0014  O2-bolt ≈ O2-bolt-opt（差异在 ±5% 内）
2026-03-31 20:17:50,831 INFO:    153           VersaBench_beamformer    1.0052    1.1296   -0.1244  O2-bolt ≈ O2-bolt-opt（差异在 ±5% 内）
2026-03-31 20:17:50,831 INFO:    154                  VersaBench_bmm    1.0008    1.0000   +0.0008  O2-bolt ≈ O2-bolt-opt（差异在 ±5% 内）
2026-03-31 20:17:50,831 INFO:    155                 VersaBench_dbms    0.9976    1.0000   -0.0024  O2-bolt ≈ O2-bolt-opt（差异在 ±5% 内）
2026-03-31 20:17:50,831 INFO:    156               VersaBench_ecbdes    1.0067    1.0000   +0.0067  O2-bolt ≈ O2-bolt-opt（差异在 ±5% 内）
2026-03-31 20:17:50,831 INFO:    157                    llubenchmark    1.0004    1.0000   +0.0004  O2-bolt ≈ O2-bolt-opt（差异在 ±5% 内）
2026-03-31 20:17:50,831 INFO:    158                           mafft    1.0030    1.0000   +0.0030  O2-bolt ≈ O2-bolt-opt（差异在 ±5% 内）
2026-03-31 20:17:50,831 INFO:    159      mediabench_adpcm_rawcaudio    1.0035    0.9970   +0.0065  O2-bolt ≈ O2-bolt-opt（差异在 ±5% 内）
2026-03-31 20:17:50,832 INFO:    160      mediabench_adpcm_rawdaudio    1.0069    0.9908   +0.0161  O2-bolt ≈ O2-bolt-opt（差异在 ±5% 内）
2026-03-31 20:17:50,832 INFO:    161      mediabench_g721_g721encode    0.9993    0.9828   +0.0166  O2-bolt ≈ O2-bolt-opt（差异在 ±5% 内）
2026-03-31 20:17:50,832 INFO:    162            mediabench_gsm_toast    1.0067    1.0302   -0.0236  O2-bolt ≈ O2-bolt-opt（差异在 ±5% 内）
2026-03-31 20:17:50,832 INFO:    163       mediabench_mpeg2_mpeg2dec    0.9973    0.9592   +0.0382  O2-bolt ≈ O2-bolt-opt（差异在 ±5% 内）
2026-03-31 20:17:50,832 INFO:    164                          nbench    1.0118    1.0312   -0.0194  O2-bolt ≈ O2-bolt-opt（差异在 ±5% 内）
2026-03-31 20:17:50,833 INFO:    165                      tramp3d-v4    1.0132    0.9896   +0.0236  O2-bolt ≈ O2-bolt-opt（差异在 ±5% 内）
2026-03-31 20:17:50,833 INFO: 
  ── 验证指标 ──
2026-03-31 20:17:50,833 INFO:   MAE  = 0.0229
2026-03-31 20:17:50,833 INFO:   MSE  = 0.0039
2026-03-31 20:17:50,833 INFO:   RMSE = 0.0623
2026-03-31 20:17:50,833 INFO:   方向准确率 = 99/165 (60.0%)
2026-03-31 20:17:50,834 INFO:   预测 O2-bolt 更优: 109/165  (真实: 43/165)
2026-03-31 20:17:50,834 INFO:   方向准确率（排除 ±5%）= 11/18 (61.1%)
2026-03-31 20:17:50,937 INFO: 已应用 exp() 变换（log-target 模式）
2026-03-31 20:17:50,937 INFO: ========================================================================
2026-03-31 20:17:50,937 INFO: 版本对: O3-bolt_vs_O3-bolt-opt  (O3-bolt vs O3-bolt-opt)  共 161 个程序
2026-03-31 20:17:50,937 INFO: 标签模式: fixed_time
2026-03-31 20:17:50,938 INFO: 标签定义: Y = N_v1 / N_v2 (throughput ratio in a fixed window)
2026-03-31 20:17:50,938 INFO: 判定方向: Y > 1 视为 O3-bolt 更快，Y < 1 视为 O3-bolt-opt 更快
2026-03-31 20:17:50,938 INFO: ========================================================================
2026-03-31 20:17:50,938 INFO:      #                              程序      预测 Ŷ      真实 Y        误差  判断
2026-03-31 20:17:50,938 INFO:   ------------------------------------------------------------------------
2026-03-31 20:17:50,938 INFO:      1                            7zip    1.0019    1.0000   +0.0019  O3-bolt ≈ O3-bolt-opt（差异在 ±5% 内）
2026-03-31 20:17:50,939 INFO:      2             ASCI_Purple_SMG2000    1.0186    1.0000   +0.0186  O3-bolt ≈ O3-bolt-opt（差异在 ±5% 内）
2026-03-31 20:17:50,939 INFO:      3               ASC_Sequoia_AMGmk    0.9998    1.0000   -0.0002  O3-bolt ≈ O3-bolt-opt（差异在 ±5% 内）
2026-03-31 20:17:50,939 INFO:      4           ASC_Sequoia_CrystalMk    1.0104    1.0000   +0.0104  O3-bolt ≈ O3-bolt-opt（差异在 ±5% 内）
2026-03-31 20:17:50,939 INFO:      5               ASC_Sequoia_IRSmk    1.0015    1.0000   +0.0015  O3-bolt ≈ O3-bolt-opt（差异在 ±5% 内）
2026-03-31 20:17:50,939 INFO:      6                  BitBench_drop3    0.9928    0.9341   +0.0587  O3-bolt ≈ O3-bolt-opt（差异在 ±5% 内）
2026-03-31 20:17:50,939 INFO:      7                 BitBench_five11    0.9995    0.9500   +0.0495  O3-bolt ≈ O3-bolt-opt（差异在 ±5% 内）
2026-03-31 20:17:50,940 INFO:      8               BitBench_uudecode    1.0042    1.7186   -0.7144  O3-bolt ≈ O3-bolt-opt（差异在 ±5% 内）
2026-03-31 20:17:50,940 INFO:      9               BitBench_uuencode    1.0024    1.0052   -0.0027  O3-bolt ≈ O3-bolt-opt（差异在 ±5% 内）
2026-03-31 20:17:50,940 INFO:     10                          Bullet    1.0029    1.0000   +0.0029  O3-bolt ≈ O3-bolt-opt（差异在 ±5% 内）
2026-03-31 20:17:50,940 INFO:     11         DOE-ProxyApps-C++_CLAMR    1.0044    1.0000   +0.0044  O3-bolt ≈ O3-bolt-opt（差异在 ±5% 内）
2026-03-31 20:17:50,940 INFO:     12   DOE-ProxyApps-C++_HACCKernels    1.0057    1.0000   +0.0057  O3-bolt ≈ O3-bolt-opt（差异在 ±5% 内）
2026-03-31 20:17:50,940 INFO:     13         DOE-ProxyApps-C++_HPCCG    0.9840    1.0000   -0.0160  O3-bolt ≈ O3-bolt-opt（差异在 ±5% 内）
2026-03-31 20:17:50,940 INFO:     14       DOE-ProxyApps-C++_PENNANT    1.0033    1.0000   +0.0033  O3-bolt ≈ O3-bolt-opt（差异在 ±5% 内）
2026-03-31 20:17:50,941 INFO:     15        DOE-ProxyApps-C++_miniFE    1.0128    1.0000   +0.0128  O3-bolt ≈ O3-bolt-opt（差异在 ±5% 内）
2026-03-31 20:17:50,941 INFO:     16            DOE-ProxyApps-C_CoMD    1.0073    0.9200   +0.0873  O3-bolt ≈ O3-bolt-opt（差异在 ±5% 内）
2026-03-31 20:17:50,941 INFO:     17      DOE-ProxyApps-C_Pathfinder    1.0111    1.0667   -0.0556  O3-bolt ≈ O3-bolt-opt（差异在 ±5% 内）
2026-03-31 20:17:50,941 INFO:     18         DOE-ProxyApps-C_RSBench    0.9955    1.0000   -0.0045  O3-bolt ≈ O3-bolt-opt（差异在 ±5% 内）
2026-03-31 20:17:50,941 INFO:     19       DOE-ProxyApps-C_SimpleMOC    1.0038    0.9697   +0.0341  O3-bolt ≈ O3-bolt-opt（差异在 ±5% 内）
2026-03-31 20:17:50,941 INFO:     20         DOE-ProxyApps-C_XSBench    0.9709    0.9375   +0.0334  O3-bolt ≈ O3-bolt-opt（差异在 ±5% 内）
2026-03-31 20:17:50,941 INFO:     21         DOE-ProxyApps-C_miniAMR    0.9826    1.0000   -0.0174  O3-bolt ≈ O3-bolt-opt（差异在 ±5% 内）
2026-03-31 20:17:50,942 INFO:     22         DOE-ProxyApps-C_miniGMG    0.9809    1.0000   -0.0191  O3-bolt ≈ O3-bolt-opt（差异在 ±5% 内）
2026-03-31 20:17:50,942 INFO:     23                     Fhourstones    1.0023    1.0370   -0.0347  O3-bolt ≈ O3-bolt-opt（差异在 ±5% 内）
2026-03-31 20:17:50,942 INFO:     24                 Fhourstones-3.1    1.0020    1.0857   -0.0837  O3-bolt ≈ O3-bolt-opt（差异在 ±5% 内）
2026-03-31 20:17:50,942 INFO:     25              FreeBench_analyzer    0.9983    0.9962   +0.0021  O3-bolt ≈ O3-bolt-opt（差异在 ±5% 内）
2026-03-31 20:17:50,942 INFO:     26               FreeBench_distray    0.9955    1.0000   -0.0045  O3-bolt ≈ O3-bolt-opt（差异在 ±5% 内）
2026-03-31 20:17:50,942 INFO:     27            FreeBench_fourinarow    1.0029    1.0000   +0.0029  O3-bolt ≈ O3-bolt-opt（差异在 ±5% 内）
2026-03-31 20:17:50,942 INFO:     28                 FreeBench_mason    0.9941    0.9847   +0.0095  O3-bolt ≈ O3-bolt-opt（差异在 ±5% 内）
2026-03-31 20:17:50,942 INFO:     29                FreeBench_neural    1.0062    1.0109   -0.0047  O3-bolt ≈ O3-bolt-opt（差异在 ±5% 内）
2026-03-31 20:17:50,943 INFO:     30            FreeBench_pcompress2    1.0004    1.0060   -0.0057  O3-bolt ≈ O3-bolt-opt（差异在 ±5% 内）
2026-03-31 20:17:50,943 INFO:     31                 FreeBench_pifft    1.0065    1.0127   -0.0062  O3-bolt ≈ O3-bolt-opt（差异在 ±5% 内）
2026-03-31 20:17:50,943 INFO:     32               MallocBench_cfrac    0.9908    0.9811   +0.0096  O3-bolt ≈ O3-bolt-opt（差异在 ±5% 内）
2026-03-31 20:17:50,943 INFO:     33            MallocBench_espresso    0.9985    1.0179   -0.0194  O3-bolt ≈ O3-bolt-opt（差异在 ±5% 内）
2026-03-31 20:17:50,943 INFO:     34                  MallocBench_gs    0.9900    0.9430   +0.0470  O3-bolt ≈ O3-bolt-opt（差异在 ±5% 内）
2026-03-31 20:17:50,943 INFO:     35                 McCat_01-qbsort    1.0018    0.9774   +0.0245  O3-bolt ≈ O3-bolt-opt（差异在 ±5% 内）
2026-03-31 20:17:50,943 INFO:     36                 McCat_04-bisect    0.9960    1.1034   -0.1074  O3-bolt ≈ O3-bolt-opt（差异在 ±5% 内）
2026-03-31 20:17:50,943 INFO:     37                   McCat_08-main    1.0083    1.0000   +0.0083  O3-bolt ≈ O3-bolt-opt（差异在 ±5% 内）
2026-03-31 20:17:50,944 INFO:     38                    McCat_09-vor    0.9995    1.0160   -0.0165  O3-bolt ≈ O3-bolt-opt（差异在 ±5% 内）
2026-03-31 20:17:50,944 INFO:     39                 McCat_12-IOtest    1.0030    0.9932   +0.0098  O3-bolt ≈ O3-bolt-opt（差异在 ±5% 内）
2026-03-31 20:17:50,944 INFO:     40                   McCat_15-trie    1.0028    1.0226   -0.0198  O3-bolt ≈ O3-bolt-opt（差异在 ±5% 内）
2026-03-31 20:17:50,944 INFO:     41                  McCat_17-bintr    1.0008    1.0000   +0.0008  O3-bolt ≈ O3-bolt-opt（差异在 ±5% 内）
2026-03-31 20:17:50,944 INFO:     42                    McCat_18-imp    1.0018    1.0995   -0.0977  O3-bolt ≈ O3-bolt-opt（差异在 ±5% 内）
2026-03-31 20:17:50,944 INFO:     43    MiBench_automotive-basicmath    0.9947    1.0000   -0.0053  O3-bolt ≈ O3-bolt-opt（差异在 ±5% 内）
2026-03-31 20:17:50,944 INFO:     44     MiBench_automotive-bitcount    0.9983    0.9655   +0.0328  O3-bolt ≈ O3-bolt-opt（差异在 ±5% 内）
2026-03-31 20:17:50,945 INFO:     45        MiBench_automotive-susan    1.0006    0.9868   +0.0137  O3-bolt ≈ O3-bolt-opt（差异在 ±5% 内）
2026-03-31 20:17:50,945 INFO:     46           MiBench_consumer-jpeg    1.0027    0.9872   +0.0155  O3-bolt ≈ O3-bolt-opt（差异在 ±5% 内）
2026-03-31 20:17:50,945 INFO:     47           MiBench_consumer-lame    1.0118    0.9880   +0.0239  O3-bolt ≈ O3-bolt-opt（差异在 ±5% 内）
2026-03-31 20:17:50,945 INFO:     48        MiBench_consumer-typeset    1.0013    0.9886   +0.0127  O3-bolt ≈ O3-bolt-opt（差异在 ±5% 内）
2026-03-31 20:17:50,945 INFO:     49        MiBench_network-dijkstra    1.0068    0.9219   +0.0849  O3-bolt ≈ O3-bolt-opt（差异在 ±5% 内）
2026-03-31 20:17:50,945 INFO:     50        MiBench_network-patricia    0.9892    0.9957   -0.0065  O3-bolt ≈ O3-bolt-opt（差异在 ±5% 内）
2026-03-31 20:17:50,945 INFO:     51           MiBench_office-ispell    1.0069    1.0066   +0.0003  O3-bolt ≈ O3-bolt-opt（差异在 ±5% 内）
2026-03-31 20:17:50,945 INFO:     52     MiBench_office-stringsearch    1.0052    1.0157   -0.0105  O3-bolt ≈ O3-bolt-opt（差异在 ±5% 内）
2026-03-31 20:17:50,946 INFO:     53       MiBench_security-rijndael    0.9992    1.0591   -0.0599  O3-bolt ≈ O3-bolt-opt（差异在 ±5% 内）
2026-03-31 20:17:50,946 INFO:     54            MiBench_security-sha    1.0033    1.0075   -0.0042  O3-bolt ≈ O3-bolt-opt（差异在 ±5% 内）
2026-03-31 20:17:50,946 INFO:     55          MiBench_telecomm-CRC32    0.9823    1.0069   -0.0246  O3-bolt ≈ O3-bolt-opt（差异在 ±5% 内）
2026-03-31 20:17:50,946 INFO:     56            MiBench_telecomm-FFT    1.0006    0.9969   +0.0036  O3-bolt ≈ O3-bolt-opt（差异在 ±5% 内）
2026-03-31 20:17:50,946 INFO:     57          MiBench_telecomm-adpcm    1.0074    0.9976   +0.0099  O3-bolt ≈ O3-bolt-opt（差异在 ±5% 内）
2026-03-31 20:17:50,946 INFO:     58            MiBench_telecomm-gsm    1.0108    0.9928   +0.0180  O3-bolt ≈ O3-bolt-opt（差异在 ±5% 内）
2026-03-31 20:17:50,947 INFO:     59                   NPB-serial_is    1.0032    1.0000   +0.0032  O3-bolt ≈ O3-bolt-opt（差异在 ±5% 内）
2026-03-31 20:17:50,947 INFO:     60                        Olden_bh    1.0046    1.0000   +0.0046  O3-bolt ≈ O3-bolt-opt（差异在 ±5% 内）
2026-03-31 20:17:50,947 INFO:     61                    Olden_bisort    1.0005    0.9891   +0.0114  O3-bolt ≈ O3-bolt-opt（差异在 ±5% 内）
2026-03-31 20:17:50,947 INFO:     62                      Olden_em3d    1.0162    1.6429   -0.6266  O3-bolt ≈ O3-bolt-opt（差异在 ±5% 内）
2026-03-31 20:17:50,947 INFO:     63                    Olden_health    0.9992    1.0000   -0.0008  O3-bolt ≈ O3-bolt-opt（差异在 ±5% 内）
2026-03-31 20:17:50,947 INFO:     64                       Olden_mst    1.0151    1.0020   +0.0131  O3-bolt ≈ O3-bolt-opt（差异在 ±5% 内）
2026-03-31 20:17:50,947 INFO:     65                 Olden_perimeter    0.9964    0.9912   +0.0053  O3-bolt ≈ O3-bolt-opt（差异在 ±5% 内）
2026-03-31 20:17:50,948 INFO:     66                     Olden_power    0.9849    0.9870   -0.0021  O3-bolt ≈ O3-bolt-opt（差异在 ±5% 内）
2026-03-31 20:17:50,948 INFO:     67                   Olden_treeadd    0.9998    1.0049   -0.0051  O3-bolt ≈ O3-bolt-opt（差异在 ±5% 内）
2026-03-31 20:17:50,948 INFO:     68                       Olden_tsp    1.0008    1.0115   -0.0107  O3-bolt ≈ O3-bolt-opt（差异在 ±5% 内）
2026-03-31 20:17:50,948 INFO:     69                   Olden_voronoi    0.9990    1.0061   -0.0070  O3-bolt ≈ O3-bolt-opt（差异在 ±5% 内）
2026-03-31 20:17:50,948 INFO:     70                           PAQ8p    1.0142    1.0000   +0.0142  O3-bolt ≈ O3-bolt-opt（差异在 ±5% 内）
2026-03-31 20:17:50,949 INFO:     71                 Prolangs-C++_NP    1.0026    1.0239   -0.0213  O3-bolt ≈ O3-bolt-opt（差异在 ±5% 内）
2026-03-31 20:17:50,949 INFO:     72             Prolangs-C++_deriv1    1.0025    1.0014   +0.0011  O3-bolt ≈ O3-bolt-opt（差异在 ±5% 内）
2026-03-31 20:17:50,949 INFO:     73             Prolangs-C++_deriv2    1.0026    1.0078   -0.0052  O3-bolt ≈ O3-bolt-opt（差异在 ±5% 内）
2026-03-31 20:17:50,949 INFO:     74             Prolangs-C++_employ    1.0017    1.0104   -0.0087  O3-bolt ≈ O3-bolt-opt（差异在 ±5% 内）
2026-03-31 20:17:50,949 INFO:     75                Prolangs-C++_fsm    1.0027    1.0083   -0.0056  O3-bolt ≈ O3-bolt-opt（差异在 ±5% 内）
2026-03-31 20:17:50,950 INFO:     76             Prolangs-C++_garage    1.0026    1.0093   -0.0067  O3-bolt ≈ O3-bolt-opt（差异在 ±5% 内）
2026-03-31 20:17:50,950 INFO:     77               Prolangs-C++_life    0.9992    1.0286   -0.0294  O3-bolt ≈ O3-bolt-opt（差异在 ±5% 内）
2026-03-31 20:17:50,950 INFO:     78            Prolangs-C++_objects    1.0027    1.0146   -0.0119  O3-bolt ≈ O3-bolt-opt（差异在 ±5% 内）
2026-03-31 20:17:50,950 INFO:     79              Prolangs-C++_ocean    1.0015    0.9920   +0.0095  O3-bolt ≈ O3-bolt-opt（差异在 ±5% 内）
2026-03-31 20:17:50,950 INFO:     80             Prolangs-C++_office    1.0023    0.9976   +0.0046  O3-bolt ≈ O3-bolt-opt（差异在 ±5% 内）
2026-03-31 20:17:50,950 INFO:     81             Prolangs-C++_primes    1.0044    0.9521   +0.0524  O3-bolt ≈ O3-bolt-opt（差异在 ±5% 内）
2026-03-31 20:17:50,951 INFO:     82             Prolangs-C++_shapes    1.0024    1.0009   +0.0015  O3-bolt ≈ O3-bolt-opt（差异在 ±5% 内）
2026-03-31 20:17:50,951 INFO:     83              Prolangs-C++_simul    1.0017    0.9927   +0.0090  O3-bolt ≈ O3-bolt-opt（差异在 ±5% 内）
2026-03-31 20:17:50,951 INFO:     84              Prolangs-C++_trees    1.0024    1.0263   -0.0239  O3-bolt ≈ O3-bolt-opt（差异在 ±5% 内）
2026-03-31 20:17:50,951 INFO:     85         Prolangs-C_TimberWolfMC    1.0059    1.0175   -0.0116  O3-bolt ≈ O3-bolt-opt（差异在 ±5% 内）
2026-03-31 20:17:50,951 INFO:     86                Prolangs-C_agrep    1.0022    1.0310   -0.0288  O3-bolt ≈ O3-bolt-opt（差异在 ±5% 内）
2026-03-31 20:17:50,951 INFO:     87             Prolangs-C_allroots    1.0061    1.0128   -0.0066  O3-bolt ≈ O3-bolt-opt（差异在 ±5% 内）
2026-03-31 20:17:50,952 INFO:     88        Prolangs-C_archie-client    1.0040    1.0116   -0.0076  O3-bolt ≈ O3-bolt-opt（差异在 ±5% 内）
2026-03-31 20:17:50,952 INFO:     89                Prolangs-C_bison    0.9994    0.9933   +0.0060  O3-bolt ≈ O3-bolt-opt（差异在 ±5% 内）
2026-03-31 20:17:50,952 INFO:     90                Prolangs-C_cdecl    1.0020    1.0133   -0.0113  O3-bolt ≈ O3-bolt-opt（差异在 ±5% 内）
2026-03-31 20:17:50,952 INFO:     91             Prolangs-C_football    1.0043    1.0212   -0.0169  O3-bolt ≈ O3-bolt-opt（差异在 ±5% 内）
2026-03-31 20:17:50,952 INFO:     92                Prolangs-C_gnugo    0.9833    1.0174   -0.0340  O3-bolt ≈ O3-bolt-opt（差异在 ±5% 内）
2026-03-31 20:17:50,952 INFO:     93           Prolangs-C_unix-smail    1.0031    1.0062   -0.0031  O3-bolt ≈ O3-bolt-opt（差异在 ±5% 内）
2026-03-31 20:17:50,953 INFO:     94             Prolangs-C_unix-tbl    1.0041    1.0171   -0.0129  O3-bolt ≈ O3-bolt-opt（差异在 ±5% 内）
2026-03-31 20:17:50,953 INFO:     95                 Ptrdist_anagram    1.0077    0.9833   +0.0243  O3-bolt ≈ O3-bolt-opt（差异在 ±5% 内）
2026-03-31 20:17:50,953 INFO:     96                      Ptrdist_bc    0.9688    0.9161   +0.0527  O3-bolt ≈ O3-bolt-opt（差异在 ±5% 内）
2026-03-31 20:17:50,953 INFO:     97                      Ptrdist_ft    1.0100    1.0200   -0.0100  O3-bolt ≈ O3-bolt-opt（差异在 ±5% 内）
2026-03-31 20:17:50,953 INFO:     98                      Ptrdist_ks    0.9913    0.8507   +0.1405  O3-bolt ≈ O3-bolt-opt（差异在 ±5% 内）
2026-03-31 20:17:50,953 INFO:     99                   Ptrdist_yacr2    1.0020    1.0833   -0.0813  O3-bolt ≈ O3-bolt-opt（差异在 ±5% 内）
2026-03-31 20:17:50,954 INFO:    100                Rodinia_backprop    1.0273    1.0000   +0.0273  O3-bolt ≈ O3-bolt-opt（差异在 ±5% 内）
2026-03-31 20:17:50,954 INFO:    101                 Rodinia_hotspot    0.9824    1.0039   -0.0215  O3-bolt ≈ O3-bolt-opt（差异在 ±5% 内）
2026-03-31 20:17:50,954 INFO:    102              Rodinia_pathfinder    1.0241    1.0000   +0.0241  O3-bolt ≈ O3-bolt-opt（差异在 ±5% 内）
2026-03-31 20:17:50,954 INFO:    103                    Rodinia_srad    1.0122    1.0110   +0.0012  O3-bolt ≈ O3-bolt-opt（差异在 ±5% 内）
2026-03-31 20:17:50,954 INFO:    104                      SciMark2-C    1.0039    1.0000   +0.0039  O3-bolt ≈ O3-bolt-opt（差异在 ±5% 内）
2026-03-31 20:17:50,954 INFO:    105            TSVC_ControlFlow-dbl    0.9975    1.0000   -0.0025  O3-bolt ≈ O3-bolt-opt（差异在 ±5% 内）
2026-03-31 20:17:50,954 INFO:    106            TSVC_ControlFlow-flt    0.9955    1.0667   -0.0712  O3-bolt ≈ O3-bolt-opt（差异在 ±5% 内）
2026-03-31 20:17:50,955 INFO:    107           TSVC_ControlLoops-dbl    0.9801    1.0000   -0.0199  O3-bolt ≈ O3-bolt-opt（差异在 ±5% 内）
2026-03-31 20:17:50,955 INFO:    108           TSVC_ControlLoops-flt    0.9774    1.0000   -0.0226  O3-bolt ≈ O3-bolt-opt（差异在 ±5% 内）
2026-03-31 20:17:50,955 INFO:    109     TSVC_CrossingThresholds-dbl    0.9983    1.0000   -0.0017  O3-bolt ≈ O3-bolt-opt（差异在 ±5% 内）
2026-03-31 20:17:50,955 INFO:    110     TSVC_CrossingThresholds-flt    1.0001    1.0000   +0.0001  O3-bolt ≈ O3-bolt-opt（差异在 ±5% 内）
2026-03-31 20:17:50,955 INFO:    111          TSVC_Equivalencing-dbl    0.9933    1.0000   -0.0067  O3-bolt ≈ O3-bolt-opt（差异在 ±5% 内）
2026-03-31 20:17:50,955 INFO:    112          TSVC_Equivalencing-flt    0.9928    1.0128   -0.0200  O3-bolt ≈ O3-bolt-opt（差异在 ±5% 内）
2026-03-31 20:17:50,955 INFO:    113              TSVC_Expansion-dbl    0.9943    1.0000   -0.0057  O3-bolt ≈ O3-bolt-opt（差异在 ±5% 内）
2026-03-31 20:17:50,956 INFO:    114              TSVC_Expansion-flt    0.9927    1.0385   -0.0457  O3-bolt ≈ O3-bolt-opt（差异在 ±5% 内）
2026-03-31 20:17:50,956 INFO:    115         TSVC_GlobalDataFlow-dbl    0.9918    1.0000   -0.0082  O3-bolt ≈ O3-bolt-opt（差异在 ±5% 内）
2026-03-31 20:17:50,956 INFO:    116         TSVC_GlobalDataFlow-flt    0.9784    1.0000   -0.0216  O3-bolt ≈ O3-bolt-opt（差异在 ±5% 内）
2026-03-31 20:17:50,956 INFO:    117     TSVC_IndirectAddressing-dbl    0.9977    0.9231   +0.0746  O3-bolt ≈ O3-bolt-opt（差异在 ±5% 内）
2026-03-31 20:17:50,956 INFO:    118     TSVC_IndirectAddressing-flt    0.9993    0.9231   +0.0762  O3-bolt ≈ O3-bolt-opt（差异在 ±5% 内）
2026-03-31 20:17:50,956 INFO:    119      TSVC_InductionVariable-dbl    0.9979    1.0909   -0.0930  O3-bolt ≈ O3-bolt-opt（差异在 ±5% 内）
2026-03-31 20:17:50,956 INFO:    120      TSVC_InductionVariable-flt    0.9954    1.0000   -0.0046  O3-bolt ≈ O3-bolt-opt（差异在 ±5% 内）
2026-03-31 20:17:50,957 INFO:    121       TSVC_LinearDependence-dbl    0.9986    1.0000   -0.0014  O3-bolt ≈ O3-bolt-opt（差异在 ±5% 内）
2026-03-31 20:17:50,957 INFO:    122       TSVC_LinearDependence-flt    0.9917    0.9310   +0.0607  O3-bolt ≈ O3-bolt-opt（差异在 ±5% 内）
2026-03-31 20:17:50,957 INFO:    123          TSVC_LoopRerolling-dbl    0.9976    1.0000   -0.0024  O3-bolt ≈ O3-bolt-opt（差异在 ±5% 内）
2026-03-31 20:17:50,957 INFO:    124          TSVC_LoopRerolling-flt    0.9993    1.0000   -0.0007  O3-bolt ≈ O3-bolt-opt（差异在 ±5% 内）
2026-03-31 20:17:50,957 INFO:    125      TSVC_LoopRestructuring-dbl    0.9989    1.0000   -0.0011  O3-bolt ≈ O3-bolt-opt（差异在 ±5% 内）
2026-03-31 20:17:50,957 INFO:    126      TSVC_LoopRestructuring-flt    0.9955    1.0000   -0.0045  O3-bolt ≈ O3-bolt-opt（差异在 ±5% 内）
2026-03-31 20:17:50,957 INFO:    127          TSVC_NodeSplitting-dbl    0.9966    0.9231   +0.0735  O3-bolt ≈ O3-bolt-opt（差异在 ±5% 内）
2026-03-31 20:17:50,958 INFO:    128          TSVC_NodeSplitting-flt    0.9982    1.0667   -0.0684  O3-bolt ≈ O3-bolt-opt（差异在 ±5% 内）
2026-03-31 20:17:50,958 INFO:    129                TSVC_Packing-dbl    0.9939    1.2727   -0.2788  O3-bolt ≈ O3-bolt-opt（差异在 ±5% 内）
2026-03-31 20:17:50,958 INFO:    130                TSVC_Packing-flt    0.9952    1.2500   -0.2548  O3-bolt ≈ O3-bolt-opt（差异在 ±5% 内）
2026-03-31 20:17:50,958 INFO:    131            TSVC_Recurrences-dbl    0.9872    1.0000   -0.0128  O3-bolt ≈ O3-bolt-opt（差异在 ±5% 内）
2026-03-31 20:17:50,958 INFO:    132            TSVC_Recurrences-flt    0.9826    1.0000   -0.0174  O3-bolt ≈ O3-bolt-opt（差异在 ±5% 内）
2026-03-31 20:17:50,958 INFO:    133             TSVC_Reductions-dbl    0.9970    1.0000   -0.0030  O3-bolt ≈ O3-bolt-opt（差异在 ±5% 内）
2026-03-31 20:17:50,958 INFO:    134             TSVC_Reductions-flt    0.9991    1.0000   -0.0009  O3-bolt ≈ O3-bolt-opt（差异在 ±5% 内）
2026-03-31 20:17:50,958 INFO:    135              TSVC_Searching-dbl    1.0001    1.0000   +0.0001  O3-bolt ≈ O3-bolt-opt（差异在 ±5% 内）
2026-03-31 20:17:50,959 INFO:    136              TSVC_Searching-flt    0.9993    1.0000   -0.0007  O3-bolt ≈ O3-bolt-opt（差异在 ±5% 内）
2026-03-31 20:17:50,959 INFO:    137    TSVC_StatementReordering-dbl    0.9952    1.0000   -0.0048  O3-bolt ≈ O3-bolt-opt（差异在 ±5% 内）
2026-03-31 20:17:50,959 INFO:    138    TSVC_StatementReordering-flt    0.9967    1.0000   -0.0033  O3-bolt ≈ O3-bolt-opt（差异在 ±5% 内）
2026-03-31 20:17:50,959 INFO:    139              TSVC_Symbolics-dbl    0.9998    0.9474   +0.0524  O3-bolt ≈ O3-bolt-opt（差异在 ±5% 内）
2026-03-31 20:17:50,959 INFO:    140              TSVC_Symbolics-flt    0.9975    0.9189   +0.0786  O3-bolt ≈ O3-bolt-opt（差异在 ±5% 内）
2026-03-31 20:17:50,959 INFO:    141               Trimaran_enc-3des    1.0018    1.0435   -0.0416  O3-bolt ≈ O3-bolt-opt（差异在 ±5% 内）
2026-03-31 20:17:50,959 INFO:    142                Trimaran_enc-md5    1.0038    1.0000   +0.0038  O3-bolt ≈ O3-bolt-opt（差异在 ±5% 内）
2026-03-31 20:17:50,960 INFO:    143                Trimaran_enc-pc1    1.0064    1.0000   +0.0064  O3-bolt ≈ O3-bolt-opt（差异在 ±5% 内）
2026-03-31 20:17:50,960 INFO:    144                Trimaran_enc-rc4    1.0026    1.0000   +0.0026  O3-bolt ≈ O3-bolt-opt（差异在 ±5% 内）
2026-03-31 20:17:50,960 INFO:    145           Trimaran_netbench-crc    1.0046    1.0000   +0.0046  O3-bolt ≈ O3-bolt-opt（差异在 ±5% 内）
2026-03-31 20:17:50,960 INFO:    146           Trimaran_netbench-url    1.0036    1.0000   +0.0036  O3-bolt ≈ O3-bolt-opt（差异在 ±5% 内）
2026-03-31 20:17:50,960 INFO:    147                VersaBench_8b10b    1.0025    0.8889   +0.1136  O3-bolt ≈ O3-bolt-opt（差异在 ±5% 内）
2026-03-31 20:17:50,960 INFO:    148           VersaBench_beamformer    1.0018    1.0000   +0.0018  O3-bolt ≈ O3-bolt-opt（差异在 ±5% 内）
2026-03-31 20:17:50,960 INFO:    149                  VersaBench_bmm    1.0006    1.0000   +0.0006  O3-bolt ≈ O3-bolt-opt（差异在 ±5% 内）
2026-03-31 20:17:50,961 INFO:    150                 VersaBench_dbms    0.9972    1.0000   -0.0028  O3-bolt ≈ O3-bolt-opt（差异在 ±5% 内）
2026-03-31 20:17:50,961 INFO:    151               VersaBench_ecbdes    1.0098    1.0000   +0.0098  O3-bolt ≈ O3-bolt-opt（差异在 ±5% 内）
2026-03-31 20:17:50,961 INFO:    152                    llubenchmark    1.0019    1.0000   +0.0019  O3-bolt ≈ O3-bolt-opt（差异在 ±5% 内）
2026-03-31 20:17:50,961 INFO:    153                           mafft    1.0021    1.0000   +0.0021  O3-bolt ≈ O3-bolt-opt（差异在 ±5% 内）
2026-03-31 20:17:50,961 INFO:    154      mediabench_adpcm_rawcaudio    1.0039    1.0070   -0.0031  O3-bolt ≈ O3-bolt-opt（差异在 ±5% 内）
2026-03-31 20:17:50,961 INFO:    155      mediabench_adpcm_rawdaudio    1.0063    1.0166   -0.0103  O3-bolt ≈ O3-bolt-opt（差异在 ±5% 内）
2026-03-31 20:17:50,961 INFO:    156      mediabench_g721_g721encode    0.9949    0.9961   -0.0012  O3-bolt ≈ O3-bolt-opt（差异在 ±5% 内）
2026-03-31 20:17:50,962 INFO:    157            mediabench_gsm_toast    1.0071    0.9990   +0.0081  O3-bolt ≈ O3-bolt-opt（差异在 ±5% 内）
2026-03-31 20:17:50,962 INFO:    158         mediabench_jpeg_jpeg-6a    1.0029    1.0196   -0.0168  O3-bolt ≈ O3-bolt-opt（差异在 ±5% 内）
2026-03-31 20:17:50,962 INFO:    159       mediabench_mpeg2_mpeg2dec    0.9904    0.9586   +0.0318  O3-bolt ≈ O3-bolt-opt（差异在 ±5% 内）
2026-03-31 20:17:50,962 INFO:    160                          nbench    1.0093    0.9394   +0.0699  O3-bolt ≈ O3-bolt-opt（差异在 ±5% 内）
2026-03-31 20:17:50,962 INFO:    161                      tramp3d-v4    1.0005    0.9932   +0.0073  O3-bolt ≈ O3-bolt-opt（差异在 ±5% 内）
2026-03-31 20:17:50,962 INFO: 
  ── 验证指标 ──
2026-03-31 20:17:50,963 INFO:   MAE  = 0.0320
2026-03-31 20:17:50,963 INFO:   MSE  = 0.0076
2026-03-31 20:17:50,963 INFO:   RMSE = 0.0873
2026-03-31 20:17:50,963 INFO:   方向准确率 = 92/161 (57.1%)
2026-03-31 20:17:50,963 INFO:   预测 O3-bolt 更优: 92/161  (真实: 57/161)
2026-03-31 20:17:50,963 INFO:   方向准确率（排除 ±5%）= 18/29 (62.1%)
2026-03-31 20:17:50,964 INFO: 
