2026-03-31 17:20:47,397 INFO: 自动选择设备: directml
2026-03-31 17:20:47,397 INFO: 设备: privateuseone:0
2026-03-31 17:20:47,397 INFO: 设备类型: directml
2026-03-31 17:20:47,398 INFO: 从配置文件自动加载: /home/ssy/Siamese-MicroPerf/configs/trans_best_inst.json
2026-03-31 17:20:47,554 INFO: 模型加载完成: checkpoints/trans_best_inst.pt  (设备: privateuseone:0)
2026-03-31 17:20:47,554 INFO: 模型类型: transformer
2026-03-31 17:20:47,554 INFO: 模型参数: {'in_features': 6, 'mlp_hidden': 64, 'dropout': 0.1, 'd_model': 64, 'nhead': 2, 'num_layers': 3, 'dim_feedforward': 256, 'max_len': 512, 'pos_encoding': 'learnable'}
2026-03-31 17:20:47,554 INFO: log-target 模式: 推理时将自动应用 exp() 变换
2026-03-31 17:20:47,554 INFO: pair-swap 训练增强: True（此为训练时数据增强，不影响推理逻辑）
2026-03-31 17:20:47,786 INFO: 已应用 exp() 变换（log-target 模式）
2026-03-31 17:20:47,788 INFO: ========================================================================
2026-03-31 17:20:47,788 INFO: 版本对: O1-g_vs_O3-g  (O1-g vs O3-g)  共 174 个程序
2026-03-31 17:20:47,788 INFO: 标签模式: inst_retired_ratio
2026-03-31 17:20:47,788 INFO: 标签定义: Y = Σinst_v1 / Σinst_v2 (retired instruction ratio)
2026-03-31 17:20:47,788 INFO: 判定方向: Y > 1 视为 O1-g 更快，Y < 1 视为 O3-g 更快
2026-03-31 17:20:47,789 INFO: ========================================================================
2026-03-31 17:20:47,789 INFO:      #                              程序      预测 Ŷ      真实 Y        误差  判断
2026-03-31 17:20:47,789 INFO:   ------------------------------------------------------------------------
2026-03-31 17:20:47,789 INFO:      1                            7zip    1.0059    1.0521   -0.0462  O1-g ≈ O3-g（差异在 ±5% 内）
2026-03-31 17:20:47,789 INFO:      2             ASCI_Purple_SMG2000    1.2123    1.5191   -0.3069  O1-g 优于 O3-g（快 17.5%，加速比 1.21x）
2026-03-31 17:20:47,789 INFO:      3               ASC_Sequoia_AMGmk    0.8674    0.8474   +0.0200  O3-g 优于 O1-g（快 13.3%，加速比 1.15x）
2026-03-31 17:20:47,790 INFO:      4           ASC_Sequoia_CrystalMk    1.0952    1.0124   +0.0828  O1-g 优于 O3-g（快 8.7%，加速比 1.10x）
2026-03-31 17:20:47,790 INFO:      5               ASC_Sequoia_IRSmk    0.9988    0.9520   +0.0468  O1-g ≈ O3-g（差异在 ±5% 内）
2026-03-31 17:20:47,790 INFO:      6                  BitBench_drop3    0.9985    0.9976   +0.0008  O1-g ≈ O3-g（差异在 ±5% 内）
2026-03-31 17:20:47,790 INFO:      7                 BitBench_five11    0.9989    1.0123   -0.0134  O1-g ≈ O3-g（差异在 ±5% 内）
2026-03-31 17:20:47,790 INFO:      8               BitBench_uudecode    0.9520    1.0297   -0.0777  O1-g ≈ O3-g（差异在 ±5% 内）
2026-03-31 17:20:47,790 INFO:      9               BitBench_uuencode    1.0713    1.0584   +0.0129  O1-g 优于 O3-g（快 6.7%，加速比 1.07x）
2026-03-31 17:20:47,790 INFO:     10                          Bullet    1.0160    0.9819   +0.0342  O1-g ≈ O3-g（差异在 ±5% 内）
2026-03-31 17:20:47,791 INFO:     11         DOE-ProxyApps-C++_CLAMR    1.0068    0.9871   +0.0197  O1-g ≈ O3-g（差异在 ±5% 内）
2026-03-31 17:20:47,791 INFO:     12   DOE-ProxyApps-C++_HACCKernels    1.4750    1.1396   +0.3354  O1-g 优于 O3-g（快 32.2%，加速比 1.48x）
2026-03-31 17:20:47,791 INFO:     13         DOE-ProxyApps-C++_HPCCG    1.4818    1.2799   +0.2019  O1-g 优于 O3-g（快 32.5%，加速比 1.48x）
2026-03-31 17:20:47,791 INFO:     14       DOE-ProxyApps-C++_PENNANT    1.0148    1.0096   +0.0052  O1-g ≈ O3-g（差异在 ±5% 内）
2026-03-31 17:20:47,791 INFO:     15        DOE-ProxyApps-C++_miniFE    1.2374    1.2087   +0.0287  O1-g 优于 O3-g（快 19.2%，加速比 1.24x）
2026-03-31 17:20:47,791 INFO:     16            DOE-ProxyApps-C_CoMD    1.4615    1.2389   +0.2226  O1-g 优于 O3-g（快 31.6%，加速比 1.46x）
2026-03-31 17:20:47,792 INFO:     17      DOE-ProxyApps-C_Pathfinder    0.9957    0.9799   +0.0159  O1-g ≈ O3-g（差异在 ±5% 内）
2026-03-31 17:20:47,792 INFO:     18         DOE-ProxyApps-C_RSBench    1.0481    1.0098   +0.0383  O1-g ≈ O3-g（差异在 ±5% 内）
2026-03-31 17:20:47,792 INFO:     19       DOE-ProxyApps-C_SimpleMOC    0.9954    0.9276   +0.0678  O1-g ≈ O3-g（差异在 ±5% 内）
2026-03-31 17:20:47,792 INFO:     20         DOE-ProxyApps-C_XSBench    0.9966    0.9930   +0.0036  O1-g ≈ O3-g（差异在 ±5% 内）
2026-03-31 17:20:47,792 INFO:     21         DOE-ProxyApps-C_miniAMR    0.9957    1.0033   -0.0077  O1-g ≈ O3-g（差异在 ±5% 内）
2026-03-31 17:20:47,792 INFO:     22         DOE-ProxyApps-C_miniGMG    0.9958    1.0993   -0.1035  O1-g ≈ O3-g（差异在 ±5% 内）
2026-03-31 17:20:47,792 INFO:     23                     Fhourstones    0.9985    0.9871   +0.0114  O1-g ≈ O3-g（差异在 ±5% 内）
2026-03-31 17:20:47,793 INFO:     24                 Fhourstones-3.1    1.0014    1.0033   -0.0019  O1-g ≈ O3-g（差异在 ±5% 内）
2026-03-31 17:20:47,793 INFO:     25              FreeBench_analyzer    0.9949    0.9505   +0.0444  O1-g ≈ O3-g（差异在 ±5% 内）
2026-03-31 17:20:47,793 INFO:     26               FreeBench_distray    1.0270    1.0459   -0.0189  O1-g ≈ O3-g（差异在 ±5% 内）
2026-03-31 17:20:47,793 INFO:     27            FreeBench_fourinarow    1.3888    2.2265   -0.8377  O1-g 优于 O3-g（快 28.0%，加速比 1.39x）
2026-03-31 17:20:47,793 INFO:     28                 FreeBench_mason    1.0278    1.0239   +0.0040  O1-g ≈ O3-g（差异在 ±5% 内）
2026-03-31 17:20:47,793 INFO:     29                FreeBench_neural    1.4834    1.3307   +0.1527  O1-g 优于 O3-g（快 32.6%，加速比 1.48x）
2026-03-31 17:20:47,793 INFO:     30            FreeBench_pcompress2    1.0041    0.9630   +0.0411  O1-g ≈ O3-g（差异在 ±5% 内）
2026-03-31 17:20:47,794 INFO:     31                 FreeBench_pifft    1.0044    1.1220   -0.1176  O1-g ≈ O3-g（差异在 ±5% 内）
2026-03-31 17:20:47,794 INFO:     32               MallocBench_cfrac    0.9969    1.0067   -0.0098  O1-g ≈ O3-g（差异在 ±5% 内）
2026-03-31 17:20:47,794 INFO:     33            MallocBench_espresso    0.9968    0.9652   +0.0315  O1-g ≈ O3-g（差异在 ±5% 内）
2026-03-31 17:20:47,794 INFO:     34                  MallocBench_gs    0.9924    0.9654   +0.0270  O1-g ≈ O3-g（差异在 ±5% 内）
2026-03-31 17:20:47,794 INFO:     35                 McCat_01-qbsort    0.9948    1.0365   -0.0417  O1-g ≈ O3-g（差异在 ±5% 内）
2026-03-31 17:20:47,794 INFO:     36               McCat_03-testtrie    0.9947    0.9904   +0.0043  O1-g ≈ O3-g（差异在 ±5% 内）
2026-03-31 17:20:47,794 INFO:     37                 McCat_04-bisect    1.0118    0.9162   +0.0957  O1-g ≈ O3-g（差异在 ±5% 内）
2026-03-31 17:20:47,795 INFO:     38                    McCat_05-eks    1.0097    0.9865   +0.0231  O1-g ≈ O3-g（差异在 ±5% 内）
2026-03-31 17:20:47,795 INFO:     39                   McCat_08-main    1.0014    1.1068   -0.1054  O1-g ≈ O3-g（差异在 ±5% 内）
2026-03-31 17:20:47,795 INFO:     40                    McCat_09-vor    1.0033    1.0285   -0.0252  O1-g ≈ O3-g（差异在 ±5% 内）
2026-03-31 17:20:47,795 INFO:     41                 McCat_12-IOtest    1.0001    1.0112   -0.0111  O1-g ≈ O3-g（差异在 ±5% 内）
2026-03-31 17:20:47,795 INFO:     42                   McCat_15-trie    1.0004    1.0379   -0.0374  O1-g ≈ O3-g（差异在 ±5% 内）
2026-03-31 17:20:47,795 INFO:     43                  McCat_17-bintr    1.0030    1.1981   -0.1951  O1-g ≈ O3-g（差异在 ±5% 内）
2026-03-31 17:20:47,796 INFO:     44                    McCat_18-imp    1.0014    1.0042   -0.0028  O1-g ≈ O3-g（差异在 ±5% 内）
2026-03-31 17:20:47,796 INFO:     45    MiBench_automotive-basicmath    0.9952    1.0010   -0.0058  O1-g ≈ O3-g（差异在 ±5% 内）
2026-03-31 17:20:47,796 INFO:     46     MiBench_automotive-bitcount    0.9986    0.9651   +0.0335  O1-g ≈ O3-g（差异在 ±5% 内）
2026-03-31 17:20:47,796 INFO:     47        MiBench_automotive-susan    1.0501    1.0447   +0.0054  O1-g 优于 O3-g（快 4.8%，加速比 1.05x）
2026-03-31 17:20:47,796 INFO:     48           MiBench_consumer-jpeg    1.0462    1.0701   -0.0240  O1-g ≈ O3-g（差异在 ±5% 内）
2026-03-31 17:20:47,796 INFO:     49           MiBench_consumer-lame    1.1330    1.0948   +0.0381  O1-g 优于 O3-g（快 11.7%，加速比 1.13x）
2026-03-31 17:20:47,796 INFO:     50        MiBench_consumer-typeset    0.9971    0.9927   +0.0043  O1-g ≈ O3-g（差异在 ±5% 内）
2026-03-31 17:20:47,797 INFO:     51        MiBench_network-dijkstra    0.9967    0.9994   -0.0028  O1-g ≈ O3-g（差异在 ±5% 内）
2026-03-31 17:20:47,797 INFO:     52        MiBench_network-patricia    0.9958    0.9861   +0.0098  O1-g ≈ O3-g（差异在 ±5% 内）
2026-03-31 17:20:47,797 INFO:     53           MiBench_office-ispell    0.9966    1.0020   -0.0053  O1-g ≈ O3-g（差异在 ±5% 内）
2026-03-31 17:20:47,797 INFO:     54     MiBench_office-stringsearch    1.0179    1.1175   -0.0996  O1-g ≈ O3-g（差异在 ±5% 内）
2026-03-31 17:20:47,797 INFO:     55       MiBench_security-blowfish    0.9960    0.9830   +0.0130  O1-g ≈ O3-g（差异在 ±5% 内）
2026-03-31 17:20:47,798 INFO:     56       MiBench_security-rijndael    1.0111    1.0217   -0.0105  O1-g ≈ O3-g（差异在 ±5% 内）
2026-03-31 17:20:47,798 INFO:     57            MiBench_security-sha    1.0681    1.2565   -0.1885  O1-g 优于 O3-g（快 6.4%，加速比 1.07x）
2026-03-31 17:20:47,798 INFO:     58          MiBench_telecomm-CRC32    0.9958    0.9977   -0.0019  O1-g ≈ O3-g（差异在 ±5% 内）
2026-03-31 17:20:47,798 INFO:     59            MiBench_telecomm-FFT    0.9977    1.0049   -0.0072  O1-g ≈ O3-g（差异在 ±5% 内）
2026-03-31 17:20:47,798 INFO:     60          MiBench_telecomm-adpcm    1.0044    1.0040   +0.0004  O1-g ≈ O3-g（差异在 ±5% 内）
2026-03-31 17:20:47,798 INFO:     61            MiBench_telecomm-gsm    1.0381    1.0295   +0.0086  O1-g ≈ O3-g（差异在 ±5% 内）
2026-03-31 17:20:47,798 INFO:     62                   NPB-serial_is    1.0456    1.2225   -0.1768  O1-g ≈ O3-g（差异在 ±5% 内）
2026-03-31 17:20:47,799 INFO:     63                        Olden_bh    1.6296    1.7718   -0.1422  O1-g 优于 O3-g（快 38.6%，加速比 1.63x）
2026-03-31 17:20:47,799 INFO:     64                    Olden_bisort    1.0050    1.0608   -0.0558  O1-g ≈ O3-g（差异在 ±5% 内）
2026-03-31 17:20:47,799 INFO:     65                      Olden_em3d    0.9958    0.9999   -0.0041  O1-g ≈ O3-g（差异在 ±5% 内）
2026-03-31 17:20:47,799 INFO:     66                    Olden_health    0.9956    1.0408   -0.0453  O1-g ≈ O3-g（差异在 ±5% 内）
2026-03-31 17:20:47,799 INFO:     67                       Olden_mst    1.0271    0.9777   +0.0493  O1-g ≈ O3-g（差异在 ±5% 内）
2026-03-31 17:20:47,799 INFO:     68                 Olden_perimeter    0.9974    0.9649   +0.0325  O1-g ≈ O3-g（差异在 ±5% 内）
2026-03-31 17:20:47,799 INFO:     69                     Olden_power    1.4908    1.6275   -0.1367  O1-g 优于 O3-g（快 32.9%，加速比 1.49x）
2026-03-31 17:20:47,799 INFO:     70                   Olden_treeadd    0.9989    0.9947   +0.0042  O1-g ≈ O3-g（差异在 ±5% 内）
2026-03-31 17:20:47,800 INFO:     71                       Olden_tsp    1.8129    1.0987   +0.7143  O1-g 优于 O3-g（快 44.8%，加速比 1.81x）
2026-03-31 17:20:47,800 INFO:     72                   Olden_voronoi    0.9960    0.9869   +0.0091  O1-g ≈ O3-g（差异在 ±5% 内）
2026-03-31 17:20:47,800 INFO:     73                           PAQ8p    2.0771    1.4066   +0.6704  O1-g 优于 O3-g（快 51.9%，加速比 2.08x）
2026-03-31 17:20:47,800 INFO:     74                 Prolangs-C++_NP    0.9961    0.9880   +0.0081  O1-g ≈ O3-g（差异在 ±5% 内）
2026-03-31 17:20:47,800 INFO:     75               Prolangs-C++_city    0.9963    0.9926   +0.0037  O1-g ≈ O3-g（差异在 ±5% 内）
2026-03-31 17:20:47,800 INFO:     76             Prolangs-C++_deriv1    0.9958    0.9899   +0.0058  O1-g ≈ O3-g（差异在 ±5% 内）
2026-03-31 17:20:47,801 INFO:     77             Prolangs-C++_deriv2    0.9953    1.0121   -0.0168  O1-g ≈ O3-g（差异在 ±5% 内）
2026-03-31 17:20:47,801 INFO:     78             Prolangs-C++_employ    0.9941    1.0001   -0.0060  O1-g ≈ O3-g（差异在 ±5% 内）
2026-03-31 17:20:47,801 INFO:     79             Prolangs-C++_family    0.9952    1.0036   -0.0084  O1-g ≈ O3-g（差异在 ±5% 内）
2026-03-31 17:20:47,801 INFO:     80                Prolangs-C++_fsm    0.9951    1.0162   -0.0212  O1-g ≈ O3-g（差异在 ±5% 内）
2026-03-31 17:20:47,801 INFO:     81             Prolangs-C++_garage    0.9955    0.9811   +0.0145  O1-g ≈ O3-g（差异在 ±5% 内）
2026-03-31 17:20:47,801 INFO:     82               Prolangs-C++_life    0.9998    1.0632   -0.0633  O1-g ≈ O3-g（差异在 ±5% 内）
2026-03-31 17:20:47,801 INFO:     83            Prolangs-C++_objects    0.9953    1.0050   -0.0097  O1-g ≈ O3-g（差异在 ±5% 内）
2026-03-31 17:20:47,802 INFO:     84              Prolangs-C++_ocean    0.9969    1.0006   -0.0037  O1-g ≈ O3-g（差异在 ±5% 内）
2026-03-31 17:20:47,802 INFO:     85             Prolangs-C++_office    0.9955    1.0057   -0.0102  O1-g ≈ O3-g（差异在 ±5% 内）
2026-03-31 17:20:47,802 INFO:     86             Prolangs-C++_primes    0.4764    0.4861   -0.0097  O3-g 优于 O1-g（快 52.4%，加速比 2.10x）
2026-03-31 17:20:47,802 INFO:     87             Prolangs-C++_shapes    0.9950    1.0066   -0.0116  O1-g ≈ O3-g（差异在 ±5% 内）
2026-03-31 17:20:47,802 INFO:     88              Prolangs-C++_simul    1.1517    0.9543   +0.1974  O1-g 优于 O3-g（快 13.2%，加速比 1.15x）
2026-03-31 17:20:47,802 INFO:     89              Prolangs-C++_trees    0.9958    0.9881   +0.0077  O1-g ≈ O3-g（差异在 ±5% 内）
2026-03-31 17:20:47,802 INFO:     90              Prolangs-C++_vcirc    0.9956    0.9900   +0.0056  O1-g ≈ O3-g（差异在 ±5% 内）
2026-03-31 17:20:47,803 INFO:     91         Prolangs-C_TimberWolfMC    0.9956    0.9810   +0.0146  O1-g ≈ O3-g（差异在 ±5% 内）
2026-03-31 17:20:47,803 INFO:     92                Prolangs-C_agrep    0.9955    1.0221   -0.0266  O1-g ≈ O3-g（差异在 ±5% 内）
2026-03-31 17:20:47,803 INFO:     93             Prolangs-C_allroots    0.9973    0.9888   +0.0086  O1-g ≈ O3-g（差异在 ±5% 内）
2026-03-31 17:20:47,803 INFO:     94        Prolangs-C_archie-client    0.9962    1.0012   -0.0050  O1-g ≈ O3-g（差异在 ±5% 内）
2026-03-31 17:20:47,803 INFO:     95            Prolangs-C_assembler    0.9964    0.9893   +0.0071  O1-g ≈ O3-g（差异在 ±5% 内）
2026-03-31 17:20:47,803 INFO:     96                Prolangs-C_bison    0.9964    1.0160   -0.0196  O1-g ≈ O3-g（差异在 ±5% 内）
2026-03-31 17:20:47,803 INFO:     97                Prolangs-C_cdecl    0.9965    1.0105   -0.0140  O1-g ≈ O3-g（差异在 ±5% 内）
2026-03-31 17:20:47,804 INFO:     98             Prolangs-C_compiler    0.9962    0.9945   +0.0017  O1-g ≈ O3-g（差异在 ±5% 内）
2026-03-31 17:20:47,804 INFO:     99            Prolangs-C_fixoutput    0.9956    1.0078   -0.0122  O1-g ≈ O3-g（差异在 ±5% 内）
2026-03-31 17:20:47,804 INFO:    100             Prolangs-C_football    0.9957    1.0131   -0.0175  O1-g ≈ O3-g（差异在 ±5% 内）
2026-03-31 17:20:47,804 INFO:    101                Prolangs-C_gnugo    1.0017    1.0631   -0.0614  O1-g ≈ O3-g（差异在 ±5% 内）
2026-03-31 17:20:47,804 INFO:    102               Prolangs-C_loader    0.9957    1.0133   -0.0176  O1-g ≈ O3-g（差异在 ±5% 内）
2026-03-31 17:20:47,804 INFO:    103             Prolangs-C_plot2fig    0.9958    1.0084   -0.0126  O1-g ≈ O3-g（差异在 ±5% 内）
2026-03-31 17:20:47,805 INFO:    104            Prolangs-C_simulator    0.9958    0.9891   +0.0067  O1-g ≈ O3-g（差异在 ±5% 内）
2026-03-31 17:20:47,805 INFO:    105           Prolangs-C_unix-smail    0.9972    1.0044   -0.0072  O1-g ≈ O3-g（差异在 ±5% 内）
2026-03-31 17:20:47,805 INFO:    106             Prolangs-C_unix-tbl    0.9957    1.0132   -0.0176  O1-g ≈ O3-g（差异在 ±5% 内）
2026-03-31 17:20:47,805 INFO:    107                 Ptrdist_anagram    0.9974    0.9537   +0.0437  O1-g ≈ O3-g（差异在 ±5% 内）
2026-03-31 17:20:47,805 INFO:    108                      Ptrdist_bc    0.9965    0.9996   -0.0031  O1-g ≈ O3-g（差异在 ±5% 内）
2026-03-31 17:20:47,805 INFO:    109                      Ptrdist_ft    0.9774    1.0130   -0.0356  O1-g ≈ O3-g（差异在 ±5% 内）
2026-03-31 17:20:47,806 INFO:    110                      Ptrdist_ks    0.9985    0.9646   +0.0339  O1-g ≈ O3-g（差异在 ±5% 内）
2026-03-31 17:20:47,806 INFO:    111                   Ptrdist_yacr2    0.9957    0.8911   +0.1047  O1-g ≈ O3-g（差异在 ±5% 内）
2026-03-31 17:20:47,806 INFO:    112                Rodinia_backprop    1.0547    1.0722   -0.0174  O1-g 优于 O3-g（快 5.2%，加速比 1.05x）
2026-03-31 17:20:47,806 INFO:    113                 Rodinia_hotspot    1.0573    1.0905   -0.0332  O1-g 优于 O3-g（快 5.4%，加速比 1.06x）
2026-03-31 17:20:47,806 INFO:    114              Rodinia_pathfinder    1.2766    1.0271   +0.2495  O1-g 优于 O3-g（快 21.7%，加速比 1.28x）
2026-03-31 17:20:47,806 INFO:    115                    Rodinia_srad    1.1197    1.1793   -0.0596  O1-g 优于 O3-g（快 10.7%，加速比 1.12x）
2026-03-31 17:20:47,807 INFO:    116                      SciMark2-C    1.0965    1.1167   -0.0202  O1-g 优于 O3-g（快 8.8%，加速比 1.10x）
2026-03-31 17:20:47,807 INFO:    117            TSVC_ControlFlow-dbl    0.9656    0.9905   -0.0249  O1-g ≈ O3-g（差异在 ±5% 内）
2026-03-31 17:20:47,807 INFO:    118            TSVC_ControlFlow-flt    0.9585    0.9193   +0.0393  O1-g ≈ O3-g（差异在 ±5% 内）
2026-03-31 17:20:47,807 INFO:    119           TSVC_ControlLoops-dbl    1.8652    1.7141   +0.1512  O1-g 优于 O3-g（快 46.4%，加速比 1.87x）
2026-03-31 17:20:47,807 INFO:    120           TSVC_ControlLoops-flt    1.5158    1.6248   -0.1090  O1-g 优于 O3-g（快 34.0%，加速比 1.52x）
2026-03-31 17:20:47,807 INFO:    121     TSVC_CrossingThresholds-dbl    1.3545    1.3818   -0.0273  O1-g 优于 O3-g（快 26.2%，加速比 1.35x）
2026-03-31 17:20:47,807 INFO:    122     TSVC_CrossingThresholds-flt    1.3936    1.6537   -0.2601  O1-g 优于 O3-g（快 28.2%，加速比 1.39x）
2026-03-31 17:20:47,808 INFO:    123          TSVC_Equivalencing-dbl    1.6430    2.0035   -0.3604  O1-g 优于 O3-g（快 39.1%，加速比 1.64x）
2026-03-31 17:20:47,808 INFO:    124          TSVC_Equivalencing-flt    1.6312    1.7099   -0.0787  O1-g 优于 O3-g（快 38.7%，加速比 1.63x）
2026-03-31 17:20:47,808 INFO:    125              TSVC_Expansion-dbl    1.1634    1.5144   -0.3510  O1-g 优于 O3-g（快 14.0%，加速比 1.16x）
2026-03-31 17:20:47,808 INFO:    126              TSVC_Expansion-flt    1.1090    1.4938   -0.3849  O1-g 优于 O3-g（快 9.8%，加速比 1.11x）
2026-03-31 17:20:47,808 INFO:    127         TSVC_GlobalDataFlow-dbl    1.6327    1.4991   +0.1335  O1-g 优于 O3-g（快 38.8%，加速比 1.63x）
2026-03-31 17:20:47,808 INFO:    128         TSVC_GlobalDataFlow-flt    1.5881    1.6920   -0.1039  O1-g 优于 O3-g（快 37.0%，加速比 1.59x）
2026-03-31 17:20:47,808 INFO:    129     TSVC_IndirectAddressing-dbl    1.2222    1.2671   -0.0448  O1-g 优于 O3-g（快 18.2%，加速比 1.22x）
2026-03-31 17:20:47,809 INFO:    130     TSVC_IndirectAddressing-flt    1.2284    1.2154   +0.0130  O1-g 优于 O3-g（快 18.6%，加速比 1.23x）
2026-03-31 17:20:47,809 INFO:    131      TSVC_InductionVariable-dbl    1.4213    1.2640   +0.1573  O1-g 优于 O3-g（快 29.6%，加速比 1.42x）
2026-03-31 17:20:47,809 INFO:    132      TSVC_InductionVariable-flt    1.4483    1.2762   +0.1722  O1-g 优于 O3-g（快 31.0%，加速比 1.45x）
2026-03-31 17:20:47,809 INFO:    133       TSVC_LinearDependence-dbl    1.3211    1.4450   -0.1239  O1-g 优于 O3-g（快 24.3%，加速比 1.32x）
2026-03-31 17:20:47,809 INFO:    134       TSVC_LinearDependence-flt    1.3375    1.3073   +0.0301  O1-g 优于 O3-g（快 25.2%，加速比 1.34x）
2026-03-31 17:20:47,809 INFO:    135          TSVC_LoopRerolling-dbl    1.1174    1.1688   -0.0514  O1-g 优于 O3-g（快 10.5%，加速比 1.12x）
2026-03-31 17:20:47,809 INFO:    136          TSVC_LoopRerolling-flt    1.1764    1.1674   +0.0089  O1-g 优于 O3-g（快 15.0%，加速比 1.18x）
2026-03-31 17:20:47,809 INFO:    137      TSVC_LoopRestructuring-dbl    1.4212    1.3709   +0.0503  O1-g 优于 O3-g（快 29.6%，加速比 1.42x）
2026-03-31 17:20:47,810 INFO:    138      TSVC_LoopRestructuring-flt    1.3757    1.3917   -0.0161  O1-g 优于 O3-g（快 27.3%，加速比 1.38x）
2026-03-31 17:20:47,810 INFO:    139          TSVC_NodeSplitting-dbl    1.0160    1.0733   -0.0572  O1-g ≈ O3-g（差异在 ±5% 内）
2026-03-31 17:20:47,810 INFO:    140          TSVC_NodeSplitting-flt    1.0177    1.1165   -0.0988  O1-g ≈ O3-g（差异在 ±5% 内）
2026-03-31 17:20:47,810 INFO:    141                TSVC_Packing-dbl    0.9803    1.0424   -0.0621  O1-g ≈ O3-g（差异在 ±5% 内）
2026-03-31 17:20:47,810 INFO:    142                TSVC_Packing-flt    0.9799    1.0467   -0.0668  O1-g ≈ O3-g（差异在 ±5% 内）
2026-03-31 17:20:47,810 INFO:    143            TSVC_Recurrences-dbl    1.0757    1.0676   +0.0081  O1-g 优于 O3-g（快 7.0%，加速比 1.08x）
2026-03-31 17:20:47,810 INFO:    144            TSVC_Recurrences-flt    1.0747    1.0659   +0.0087  O1-g 优于 O3-g（快 6.9%，加速比 1.07x）
2026-03-31 17:20:47,810 INFO:    145             TSVC_Reductions-dbl    1.8481    1.6704   +0.1777  O1-g 优于 O3-g（快 45.9%，加速比 1.85x）
2026-03-31 17:20:47,810 INFO:    146             TSVC_Reductions-flt    1.5146    1.6866   -0.1720  O1-g 优于 O3-g（快 34.0%，加速比 1.51x）
2026-03-31 17:20:47,811 INFO:    147              TSVC_Searching-dbl    1.1085    0.7999   +0.3086  O1-g 优于 O3-g（快 9.8%，加速比 1.11x）
2026-03-31 17:20:47,811 INFO:    148              TSVC_Searching-flt    1.0593    0.7663   +0.2930  O1-g 优于 O3-g（快 5.6%，加速比 1.06x）
2026-03-31 17:20:47,811 INFO:    149    TSVC_StatementReordering-dbl    1.0701    0.9987   +0.0714  O1-g 优于 O3-g（快 6.6%，加速比 1.07x）
2026-03-31 17:20:47,811 INFO:    150    TSVC_StatementReordering-flt    1.0652    1.0086   +0.0566  O1-g 优于 O3-g（快 6.1%，加速比 1.07x）
2026-03-31 17:20:47,811 INFO:    151              TSVC_Symbolics-dbl    1.5686    1.6154   -0.0468  O1-g 优于 O3-g（快 36.2%，加速比 1.57x）
2026-03-31 17:20:47,811 INFO:    152              TSVC_Symbolics-flt    1.3993    1.2306   +0.1688  O1-g 优于 O3-g（快 28.5%，加速比 1.40x）
2026-03-31 17:20:47,811 INFO:    153               Trimaran_enc-3des    1.0017    1.0013   +0.0004  O1-g ≈ O3-g（差异在 ±5% 内）
2026-03-31 17:20:47,811 INFO:    154                Trimaran_enc-md5    1.0011    1.0013   -0.0002  O1-g ≈ O3-g（差异在 ±5% 内）
2026-03-31 17:20:47,812 INFO:    155                Trimaran_enc-pc1    1.1650    1.1548   +0.0102  O1-g 优于 O3-g（快 14.2%，加速比 1.16x）
2026-03-31 17:20:47,812 INFO:    156                Trimaran_enc-rc4    1.1638    1.0966   +0.0672  O1-g 优于 O3-g（快 14.1%，加速比 1.16x）
2026-03-31 17:20:47,812 INFO:    157           Trimaran_netbench-crc    1.1883    1.1778   +0.0105  O1-g 优于 O3-g（快 15.8%，加速比 1.19x）
2026-03-31 17:20:47,812 INFO:    158           Trimaran_netbench-url    1.0677    0.9171   +0.1505  O1-g 优于 O3-g（快 6.3%，加速比 1.07x）
2026-03-31 17:20:47,812 INFO:    159                VersaBench_8b10b    1.0076    1.1135   -0.1059  O1-g ≈ O3-g（差异在 ±5% 内）
2026-03-31 17:20:47,812 INFO:    160           VersaBench_beamformer    0.9956    0.9723   +0.0234  O1-g ≈ O3-g（差异在 ±5% 内）
2026-03-31 17:20:47,812 INFO:    161                  VersaBench_bmm    1.0115    0.9926   +0.0189  O1-g ≈ O3-g（差异在 ±5% 内）
2026-03-31 17:20:47,813 INFO:    162                 VersaBench_dbms    0.9968    1.0090   -0.0122  O1-g ≈ O3-g（差异在 ±5% 内）
2026-03-31 17:20:47,813 INFO:    163               VersaBench_ecbdes    1.0028    1.0150   -0.0123  O1-g ≈ O3-g（差异在 ±5% 内）
2026-03-31 17:20:47,813 INFO:    164                    llubenchmark    1.0174    1.0048   +0.0126  O1-g ≈ O3-g（差异在 ±5% 内）
2026-03-31 17:20:47,813 INFO:    165                           mafft    1.0479    1.1131   -0.0653  O1-g ≈ O3-g（差异在 ±5% 内）
2026-03-31 17:20:47,813 INFO:    166      mediabench_adpcm_rawcaudio    1.0089    1.0292   -0.0203  O1-g ≈ O3-g（差异在 ±5% 内）
2026-03-31 17:20:47,813 INFO:    167      mediabench_adpcm_rawdaudio    0.9931    1.0045   -0.0114  O1-g ≈ O3-g（差异在 ±5% 内）
2026-03-31 17:20:47,813 INFO:    168      mediabench_g721_g721encode    1.0089    1.2017   -0.1928  O1-g ≈ O3-g（差异在 ±5% 内）
2026-03-31 17:20:47,813 INFO:    169            mediabench_gsm_toast    1.0240    1.0282   -0.0042  O1-g ≈ O3-g（差异在 ±5% 内）
2026-03-31 17:20:47,814 INFO:    170         mediabench_jpeg_jpeg-6a    1.0067    0.9937   +0.0130  O1-g ≈ O3-g（差异在 ±5% 内）
2026-03-31 17:20:47,814 INFO:    171       mediabench_mpeg2_mpeg2dec    2.2444    2.1755   +0.0690  O1-g 优于 O3-g（快 55.4%，加速比 2.24x）
2026-03-31 17:20:47,814 INFO:    172                          nbench    1.0147    1.2134   -0.1987  O1-g ≈ O3-g（差异在 ±5% 内）
2026-03-31 17:20:47,814 INFO:    173                             sim    0.9965    0.9854   +0.0111  O1-g ≈ O3-g（差异在 ±5% 内）
2026-03-31 17:20:47,814 INFO:    174                      tramp3d-v4    1.0045    1.0530   -0.0485  O1-g ≈ O3-g（差异在 ±5% 内）
2026-03-31 17:20:47,814 INFO: 
  ── 验证指标 ──
2026-03-31 17:20:47,814 INFO:   MAE  = 0.0726
2026-03-31 17:20:47,815 INFO:   MSE  = 0.0196
2026-03-31 17:20:47,815 INFO:   RMSE = 0.1401
2026-03-31 17:20:47,815 INFO:   方向准确率 = 127/174 (73.0%)
2026-03-31 17:20:47,815 INFO:   预测 O1-g 更优: 99/174  (真实: 120/174)
2026-03-31 17:20:47,815 INFO:   方向准确率（排除 ±5%）= 69/75 (92.0%)
2026-03-31 17:20:47,969 INFO: 已应用 exp() 变换（log-target 模式）
2026-03-31 17:20:47,970 INFO: ========================================================================
2026-03-31 17:20:47,970 INFO: 版本对: O2-bolt_vs_O2-bolt-opt  (O2-bolt vs O2-bolt-opt)  共 174 个程序
2026-03-31 17:20:47,970 INFO: 标签模式: inst_retired_ratio
2026-03-31 17:20:47,970 INFO: 标签定义: Y = Σinst_v1 / Σinst_v2 (retired instruction ratio)
2026-03-31 17:20:47,970 INFO: 判定方向: Y > 1 视为 O2-bolt 更快，Y < 1 视为 O2-bolt-opt 更快
2026-03-31 17:20:47,970 INFO: ========================================================================
2026-03-31 17:20:47,971 INFO:      #                              程序      预测 Ŷ      真实 Y        误差  判断
2026-03-31 17:20:47,971 INFO:   ------------------------------------------------------------------------
2026-03-31 17:20:47,971 INFO:      1                            7zip    1.0014    0.9919   +0.0095  O2-bolt ≈ O2-bolt-opt（差异在 ±5% 内）
2026-03-31 17:20:47,971 INFO:      2             ASCI_Purple_SMG2000    1.0082    0.9950   +0.0132  O2-bolt ≈ O2-bolt-opt（差异在 ±5% 内）
2026-03-31 17:20:47,971 INFO:      3               ASC_Sequoia_AMGmk    1.0216    1.0176   +0.0039  O2-bolt ≈ O2-bolt-opt（差异在 ±5% 内）
2026-03-31 17:20:47,971 INFO:      4           ASC_Sequoia_CrystalMk    1.0267    1.0015   +0.0252  O2-bolt ≈ O2-bolt-opt（差异在 ±5% 内）
2026-03-31 17:20:47,972 INFO:      5               ASC_Sequoia_IRSmk    1.0030    0.9964   +0.0066  O2-bolt ≈ O2-bolt-opt（差异在 ±5% 内）
2026-03-31 17:20:47,972 INFO:      6                  BitBench_drop3    1.0008    1.0471   -0.0463  O2-bolt ≈ O2-bolt-opt（差异在 ±5% 内）
2026-03-31 17:20:47,972 INFO:      7                 BitBench_five11    0.9969    0.9882   +0.0087  O2-bolt ≈ O2-bolt-opt（差异在 ±5% 内）
2026-03-31 17:20:47,972 INFO:      8               BitBench_uudecode    1.0071    1.0027   +0.0043  O2-bolt ≈ O2-bolt-opt（差异在 ±5% 内）
2026-03-31 17:20:47,972 INFO:      9               BitBench_uuencode    1.0091    1.0068   +0.0023  O2-bolt ≈ O2-bolt-opt（差异在 ±5% 内）
2026-03-31 17:20:47,972 INFO:     10                          Bullet    0.9986    1.0095   -0.0108  O2-bolt ≈ O2-bolt-opt（差异在 ±5% 内）
2026-03-31 17:20:47,972 INFO:     11         DOE-ProxyApps-C++_CLAMR    1.0726    1.0061   +0.0665  O2-bolt 优于 O2-bolt-opt（快 6.8%，加速比 1.07x）
2026-03-31 17:20:47,973 INFO:     12   DOE-ProxyApps-C++_HACCKernels    1.0086    0.9979   +0.0107  O2-bolt ≈ O2-bolt-opt（差异在 ±5% 内）
2026-03-31 17:20:47,973 INFO:     13         DOE-ProxyApps-C++_HPCCG    1.0105    1.0022   +0.0083  O2-bolt ≈ O2-bolt-opt（差异在 ±5% 内）
2026-03-31 17:20:47,973 INFO:     14       DOE-ProxyApps-C++_PENNANT    1.0055    1.0047   +0.0008  O2-bolt ≈ O2-bolt-opt（差异在 ±5% 内）
2026-03-31 17:20:47,973 INFO:     15        DOE-ProxyApps-C++_miniFE    1.0203    0.9928   +0.0275  O2-bolt ≈ O2-bolt-opt（差异在 ±5% 内）
2026-03-31 17:20:47,973 INFO:     16            DOE-ProxyApps-C_CoMD    1.0440    0.9706   +0.0733  O2-bolt ≈ O2-bolt-opt（差异在 ±5% 内）
2026-03-31 17:20:47,973 INFO:     17      DOE-ProxyApps-C_Pathfinder    1.0094    1.0451   -0.0357  O2-bolt ≈ O2-bolt-opt（差异在 ±5% 内）
2026-03-31 17:20:47,974 INFO:     18         DOE-ProxyApps-C_RSBench    0.9955    1.0019   -0.0064  O2-bolt ≈ O2-bolt-opt（差异在 ±5% 内）
2026-03-31 17:20:47,974 INFO:     19       DOE-ProxyApps-C_SimpleMOC    1.0466    1.0242   +0.0224  O2-bolt ≈ O2-bolt-opt（差异在 ±5% 内）
2026-03-31 17:20:47,974 INFO:     20         DOE-ProxyApps-C_XSBench    0.9903    0.9859   +0.0044  O2-bolt ≈ O2-bolt-opt（差异在 ±5% 内）
2026-03-31 17:20:47,974 INFO:     21         DOE-ProxyApps-C_miniAMR    0.9897    1.0072   -0.0176  O2-bolt ≈ O2-bolt-opt（差异在 ±5% 内）
2026-03-31 17:20:47,974 INFO:     22         DOE-ProxyApps-C_miniGMG    0.9661    0.9929   -0.0268  O2-bolt ≈ O2-bolt-opt（差异在 ±5% 内）
2026-03-31 17:20:47,974 INFO:     23                     Fhourstones    1.0001    0.9981   +0.0020  O2-bolt ≈ O2-bolt-opt（差异在 ±5% 内）
2026-03-31 17:20:47,975 INFO:     24                 Fhourstones-3.1    1.0132    1.0809   -0.0676  O2-bolt ≈ O2-bolt-opt（差异在 ±5% 内）
2026-03-31 17:20:47,975 INFO:     25              FreeBench_analyzer    0.9959    1.0211   -0.0252  O2-bolt ≈ O2-bolt-opt（差异在 ±5% 内）
2026-03-31 17:20:47,975 INFO:     26               FreeBench_distray    1.0133    1.0034   +0.0099  O2-bolt ≈ O2-bolt-opt（差异在 ±5% 内）
2026-03-31 17:20:47,975 INFO:     27            FreeBench_fourinarow    1.0084    1.0090   -0.0005  O2-bolt ≈ O2-bolt-opt（差异在 ±5% 内）
2026-03-31 17:20:47,975 INFO:     28                 FreeBench_mason    1.0171    0.9846   +0.0325  O2-bolt ≈ O2-bolt-opt（差异在 ±5% 内）
2026-03-31 17:20:47,975 INFO:     29                FreeBench_neural    0.9803    1.0025   -0.0222  O2-bolt ≈ O2-bolt-opt（差异在 ±5% 内）
2026-03-31 17:20:47,976 INFO:     30            FreeBench_pcompress2    1.0075    1.0555   -0.0480  O2-bolt ≈ O2-bolt-opt（差异在 ±5% 内）
2026-03-31 17:20:47,976 INFO:     31                 FreeBench_pifft    0.9988    1.0021   -0.0033  O2-bolt ≈ O2-bolt-opt（差异在 ±5% 内）
2026-03-31 17:20:47,976 INFO:     32               MallocBench_cfrac    0.9907    1.0155   -0.0248  O2-bolt ≈ O2-bolt-opt（差异在 ±5% 内）
2026-03-31 17:20:47,976 INFO:     33            MallocBench_espresso    1.0031    1.0256   -0.0225  O2-bolt ≈ O2-bolt-opt（差异在 ±5% 内）
2026-03-31 17:20:47,976 INFO:     34                  MallocBench_gs    0.9893    0.9848   +0.0045  O2-bolt ≈ O2-bolt-opt（差异在 ±5% 内）
2026-03-31 17:20:47,976 INFO:     35                 McCat_01-qbsort    0.9952    0.9768   +0.0183  O2-bolt ≈ O2-bolt-opt（差异在 ±5% 内）
2026-03-31 17:20:47,977 INFO:     36               McCat_03-testtrie    0.9905    0.9464   +0.0441  O2-bolt ≈ O2-bolt-opt（差异在 ±5% 内）
2026-03-31 17:20:47,977 INFO:     37                 McCat_04-bisect    1.0040    1.0146   -0.0106  O2-bolt ≈ O2-bolt-opt（差异在 ±5% 内）
2026-03-31 17:20:47,977 INFO:     38                    McCat_05-eks    0.9903    1.0160   -0.0258  O2-bolt ≈ O2-bolt-opt（差异在 ±5% 内）
2026-03-31 17:20:47,977 INFO:     39                   McCat_08-main    0.9949    0.9994   -0.0045  O2-bolt ≈ O2-bolt-opt（差异在 ±5% 内）
2026-03-31 17:20:47,977 INFO:     40                    McCat_09-vor    1.0013    0.9977   +0.0036  O2-bolt ≈ O2-bolt-opt（差异在 ±5% 内）
2026-03-31 17:20:47,977 INFO:     41                 McCat_12-IOtest    0.9995    0.9912   +0.0083  O2-bolt ≈ O2-bolt-opt（差异在 ±5% 内）
2026-03-31 17:20:47,978 INFO:     42                   McCat_15-trie    0.9967    0.9877   +0.0090  O2-bolt ≈ O2-bolt-opt（差异在 ±5% 内）
2026-03-31 17:20:47,978 INFO:     43                  McCat_17-bintr    0.9995    0.9763   +0.0232  O2-bolt ≈ O2-bolt-opt（差异在 ±5% 内）
2026-03-31 17:20:47,978 INFO:     44                    McCat_18-imp    0.9988    1.1100   -0.1112  O2-bolt ≈ O2-bolt-opt（差异在 ±5% 内）
2026-03-31 17:20:47,978 INFO:     45    MiBench_automotive-basicmath    0.9945    1.0025   -0.0080  O2-bolt ≈ O2-bolt-opt（差异在 ±5% 内）
2026-03-31 17:20:47,978 INFO:     46     MiBench_automotive-bitcount    0.9965    0.9028   +0.0938  O2-bolt ≈ O2-bolt-opt（差异在 ±5% 内）
2026-03-31 17:20:47,978 INFO:     47        MiBench_automotive-susan    1.0102    0.9968   +0.0134  O2-bolt ≈ O2-bolt-opt（差异在 ±5% 内）
2026-03-31 17:20:47,979 INFO:     48           MiBench_consumer-jpeg    1.0047    1.0002   +0.0045  O2-bolt ≈ O2-bolt-opt（差异在 ±5% 内）
2026-03-31 17:20:47,979 INFO:     49           MiBench_consumer-lame    1.0014    0.9948   +0.0066  O2-bolt ≈ O2-bolt-opt（差异在 ±5% 内）
2026-03-31 17:20:47,979 INFO:     50        MiBench_consumer-typeset    0.9956    0.9758   +0.0198  O2-bolt ≈ O2-bolt-opt（差异在 ±5% 内）
2026-03-31 17:20:47,979 INFO:     51        MiBench_network-dijkstra    0.9999    0.8840   +0.1159  O2-bolt ≈ O2-bolt-opt（差异在 ±5% 内）
2026-03-31 17:20:47,979 INFO:     52        MiBench_network-patricia    0.9802    0.9942   -0.0140  O2-bolt ≈ O2-bolt-opt（差异在 ±5% 内）
2026-03-31 17:20:47,979 INFO:     53           MiBench_office-ispell    0.9961    0.9903   +0.0058  O2-bolt ≈ O2-bolt-opt（差异在 ±5% 内）
2026-03-31 17:20:47,980 INFO:     54     MiBench_office-stringsearch    0.9959    0.9911   +0.0048  O2-bolt ≈ O2-bolt-opt（差异在 ±5% 内）
2026-03-31 17:20:47,980 INFO:     55       MiBench_security-blowfish    0.9964    1.0025   -0.0062  O2-bolt ≈ O2-bolt-opt（差异在 ±5% 内）
2026-03-31 17:20:47,980 INFO:     56       MiBench_security-rijndael    1.0089    1.0454   -0.0366  O2-bolt ≈ O2-bolt-opt（差异在 ±5% 内）
2026-03-31 17:20:47,980 INFO:     57            MiBench_security-sha    1.0011    1.0052   -0.0041  O2-bolt ≈ O2-bolt-opt（差异在 ±5% 内）
2026-03-31 17:20:47,980 INFO:     58          MiBench_telecomm-CRC32    0.9897    1.0520   -0.0623  O2-bolt ≈ O2-bolt-opt（差异在 ±5% 内）
2026-03-31 17:20:47,980 INFO:     59            MiBench_telecomm-FFT    0.9977    1.0039   -0.0062  O2-bolt ≈ O2-bolt-opt（差异在 ±5% 内）
2026-03-31 17:20:47,981 INFO:     60          MiBench_telecomm-adpcm    1.0041    0.9987   +0.0055  O2-bolt ≈ O2-bolt-opt（差异在 ±5% 内）
2026-03-31 17:20:47,981 INFO:     61            MiBench_telecomm-gsm    0.9968    1.0104   -0.0136  O2-bolt ≈ O2-bolt-opt（差异在 ±5% 内）
2026-03-31 17:20:47,981 INFO:     62                   NPB-serial_is    1.0066    0.9904   +0.0162  O2-bolt ≈ O2-bolt-opt（差异在 ±5% 内）
2026-03-31 17:20:47,981 INFO:     63                        Olden_bh    1.0110    1.0029   +0.0081  O2-bolt ≈ O2-bolt-opt（差异在 ±5% 内）
2026-03-31 17:20:47,981 INFO:     64                    Olden_bisort    0.9735    0.9813   -0.0077  O2-bolt ≈ O2-bolt-opt（差异在 ±5% 内）
2026-03-31 17:20:47,981 INFO:     65                      Olden_em3d    1.0130    1.3946   -0.3816  O2-bolt ≈ O2-bolt-opt（差异在 ±5% 内）
2026-03-31 17:20:47,982 INFO:     66                    Olden_health    0.9989    1.0084   -0.0095  O2-bolt ≈ O2-bolt-opt（差异在 ±5% 内）
2026-03-31 17:20:47,982 INFO:     67                       Olden_mst    1.0002    1.0091   -0.0089  O2-bolt ≈ O2-bolt-opt（差异在 ±5% 内）
2026-03-31 17:20:47,982 INFO:     68                 Olden_perimeter    0.9931    0.9506   +0.0425  O2-bolt ≈ O2-bolt-opt（差异在 ±5% 内）
2026-03-31 17:20:47,982 INFO:     69                     Olden_power    1.0145    1.0000   +0.0145  O2-bolt ≈ O2-bolt-opt（差异在 ±5% 内）
2026-03-31 17:20:47,982 INFO:     70                   Olden_treeadd    0.9972    0.9897   +0.0074  O2-bolt ≈ O2-bolt-opt（差异在 ±5% 内）
2026-03-31 17:20:47,982 INFO:     71                       Olden_tsp    1.0143    1.0033   +0.0111  O2-bolt ≈ O2-bolt-opt（差异在 ±5% 内）
2026-03-31 17:20:47,983 INFO:     72                   Olden_voronoi    1.0130    0.9978   +0.0152  O2-bolt ≈ O2-bolt-opt（差异在 ±5% 内）
2026-03-31 17:20:47,983 INFO:     73                           PAQ8p    0.9953    1.0046   -0.0093  O2-bolt ≈ O2-bolt-opt（差异在 ±5% 内）
2026-03-31 17:20:47,983 INFO:     74                 Prolangs-C++_NP    0.9954    1.0033   -0.0079  O2-bolt ≈ O2-bolt-opt（差异在 ±5% 内）
2026-03-31 17:20:47,983 INFO:     75               Prolangs-C++_city    0.9963    0.9859   +0.0103  O2-bolt ≈ O2-bolt-opt（差异在 ±5% 内）
2026-03-31 17:20:47,983 INFO:     76             Prolangs-C++_deriv1    0.9960    1.0035   -0.0075  O2-bolt ≈ O2-bolt-opt（差异在 ±5% 内）
2026-03-31 17:20:47,983 INFO:     77             Prolangs-C++_deriv2    0.9958    1.0032   -0.0074  O2-bolt ≈ O2-bolt-opt（差异在 ±5% 内）
2026-03-31 17:20:47,983 INFO:     78             Prolangs-C++_employ    0.9928    0.9944   -0.0016  O2-bolt ≈ O2-bolt-opt（差异在 ±5% 内）
2026-03-31 17:20:47,984 INFO:     79             Prolangs-C++_family    0.9957    1.0058   -0.0101  O2-bolt ≈ O2-bolt-opt（差异在 ±5% 内）
2026-03-31 17:20:47,984 INFO:     80                Prolangs-C++_fsm    0.9960    0.9898   +0.0062  O2-bolt ≈ O2-bolt-opt（差异在 ±5% 内）
2026-03-31 17:20:47,984 INFO:     81             Prolangs-C++_garage    0.9963    0.9820   +0.0143  O2-bolt ≈ O2-bolt-opt（差异在 ±5% 内）
2026-03-31 17:20:47,984 INFO:     82               Prolangs-C++_life    0.9967    1.0186   -0.0219  O2-bolt ≈ O2-bolt-opt（差异在 ±5% 内）
2026-03-31 17:20:47,984 INFO:     83            Prolangs-C++_objects    0.9961    0.9875   +0.0086  O2-bolt ≈ O2-bolt-opt（差异在 ±5% 内）
2026-03-31 17:20:47,984 INFO:     84              Prolangs-C++_ocean    0.9959    1.0042   -0.0083  O2-bolt ≈ O2-bolt-opt（差异在 ±5% 内）
2026-03-31 17:20:47,985 INFO:     85             Prolangs-C++_office    0.9956    0.9928   +0.0028  O2-bolt ≈ O2-bolt-opt（差异在 ±5% 内）
2026-03-31 17:20:47,985 INFO:     86             Prolangs-C++_primes    1.0021    1.0111   -0.0090  O2-bolt ≈ O2-bolt-opt（差异在 ±5% 内）
2026-03-31 17:20:47,985 INFO:     87             Prolangs-C++_shapes    0.9961    1.0070   -0.0110  O2-bolt ≈ O2-bolt-opt（差异在 ±5% 内）
2026-03-31 17:20:47,985 INFO:     88              Prolangs-C++_simul    1.0168    1.0258   -0.0090  O2-bolt ≈ O2-bolt-opt（差异在 ±5% 内）
2026-03-31 17:20:47,985 INFO:     89              Prolangs-C++_trees    0.9960    1.0074   -0.0114  O2-bolt ≈ O2-bolt-opt（差异在 ±5% 内）
2026-03-31 17:20:47,985 INFO:     90              Prolangs-C++_vcirc    0.9959    0.9890   +0.0069  O2-bolt ≈ O2-bolt-opt（差异在 ±5% 内）
2026-03-31 17:20:47,986 INFO:     91         Prolangs-C_TimberWolfMC    0.9951    1.0036   -0.0086  O2-bolt ≈ O2-bolt-opt（差异在 ±5% 内）
2026-03-31 17:20:47,986 INFO:     92                Prolangs-C_agrep    1.0024    1.0415   -0.0392  O2-bolt ≈ O2-bolt-opt（差异在 ±5% 内）
2026-03-31 17:20:47,986 INFO:     93             Prolangs-C_allroots    0.9970    1.0082   -0.0112  O2-bolt ≈ O2-bolt-opt（差异在 ±5% 内）
2026-03-31 17:20:47,986 INFO:     94        Prolangs-C_archie-client    0.9945    0.9808   +0.0137  O2-bolt ≈ O2-bolt-opt（差异在 ±5% 内）
2026-03-31 17:20:47,986 INFO:     95            Prolangs-C_assembler    0.9944    1.0257   -0.0313  O2-bolt ≈ O2-bolt-opt（差异在 ±5% 内）
2026-03-31 17:20:47,986 INFO:     96                Prolangs-C_bison    0.9952    1.0009   -0.0057  O2-bolt ≈ O2-bolt-opt（差异在 ±5% 内）
2026-03-31 17:20:47,986 INFO:     97                Prolangs-C_cdecl    0.9954    0.9989   -0.0036  O2-bolt ≈ O2-bolt-opt（差异在 ±5% 内）
2026-03-31 17:20:47,987 INFO:     98             Prolangs-C_compiler    0.9952    0.9895   +0.0057  O2-bolt ≈ O2-bolt-opt（差异在 ±5% 内）
2026-03-31 17:20:47,987 INFO:     99            Prolangs-C_fixoutput    0.9952    0.9902   +0.0050  O2-bolt ≈ O2-bolt-opt（差异在 ±5% 内）
2026-03-31 17:20:47,987 INFO:    100             Prolangs-C_football    0.9953    0.9780   +0.0173  O2-bolt ≈ O2-bolt-opt（差异在 ±5% 内）
2026-03-31 17:20:47,987 INFO:    101                Prolangs-C_gnugo    0.9904    1.0216   -0.0311  O2-bolt ≈ O2-bolt-opt（差异在 ±5% 内）
2026-03-31 17:20:47,987 INFO:    102               Prolangs-C_loader    0.9942    1.0152   -0.0210  O2-bolt ≈ O2-bolt-opt（差异在 ±5% 内）
2026-03-31 17:20:47,987 INFO:    103             Prolangs-C_plot2fig    0.9942    1.0383   -0.0441  O2-bolt ≈ O2-bolt-opt（差异在 ±5% 内）
2026-03-31 17:20:47,988 INFO:    104            Prolangs-C_simulator    0.9936    1.0213   -0.0277  O2-bolt ≈ O2-bolt-opt（差异在 ±5% 内）
2026-03-31 17:20:47,988 INFO:    105           Prolangs-C_unix-smail    0.9972    0.9891   +0.0081  O2-bolt ≈ O2-bolt-opt（差异在 ±5% 内）
2026-03-31 17:20:47,988 INFO:    106             Prolangs-C_unix-tbl    0.9956    0.9875   +0.0081  O2-bolt ≈ O2-bolt-opt（差异在 ±5% 内）
2026-03-31 17:20:47,988 INFO:    107                 Ptrdist_anagram    1.0016    0.9921   +0.0094  O2-bolt ≈ O2-bolt-opt（差异在 ±5% 内）
2026-03-31 17:20:47,988 INFO:    108                      Ptrdist_bc    0.9437    0.9173   +0.0264  O2-bolt-opt 优于 O2-bolt（快 5.6%，加速比 1.06x）
2026-03-31 17:20:47,989 INFO:    109                      Ptrdist_ft    1.0024    0.9880   +0.0143  O2-bolt ≈ O2-bolt-opt（差异在 ±5% 内）
2026-03-31 17:20:47,989 INFO:    110                      Ptrdist_ks    0.9965    1.0183   -0.0218  O2-bolt ≈ O2-bolt-opt（差异在 ±5% 内）
2026-03-31 17:20:47,989 INFO:    111                   Ptrdist_yacr2    0.9993    1.0910   -0.0917  O2-bolt ≈ O2-bolt-opt（差异在 ±5% 内）
2026-03-31 17:20:47,989 INFO:    112                Rodinia_backprop    0.9999    1.0022   -0.0023  O2-bolt ≈ O2-bolt-opt（差异在 ±5% 内）
2026-03-31 17:20:47,989 INFO:    113                 Rodinia_hotspot    1.0065    0.9939   +0.0126  O2-bolt ≈ O2-bolt-opt（差异在 ±5% 内）
2026-03-31 17:20:47,989 INFO:    114              Rodinia_pathfinder    1.0062    1.0337   -0.0275  O2-bolt ≈ O2-bolt-opt（差异在 ±5% 内）
2026-03-31 17:20:47,990 INFO:    115                    Rodinia_srad    0.9861    1.0077   -0.0216  O2-bolt ≈ O2-bolt-opt（差异在 ±5% 内）
2026-03-31 17:20:47,990 INFO:    116                      SciMark2-C    1.0103    0.9971   +0.0132  O2-bolt ≈ O2-bolt-opt（差异在 ±5% 内）
2026-03-31 17:20:47,990 INFO:    117            TSVC_ControlFlow-dbl    1.0173    1.0130   +0.0043  O2-bolt ≈ O2-bolt-opt（差异在 ±5% 内）
2026-03-31 17:20:47,990 INFO:    118            TSVC_ControlFlow-flt    1.0148    1.0244   -0.0096  O2-bolt ≈ O2-bolt-opt（差异在 ±5% 内）
2026-03-31 17:20:47,990 INFO:    119           TSVC_ControlLoops-dbl    1.0124    0.9919   +0.0205  O2-bolt ≈ O2-bolt-opt（差异在 ±5% 内）
2026-03-31 17:20:47,990 INFO:    120           TSVC_ControlLoops-flt    1.0126    0.9965   +0.0161  O2-bolt ≈ O2-bolt-opt（差异在 ±5% 内）
2026-03-31 17:20:47,990 INFO:    121     TSVC_CrossingThresholds-dbl    1.0073    1.0093   -0.0020  O2-bolt ≈ O2-bolt-opt（差异在 ±5% 内）
2026-03-31 17:20:47,991 INFO:    122     TSVC_CrossingThresholds-flt    1.0077    0.9924   +0.0153  O2-bolt ≈ O2-bolt-opt（差异在 ±5% 内）
2026-03-31 17:20:47,991 INFO:    123          TSVC_Equivalencing-dbl    1.0846    1.0353   +0.0493  O2-bolt 优于 O2-bolt-opt（快 7.8%，加速比 1.08x）
2026-03-31 17:20:47,991 INFO:    124          TSVC_Equivalencing-flt    1.0993    1.0349   +0.0644  O2-bolt 优于 O2-bolt-opt（快 9.0%，加速比 1.10x）
2026-03-31 17:20:47,991 INFO:    125              TSVC_Expansion-dbl    1.0507    1.0288   +0.0220  O2-bolt 优于 O2-bolt-opt（快 4.8%，加速比 1.05x）
2026-03-31 17:20:47,991 INFO:    126              TSVC_Expansion-flt    1.0755    1.0089   +0.0666  O2-bolt 优于 O2-bolt-opt（快 7.0%，加速比 1.08x）
2026-03-31 17:20:47,992 INFO:    127         TSVC_GlobalDataFlow-dbl    1.0871    1.0103   +0.0769  O2-bolt 优于 O2-bolt-opt（快 8.0%，加速比 1.09x）
2026-03-31 17:20:47,992 INFO:    128         TSVC_GlobalDataFlow-flt    1.1253    1.0037   +0.1216  O2-bolt 优于 O2-bolt-opt（快 11.1%，加速比 1.13x）
2026-03-31 17:20:47,992 INFO:    129     TSVC_IndirectAddressing-dbl    1.0076    0.9940   +0.0135  O2-bolt ≈ O2-bolt-opt（差异在 ±5% 内）
2026-03-31 17:20:47,992 INFO:    130     TSVC_IndirectAddressing-flt    1.0088    1.0019   +0.0069  O2-bolt ≈ O2-bolt-opt（差异在 ±5% 内）
2026-03-31 17:20:47,992 INFO:    131      TSVC_InductionVariable-dbl    1.0231    0.9549   +0.0682  O2-bolt ≈ O2-bolt-opt（差异在 ±5% 内）
2026-03-31 17:20:47,992 INFO:    132      TSVC_InductionVariable-flt    1.0161    0.9965   +0.0197  O2-bolt ≈ O2-bolt-opt（差异在 ±5% 内）
2026-03-31 17:20:47,992 INFO:    133       TSVC_LinearDependence-dbl    1.0173    1.0133   +0.0040  O2-bolt ≈ O2-bolt-opt（差异在 ±5% 内）
2026-03-31 17:20:47,993 INFO:    134       TSVC_LinearDependence-flt    1.0428    0.9571   +0.0857  O2-bolt ≈ O2-bolt-opt（差异在 ±5% 内）
2026-03-31 17:20:47,993 INFO:    135          TSVC_LoopRerolling-dbl    1.0069    0.9987   +0.0082  O2-bolt ≈ O2-bolt-opt（差异在 ±5% 内）
2026-03-31 17:20:47,993 INFO:    136          TSVC_LoopRerolling-flt    1.0065    1.0027   +0.0038  O2-bolt ≈ O2-bolt-opt（差异在 ±5% 内）
2026-03-31 17:20:47,993 INFO:    137      TSVC_LoopRestructuring-dbl    1.0941    1.0433   +0.0508  O2-bolt 优于 O2-bolt-opt（快 8.6%，加速比 1.09x）
2026-03-31 17:20:47,993 INFO:    138      TSVC_LoopRestructuring-flt    1.1466    1.0416   +0.1050  O2-bolt 优于 O2-bolt-opt（快 12.8%，加速比 1.15x）
2026-03-31 17:20:47,993 INFO:    139          TSVC_NodeSplitting-dbl    1.0654    1.0197   +0.0457  O2-bolt 优于 O2-bolt-opt（快 6.1%，加速比 1.07x）
2026-03-31 17:20:47,994 INFO:    140          TSVC_NodeSplitting-flt    1.0652    0.9769   +0.0884  O2-bolt 优于 O2-bolt-opt（快 6.1%，加速比 1.07x）
2026-03-31 17:20:47,994 INFO:    141                TSVC_Packing-dbl    0.9857    0.9658   +0.0199  O2-bolt ≈ O2-bolt-opt（差异在 ±5% 内）
2026-03-31 17:20:47,994 INFO:    142                TSVC_Packing-flt    0.9925    1.2963   -0.3038  O2-bolt ≈ O2-bolt-opt（差异在 ±5% 内）
2026-03-31 17:20:47,994 INFO:    143            TSVC_Recurrences-dbl    1.3217    1.0561   +0.2656  O2-bolt 优于 O2-bolt-opt（快 24.3%，加速比 1.32x）
2026-03-31 17:20:47,994 INFO:    144            TSVC_Recurrences-flt    1.3197    1.0598   +0.2599  O2-bolt 优于 O2-bolt-opt（快 24.2%，加速比 1.32x）
2026-03-31 17:20:47,994 INFO:    145             TSVC_Reductions-dbl    1.0219    1.0086   +0.0133  O2-bolt ≈ O2-bolt-opt（差异在 ±5% 内）
2026-03-31 17:20:47,995 INFO:    146             TSVC_Reductions-flt    1.0083    1.0213   -0.0130  O2-bolt ≈ O2-bolt-opt（差异在 ±5% 内）
2026-03-31 17:20:47,995 INFO:    147              TSVC_Searching-dbl    1.0163    0.9914   +0.0249  O2-bolt ≈ O2-bolt-opt（差异在 ±5% 内）
2026-03-31 17:20:47,995 INFO:    148              TSVC_Searching-flt    1.0131    0.9950   +0.0181  O2-bolt ≈ O2-bolt-opt（差异在 ±5% 内）
2026-03-31 17:20:47,995 INFO:    149    TSVC_StatementReordering-dbl    1.0418    1.0162   +0.0256  O2-bolt ≈ O2-bolt-opt（差异在 ±5% 内）
2026-03-31 17:20:47,995 INFO:    150    TSVC_StatementReordering-flt    1.0413    1.0535   -0.0122  O2-bolt ≈ O2-bolt-opt（差异在 ±5% 内）
2026-03-31 17:20:47,995 INFO:    151              TSVC_Symbolics-dbl    1.0086    0.9580   +0.0506  O2-bolt ≈ O2-bolt-opt（差异在 ±5% 内）
2026-03-31 17:20:47,996 INFO:    152              TSVC_Symbolics-flt    1.0186    0.9408   +0.0778  O2-bolt ≈ O2-bolt-opt（差异在 ±5% 内）
2026-03-31 17:20:47,996 INFO:    153               Trimaran_enc-3des    0.9953    1.0017   -0.0065  O2-bolt ≈ O2-bolt-opt（差异在 ±5% 内）
2026-03-31 17:20:47,996 INFO:    154                Trimaran_enc-md5    0.9970    0.9995   -0.0025  O2-bolt ≈ O2-bolt-opt（差异在 ±5% 内）
2026-03-31 17:20:47,996 INFO:    155                Trimaran_enc-pc1    1.0000    0.9986   +0.0014  O2-bolt ≈ O2-bolt-opt（差异在 ±5% 内）
2026-03-31 17:20:47,996 INFO:    156                Trimaran_enc-rc4    1.0089    0.9935   +0.0154  O2-bolt ≈ O2-bolt-opt（差异在 ±5% 内）
2026-03-31 17:20:47,996 INFO:    157           Trimaran_netbench-crc    1.0127    0.9908   +0.0219  O2-bolt ≈ O2-bolt-opt（差异在 ±5% 内）
2026-03-31 17:20:47,997 INFO:    158           Trimaran_netbench-url    1.0250    0.9976   +0.0274  O2-bolt ≈ O2-bolt-opt（差异在 ±5% 内）
2026-03-31 17:20:47,997 INFO:    159                VersaBench_8b10b    1.0050    0.9955   +0.0095  O2-bolt ≈ O2-bolt-opt（差异在 ±5% 内）
2026-03-31 17:20:47,997 INFO:    160           VersaBench_beamformer    1.0099    1.1318   -0.1219  O2-bolt ≈ O2-bolt-opt（差异在 ±5% 内）
2026-03-31 17:20:47,997 INFO:    161                  VersaBench_bmm    1.0104    1.0137   -0.0033  O2-bolt ≈ O2-bolt-opt（差异在 ±5% 内）
2026-03-31 17:20:47,997 INFO:    162                 VersaBench_dbms    0.9973    1.0100   -0.0127  O2-bolt ≈ O2-bolt-opt（差异在 ±5% 内）
2026-03-31 17:20:47,998 INFO:    163               VersaBench_ecbdes    0.9997    1.0070   -0.0073  O2-bolt ≈ O2-bolt-opt（差异在 ±5% 内）
2026-03-31 17:20:47,998 INFO:    164                    llubenchmark    1.0156    0.9812   +0.0344  O2-bolt ≈ O2-bolt-opt（差异在 ±5% 内）
2026-03-31 17:20:47,998 INFO:    165                           mafft    0.9804    0.9227   +0.0576  O2-bolt ≈ O2-bolt-opt（差异在 ±5% 内）
2026-03-31 17:20:47,998 INFO:    166      mediabench_adpcm_rawcaudio    1.0054    0.9922   +0.0132  O2-bolt ≈ O2-bolt-opt（差异在 ±5% 内）
2026-03-31 17:20:47,998 INFO:    167      mediabench_adpcm_rawdaudio    0.9953    0.9957   -0.0004  O2-bolt ≈ O2-bolt-opt（差异在 ±5% 内）
2026-03-31 17:20:47,998 INFO:    168      mediabench_g721_g721encode    1.0198    0.9953   +0.0245  O2-bolt ≈ O2-bolt-opt（差异在 ±5% 内）
2026-03-31 17:20:47,999 INFO:    169            mediabench_gsm_toast    0.9989    1.0288   -0.0299  O2-bolt ≈ O2-bolt-opt（差异在 ±5% 内）
2026-03-31 17:20:47,999 INFO:    170         mediabench_jpeg_jpeg-6a    0.9985    0.9879   +0.0107  O2-bolt ≈ O2-bolt-opt（差异在 ±5% 内）
2026-03-31 17:20:47,999 INFO:    171       mediabench_mpeg2_mpeg2dec    0.9862    0.9745   +0.0117  O2-bolt ≈ O2-bolt-opt（差异在 ±5% 内）
2026-03-31 17:20:47,999 INFO:    172                          nbench    0.9983    1.0343   -0.0360  O2-bolt ≈ O2-bolt-opt（差异在 ±5% 内）
2026-03-31 17:20:47,999 INFO:    173                             sim    0.9954    0.9636   +0.0318  O2-bolt ≈ O2-bolt-opt（差异在 ±5% 内）
2026-03-31 17:20:47,999 INFO:    174                      tramp3d-v4    0.9782    0.9921   -0.0139  O2-bolt ≈ O2-bolt-opt（差异在 ±5% 内）
2026-03-31 17:20:48,000 INFO: 
  ── 验证指标 ──
2026-03-31 17:20:48,000 INFO:   MAE  = 0.0295
2026-03-31 17:20:48,000 INFO:   MSE  = 0.0033
2026-03-31 17:20:48,000 INFO:   RMSE = 0.0576
2026-03-31 17:20:48,000 INFO:   方向准确率 = 92/174 (52.9%)
2026-03-31 17:20:48,000 INFO:   预测 O2-bolt 更优: 90/174  (真实: 92/174)
2026-03-31 17:20:48,001 INFO:   方向准确率（排除 ±5%）= 12/17 (70.6%)
2026-03-31 17:20:48,185 INFO: 已应用 exp() 变换（log-target 模式）
2026-03-31 17:20:48,186 INFO: ========================================================================
2026-03-31 17:20:48,186 INFO: 版本对: O3-bolt_vs_O3-bolt-opt  (O3-bolt vs O3-bolt-opt)  共 174 个程序
2026-03-31 17:20:48,186 INFO: 标签模式: inst_retired_ratio
2026-03-31 17:20:48,186 INFO: 标签定义: Y = Σinst_v1 / Σinst_v2 (retired instruction ratio)
2026-03-31 17:20:48,186 INFO: 判定方向: Y > 1 视为 O3-bolt 更快，Y < 1 视为 O3-bolt-opt 更快
2026-03-31 17:20:48,186 INFO: ========================================================================
2026-03-31 17:20:48,186 INFO:      #                              程序      预测 Ŷ      真实 Y        误差  判断
2026-03-31 17:20:48,186 INFO:   ------------------------------------------------------------------------
2026-03-31 17:20:48,187 INFO:      1                            7zip    1.0004    1.0158   -0.0154  O3-bolt ≈ O3-bolt-opt（差异在 ±5% 内）
2026-03-31 17:20:48,187 INFO:      2             ASCI_Purple_SMG2000    1.0049    1.0115   -0.0066  O3-bolt ≈ O3-bolt-opt（差异在 ±5% 内）
2026-03-31 17:20:48,187 INFO:      3               ASC_Sequoia_AMGmk    1.0204    1.0063   +0.0141  O3-bolt ≈ O3-bolt-opt（差异在 ±5% 内）
2026-03-31 17:20:48,187 INFO:      4           ASC_Sequoia_CrystalMk    1.0263    0.9998   +0.0266  O3-bolt ≈ O3-bolt-opt（差异在 ±5% 内）
2026-03-31 17:20:48,187 INFO:      5               ASC_Sequoia_IRSmk    1.0027    1.0054   -0.0027  O3-bolt ≈ O3-bolt-opt（差异在 ±5% 内）
2026-03-31 17:20:48,187 INFO:      6                  BitBench_drop3    1.0008    0.9271   +0.0737  O3-bolt ≈ O3-bolt-opt（差异在 ±5% 内）
2026-03-31 17:20:48,187 INFO:      7                 BitBench_five11    0.9970    0.9802   +0.0169  O3-bolt ≈ O3-bolt-opt（差异在 ±5% 内）
2026-03-31 17:20:48,188 INFO:      8               BitBench_uudecode    0.9976    1.7162   -0.7186  O3-bolt ≈ O3-bolt-opt（差异在 ±5% 内）
2026-03-31 17:20:48,188 INFO:      9               BitBench_uuencode    1.0066    1.0127   -0.0061  O3-bolt ≈ O3-bolt-opt（差异在 ±5% 内）
2026-03-31 17:20:48,188 INFO:     10                          Bullet    0.9972    1.0060   -0.0087  O3-bolt ≈ O3-bolt-opt（差异在 ±5% 内）
2026-03-31 17:20:48,188 INFO:     11         DOE-ProxyApps-C++_CLAMR    1.0744    1.0136   +0.0608  O3-bolt 优于 O3-bolt-opt（快 6.9%，加速比 1.07x）
2026-03-31 17:20:48,188 INFO:     12   DOE-ProxyApps-C++_HACCKernels    1.0072    1.0079   -0.0008  O3-bolt ≈ O3-bolt-opt（差异在 ±5% 内）
2026-03-31 17:20:48,188 INFO:     13         DOE-ProxyApps-C++_HPCCG    1.0100    1.0108   -0.0008  O3-bolt ≈ O3-bolt-opt（差异在 ±5% 内）
2026-03-31 17:20:48,188 INFO:     14       DOE-ProxyApps-C++_PENNANT    1.0092    1.0110   -0.0018  O3-bolt ≈ O3-bolt-opt（差异在 ±5% 内）
2026-03-31 17:20:48,189 INFO:     15        DOE-ProxyApps-C++_miniFE    1.0088    1.0254   -0.0166  O3-bolt ≈ O3-bolt-opt（差异在 ±5% 内）
2026-03-31 17:20:48,189 INFO:     16            DOE-ProxyApps-C_CoMD    1.0484    0.9370   +0.1113  O3-bolt ≈ O3-bolt-opt（差异在 ±5% 内）
2026-03-31 17:20:48,189 INFO:     17      DOE-ProxyApps-C_Pathfinder    1.0094    1.0437   -0.0343  O3-bolt ≈ O3-bolt-opt（差异在 ±5% 内）
2026-03-31 17:20:48,189 INFO:     18         DOE-ProxyApps-C_RSBench    0.9771    1.0103   -0.0332  O3-bolt ≈ O3-bolt-opt（差异在 ±5% 内）
2026-03-31 17:20:48,189 INFO:     19       DOE-ProxyApps-C_SimpleMOC    1.0241    1.0159   +0.0082  O3-bolt ≈ O3-bolt-opt（差异在 ±5% 内）
2026-03-31 17:20:48,189 INFO:     20         DOE-ProxyApps-C_XSBench    0.9067    0.9845   -0.0778  O3-bolt-opt 优于 O3-bolt（快 9.3%，加速比 1.10x）
2026-03-31 17:20:48,190 INFO:     21         DOE-ProxyApps-C_miniAMR    0.9751    1.0054   -0.0303  O3-bolt ≈ O3-bolt-opt（差异在 ±5% 内）
2026-03-31 17:20:48,190 INFO:     22         DOE-ProxyApps-C_miniGMG    0.9692    1.0027   -0.0335  O3-bolt ≈ O3-bolt-opt（差异在 ±5% 内）
2026-03-31 17:20:48,190 INFO:     23                     Fhourstones    0.9984    1.0217   -0.0233  O3-bolt ≈ O3-bolt-opt（差异在 ±5% 内）
2026-03-31 17:20:48,190 INFO:     24                 Fhourstones-3.1    1.0141    1.0852   -0.0711  O3-bolt ≈ O3-bolt-opt（差异在 ±5% 内）
2026-03-31 17:20:48,190 INFO:     25              FreeBench_analyzer    0.9963    0.9952   +0.0011  O3-bolt ≈ O3-bolt-opt（差异在 ±5% 内）
2026-03-31 17:20:48,190 INFO:     26               FreeBench_distray    1.0083    1.0048   +0.0035  O3-bolt ≈ O3-bolt-opt（差异在 ±5% 内）
2026-03-31 17:20:48,191 INFO:     27            FreeBench_fourinarow    0.9955    1.0071   -0.0116  O3-bolt ≈ O3-bolt-opt（差异在 ±5% 内）
2026-03-31 17:20:48,191 INFO:     28                 FreeBench_mason    1.0143    0.9817   +0.0326  O3-bolt ≈ O3-bolt-opt（差异在 ±5% 内）
2026-03-31 17:20:48,191 INFO:     29                FreeBench_neural    1.0031    1.0148   -0.0117  O3-bolt ≈ O3-bolt-opt（差异在 ±5% 内）
2026-03-31 17:20:48,191 INFO:     30            FreeBench_pcompress2    1.0082    1.0279   -0.0197  O3-bolt ≈ O3-bolt-opt（差异在 ±5% 内）
2026-03-31 17:20:48,191 INFO:     31                 FreeBench_pifft    1.0006    1.0133   -0.0128  O3-bolt ≈ O3-bolt-opt（差异在 ±5% 内）
2026-03-31 17:20:48,191 INFO:     32               MallocBench_cfrac    0.9906    1.0084   -0.0178  O3-bolt ≈ O3-bolt-opt（差异在 ±5% 内）
2026-03-31 17:20:48,191 INFO:     33            MallocBench_espresso    1.0012    1.0373   -0.0361  O3-bolt ≈ O3-bolt-opt（差异在 ±5% 内）
2026-03-31 17:20:48,192 INFO:     34                  MallocBench_gs    0.9893    0.9717   +0.0175  O3-bolt ≈ O3-bolt-opt（差异在 ±5% 内）
2026-03-31 17:20:48,192 INFO:     35                 McCat_01-qbsort    0.9956    0.9816   +0.0140  O3-bolt ≈ O3-bolt-opt（差异在 ±5% 内）
2026-03-31 17:20:48,192 INFO:     36               McCat_03-testtrie    0.9908    0.9551   +0.0357  O3-bolt ≈ O3-bolt-opt（差异在 ±5% 内）
2026-03-31 17:20:48,192 INFO:     37                 McCat_04-bisect    1.0011    1.1022   -0.1011  O3-bolt ≈ O3-bolt-opt（差异在 ±5% 内）
2026-03-31 17:20:48,192 INFO:     38                    McCat_05-eks    0.9924    1.0057   -0.0133  O3-bolt ≈ O3-bolt-opt（差异在 ±5% 内）
2026-03-31 17:20:48,192 INFO:     39                   McCat_08-main    0.9947    0.9987   -0.0040  O3-bolt ≈ O3-bolt-opt（差异在 ±5% 内）
2026-03-31 17:20:48,193 INFO:     40                    McCat_09-vor    1.0033    1.0124   -0.0091  O3-bolt ≈ O3-bolt-opt（差异在 ±5% 内）
2026-03-31 17:20:48,193 INFO:     41                 McCat_12-IOtest    0.9995    0.9938   +0.0056  O3-bolt ≈ O3-bolt-opt（差异在 ±5% 内）
2026-03-31 17:20:48,193 INFO:     42                   McCat_15-trie    0.9960    1.0062   -0.0103  O3-bolt ≈ O3-bolt-opt（差异在 ±5% 内）
2026-03-31 17:20:48,193 INFO:     43                  McCat_17-bintr    0.9995    1.0260   -0.0265  O3-bolt ≈ O3-bolt-opt（差异在 ±5% 内）
2026-03-31 17:20:48,193 INFO:     44                    McCat_18-imp    0.9988    1.1087   -0.1099  O3-bolt ≈ O3-bolt-opt（差异在 ±5% 内）
2026-03-31 17:20:48,193 INFO:     45    MiBench_automotive-basicmath    0.9924    1.0004   -0.0080  O3-bolt ≈ O3-bolt-opt（差异在 ±5% 内）
2026-03-31 17:20:48,194 INFO:     46     MiBench_automotive-bitcount    1.0021    0.9695   +0.0327  O3-bolt ≈ O3-bolt-opt（差异在 ±5% 内）
2026-03-31 17:20:48,194 INFO:     47        MiBench_automotive-susan    1.0115    0.9953   +0.0162  O3-bolt ≈ O3-bolt-opt（差异在 ±5% 内）
2026-03-31 17:20:48,194 INFO:     48           MiBench_consumer-jpeg    1.0074    0.9914   +0.0160  O3-bolt ≈ O3-bolt-opt（差异在 ±5% 内）
2026-03-31 17:20:48,194 INFO:     49           MiBench_consumer-lame    0.9939    0.9948   -0.0009  O3-bolt ≈ O3-bolt-opt（差异在 ±5% 内）
2026-03-31 17:20:48,194 INFO:     50        MiBench_consumer-typeset    0.9959    0.9782   +0.0177  O3-bolt ≈ O3-bolt-opt（差异在 ±5% 内）
2026-03-31 17:20:48,194 INFO:     51        MiBench_network-dijkstra    0.9998    0.8859   +0.1140  O3-bolt ≈ O3-bolt-opt（差异在 ±5% 内）
2026-03-31 17:20:48,195 INFO:     52        MiBench_network-patricia    0.9897    0.9954   -0.0057  O3-bolt ≈ O3-bolt-opt（差异在 ±5% 内）
2026-03-31 17:20:48,195 INFO:     53           MiBench_office-ispell    0.9955    0.9937   +0.0019  O3-bolt ≈ O3-bolt-opt（差异在 ±5% 内）
2026-03-31 17:20:48,195 INFO:     54     MiBench_office-stringsearch    0.9957    1.0078   -0.0121  O3-bolt ≈ O3-bolt-opt（差异在 ±5% 内）
2026-03-31 17:20:48,195 INFO:     55       MiBench_security-blowfish    0.9944    1.0364   -0.0420  O3-bolt ≈ O3-bolt-opt（差异在 ±5% 内）
2026-03-31 17:20:48,195 INFO:     56       MiBench_security-rijndael    1.0110    1.0564   -0.0455  O3-bolt ≈ O3-bolt-opt（差异在 ±5% 内）
2026-03-31 17:20:48,195 INFO:     57            MiBench_security-sha    1.0016    1.0075   -0.0060  O3-bolt ≈ O3-bolt-opt（差异在 ±5% 内）
2026-03-31 17:20:48,196 INFO:     58          MiBench_telecomm-CRC32    0.9898    1.0571   -0.0673  O3-bolt ≈ O3-bolt-opt（差异在 ±5% 内）
2026-03-31 17:20:48,196 INFO:     59            MiBench_telecomm-FFT    0.9978    1.0013   -0.0035  O3-bolt ≈ O3-bolt-opt（差异在 ±5% 内）
2026-03-31 17:20:48,196 INFO:     60          MiBench_telecomm-adpcm    1.0056    0.9977   +0.0080  O3-bolt ≈ O3-bolt-opt（差异在 ±5% 内）
2026-03-31 17:20:48,196 INFO:     61            MiBench_telecomm-gsm    0.9967    0.9943   +0.0024  O3-bolt ≈ O3-bolt-opt（差异在 ±5% 内）
2026-03-31 17:20:48,196 INFO:     62                   NPB-serial_is    1.0057    0.9976   +0.0081  O3-bolt ≈ O3-bolt-opt（差异在 ±5% 内）
2026-03-31 17:20:48,196 INFO:     63                        Olden_bh    1.0120    1.0072   +0.0048  O3-bolt ≈ O3-bolt-opt（差异在 ±5% 内）
2026-03-31 17:20:48,196 INFO:     64                    Olden_bisort    0.9952    1.0063   -0.0112  O3-bolt ≈ O3-bolt-opt（差异在 ±5% 内）
2026-03-31 17:20:48,197 INFO:     65                      Olden_em3d    1.0140    1.3917   -0.3776  O3-bolt ≈ O3-bolt-opt（差异在 ±5% 内）
2026-03-31 17:20:48,197 INFO:     66                    Olden_health    0.9982    1.0121   -0.0139  O3-bolt ≈ O3-bolt-opt（差异在 ±5% 内）
2026-03-31 17:20:48,197 INFO:     67                       Olden_mst    0.9996    1.0156   -0.0160  O3-bolt ≈ O3-bolt-opt（差异在 ±5% 内）
2026-03-31 17:20:48,197 INFO:     68                 Olden_perimeter    0.9977    0.9964   +0.0013  O3-bolt ≈ O3-bolt-opt（差异在 ±5% 内）
2026-03-31 17:20:48,197 INFO:     69                     Olden_power    1.0121    1.0005   +0.0115  O3-bolt ≈ O3-bolt-opt（差异在 ±5% 内）
2026-03-31 17:20:48,197 INFO:     70                   Olden_treeadd    0.9970    1.0069   -0.0100  O3-bolt ≈ O3-bolt-opt（差异在 ±5% 内）
2026-03-31 17:20:48,197 INFO:     71                       Olden_tsp    1.0131    1.0085   +0.0047  O3-bolt ≈ O3-bolt-opt（差异在 ±5% 内）
2026-03-31 17:20:48,198 INFO:     72                   Olden_voronoi    1.0109    1.0063   +0.0046  O3-bolt ≈ O3-bolt-opt（差异在 ±5% 内）
2026-03-31 17:20:48,198 INFO:     73                           PAQ8p    0.9937    1.0174   -0.0236  O3-bolt ≈ O3-bolt-opt（差异在 ±5% 内）
2026-03-31 17:20:48,198 INFO:     74                 Prolangs-C++_NP    0.9958    1.0148   -0.0190  O3-bolt ≈ O3-bolt-opt（差异在 ±5% 内）
2026-03-31 17:20:48,198 INFO:     75               Prolangs-C++_city    0.9955    1.0484   -0.0529  O3-bolt ≈ O3-bolt-opt（差异在 ±5% 内）
2026-03-31 17:20:48,198 INFO:     76             Prolangs-C++_deriv1    0.9960    0.9895   +0.0065  O3-bolt ≈ O3-bolt-opt（差异在 ±5% 内）
2026-03-31 17:20:48,198 INFO:     77             Prolangs-C++_deriv2    0.9961    0.9930   +0.0031  O3-bolt ≈ O3-bolt-opt（差异在 ±5% 内）
2026-03-31 17:20:48,198 INFO:     78             Prolangs-C++_employ    0.9942    1.0114   -0.0172  O3-bolt ≈ O3-bolt-opt（差异在 ±5% 内）
2026-03-31 17:20:48,198 INFO:     79             Prolangs-C++_family    0.9960    0.9994   -0.0034  O3-bolt ≈ O3-bolt-opt（差异在 ±5% 内）
2026-03-31 17:20:48,199 INFO:     80                Prolangs-C++_fsm    0.9956    1.0020   -0.0064  O3-bolt ≈ O3-bolt-opt（差异在 ±5% 内）
2026-03-31 17:20:48,199 INFO:     81             Prolangs-C++_garage    0.9961    0.9954   +0.0007  O3-bolt ≈ O3-bolt-opt（差异在 ±5% 内）
2026-03-31 17:20:48,199 INFO:     82               Prolangs-C++_life    0.9968    1.0246   -0.0278  O3-bolt ≈ O3-bolt-opt（差异在 ±5% 内）
2026-03-31 17:20:48,199 INFO:     83            Prolangs-C++_objects    0.9959    1.0007   -0.0048  O3-bolt ≈ O3-bolt-opt（差异在 ±5% 内）
2026-03-31 17:20:48,199 INFO:     84              Prolangs-C++_ocean    0.9957    0.9965   -0.0008  O3-bolt ≈ O3-bolt-opt（差异在 ±5% 内）
2026-03-31 17:20:48,199 INFO:     85             Prolangs-C++_office    0.9959    0.9900   +0.0060  O3-bolt ≈ O3-bolt-opt（差异在 ±5% 内）
2026-03-31 17:20:48,199 INFO:     86             Prolangs-C++_primes    1.0053    1.0037   +0.0016  O3-bolt ≈ O3-bolt-opt（差异在 ±5% 内）
2026-03-31 17:20:48,200 INFO:     87             Prolangs-C++_shapes    0.9960    0.9939   +0.0022  O3-bolt ≈ O3-bolt-opt（差异在 ±5% 内）
2026-03-31 17:20:48,200 INFO:     88              Prolangs-C++_simul    1.0181    0.9907   +0.0274  O3-bolt ≈ O3-bolt-opt（差异在 ±5% 内）
2026-03-31 17:20:48,200 INFO:     89              Prolangs-C++_trees    0.9957    1.0220   -0.0263  O3-bolt ≈ O3-bolt-opt（差异在 ±5% 内）
2026-03-31 17:20:48,200 INFO:     90              Prolangs-C++_vcirc    0.9958    1.0036   -0.0078  O3-bolt ≈ O3-bolt-opt（差异在 ±5% 内）
2026-03-31 17:20:48,200 INFO:     91         Prolangs-C_TimberWolfMC    0.9933    1.0427   -0.0494  O3-bolt ≈ O3-bolt-opt（差异在 ±5% 内）
2026-03-31 17:20:48,200 INFO:     92                Prolangs-C_agrep    1.0012    1.0412   -0.0400  O3-bolt ≈ O3-bolt-opt（差异在 ±5% 内）
2026-03-31 17:20:48,200 INFO:     93             Prolangs-C_allroots    0.9943    1.0382   -0.0440  O3-bolt ≈ O3-bolt-opt（差异在 ±5% 内）
2026-03-31 17:20:48,201 INFO:     94        Prolangs-C_archie-client    0.9957    0.9915   +0.0041  O3-bolt ≈ O3-bolt-opt（差异在 ±5% 内）
2026-03-31 17:20:48,201 INFO:     95            Prolangs-C_assembler    0.9934    1.0422   -0.0488  O3-bolt ≈ O3-bolt-opt（差异在 ±5% 内）
2026-03-31 17:20:48,201 INFO:     96                Prolangs-C_bison    0.9960    0.9982   -0.0022  O3-bolt ≈ O3-bolt-opt（差异在 ±5% 内）
2026-03-31 17:20:48,201 INFO:     97                Prolangs-C_cdecl    0.9955    0.9945   +0.0010  O3-bolt ≈ O3-bolt-opt（差异在 ±5% 内）
2026-03-31 17:20:48,201 INFO:     98             Prolangs-C_compiler    0.9952    1.0009   -0.0057  O3-bolt ≈ O3-bolt-opt（差异在 ±5% 内）
2026-03-31 17:20:48,201 INFO:     99            Prolangs-C_fixoutput    0.9955    0.9894   +0.0061  O3-bolt ≈ O3-bolt-opt（差异在 ±5% 内）
2026-03-31 17:20:48,202 INFO:    100             Prolangs-C_football    0.9955    1.0131   -0.0176  O3-bolt ≈ O3-bolt-opt（差异在 ±5% 内）
2026-03-31 17:20:48,202 INFO:    101                Prolangs-C_gnugo    0.9791    1.0290   -0.0499  O3-bolt ≈ O3-bolt-opt（差异在 ±5% 内）
2026-03-31 17:20:48,202 INFO:    102               Prolangs-C_loader    0.9959    1.0034   -0.0075  O3-bolt ≈ O3-bolt-opt（差异在 ±5% 内）
2026-03-31 17:20:48,202 INFO:    103             Prolangs-C_plot2fig    0.9951    1.0161   -0.0211  O3-bolt ≈ O3-bolt-opt（差异在 ±5% 内）
2026-03-31 17:20:48,202 INFO:    104            Prolangs-C_simulator    0.9951    1.0391   -0.0440  O3-bolt ≈ O3-bolt-opt（差异在 ±5% 内）
2026-03-31 17:20:48,202 INFO:    105           Prolangs-C_unix-smail    0.9973    0.9953   +0.0020  O3-bolt ≈ O3-bolt-opt（差异在 ±5% 内）
2026-03-31 17:20:48,203 INFO:    106             Prolangs-C_unix-tbl    0.9957    1.0130   -0.0173  O3-bolt ≈ O3-bolt-opt（差异在 ±5% 内）
2026-03-31 17:20:48,203 INFO:    107                 Ptrdist_anagram    1.0035    1.0022   +0.0013  O3-bolt ≈ O3-bolt-opt（差异在 ±5% 内）
2026-03-31 17:20:48,203 INFO:    108                      Ptrdist_bc    0.9695    0.9324   +0.0371  O3-bolt ≈ O3-bolt-opt（差异在 ±5% 内）
2026-03-31 17:20:48,203 INFO:    109                      Ptrdist_ft    1.0021    1.0129   -0.0108  O3-bolt ≈ O3-bolt-opt（差异在 ±5% 内）
2026-03-31 17:20:48,203 INFO:    110                      Ptrdist_ks    0.9975    0.8886   +0.1089  O3-bolt ≈ O3-bolt-opt（差异在 ±5% 内）
2026-03-31 17:20:48,203 INFO:    111                   Ptrdist_yacr2    1.0016    1.0827   -0.0812  O3-bolt ≈ O3-bolt-opt（差异在 ±5% 内）
2026-03-31 17:20:48,204 INFO:    112                Rodinia_backprop    0.9924    1.0022   -0.0098  O3-bolt ≈ O3-bolt-opt（差异在 ±5% 内）
2026-03-31 17:20:48,204 INFO:    113                 Rodinia_hotspot    1.0124    1.0010   +0.0114  O3-bolt ≈ O3-bolt-opt（差异在 ±5% 内）
2026-03-31 17:20:48,204 INFO:    114              Rodinia_pathfinder    1.0000    0.9929   +0.0071  O3-bolt ≈ O3-bolt-opt（差异在 ±5% 内）
2026-03-31 17:20:48,204 INFO:    115                    Rodinia_srad    1.0058    1.0223   -0.0165  O3-bolt ≈ O3-bolt-opt（差异在 ±5% 内）
2026-03-31 17:20:48,204 INFO:    116                      SciMark2-C    1.0035    1.0162   -0.0127  O3-bolt ≈ O3-bolt-opt（差异在 ±5% 内）
2026-03-31 17:20:48,204 INFO:    117            TSVC_ControlFlow-dbl    1.0124    1.0357   -0.0233  O3-bolt ≈ O3-bolt-opt（差异在 ±5% 内）
2026-03-31 17:20:48,205 INFO:    118            TSVC_ControlFlow-flt    1.0106    1.0493   -0.0387  O3-bolt ≈ O3-bolt-opt（差异在 ±5% 内）
2026-03-31 17:20:48,205 INFO:    119           TSVC_ControlLoops-dbl    1.0082    0.9995   +0.0088  O3-bolt ≈ O3-bolt-opt（差异在 ±5% 内）
2026-03-31 17:20:48,205 INFO:    120           TSVC_ControlLoops-flt    1.0121    1.0061   +0.0060  O3-bolt ≈ O3-bolt-opt（差异在 ±5% 内）
2026-03-31 17:20:48,205 INFO:    121     TSVC_CrossingThresholds-dbl    1.0094    0.9985   +0.0109  O3-bolt ≈ O3-bolt-opt（差异在 ±5% 内）
2026-03-31 17:20:48,205 INFO:    122     TSVC_CrossingThresholds-flt    1.0094    1.0394   -0.0299  O3-bolt ≈ O3-bolt-opt（差异在 ±5% 内）
2026-03-31 17:20:48,205 INFO:    123          TSVC_Equivalencing-dbl    1.1024    1.0380   +0.0644  O3-bolt 优于 O3-bolt-opt（快 9.3%，加速比 1.10x）
2026-03-31 17:20:48,206 INFO:    124          TSVC_Equivalencing-flt    1.0964    1.0328   +0.0635  O3-bolt 优于 O3-bolt-opt（快 8.8%，加速比 1.10x）
2026-03-31 17:20:48,206 INFO:    125              TSVC_Expansion-dbl    1.0532    1.0179   +0.0353  O3-bolt 优于 O3-bolt-opt（快 5.0%，加速比 1.05x）
2026-03-31 17:20:48,206 INFO:    126              TSVC_Expansion-flt    1.0703    1.0609   +0.0094  O3-bolt 优于 O3-bolt-opt（快 6.6%，加速比 1.07x）
2026-03-31 17:20:48,206 INFO:    127         TSVC_GlobalDataFlow-dbl    1.0742    1.0232   +0.0510  O3-bolt 优于 O3-bolt-opt（快 6.9%，加速比 1.07x）
2026-03-31 17:20:48,206 INFO:    128         TSVC_GlobalDataFlow-flt    1.1187    1.0137   +0.1050  O3-bolt 优于 O3-bolt-opt（快 10.6%，加速比 1.12x）
2026-03-31 17:20:48,206 INFO:    129     TSVC_IndirectAddressing-dbl    1.0097    0.9923   +0.0174  O3-bolt ≈ O3-bolt-opt（差异在 ±5% 内）
2026-03-31 17:20:48,206 INFO:    130     TSVC_IndirectAddressing-flt    1.0102    0.9730   +0.0372  O3-bolt ≈ O3-bolt-opt（差异在 ±5% 内）
2026-03-31 17:20:48,207 INFO:    131      TSVC_InductionVariable-dbl    1.0234    1.0532   -0.0298  O3-bolt ≈ O3-bolt-opt（差异在 ±5% 内）
2026-03-31 17:20:48,207 INFO:    132      TSVC_InductionVariable-flt    1.0179    1.0012   +0.0167  O3-bolt ≈ O3-bolt-opt（差异在 ±5% 内）
2026-03-31 17:20:48,207 INFO:    133       TSVC_LinearDependence-dbl    1.0212    1.0151   +0.0060  O3-bolt ≈ O3-bolt-opt（差异在 ±5% 内）
2026-03-31 17:20:48,207 INFO:    134       TSVC_LinearDependence-flt    1.0453    0.9595   +0.0858  O3-bolt ≈ O3-bolt-opt（差异在 ±5% 内）
2026-03-31 17:20:48,207 INFO:    135          TSVC_LoopRerolling-dbl    1.0078    1.0031   +0.0046  O3-bolt ≈ O3-bolt-opt（差异在 ±5% 内）
2026-03-31 17:20:48,207 INFO:    136          TSVC_LoopRerolling-flt    1.0069    0.9985   +0.0084  O3-bolt ≈ O3-bolt-opt（差异在 ±5% 内）
2026-03-31 17:20:48,208 INFO:    137      TSVC_LoopRestructuring-dbl    1.1082    1.0300   +0.0782  O3-bolt 优于 O3-bolt-opt（快 9.8%，加速比 1.11x）
2026-03-31 17:20:48,208 INFO:    138      TSVC_LoopRestructuring-flt    1.1587    1.0305   +0.1283  O3-bolt 优于 O3-bolt-opt（快 13.7%，加速比 1.16x）
2026-03-31 17:20:48,208 INFO:    139          TSVC_NodeSplitting-dbl    1.0638    1.0178   +0.0460  O3-bolt 优于 O3-bolt-opt（快 6.0%，加速比 1.06x）
2026-03-31 17:20:48,208 INFO:    140          TSVC_NodeSplitting-flt    1.0561    1.0996   -0.0435  O3-bolt 优于 O3-bolt-opt（快 5.3%，加速比 1.06x）
2026-03-31 17:20:48,208 INFO:    141                TSVC_Packing-dbl    0.9974    1.1725   -0.1751  O3-bolt ≈ O3-bolt-opt（差异在 ±5% 内）
2026-03-31 17:20:48,208 INFO:    142                TSVC_Packing-flt    0.9972    1.2275   -0.2303  O3-bolt ≈ O3-bolt-opt（差异在 ±5% 内）
2026-03-31 17:20:48,209 INFO:    143            TSVC_Recurrences-dbl    1.3114    1.0605   +0.2509  O3-bolt 优于 O3-bolt-opt（快 23.7%，加速比 1.31x）
2026-03-31 17:20:48,209 INFO:    144            TSVC_Recurrences-flt    1.3197    1.0591   +0.2606  O3-bolt 优于 O3-bolt-opt（快 24.2%，加速比 1.32x）
2026-03-31 17:20:48,209 INFO:    145             TSVC_Reductions-dbl    1.0335    1.0058   +0.0277  O3-bolt ≈ O3-bolt-opt（差异在 ±5% 内）
2026-03-31 17:20:48,209 INFO:    146             TSVC_Reductions-flt    1.0324    1.0095   +0.0230  O3-bolt ≈ O3-bolt-opt（差异在 ±5% 内）
2026-03-31 17:20:48,209 INFO:    147              TSVC_Searching-dbl    1.0066    0.9907   +0.0159  O3-bolt ≈ O3-bolt-opt（差异在 ±5% 内）
2026-03-31 17:20:48,210 INFO:    148              TSVC_Searching-flt    1.0132    0.9965   +0.0167  O3-bolt ≈ O3-bolt-opt（差异在 ±5% 内）
2026-03-31 17:20:48,210 INFO:    149    TSVC_StatementReordering-dbl    1.0421    1.0196   +0.0225  O3-bolt ≈ O3-bolt-opt（差异在 ±5% 内）
2026-03-31 17:20:48,210 INFO:    150    TSVC_StatementReordering-flt    1.0448    1.0289   +0.0160  O3-bolt ≈ O3-bolt-opt（差异在 ±5% 内）
2026-03-31 17:20:48,210 INFO:    151              TSVC_Symbolics-dbl    1.0117    0.9513   +0.0604  O3-bolt ≈ O3-bolt-opt（差异在 ±5% 内）
2026-03-31 17:20:48,210 INFO:    152              TSVC_Symbolics-flt    1.0142    0.8980   +0.1162  O3-bolt ≈ O3-bolt-opt（差异在 ±5% 内）
2026-03-31 17:20:48,210 INFO:    153               Trimaran_enc-3des    0.9946    1.0035   -0.0089  O3-bolt ≈ O3-bolt-opt（差异在 ±5% 内）
2026-03-31 17:20:48,211 INFO:    154                Trimaran_enc-md5    0.9984    1.0062   -0.0078  O3-bolt ≈ O3-bolt-opt（差异在 ±5% 内）
2026-03-31 17:20:48,211 INFO:    155                Trimaran_enc-pc1    0.9992    1.0024   -0.0032  O3-bolt ≈ O3-bolt-opt（差异在 ±5% 内）
2026-03-31 17:20:48,211 INFO:    156                Trimaran_enc-rc4    1.0086    0.9956   +0.0131  O3-bolt ≈ O3-bolt-opt（差异在 ±5% 内）
2026-03-31 17:20:48,211 INFO:    157           Trimaran_netbench-crc    1.0145    1.0002   +0.0143  O3-bolt ≈ O3-bolt-opt（差异在 ±5% 内）
2026-03-31 17:20:48,212 INFO:    158           Trimaran_netbench-url    1.0219    1.0005   +0.0214  O3-bolt ≈ O3-bolt-opt（差异在 ±5% 内）
2026-03-31 17:20:48,212 INFO:    159                VersaBench_8b10b    1.0004    0.8873   +0.1131  O3-bolt ≈ O3-bolt-opt（差异在 ±5% 内）
2026-03-31 17:20:48,212 INFO:    160           VersaBench_beamformer    1.0101    1.0011   +0.0090  O3-bolt ≈ O3-bolt-opt（差异在 ±5% 内）
2026-03-31 17:20:48,212 INFO:    161                  VersaBench_bmm    1.0106    0.9943   +0.0163  O3-bolt ≈ O3-bolt-opt（差异在 ±5% 内）
2026-03-31 17:20:48,212 INFO:    162                 VersaBench_dbms    0.9985    1.0281   -0.0296  O3-bolt ≈ O3-bolt-opt（差异在 ±5% 内）
2026-03-31 17:20:48,212 INFO:    163               VersaBench_ecbdes    0.9983    1.0135   -0.0152  O3-bolt ≈ O3-bolt-opt（差异在 ±5% 内）
2026-03-31 17:20:48,213 INFO:    164                    llubenchmark    1.0171    1.0041   +0.0130  O3-bolt ≈ O3-bolt-opt（差异在 ±5% 内）
2026-03-31 17:20:48,213 INFO:    165                           mafft    0.9820    1.0142   -0.0322  O3-bolt ≈ O3-bolt-opt（差异在 ±5% 内）
2026-03-31 17:20:48,213 INFO:    166      mediabench_adpcm_rawcaudio    1.0112    0.9965   +0.0147  O3-bolt ≈ O3-bolt-opt（差异在 ±5% 内）
2026-03-31 17:20:48,213 INFO:    167      mediabench_adpcm_rawdaudio    0.9985    1.0134   -0.0149  O3-bolt ≈ O3-bolt-opt（差异在 ±5% 内）
2026-03-31 17:20:48,213 INFO:    168      mediabench_g721_g721encode    1.0105    1.0083   +0.0022  O3-bolt ≈ O3-bolt-opt（差异在 ±5% 内）
2026-03-31 17:20:48,213 INFO:    169            mediabench_gsm_toast    0.9978    0.9983   -0.0005  O3-bolt ≈ O3-bolt-opt（差异在 ±5% 内）
2026-03-31 17:20:48,214 INFO:    170         mediabench_jpeg_jpeg-6a    1.0002    1.0156   -0.0155  O3-bolt ≈ O3-bolt-opt（差异在 ±5% 内）
2026-03-31 17:20:48,214 INFO:    171       mediabench_mpeg2_mpeg2dec    0.9707    0.9687   +0.0020  O3-bolt ≈ O3-bolt-opt（差异在 ±5% 内）
2026-03-31 17:20:48,214 INFO:    172                          nbench    0.9969    0.9667   +0.0302  O3-bolt ≈ O3-bolt-opt（差异在 ±5% 内）
2026-03-31 17:20:48,214 INFO:    173                             sim    0.9962    1.0287   -0.0325  O3-bolt ≈ O3-bolt-opt（差异在 ±5% 内）
2026-03-31 17:20:48,214 INFO:    174                      tramp3d-v4    0.9560    1.0019   -0.0459  O3-bolt ≈ O3-bolt-opt（差异在 ±5% 内）
2026-03-31 17:20:48,215 INFO: 
  ── 验证指标 ──
2026-03-31 17:20:48,215 INFO:   MAE  = 0.0360
2026-03-31 17:20:48,215 INFO:   MSE  = 0.0064
2026-03-31 17:20:48,215 INFO:   RMSE = 0.0799
2026-03-31 17:20:48,215 INFO:   方向准确率 = 98/174 (56.3%)
2026-03-31 17:20:48,215 INFO:   预测 O3-bolt 更优: 89/174  (真实: 117/174)
2026-03-31 17:20:48,216 INFO:   方向准确率（排除 ±5%）= 13/22 (59.1%)
2026-03-31 17:20:48,216 INFO: 
