2026-03-30 23:06:30,773 INFO: 自动选择设备: directml
2026-03-30 23:06:30,773 INFO: 设备: privateuseone:0
2026-03-30 23:06:30,773 INFO: 设备类型: directml
2026-03-30 23:06:30,773 INFO: 从配置文件自动加载: /home/ssy/Siamese-MicroPerf/configs/cnn_best_inst.json
2026-03-30 23:06:30,912 INFO: 模型加载完成: checkpoints/cnn_best_inst.pt  (设备: privateuseone:0)
2026-03-30 23:06:30,913 INFO: 模型类型: cnn
2026-03-30 23:06:30,913 INFO: 模型参数: {'in_features': 6, 'mlp_hidden': 128, 'dropout': 0.1, 'cnn_hidden': 64, 'cnn_out': 128}
2026-03-30 23:06:30,913 INFO: pair-swap 训练增强: False（此为训练时数据增强，不影响推理逻辑）
2026-03-30 23:06:30,986 INFO: ========================================================================
2026-03-30 23:06:30,986 INFO: 版本对: O1-g_vs_O3-g  (O1-g vs O3-g)  共 174 个程序
2026-03-30 23:06:30,986 INFO: 标签模式: inst_retired_ratio
2026-03-30 23:06:30,986 INFO: 标签定义: Y = Σinst_v1 / Σinst_v2 (retired instruction ratio)
2026-03-30 23:06:30,987 INFO: 判定方向: Y > 1 视为 O1-g 更快，Y < 1 视为 O3-g 更快
2026-03-30 23:06:30,987 INFO: ========================================================================
2026-03-30 23:06:30,987 INFO:      #                              程序      预测 Ŷ      真实 Y        误差  判断
2026-03-30 23:06:30,987 INFO:   ------------------------------------------------------------------------
2026-03-30 23:06:30,987 INFO:      1                            7zip    1.0166    1.0521   -0.0355  O1-g ≈ O3-g（差异在 ±5% 内）
2026-03-30 23:06:30,987 INFO:      2             ASCI_Purple_SMG2000    1.1998    1.5191   -0.3193  O1-g 优于 O3-g（快 16.7%，加速比 1.20x）
2026-03-30 23:06:30,987 INFO:      3               ASC_Sequoia_AMGmk    0.7810    0.8474   -0.0664  O3-g 优于 O1-g（快 21.9%，加速比 1.28x）
2026-03-30 23:06:30,988 INFO:      4           ASC_Sequoia_CrystalMk    1.0684    1.0124   +0.0560  O1-g 优于 O3-g（快 6.4%，加速比 1.07x）
2026-03-30 23:06:30,988 INFO:      5               ASC_Sequoia_IRSmk    0.9737    0.9520   +0.0217  O1-g ≈ O3-g（差异在 ±5% 内）
2026-03-30 23:06:30,988 INFO:      6                  BitBench_drop3    0.9571    0.9976   -0.0405  O1-g ≈ O3-g（差异在 ±5% 内）
2026-03-30 23:06:30,988 INFO:      7                 BitBench_five11    0.9651    1.0123   -0.0472  O1-g ≈ O3-g（差异在 ±5% 内）
2026-03-30 23:06:30,988 INFO:      8               BitBench_uudecode    0.9989    1.0297   -0.0308  O1-g ≈ O3-g（差异在 ±5% 内）
2026-03-30 23:06:30,988 INFO:      9               BitBench_uuencode    1.1521    1.0584   +0.0938  O1-g 优于 O3-g（快 13.2%，加速比 1.15x）
2026-03-30 23:06:30,989 INFO:     10                          Bullet    1.0044    0.9819   +0.0225  O1-g ≈ O3-g（差异在 ±5% 内）
2026-03-30 23:06:30,989 INFO:     11         DOE-ProxyApps-C++_CLAMR    0.9810    0.9871   -0.0060  O1-g ≈ O3-g（差异在 ±5% 内）
2026-03-30 23:06:30,989 INFO:     12   DOE-ProxyApps-C++_HACCKernels    1.3072    1.1396   +0.1676  O1-g 优于 O3-g（快 23.5%，加速比 1.31x）
2026-03-30 23:06:30,989 INFO:     13         DOE-ProxyApps-C++_HPCCG    1.5573    1.2799   +0.2773  O1-g 优于 O3-g（快 35.8%，加速比 1.56x）
2026-03-30 23:06:30,989 INFO:     14       DOE-ProxyApps-C++_PENNANT    1.0069    1.0096   -0.0027  O1-g ≈ O3-g（差异在 ±5% 内）
2026-03-30 23:06:30,989 INFO:     15        DOE-ProxyApps-C++_miniFE    1.3659    1.2087   +0.1572  O1-g 优于 O3-g（快 26.8%，加速比 1.37x）
2026-03-30 23:06:30,989 INFO:     16            DOE-ProxyApps-C_CoMD    1.4093    1.2389   +0.1704  O1-g 优于 O3-g（快 29.0%，加速比 1.41x）
2026-03-30 23:06:30,989 INFO:     17      DOE-ProxyApps-C_Pathfinder    0.9885    0.9799   +0.0086  O1-g ≈ O3-g（差异在 ±5% 内）
2026-03-30 23:06:30,989 INFO:     18         DOE-ProxyApps-C_RSBench    0.9875    1.0098   -0.0223  O1-g ≈ O3-g（差异在 ±5% 内）
2026-03-30 23:06:30,990 INFO:     19       DOE-ProxyApps-C_SimpleMOC    0.9572    0.9276   +0.0296  O1-g ≈ O3-g（差异在 ±5% 内）
2026-03-30 23:06:30,990 INFO:     20         DOE-ProxyApps-C_XSBench    1.0084    0.9930   +0.0154  O1-g ≈ O3-g（差异在 ±5% 内）
2026-03-30 23:06:30,990 INFO:     21         DOE-ProxyApps-C_miniAMR    1.0049    1.0033   +0.0016  O1-g ≈ O3-g（差异在 ±5% 内）
2026-03-30 23:06:30,990 INFO:     22         DOE-ProxyApps-C_miniGMG    1.0780    1.0993   -0.0213  O1-g 优于 O3-g（快 7.2%，加速比 1.08x）
2026-03-30 23:06:30,990 INFO:     23                     Fhourstones    0.9551    0.9871   -0.0320  O1-g ≈ O3-g（差异在 ±5% 内）
2026-03-30 23:06:30,990 INFO:     24                 Fhourstones-3.1    1.0259    1.0033   +0.0226  O1-g ≈ O3-g（差异在 ±5% 内）
2026-03-30 23:06:30,990 INFO:     25              FreeBench_analyzer    0.9516    0.9505   +0.0010  O1-g ≈ O3-g（差异在 ±5% 内）
2026-03-30 23:06:30,990 INFO:     26               FreeBench_distray    1.0175    1.0459   -0.0284  O1-g ≈ O3-g（差异在 ±5% 内）
2026-03-30 23:06:30,991 INFO:     27            FreeBench_fourinarow    1.8914    2.2265   -0.3351  O1-g 优于 O3-g（快 47.1%，加速比 1.89x）
2026-03-30 23:06:30,991 INFO:     28                 FreeBench_mason    0.9988    1.0239   -0.0251  O1-g ≈ O3-g（差异在 ±5% 内）
2026-03-30 23:06:30,991 INFO:     29                FreeBench_neural    1.4182    1.3307   +0.0875  O1-g 优于 O3-g（快 29.5%，加速比 1.42x）
2026-03-30 23:06:30,991 INFO:     30            FreeBench_pcompress2    1.0474    0.9630   +0.0844  O1-g ≈ O3-g（差异在 ±5% 内）
2026-03-30 23:06:30,991 INFO:     31                 FreeBench_pifft    1.0108    1.1220   -0.1111  O1-g ≈ O3-g（差异在 ±5% 内）
2026-03-30 23:06:30,991 INFO:     32               MallocBench_cfrac    0.9849    1.0067   -0.0218  O1-g ≈ O3-g（差异在 ±5% 内）
2026-03-30 23:06:30,991 INFO:     33            MallocBench_espresso    0.9842    0.9652   +0.0189  O1-g ≈ O3-g（差异在 ±5% 内）
2026-03-30 23:06:30,991 INFO:     34                  MallocBench_gs    0.9759    0.9654   +0.0105  O1-g ≈ O3-g（差异在 ±5% 内）
2026-03-30 23:06:30,991 INFO:     35                 McCat_01-qbsort    0.9845    1.0365   -0.0520  O1-g ≈ O3-g（差异在 ±5% 内）
2026-03-30 23:06:30,992 INFO:     36               McCat_03-testtrie    0.9529    0.9904   -0.0375  O1-g ≈ O3-g（差异在 ±5% 内）
2026-03-30 23:06:30,992 INFO:     37                 McCat_04-bisect    1.0104    0.9162   +0.0942  O1-g ≈ O3-g（差异在 ±5% 内）
2026-03-30 23:06:30,992 INFO:     38                    McCat_05-eks    0.9800    0.9865   -0.0065  O1-g ≈ O3-g（差异在 ±5% 内）
2026-03-30 23:06:30,992 INFO:     39                   McCat_08-main    1.0062    1.1068   -0.1007  O1-g ≈ O3-g（差异在 ±5% 内）
2026-03-30 23:06:30,992 INFO:     40                    McCat_09-vor    1.0311    1.0285   +0.0026  O1-g ≈ O3-g（差异在 ±5% 内）
2026-03-30 23:06:30,992 INFO:     41                 McCat_12-IOtest    0.9499    1.0112   -0.0613  O3-g 优于 O1-g（快 5.0%，加速比 1.05x）
2026-03-30 23:06:30,992 INFO:     42                   McCat_15-trie    1.0320    1.0379   -0.0059  O1-g ≈ O3-g（差异在 ±5% 内）
2026-03-30 23:06:30,992 INFO:     43                  McCat_17-bintr    1.2304    1.1981   +0.0323  O1-g 优于 O3-g（快 18.7%，加速比 1.23x）
2026-03-30 23:06:30,993 INFO:     44                    McCat_18-imp    0.9989    1.0042   -0.0054  O1-g ≈ O3-g（差异在 ±5% 内）
2026-03-30 23:06:30,993 INFO:     45    MiBench_automotive-basicmath    1.0010    1.0010   +0.0000  O1-g ≈ O3-g（差异在 ±5% 内）
2026-03-30 23:06:30,993 INFO:     46     MiBench_automotive-bitcount    0.9643    0.9651   -0.0008  O1-g ≈ O3-g（差异在 ±5% 内）
2026-03-30 23:06:30,993 INFO:     47        MiBench_automotive-susan    1.0868    1.0447   +0.0421  O1-g 优于 O3-g（快 8.0%，加速比 1.09x）
2026-03-30 23:06:30,993 INFO:     48           MiBench_consumer-jpeg    1.0268    1.0701   -0.0433  O1-g ≈ O3-g（差异在 ±5% 内）
2026-03-30 23:06:30,993 INFO:     49           MiBench_consumer-lame    1.2749    1.0948   +0.1801  O1-g 优于 O3-g（快 21.6%，加速比 1.27x）
2026-03-30 23:06:30,993 INFO:     50        MiBench_consumer-typeset    1.0144    0.9927   +0.0216  O1-g ≈ O3-g（差异在 ±5% 内）
2026-03-30 23:06:30,993 INFO:     51        MiBench_network-dijkstra    0.9119    0.9994   -0.0875  O3-g 优于 O1-g（快 8.8%，加速比 1.10x）
2026-03-30 23:06:30,993 INFO:     52        MiBench_network-patricia    1.1553    0.9861   +0.1692  O1-g 优于 O3-g（快 13.4%，加速比 1.16x）
2026-03-30 23:06:30,994 INFO:     53           MiBench_office-ispell    0.9929    1.0020   -0.0091  O1-g ≈ O3-g（差异在 ±5% 内）
2026-03-30 23:06:30,994 INFO:     54     MiBench_office-stringsearch    0.9742    1.1175   -0.1433  O1-g ≈ O3-g（差异在 ±5% 内）
2026-03-30 23:06:30,994 INFO:     55       MiBench_security-blowfish    1.0050    0.9830   +0.0220  O1-g ≈ O3-g（差异在 ±5% 内）
2026-03-30 23:06:30,994 INFO:     56       MiBench_security-rijndael    1.0550    1.0217   +0.0333  O1-g 优于 O3-g（快 5.2%，加速比 1.05x）
2026-03-30 23:06:30,994 INFO:     57            MiBench_security-sha    1.3295    1.2565   +0.0729  O1-g 优于 O3-g（快 24.8%，加速比 1.33x）
2026-03-30 23:06:30,994 INFO:     58          MiBench_telecomm-CRC32    0.9859    0.9977   -0.0118  O1-g ≈ O3-g（差异在 ±5% 内）
2026-03-30 23:06:30,994 INFO:     59            MiBench_telecomm-FFT    0.9844    1.0049   -0.0205  O1-g ≈ O3-g（差异在 ±5% 内）
2026-03-30 23:06:30,994 INFO:     60          MiBench_telecomm-adpcm    0.9943    1.0040   -0.0097  O1-g ≈ O3-g（差异在 ±5% 内）
2026-03-30 23:06:30,995 INFO:     61            MiBench_telecomm-gsm    1.1227    1.0295   +0.0932  O1-g 优于 O3-g（快 10.9%，加速比 1.12x）
2026-03-30 23:06:30,995 INFO:     62                   NPB-serial_is    1.2184    1.2225   -0.0041  O1-g 优于 O3-g（快 17.9%，加速比 1.22x）
2026-03-30 23:06:30,995 INFO:     63                        Olden_bh    1.6563    1.7718   -0.1155  O1-g 优于 O3-g（快 39.6%，加速比 1.66x）
2026-03-30 23:06:30,995 INFO:     64                    Olden_bisort    1.0360    1.0608   -0.0248  O1-g ≈ O3-g（差异在 ±5% 内）
2026-03-30 23:06:30,995 INFO:     65                      Olden_em3d    0.9918    0.9999   -0.0081  O1-g ≈ O3-g（差异在 ±5% 内）
2026-03-30 23:06:30,995 INFO:     66                    Olden_health    1.0078    1.0408   -0.0330  O1-g ≈ O3-g（差异在 ±5% 内）
2026-03-30 23:06:30,995 INFO:     67                       Olden_mst    0.9379    0.9777   -0.0398  O3-g 优于 O1-g（快 6.2%，加速比 1.07x）
2026-03-30 23:06:30,995 INFO:     68                 Olden_perimeter    0.9375    0.9649   -0.0275  O3-g 优于 O1-g（快 6.3%，加速比 1.07x）
2026-03-30 23:06:30,995 INFO:     69                     Olden_power    1.5508    1.6275   -0.0767  O1-g 优于 O3-g（快 35.5%，加速比 1.55x）
2026-03-30 23:06:30,996 INFO:     70                   Olden_treeadd    0.9452    0.9947   -0.0494  O3-g 优于 O1-g（快 5.5%，加速比 1.06x）
2026-03-30 23:06:30,996 INFO:     71                       Olden_tsp    1.1139    1.0987   +0.0153  O1-g 优于 O3-g（快 10.2%，加速比 1.11x）
2026-03-30 23:06:30,996 INFO:     72                   Olden_voronoi    0.9549    0.9869   -0.0320  O1-g ≈ O3-g（差异在 ±5% 内）
2026-03-30 23:06:30,996 INFO:     73                           PAQ8p    1.6813    1.4066   +0.2747  O1-g 优于 O3-g（快 40.5%，加速比 1.68x）
2026-03-30 23:06:30,996 INFO:     74                 Prolangs-C++_NP    0.9863    0.9880   -0.0017  O1-g ≈ O3-g（差异在 ±5% 内）
2026-03-30 23:06:30,996 INFO:     75               Prolangs-C++_city    0.9713    0.9926   -0.0213  O1-g ≈ O3-g（差异在 ±5% 内）
2026-03-30 23:06:30,996 INFO:     76             Prolangs-C++_deriv1    0.9902    0.9899   +0.0003  O1-g ≈ O3-g（差异在 ±5% 内）
2026-03-30 23:06:30,996 INFO:     77             Prolangs-C++_deriv2    0.9916    1.0121   -0.0205  O1-g ≈ O3-g（差异在 ±5% 内）
2026-03-30 23:06:30,997 INFO:     78             Prolangs-C++_employ    0.9682    1.0001   -0.0320  O1-g ≈ O3-g（差异在 ±5% 内）
2026-03-30 23:06:30,997 INFO:     79             Prolangs-C++_family    0.9889    1.0036   -0.0147  O1-g ≈ O3-g（差异在 ±5% 内）
2026-03-30 23:06:30,997 INFO:     80                Prolangs-C++_fsm    0.9946    1.0162   -0.0216  O1-g ≈ O3-g（差异在 ±5% 内）
2026-03-30 23:06:30,997 INFO:     81             Prolangs-C++_garage    0.9900    0.9811   +0.0090  O1-g ≈ O3-g（差异在 ±5% 内）
2026-03-30 23:06:30,997 INFO:     82               Prolangs-C++_life    0.9893    1.0632   -0.0739  O1-g ≈ O3-g（差异在 ±5% 内）
2026-03-30 23:06:30,997 INFO:     83            Prolangs-C++_objects    0.9919    1.0050   -0.0131  O1-g ≈ O3-g（差异在 ±5% 内）
2026-03-30 23:06:30,997 INFO:     84              Prolangs-C++_ocean    0.9609    1.0006   -0.0397  O1-g ≈ O3-g（差异在 ±5% 内）
2026-03-30 23:06:30,997 INFO:     85             Prolangs-C++_office    0.9901    1.0057   -0.0156  O1-g ≈ O3-g（差异在 ±5% 内）
2026-03-30 23:06:30,998 INFO:     86             Prolangs-C++_primes    0.4204    0.4861   -0.0657  O3-g 优于 O1-g（快 58.0%，加速比 2.38x）
2026-03-30 23:06:30,998 INFO:     87             Prolangs-C++_shapes    0.9924    1.0066   -0.0143  O1-g ≈ O3-g（差异在 ±5% 内）
2026-03-30 23:06:30,998 INFO:     88              Prolangs-C++_simul    0.9837    0.9543   +0.0294  O1-g ≈ O3-g（差异在 ±5% 内）
2026-03-30 23:06:30,998 INFO:     89              Prolangs-C++_trees    0.9877    0.9881   -0.0004  O1-g ≈ O3-g（差异在 ±5% 内）
2026-03-30 23:06:30,998 INFO:     90              Prolangs-C++_vcirc    0.9908    0.9900   +0.0008  O1-g ≈ O3-g（差异在 ±5% 内）
2026-03-30 23:06:30,998 INFO:     91         Prolangs-C_TimberWolfMC    1.0026    0.9810   +0.0216  O1-g ≈ O3-g（差异在 ±5% 内）
2026-03-30 23:06:30,998 INFO:     92                Prolangs-C_agrep    1.0361    1.0221   +0.0140  O1-g ≈ O3-g（差异在 ±5% 内）
2026-03-30 23:06:30,998 INFO:     93             Prolangs-C_allroots    0.9962    0.9888   +0.0074  O1-g ≈ O3-g（差异在 ±5% 内）
2026-03-30 23:06:30,999 INFO:     94        Prolangs-C_archie-client    0.9916    1.0012   -0.0096  O1-g ≈ O3-g（差异在 ±5% 内）
2026-03-30 23:06:30,999 INFO:     95            Prolangs-C_assembler    0.9906    0.9893   +0.0013  O1-g ≈ O3-g（差异在 ±5% 内）
2026-03-30 23:06:30,999 INFO:     96                Prolangs-C_bison    0.9931    1.0160   -0.0229  O1-g ≈ O3-g（差异在 ±5% 内）
2026-03-30 23:06:30,999 INFO:     97                Prolangs-C_cdecl    0.9921    1.0105   -0.0185  O1-g ≈ O3-g（差异在 ±5% 内）
2026-03-30 23:06:30,999 INFO:     98             Prolangs-C_compiler    0.9836    0.9945   -0.0109  O1-g ≈ O3-g（差异在 ±5% 内）
2026-03-30 23:06:30,999 INFO:     99            Prolangs-C_fixoutput    0.9851    1.0078   -0.0228  O1-g ≈ O3-g（差异在 ±5% 内）
2026-03-30 23:06:30,999 INFO:    100             Prolangs-C_football    0.9919    1.0131   -0.0212  O1-g ≈ O3-g（差异在 ±5% 内）
2026-03-30 23:06:30,999 INFO:    101                Prolangs-C_gnugo    1.0269    1.0631   -0.0362  O1-g ≈ O3-g（差异在 ±5% 内）
2026-03-30 23:06:31,000 INFO:    102               Prolangs-C_loader    0.9838    1.0133   -0.0295  O1-g ≈ O3-g（差异在 ±5% 内）
2026-03-30 23:06:31,000 INFO:    103             Prolangs-C_plot2fig    0.9938    1.0084   -0.0146  O1-g ≈ O3-g（差异在 ±5% 内）
2026-03-30 23:06:31,000 INFO:    104            Prolangs-C_simulator    0.9955    0.9891   +0.0064  O1-g ≈ O3-g（差异在 ±5% 内）
2026-03-30 23:06:31,000 INFO:    105           Prolangs-C_unix-smail    0.9998    1.0044   -0.0046  O1-g ≈ O3-g（差异在 ±5% 内）
2026-03-30 23:06:31,000 INFO:    106             Prolangs-C_unix-tbl    0.9899    1.0132   -0.0233  O1-g ≈ O3-g（差异在 ±5% 内）
2026-03-30 23:06:31,000 INFO:    107                 Ptrdist_anagram    0.9905    0.9537   +0.0368  O1-g ≈ O3-g（差异在 ±5% 内）
2026-03-30 23:06:31,000 INFO:    108                      Ptrdist_bc    1.0082    0.9996   +0.0086  O1-g ≈ O3-g（差异在 ±5% 内）
2026-03-30 23:06:31,000 INFO:    109                      Ptrdist_ft    0.8941    1.0130   -0.1189  O3-g 优于 O1-g（快 10.6%，加速比 1.12x）
2026-03-30 23:06:31,001 INFO:    110                      Ptrdist_ks    0.9433    0.9646   -0.0213  O3-g 优于 O1-g（快 5.7%，加速比 1.06x）
2026-03-30 23:06:31,001 INFO:    111                   Ptrdist_yacr2    0.9204    0.8911   +0.0293  O3-g 优于 O1-g（快 8.0%，加速比 1.09x）
2026-03-30 23:06:31,001 INFO:    112                Rodinia_backprop    1.0747    1.0722   +0.0026  O1-g 优于 O3-g（快 7.0%，加速比 1.07x）
2026-03-30 23:06:31,001 INFO:    113                 Rodinia_hotspot    1.1170    1.0905   +0.0265  O1-g 优于 O3-g（快 10.5%，加速比 1.12x）
2026-03-30 23:06:31,001 INFO:    114              Rodinia_pathfinder    1.0182    1.0271   -0.0089  O1-g ≈ O3-g（差异在 ±5% 内）
2026-03-30 23:06:31,001 INFO:    115                    Rodinia_srad    1.1648    1.1793   -0.0146  O1-g 优于 O3-g（快 14.1%，加速比 1.16x）
2026-03-30 23:06:31,001 INFO:    116                      SciMark2-C    1.1378    1.1167   +0.0211  O1-g 优于 O3-g（快 12.1%，加速比 1.14x）
2026-03-30 23:06:31,001 INFO:    117            TSVC_ControlFlow-dbl    0.9155    0.9905   -0.0750  O3-g 优于 O1-g（快 8.4%，加速比 1.09x）
2026-03-30 23:06:31,002 INFO:    118            TSVC_ControlFlow-flt    0.8912    0.9193   -0.0281  O3-g 优于 O1-g（快 10.9%，加速比 1.12x）
2026-03-30 23:06:31,002 INFO:    119           TSVC_ControlLoops-dbl    2.0512    1.7141   +0.3371  O1-g 优于 O3-g（快 51.2%，加速比 2.05x）
2026-03-30 23:06:31,002 INFO:    120           TSVC_ControlLoops-flt    1.8133    1.6248   +0.1885  O1-g 优于 O3-g（快 44.9%，加速比 1.81x）
2026-03-30 23:06:31,002 INFO:    121     TSVC_CrossingThresholds-dbl    1.4088    1.3818   +0.0270  O1-g 优于 O3-g（快 29.0%，加速比 1.41x）
2026-03-30 23:06:31,002 INFO:    122     TSVC_CrossingThresholds-flt    1.6776    1.6537   +0.0239  O1-g 优于 O3-g（快 40.4%，加速比 1.68x）
2026-03-30 23:06:31,002 INFO:    123          TSVC_Equivalencing-dbl    2.1072    2.0035   +0.1038  O1-g 优于 O3-g（快 52.5%，加速比 2.11x）
2026-03-30 23:06:31,002 INFO:    124          TSVC_Equivalencing-flt    2.0008    1.7099   +0.2909  O1-g 优于 O3-g（快 50.0%，加速比 2.00x）
2026-03-30 23:06:31,002 INFO:    125              TSVC_Expansion-dbl    1.1903    1.5144   -0.3241  O1-g 优于 O3-g（快 16.0%，加速比 1.19x）
2026-03-30 23:06:31,002 INFO:    126              TSVC_Expansion-flt    1.2750    1.4938   -0.2188  O1-g 优于 O3-g（快 21.6%，加速比 1.28x）
2026-03-30 23:06:31,003 INFO:    127         TSVC_GlobalDataFlow-dbl    1.7530    1.4991   +0.2538  O1-g 优于 O3-g（快 43.0%，加速比 1.75x）
2026-03-30 23:06:31,003 INFO:    128         TSVC_GlobalDataFlow-flt    1.8006    1.6920   +0.1086  O1-g 优于 O3-g（快 44.5%，加速比 1.80x）
2026-03-30 23:06:31,003 INFO:    129     TSVC_IndirectAddressing-dbl    1.2742    1.2671   +0.0071  O1-g 优于 O3-g（快 21.5%，加速比 1.27x）
2026-03-30 23:06:31,003 INFO:    130     TSVC_IndirectAddressing-flt    1.2755    1.2154   +0.0601  O1-g 优于 O3-g（快 21.6%，加速比 1.28x）
2026-03-30 23:06:31,003 INFO:    131      TSVC_InductionVariable-dbl    1.4727    1.2640   +0.2087  O1-g 优于 O3-g（快 32.1%，加速比 1.47x）
2026-03-30 23:06:31,003 INFO:    132      TSVC_InductionVariable-flt    1.4083    1.2762   +0.1322  O1-g 优于 O3-g（快 29.0%，加速比 1.41x）
2026-03-30 23:06:31,003 INFO:    133       TSVC_LinearDependence-dbl    1.4073    1.4450   -0.0377  O1-g 优于 O3-g（快 28.9%，加速比 1.41x）
2026-03-30 23:06:31,004 INFO:    134       TSVC_LinearDependence-flt    1.4222    1.3073   +0.1148  O1-g 优于 O3-g（快 29.7%，加速比 1.42x）
2026-03-30 23:06:31,004 INFO:    135          TSVC_LoopRerolling-dbl    1.2258    1.1688   +0.0570  O1-g 优于 O3-g（快 18.4%，加速比 1.23x）
2026-03-30 23:06:31,004 INFO:    136          TSVC_LoopRerolling-flt    1.3858    1.1674   +0.2183  O1-g 优于 O3-g（快 27.8%，加速比 1.39x）
2026-03-30 23:06:31,004 INFO:    137      TSVC_LoopRestructuring-dbl    1.6877    1.3709   +0.3168  O1-g 优于 O3-g（快 40.7%，加速比 1.69x）
2026-03-30 23:06:31,004 INFO:    138      TSVC_LoopRestructuring-flt    1.6832    1.3917   +0.2914  O1-g 优于 O3-g（快 40.6%，加速比 1.68x）
2026-03-30 23:06:31,004 INFO:    139          TSVC_NodeSplitting-dbl    1.0253    1.0733   -0.0480  O1-g ≈ O3-g（差异在 ±5% 内）
2026-03-30 23:06:31,005 INFO:    140          TSVC_NodeSplitting-flt    1.0393    1.1165   -0.0772  O1-g ≈ O3-g（差异在 ±5% 内）
2026-03-30 23:06:31,005 INFO:    141                TSVC_Packing-dbl    1.0099    1.0424   -0.0325  O1-g ≈ O3-g（差异在 ±5% 内）
2026-03-30 23:06:31,005 INFO:    142                TSVC_Packing-flt    1.0163    1.0467   -0.0304  O1-g ≈ O3-g（差异在 ±5% 内）
2026-03-30 23:06:31,005 INFO:    143            TSVC_Recurrences-dbl    1.1186    1.0676   +0.0509  O1-g 优于 O3-g（快 10.6%，加速比 1.12x）
2026-03-30 23:06:31,005 INFO:    144            TSVC_Recurrences-flt    1.1284    1.0659   +0.0625  O1-g 优于 O3-g（快 11.4%，加速比 1.13x）
2026-03-30 23:06:31,005 INFO:    145             TSVC_Reductions-dbl    1.4580    1.6704   -0.2123  O1-g 优于 O3-g（快 31.4%，加速比 1.46x）
2026-03-30 23:06:31,005 INFO:    146             TSVC_Reductions-flt    1.3969    1.6866   -0.2897  O1-g 优于 O3-g（快 28.4%，加速比 1.40x）
2026-03-30 23:06:31,006 INFO:    147              TSVC_Searching-dbl    0.7395    0.7999   -0.0604  O3-g 优于 O1-g（快 26.0%，加速比 1.35x）
2026-03-30 23:06:31,006 INFO:    148              TSVC_Searching-flt    0.7787    0.7663   +0.0124  O3-g 优于 O1-g（快 22.1%，加速比 1.28x）
2026-03-30 23:06:31,006 INFO:    149    TSVC_StatementReordering-dbl    1.0613    0.9987   +0.0626  O1-g 优于 O3-g（快 5.8%，加速比 1.06x）
2026-03-30 23:06:31,006 INFO:    150    TSVC_StatementReordering-flt    1.0657    1.0086   +0.0571  O1-g 优于 O3-g（快 6.2%，加速比 1.07x）
2026-03-30 23:06:31,006 INFO:    151              TSVC_Symbolics-dbl    1.8224    1.6154   +0.2069  O1-g 优于 O3-g（快 45.1%，加速比 1.82x）
2026-03-30 23:06:31,006 INFO:    152              TSVC_Symbolics-flt    1.7513    1.2306   +0.5207  O1-g 优于 O3-g（快 42.9%，加速比 1.75x）
2026-03-30 23:06:31,006 INFO:    153               Trimaran_enc-3des    1.0231    1.0013   +0.0218  O1-g ≈ O3-g（差异在 ±5% 内）
2026-03-30 23:06:31,006 INFO:    154                Trimaran_enc-md5    1.0003    1.0013   -0.0011  O1-g ≈ O3-g（差异在 ±5% 内）
2026-03-30 23:06:31,007 INFO:    155                Trimaran_enc-pc1    1.5281    1.1548   +0.3733  O1-g 优于 O3-g（快 34.6%，加速比 1.53x）
2026-03-30 23:06:31,007 INFO:    156                Trimaran_enc-rc4    1.1356    1.0966   +0.0390  O1-g 优于 O3-g（快 11.9%，加速比 1.14x）
2026-03-30 23:06:31,007 INFO:    157           Trimaran_netbench-crc    1.2009    1.1778   +0.0231  O1-g 优于 O3-g（快 16.7%，加速比 1.20x）
2026-03-30 23:06:31,007 INFO:    158           Trimaran_netbench-url    0.9757    0.9171   +0.0586  O1-g ≈ O3-g（差异在 ±5% 内）
2026-03-30 23:06:31,007 INFO:    159                VersaBench_8b10b    1.1163    1.1135   +0.0029  O1-g 优于 O3-g（快 10.4%，加速比 1.12x）
2026-03-30 23:06:31,007 INFO:    160           VersaBench_beamformer    0.9870    0.9723   +0.0147  O1-g ≈ O3-g（差异在 ±5% 内）
2026-03-30 23:06:31,007 INFO:    161                  VersaBench_bmm    1.0078    0.9926   +0.0152  O1-g ≈ O3-g（差异在 ±5% 内）
2026-03-30 23:06:31,007 INFO:    162                 VersaBench_dbms    1.0128    1.0090   +0.0037  O1-g ≈ O3-g（差异在 ±5% 内）
2026-03-30 23:06:31,008 INFO:    163               VersaBench_ecbdes    0.9980    1.0150   -0.0170  O1-g ≈ O3-g（差异在 ±5% 内）
2026-03-30 23:06:31,008 INFO:    164                    llubenchmark    0.9855    1.0048   -0.0193  O1-g ≈ O3-g（差异在 ±5% 内）
2026-03-30 23:06:31,008 INFO:    165                           mafft    1.0361    1.1131   -0.0771  O1-g ≈ O3-g（差异在 ±5% 内）
2026-03-30 23:06:31,008 INFO:    166      mediabench_adpcm_rawcaudio    1.0010    1.0292   -0.0283  O1-g ≈ O3-g（差异在 ±5% 内）
2026-03-30 23:06:31,008 INFO:    167      mediabench_adpcm_rawdaudio    0.9719    1.0045   -0.0326  O1-g ≈ O3-g（差异在 ±5% 内）
2026-03-30 23:06:31,008 INFO:    168      mediabench_g721_g721encode    1.2437    1.2017   +0.0420  O1-g 优于 O3-g（快 19.6%，加速比 1.24x）
2026-03-30 23:06:31,008 INFO:    169            mediabench_gsm_toast    1.1578    1.0282   +0.1296  O1-g 优于 O3-g（快 13.6%，加速比 1.16x）
2026-03-30 23:06:31,008 INFO:    170         mediabench_jpeg_jpeg-6a    0.9568    0.9937   -0.0370  O1-g ≈ O3-g（差异在 ±5% 内）
2026-03-30 23:06:31,009 INFO:    171       mediabench_mpeg2_mpeg2dec    2.2491    2.1755   +0.0736  O1-g 优于 O3-g（快 55.5%，加速比 2.25x）
2026-03-30 23:06:31,009 INFO:    172                          nbench    1.1276    1.2134   -0.0858  O1-g 优于 O3-g（快 11.3%，加速比 1.13x）
2026-03-30 23:06:31,009 INFO:    173                             sim    0.9992    0.9854   +0.0138  O1-g ≈ O3-g（差异在 ±5% 内）
2026-03-30 23:06:31,009 INFO:    174                      tramp3d-v4    1.0060    1.0530   -0.0470  O1-g ≈ O3-g（差异在 ±5% 内）
2026-03-30 23:06:31,009 INFO: 
  ── 验证指标 ──
2026-03-30 23:06:31,009 INFO:   MAE  = 0.0671
2026-03-30 23:06:31,009 INFO:   MSE  = 0.0125
2026-03-30 23:06:31,009 INFO:   RMSE = 0.1116
2026-03-30 23:06:31,010 INFO:   方向准确率 = 129/174 (74.1%)
2026-03-30 23:06:31,010 INFO:   预测 O1-g 更优: 97/174  (真实: 120/174)
2026-03-30 23:06:31,010 INFO:   方向准确率（排除 ±5%）= 72/75 (96.0%)
2026-03-30 23:06:31,019 INFO: ========================================================================
2026-03-30 23:06:31,019 INFO: 版本对: O2-bolt_vs_O2-bolt-opt  (O2-bolt vs O2-bolt-opt)  共 174 个程序
2026-03-30 23:06:31,019 INFO: 标签模式: inst_retired_ratio
2026-03-30 23:06:31,019 INFO: 标签定义: Y = Σinst_v1 / Σinst_v2 (retired instruction ratio)
2026-03-30 23:06:31,020 INFO: 判定方向: Y > 1 视为 O2-bolt 更快，Y < 1 视为 O2-bolt-opt 更快
2026-03-30 23:06:31,020 INFO: ========================================================================
2026-03-30 23:06:31,020 INFO:      #                              程序      预测 Ŷ      真实 Y        误差  判断
2026-03-30 23:06:31,020 INFO:   ------------------------------------------------------------------------
2026-03-30 23:06:31,020 INFO:      1                            7zip    0.9587    0.9919   -0.0332  O2-bolt ≈ O2-bolt-opt（差异在 ±5% 内）
2026-03-30 23:06:31,020 INFO:      2             ASCI_Purple_SMG2000    1.0083    0.9950   +0.0133  O2-bolt ≈ O2-bolt-opt（差异在 ±5% 内）
2026-03-30 23:06:31,020 INFO:      3               ASC_Sequoia_AMGmk    1.0066    1.0176   -0.0111  O2-bolt ≈ O2-bolt-opt（差异在 ±5% 内）
2026-03-30 23:06:31,021 INFO:      4           ASC_Sequoia_CrystalMk    0.9805    1.0015   -0.0210  O2-bolt ≈ O2-bolt-opt（差异在 ±5% 内）
2026-03-30 23:06:31,021 INFO:      5               ASC_Sequoia_IRSmk    1.0028    0.9964   +0.0064  O2-bolt ≈ O2-bolt-opt（差异在 ±5% 内）
2026-03-30 23:06:31,021 INFO:      6                  BitBench_drop3    0.9744    1.0471   -0.0727  O2-bolt ≈ O2-bolt-opt（差异在 ±5% 内）
2026-03-30 23:06:31,021 INFO:      7                 BitBench_five11    0.9584    0.9882   -0.0298  O2-bolt ≈ O2-bolt-opt（差异在 ±5% 内）
2026-03-30 23:06:31,021 INFO:      8               BitBench_uudecode    0.9869    1.0027   -0.0158  O2-bolt ≈ O2-bolt-opt（差异在 ±5% 内）
2026-03-30 23:06:31,021 INFO:      9               BitBench_uuencode    1.0087    1.0068   +0.0019  O2-bolt ≈ O2-bolt-opt（差异在 ±5% 内）
2026-03-30 23:06:31,021 INFO:     10                          Bullet    0.9728    1.0095   -0.0367  O2-bolt ≈ O2-bolt-opt（差异在 ±5% 内）
2026-03-30 23:06:31,022 INFO:     11         DOE-ProxyApps-C++_CLAMR    1.2346    1.0061   +0.2286  O2-bolt 优于 O2-bolt-opt（快 19.0%，加速比 1.23x）
2026-03-30 23:06:31,022 INFO:     12   DOE-ProxyApps-C++_HACCKernels    1.0077    0.9979   +0.0098  O2-bolt ≈ O2-bolt-opt（差异在 ±5% 内）
2026-03-30 23:06:31,022 INFO:     13         DOE-ProxyApps-C++_HPCCG    1.0071    1.0022   +0.0049  O2-bolt ≈ O2-bolt-opt（差异在 ±5% 内）
2026-03-30 23:06:31,022 INFO:     14       DOE-ProxyApps-C++_PENNANT    1.0032    1.0047   -0.0015  O2-bolt ≈ O2-bolt-opt（差异在 ±5% 内）
2026-03-30 23:06:31,022 INFO:     15        DOE-ProxyApps-C++_miniFE    1.0028    0.9928   +0.0099  O2-bolt ≈ O2-bolt-opt（差异在 ±5% 内）
2026-03-30 23:06:31,022 INFO:     16            DOE-ProxyApps-C_CoMD    0.9352    0.9706   -0.0354  O2-bolt-opt 优于 O2-bolt（快 6.5%，加速比 1.07x）
2026-03-30 23:06:31,022 INFO:     17      DOE-ProxyApps-C_Pathfinder    1.0433    1.0451   -0.0017  O2-bolt ≈ O2-bolt-opt（差异在 ±5% 内）
2026-03-30 23:06:31,023 INFO:     18         DOE-ProxyApps-C_RSBench    0.9750    1.0019   -0.0269  O2-bolt ≈ O2-bolt-opt（差异在 ±5% 内）
2026-03-30 23:06:31,023 INFO:     19       DOE-ProxyApps-C_SimpleMOC    1.0165    1.0242   -0.0078  O2-bolt ≈ O2-bolt-opt（差异在 ±5% 内）
2026-03-30 23:06:31,023 INFO:     20         DOE-ProxyApps-C_XSBench    1.0005    0.9859   +0.0146  O2-bolt ≈ O2-bolt-opt（差异在 ±5% 内）
2026-03-30 23:06:31,023 INFO:     21         DOE-ProxyApps-C_miniAMR    0.9713    1.0072   -0.0359  O2-bolt ≈ O2-bolt-opt（差异在 ±5% 内）
2026-03-30 23:06:31,023 INFO:     22         DOE-ProxyApps-C_miniGMG    0.9813    0.9929   -0.0116  O2-bolt ≈ O2-bolt-opt（差异在 ±5% 内）
2026-03-30 23:06:31,023 INFO:     23                     Fhourstones    0.9975    0.9981   -0.0006  O2-bolt ≈ O2-bolt-opt（差异在 ±5% 内）
2026-03-30 23:06:31,023 INFO:     24                 Fhourstones-3.1    1.0824    1.0809   +0.0016  O2-bolt 优于 O2-bolt-opt（快 7.6%，加速比 1.08x）
2026-03-30 23:06:31,023 INFO:     25              FreeBench_analyzer    0.9488    1.0211   -0.0723  O2-bolt-opt 优于 O2-bolt（快 5.1%，加速比 1.05x）
2026-03-30 23:06:31,024 INFO:     26               FreeBench_distray    0.9990    1.0034   -0.0044  O2-bolt ≈ O2-bolt-opt（差异在 ±5% 内）
2026-03-30 23:06:31,024 INFO:     27            FreeBench_fourinarow    1.0255    1.0090   +0.0165  O2-bolt ≈ O2-bolt-opt（差异在 ±5% 内）
2026-03-30 23:06:31,024 INFO:     28                 FreeBench_mason    0.9852    0.9846   +0.0006  O2-bolt ≈ O2-bolt-opt（差异在 ±5% 内）
2026-03-30 23:06:31,024 INFO:     29                FreeBench_neural    0.9871    1.0025   -0.0154  O2-bolt ≈ O2-bolt-opt（差异在 ±5% 内）
2026-03-30 23:06:31,024 INFO:     30            FreeBench_pcompress2    1.0201    1.0555   -0.0354  O2-bolt ≈ O2-bolt-opt（差异在 ±5% 内）
2026-03-30 23:06:31,024 INFO:     31                 FreeBench_pifft    1.0034    1.0021   +0.0013  O2-bolt ≈ O2-bolt-opt（差异在 ±5% 内）
2026-03-30 23:06:31,024 INFO:     32               MallocBench_cfrac    0.9680    1.0155   -0.0475  O2-bolt ≈ O2-bolt-opt（差异在 ±5% 内）
2026-03-30 23:06:31,024 INFO:     33            MallocBench_espresso    1.0546    1.0256   +0.0290  O2-bolt 优于 O2-bolt-opt（快 5.2%，加速比 1.05x）
2026-03-30 23:06:31,025 INFO:     34                  MallocBench_gs    0.9347    0.9848   -0.0501  O2-bolt-opt 优于 O2-bolt（快 6.5%，加速比 1.07x）
2026-03-30 23:06:31,025 INFO:     35                 McCat_01-qbsort    0.9734    0.9768   -0.0035  O2-bolt ≈ O2-bolt-opt（差异在 ±5% 内）
2026-03-30 23:06:31,025 INFO:     36               McCat_03-testtrie    0.9398    0.9464   -0.0066  O2-bolt-opt 优于 O2-bolt（快 6.0%，加速比 1.06x）
2026-03-30 23:06:31,025 INFO:     37                 McCat_04-bisect    1.0363    1.0146   +0.0217  O2-bolt ≈ O2-bolt-opt（差异在 ±5% 内）
2026-03-30 23:06:31,025 INFO:     38                    McCat_05-eks    0.9813    1.0160   -0.0347  O2-bolt ≈ O2-bolt-opt（差异在 ±5% 内）
2026-03-30 23:06:31,025 INFO:     39                   McCat_08-main    0.9999    0.9994   +0.0006  O2-bolt ≈ O2-bolt-opt（差异在 ±5% 内）
2026-03-30 23:06:31,025 INFO:     40                    McCat_09-vor    1.0014    0.9977   +0.0036  O2-bolt ≈ O2-bolt-opt（差异在 ±5% 内）
2026-03-30 23:06:31,025 INFO:     41                 McCat_12-IOtest    0.9612    0.9912   -0.0300  O2-bolt ≈ O2-bolt-opt（差异在 ±5% 内）
2026-03-30 23:06:31,026 INFO:     42                   McCat_15-trie    1.0059    0.9877   +0.0182  O2-bolt ≈ O2-bolt-opt（差异在 ±5% 内）
2026-03-30 23:06:31,026 INFO:     43                  McCat_17-bintr    0.9989    0.9763   +0.0226  O2-bolt ≈ O2-bolt-opt（差异在 ±5% 内）
2026-03-30 23:06:31,026 INFO:     44                    McCat_18-imp    1.0110    1.1100   -0.0990  O2-bolt ≈ O2-bolt-opt（差异在 ±5% 内）
2026-03-30 23:06:31,026 INFO:     45    MiBench_automotive-basicmath    0.9939    1.0025   -0.0086  O2-bolt ≈ O2-bolt-opt（差异在 ±5% 内）
2026-03-30 23:06:31,026 INFO:     46     MiBench_automotive-bitcount    0.9556    0.9028   +0.0528  O2-bolt ≈ O2-bolt-opt（差异在 ±5% 内）
2026-03-30 23:06:31,026 INFO:     47        MiBench_automotive-susan    1.0047    0.9968   +0.0079  O2-bolt ≈ O2-bolt-opt（差异在 ±5% 内）
2026-03-30 23:06:31,026 INFO:     48           MiBench_consumer-jpeg    0.9943    1.0002   -0.0060  O2-bolt ≈ O2-bolt-opt（差异在 ±5% 内）
2026-03-30 23:06:31,026 INFO:     49           MiBench_consumer-lame    0.9830    0.9948   -0.0119  O2-bolt ≈ O2-bolt-opt（差异在 ±5% 内）
2026-03-30 23:06:31,027 INFO:     50        MiBench_consumer-typeset    0.9860    0.9758   +0.0102  O2-bolt ≈ O2-bolt-opt（差异在 ±5% 内）
2026-03-30 23:06:31,027 INFO:     51        MiBench_network-dijkstra    0.8665    0.8840   -0.0176  O2-bolt-opt 优于 O2-bolt（快 13.4%，加速比 1.15x）
2026-03-30 23:06:31,027 INFO:     52        MiBench_network-patricia    1.1386    0.9942   +0.1444  O2-bolt 优于 O2-bolt-opt（快 12.2%，加速比 1.14x）
2026-03-30 23:06:31,027 INFO:     53           MiBench_office-ispell    0.9993    0.9903   +0.0090  O2-bolt ≈ O2-bolt-opt（差异在 ±5% 内）
2026-03-30 23:06:31,027 INFO:     54     MiBench_office-stringsearch    0.9950    0.9911   +0.0039  O2-bolt ≈ O2-bolt-opt（差异在 ±5% 内）
2026-03-30 23:06:31,027 INFO:     55       MiBench_security-blowfish    0.9947    1.0025   -0.0078  O2-bolt ≈ O2-bolt-opt（差异在 ±5% 内）
2026-03-30 23:06:31,027 INFO:     56       MiBench_security-rijndael    1.0625    1.0454   +0.0171  O2-bolt 优于 O2-bolt-opt（快 5.9%，加速比 1.06x）
2026-03-30 23:06:31,027 INFO:     57            MiBench_security-sha    1.0110    1.0052   +0.0058  O2-bolt ≈ O2-bolt-opt（差异在 ±5% 内）
2026-03-30 23:06:31,027 INFO:     58          MiBench_telecomm-CRC32    1.0216    1.0520   -0.0305  O2-bolt ≈ O2-bolt-opt（差异在 ±5% 内）
2026-03-30 23:06:31,028 INFO:     59            MiBench_telecomm-FFT    0.9865    1.0039   -0.0174  O2-bolt ≈ O2-bolt-opt（差异在 ±5% 内）
2026-03-30 23:06:31,028 INFO:     60          MiBench_telecomm-adpcm    0.9927    0.9987   -0.0060  O2-bolt ≈ O2-bolt-opt（差异在 ±5% 内）
2026-03-30 23:06:31,028 INFO:     61            MiBench_telecomm-gsm    1.0096    1.0104   -0.0007  O2-bolt ≈ O2-bolt-opt（差异在 ±5% 内）
2026-03-30 23:06:31,028 INFO:     62                   NPB-serial_is    1.0052    0.9904   +0.0148  O2-bolt ≈ O2-bolt-opt（差异在 ±5% 内）
2026-03-30 23:06:31,028 INFO:     63                        Olden_bh    0.9777    1.0029   -0.0252  O2-bolt ≈ O2-bolt-opt（差异在 ±5% 内）
2026-03-30 23:06:31,028 INFO:     64                    Olden_bisort    1.0186    0.9813   +0.0373  O2-bolt ≈ O2-bolt-opt（差异在 ±5% 内）
2026-03-30 23:06:31,028 INFO:     65                      Olden_em3d    1.3722    1.3946   -0.0224  O2-bolt 优于 O2-bolt-opt（快 27.1%，加速比 1.37x）
2026-03-30 23:06:31,029 INFO:     66                    Olden_health    1.0034    1.0084   -0.0050  O2-bolt ≈ O2-bolt-opt（差异在 ±5% 内）
2026-03-30 23:06:31,029 INFO:     67                       Olden_mst    0.9612    1.0091   -0.0479  O2-bolt ≈ O2-bolt-opt（差异在 ±5% 内）
2026-03-30 23:06:31,029 INFO:     68                 Olden_perimeter    0.9463    0.9506   -0.0043  O2-bolt-opt 优于 O2-bolt（快 5.4%，加速比 1.06x）
2026-03-30 23:06:31,029 INFO:     69                     Olden_power    1.0091    1.0000   +0.0092  O2-bolt ≈ O2-bolt-opt（差异在 ±5% 内）
2026-03-30 23:06:31,029 INFO:     70                   Olden_treeadd    0.9457    0.9897   -0.0441  O2-bolt-opt 优于 O2-bolt（快 5.4%，加速比 1.06x）
2026-03-30 23:06:31,029 INFO:     71                       Olden_tsp    1.0042    1.0033   +0.0010  O2-bolt ≈ O2-bolt-opt（差异在 ±5% 内）
2026-03-30 23:06:31,029 INFO:     72                   Olden_voronoi    0.9724    0.9978   -0.0254  O2-bolt ≈ O2-bolt-opt（差异在 ±5% 内）
2026-03-30 23:06:31,029 INFO:     73                           PAQ8p    0.9697    1.0046   -0.0349  O2-bolt ≈ O2-bolt-opt（差异在 ±5% 内）
2026-03-30 23:06:31,029 INFO:     74                 Prolangs-C++_NP    0.9904    1.0033   -0.0129  O2-bolt ≈ O2-bolt-opt（差异在 ±5% 内）
2026-03-30 23:06:31,030 INFO:     75               Prolangs-C++_city    0.9704    0.9859   -0.0155  O2-bolt ≈ O2-bolt-opt（差异在 ±5% 内）
2026-03-30 23:06:31,030 INFO:     76             Prolangs-C++_deriv1    0.9881    1.0035   -0.0154  O2-bolt ≈ O2-bolt-opt（差异在 ±5% 内）
2026-03-30 23:06:31,030 INFO:     77             Prolangs-C++_deriv2    0.9886    1.0032   -0.0146  O2-bolt ≈ O2-bolt-opt（差异在 ±5% 内）
2026-03-30 23:06:31,030 INFO:     78             Prolangs-C++_employ    0.9606    0.9944   -0.0338  O2-bolt ≈ O2-bolt-opt（差异在 ±5% 内）
2026-03-30 23:06:31,030 INFO:     79             Prolangs-C++_family    0.9897    1.0058   -0.0161  O2-bolt ≈ O2-bolt-opt（差异在 ±5% 内）
2026-03-30 23:06:31,030 INFO:     80                Prolangs-C++_fsm    0.9850    0.9898   -0.0048  O2-bolt ≈ O2-bolt-opt（差异在 ±5% 内）
2026-03-30 23:06:31,030 INFO:     81             Prolangs-C++_garage    0.9831    0.9820   +0.0011  O2-bolt ≈ O2-bolt-opt（差异在 ±5% 内）
2026-03-30 23:06:31,030 INFO:     82               Prolangs-C++_life    0.9798    1.0186   -0.0389  O2-bolt ≈ O2-bolt-opt（差异在 ±5% 内）
2026-03-30 23:06:31,031 INFO:     83            Prolangs-C++_objects    0.9827    0.9875   -0.0049  O2-bolt ≈ O2-bolt-opt（差异在 ±5% 内）
2026-03-30 23:06:31,031 INFO:     84              Prolangs-C++_ocean    0.9592    1.0042   -0.0449  O2-bolt ≈ O2-bolt-opt（差异在 ±5% 内）
2026-03-30 23:06:31,031 INFO:     85             Prolangs-C++_office    0.9894    0.9928   -0.0034  O2-bolt ≈ O2-bolt-opt（差异在 ±5% 内）
2026-03-30 23:06:31,031 INFO:     86             Prolangs-C++_primes    0.9253    1.0111   -0.0858  O2-bolt-opt 优于 O2-bolt（快 7.5%，加速比 1.08x）
2026-03-30 23:06:31,031 INFO:     87             Prolangs-C++_shapes    0.9856    1.0070   -0.0214  O2-bolt ≈ O2-bolt-opt（差异在 ±5% 内）
2026-03-30 23:06:31,031 INFO:     88              Prolangs-C++_simul    0.9856    1.0258   -0.0402  O2-bolt ≈ O2-bolt-opt（差异在 ±5% 内）
2026-03-30 23:06:31,031 INFO:     89              Prolangs-C++_trees    0.9884    1.0074   -0.0190  O2-bolt ≈ O2-bolt-opt（差异在 ±5% 内）
2026-03-30 23:06:31,031 INFO:     90              Prolangs-C++_vcirc    0.9857    0.9890   -0.0033  O2-bolt ≈ O2-bolt-opt（差异在 ±5% 内）
2026-03-30 23:06:31,032 INFO:     91         Prolangs-C_TimberWolfMC    0.9926    1.0036   -0.0110  O2-bolt ≈ O2-bolt-opt（差异在 ±5% 内）
2026-03-30 23:06:31,032 INFO:     92                Prolangs-C_agrep    1.0438    1.0415   +0.0023  O2-bolt ≈ O2-bolt-opt（差异在 ±5% 内）
2026-03-30 23:06:31,032 INFO:     93             Prolangs-C_allroots    0.9969    1.0082   -0.0113  O2-bolt ≈ O2-bolt-opt（差异在 ±5% 内）
2026-03-30 23:06:31,032 INFO:     94        Prolangs-C_archie-client    0.9850    0.9808   +0.0042  O2-bolt ≈ O2-bolt-opt（差异在 ±5% 内）
2026-03-30 23:06:31,032 INFO:     95            Prolangs-C_assembler    1.0068    1.0257   -0.0189  O2-bolt ≈ O2-bolt-opt（差异在 ±5% 内）
2026-03-30 23:06:31,032 INFO:     96                Prolangs-C_bison    0.9817    1.0009   -0.0192  O2-bolt ≈ O2-bolt-opt（差异在 ±5% 内）
2026-03-30 23:06:31,032 INFO:     97                Prolangs-C_cdecl    0.9856    0.9989   -0.0133  O2-bolt ≈ O2-bolt-opt（差异在 ±5% 内）
2026-03-30 23:06:31,033 INFO:     98             Prolangs-C_compiler    0.9864    0.9895   -0.0031  O2-bolt ≈ O2-bolt-opt（差异在 ±5% 内）
2026-03-30 23:06:31,033 INFO:     99            Prolangs-C_fixoutput    0.9882    0.9902   -0.0021  O2-bolt ≈ O2-bolt-opt（差异在 ±5% 内）
2026-03-30 23:06:31,033 INFO:    100             Prolangs-C_football    0.9836    0.9780   +0.0055  O2-bolt ≈ O2-bolt-opt（差异在 ±5% 内）
2026-03-30 23:06:31,033 INFO:    101                Prolangs-C_gnugo    1.0090    1.0216   -0.0126  O2-bolt ≈ O2-bolt-opt（差异在 ±5% 内）
2026-03-30 23:06:31,033 INFO:    102               Prolangs-C_loader    1.0061    1.0152   -0.0091  O2-bolt ≈ O2-bolt-opt（差异在 ±5% 内）
2026-03-30 23:06:31,033 INFO:    103             Prolangs-C_plot2fig    1.0118    1.0383   -0.0264  O2-bolt ≈ O2-bolt-opt（差异在 ±5% 内）
2026-03-30 23:06:31,033 INFO:    104            Prolangs-C_simulator    1.0141    1.0213   -0.0072  O2-bolt ≈ O2-bolt-opt（差异在 ±5% 内）
2026-03-30 23:06:31,034 INFO:    105           Prolangs-C_unix-smail    0.9893    0.9891   +0.0002  O2-bolt ≈ O2-bolt-opt（差异在 ±5% 内）
2026-03-30 23:06:31,034 INFO:    106             Prolangs-C_unix-tbl    0.9878    0.9875   +0.0002  O2-bolt ≈ O2-bolt-opt（差异在 ±5% 内）
2026-03-30 23:06:31,034 INFO:    107                 Ptrdist_anagram    1.0098    0.9921   +0.0177  O2-bolt ≈ O2-bolt-opt（差异在 ±5% 内）
2026-03-30 23:06:31,034 INFO:    108                      Ptrdist_bc    0.8818    0.9173   -0.0354  O2-bolt-opt 优于 O2-bolt（快 11.8%，加速比 1.13x）
2026-03-30 23:06:31,034 INFO:    109                      Ptrdist_ft    0.9592    0.9880   -0.0288  O2-bolt ≈ O2-bolt-opt（差异在 ±5% 内）
2026-03-30 23:06:31,034 INFO:    110                      Ptrdist_ks    0.8646    1.0183   -0.1537  O2-bolt-opt 优于 O2-bolt（快 13.5%，加速比 1.16x）
2026-03-30 23:06:31,034 INFO:    111                   Ptrdist_yacr2    0.9713    1.0910   -0.1197  O2-bolt ≈ O2-bolt-opt（差异在 ±5% 内）
2026-03-30 23:06:31,034 INFO:    112                Rodinia_backprop    0.9819    1.0022   -0.0204  O2-bolt ≈ O2-bolt-opt（差异在 ±5% 内）
2026-03-30 23:06:31,035 INFO:    113                 Rodinia_hotspot    0.9975    0.9939   +0.0035  O2-bolt ≈ O2-bolt-opt（差异在 ±5% 内）
2026-03-30 23:06:31,035 INFO:    114              Rodinia_pathfinder    1.0102    1.0337   -0.0235  O2-bolt ≈ O2-bolt-opt（差异在 ±5% 内）
2026-03-30 23:06:31,035 INFO:    115                    Rodinia_srad    0.9949    1.0077   -0.0128  O2-bolt ≈ O2-bolt-opt（差异在 ±5% 内）
2026-03-30 23:06:31,035 INFO:    116                      SciMark2-C    0.9981    0.9971   +0.0010  O2-bolt ≈ O2-bolt-opt（差异在 ±5% 内）
2026-03-30 23:06:31,035 INFO:    117            TSVC_ControlFlow-dbl    0.9704    1.0130   -0.0426  O2-bolt ≈ O2-bolt-opt（差异在 ±5% 内）
2026-03-30 23:06:31,035 INFO:    118            TSVC_ControlFlow-flt    1.0113    1.0244   -0.0132  O2-bolt ≈ O2-bolt-opt（差异在 ±5% 内）
2026-03-30 23:06:31,035 INFO:    119           TSVC_ControlLoops-dbl    1.0197    0.9919   +0.0279  O2-bolt ≈ O2-bolt-opt（差异在 ±5% 内）
2026-03-30 23:06:31,036 INFO:    120           TSVC_ControlLoops-flt    0.9883    0.9965   -0.0082  O2-bolt ≈ O2-bolt-opt（差异在 ±5% 内）
2026-03-30 23:06:31,036 INFO:    121     TSVC_CrossingThresholds-dbl    1.0068    1.0093   -0.0025  O2-bolt ≈ O2-bolt-opt（差异在 ±5% 内）
2026-03-30 23:06:31,036 INFO:    122     TSVC_CrossingThresholds-flt    1.0039    0.9924   +0.0115  O2-bolt ≈ O2-bolt-opt（差异在 ±5% 内）
2026-03-30 23:06:31,036 INFO:    123          TSVC_Equivalencing-dbl    1.0265    1.0353   -0.0087  O2-bolt ≈ O2-bolt-opt（差异在 ±5% 内）
2026-03-30 23:06:31,036 INFO:    124          TSVC_Equivalencing-flt    1.0814    1.0349   +0.0465  O2-bolt 优于 O2-bolt-opt（快 7.5%，加速比 1.08x）
2026-03-30 23:06:31,036 INFO:    125              TSVC_Expansion-dbl    1.0681    1.0288   +0.0394  O2-bolt 优于 O2-bolt-opt（快 6.4%，加速比 1.07x）
2026-03-30 23:06:31,036 INFO:    126              TSVC_Expansion-flt    1.0450    1.0089   +0.0361  O2-bolt ≈ O2-bolt-opt（差异在 ±5% 内）
2026-03-30 23:06:31,037 INFO:    127         TSVC_GlobalDataFlow-dbl    1.0607    1.0103   +0.0504  O2-bolt 优于 O2-bolt-opt（快 5.7%，加速比 1.06x）
2026-03-30 23:06:31,037 INFO:    128         TSVC_GlobalDataFlow-flt    1.0574    1.0037   +0.0537  O2-bolt 优于 O2-bolt-opt（快 5.4%，加速比 1.06x）
2026-03-30 23:06:31,037 INFO:    129     TSVC_IndirectAddressing-dbl    1.0127    0.9940   +0.0186  O2-bolt ≈ O2-bolt-opt（差异在 ±5% 内）
2026-03-30 23:06:31,037 INFO:    130     TSVC_IndirectAddressing-flt    1.0133    1.0019   +0.0113  O2-bolt ≈ O2-bolt-opt（差异在 ±5% 内）
2026-03-30 23:06:31,038 INFO:    131      TSVC_InductionVariable-dbl    1.0100    0.9549   +0.0551  O2-bolt ≈ O2-bolt-opt（差异在 ±5% 内）
2026-03-30 23:06:31,038 INFO:    132      TSVC_InductionVariable-flt    0.9936    0.9965   -0.0028  O2-bolt ≈ O2-bolt-opt（差异在 ±5% 内）
2026-03-30 23:06:31,038 INFO:    133       TSVC_LinearDependence-dbl    1.0189    1.0133   +0.0055  O2-bolt ≈ O2-bolt-opt（差异在 ±5% 内）
2026-03-30 23:06:31,038 INFO:    134       TSVC_LinearDependence-flt    1.0690    0.9571   +0.1118  O2-bolt 优于 O2-bolt-opt（快 6.5%，加速比 1.07x）
2026-03-30 23:06:31,038 INFO:    135          TSVC_LoopRerolling-dbl    0.9912    0.9987   -0.0076  O2-bolt ≈ O2-bolt-opt（差异在 ±5% 内）
2026-03-30 23:06:31,038 INFO:    136          TSVC_LoopRerolling-flt    0.9955    1.0027   -0.0072  O2-bolt ≈ O2-bolt-opt（差异在 ±5% 内）
2026-03-30 23:06:31,039 INFO:    137      TSVC_LoopRestructuring-dbl    1.0533    1.0433   +0.0100  O2-bolt 优于 O2-bolt-opt（快 5.1%，加速比 1.05x）
2026-03-30 23:06:31,039 INFO:    138      TSVC_LoopRestructuring-flt    1.0472    1.0416   +0.0056  O2-bolt ≈ O2-bolt-opt（差异在 ±5% 内）
2026-03-30 23:06:31,039 INFO:    139          TSVC_NodeSplitting-dbl    1.0345    1.0197   +0.0148  O2-bolt ≈ O2-bolt-opt（差异在 ±5% 内）
2026-03-30 23:06:31,039 INFO:    140          TSVC_NodeSplitting-flt    1.0303    0.9769   +0.0534  O2-bolt ≈ O2-bolt-opt（差异在 ±5% 内）
2026-03-30 23:06:31,039 INFO:    141                TSVC_Packing-dbl    0.9953    0.9658   +0.0295  O2-bolt ≈ O2-bolt-opt（差异在 ±5% 内）
2026-03-30 23:06:31,039 INFO:    142                TSVC_Packing-flt    1.1744    1.2963   -0.1219  O2-bolt 优于 O2-bolt-opt（快 14.8%，加速比 1.17x）
2026-03-30 23:06:31,040 INFO:    143            TSVC_Recurrences-dbl    1.1180    1.0561   +0.0619  O2-bolt 优于 O2-bolt-opt（快 10.6%，加速比 1.12x）
2026-03-30 23:06:31,040 INFO:    144            TSVC_Recurrences-flt    1.0699    1.0598   +0.0101  O2-bolt 优于 O2-bolt-opt（快 6.5%，加速比 1.07x）
2026-03-30 23:06:31,040 INFO:    145             TSVC_Reductions-dbl    1.0044    1.0086   -0.0042  O2-bolt ≈ O2-bolt-opt（差异在 ±5% 内）
2026-03-30 23:06:31,040 INFO:    146             TSVC_Reductions-flt    1.0322    1.0213   +0.0109  O2-bolt ≈ O2-bolt-opt（差异在 ±5% 内）
2026-03-30 23:06:31,040 INFO:    147              TSVC_Searching-dbl    0.9573    0.9914   -0.0342  O2-bolt ≈ O2-bolt-opt（差异在 ±5% 内）
2026-03-30 23:06:31,040 INFO:    148              TSVC_Searching-flt    0.9829    0.9950   -0.0121  O2-bolt ≈ O2-bolt-opt（差异在 ±5% 内）
2026-03-30 23:06:31,041 INFO:    149    TSVC_StatementReordering-dbl    1.0344    1.0162   +0.0182  O2-bolt ≈ O2-bolt-opt（差异在 ±5% 内）
2026-03-30 23:06:31,041 INFO:    150    TSVC_StatementReordering-flt    1.0395    1.0535   -0.0140  O2-bolt ≈ O2-bolt-opt（差异在 ±5% 内）
2026-03-30 23:06:31,041 INFO:    151              TSVC_Symbolics-dbl    0.9959    0.9580   +0.0379  O2-bolt ≈ O2-bolt-opt（差异在 ±5% 内）
2026-03-30 23:06:31,041 INFO:    152              TSVC_Symbolics-flt    0.9709    0.9408   +0.0301  O2-bolt ≈ O2-bolt-opt（差异在 ±5% 内）
2026-03-30 23:06:31,041 INFO:    153               Trimaran_enc-3des    1.0154    1.0017   +0.0136  O2-bolt ≈ O2-bolt-opt（差异在 ±5% 内）
2026-03-30 23:06:31,041 INFO:    154                Trimaran_enc-md5    1.0098    0.9995   +0.0104  O2-bolt ≈ O2-bolt-opt（差异在 ±5% 内）
2026-03-30 23:06:31,041 INFO:    155                Trimaran_enc-pc1    1.0066    0.9986   +0.0080  O2-bolt ≈ O2-bolt-opt（差异在 ±5% 内）
2026-03-30 23:06:31,042 INFO:    156                Trimaran_enc-rc4    0.9899    0.9935   -0.0036  O2-bolt ≈ O2-bolt-opt（差异在 ±5% 内）
2026-03-30 23:06:31,042 INFO:    157           Trimaran_netbench-crc    1.0325    0.9908   +0.0417  O2-bolt ≈ O2-bolt-opt（差异在 ±5% 内）
2026-03-30 23:06:31,042 INFO:    158           Trimaran_netbench-url    0.9526    0.9976   -0.0450  O2-bolt ≈ O2-bolt-opt（差异在 ±5% 内）
2026-03-30 23:06:31,042 INFO:    159                VersaBench_8b10b    0.9895    0.9955   -0.0059  O2-bolt ≈ O2-bolt-opt（差异在 ±5% 内）
2026-03-30 23:06:31,042 INFO:    160           VersaBench_beamformer    1.0383    1.1318   -0.0934  O2-bolt ≈ O2-bolt-opt（差异在 ±5% 内）
2026-03-30 23:06:31,042 INFO:    161                  VersaBench_bmm    0.9956    1.0137   -0.0181  O2-bolt ≈ O2-bolt-opt（差异在 ±5% 内）
2026-03-30 23:06:31,042 INFO:    162                 VersaBench_dbms    0.9997    1.0100   -0.0103  O2-bolt ≈ O2-bolt-opt（差异在 ±5% 内）
2026-03-30 23:06:31,043 INFO:    163               VersaBench_ecbdes    1.0087    1.0070   +0.0017  O2-bolt ≈ O2-bolt-opt（差异在 ±5% 内）
2026-03-30 23:06:31,043 INFO:    164                    llubenchmark    0.9682    0.9812   -0.0131  O2-bolt ≈ O2-bolt-opt（差异在 ±5% 内）
2026-03-30 23:06:31,043 INFO:    165                           mafft    1.0017    0.9227   +0.0789  O2-bolt ≈ O2-bolt-opt（差异在 ±5% 内）
2026-03-30 23:06:31,043 INFO:    166      mediabench_adpcm_rawcaudio    0.9891    0.9922   -0.0031  O2-bolt ≈ O2-bolt-opt（差异在 ±5% 内）
2026-03-30 23:06:31,043 INFO:    167      mediabench_adpcm_rawdaudio    0.9638    0.9957   -0.0318  O2-bolt ≈ O2-bolt-opt（差异在 ±5% 内）
2026-03-30 23:06:31,043 INFO:    168      mediabench_g721_g721encode    0.9800    0.9953   -0.0153  O2-bolt ≈ O2-bolt-opt（差异在 ±5% 内）
2026-03-30 23:06:31,043 INFO:    169            mediabench_gsm_toast    1.0061    1.0288   -0.0228  O2-bolt ≈ O2-bolt-opt（差异在 ±5% 内）
2026-03-30 23:06:31,044 INFO:    170         mediabench_jpeg_jpeg-6a    0.9537    0.9879   -0.0342  O2-bolt ≈ O2-bolt-opt（差异在 ±5% 内）
2026-03-30 23:06:31,044 INFO:    171       mediabench_mpeg2_mpeg2dec    0.9453    0.9745   -0.0291  O2-bolt-opt 优于 O2-bolt（快 5.5%，加速比 1.06x）
2026-03-30 23:06:31,044 INFO:    172                          nbench    0.9891    1.0343   -0.0452  O2-bolt ≈ O2-bolt-opt（差异在 ±5% 内）
2026-03-30 23:06:31,044 INFO:    173                             sim    0.9737    0.9636   +0.0101  O2-bolt ≈ O2-bolt-opt（差异在 ±5% 内）
2026-03-30 23:06:31,044 INFO:    174                      tramp3d-v4    0.9793    0.9921   -0.0129  O2-bolt ≈ O2-bolt-opt（差异在 ±5% 内）
2026-03-30 23:06:31,044 INFO: 
  ── 验证指标 ──
2026-03-30 23:06:31,044 INFO:   MAE  = 0.0247
2026-03-30 23:06:31,045 INFO:   MSE  = 0.0015
2026-03-30 23:06:31,045 INFO:   RMSE = 0.0393
2026-03-30 23:06:31,045 INFO:   方向准确率 = 111/174 (63.8%)
2026-03-30 23:06:31,045 INFO:   预测 O2-bolt 更优: 75/174  (真实: 92/174)
2026-03-30 23:06:31,045 INFO:   方向准确率（排除 ±5%）= 15/17 (88.2%)
2026-03-30 23:06:31,054 INFO: ========================================================================
2026-03-30 23:06:31,055 INFO: 版本对: O3-bolt_vs_O3-bolt-opt  (O3-bolt vs O3-bolt-opt)  共 174 个程序
2026-03-30 23:06:31,055 INFO: 标签模式: inst_retired_ratio
2026-03-30 23:06:31,055 INFO: 标签定义: Y = Σinst_v1 / Σinst_v2 (retired instruction ratio)
2026-03-30 23:06:31,055 INFO: 判定方向: Y > 1 视为 O3-bolt 更快，Y < 1 视为 O3-bolt-opt 更快
2026-03-30 23:06:31,055 INFO: ========================================================================
2026-03-30 23:06:31,055 INFO:      #                              程序      预测 Ŷ      真实 Y        误差  判断
2026-03-30 23:06:31,055 INFO:   ------------------------------------------------------------------------
2026-03-30 23:06:31,056 INFO:      1                            7zip    0.9498    1.0158   -0.0660  O3-bolt-opt 优于 O3-bolt（快 5.0%，加速比 1.05x）
2026-03-30 23:06:31,056 INFO:      2             ASCI_Purple_SMG2000    1.0045    1.0115   -0.0070  O3-bolt ≈ O3-bolt-opt（差异在 ±5% 内）
2026-03-30 23:06:31,056 INFO:      3               ASC_Sequoia_AMGmk    1.0045    1.0063   -0.0019  O3-bolt ≈ O3-bolt-opt（差异在 ±5% 内）
2026-03-30 23:06:31,056 INFO:      4           ASC_Sequoia_CrystalMk    1.0152    0.9998   +0.0154  O3-bolt ≈ O3-bolt-opt（差异在 ±5% 内）
2026-03-30 23:06:31,056 INFO:      5               ASC_Sequoia_IRSmk    1.0015    1.0054   -0.0039  O3-bolt ≈ O3-bolt-opt（差异在 ±5% 内）
2026-03-30 23:06:31,056 INFO:      6                  BitBench_drop3    0.9836    0.9271   +0.0565  O3-bolt ≈ O3-bolt-opt（差异在 ±5% 内）
2026-03-30 23:06:31,056 INFO:      7                 BitBench_five11    0.9580    0.9802   -0.0221  O3-bolt ≈ O3-bolt-opt（差异在 ±5% 内）
2026-03-30 23:06:31,057 INFO:      8               BitBench_uudecode    0.9866    1.7162   -0.7296  O3-bolt ≈ O3-bolt-opt（差异在 ±5% 内）
2026-03-30 23:06:31,057 INFO:      9               BitBench_uuencode    1.0128    1.0127   +0.0001  O3-bolt ≈ O3-bolt-opt（差异在 ±5% 内）
2026-03-30 23:06:31,057 INFO:     10                          Bullet    0.9763    1.0060   -0.0297  O3-bolt ≈ O3-bolt-opt（差异在 ±5% 内）
2026-03-30 23:06:31,057 INFO:     11         DOE-ProxyApps-C++_CLAMR    1.2363    1.0136   +0.2227  O3-bolt 优于 O3-bolt-opt（快 19.1%，加速比 1.24x）
2026-03-30 23:06:31,057 INFO:     12   DOE-ProxyApps-C++_HACCKernels    0.9973    1.0079   -0.0106  O3-bolt ≈ O3-bolt-opt（差异在 ±5% 内）
2026-03-30 23:06:31,057 INFO:     13         DOE-ProxyApps-C++_HPCCG    1.0121    1.0108   +0.0013  O3-bolt ≈ O3-bolt-opt（差异在 ±5% 内）
2026-03-30 23:06:31,057 INFO:     14       DOE-ProxyApps-C++_PENNANT    1.0112    1.0110   +0.0002  O3-bolt ≈ O3-bolt-opt（差异在 ±5% 内）
2026-03-30 23:06:31,057 INFO:     15        DOE-ProxyApps-C++_miniFE    1.0085    1.0254   -0.0169  O3-bolt ≈ O3-bolt-opt（差异在 ±5% 内）
2026-03-30 23:06:31,058 INFO:     16            DOE-ProxyApps-C_CoMD    0.9279    0.9370   -0.0092  O3-bolt-opt 优于 O3-bolt（快 7.2%，加速比 1.08x）
2026-03-30 23:06:31,058 INFO:     17      DOE-ProxyApps-C_Pathfinder    1.0434    1.0437   -0.0003  O3-bolt ≈ O3-bolt-opt（差异在 ±5% 内）
2026-03-30 23:06:31,058 INFO:     18         DOE-ProxyApps-C_RSBench    0.9586    1.0103   -0.0517  O3-bolt ≈ O3-bolt-opt（差异在 ±5% 内）
2026-03-30 23:06:31,058 INFO:     19       DOE-ProxyApps-C_SimpleMOC    1.0703    1.0159   +0.0544  O3-bolt 优于 O3-bolt-opt（快 6.6%，加速比 1.07x）
2026-03-30 23:06:31,058 INFO:     20         DOE-ProxyApps-C_XSBench    1.1037    0.9845   +0.1192  O3-bolt 优于 O3-bolt-opt（快 9.4%，加速比 1.10x）
2026-03-30 23:06:31,058 INFO:     21         DOE-ProxyApps-C_miniAMR    0.9740    1.0054   -0.0314  O3-bolt ≈ O3-bolt-opt（差异在 ±5% 内）
2026-03-30 23:06:31,058 INFO:     22         DOE-ProxyApps-C_miniGMG    0.9729    1.0027   -0.0298  O3-bolt ≈ O3-bolt-opt（差异在 ±5% 内）
2026-03-30 23:06:31,058 INFO:     23                     Fhourstones    0.9677    1.0217   -0.0540  O3-bolt ≈ O3-bolt-opt（差异在 ±5% 内）
2026-03-30 23:06:31,059 INFO:     24                 Fhourstones-3.1    1.0810    1.0852   -0.0043  O3-bolt 优于 O3-bolt-opt（快 7.5%，加速比 1.08x）
2026-03-30 23:06:31,059 INFO:     25              FreeBench_analyzer    0.9665    0.9952   -0.0287  O3-bolt ≈ O3-bolt-opt（差异在 ±5% 内）
2026-03-30 23:06:31,059 INFO:     26               FreeBench_distray    0.9927    1.0048   -0.0121  O3-bolt ≈ O3-bolt-opt（差异在 ±5% 内）
2026-03-30 23:06:31,059 INFO:     27            FreeBench_fourinarow    1.0032    1.0071   -0.0039  O3-bolt ≈ O3-bolt-opt（差异在 ±5% 内）
2026-03-30 23:06:31,059 INFO:     28                 FreeBench_mason    0.9873    0.9817   +0.0055  O3-bolt ≈ O3-bolt-opt（差异在 ±5% 内）
2026-03-30 23:06:31,059 INFO:     29                FreeBench_neural    0.9987    1.0148   -0.0162  O3-bolt ≈ O3-bolt-opt（差异在 ±5% 内）
2026-03-30 23:06:31,059 INFO:     30            FreeBench_pcompress2    1.0087    1.0279   -0.0192  O3-bolt ≈ O3-bolt-opt（差异在 ±5% 内）
2026-03-30 23:06:31,059 INFO:     31                 FreeBench_pifft    1.0078    1.0133   -0.0055  O3-bolt ≈ O3-bolt-opt（差异在 ±5% 内）
2026-03-30 23:06:31,060 INFO:     32               MallocBench_cfrac    0.9819    1.0084   -0.0265  O3-bolt ≈ O3-bolt-opt（差异在 ±5% 内）
2026-03-30 23:06:31,060 INFO:     33            MallocBench_espresso    1.0302    1.0373   -0.0072  O3-bolt ≈ O3-bolt-opt（差异在 ±5% 内）
2026-03-30 23:06:31,060 INFO:     34                  MallocBench_gs    0.9377    0.9717   -0.0340  O3-bolt-opt 优于 O3-bolt（快 6.2%，加速比 1.07x）
2026-03-30 23:06:31,060 INFO:     35                 McCat_01-qbsort    0.9746    0.9816   -0.0069  O3-bolt ≈ O3-bolt-opt（差异在 ±5% 内）
2026-03-30 23:06:31,060 INFO:     36               McCat_03-testtrie    0.9437    0.9551   -0.0114  O3-bolt-opt 优于 O3-bolt（快 5.6%，加速比 1.06x）
2026-03-30 23:06:31,060 INFO:     37                 McCat_04-bisect    1.0213    1.1022   -0.0808  O3-bolt ≈ O3-bolt-opt（差异在 ±5% 内）
2026-03-30 23:06:31,061 INFO:     38                    McCat_05-eks    0.9636    1.0057   -0.0420  O3-bolt ≈ O3-bolt-opt（差异在 ±5% 内）
2026-03-30 23:06:31,061 INFO:     39                   McCat_08-main    1.0126    0.9987   +0.0139  O3-bolt ≈ O3-bolt-opt（差异在 ±5% 内）
2026-03-30 23:06:31,061 INFO:     40                    McCat_09-vor    1.0122    1.0124   -0.0002  O3-bolt ≈ O3-bolt-opt（差异在 ±5% 内）
2026-03-30 23:06:31,061 INFO:     41                 McCat_12-IOtest    0.9585    0.9938   -0.0353  O3-bolt ≈ O3-bolt-opt（差异在 ±5% 内）
2026-03-30 23:06:31,061 INFO:     42                   McCat_15-trie    1.0211    1.0062   +0.0149  O3-bolt ≈ O3-bolt-opt（差异在 ±5% 内）
2026-03-30 23:06:31,061 INFO:     43                  McCat_17-bintr    0.9887    1.0260   -0.0373  O3-bolt ≈ O3-bolt-opt（差异在 ±5% 内）
2026-03-30 23:06:31,061 INFO:     44                    McCat_18-imp    1.0135    1.1087   -0.0952  O3-bolt ≈ O3-bolt-opt（差异在 ±5% 内）
2026-03-30 23:06:31,061 INFO:     45    MiBench_automotive-basicmath    0.9807    1.0004   -0.0197  O3-bolt ≈ O3-bolt-opt（差异在 ±5% 内）
2026-03-30 23:06:31,062 INFO:     46     MiBench_automotive-bitcount    0.9581    0.9695   -0.0113  O3-bolt ≈ O3-bolt-opt（差异在 ±5% 内）
2026-03-30 23:06:31,062 INFO:     47        MiBench_automotive-susan    1.0047    0.9953   +0.0094  O3-bolt ≈ O3-bolt-opt（差异在 ±5% 内）
2026-03-30 23:06:31,062 INFO:     48           MiBench_consumer-jpeg    0.9881    0.9914   -0.0033  O3-bolt ≈ O3-bolt-opt（差异在 ±5% 内）
2026-03-30 23:06:31,062 INFO:     49           MiBench_consumer-lame    0.9781    0.9948   -0.0167  O3-bolt ≈ O3-bolt-opt（差异在 ±5% 内）
2026-03-30 23:06:31,062 INFO:     50        MiBench_consumer-typeset    0.9773    0.9782   -0.0009  O3-bolt ≈ O3-bolt-opt（差异在 ±5% 内）
2026-03-30 23:06:31,062 INFO:     51        MiBench_network-dijkstra    0.8618    0.8859   -0.0241  O3-bolt-opt 优于 O3-bolt（快 13.8%，加速比 1.16x）
2026-03-30 23:06:31,062 INFO:     52        MiBench_network-patricia    1.1369    0.9954   +0.1414  O3-bolt 优于 O3-bolt-opt（快 12.0%，加速比 1.14x）
2026-03-30 23:06:31,062 INFO:     53           MiBench_office-ispell    1.0040    0.9937   +0.0104  O3-bolt ≈ O3-bolt-opt（差异在 ±5% 内）
2026-03-30 23:06:31,063 INFO:     54     MiBench_office-stringsearch    0.9963    1.0078   -0.0114  O3-bolt ≈ O3-bolt-opt（差异在 ±5% 内）
2026-03-30 23:06:31,063 INFO:     55       MiBench_security-blowfish    1.0107    1.0364   -0.0257  O3-bolt ≈ O3-bolt-opt（差异在 ±5% 内）
2026-03-30 23:06:31,063 INFO:     56       MiBench_security-rijndael    1.0565    1.0564   +0.0001  O3-bolt 优于 O3-bolt-opt（快 5.4%，加速比 1.06x）
2026-03-30 23:06:31,063 INFO:     57            MiBench_security-sha    1.0172    1.0075   +0.0096  O3-bolt ≈ O3-bolt-opt（差异在 ±5% 内）
2026-03-30 23:06:31,063 INFO:     58          MiBench_telecomm-CRC32    1.0274    1.0571   -0.0297  O3-bolt ≈ O3-bolt-opt（差异在 ±5% 内）
2026-03-30 23:06:31,063 INFO:     59            MiBench_telecomm-FFT    0.9856    1.0013   -0.0157  O3-bolt ≈ O3-bolt-opt（差异在 ±5% 内）
2026-03-30 23:06:31,063 INFO:     60          MiBench_telecomm-adpcm    0.9893    0.9977   -0.0084  O3-bolt ≈ O3-bolt-opt（差异在 ±5% 内）
2026-03-30 23:06:31,063 INFO:     61            MiBench_telecomm-gsm    1.0188    0.9943   +0.0245  O3-bolt ≈ O3-bolt-opt（差异在 ±5% 内）
2026-03-30 23:06:31,064 INFO:     62                   NPB-serial_is    1.0052    0.9976   +0.0076  O3-bolt ≈ O3-bolt-opt（差异在 ±5% 内）
2026-03-30 23:06:31,064 INFO:     63                        Olden_bh    0.9756    1.0072   -0.0316  O3-bolt ≈ O3-bolt-opt（差异在 ±5% 内）
2026-03-30 23:06:31,064 INFO:     64                    Olden_bisort    1.0314    1.0063   +0.0251  O3-bolt ≈ O3-bolt-opt（差异在 ±5% 内）
2026-03-30 23:06:31,064 INFO:     65                      Olden_em3d    1.3751    1.3917   -0.0166  O3-bolt 优于 O3-bolt-opt（快 27.3%，加速比 1.38x）
2026-03-30 23:06:31,064 INFO:     66                    Olden_health    1.0119    1.0121   -0.0002  O3-bolt ≈ O3-bolt-opt（差异在 ±5% 内）
2026-03-30 23:06:31,064 INFO:     67                       Olden_mst    0.9721    1.0156   -0.0435  O3-bolt ≈ O3-bolt-opt（差异在 ±5% 内）
2026-03-30 23:06:31,064 INFO:     68                 Olden_perimeter    0.9523    0.9964   -0.0441  O3-bolt ≈ O3-bolt-opt（差异在 ±5% 内）
2026-03-30 23:06:31,065 INFO:     69                     Olden_power    0.9768    1.0005   -0.0237  O3-bolt ≈ O3-bolt-opt（差异在 ±5% 内）
2026-03-30 23:06:31,065 INFO:     70                   Olden_treeadd    0.9472    1.0069   -0.0597  O3-bolt-opt 优于 O3-bolt（快 5.3%，加速比 1.06x）
2026-03-30 23:06:31,065 INFO:     71                       Olden_tsp    0.9857    1.0085   -0.0227  O3-bolt ≈ O3-bolt-opt（差异在 ±5% 内）
2026-03-30 23:06:31,065 INFO:     72                   Olden_voronoi    0.9748    1.0063   -0.0315  O3-bolt ≈ O3-bolt-opt（差异在 ±5% 内）
2026-03-30 23:06:31,065 INFO:     73                           PAQ8p    0.9667    1.0174   -0.0506  O3-bolt ≈ O3-bolt-opt（差异在 ±5% 内）
2026-03-30 23:06:31,065 INFO:     74                 Prolangs-C++_NP    0.9946    1.0148   -0.0202  O3-bolt ≈ O3-bolt-opt（差异在 ±5% 内）
2026-03-30 23:06:31,065 INFO:     75               Prolangs-C++_city    0.9694    1.0484   -0.0789  O3-bolt ≈ O3-bolt-opt（差异在 ±5% 内）
2026-03-30 23:06:31,065 INFO:     76             Prolangs-C++_deriv1    0.9923    0.9895   +0.0028  O3-bolt ≈ O3-bolt-opt（差异在 ±5% 内）
2026-03-30 23:06:31,066 INFO:     77             Prolangs-C++_deriv2    0.9908    0.9930   -0.0022  O3-bolt ≈ O3-bolt-opt（差异在 ±5% 内）
2026-03-30 23:06:31,066 INFO:     78             Prolangs-C++_employ    0.9679    1.0114   -0.0435  O3-bolt ≈ O3-bolt-opt（差异在 ±5% 内）
2026-03-30 23:06:31,066 INFO:     79             Prolangs-C++_family    0.9921    0.9994   -0.0074  O3-bolt ≈ O3-bolt-opt（差异在 ±5% 内）
2026-03-30 23:06:31,066 INFO:     80                Prolangs-C++_fsm    0.9990    1.0020   -0.0030  O3-bolt ≈ O3-bolt-opt（差异在 ±5% 内）
2026-03-30 23:06:31,066 INFO:     81             Prolangs-C++_garage    0.9949    0.9954   -0.0004  O3-bolt ≈ O3-bolt-opt（差异在 ±5% 内）
2026-03-30 23:06:31,066 INFO:     82               Prolangs-C++_life    0.9794    1.0246   -0.0452  O3-bolt ≈ O3-bolt-opt（差异在 ±5% 内）
2026-03-30 23:06:31,066 INFO:     83            Prolangs-C++_objects    0.9956    1.0007   -0.0051  O3-bolt ≈ O3-bolt-opt（差异在 ±5% 内）
2026-03-30 23:06:31,066 INFO:     84              Prolangs-C++_ocean    0.9605    0.9965   -0.0360  O3-bolt ≈ O3-bolt-opt（差异在 ±5% 内）
2026-03-30 23:06:31,067 INFO:     85             Prolangs-C++_office    0.9941    0.9900   +0.0041  O3-bolt ≈ O3-bolt-opt（差异在 ±5% 内）
2026-03-30 23:06:31,067 INFO:     86             Prolangs-C++_primes    0.9556    1.0037   -0.0481  O3-bolt ≈ O3-bolt-opt（差异在 ±5% 内）
2026-03-30 23:06:31,067 INFO:     87             Prolangs-C++_shapes    0.9936    0.9939   -0.0003  O3-bolt ≈ O3-bolt-opt（差异在 ±5% 内）
2026-03-30 23:06:31,067 INFO:     88              Prolangs-C++_simul    0.9863    0.9907   -0.0043  O3-bolt ≈ O3-bolt-opt（差异在 ±5% 内）
2026-03-30 23:06:31,067 INFO:     89              Prolangs-C++_trees    0.9974    1.0220   -0.0246  O3-bolt ≈ O3-bolt-opt（差异在 ±5% 内）
2026-03-30 23:06:31,067 INFO:     90              Prolangs-C++_vcirc    0.9925    1.0036   -0.0111  O3-bolt ≈ O3-bolt-opt（差异在 ±5% 内）
2026-03-30 23:06:31,067 INFO:     91         Prolangs-C_TimberWolfMC    1.0271    1.0427   -0.0156  O3-bolt ≈ O3-bolt-opt（差异在 ±5% 内）
2026-03-30 23:06:31,067 INFO:     92                Prolangs-C_agrep    1.0411    1.0412   -0.0001  O3-bolt ≈ O3-bolt-opt（差异在 ±5% 内）
2026-03-30 23:06:31,068 INFO:     93             Prolangs-C_allroots    1.0209    1.0382   -0.0174  O3-bolt ≈ O3-bolt-opt（差异在 ±5% 内）
2026-03-30 23:06:31,068 INFO:     94        Prolangs-C_archie-client    0.9950    0.9915   +0.0034  O3-bolt ≈ O3-bolt-opt（差异在 ±5% 内）
2026-03-30 23:06:31,068 INFO:     95            Prolangs-C_assembler    1.0280    1.0422   -0.0142  O3-bolt ≈ O3-bolt-opt（差异在 ±5% 内）
2026-03-30 23:06:31,068 INFO:     96                Prolangs-C_bison    0.9854    0.9982   -0.0128  O3-bolt ≈ O3-bolt-opt（差异在 ±5% 内）
2026-03-30 23:06:31,068 INFO:     97                Prolangs-C_cdecl    0.9845    0.9945   -0.0100  O3-bolt ≈ O3-bolt-opt（差异在 ±5% 内）
2026-03-30 23:06:31,068 INFO:     98             Prolangs-C_compiler    0.9969    1.0009   -0.0040  O3-bolt ≈ O3-bolt-opt（差异在 ±5% 内）
2026-03-30 23:06:31,068 INFO:     99            Prolangs-C_fixoutput    0.9886    0.9894   -0.0008  O3-bolt ≈ O3-bolt-opt（差异在 ±5% 内）
2026-03-30 23:06:31,068 INFO:    100             Prolangs-C_football    1.0011    1.0131   -0.0120  O3-bolt ≈ O3-bolt-opt（差异在 ±5% 内）
2026-03-30 23:06:31,069 INFO:    101                Prolangs-C_gnugo    1.0389    1.0290   +0.0099  O3-bolt ≈ O3-bolt-opt（差异在 ±5% 内）
2026-03-30 23:06:31,069 INFO:    102               Prolangs-C_loader    0.9980    1.0034   -0.0053  O3-bolt ≈ O3-bolt-opt（差异在 ±5% 内）
2026-03-30 23:06:31,069 INFO:    103             Prolangs-C_plot2fig    1.0064    1.0161   -0.0097  O3-bolt ≈ O3-bolt-opt（差异在 ±5% 内）
2026-03-30 23:06:31,069 INFO:    104            Prolangs-C_simulator    1.0098    1.0391   -0.0293  O3-bolt ≈ O3-bolt-opt（差异在 ±5% 内）
2026-03-30 23:06:31,069 INFO:    105           Prolangs-C_unix-smail    0.9926    0.9953   -0.0028  O3-bolt ≈ O3-bolt-opt（差异在 ±5% 内）
2026-03-30 23:06:31,069 INFO:    106             Prolangs-C_unix-tbl    0.9987    1.0130   -0.0143  O3-bolt ≈ O3-bolt-opt（差异在 ±5% 内）
2026-03-30 23:06:31,069 INFO:    107                 Ptrdist_anagram    1.0240    1.0022   +0.0218  O3-bolt ≈ O3-bolt-opt（差异在 ±5% 内）
2026-03-30 23:06:31,069 INFO:    108                      Ptrdist_bc    0.8948    0.9324   -0.0376  O3-bolt-opt 优于 O3-bolt（快 10.5%，加速比 1.12x）
2026-03-30 23:06:31,070 INFO:    109                      Ptrdist_ft    0.9911    1.0129   -0.0218  O3-bolt ≈ O3-bolt-opt（差异在 ±5% 内）
2026-03-30 23:06:31,070 INFO:    110                      Ptrdist_ks    0.8667    0.8886   -0.0219  O3-bolt-opt 优于 O3-bolt（快 13.3%，加速比 1.15x）
2026-03-30 23:06:31,070 INFO:    111                   Ptrdist_yacr2    0.9821    1.0827   -0.1006  O3-bolt ≈ O3-bolt-opt（差异在 ±5% 内）
2026-03-30 23:06:31,070 INFO:    112                Rodinia_backprop    0.9614    1.0022   -0.0408  O3-bolt ≈ O3-bolt-opt（差异在 ±5% 内）
2026-03-30 23:06:31,070 INFO:    113                 Rodinia_hotspot    1.0196    1.0010   +0.0187  O3-bolt ≈ O3-bolt-opt（差异在 ±5% 内）
2026-03-30 23:06:31,070 INFO:    114              Rodinia_pathfinder    1.0179    0.9929   +0.0250  O3-bolt ≈ O3-bolt-opt（差异在 ±5% 内）
2026-03-30 23:06:31,070 INFO:    115                    Rodinia_srad    1.0063    1.0223   -0.0160  O3-bolt ≈ O3-bolt-opt（差异在 ±5% 内）
2026-03-30 23:06:31,070 INFO:    116                      SciMark2-C    0.9924    1.0162   -0.0238  O3-bolt ≈ O3-bolt-opt（差异在 ±5% 内）
2026-03-30 23:06:31,071 INFO:    117            TSVC_ControlFlow-dbl    0.9761    1.0357   -0.0596  O3-bolt ≈ O3-bolt-opt（差异在 ±5% 内）
2026-03-30 23:06:31,071 INFO:    118            TSVC_ControlFlow-flt    0.9820    1.0493   -0.0673  O3-bolt ≈ O3-bolt-opt（差异在 ±5% 内）
2026-03-30 23:06:31,071 INFO:    119           TSVC_ControlLoops-dbl    0.9611    0.9995   -0.0384  O3-bolt ≈ O3-bolt-opt（差异在 ±5% 内）
2026-03-30 23:06:31,071 INFO:    120           TSVC_ControlLoops-flt    0.9678    1.0061   -0.0383  O3-bolt ≈ O3-bolt-opt（差异在 ±5% 内）
2026-03-30 23:06:31,071 INFO:    121     TSVC_CrossingThresholds-dbl    1.0097    0.9985   +0.0112  O3-bolt ≈ O3-bolt-opt（差异在 ±5% 内）
2026-03-30 23:06:31,071 INFO:    122     TSVC_CrossingThresholds-flt    1.0078    1.0394   -0.0316  O3-bolt ≈ O3-bolt-opt（差异在 ±5% 内）
2026-03-30 23:06:31,071 INFO:    123          TSVC_Equivalencing-dbl    1.0351    1.0380   -0.0029  O3-bolt ≈ O3-bolt-opt（差异在 ±5% 内）
2026-03-30 23:06:31,072 INFO:    124          TSVC_Equivalencing-flt    1.0686    1.0328   +0.0358  O3-bolt 优于 O3-bolt-opt（快 6.4%，加速比 1.07x）
2026-03-30 23:06:31,072 INFO:    125              TSVC_Expansion-dbl    1.0419    1.0179   +0.0240  O3-bolt ≈ O3-bolt-opt（差异在 ±5% 内）
2026-03-30 23:06:31,072 INFO:    126              TSVC_Expansion-flt    1.0369    1.0609   -0.0240  O3-bolt ≈ O3-bolt-opt（差异在 ±5% 内）
2026-03-30 23:06:31,072 INFO:    127         TSVC_GlobalDataFlow-dbl    1.0378    1.0232   +0.0146  O3-bolt ≈ O3-bolt-opt（差异在 ±5% 内）
2026-03-30 23:06:31,072 INFO:    128         TSVC_GlobalDataFlow-flt    1.0204    1.0137   +0.0067  O3-bolt ≈ O3-bolt-opt（差异在 ±5% 内）
2026-03-30 23:06:31,073 INFO:    129     TSVC_IndirectAddressing-dbl    1.0087    0.9923   +0.0164  O3-bolt ≈ O3-bolt-opt（差异在 ±5% 内）
2026-03-30 23:06:31,073 INFO:    130     TSVC_IndirectAddressing-flt    1.0131    0.9730   +0.0401  O3-bolt ≈ O3-bolt-opt（差异在 ±5% 内）
2026-03-30 23:06:31,073 INFO:    131      TSVC_InductionVariable-dbl    0.9947    1.0532   -0.0585  O3-bolt ≈ O3-bolt-opt（差异在 ±5% 内）
2026-03-30 23:06:31,073 INFO:    132      TSVC_InductionVariable-flt    1.0099    1.0012   +0.0086  O3-bolt ≈ O3-bolt-opt（差异在 ±5% 内）
2026-03-30 23:06:31,073 INFO:    133       TSVC_LinearDependence-dbl    1.0200    1.0151   +0.0048  O3-bolt ≈ O3-bolt-opt（差异在 ±5% 内）
2026-03-30 23:06:31,073 INFO:    134       TSVC_LinearDependence-flt    1.0367    0.9595   +0.0772  O3-bolt ≈ O3-bolt-opt（差异在 ±5% 内）
2026-03-30 23:06:31,073 INFO:    135          TSVC_LoopRerolling-dbl    0.9907    1.0031   -0.0124  O3-bolt ≈ O3-bolt-opt（差异在 ±5% 内）
2026-03-30 23:06:31,073 INFO:    136          TSVC_LoopRerolling-flt    0.9943    0.9985   -0.0042  O3-bolt ≈ O3-bolt-opt（差异在 ±5% 内）
2026-03-30 23:06:31,074 INFO:    137      TSVC_LoopRestructuring-dbl    1.0715    1.0300   +0.0415  O3-bolt 优于 O3-bolt-opt（快 6.7%，加速比 1.07x）
2026-03-30 23:06:31,074 INFO:    138      TSVC_LoopRestructuring-flt    1.0524    1.0305   +0.0219  O3-bolt 优于 O3-bolt-opt（快 5.0%，加速比 1.05x）
2026-03-30 23:06:31,074 INFO:    139          TSVC_NodeSplitting-dbl    1.0177    1.0178   -0.0001  O3-bolt ≈ O3-bolt-opt（差异在 ±5% 内）
2026-03-30 23:06:31,074 INFO:    140          TSVC_NodeSplitting-flt    1.0304    1.0996   -0.0692  O3-bolt ≈ O3-bolt-opt（差异在 ±5% 内）
2026-03-30 23:06:31,074 INFO:    141                TSVC_Packing-dbl    1.1248    1.1725   -0.0477  O3-bolt 优于 O3-bolt-opt（快 11.1%，加速比 1.12x）
2026-03-30 23:06:31,074 INFO:    142                TSVC_Packing-flt    1.1301    1.2275   -0.0974  O3-bolt 优于 O3-bolt-opt（快 11.5%，加速比 1.13x）
2026-03-30 23:06:31,074 INFO:    143            TSVC_Recurrences-dbl    1.0862    1.0605   +0.0257  O3-bolt 优于 O3-bolt-opt（快 7.9%，加速比 1.09x）
2026-03-30 23:06:31,074 INFO:    144            TSVC_Recurrences-flt    1.1404    1.0591   +0.0813  O3-bolt 优于 O3-bolt-opt（快 12.3%，加速比 1.14x）
2026-03-30 23:06:31,075 INFO:    145             TSVC_Reductions-dbl    0.9986    1.0058   -0.0072  O3-bolt ≈ O3-bolt-opt（差异在 ±5% 内）
2026-03-30 23:06:31,075 INFO:    146             TSVC_Reductions-flt    1.0131    1.0095   +0.0037  O3-bolt ≈ O3-bolt-opt（差异在 ±5% 内）
2026-03-30 23:06:31,075 INFO:    147              TSVC_Searching-dbl    0.9647    0.9907   -0.0260  O3-bolt ≈ O3-bolt-opt（差异在 ±5% 内）
2026-03-30 23:06:31,075 INFO:    148              TSVC_Searching-flt    0.9990    0.9965   +0.0025  O3-bolt ≈ O3-bolt-opt（差异在 ±5% 内）
2026-03-30 23:06:31,075 INFO:    149    TSVC_StatementReordering-dbl    1.0310    1.0196   +0.0114  O3-bolt ≈ O3-bolt-opt（差异在 ±5% 内）
2026-03-30 23:06:31,075 INFO:    150    TSVC_StatementReordering-flt    1.0407    1.0289   +0.0118  O3-bolt ≈ O3-bolt-opt（差异在 ±5% 内）
2026-03-30 23:06:31,075 INFO:    151              TSVC_Symbolics-dbl    0.9978    0.9513   +0.0465  O3-bolt ≈ O3-bolt-opt（差异在 ±5% 内）
2026-03-30 23:06:31,075 INFO:    152              TSVC_Symbolics-flt    0.9604    0.8980   +0.0624  O3-bolt ≈ O3-bolt-opt（差异在 ±5% 内）
2026-03-30 23:06:31,076 INFO:    153               Trimaran_enc-3des    1.0073    1.0035   +0.0038  O3-bolt ≈ O3-bolt-opt（差异在 ±5% 内）
2026-03-30 23:06:31,076 INFO:    154                Trimaran_enc-md5    1.0101    1.0062   +0.0039  O3-bolt ≈ O3-bolt-opt（差异在 ±5% 内）
2026-03-30 23:06:31,076 INFO:    155                Trimaran_enc-pc1    1.0008    1.0024   -0.0016  O3-bolt ≈ O3-bolt-opt（差异在 ±5% 内）
2026-03-30 23:06:31,076 INFO:    156                Trimaran_enc-rc4    0.9932    0.9956   -0.0024  O3-bolt ≈ O3-bolt-opt（差异在 ±5% 内）
2026-03-30 23:06:31,076 INFO:    157           Trimaran_netbench-crc    1.0297    1.0002   +0.0295  O3-bolt ≈ O3-bolt-opt（差异在 ±5% 内）
2026-03-30 23:06:31,076 INFO:    158           Trimaran_netbench-url    0.9526    1.0005   -0.0479  O3-bolt ≈ O3-bolt-opt（差异在 ±5% 内）
2026-03-30 23:06:31,077 INFO:    159                VersaBench_8b10b    0.9953    0.8873   +0.1080  O3-bolt ≈ O3-bolt-opt（差异在 ±5% 内）
2026-03-30 23:06:31,077 INFO:    160           VersaBench_beamformer    1.0123    1.0011   +0.0111  O3-bolt ≈ O3-bolt-opt（差异在 ±5% 内）
2026-03-30 23:06:31,077 INFO:    161                  VersaBench_bmm    0.9959    0.9943   +0.0016  O3-bolt ≈ O3-bolt-opt（差异在 ±5% 内）
2026-03-30 23:06:31,077 INFO:    162                 VersaBench_dbms    1.0068    1.0281   -0.0213  O3-bolt ≈ O3-bolt-opt（差异在 ±5% 内）
2026-03-30 23:06:31,077 INFO:    163               VersaBench_ecbdes    1.0186    1.0135   +0.0051  O3-bolt ≈ O3-bolt-opt（差异在 ±5% 内）
2026-03-30 23:06:31,077 INFO:    164                    llubenchmark    0.9705    1.0041   -0.0336  O3-bolt ≈ O3-bolt-opt（差异在 ±5% 内）
2026-03-30 23:06:31,077 INFO:    165                           mafft    1.0063    1.0142   -0.0079  O3-bolt ≈ O3-bolt-opt（差异在 ±5% 内）
2026-03-30 23:06:31,078 INFO:    166      mediabench_adpcm_rawcaudio    0.9874    0.9965   -0.0090  O3-bolt ≈ O3-bolt-opt（差异在 ±5% 内）
2026-03-30 23:06:31,078 INFO:    167      mediabench_adpcm_rawdaudio    0.9643    1.0134   -0.0490  O3-bolt ≈ O3-bolt-opt（差异在 ±5% 内）
2026-03-30 23:06:31,078 INFO:    168      mediabench_g721_g721encode    1.0165    1.0083   +0.0081  O3-bolt ≈ O3-bolt-opt（差异在 ±5% 内）
2026-03-30 23:06:31,078 INFO:    169            mediabench_gsm_toast    1.0023    0.9983   +0.0040  O3-bolt ≈ O3-bolt-opt（差异在 ±5% 内）
2026-03-30 23:06:31,078 INFO:    170         mediabench_jpeg_jpeg-6a    0.9566    1.0156   -0.0590  O3-bolt ≈ O3-bolt-opt（差异在 ±5% 内）
2026-03-30 23:06:31,078 INFO:    171       mediabench_mpeg2_mpeg2dec    0.9358    0.9687   -0.0329  O3-bolt-opt 优于 O3-bolt（快 6.4%，加速比 1.07x）
2026-03-30 23:06:31,078 INFO:    172                          nbench    0.9734    0.9667   +0.0067  O3-bolt ≈ O3-bolt-opt（差异在 ±5% 内）
2026-03-30 23:06:31,079 INFO:    173                             sim    1.0042    1.0287   -0.0245  O3-bolt ≈ O3-bolt-opt（差异在 ±5% 内）
2026-03-30 23:06:31,079 INFO:    174                      tramp3d-v4    0.9908    1.0019   -0.0111  O3-bolt ≈ O3-bolt-opt（差异在 ±5% 内）
2026-03-30 23:06:31,079 INFO: 
  ── 验证指标 ──
2026-03-30 23:06:31,079 INFO:   MAE  = 0.0299
2026-03-30 23:06:31,079 INFO:   MSE  = 0.0046
2026-03-30 23:06:31,079 INFO:   RMSE = 0.0677
2026-03-30 23:06:31,079 INFO:   方向准确率 = 110/174 (63.2%)
2026-03-30 23:06:31,080 INFO:   预测 O3-bolt 更优: 81/174  (真实: 117/174)
2026-03-30 23:06:31,080 INFO:   方向准确率（排除 ±5%）= 19/22 (86.4%)
2026-03-30 23:06:31,080 INFO: 
