2026-03-30 22:55:46,388 INFO: 自动选择设备: directml
2026-03-30 22:55:46,389 INFO: 设备: privateuseone:0
2026-03-30 22:55:46,389 INFO: 标签机制: inst_retired
2026-03-30 22:55:46,389 INFO: 自动微调 [inst_retired/cnn]: batch_size=32, cnn_hidden=64, cnn_out=128, direction_lambda=0.5, dropout=0.1, epochs=180, grad_clip=1.0, huber_delta=0.05, log_target=False, lr=0.0005, mlp_hidden=128, noise_std=0.005, pair_swap=False, patience=50, warmup_epochs=15, weight_decay=0.0001
2026-03-30 22:55:46,389 INFO: 加载数据...
2026-03-30 22:55:46,392 INFO:   加载 O1-g_vs_O3-g: 174 样本
2026-03-30 22:55:46,393 INFO:   加载 O2-bolt_vs_O2-bolt-opt: 174 样本
2026-03-30 22:55:46,395 INFO:   加载 O3-bolt_vs_O3-bolt-opt: 174 样本
2026-03-30 22:55:46,397 INFO: 总样本数: 522  序列长度 T=60  特征维度 D=6
2026-03-30 22:55:46,398 INFO: 训练集: 366  验证集: 78  测试集: 78
2026-03-30 22:55:46,532 INFO: 模型类型: cnn
2026-03-30 22:55:46,532 INFO: 
模型参数: 104,833
2026-03-30 22:55:46,532 INFO: SiameseMicroPerf(
  (backbone): CNNBackbone(
    (conv1): Conv1d(6, 64, kernel_size=(3,), stride=(1,), padding=(1,))
    (bn1): BatchNorm1d(64, eps=1e-05, momentum=0.1, affine=True, track_running_stats=True)
    (conv2): Conv1d(64, 64, kernel_size=(3,), stride=(1,), padding=(1,))
    (bn2): BatchNorm1d(64, eps=1e-05, momentum=0.1, affine=True, track_running_stats=True)
    (conv3): Conv1d(64, 128, kernel_size=(3,), stride=(1,), padding=(1,))
    (bn3): BatchNorm1d(128, eps=1e-05, momentum=0.1, affine=True, track_running_stats=True)
    (dropout): Dropout(p=0.1, inplace=False)
    (res_proj): Conv1d(64, 128, kernel_size=(1,), stride=(1,))
  )
  (pool): AttentionPooling(
    (attention): Linear(in_features=128, out_features=1, bias=False)
  )
  (mlp): Sequential(
    (0): Linear(in_features=384, out_features=128, bias=True)
    (1): ReLU()
    (2): Dropout(p=0.1, inplace=False)
    (3): Linear(in_features=128, out_features=64, bias=True)
    (4): ReLU()
    (5): Dropout(p=0.1, inplace=False)
    (6): Linear(in_features=64, out_features=1, bias=True)
  )
)
2026-03-30 22:55:47,136 INFO: 模型保存路径: checkpoints/cnn_best_inst.pt
2026-03-30 22:55:47,136 INFO: 配置保存路径: /home/ssy/Siamese-MicroPerf/configs/cnn_best_inst.json
2026-03-30 22:55:47,137 INFO: 
开始训练 (180 epochs, Huber δ=0.05, patience=50)...
2026-03-30 22:55:47,137 INFO: Epoch   Train Loss   Val Loss    Val MAE    LR          Status
2026-03-30 22:55:47,137 INFO: ----------------------------------------------------------------------
2026-03-30 22:55:48,001 INFO:      1     0.073115    0.047500     0.9750    6.67e-05  ← best
2026-03-30 22:55:48,778 INFO:      2     0.063666    0.038179     0.7886    1.00e-04  ← best
2026-03-30 22:55:49,495 INFO:      3     0.045549    0.021136     0.4470    1.33e-04  ← best
2026-03-30 22:55:50,261 INFO:      4     0.020147    0.008673     0.1972    1.67e-04  ← best
2026-03-30 22:55:51,001 INFO:      5     0.010921    0.006284     0.1490    2.00e-04  ← best
2026-03-30 22:55:51,744 INFO:      6     0.006856    0.003341     0.0871    2.33e-04  ← best
2026-03-30 22:55:54,652 INFO:     10     0.006033    0.003810     0.0981    3.67e-04  
2026-03-30 22:55:55,389 INFO:     11     0.006074    0.003030     0.0801    4.00e-04  ← best
2026-03-30 22:55:56,074 INFO:     12     0.005706    0.002752     0.0746    4.33e-04  ← best
2026-03-30 22:56:01,901 INFO:     20     0.004775    0.003738     0.0973    4.99e-04  
2026-03-30 22:56:04,303 INFO:     23     0.003884    0.002518     0.0686    4.97e-04  ← best
2026-03-30 22:56:08,032 INFO:     28     0.004429    0.002466     0.0667    4.92e-04  ← best
2026-03-30 22:56:09,501 INFO:     30     0.004040    0.003243     0.0856    4.90e-04  
2026-03-30 22:56:11,895 INFO:     33     0.003634    0.002234     0.0636    4.85e-04  ← best
2026-03-30 22:56:16,999 INFO:     40     0.003774    0.003625     0.0951    4.72e-04  
2026-03-30 22:56:24,808 INFO:     50     0.003494    0.002780     0.0759    4.47e-04  
2026-03-30 22:56:33,077 INFO:     60     0.003192    0.002294     0.0649    4.14e-04  
2026-03-30 22:56:33,824 INFO:     61     0.003184    0.002219     0.0648    4.10e-04  ← best
2026-03-30 22:56:34,614 INFO:     62     0.003454    0.002204     0.0637    4.06e-04  ← best
2026-03-30 22:56:41,134 INFO:     70     0.002871    0.002351     0.0658    3.75e-04  
2026-03-30 22:56:47,571 INFO:     78     0.002699    0.002144     0.0611    3.41e-04  ← best
2026-03-30 22:56:49,190 INFO:     80     0.003083    0.003105     0.0826    3.32e-04  
2026-03-30 22:56:57,032 INFO:     90     0.002935    0.002761     0.0756    2.86e-04  
2026-03-30 22:57:00,931 INFO:     95     0.003087    0.002069     0.0591    2.62e-04  ← best
2026-03-30 22:57:04,572 INFO:    100     0.002572    0.002627     0.0737    2.38e-04  
2026-03-30 22:57:12,101 INFO:    110     0.003420    0.002852     0.0786    1.91e-04  
2026-03-30 22:57:19,550 INFO:    120     0.002615    0.002230     0.0609    1.46e-04  
2026-03-30 22:57:26,990 INFO:    129     0.002382    0.002038     0.0564    1.09e-04  ← best
2026-03-30 22:57:27,772 INFO:    130     0.002370    0.002147     0.0607    1.05e-04  
2026-03-30 22:57:29,389 INFO:    132     0.002430    0.002012     0.0564    9.73e-05  ← best
2026-03-30 22:57:30,187 INFO:    133     0.002260    0.001989     0.0576    9.36e-05  ← best
2026-03-30 22:57:35,977 INFO:    140     0.002203    0.002228     0.0626    6.91e-05  
2026-03-30 22:57:39,212 INFO:    144     0.002522    0.001922     0.0555    5.65e-05  ← best
2026-03-30 22:57:43,231 INFO:    149     0.002533    0.001886     0.0554    4.23e-05  ← best
2026-03-30 22:57:44,052 INFO:    150     0.002279    0.001769     0.0517    3.97e-05  ← best
2026-03-30 22:57:52,077 INFO:    160     0.002537    0.001941     0.0567    1.79e-05  
2026-03-30 22:57:59,797 INFO:    170     0.002515    0.002008     0.0580    4.52e-06  
2026-03-30 22:58:07,628 INFO:    180     0.002213    0.001914     0.0551    0.00e+00  
2026-03-30 22:58:07,672 INFO: ============================================================
2026-03-30 22:58:07,672 INFO: 最佳模型 (epoch 150)
2026-03-30 22:58:07,673 INFO:   Val  Loss = 0.001769  MAE = 0.0517  (模型选择依据)
2026-03-30 22:58:07,673 INFO:   Test Loss = 0.002264  MAE = 0.0628  (最终无偏评估)
2026-03-30 22:58:07,673 INFO:   模型保存: checkpoints/cnn_best_inst.pt
2026-03-30 22:58:07,673 INFO:   配置保存: /home/ssy/Siamese-MicroPerf/configs/cnn_best_inst.json
2026-03-30 22:58:07,673 INFO: 
预测示例 (前 10 个测试样本):
2026-03-30 22:58:07,673 INFO:         真实 Y        预测 Ŷ          误差
2026-03-30 22:58:07,673 INFO:       0.9227      1.0017     +0.0789
2026-03-30 22:58:07,674 INFO:       0.9964      1.0028     +0.0064
2026-03-30 22:58:07,674 INFO:       1.0532      0.9947     -0.0585
2026-03-30 22:58:07,674 INFO:       1.4450      1.4073     -0.0377
2026-03-30 22:58:07,674 INFO:       1.0027      0.9729     -0.0298
2026-03-30 22:58:07,674 INFO:       1.4066      1.6813     +0.2747
2026-03-30 22:58:07,674 INFO:       0.9162      1.0104     +0.0942
2026-03-30 22:58:07,675 INFO:       0.9651      0.9643     -0.0008
2026-03-30 22:58:07,675 INFO:       1.0006      0.9609     -0.0397
2026-03-30 22:58:07,675 INFO:       0.9942      1.1386     +0.1444
