2026-03-31 14:59:44,119 INFO: 自动选择设备: directml
2026-03-31 14:59:44,119 INFO: 设备: privateuseone:0
2026-03-31 14:59:44,119 INFO: 设备类型: directml
2026-03-31 14:59:44,120 INFO: 从配置文件自动加载: /home/ssy/Siamese-MicroPerf/configs/lstm_best_work.json
2026-03-31 14:59:44,120 INFO: [LSTM] DirectML 不支持 nn.LSTM，已自动回退到 CPU
2026-03-31 14:59:44,127 INFO: 模型加载完成: checkpoints/lstm_best_work.pt  (设备: cpu)
2026-03-31 14:59:44,127 INFO: 模型类型: lstm
2026-03-31 14:59:44,127 INFO: 模型参数: {'in_features': 6, 'mlp_hidden': 32, 'dropout': 0.2, 'lstm_hidden': 32, 'lstm_out': 64, 'num_layers': 2, 'bidirectional': True}
2026-03-31 14:59:44,127 INFO: log-target 模式: 推理时将自动应用 exp() 变换
2026-03-31 14:59:44,127 INFO: pair-swap 训练增强: True（此为训练时数据增强，不影响推理逻辑）
2026-03-31 14:59:44,232 INFO: 已应用 exp() 变换（log-target 模式）
2026-03-31 14:59:44,232 INFO: ========================================================================
2026-03-31 14:59:44,232 INFO: 版本对: O1-g_vs_O3-g  (O1-g vs O3-g)  共 163 个程序
2026-03-31 14:59:44,232 INFO: 标签模式: fixed_workload
2026-03-31 14:59:44,233 INFO: 标签定义: Y = T_v2 / T_v1 (time ratio)
2026-03-31 14:59:44,233 INFO: 判定方向: Y > 1 视为 O1-g 更快，Y < 1 视为 O3-g 更快
2026-03-31 14:59:44,233 INFO: ========================================================================
2026-03-31 14:59:44,233 INFO:      #                              程序      预测 Ŷ      真实 Y        误差  判断
2026-03-31 14:59:44,233 INFO:   ------------------------------------------------------------------------
2026-03-31 14:59:44,233 INFO:      1                            7zip    1.0007    1.0000   +0.0007  O1-g ≈ O3-g（差异在 ±5% 内）
2026-03-31 14:59:44,233 INFO:      2             ASCI_Purple_SMG2000    0.9983    0.8750   +0.1233  O1-g ≈ O3-g（差异在 ±5% 内）
2026-03-31 14:59:44,234 INFO:      3               ASC_Sequoia_AMGmk    0.9975    0.6667   +0.3308  O1-g ≈ O3-g（差异在 ±5% 内）
2026-03-31 14:59:44,234 INFO:      4           ASC_Sequoia_CrystalMk    0.9985    0.9286   +0.0699  O1-g ≈ O3-g（差异在 ±5% 内）
2026-03-31 14:59:44,234 INFO:      5               ASC_Sequoia_IRSmk    1.0006    0.6667   +0.3339  O1-g ≈ O3-g（差异在 ±5% 内）
2026-03-31 14:59:44,234 INFO:      6                  BitBench_drop3    1.0016    0.9941   +0.0075  O1-g ≈ O3-g（差异在 ±5% 内）
2026-03-31 14:59:44,234 INFO:      7                 BitBench_five11    1.0013    1.0526   -0.0513  O1-g ≈ O3-g（差异在 ±5% 内）
2026-03-31 14:59:44,234 INFO:      8               BitBench_uudecode    1.0026    0.2875   +0.7152  O1-g ≈ O3-g（差异在 ±5% 内）
2026-03-31 14:59:44,235 INFO:      9               BitBench_uuencode    1.0000    0.9551   +0.0449  O1-g ≈ O3-g（差异在 ±5% 内）
2026-03-31 14:59:44,235 INFO:     10                          Bullet    1.0012    0.9091   +0.0921  O1-g ≈ O3-g（差异在 ±5% 内）
2026-03-31 14:59:44,235 INFO:     11         DOE-ProxyApps-C++_CLAMR    1.0013    1.0323   -0.0310  O1-g ≈ O3-g（差异在 ±5% 内）
2026-03-31 14:59:44,235 INFO:     12   DOE-ProxyApps-C++_HACCKernels    0.9961    0.9524   +0.0437  O1-g ≈ O3-g（差异在 ±5% 内）
2026-03-31 14:59:44,235 INFO:     13         DOE-ProxyApps-C++_HPCCG    0.9976    1.0000   -0.0024  O1-g ≈ O3-g（差异在 ±5% 内）
2026-03-31 14:59:44,235 INFO:     14       DOE-ProxyApps-C++_PENNANT    1.0013    0.8929   +0.1084  O1-g ≈ O3-g（差异在 ±5% 内）
2026-03-31 14:59:44,235 INFO:     15        DOE-ProxyApps-C++_miniFE    0.9984    0.9167   +0.0818  O1-g ≈ O3-g（差异在 ±5% 内）
2026-03-31 14:59:44,236 INFO:     16            DOE-ProxyApps-C_CoMD    0.9987    0.9565   +0.0422  O1-g ≈ O3-g（差异在 ±5% 内）
2026-03-31 14:59:44,236 INFO:     17      DOE-ProxyApps-C_Pathfinder    1.0013    1.0000   +0.0013  O1-g ≈ O3-g（差异在 ±5% 内）
2026-03-31 14:59:44,236 INFO:     18         DOE-ProxyApps-C_RSBench    0.9994    0.9925   +0.0069  O1-g ≈ O3-g（差异在 ±5% 内）
2026-03-31 14:59:44,236 INFO:     19       DOE-ProxyApps-C_SimpleMOC    0.9984    0.7812   +0.2171  O1-g ≈ O3-g（差异在 ±5% 内）
2026-03-31 14:59:44,236 INFO:     20         DOE-ProxyApps-C_XSBench    1.0000    0.9333   +0.0667  O1-g ≈ O3-g（差异在 ±5% 内）
2026-03-31 14:59:44,236 INFO:     21         DOE-ProxyApps-C_miniAMR    1.0001    0.9138   +0.0863  O1-g ≈ O3-g（差异在 ±5% 内）
2026-03-31 14:59:44,237 INFO:     22         DOE-ProxyApps-C_miniGMG    1.0000    0.9048   +0.0953  O1-g ≈ O3-g（差异在 ±5% 内）
2026-03-31 14:59:44,237 INFO:     23                     Fhourstones    0.9995    0.9455   +0.0540  O1-g ≈ O3-g（差异在 ±5% 内）
2026-03-31 14:59:44,237 INFO:     24                 Fhourstones-3.1    1.0011    1.0000   +0.0011  O1-g ≈ O3-g（差异在 ±5% 内）
2026-03-31 14:59:44,237 INFO:     25              FreeBench_analyzer    1.0009    0.9750   +0.0258  O1-g ≈ O3-g（差异在 ±5% 内）
2026-03-31 14:59:44,237 INFO:     26               FreeBench_distray    1.0000    0.9388   +0.0612  O1-g ≈ O3-g（差异在 ±5% 内）
2026-03-31 14:59:44,237 INFO:     27            FreeBench_fourinarow    0.9882    1.2857   -0.2975  O1-g ≈ O3-g（差异在 ±5% 内）
2026-03-31 14:59:44,238 INFO:     28                 FreeBench_mason    1.0010    1.0817   -0.0807  O1-g ≈ O3-g（差异在 ±5% 内）
2026-03-31 14:59:44,238 INFO:     29                FreeBench_neural    0.9981    1.0027   -0.0046  O1-g ≈ O3-g（差异在 ±5% 内）
2026-03-31 14:59:44,238 INFO:     30            FreeBench_pcompress2    1.0010    0.9608   +0.0401  O1-g ≈ O3-g（差异在 ±5% 内）
2026-03-31 14:59:44,238 INFO:     31                 FreeBench_pifft    1.0012    0.9231   +0.0782  O1-g ≈ O3-g（差异在 ±5% 内）
2026-03-31 14:59:44,238 INFO:     32               MallocBench_cfrac    1.0006    0.9811   +0.0195  O1-g ≈ O3-g（差异在 ±5% 内）
2026-03-31 14:59:44,238 INFO:     33            MallocBench_espresso    1.0012    0.9739   +0.0273  O1-g ≈ O3-g（差异在 ±5% 内）
2026-03-31 14:59:44,239 INFO:     34                  MallocBench_gs    1.0009    1.1541   -0.1532  O1-g ≈ O3-g（差异在 ±5% 内）
2026-03-31 14:59:44,239 INFO:     35                 McCat_01-qbsort    1.0014    1.0325   -0.0311  O1-g ≈ O3-g（差异在 ±5% 内）
2026-03-31 14:59:44,239 INFO:     36               McCat_03-testtrie    1.0013    0.9914   +0.0099  O1-g ≈ O3-g（差异在 ±5% 内）
2026-03-31 14:59:44,239 INFO:     37                 McCat_04-bisect    1.0009    0.9159   +0.0850  O1-g ≈ O3-g（差异在 ±5% 内）
2026-03-31 14:59:44,239 INFO:     38                   McCat_08-main    1.0015    1.0151   -0.0136  O1-g ≈ O3-g（差异在 ±5% 内）
2026-03-31 14:59:44,239 INFO:     39                    McCat_09-vor    1.0016    0.9895   +0.0121  O1-g ≈ O3-g（差异在 ±5% 内）
2026-03-31 14:59:44,240 INFO:     40                 McCat_12-IOtest    1.0011    1.0068   -0.0057  O1-g ≈ O3-g（差异在 ±5% 内）
2026-03-31 14:59:44,240 INFO:     41                   McCat_15-trie    1.0013    1.0027   -0.0014  O1-g ≈ O3-g（差异在 ±5% 内）
2026-03-31 14:59:44,240 INFO:     42                  McCat_17-bintr    1.0041    1.0000   +0.0041  O1-g ≈ O3-g（差异在 ±5% 内）
2026-03-31 14:59:44,240 INFO:     43                    McCat_18-imp    1.0008    0.9877   +0.0131  O1-g ≈ O3-g（差异在 ±5% 内）
2026-03-31 14:59:44,240 INFO:     44    MiBench_automotive-basicmath    1.0011    1.0000   +0.0011  O1-g ≈ O3-g（差异在 ±5% 内）
2026-03-31 14:59:44,240 INFO:     45     MiBench_automotive-bitcount    1.0007    0.9595   +0.0412  O1-g ≈ O3-g（差异在 ±5% 内）
2026-03-31 14:59:44,241 INFO:     46        MiBench_automotive-susan    1.0002    0.9956   +0.0046  O1-g ≈ O3-g（差异在 ±5% 内）
2026-03-31 14:59:44,241 INFO:     47           MiBench_consumer-jpeg    1.0011    0.8711   +0.1300  O1-g ≈ O3-g（差异在 ±5% 内）
2026-03-31 14:59:44,241 INFO:     48           MiBench_consumer-lame    0.9986    0.8994   +0.0992  O1-g ≈ O3-g（差异在 ±5% 内）
2026-03-31 14:59:44,241 INFO:     49        MiBench_consumer-typeset    1.0016    0.9916   +0.0100  O1-g ≈ O3-g（差异在 ±5% 内）
2026-03-31 14:59:44,241 INFO:     50        MiBench_network-dijkstra    1.0014    1.0008   +0.0006  O1-g ≈ O3-g（差异在 ±5% 内）
2026-03-31 14:59:44,241 INFO:     51        MiBench_network-patricia    1.0008    1.0000   +0.0008  O1-g ≈ O3-g（差异在 ±5% 内）
2026-03-31 14:59:44,242 INFO:     52           MiBench_office-ispell    1.0017    1.0109   -0.0092  O1-g ≈ O3-g（差异在 ±5% 内）
2026-03-31 14:59:44,242 INFO:     53     MiBench_office-stringsearch    0.9983    0.9548   +0.0435  O1-g ≈ O3-g（差异在 ±5% 内）
2026-03-31 14:59:44,242 INFO:     54       MiBench_security-blowfish    1.0017    0.9843   +0.0174  O1-g ≈ O3-g（差异在 ±5% 内）
2026-03-31 14:59:44,242 INFO:     55       MiBench_security-rijndael    1.0006    0.9380   +0.0626  O1-g ≈ O3-g（差异在 ±5% 内）
2026-03-31 14:59:44,242 INFO:     56            MiBench_security-sha    0.9991    0.7444   +0.2547  O1-g ≈ O3-g（差异在 ±5% 内）
2026-03-31 14:59:44,242 INFO:     57          MiBench_telecomm-CRC32    1.0011    0.9977   +0.0034  O1-g ≈ O3-g（差异在 ±5% 内）
2026-03-31 14:59:44,243 INFO:     58            MiBench_telecomm-FFT    1.0011    0.9916   +0.0095  O1-g ≈ O3-g（差异在 ±5% 内）
2026-03-31 14:59:44,243 INFO:     59          MiBench_telecomm-adpcm    1.0016    1.0049   -0.0033  O1-g ≈ O3-g（差异在 ±5% 内）
2026-03-31 14:59:44,243 INFO:     60            MiBench_telecomm-gsm    0.9980    0.8678   +0.1302  O1-g ≈ O3-g（差异在 ±5% 内）
2026-03-31 14:59:44,243 INFO:     61                   NPB-serial_is    1.0000    1.0000   -0.0000  O1-g ≈ O3-g（差异在 ±5% 内）
2026-03-31 14:59:44,243 INFO:     62                        Olden_bh    0.9974    1.2188   -0.2213  O1-g ≈ O3-g（差异在 ±5% 内）
2026-03-31 14:59:44,244 INFO:     63                    Olden_bisort    1.0015    0.9889   +0.0126  O1-g ≈ O3-g（差异在 ±5% 内）
2026-03-31 14:59:44,244 INFO:     64                      Olden_em3d    1.0009    1.0000   +0.0009  O1-g ≈ O3-g（差异在 ±5% 内）
2026-03-31 14:59:44,244 INFO:     65                    Olden_health    1.0006    0.9617   +0.0389  O1-g ≈ O3-g（差异在 ±5% 内）
2026-03-31 14:59:44,244 INFO:     66                       Olden_mst    1.0010    1.0141   -0.0131  O1-g ≈ O3-g（差异在 ±5% 内）
2026-03-31 14:59:44,244 INFO:     67                 Olden_perimeter    1.0011    0.9414   +0.0596  O1-g ≈ O3-g（差异在 ±5% 内）
2026-03-31 14:59:44,244 INFO:     68                     Olden_power    0.9957    0.7500   +0.2457  O1-g ≈ O3-g（差异在 ±5% 内）
2026-03-31 14:59:44,245 INFO:     69                   Olden_treeadd    1.0013    0.9951   +0.0062  O1-g ≈ O3-g（差异在 ±5% 内）
2026-03-31 14:59:44,245 INFO:     70                       Olden_tsp    0.9989    0.9540   +0.0449  O1-g ≈ O3-g（差异在 ±5% 内）
2026-03-31 14:59:44,245 INFO:     71                   Olden_voronoi    1.0012    0.9879   +0.0134  O1-g ≈ O3-g（差异在 ±5% 内）
2026-03-31 14:59:44,245 INFO:     72                 Prolangs-C++_NP    1.0015    0.9989   +0.0026  O1-g ≈ O3-g（差异在 ±5% 内）
2026-03-31 14:59:44,245 INFO:     73             Prolangs-C++_deriv1    1.0016    0.9959   +0.0058  O1-g ≈ O3-g（差异在 ±5% 内）
2026-03-31 14:59:44,245 INFO:     74             Prolangs-C++_deriv2    1.0016    1.0132   -0.0116  O1-g ≈ O3-g（差异在 ±5% 内）
2026-03-31 14:59:44,246 INFO:     75             Prolangs-C++_employ    1.0012    1.0014   -0.0001  O1-g ≈ O3-g（差异在 ±5% 内）
2026-03-31 14:59:44,246 INFO:     76                Prolangs-C++_fsm    1.0016    1.0151   -0.0135  O1-g ≈ O3-g（差异在 ±5% 内）
2026-03-31 14:59:44,246 INFO:     77             Prolangs-C++_garage    1.0016    0.9917   +0.0099  O1-g ≈ O3-g（差异在 ±5% 内）
2026-03-31 14:59:44,246 INFO:     78               Prolangs-C++_life    1.0011    0.9722   +0.0289  O1-g ≈ O3-g（差异在 ±5% 内）
2026-03-31 14:59:44,246 INFO:     79            Prolangs-C++_objects    1.0016    1.0019   -0.0004  O1-g ≈ O3-g（差异在 ±5% 内）
2026-03-31 14:59:44,246 INFO:     80              Prolangs-C++_ocean    1.0015    1.0016   -0.0001  O1-g ≈ O3-g（差异在 ±5% 内）
2026-03-31 14:59:44,246 INFO:     81             Prolangs-C++_office    1.0016    1.0128   -0.0112  O1-g ≈ O3-g（差异在 ±5% 内）
2026-03-31 14:59:44,247 INFO:     82             Prolangs-C++_primes    0.9988    0.4565   +0.5423  O1-g ≈ O3-g（差异在 ±5% 内）
2026-03-31 14:59:44,247 INFO:     83             Prolangs-C++_shapes    1.0016    1.0020   -0.0004  O1-g ≈ O3-g（差异在 ±5% 内）
2026-03-31 14:59:44,247 INFO:     84              Prolangs-C++_simul    1.0006    0.9059   +0.0947  O1-g ≈ O3-g（差异在 ±5% 内）
2026-03-31 14:59:44,247 INFO:     85              Prolangs-C++_trees    1.0013    1.0020   -0.0007  O1-g ≈ O3-g（差异在 ±5% 内）
2026-03-31 14:59:44,247 INFO:     86         Prolangs-C_TimberWolfMC    1.0019    0.9772   +0.0247  O1-g ≈ O3-g（差异在 ±5% 内）
2026-03-31 14:59:44,247 INFO:     87        Prolangs-C_archie-client    1.0017    1.0063   -0.0046  O1-g ≈ O3-g（差异在 ±5% 内）
2026-03-31 14:59:44,247 INFO:     88            Prolangs-C_assembler    1.0016    1.0135   -0.0119  O1-g ≈ O3-g（差异在 ±5% 内）
2026-03-31 14:59:44,247 INFO:     89                Prolangs-C_bison    1.0015    0.9944   +0.0071  O1-g ≈ O3-g（差异在 ±5% 内）
2026-03-31 14:59:44,248 INFO:     90                Prolangs-C_cdecl    1.0017    1.0213   -0.0196  O1-g ≈ O3-g（差异在 ±5% 内）
2026-03-31 14:59:44,248 INFO:     91             Prolangs-C_compiler    1.0018    1.0131   -0.0113  O1-g ≈ O3-g（差异在 ±5% 内）
2026-03-31 14:59:44,248 INFO:     92            Prolangs-C_fixoutput    1.0017    1.0067   -0.0050  O1-g ≈ O3-g（差异在 ±5% 内）
2026-03-31 14:59:44,248 INFO:     93             Prolangs-C_football    1.0018    1.0145   -0.0127  O1-g ≈ O3-g（差异在 ±5% 内）
2026-03-31 14:59:44,248 INFO:     94                Prolangs-C_gnugo    1.0017    0.9586   +0.0431  O1-g ≈ O3-g（差异在 ±5% 内）
2026-03-31 14:59:44,248 INFO:     95               Prolangs-C_loader    1.0019    1.0262   -0.0243  O1-g ≈ O3-g（差异在 ±5% 内）
2026-03-31 14:59:44,248 INFO:     96            Prolangs-C_simulator    1.0017    0.9952   +0.0065  O1-g ≈ O3-g（差异在 ±5% 内）
2026-03-31 14:59:44,248 INFO:     97                 Ptrdist_anagram    1.0010    0.9661   +0.0349  O1-g ≈ O3-g（差异在 ±5% 内）
2026-03-31 14:59:44,248 INFO:     98                      Ptrdist_bc    1.0005    1.0000   +0.0005  O1-g ≈ O3-g（差异在 ±5% 内）
2026-03-31 14:59:44,248 INFO:     99                      Ptrdist_ft    0.9937    0.7400   +0.2537  O1-g ≈ O3-g（差异在 ±5% 内）
2026-03-31 14:59:44,249 INFO:    100                      Ptrdist_ks    1.0014    0.9474   +0.0540  O1-g ≈ O3-g（差异在 ±5% 内）
2026-03-31 14:59:44,249 INFO:    101                   Ptrdist_yacr2    1.0009    0.8974   +0.1035  O1-g ≈ O3-g（差异在 ±5% 内）
2026-03-31 14:59:44,249 INFO:    102                Rodinia_backprop    0.9986    0.9857   +0.0128  O1-g ≈ O3-g（差异在 ±5% 内）
2026-03-31 14:59:44,249 INFO:    103                 Rodinia_hotspot    0.9991    0.5642   +0.4349  O1-g ≈ O3-g（差异在 ±5% 内）
2026-03-31 14:59:44,249 INFO:    104              Rodinia_pathfinder    0.9995    0.9121   +0.0874  O1-g ≈ O3-g（差异在 ±5% 内）
2026-03-31 14:59:44,249 INFO:    105                    Rodinia_srad    0.9989    0.5543   +0.4445  O1-g ≈ O3-g（差异在 ±5% 内）
2026-03-31 14:59:44,249 INFO:    106                      SciMark2-C    0.9990    1.0000   -0.0010  O1-g ≈ O3-g（差异在 ±5% 内）
2026-03-31 14:59:44,249 INFO:    107            TSVC_ControlFlow-dbl    0.9990    0.8571   +0.1418  O1-g ≈ O3-g（差异在 ±5% 内）
2026-03-31 14:59:44,249 INFO:    108            TSVC_ControlFlow-flt    0.9991    0.8125   +0.1866  O1-g ≈ O3-g（差异在 ±5% 内）
2026-03-31 14:59:44,249 INFO:    109           TSVC_ControlLoops-dbl    0.9964    0.7692   +0.2272  O1-g ≈ O3-g（差异在 ±5% 内）
2026-03-31 14:59:44,250 INFO:    110           TSVC_ControlLoops-flt    0.9985    0.5000   +0.4985  O1-g ≈ O3-g（差异在 ±5% 内）
2026-03-31 14:59:44,250 INFO:    111     TSVC_CrossingThresholds-dbl    0.9979    0.7333   +0.2646  O1-g ≈ O3-g（差异在 ±5% 内）
2026-03-31 14:59:44,250 INFO:    112     TSVC_CrossingThresholds-flt    0.9978    0.6818   +0.3160  O1-g ≈ O3-g（差异在 ±5% 内）
2026-03-31 14:59:44,250 INFO:    113          TSVC_Equivalencing-dbl    0.9954    0.6571   +0.3382  O1-g ≈ O3-g（差异在 ±5% 内）
2026-03-31 14:59:44,250 INFO:    114          TSVC_Equivalencing-flt    0.9940    0.2821   +0.7120  O1-g ≈ O3-g（差异在 ±5% 内）
2026-03-31 14:59:44,250 INFO:    115              TSVC_Expansion-dbl    0.9985    0.7500   +0.2485  O1-g ≈ O3-g（差异在 ±5% 内）
2026-03-31 14:59:44,250 INFO:    116              TSVC_Expansion-flt    0.9988    0.5556   +0.4433  O1-g ≈ O3-g（差异在 ±5% 内）
2026-03-31 14:59:44,251 INFO:    117         TSVC_GlobalDataFlow-dbl    0.9969    0.7222   +0.2747  O1-g ≈ O3-g（差异在 ±5% 内）
2026-03-31 14:59:44,251 INFO:    118         TSVC_GlobalDataFlow-flt    0.9962    0.4474   +0.5488  O1-g ≈ O3-g（差异在 ±5% 内）
2026-03-31 14:59:44,251 INFO:    119     TSVC_IndirectAddressing-dbl    0.9984    1.0000   -0.0016  O1-g ≈ O3-g（差异在 ±5% 内）
2026-03-31 14:59:44,251 INFO:    120     TSVC_IndirectAddressing-flt    0.9986    0.9286   +0.0700  O1-g ≈ O3-g（差异在 ±5% 内）
2026-03-31 14:59:44,251 INFO:    121      TSVC_InductionVariable-dbl    0.9976    0.8333   +0.1642  O1-g ≈ O3-g（差异在 ±5% 内）
2026-03-31 14:59:44,251 INFO:    122      TSVC_InductionVariable-flt    0.9972    0.7500   +0.2472  O1-g ≈ O3-g（差异在 ±5% 内）
2026-03-31 14:59:44,251 INFO:    123       TSVC_LinearDependence-dbl    0.9972    0.7647   +0.2325  O1-g ≈ O3-g（差异在 ±5% 内）
2026-03-31 14:59:44,251 INFO:    124       TSVC_LinearDependence-flt    0.9967    0.4815   +0.5152  O1-g ≈ O3-g（差异在 ±5% 内）
2026-03-31 14:59:44,251 INFO:    125          TSVC_LoopRerolling-dbl    0.9985    0.8182   +0.1803  O1-g ≈ O3-g（差异在 ±5% 内）
2026-03-31 14:59:44,252 INFO:    126          TSVC_LoopRerolling-flt    0.9965    0.8182   +0.1784  O1-g ≈ O3-g（差异在 ±5% 内）
2026-03-31 14:59:44,252 INFO:    127      TSVC_LoopRestructuring-dbl    0.9978    1.0000   -0.0022  O1-g ≈ O3-g（差异在 ±5% 内）
2026-03-31 14:59:44,252 INFO:    128      TSVC_LoopRestructuring-flt    0.9979    0.9091   +0.0888  O1-g ≈ O3-g（差异在 ±5% 内）
2026-03-31 14:59:44,252 INFO:    129          TSVC_NodeSplitting-dbl    1.0002    0.9231   +0.0771  O1-g ≈ O3-g（差异在 ±5% 内）
2026-03-31 14:59:44,252 INFO:    130          TSVC_NodeSplitting-flt    1.0000    0.8750   +0.1250  O1-g ≈ O3-g（差异在 ±5% 内）
2026-03-31 14:59:44,252 INFO:    131                TSVC_Packing-dbl    0.9974    0.8571   +0.1403  O1-g ≈ O3-g（差异在 ±5% 内）
2026-03-31 14:59:44,252 INFO:    132                TSVC_Packing-flt    0.9976    0.8667   +0.1309  O1-g ≈ O3-g（差异在 ±5% 内）
2026-03-31 14:59:44,253 INFO:    133            TSVC_Recurrences-dbl    0.9992    1.0000   -0.0008  O1-g ≈ O3-g（差异在 ±5% 内）
2026-03-31 14:59:44,253 INFO:    134            TSVC_Recurrences-flt    0.9992    1.0000   -0.0008  O1-g ≈ O3-g（差异在 ±5% 内）
2026-03-31 14:59:44,253 INFO:    135             TSVC_Reductions-dbl    0.9929    1.0000   -0.0071  O1-g ≈ O3-g（差异在 ±5% 内）
2026-03-31 14:59:44,253 INFO:    136             TSVC_Reductions-flt    0.9914    1.0000   -0.0086  O1-g ≈ O3-g（差异在 ±5% 内）
2026-03-31 14:59:44,253 INFO:    137              TSVC_Searching-dbl    0.9912    0.6667   +0.3245  O1-g ≈ O3-g（差异在 ±5% 内）
2026-03-31 14:59:44,253 INFO:    138              TSVC_Searching-flt    0.9902    0.3000   +0.6902  O1-g ≈ O3-g（差异在 ±5% 内）
2026-03-31 14:59:44,253 INFO:    139    TSVC_StatementReordering-dbl    1.0000    0.9231   +0.0769  O1-g ≈ O3-g（差异在 ±5% 内）
2026-03-31 14:59:44,254 INFO:    140    TSVC_StatementReordering-flt    1.0001    0.9412   +0.0589  O1-g ≈ O3-g（差异在 ±5% 内）
2026-03-31 14:59:44,254 INFO:    141              TSVC_Symbolics-dbl    0.9963    0.7368   +0.2594  O1-g ≈ O3-g（差异在 ±5% 内）
2026-03-31 14:59:44,254 INFO:    142              TSVC_Symbolics-flt    0.9963    0.3824   +0.6139  O1-g ≈ O3-g（差异在 ±5% 内）
2026-03-31 14:59:44,254 INFO:    143               Trimaran_enc-3des    1.0000    0.9583   +0.0417  O1-g ≈ O3-g（差异在 ±5% 内）
2026-03-31 14:59:44,254 INFO:    144                Trimaran_enc-md5    1.0008    1.0000   +0.0008  O1-g ≈ O3-g（差异在 ±5% 内）
2026-03-31 14:59:44,254 INFO:    145                Trimaran_enc-pc1    0.9942    0.5603   +0.4339  O1-g ≈ O3-g（差异在 ±5% 内）
2026-03-31 14:59:44,254 INFO:    146                Trimaran_enc-rc4    0.9989    0.8958   +0.1031  O1-g ≈ O3-g（差异在 ±5% 内）
2026-03-31 14:59:44,254 INFO:    147           Trimaran_netbench-crc    0.9988    1.0000   -0.0012  O1-g ≈ O3-g（差异在 ±5% 内）
2026-03-31 14:59:44,255 INFO:    148           Trimaran_netbench-url    1.0001    1.0000   +0.0001  O1-g ≈ O3-g（差异在 ±5% 内）
2026-03-31 14:59:44,255 INFO:    149                VersaBench_8b10b    0.9998    1.0000   -0.0002  O1-g ≈ O3-g（差异在 ±5% 内）
2026-03-31 14:59:44,255 INFO:    150           VersaBench_beamformer    1.0005    0.7705   +0.2300  O1-g ≈ O3-g（差异在 ±5% 内）
2026-03-31 14:59:44,255 INFO:    151                  VersaBench_bmm    1.0015    1.0000   +0.0015  O1-g ≈ O3-g（差异在 ±5% 内）
2026-03-31 14:59:44,255 INFO:    152                 VersaBench_dbms    1.0017    1.0000   +0.0017  O1-g ≈ O3-g（差异在 ±5% 内）
2026-03-31 14:59:44,255 INFO:    153               VersaBench_ecbdes    1.0007    1.0000   +0.0007  O1-g ≈ O3-g（差异在 ±5% 内）
2026-03-31 14:59:44,255 INFO:    154                    llubenchmark    1.0016    1.0000   +0.0016  O1-g ≈ O3-g（差异在 ±5% 内）
2026-03-31 14:59:44,256 INFO:    155                           mafft    1.0011    1.0000   +0.0011  O1-g ≈ O3-g（差异在 ±5% 内）
2026-03-31 14:59:44,256 INFO:    156      mediabench_adpcm_rawcaudio    1.0015    1.0015   -0.0001  O1-g ≈ O3-g（差异在 ±5% 内）
2026-03-31 14:59:44,256 INFO:    157      mediabench_adpcm_rawdaudio    1.0013    1.0154   -0.0140  O1-g ≈ O3-g（差异在 ±5% 内）
2026-03-31 14:59:44,256 INFO:    158      mediabench_g721_g721encode    1.0007    0.8981   +0.1027  O1-g ≈ O3-g（差异在 ±5% 内）
2026-03-31 14:59:44,256 INFO:    159            mediabench_gsm_toast    0.9994    0.8490   +0.1504  O1-g ≈ O3-g（差异在 ±5% 内）
2026-03-31 14:59:44,256 INFO:    160         mediabench_jpeg_jpeg-6a    1.0012    1.0070   -0.0058  O1-g ≈ O3-g（差异在 ±5% 内）
2026-03-31 14:59:44,256 INFO:    161       mediabench_mpeg2_mpeg2dec    0.9971    0.9766   +0.0204  O1-g ≈ O3-g（差异在 ±5% 内）
2026-03-31 14:59:44,256 INFO:    162                          nbench    1.0001    0.8710   +0.1291  O1-g ≈ O3-g（差异在 ±5% 内）
2026-03-31 14:59:44,257 INFO:    163                      tramp3d-v4    1.0010    0.5445   +0.4565  O1-g ≈ O3-g（差异在 ±5% 内）
2026-03-31 14:59:44,257 INFO: 
  ── 验证指标 ──
2026-03-31 14:59:44,257 INFO:   MAE  = 0.1071
2026-03-31 14:59:44,257 INFO:   MSE  = 0.0361
2026-03-31 14:59:44,257 INFO:   RMSE = 0.1901
2026-03-31 14:59:44,257 INFO:   方向准确率 = 100/163 (61.3%)
2026-03-31 14:59:44,257 INFO:   预测 O1-g 更优: 94/163  (真实: 33/163)
2026-03-31 14:59:44,258 INFO:   方向准确率（排除 ±5%）= 50/73 (68.5%)
2026-03-31 14:59:44,365 INFO: 已应用 exp() 变换（log-target 模式）
2026-03-31 14:59:44,366 INFO: ========================================================================
2026-03-31 14:59:44,366 INFO: 版本对: O2-bolt_vs_O2-bolt-opt  (O2-bolt vs O2-bolt-opt)  共 165 个程序
2026-03-31 14:59:44,366 INFO: 标签模式: fixed_workload
2026-03-31 14:59:44,366 INFO: 标签定义: Y = T_v2 / T_v1 (time ratio)
2026-03-31 14:59:44,366 INFO: 判定方向: Y > 1 视为 O2-bolt 更快，Y < 1 视为 O2-bolt-opt 更快
2026-03-31 14:59:44,366 INFO: ========================================================================
2026-03-31 14:59:44,366 INFO:      #                              程序      预测 Ŷ      真实 Y        误差  判断
2026-03-31 14:59:44,366 INFO:   ------------------------------------------------------------------------
2026-03-31 14:59:44,367 INFO:      1                            7zip    1.0031    1.0000   +0.0031  O2-bolt ≈ O2-bolt-opt（差异在 ±5% 内）
2026-03-31 14:59:44,367 INFO:      2             ASCI_Purple_SMG2000    1.0032    1.0000   +0.0032  O2-bolt ≈ O2-bolt-opt（差异在 ±5% 内）
2026-03-31 14:59:44,367 INFO:      3               ASC_Sequoia_AMGmk    1.0012    1.0000   +0.0012  O2-bolt ≈ O2-bolt-opt（差异在 ±5% 内）
2026-03-31 14:59:44,367 INFO:      4           ASC_Sequoia_CrystalMk    1.0021    1.0000   +0.0021  O2-bolt ≈ O2-bolt-opt（差异在 ±5% 内）
2026-03-31 14:59:44,367 INFO:      5               ASC_Sequoia_IRSmk    1.0011    1.0000   +0.0011  O2-bolt ≈ O2-bolt-opt（差异在 ±5% 内）
2026-03-31 14:59:44,367 INFO:      6                  BitBench_drop3    1.0003    1.0494   -0.0490  O2-bolt ≈ O2-bolt-opt（差异在 ±5% 内）
2026-03-31 14:59:44,367 INFO:      7                 BitBench_five11    1.0011    0.9500   +0.0511  O2-bolt ≈ O2-bolt-opt（差异在 ±5% 内）
2026-03-31 14:59:44,367 INFO:      8               BitBench_uudecode    1.0010    0.9986   +0.0024  O2-bolt ≈ O2-bolt-opt（差异在 ±5% 内）
2026-03-31 14:59:44,367 INFO:      9               BitBench_uuencode    1.0015    0.9997   +0.0018  O2-bolt ≈ O2-bolt-opt（差异在 ±5% 内）
2026-03-31 14:59:44,368 INFO:     10                          Bullet    1.0048    1.0000   +0.0048  O2-bolt ≈ O2-bolt-opt（差异在 ±5% 内）
2026-03-31 14:59:44,368 INFO:     11         DOE-ProxyApps-C++_CLAMR    0.9944    1.0000   -0.0056  O2-bolt ≈ O2-bolt-opt（差异在 ±5% 内）
2026-03-31 14:59:44,368 INFO:     12   DOE-ProxyApps-C++_HACCKernels    1.0013    1.0000   +0.0013  O2-bolt ≈ O2-bolt-opt（差异在 ±5% 内）
2026-03-31 14:59:44,368 INFO:     13         DOE-ProxyApps-C++_HPCCG    1.0006    1.0000   +0.0006  O2-bolt ≈ O2-bolt-opt（差异在 ±5% 内）
2026-03-31 14:59:44,368 INFO:     14       DOE-ProxyApps-C++_PENNANT    1.0011    1.0000   +0.0011  O2-bolt ≈ O2-bolt-opt（差异在 ±5% 内）
2026-03-31 14:59:44,368 INFO:     15        DOE-ProxyApps-C++_miniFE    1.0025    1.0000   +0.0025  O2-bolt ≈ O2-bolt-opt（差异在 ±5% 内）
2026-03-31 14:59:44,368 INFO:     16            DOE-ProxyApps-C_CoMD    1.0063    0.9600   +0.0463  O2-bolt ≈ O2-bolt-opt（差异在 ±5% 内）
2026-03-31 14:59:44,368 INFO:     17      DOE-ProxyApps-C_Pathfinder    1.0096    1.0667   -0.0571  O2-bolt ≈ O2-bolt-opt（差异在 ±5% 内）
2026-03-31 14:59:44,368 INFO:     18         DOE-ProxyApps-C_RSBench    1.0022    0.9852   +0.0170  O2-bolt ≈ O2-bolt-opt（差异在 ±5% 内）
2026-03-31 14:59:44,369 INFO:     19       DOE-ProxyApps-C_SimpleMOC    1.0017    1.0000   +0.0017  O2-bolt ≈ O2-bolt-opt（差异在 ±5% 内）
2026-03-31 14:59:44,369 INFO:     20         DOE-ProxyApps-C_XSBench    1.0039    0.9375   +0.0664  O2-bolt ≈ O2-bolt-opt（差异在 ±5% 内）
2026-03-31 14:59:44,369 INFO:     21         DOE-ProxyApps-C_miniAMR    1.0052    1.0000   +0.0052  O2-bolt ≈ O2-bolt-opt（差异在 ±5% 内）
2026-03-31 14:59:44,369 INFO:     22         DOE-ProxyApps-C_miniGMG    1.0099    0.9841   +0.0257  O2-bolt ≈ O2-bolt-opt（差异在 ±5% 内）
2026-03-31 14:59:44,369 INFO:     23                     Fhourstones    1.0029    0.9811   +0.0218  O2-bolt ≈ O2-bolt-opt（差异在 ±5% 内）
2026-03-31 14:59:44,369 INFO:     24                 Fhourstones-3.1    1.0013    1.0857   -0.0844  O2-bolt ≈ O2-bolt-opt（差异在 ±5% 内）
2026-03-31 14:59:44,369 INFO:     25              FreeBench_analyzer    1.0022    1.0206   -0.0184  O2-bolt ≈ O2-bolt-opt（差异在 ±5% 内）
2026-03-31 14:59:44,370 INFO:     26               FreeBench_distray    1.0005    0.9948   +0.0057  O2-bolt ≈ O2-bolt-opt（差异在 ±5% 内）
2026-03-31 14:59:44,370 INFO:     27            FreeBench_fourinarow    1.0021    1.0000   +0.0021  O2-bolt ≈ O2-bolt-opt（差异在 ±5% 内）
2026-03-31 14:59:44,370 INFO:     28                 FreeBench_mason    1.0007    0.9848   +0.0160  O2-bolt ≈ O2-bolt-opt（差异在 ±5% 内）
2026-03-31 14:59:44,370 INFO:     29                FreeBench_neural    1.0028    1.0217   -0.0189  O2-bolt ≈ O2-bolt-opt（差异在 ±5% 内）
2026-03-31 14:59:44,370 INFO:     30            FreeBench_pcompress2    1.0033    1.0335   -0.0302  O2-bolt ≈ O2-bolt-opt（差异在 ±5% 内）
2026-03-31 14:59:44,370 INFO:     31                 FreeBench_pifft    1.0024    1.0018   +0.0006  O2-bolt ≈ O2-bolt-opt（差异在 ±5% 内）
2026-03-31 14:59:44,370 INFO:     32               MallocBench_cfrac    1.0037    1.0000   +0.0037  O2-bolt ≈ O2-bolt-opt（差异在 ±5% 内）
2026-03-31 14:59:44,370 INFO:     33            MallocBench_espresso    1.0038    1.0000   +0.0038  O2-bolt ≈ O2-bolt-opt（差异在 ±5% 内）
2026-03-31 14:59:44,370 INFO:     34                  MallocBench_gs    1.0037    0.9546   +0.0491  O2-bolt ≈ O2-bolt-opt（差异在 ±5% 内）
2026-03-31 14:59:44,370 INFO:     35                 McCat_01-qbsort    1.0013    0.9744   +0.0268  O2-bolt ≈ O2-bolt-opt（差异在 ±5% 内）
2026-03-31 14:59:44,370 INFO:     36                 McCat_04-bisect    1.0005    1.0136   -0.0131  O2-bolt ≈ O2-bolt-opt（差异在 ±5% 内）
2026-03-31 14:59:44,370 INFO:     37                   McCat_08-main    1.0032    1.0000   +0.0032  O2-bolt ≈ O2-bolt-opt（差异在 ±5% 内）
2026-03-31 14:59:44,371 INFO:     38                    McCat_09-vor    1.0017    0.9947   +0.0070  O2-bolt ≈ O2-bolt-opt（差异在 ±5% 内）
2026-03-31 14:59:44,371 INFO:     39                 McCat_12-IOtest    1.0015    0.9932   +0.0083  O2-bolt ≈ O2-bolt-opt（差异在 ±5% 内）
2026-03-31 14:59:44,371 INFO:     40                   McCat_15-trie    1.0018    1.0101   -0.0082  O2-bolt ≈ O2-bolt-opt（差异在 ±5% 内）
2026-03-31 14:59:44,371 INFO:     41                  McCat_17-bintr    1.0009    0.9494   +0.0515  O2-bolt ≈ O2-bolt-opt（差异在 ±5% 内）
2026-03-31 14:59:44,371 INFO:     42                    McCat_18-imp    1.0013    1.1155   -0.1142  O2-bolt ≈ O2-bolt-opt（差异在 ±5% 内）
2026-03-31 14:59:44,371 INFO:     43    MiBench_automotive-basicmath    1.0015    1.0000   +0.0015  O2-bolt ≈ O2-bolt-opt（差异在 ±5% 内）
2026-03-31 14:59:44,371 INFO:     44     MiBench_automotive-bitcount    1.0023    0.8994   +0.1029  O2-bolt ≈ O2-bolt-opt（差异在 ±5% 内）
2026-03-31 14:59:44,371 INFO:     45        MiBench_automotive-susan    1.0013    0.9883   +0.0130  O2-bolt ≈ O2-bolt-opt（差异在 ±5% 内）
2026-03-31 14:59:44,371 INFO:     46           MiBench_consumer-jpeg    1.0015    0.9967   +0.0049  O2-bolt ≈ O2-bolt-opt（差异在 ±5% 内）
2026-03-31 14:59:44,371 INFO:     47           MiBench_consumer-lame    1.0030    0.9877   +0.0153  O2-bolt ≈ O2-bolt-opt（差异在 ±5% 内）
2026-03-31 14:59:44,372 INFO:     48        MiBench_consumer-typeset    1.0019    0.9945   +0.0075  O2-bolt ≈ O2-bolt-opt（差异在 ±5% 内）
2026-03-31 14:59:44,372 INFO:     49        MiBench_network-dijkstra    1.0025    0.9192   +0.0832  O2-bolt ≈ O2-bolt-opt（差异在 ±5% 内）
2026-03-31 14:59:44,372 INFO:     50        MiBench_network-patricia    1.0006    0.9936   +0.0070  O2-bolt ≈ O2-bolt-opt（差异在 ±5% 内）
2026-03-31 14:59:44,372 INFO:     51           MiBench_office-ispell    1.0020    1.0015   +0.0005  O2-bolt ≈ O2-bolt-opt（差异在 ±5% 内）
2026-03-31 14:59:44,372 INFO:     52     MiBench_office-stringsearch    1.0019    1.0090   -0.0071  O2-bolt ≈ O2-bolt-opt（差异在 ±5% 内）
2026-03-31 14:59:44,372 INFO:     53       MiBench_security-blowfish    1.0020    1.0251   -0.0232  O2-bolt ≈ O2-bolt-opt（差异在 ±5% 内）
2026-03-31 14:59:44,372 INFO:     54       MiBench_security-rijndael    1.0004    1.0469   -0.0465  O2-bolt ≈ O2-bolt-opt（差异在 ±5% 内）
2026-03-31 14:59:44,372 INFO:     55            MiBench_security-sha    1.0014    1.0035   -0.0020  O2-bolt ≈ O2-bolt-opt（差异在 ±5% 内）
2026-03-31 14:59:44,372 INFO:     56          MiBench_telecomm-CRC32    1.0006    1.0000   +0.0006  O2-bolt ≈ O2-bolt-opt（差异在 ±5% 内）
2026-03-31 14:59:44,372 INFO:     57            MiBench_telecomm-FFT    1.0018    1.0031   -0.0013  O2-bolt ≈ O2-bolt-opt（差异在 ±5% 内）
2026-03-31 14:59:44,372 INFO:     58          MiBench_telecomm-adpcm    1.0015    0.9976   +0.0039  O2-bolt ≈ O2-bolt-opt（差异在 ±5% 内）
2026-03-31 14:59:44,373 INFO:     59            MiBench_telecomm-gsm    1.0037    1.0076   -0.0039  O2-bolt ≈ O2-bolt-opt（差异在 ±5% 内）
2026-03-31 14:59:44,373 INFO:     60                   NPB-serial_is    1.0014    1.0000   +0.0014  O2-bolt ≈ O2-bolt-opt（差异在 ±5% 内）
2026-03-31 14:59:44,373 INFO:     61                        Olden_bh    1.0033    1.0000   +0.0033  O2-bolt ≈ O2-bolt-opt（差异在 ±5% 内）
2026-03-31 14:59:44,373 INFO:     62                    Olden_bisort    1.0015    0.9778   +0.0238  O2-bolt ≈ O2-bolt-opt（差异在 ±5% 内）
2026-03-31 14:59:44,373 INFO:     63                      Olden_em3d    1.0069    1.6429   -0.6359  O2-bolt ≈ O2-bolt-opt（差异在 ±5% 内）
2026-03-31 14:59:44,373 INFO:     64                    Olden_health    1.0018    0.9891   +0.0126  O2-bolt ≈ O2-bolt-opt（差异在 ±5% 内）
2026-03-31 14:59:44,373 INFO:     65                       Olden_mst    1.0041    0.9920   +0.0121  O2-bolt ≈ O2-bolt-opt（差异在 ±5% 内）
2026-03-31 14:59:44,374 INFO:     66                 Olden_perimeter    1.0009    0.9345   +0.0664  O2-bolt ≈ O2-bolt-opt（差异在 ±5% 内）
2026-03-31 14:59:44,374 INFO:     67                     Olden_power    0.9994    1.0000   -0.0006  O2-bolt ≈ O2-bolt-opt（差异在 ±5% 内）
2026-03-31 14:59:44,374 INFO:     68                   Olden_treeadd    1.0013    0.9854   +0.0159  O2-bolt ≈ O2-bolt-opt（差异在 ±5% 内）
2026-03-31 14:59:44,374 INFO:     69                       Olden_tsp    1.0010    1.0000   +0.0010  O2-bolt ≈ O2-bolt-opt（差异在 ±5% 内）
2026-03-31 14:59:44,374 INFO:     70                   Olden_voronoi    1.0024    1.0000   +0.0024  O2-bolt ≈ O2-bolt-opt（差异在 ±5% 内）
2026-03-31 14:59:44,374 INFO:     71                           PAQ8p    1.0034    1.0000   +0.0034  O2-bolt ≈ O2-bolt-opt（差异在 ±5% 内）
2026-03-31 14:59:44,374 INFO:     72                 Prolangs-C++_NP    1.0020    1.0088   -0.0068  O2-bolt ≈ O2-bolt-opt（差异在 ±5% 内）
2026-03-31 14:59:44,375 INFO:     73               Prolangs-C++_city    1.0018    0.9759   +0.0258  O2-bolt ≈ O2-bolt-opt（差异在 ±5% 内）
2026-03-31 14:59:44,375 INFO:     74             Prolangs-C++_deriv1    1.0020    1.0141   -0.0122  O2-bolt ≈ O2-bolt-opt（差异在 ±5% 内）
2026-03-31 14:59:44,375 INFO:     75             Prolangs-C++_deriv2    1.0018    1.0115   -0.0096  O2-bolt ≈ O2-bolt-opt（差异在 ±5% 内）
2026-03-31 14:59:44,375 INFO:     76             Prolangs-C++_employ    1.0013    0.9903   +0.0110  O2-bolt ≈ O2-bolt-opt（差异在 ±5% 内）
2026-03-31 14:59:44,375 INFO:     77             Prolangs-C++_family    1.0018    1.0197   -0.0179  O2-bolt ≈ O2-bolt-opt（差异在 ±5% 内）
2026-03-31 14:59:44,375 INFO:     78                Prolangs-C++_fsm    1.0018    1.0091   -0.0074  O2-bolt ≈ O2-bolt-opt（差异在 ±5% 内）
2026-03-31 14:59:44,375 INFO:     79             Prolangs-C++_garage    1.0017    0.9981   +0.0036  O2-bolt ≈ O2-bolt-opt（差异在 ±5% 内）
2026-03-31 14:59:44,376 INFO:     80               Prolangs-C++_life    1.0025    1.0000   +0.0025  O2-bolt ≈ O2-bolt-opt（差异在 ±5% 内）
2026-03-31 14:59:44,376 INFO:     81            Prolangs-C++_objects    1.0017    1.0114   -0.0097  O2-bolt ≈ O2-bolt-opt（差异在 ±5% 内）
2026-03-31 14:59:44,376 INFO:     82              Prolangs-C++_ocean    1.0014    1.0000   +0.0014  O2-bolt ≈ O2-bolt-opt（差异在 ±5% 内）
2026-03-31 14:59:44,376 INFO:     83             Prolangs-C++_office    1.0018    1.0060   -0.0042  O2-bolt ≈ O2-bolt-opt（差异在 ±5% 内）
2026-03-31 14:59:44,376 INFO:     84             Prolangs-C++_primes    1.0018    0.9580   +0.0438  O2-bolt ≈ O2-bolt-opt（差异在 ±5% 内）
2026-03-31 14:59:44,376 INFO:     85             Prolangs-C++_shapes    1.0016    1.0252   -0.0236  O2-bolt ≈ O2-bolt-opt（差异在 ±5% 内）
2026-03-31 14:59:44,376 INFO:     86              Prolangs-C++_simul    1.0013    1.0252   -0.0239  O2-bolt ≈ O2-bolt-opt（差异在 ±5% 内）
2026-03-31 14:59:44,377 INFO:     87              Prolangs-C++_trees    1.0018    1.0176   -0.0158  O2-bolt ≈ O2-bolt-opt（差异在 ±5% 内）
2026-03-31 14:59:44,377 INFO:     88              Prolangs-C++_vcirc    1.0020    1.0016   +0.0004  O2-bolt ≈ O2-bolt-opt（差异在 ±5% 内）
2026-03-31 14:59:44,377 INFO:     89                Prolangs-C_agrep    1.0007    1.0382   -0.0375  O2-bolt ≈ O2-bolt-opt（差异在 ±5% 内）
2026-03-31 14:59:44,377 INFO:     90             Prolangs-C_allroots    1.0023    1.0094   -0.0071  O2-bolt ≈ O2-bolt-opt（差异在 ±5% 内）
2026-03-31 14:59:44,377 INFO:     91                Prolangs-C_bison    1.0013    0.9879   +0.0133  O2-bolt ≈ O2-bolt-opt（差异在 ±5% 内）
2026-03-31 14:59:44,377 INFO:     92                Prolangs-C_cdecl    1.0016    1.0122   -0.0106  O2-bolt ≈ O2-bolt-opt（差异在 ±5% 内）
2026-03-31 14:59:44,378 INFO:     93            Prolangs-C_fixoutput    1.0021    0.9965   +0.0057  O2-bolt ≈ O2-bolt-opt（差异在 ±5% 内）
2026-03-31 14:59:44,378 INFO:     94             Prolangs-C_football    1.0021    0.9975   +0.0046  O2-bolt ≈ O2-bolt-opt（差异在 ±5% 内）
2026-03-31 14:59:44,378 INFO:     95                Prolangs-C_gnugo    1.0009    1.0098   -0.0090  O2-bolt ≈ O2-bolt-opt（差异在 ±5% 内）
2026-03-31 14:59:44,378 INFO:     96               Prolangs-C_loader    1.0027    1.0238   -0.0211  O2-bolt ≈ O2-bolt-opt（差异在 ±5% 内）
2026-03-31 14:59:44,378 INFO:     97            Prolangs-C_simulator    1.0027    1.0159   -0.0132  O2-bolt ≈ O2-bolt-opt（差异在 ±5% 内）
2026-03-31 14:59:44,379 INFO:     98           Prolangs-C_unix-smail    1.0020    0.9970   +0.0051  O2-bolt ≈ O2-bolt-opt（差异在 ±5% 内）
2026-03-31 14:59:44,379 INFO:     99             Prolangs-C_unix-tbl    1.0023    1.0225   -0.0201  O2-bolt ≈ O2-bolt-opt（差异在 ±5% 内）
2026-03-31 14:59:44,379 INFO:    100                 Ptrdist_anagram    1.0034    0.9833   +0.0201  O2-bolt ≈ O2-bolt-opt（差异在 ±5% 内）
2026-03-31 14:59:44,379 INFO:    101                      Ptrdist_bc    1.0057    0.9045   +0.1013  O2-bolt ≈ O2-bolt-opt（差异在 ±5% 内）
2026-03-31 14:59:44,379 INFO:    102                      Ptrdist_ft    1.0029    1.0000   +0.0029  O2-bolt ≈ O2-bolt-opt（差异在 ±5% 内）
2026-03-31 14:59:44,380 INFO:    103                      Ptrdist_ks    1.0005    0.9831   +0.0175  O2-bolt ≈ O2-bolt-opt（差异在 ±5% 内）
2026-03-31 14:59:44,380 INFO:    104                   Ptrdist_yacr2    1.0034    1.0938   -0.0904  O2-bolt ≈ O2-bolt-opt（差异在 ±5% 内）
2026-03-31 14:59:44,380 INFO:    105                Rodinia_backprop    1.0034    1.0000   +0.0034  O2-bolt ≈ O2-bolt-opt（差异在 ±5% 内）
2026-03-31 14:59:44,380 INFO:    106                 Rodinia_hotspot    1.0016    0.9923   +0.0094  O2-bolt ≈ O2-bolt-opt（差异在 ±5% 内）
2026-03-31 14:59:44,380 INFO:    107              Rodinia_pathfinder    1.0072    1.0345   -0.0273  O2-bolt ≈ O2-bolt-opt（差异在 ±5% 内）
2026-03-31 14:59:44,380 INFO:    108                    Rodinia_srad    1.0062    1.0000   +0.0062  O2-bolt ≈ O2-bolt-opt（差异在 ±5% 内）
2026-03-31 14:59:44,381 INFO:    109                      SciMark2-C    1.0014    1.0000   +0.0014  O2-bolt ≈ O2-bolt-opt（差异在 ±5% 内）
2026-03-31 14:59:44,381 INFO:    110            TSVC_ControlFlow-dbl    1.0015    1.0000   +0.0015  O2-bolt ≈ O2-bolt-opt（差异在 ±5% 内）
2026-03-31 14:59:44,381 INFO:    111            TSVC_ControlFlow-flt    1.0011    1.0000   +0.0011  O2-bolt ≈ O2-bolt-opt（差异在 ±5% 内）
2026-03-31 14:59:44,381 INFO:    112           TSVC_ControlLoops-dbl    1.0035    1.0000   +0.0035  O2-bolt ≈ O2-bolt-opt（差异在 ±5% 内）
2026-03-31 14:59:44,381 INFO:    113           TSVC_ControlLoops-flt    1.0006    1.0000   +0.0006  O2-bolt ≈ O2-bolt-opt（差异在 ±5% 内）
2026-03-31 14:59:44,382 INFO:    114     TSVC_CrossingThresholds-dbl    1.0020    1.0000   +0.0020  O2-bolt ≈ O2-bolt-opt（差异在 ±5% 内）
2026-03-31 14:59:44,382 INFO:    115     TSVC_CrossingThresholds-flt    1.0016    0.9565   +0.0451  O2-bolt ≈ O2-bolt-opt（差异在 ±5% 内）
2026-03-31 14:59:44,382 INFO:    116          TSVC_Equivalencing-dbl    1.0009    1.0000   +0.0009  O2-bolt ≈ O2-bolt-opt（差异在 ±5% 内）
2026-03-31 14:59:44,382 INFO:    117          TSVC_Equivalencing-flt    1.0002    1.0000   +0.0002  O2-bolt ≈ O2-bolt-opt（差异在 ±5% 内）
2026-03-31 14:59:44,382 INFO:    118              TSVC_Expansion-dbl    1.0009    1.0000   +0.0009  O2-bolt ≈ O2-bolt-opt（差异在 ±5% 内）
2026-03-31 14:59:44,382 INFO:    119              TSVC_Expansion-flt    1.0007    0.9643   +0.0365  O2-bolt ≈ O2-bolt-opt（差异在 ±5% 内）
2026-03-31 14:59:44,383 INFO:    120         TSVC_GlobalDataFlow-dbl    1.0025    1.0000   +0.0025  O2-bolt ≈ O2-bolt-opt（差异在 ±5% 内）
2026-03-31 14:59:44,383 INFO:    121         TSVC_GlobalDataFlow-flt    0.9994    0.9744   +0.0250  O2-bolt ≈ O2-bolt-opt（差异在 ±5% 内）
2026-03-31 14:59:44,383 INFO:    122     TSVC_IndirectAddressing-dbl    1.0023    1.0000   +0.0023  O2-bolt ≈ O2-bolt-opt（差异在 ±5% 内）
2026-03-31 14:59:44,383 INFO:    123     TSVC_IndirectAddressing-flt    1.0015    1.0000   +0.0015  O2-bolt ≈ O2-bolt-opt（差异在 ±5% 内）
2026-03-31 14:59:44,383 INFO:    124      TSVC_InductionVariable-dbl    1.0012    1.0000   +0.0012  O2-bolt ≈ O2-bolt-opt（差异在 ±5% 内）
2026-03-31 14:59:44,383 INFO:    125      TSVC_InductionVariable-flt    1.0011    1.0000   +0.0011  O2-bolt ≈ O2-bolt-opt（差异在 ±5% 内）
2026-03-31 14:59:44,384 INFO:    126       TSVC_LinearDependence-dbl    1.0014    1.0000   +0.0014  O2-bolt ≈ O2-bolt-opt（差异在 ±5% 内）
2026-03-31 14:59:44,384 INFO:    127       TSVC_LinearDependence-flt    1.0006    0.9333   +0.0673  O2-bolt ≈ O2-bolt-opt（差异在 ±5% 内）
2026-03-31 14:59:44,384 INFO:    128          TSVC_LoopRerolling-dbl    1.0017    1.0000   +0.0017  O2-bolt ≈ O2-bolt-opt（差异在 ±5% 内）
2026-03-31 14:59:44,384 INFO:    129          TSVC_LoopRerolling-flt    1.0015    1.0000   +0.0015  O2-bolt ≈ O2-bolt-opt（差异在 ±5% 内）
2026-03-31 14:59:44,384 INFO:    130      TSVC_LoopRestructuring-dbl    1.0008    1.0000   +0.0008  O2-bolt ≈ O2-bolt-opt（差异在 ±5% 内）
2026-03-31 14:59:44,384 INFO:    131      TSVC_LoopRestructuring-flt    1.0006    1.0000   +0.0006  O2-bolt ≈ O2-bolt-opt（差异在 ±5% 内）
2026-03-31 14:59:44,385 INFO:    132          TSVC_NodeSplitting-dbl    1.0008    1.0000   +0.0008  O2-bolt ≈ O2-bolt-opt（差异在 ±5% 内）
2026-03-31 14:59:44,385 INFO:    133          TSVC_NodeSplitting-flt    1.0007    0.9412   +0.0595  O2-bolt ≈ O2-bolt-opt（差异在 ±5% 内）
2026-03-31 14:59:44,385 INFO:    134                TSVC_Packing-dbl    1.0007    1.0000   +0.0007  O2-bolt ≈ O2-bolt-opt（差异在 ±5% 内）
2026-03-31 14:59:44,385 INFO:    135                TSVC_Packing-flt    1.0012    1.3333   -0.3322  O2-bolt ≈ O2-bolt-opt（差异在 ±5% 内）
2026-03-31 14:59:44,385 INFO:    136            TSVC_Recurrences-dbl    0.9999    1.0000   -0.0001  O2-bolt ≈ O2-bolt-opt（差异在 ±5% 内）
2026-03-31 14:59:44,385 INFO:    137            TSVC_Recurrences-flt    0.9999    1.0000   -0.0001  O2-bolt ≈ O2-bolt-opt（差异在 ±5% 内）
2026-03-31 14:59:44,386 INFO:    138             TSVC_Reductions-dbl    1.0021    1.0000   +0.0021  O2-bolt ≈ O2-bolt-opt（差异在 ±5% 内）
2026-03-31 14:59:44,386 INFO:    139             TSVC_Reductions-flt    1.0013    1.0000   +0.0013  O2-bolt ≈ O2-bolt-opt（差异在 ±5% 内）
2026-03-31 14:59:44,386 INFO:    140              TSVC_Searching-dbl    1.0018    1.0000   +0.0018  O2-bolt ≈ O2-bolt-opt（差异在 ±5% 内）
2026-03-31 14:59:44,386 INFO:    141              TSVC_Searching-flt    1.0018    1.0000   +0.0018  O2-bolt ≈ O2-bolt-opt（差异在 ±5% 内）
2026-03-31 14:59:44,386 INFO:    142    TSVC_StatementReordering-dbl    1.0012    1.0000   +0.0012  O2-bolt ≈ O2-bolt-opt（差异在 ±5% 内）
2026-03-31 14:59:44,386 INFO:    143    TSVC_StatementReordering-flt    1.0011    1.0625   -0.0614  O2-bolt ≈ O2-bolt-opt（差异在 ±5% 内）
2026-03-31 14:59:44,386 INFO:    144              TSVC_Symbolics-dbl    1.0019    1.0000   +0.0019  O2-bolt ≈ O2-bolt-opt（差异在 ±5% 内）
2026-03-31 14:59:44,387 INFO:    145              TSVC_Symbolics-flt    1.0015    0.9444   +0.0571  O2-bolt ≈ O2-bolt-opt（差异在 ±5% 内）
2026-03-31 14:59:44,387 INFO:    146               Trimaran_enc-3des    1.0023    1.0000   +0.0023  O2-bolt ≈ O2-bolt-opt（差异在 ±5% 内）
2026-03-31 14:59:44,387 INFO:    147                Trimaran_enc-md5    1.0024    1.0000   +0.0024  O2-bolt ≈ O2-bolt-opt（差异在 ±5% 内）
2026-03-31 14:59:44,387 INFO:    148                Trimaran_enc-pc1    1.0019    1.0000   +0.0019  O2-bolt ≈ O2-bolt-opt（差异在 ±5% 内）
2026-03-31 14:59:44,387 INFO:    149                Trimaran_enc-rc4    1.0018    0.9796   +0.0222  O2-bolt ≈ O2-bolt-opt（差异在 ±5% 内）
2026-03-31 14:59:44,387 INFO:    150           Trimaran_netbench-crc    1.0018    1.0000   +0.0018  O2-bolt ≈ O2-bolt-opt（差异在 ±5% 内）
2026-03-31 14:59:44,388 INFO:    151           Trimaran_netbench-url    1.0020    1.0000   +0.0020  O2-bolt ≈ O2-bolt-opt（差异在 ±5% 内）
2026-03-31 14:59:44,388 INFO:    152                VersaBench_8b10b    1.0039    1.0000   +0.0039  O2-bolt ≈ O2-bolt-opt（差异在 ±5% 内）
2026-03-31 14:59:44,388 INFO:    153           VersaBench_beamformer    1.0020    1.1296   -0.1276  O2-bolt ≈ O2-bolt-opt（差异在 ±5% 内）
2026-03-31 14:59:44,388 INFO:    154                  VersaBench_bmm    1.0017    1.0000   +0.0017  O2-bolt ≈ O2-bolt-opt（差异在 ±5% 内）
2026-03-31 14:59:44,388 INFO:    155                 VersaBench_dbms    1.0024    1.0000   +0.0024  O2-bolt ≈ O2-bolt-opt（差异在 ±5% 内）
2026-03-31 14:59:44,389 INFO:    156               VersaBench_ecbdes    1.0021    1.0000   +0.0021  O2-bolt ≈ O2-bolt-opt（差异在 ±5% 内）
2026-03-31 14:59:44,389 INFO:    157                    llubenchmark    1.0015    1.0000   +0.0015  O2-bolt ≈ O2-bolt-opt（差异在 ±5% 内）
2026-03-31 14:59:44,389 INFO:    158                           mafft    1.0016    1.0000   +0.0016  O2-bolt ≈ O2-bolt-opt（差异在 ±5% 内）
2026-03-31 14:59:44,389 INFO:    159      mediabench_adpcm_rawcaudio    1.0014    0.9970   +0.0043  O2-bolt ≈ O2-bolt-opt（差异在 ±5% 内）
2026-03-31 14:59:44,389 INFO:    160      mediabench_adpcm_rawdaudio    1.0015    0.9908   +0.0107  O2-bolt ≈ O2-bolt-opt（差异在 ±5% 内）
2026-03-31 14:59:44,390 INFO:    161      mediabench_g721_g721encode    1.0015    0.9828   +0.0188  O2-bolt ≈ O2-bolt-opt（差异在 ±5% 内）
2026-03-31 14:59:44,390 INFO:    162            mediabench_gsm_toast    1.0017    1.0302   -0.0285  O2-bolt ≈ O2-bolt-opt（差异在 ±5% 内）
2026-03-31 14:59:44,390 INFO:    163       mediabench_mpeg2_mpeg2dec    1.0039    0.9592   +0.0447  O2-bolt ≈ O2-bolt-opt（差异在 ±5% 内）
2026-03-31 14:59:44,390 INFO:    164                          nbench    1.0056    1.0312   -0.0257  O2-bolt ≈ O2-bolt-opt（差异在 ±5% 内）
2026-03-31 14:59:44,390 INFO:    165                      tramp3d-v4    1.0018    0.9896   +0.0122  O2-bolt ≈ O2-bolt-opt（差异在 ±5% 内）
2026-03-31 14:59:44,391 INFO: 
  ── 验证指标 ──
2026-03-31 14:59:44,391 INFO:   MAE  = 0.0220
2026-03-31 14:59:44,391 INFO:   MSE  = 0.0040
2026-03-31 14:59:44,392 INFO:   RMSE = 0.0629
2026-03-31 14:59:44,392 INFO:   方向准确率 = 110/165 (66.7%)
2026-03-31 14:59:44,392 INFO:   预测 O2-bolt 更优: 160/165  (真实: 43/165)
2026-03-31 14:59:44,393 INFO:   方向准确率（排除 ±5%）= 8/18 (44.4%)
2026-03-31 14:59:44,510 INFO: 已应用 exp() 变换（log-target 模式）
2026-03-31 14:59:44,511 INFO: ========================================================================
2026-03-31 14:59:44,511 INFO: 版本对: O3-bolt_vs_O3-bolt-opt  (O3-bolt vs O3-bolt-opt)  共 161 个程序
2026-03-31 14:59:44,511 INFO: 标签模式: fixed_workload
2026-03-31 14:59:44,511 INFO: 标签定义: Y = T_v2 / T_v1 (time ratio)
2026-03-31 14:59:44,511 INFO: 判定方向: Y > 1 视为 O3-bolt 更快，Y < 1 视为 O3-bolt-opt 更快
2026-03-31 14:59:44,511 INFO: ========================================================================
2026-03-31 14:59:44,511 INFO:      #                              程序      预测 Ŷ      真实 Y        误差  判断
2026-03-31 14:59:44,511 INFO:   ------------------------------------------------------------------------
2026-03-31 14:59:44,512 INFO:      1                            7zip    1.0046    1.0000   +0.0046  O3-bolt ≈ O3-bolt-opt（差异在 ±5% 内）
2026-03-31 14:59:44,512 INFO:      2             ASCI_Purple_SMG2000    1.0034    1.0000   +0.0034  O3-bolt ≈ O3-bolt-opt（差异在 ±5% 内）
2026-03-31 14:59:44,512 INFO:      3               ASC_Sequoia_AMGmk    1.0013    1.0000   +0.0013  O3-bolt ≈ O3-bolt-opt（差异在 ±5% 内）
2026-03-31 14:59:44,512 INFO:      4           ASC_Sequoia_CrystalMk    1.0023    1.0000   +0.0023  O3-bolt ≈ O3-bolt-opt（差异在 ±5% 内）
2026-03-31 14:59:44,512 INFO:      5               ASC_Sequoia_IRSmk    1.0012    1.0000   +0.0012  O3-bolt ≈ O3-bolt-opt（差异在 ±5% 内）
2026-03-31 14:59:44,512 INFO:      6                  BitBench_drop3    1.0001    0.9341   +0.0660  O3-bolt ≈ O3-bolt-opt（差异在 ±5% 内）
2026-03-31 14:59:44,512 INFO:      7                 BitBench_five11    1.0011    0.9500   +0.0511  O3-bolt ≈ O3-bolt-opt（差异在 ±5% 内）
2026-03-31 14:59:44,512 INFO:      8               BitBench_uudecode    1.0032    1.7186   -0.7154  O3-bolt ≈ O3-bolt-opt（差异在 ±5% 内）
2026-03-31 14:59:44,512 INFO:      9               BitBench_uuencode    1.0010    1.0052   -0.0042  O3-bolt ≈ O3-bolt-opt（差异在 ±5% 内）
2026-03-31 14:59:44,512 INFO:     10                          Bullet    1.0041    1.0000   +0.0041  O3-bolt ≈ O3-bolt-opt（差异在 ±5% 内）
2026-03-31 14:59:44,512 INFO:     11         DOE-ProxyApps-C++_CLAMR    0.9946    1.0000   -0.0054  O3-bolt ≈ O3-bolt-opt（差异在 ±5% 内）
2026-03-31 14:59:44,512 INFO:     12   DOE-ProxyApps-C++_HACCKernels    1.0016    1.0000   +0.0016  O3-bolt ≈ O3-bolt-opt（差异在 ±5% 内）
2026-03-31 14:59:44,513 INFO:     13         DOE-ProxyApps-C++_HPCCG    1.0006    1.0000   +0.0006  O3-bolt ≈ O3-bolt-opt（差异在 ±5% 内）
2026-03-31 14:59:44,513 INFO:     14       DOE-ProxyApps-C++_PENNANT    1.0010    1.0000   +0.0010  O3-bolt ≈ O3-bolt-opt（差异在 ±5% 内）
2026-03-31 14:59:44,513 INFO:     15        DOE-ProxyApps-C++_miniFE    1.0034    1.0000   +0.0034  O3-bolt ≈ O3-bolt-opt（差异在 ±5% 内）
2026-03-31 14:59:44,513 INFO:     16            DOE-ProxyApps-C_CoMD    1.0065    0.9200   +0.0865  O3-bolt ≈ O3-bolt-opt（差异在 ±5% 内）
2026-03-31 14:59:44,513 INFO:     17      DOE-ProxyApps-C_Pathfinder    1.0099    1.0667   -0.0568  O3-bolt ≈ O3-bolt-opt（差异在 ±5% 内）
2026-03-31 14:59:44,513 INFO:     18         DOE-ProxyApps-C_RSBench    1.0035    1.0000   +0.0035  O3-bolt ≈ O3-bolt-opt（差异在 ±5% 内）
2026-03-31 14:59:44,513 INFO:     19       DOE-ProxyApps-C_SimpleMOC    1.0046    0.9697   +0.0349  O3-bolt ≈ O3-bolt-opt（差异在 ±5% 内）
2026-03-31 14:59:44,513 INFO:     20         DOE-ProxyApps-C_XSBench    1.0008    0.9375   +0.0633  O3-bolt ≈ O3-bolt-opt（差异在 ±5% 内）
2026-03-31 14:59:44,513 INFO:     21         DOE-ProxyApps-C_miniAMR    1.0044    1.0000   +0.0044  O3-bolt ≈ O3-bolt-opt（差异在 ±5% 内）
2026-03-31 14:59:44,514 INFO:     22         DOE-ProxyApps-C_miniGMG    1.0100    1.0000   +0.0100  O3-bolt ≈ O3-bolt-opt（差异在 ±5% 内）
2026-03-31 14:59:44,514 INFO:     23                     Fhourstones    1.0021    1.0370   -0.0349  O3-bolt ≈ O3-bolt-opt（差异在 ±5% 内）
2026-03-31 14:59:44,514 INFO:     24                 Fhourstones-3.1    1.0016    1.0857   -0.0842  O3-bolt ≈ O3-bolt-opt（差异在 ±5% 内）
2026-03-31 14:59:44,514 INFO:     25              FreeBench_analyzer    1.0029    0.9962   +0.0066  O3-bolt ≈ O3-bolt-opt（差异在 ±5% 内）
2026-03-31 14:59:44,514 INFO:     26               FreeBench_distray    1.0002    1.0000   +0.0002  O3-bolt ≈ O3-bolt-opt（差异在 ±5% 内）
2026-03-31 14:59:44,514 INFO:     27            FreeBench_fourinarow    1.0020    1.0000   +0.0020  O3-bolt ≈ O3-bolt-opt（差异在 ±5% 内）
2026-03-31 14:59:44,514 INFO:     28                 FreeBench_mason    1.0010    0.9847   +0.0163  O3-bolt ≈ O3-bolt-opt（差异在 ±5% 内）
2026-03-31 14:59:44,515 INFO:     29                FreeBench_neural    1.0017    1.0109   -0.0092  O3-bolt ≈ O3-bolt-opt（差异在 ±5% 内）
2026-03-31 14:59:44,515 INFO:     30            FreeBench_pcompress2    1.0044    1.0060   -0.0016  O3-bolt ≈ O3-bolt-opt（差异在 ±5% 内）
2026-03-31 14:59:44,515 INFO:     31                 FreeBench_pifft    1.0018    1.0127   -0.0109  O3-bolt ≈ O3-bolt-opt（差异在 ±5% 内）
2026-03-31 14:59:44,515 INFO:     32               MallocBench_cfrac    1.0035    0.9811   +0.0224  O3-bolt ≈ O3-bolt-opt（差异在 ±5% 内）
2026-03-31 14:59:44,515 INFO:     33            MallocBench_espresso    1.0038    1.0179   -0.0141  O3-bolt ≈ O3-bolt-opt（差异在 ±5% 内）
2026-03-31 14:59:44,515 INFO:     34                  MallocBench_gs    1.0037    0.9430   +0.0607  O3-bolt ≈ O3-bolt-opt（差异在 ±5% 内）
2026-03-31 14:59:44,515 INFO:     35                 McCat_01-qbsort    1.0014    0.9774   +0.0240  O3-bolt ≈ O3-bolt-opt（差异在 ±5% 内）
2026-03-31 14:59:44,515 INFO:     36                 McCat_04-bisect    1.0011    1.1034   -0.1023  O3-bolt ≈ O3-bolt-opt（差异在 ±5% 内）
2026-03-31 14:59:44,516 INFO:     37                   McCat_08-main    1.0040    1.0000   +0.0040  O3-bolt ≈ O3-bolt-opt（差异在 ±5% 内）
2026-03-31 14:59:44,516 INFO:     38                    McCat_09-vor    1.0025    1.0160   -0.0135  O3-bolt ≈ O3-bolt-opt（差异在 ±5% 内）
2026-03-31 14:59:44,516 INFO:     39                 McCat_12-IOtest    1.0017    0.9932   +0.0085  O3-bolt ≈ O3-bolt-opt（差异在 ±5% 内）
2026-03-31 14:59:44,516 INFO:     40                   McCat_15-trie    1.0020    1.0226   -0.0205  O3-bolt ≈ O3-bolt-opt（差异在 ±5% 内）
2026-03-31 14:59:44,516 INFO:     41                  McCat_17-bintr    1.0015    1.0000   +0.0015  O3-bolt ≈ O3-bolt-opt（差异在 ±5% 内）
2026-03-31 14:59:44,516 INFO:     42                    McCat_18-imp    1.0016    1.0995   -0.0979  O3-bolt ≈ O3-bolt-opt（差异在 ±5% 内）
2026-03-31 14:59:44,516 INFO:     43    MiBench_automotive-basicmath    1.0009    1.0000   +0.0009  O3-bolt ≈ O3-bolt-opt（差异在 ±5% 内）
2026-03-31 14:59:44,516 INFO:     44     MiBench_automotive-bitcount    1.0013    0.9655   +0.0357  O3-bolt ≈ O3-bolt-opt（差异在 ±5% 内）
2026-03-31 14:59:44,517 INFO:     45        MiBench_automotive-susan    1.0008    0.9868   +0.0140  O3-bolt ≈ O3-bolt-opt（差异在 ±5% 内）
2026-03-31 14:59:44,517 INFO:     46           MiBench_consumer-jpeg    1.0014    0.9872   +0.0142  O3-bolt ≈ O3-bolt-opt（差异在 ±5% 内）
2026-03-31 14:59:44,517 INFO:     47           MiBench_consumer-lame    1.0038    0.9880   +0.0158  O3-bolt ≈ O3-bolt-opt（差异在 ±5% 内）
2026-03-31 14:59:44,517 INFO:     48        MiBench_consumer-typeset    1.0016    0.9886   +0.0130  O3-bolt ≈ O3-bolt-opt（差异在 ±5% 内）
2026-03-31 14:59:44,517 INFO:     49        MiBench_network-dijkstra    1.0026    0.9219   +0.0807  O3-bolt ≈ O3-bolt-opt（差异在 ±5% 内）
2026-03-31 14:59:44,517 INFO:     50        MiBench_network-patricia    1.0014    0.9957   +0.0057  O3-bolt ≈ O3-bolt-opt（差异在 ±5% 内）
2026-03-31 14:59:44,517 INFO:     51           MiBench_office-ispell    1.0022    1.0066   -0.0043  O3-bolt ≈ O3-bolt-opt（差异在 ±5% 内）
2026-03-31 14:59:44,517 INFO:     52     MiBench_office-stringsearch    1.0017    1.0157   -0.0140  O3-bolt ≈ O3-bolt-opt（差异在 ±5% 内）
2026-03-31 14:59:44,518 INFO:     53       MiBench_security-rijndael    1.0006    1.0591   -0.0585  O3-bolt ≈ O3-bolt-opt（差异在 ±5% 内）
2026-03-31 14:59:44,518 INFO:     54            MiBench_security-sha    1.0012    1.0075   -0.0063  O3-bolt ≈ O3-bolt-opt（差异在 ±5% 内）
2026-03-31 14:59:44,518 INFO:     55          MiBench_telecomm-CRC32    1.0008    1.0069   -0.0061  O3-bolt ≈ O3-bolt-opt（差异在 ±5% 内）
2026-03-31 14:59:44,518 INFO:     56            MiBench_telecomm-FFT    1.0016    0.9969   +0.0047  O3-bolt ≈ O3-bolt-opt（差异在 ±5% 内）
2026-03-31 14:59:44,518 INFO:     57          MiBench_telecomm-adpcm    1.0017    0.9976   +0.0041  O3-bolt ≈ O3-bolt-opt（差异在 ±5% 内）
2026-03-31 14:59:44,518 INFO:     58            MiBench_telecomm-gsm    1.0039    0.9928   +0.0111  O3-bolt ≈ O3-bolt-opt（差异在 ±5% 内）
2026-03-31 14:59:44,518 INFO:     59                   NPB-serial_is    1.0016    1.0000   +0.0016  O3-bolt ≈ O3-bolt-opt（差异在 ±5% 内）
2026-03-31 14:59:44,518 INFO:     60                        Olden_bh    1.0033    1.0000   +0.0033  O3-bolt ≈ O3-bolt-opt（差异在 ±5% 内）
2026-03-31 14:59:44,519 INFO:     61                    Olden_bisort    1.0012    0.9891   +0.0121  O3-bolt ≈ O3-bolt-opt（差异在 ±5% 内）
2026-03-31 14:59:44,519 INFO:     62                      Olden_em3d    1.0077    1.6429   -0.6352  O3-bolt ≈ O3-bolt-opt（差异在 ±5% 内）
2026-03-31 14:59:44,519 INFO:     63                    Olden_health    1.0014    1.0000   +0.0014  O3-bolt ≈ O3-bolt-opt（差异在 ±5% 内）
2026-03-31 14:59:44,519 INFO:     64                       Olden_mst    1.0052    1.0020   +0.0032  O3-bolt ≈ O3-bolt-opt（差异在 ±5% 内）
2026-03-31 14:59:44,519 INFO:     65                 Olden_perimeter    1.0011    0.9912   +0.0100  O3-bolt ≈ O3-bolt-opt（差异在 ±5% 内）
2026-03-31 14:59:44,519 INFO:     66                     Olden_power    0.9994    0.9870   +0.0124  O3-bolt ≈ O3-bolt-opt（差异在 ±5% 内）
2026-03-31 14:59:44,519 INFO:     67                   Olden_treeadd    1.0014    1.0049   -0.0035  O3-bolt ≈ O3-bolt-opt（差异在 ±5% 内）
2026-03-31 14:59:44,519 INFO:     68                       Olden_tsp    1.0014    1.0115   -0.0101  O3-bolt ≈ O3-bolt-opt（差异在 ±5% 内）
2026-03-31 14:59:44,519 INFO:     69                   Olden_voronoi    1.0018    1.0061   -0.0043  O3-bolt ≈ O3-bolt-opt（差异在 ±5% 内）
2026-03-31 14:59:44,520 INFO:     70                           PAQ8p    1.0037    1.0000   +0.0037  O3-bolt ≈ O3-bolt-opt（差异在 ±5% 内）
2026-03-31 14:59:44,520 INFO:     71                 Prolangs-C++_NP    1.0019    1.0239   -0.0220  O3-bolt ≈ O3-bolt-opt（差异在 ±5% 内）
2026-03-31 14:59:44,520 INFO:     72             Prolangs-C++_deriv1    1.0018    1.0014   +0.0003  O3-bolt ≈ O3-bolt-opt（差异在 ±5% 内）
2026-03-31 14:59:44,520 INFO:     73             Prolangs-C++_deriv2    1.0017    1.0078   -0.0061  O3-bolt ≈ O3-bolt-opt（差异在 ±5% 内）
2026-03-31 14:59:44,520 INFO:     74             Prolangs-C++_employ    1.0013    1.0104   -0.0091  O3-bolt ≈ O3-bolt-opt（差异在 ±5% 内）
2026-03-31 14:59:44,520 INFO:     75                Prolangs-C++_fsm    1.0018    1.0083   -0.0065  O3-bolt ≈ O3-bolt-opt（差异在 ±5% 内）
2026-03-31 14:59:44,521 INFO:     76             Prolangs-C++_garage    1.0018    1.0093   -0.0075  O3-bolt ≈ O3-bolt-opt（差异在 ±5% 内）
2026-03-31 14:59:44,521 INFO:     77               Prolangs-C++_life    1.0025    1.0286   -0.0261  O3-bolt ≈ O3-bolt-opt（差异在 ±5% 内）
2026-03-31 14:59:44,521 INFO:     78            Prolangs-C++_objects    1.0018    1.0146   -0.0127  O3-bolt ≈ O3-bolt-opt（差异在 ±5% 内）
2026-03-31 14:59:44,521 INFO:     79              Prolangs-C++_ocean    1.0016    0.9920   +0.0096  O3-bolt ≈ O3-bolt-opt（差异在 ±5% 内）
2026-03-31 14:59:44,521 INFO:     80             Prolangs-C++_office    1.0017    0.9976   +0.0040  O3-bolt ≈ O3-bolt-opt（差异在 ±5% 内）
2026-03-31 14:59:44,521 INFO:     81             Prolangs-C++_primes    1.0022    0.9521   +0.0502  O3-bolt ≈ O3-bolt-opt（差异在 ±5% 内）
2026-03-31 14:59:44,522 INFO:     82             Prolangs-C++_shapes    1.0018    1.0009   +0.0009  O3-bolt ≈ O3-bolt-opt（差异在 ±5% 内）
2026-03-31 14:59:44,522 INFO:     83              Prolangs-C++_simul    1.0014    0.9927   +0.0087  O3-bolt ≈ O3-bolt-opt（差异在 ±5% 内）
2026-03-31 14:59:44,522 INFO:     84              Prolangs-C++_trees    1.0018    1.0263   -0.0245  O3-bolt ≈ O3-bolt-opt（差异在 ±5% 内）
2026-03-31 14:59:44,522 INFO:     85         Prolangs-C_TimberWolfMC    1.0028    1.0175   -0.0146  O3-bolt ≈ O3-bolt-opt（差异在 ±5% 内）
2026-03-31 14:59:44,522 INFO:     86                Prolangs-C_agrep    1.0012    1.0310   -0.0298  O3-bolt ≈ O3-bolt-opt（差异在 ±5% 内）
2026-03-31 14:59:44,522 INFO:     87             Prolangs-C_allroots    1.0027    1.0128   -0.0101  O3-bolt ≈ O3-bolt-opt（差异在 ±5% 内）
2026-03-31 14:59:44,523 INFO:     88        Prolangs-C_archie-client    1.0021    1.0116   -0.0096  O3-bolt ≈ O3-bolt-opt（差异在 ±5% 内）
2026-03-31 14:59:44,523 INFO:     89                Prolangs-C_bison    1.0011    0.9933   +0.0078  O3-bolt ≈ O3-bolt-opt（差异在 ±5% 内）
2026-03-31 14:59:44,523 INFO:     90                Prolangs-C_cdecl    1.0014    1.0133   -0.0118  O3-bolt ≈ O3-bolt-opt（差异在 ±5% 内）
2026-03-31 14:59:44,523 INFO:     91             Prolangs-C_football    1.0021    1.0212   -0.0191  O3-bolt ≈ O3-bolt-opt（差异在 ±5% 内）
2026-03-31 14:59:44,523 INFO:     92                Prolangs-C_gnugo    0.9988    1.0174   -0.0185  O3-bolt ≈ O3-bolt-opt（差异在 ±5% 内）
2026-03-31 14:59:44,523 INFO:     93           Prolangs-C_unix-smail    1.0020    1.0062   -0.0042  O3-bolt ≈ O3-bolt-opt（差异在 ±5% 内）
2026-03-31 14:59:44,524 INFO:     94             Prolangs-C_unix-tbl    1.0022    1.0171   -0.0149  O3-bolt ≈ O3-bolt-opt（差异在 ±5% 内）
2026-03-31 14:59:44,524 INFO:     95                 Ptrdist_anagram    1.0048    0.9833   +0.0214  O3-bolt ≈ O3-bolt-opt（差异在 ±5% 内）
2026-03-31 14:59:44,524 INFO:     96                      Ptrdist_bc    1.0064    0.9161   +0.0902  O3-bolt ≈ O3-bolt-opt（差异在 ±5% 内）
2026-03-31 14:59:44,524 INFO:     97                      Ptrdist_ft    1.0027    1.0200   -0.0173  O3-bolt ≈ O3-bolt-opt（差异在 ±5% 内）
2026-03-31 14:59:44,524 INFO:     98                      Ptrdist_ks    1.0003    0.8507   +0.1495  O3-bolt ≈ O3-bolt-opt（差异在 ±5% 内）
2026-03-31 14:59:44,524 INFO:     99                   Ptrdist_yacr2    1.0036    1.0833   -0.0798  O3-bolt ≈ O3-bolt-opt（差异在 ±5% 内）
2026-03-31 14:59:44,525 INFO:    100                Rodinia_backprop    1.0056    1.0000   +0.0056  O3-bolt ≈ O3-bolt-opt（差异在 ±5% 内）
2026-03-31 14:59:44,525 INFO:    101                 Rodinia_hotspot    1.0001    1.0039   -0.0038  O3-bolt ≈ O3-bolt-opt（差异在 ±5% 内）
2026-03-31 14:59:44,525 INFO:    102              Rodinia_pathfinder    1.0060    1.0000   +0.0060  O3-bolt ≈ O3-bolt-opt（差异在 ±5% 内）
2026-03-31 14:59:44,525 INFO:    103                    Rodinia_srad    1.0049    1.0110   -0.0061  O3-bolt ≈ O3-bolt-opt（差异在 ±5% 内）
2026-03-31 14:59:44,525 INFO:    104                      SciMark2-C    1.0017    1.0000   +0.0017  O3-bolt ≈ O3-bolt-opt（差异在 ±5% 内）
2026-03-31 14:59:44,526 INFO:    105            TSVC_ControlFlow-dbl    1.0014    1.0000   +0.0014  O3-bolt ≈ O3-bolt-opt（差异在 ±5% 内）
2026-03-31 14:59:44,526 INFO:    106            TSVC_ControlFlow-flt    1.0012    1.0667   -0.0654  O3-bolt ≈ O3-bolt-opt（差异在 ±5% 内）
2026-03-31 14:59:44,526 INFO:    107           TSVC_ControlLoops-dbl    0.9998    1.0000   -0.0002  O3-bolt ≈ O3-bolt-opt（差异在 ±5% 内）
2026-03-31 14:59:44,526 INFO:    108           TSVC_ControlLoops-flt    1.0000    1.0000   +0.0000  O3-bolt ≈ O3-bolt-opt（差异在 ±5% 内）
2026-03-31 14:59:44,526 INFO:    109     TSVC_CrossingThresholds-dbl    1.0014    1.0000   +0.0014  O3-bolt ≈ O3-bolt-opt（差异在 ±5% 内）
2026-03-31 14:59:44,526 INFO:    110     TSVC_CrossingThresholds-flt    1.0015    1.0000   +0.0015  O3-bolt ≈ O3-bolt-opt（差异在 ±5% 内）
2026-03-31 14:59:44,527 INFO:    111          TSVC_Equivalencing-dbl    1.0005    1.0000   +0.0005  O3-bolt ≈ O3-bolt-opt（差异在 ±5% 内）
2026-03-31 14:59:44,527 INFO:    112          TSVC_Equivalencing-flt    1.0005    1.0128   -0.0124  O3-bolt ≈ O3-bolt-opt（差异在 ±5% 内）
2026-03-31 14:59:44,527 INFO:    113              TSVC_Expansion-dbl    1.0008    1.0000   +0.0008  O3-bolt ≈ O3-bolt-opt（差异在 ±5% 内）
2026-03-31 14:59:44,527 INFO:    114              TSVC_Expansion-flt    1.0008    1.0385   -0.0377  O3-bolt ≈ O3-bolt-opt（差异在 ±5% 内）
2026-03-31 14:59:44,528 INFO:    115         TSVC_GlobalDataFlow-dbl    1.0005    1.0000   +0.0005  O3-bolt ≈ O3-bolt-opt（差异在 ±5% 内）
2026-03-31 14:59:44,528 INFO:    116         TSVC_GlobalDataFlow-flt    0.9999    1.0000   -0.0001  O3-bolt ≈ O3-bolt-opt（差异在 ±5% 内）
2026-03-31 14:59:44,528 INFO:    117     TSVC_IndirectAddressing-dbl    1.0013    0.9231   +0.0782  O3-bolt ≈ O3-bolt-opt（差异在 ±5% 内）
2026-03-31 14:59:44,528 INFO:    118     TSVC_IndirectAddressing-flt    1.0014    0.9231   +0.0783  O3-bolt ≈ O3-bolt-opt（差异在 ±5% 内）
2026-03-31 14:59:44,528 INFO:    119      TSVC_InductionVariable-dbl    1.0013    1.0909   -0.0896  O3-bolt ≈ O3-bolt-opt（差异在 ±5% 内）
2026-03-31 14:59:44,528 INFO:    120      TSVC_InductionVariable-flt    1.0010    1.0000   +0.0010  O3-bolt ≈ O3-bolt-opt（差异在 ±5% 内）
2026-03-31 14:59:44,529 INFO:    121       TSVC_LinearDependence-dbl    1.0012    1.0000   +0.0012  O3-bolt ≈ O3-bolt-opt（差异在 ±5% 内）
2026-03-31 14:59:44,529 INFO:    122       TSVC_LinearDependence-flt    1.0005    0.9310   +0.0695  O3-bolt ≈ O3-bolt-opt（差异在 ±5% 内）
2026-03-31 14:59:44,529 INFO:    123          TSVC_LoopRerolling-dbl    1.0013    1.0000   +0.0013  O3-bolt ≈ O3-bolt-opt（差异在 ±5% 内）
2026-03-31 14:59:44,529 INFO:    124          TSVC_LoopRerolling-flt    1.0014    1.0000   +0.0014  O3-bolt ≈ O3-bolt-opt（差异在 ±5% 内）
2026-03-31 14:59:44,529 INFO:    125      TSVC_LoopRestructuring-dbl    1.0008    1.0000   +0.0008  O3-bolt ≈ O3-bolt-opt（差异在 ±5% 内）
2026-03-31 14:59:44,530 INFO:    126      TSVC_LoopRestructuring-flt    1.0006    1.0000   +0.0006  O3-bolt ≈ O3-bolt-opt（差异在 ±5% 内）
2026-03-31 14:59:44,530 INFO:    127          TSVC_NodeSplitting-dbl    1.0008    0.9231   +0.0778  O3-bolt ≈ O3-bolt-opt（差异在 ±5% 内）
2026-03-31 14:59:44,530 INFO:    128          TSVC_NodeSplitting-flt    1.0010    1.0667   -0.0657  O3-bolt ≈ O3-bolt-opt（差异在 ±5% 内）
2026-03-31 14:59:44,530 INFO:    129                TSVC_Packing-dbl    1.0015    1.2727   -0.2713  O3-bolt ≈ O3-bolt-opt（差异在 ±5% 内）
2026-03-31 14:59:44,530 INFO:    130                TSVC_Packing-flt    1.0016    1.2500   -0.2484  O3-bolt ≈ O3-bolt-opt（差异在 ±5% 内）
2026-03-31 14:59:44,530 INFO:    131            TSVC_Recurrences-dbl    1.0000    1.0000   +0.0000  O3-bolt ≈ O3-bolt-opt（差异在 ±5% 内）
2026-03-31 14:59:44,531 INFO:    132            TSVC_Recurrences-flt    0.9996    1.0000   -0.0004  O3-bolt ≈ O3-bolt-opt（差异在 ±5% 内）
2026-03-31 14:59:44,531 INFO:    133             TSVC_Reductions-dbl    1.0012    1.0000   +0.0012  O3-bolt ≈ O3-bolt-opt（差异在 ±5% 内）
2026-03-31 14:59:44,531 INFO:    134             TSVC_Reductions-flt    1.0013    1.0000   +0.0013  O3-bolt ≈ O3-bolt-opt（差异在 ±5% 内）
2026-03-31 14:59:44,531 INFO:    135              TSVC_Searching-dbl    1.0017    1.0000   +0.0017  O3-bolt ≈ O3-bolt-opt（差异在 ±5% 内）
2026-03-31 14:59:44,531 INFO:    136              TSVC_Searching-flt    1.0014    1.0000   +0.0014  O3-bolt ≈ O3-bolt-opt（差异在 ±5% 内）
2026-03-31 14:59:44,532 INFO:    137    TSVC_StatementReordering-dbl    1.0010    1.0000   +0.0010  O3-bolt ≈ O3-bolt-opt（差异在 ±5% 内）
2026-03-31 14:59:44,532 INFO:    138    TSVC_StatementReordering-flt    1.0010    1.0000   +0.0010  O3-bolt ≈ O3-bolt-opt（差异在 ±5% 内）
2026-03-31 14:59:44,532 INFO:    139              TSVC_Symbolics-dbl    1.0014    0.9474   +0.0540  O3-bolt ≈ O3-bolt-opt（差异在 ±5% 内）
2026-03-31 14:59:44,532 INFO:    140              TSVC_Symbolics-flt    1.0012    0.9189   +0.0823  O3-bolt ≈ O3-bolt-opt（差异在 ±5% 内）
2026-03-31 14:59:44,532 INFO:    141               Trimaran_enc-3des    1.0023    1.0435   -0.0412  O3-bolt ≈ O3-bolt-opt（差异在 ±5% 内）
2026-03-31 14:59:44,533 INFO:    142                Trimaran_enc-md5    1.0018    1.0000   +0.0018  O3-bolt ≈ O3-bolt-opt（差异在 ±5% 内）
2026-03-31 14:59:44,533 INFO:    143                Trimaran_enc-pc1    1.0022    1.0000   +0.0022  O3-bolt ≈ O3-bolt-opt（差异在 ±5% 内）
2026-03-31 14:59:44,533 INFO:    144                Trimaran_enc-rc4    1.0018    1.0000   +0.0018  O3-bolt ≈ O3-bolt-opt（差异在 ±5% 内）
2026-03-31 14:59:44,533 INFO:    145           Trimaran_netbench-crc    1.0017    1.0000   +0.0017  O3-bolt ≈ O3-bolt-opt（差异在 ±5% 内）
2026-03-31 14:59:44,533 INFO:    146           Trimaran_netbench-url    1.0020    1.0000   +0.0020  O3-bolt ≈ O3-bolt-opt（差异在 ±5% 内）
2026-03-31 14:59:44,534 INFO:    147                VersaBench_8b10b    1.0049    0.8889   +0.1161  O3-bolt ≈ O3-bolt-opt（差异在 ±5% 内）
2026-03-31 14:59:44,534 INFO:    148           VersaBench_beamformer    1.0010    1.0000   +0.0010  O3-bolt ≈ O3-bolt-opt（差异在 ±5% 内）
2026-03-31 14:59:44,534 INFO:    149                  VersaBench_bmm    1.0016    1.0000   +0.0016  O3-bolt ≈ O3-bolt-opt（差异在 ±5% 内）
2026-03-31 14:59:44,534 INFO:    150                 VersaBench_dbms    1.0026    1.0000   +0.0026  O3-bolt ≈ O3-bolt-opt（差异在 ±5% 内）
2026-03-31 14:59:44,534 INFO:    151               VersaBench_ecbdes    1.0027    1.0000   +0.0027  O3-bolt ≈ O3-bolt-opt（差异在 ±5% 内）
2026-03-31 14:59:44,534 INFO:    152                    llubenchmark    1.0016    1.0000   +0.0016  O3-bolt ≈ O3-bolt-opt（差异在 ±5% 内）
2026-03-31 14:59:44,535 INFO:    153                           mafft    1.0012    1.0000   +0.0012  O3-bolt ≈ O3-bolt-opt（差异在 ±5% 内）
2026-03-31 14:59:44,535 INFO:    154      mediabench_adpcm_rawcaudio    1.0015    1.0070   -0.0056  O3-bolt ≈ O3-bolt-opt（差异在 ±5% 内）
2026-03-31 14:59:44,535 INFO:    155      mediabench_adpcm_rawdaudio    1.0016    1.0166   -0.0150  O3-bolt ≈ O3-bolt-opt（差异在 ±5% 内）
2026-03-31 14:59:44,535 INFO:    156      mediabench_g721_g721encode    1.0008    0.9961   +0.0047  O3-bolt ≈ O3-bolt-opt（差异在 ±5% 内）
2026-03-31 14:59:44,535 INFO:    157            mediabench_gsm_toast    1.0019    0.9990   +0.0029  O3-bolt ≈ O3-bolt-opt（差异在 ±5% 内）
2026-03-31 14:59:44,535 INFO:    158         mediabench_jpeg_jpeg-6a    1.0013    1.0196   -0.0183  O3-bolt ≈ O3-bolt-opt（差异在 ±5% 内）
2026-03-31 14:59:44,536 INFO:    159       mediabench_mpeg2_mpeg2dec    1.0045    0.9586   +0.0459  O3-bolt ≈ O3-bolt-opt（差异在 ±5% 内）
2026-03-31 14:59:44,536 INFO:    160                          nbench    1.0051    0.9394   +0.0657  O3-bolt ≈ O3-bolt-opt（差异在 ±5% 内）
2026-03-31 14:59:44,536 INFO:    161                      tramp3d-v4    1.0006    0.9932   +0.0074  O3-bolt ≈ O3-bolt-opt（差异在 ±5% 内）
2026-03-31 14:59:44,536 INFO: 
  ── 验证指标 ──
2026-03-31 14:59:44,536 INFO:   MAE  = 0.0308
2026-03-31 14:59:44,536 INFO:   MSE  = 0.0077
2026-03-31 14:59:44,537 INFO:   RMSE = 0.0877
2026-03-31 14:59:44,537 INFO:   方向准确率 = 113/161 (70.2%)
2026-03-31 14:59:44,537 INFO:   预测 O3-bolt 更优: 155/161  (真实: 57/161)
2026-03-31 14:59:44,537 INFO:   方向准确率（排除 ±5%）= 13/29 (44.8%)
2026-03-31 14:59:44,538 INFO: 
