2026-03-31 14:55:44,906 INFO: [LSTM] DirectML 不支持 nn.LSTM，已自动回退到 CPU
2026-03-31 14:55:44,907 INFO: 设备: cpu
2026-03-31 14:55:44,907 INFO: 标签机制: fixed_work
2026-03-31 14:55:44,907 INFO: 自动微调 [fixed_work/lstm]: batch_size=32, bidirectional=True, direction_lambda=0.3, dropout=0.2, epochs=200, grad_clip=1.0, huber_delta=0.05, log_target=True, lr=0.0005, lstm_hidden=32, lstm_out=64, mlp_hidden=32, noise_std=0.01, num_layers=2, pair_swap=True, patience=50, warmup_epochs=15, weight_decay=0.001
2026-03-31 14:55:44,907 INFO: 加载数据...
2026-03-31 14:55:44,910 INFO:   加载 O1-g_vs_O3-g: 163 样本
2026-03-31 14:55:44,911 INFO:   加载 O2-bolt_vs_O2-bolt-opt: 165 样本
2026-03-31 14:55:44,913 INFO:   加载 O3-bolt_vs_O3-bolt-opt: 161 样本
2026-03-31 14:55:44,915 INFO: 总样本数: 489  序列长度 T=60  特征维度 D=6
2026-03-31 14:55:44,917 INFO: 已启用 log-target 变换: Y → log(Y)
2026-03-31 14:55:44,918 INFO: pair-swap 增强后训练集: 686 样本
2026-03-31 14:55:44,918 INFO: 训练集: 686  验证集: 73  测试集: 73
2026-03-31 14:55:44,920 INFO: 模型类型: lstm
2026-03-31 14:55:44,920 INFO: 
模型参数: 53,281
2026-03-31 14:55:44,920 INFO: SiameseLSTMMicroPerf(
  (backbone): LSTMBackbone(
    (input_proj): Linear(in_features=6, out_features=32, bias=True)
    (lstm): LSTM(32, 32, num_layers=2, batch_first=True, dropout=0.2, bidirectional=True)
    (output_proj): Linear(in_features=64, out_features=64, bias=True)
    (layer_norm): LayerNorm((64,), eps=1e-05, elementwise_affine=True)
    (dropout): Dropout(p=0.2, inplace=False)
  )
  (pool): AttentionPooling(
    (attention): Linear(in_features=64, out_features=1, bias=False)
  )
  (mlp): Sequential(
    (0): Linear(in_features=192, out_features=32, bias=True)
    (1): ReLU()
    (2): Dropout(p=0.2, inplace=False)
    (3): Linear(in_features=32, out_features=16, bias=True)
    (4): ReLU()
    (5): Dropout(p=0.2, inplace=False)
    (6): Linear(in_features=16, out_features=1, bias=True)
  )
)
2026-03-31 14:55:45,531 INFO: 模型保存路径: checkpoints/lstm_best_work.pt
2026-03-31 14:55:45,531 INFO: 配置保存路径: /home/ssy/Siamese-MicroPerf/configs/lstm_best_work.json
2026-03-31 14:55:45,531 INFO: 
开始训练 (200 epochs, Huber δ=0.05, patience=50)...
2026-03-31 14:55:45,531 INFO: Epoch   Train Loss   Val Loss    Val MAE    LR          Status
2026-03-31 14:55:45,532 INFO: ----------------------------------------------------------------------
2026-03-31 14:55:48,676 INFO:      1     0.018493    0.013260     0.2902    6.67e-05  ← best
2026-03-31 14:55:51,723 INFO:      2     0.012716    0.006816     0.1613    1.00e-04  ← best
2026-03-31 14:55:55,121 INFO:      3     0.007055    0.003133     0.0853    1.33e-04  ← best
2026-03-31 14:55:58,420 INFO:      4     0.006225    0.002782     0.0777    1.67e-04  ← best
2026-03-31 14:56:11,166 INFO:      8     0.005397    0.002220     0.0619    3.00e-04  ← best
2026-03-31 14:56:17,258 INFO:     10     0.004829    0.002264     0.0642    3.67e-04  
2026-03-31 14:56:20,316 INFO:     11     0.004800    0.002215     0.0629    4.00e-04  ← best
2026-03-31 14:56:39,063 INFO:     17     0.004019    0.002116     0.0591    5.00e-04  ← best
2026-03-31 14:56:48,769 INFO:     20     0.004093    0.002091     0.0575    4.99e-04  ← best
2026-03-31 14:56:51,906 INFO:     21     0.003654    0.002064     0.0527    4.99e-04  ← best
2026-03-31 14:57:20,509 INFO:     30     0.003364    0.002246     0.0644    4.92e-04  
2026-03-31 14:57:52,464 INFO:     40     0.003185    0.002121     0.0588    4.78e-04  
2026-03-31 14:58:22,071 INFO:     50     0.002990    0.002073     0.0550    4.57e-04  
2026-03-31 14:58:54,157 INFO:     60     0.002916    0.002067     0.0537    4.30e-04  
2026-03-31 14:59:31,016 INFO:     70     0.002924    0.002068     0.0540    3.99e-04  
2026-03-31 14:59:37,824 INFO: 
早停触发: 验证 loss 连续 50 epoch 未改善
2026-03-31 14:59:38,031 INFO: ============================================================
2026-03-31 14:59:38,031 INFO: 最佳模型 (epoch 21)
2026-03-31 14:59:38,031 INFO:   Val  Loss = 0.002064  MAE = 0.0527  (模型选择依据)
2026-03-31 14:59:38,032 INFO:   Test Loss = 0.001715  MAE = 0.0477  (最终无偏评估)
2026-03-31 14:59:38,032 INFO:   模型保存: checkpoints/lstm_best_work.pt
2026-03-31 14:59:38,032 INFO:   配置保存: /home/ssy/Siamese-MicroPerf/configs/lstm_best_work.json
2026-03-31 14:59:38,032 INFO: 
预测示例 (前 10 个测试样本):
2026-03-31 14:59:38,032 INFO:         真实 Y        预测 Ŷ          误差
2026-03-31 14:59:38,033 INFO:       0.0000     -0.0004     -0.0004
2026-03-31 14:59:38,033 INFO:       0.0000     -0.0001     -0.0001
2026-03-31 14:59:38,033 INFO:       0.0175      0.0018     -0.0156
2026-03-31 14:59:38,033 INFO:       0.0000      0.0015     +0.0015
2026-03-31 14:59:38,033 INFO:       0.0000     -0.0087     -0.0087
2026-03-31 14:59:38,034 INFO:       0.0027      0.0013     -0.0014
2026-03-31 14:59:38,034 INFO:       0.0223      0.0020     -0.0203
2026-03-31 14:59:38,034 INFO:       0.0108      0.0017     -0.0091
2026-03-31 14:59:38,034 INFO:       0.0000      0.0014     +0.0014
2026-03-31 14:59:38,035 INFO:       0.0000      0.0014     +0.0014
