2026-03-30 21:36:16,722 INFO: 自动选择设备: directml
2026-03-30 21:36:16,722 INFO: 设备: privateuseone:0
2026-03-30 21:36:16,722 INFO: 设备类型: directml
2026-03-30 21:36:16,723 INFO: 从配置文件自动加载: /home/ssy/Siamese-MicroPerf/configs/cnn_best_time.json
2026-03-30 21:36:16,885 INFO: 模型加载完成: checkpoints/cnn_best_time.pt  (设备: privateuseone:0)
2026-03-30 21:36:16,885 INFO: 模型类型: cnn
2026-03-30 21:36:16,885 INFO: 模型参数: {'in_features': 6, 'mlp_hidden': 256, 'dropout': 0.25, 'cnn_hidden': 128, 'cnn_out': 256}
2026-03-30 21:36:16,885 INFO: log-target 模式: 推理时将自动应用 exp() 变换
2026-03-30 21:36:16,885 INFO: pair-swap 训练增强: True（此为训练时数据增强，不影响推理逻辑）
2026-03-30 21:36:16,975 INFO: 已应用 exp() 变换（log-target 模式）
2026-03-30 21:36:16,977 INFO: ========================================================================
2026-03-30 21:36:16,977 INFO: 版本对: O1-g_vs_O3-g  (O1-g vs O3-g)  共 163 个程序
2026-03-30 21:36:16,978 INFO: 标签模式: fixed_time
2026-03-30 21:36:16,978 INFO: 标签定义: Y = N_v1 / N_v2 (throughput ratio in a fixed window)
2026-03-30 21:36:16,978 INFO: 判定方向: Y > 1 视为 O1-g 更快，Y < 1 视为 O3-g 更快
2026-03-30 21:36:16,978 INFO: ========================================================================
2026-03-30 21:36:16,978 INFO:      #                              程序      预测 Ŷ      真实 Y        误差  判断
2026-03-30 21:36:16,978 INFO:   ------------------------------------------------------------------------
2026-03-30 21:36:16,979 INFO:      1                            7zip    1.0000    1.0000   +0.0000  O1-g ≈ O3-g（差异在 ±5% 内）
2026-03-30 21:36:16,979 INFO:      2             ASCI_Purple_SMG2000    0.9996    0.8750   +0.1246  O1-g ≈ O3-g（差异在 ±5% 内）
2026-03-30 21:36:16,979 INFO:      3               ASC_Sequoia_AMGmk    0.7257    0.6667   +0.0590  O3-g 优于 O1-g（快 27.4%，加速比 1.38x）
2026-03-30 21:36:16,979 INFO:      4           ASC_Sequoia_CrystalMk    0.9665    0.9286   +0.0380  O1-g ≈ O3-g（差异在 ±5% 内）
2026-03-30 21:36:16,979 INFO:      5               ASC_Sequoia_IRSmk    1.0003    0.6667   +0.3337  O1-g ≈ O3-g（差异在 ±5% 内）
2026-03-30 21:36:16,979 INFO:      6                  BitBench_drop3    1.0000    0.9941   +0.0059  O1-g ≈ O3-g（差异在 ±5% 内）
2026-03-30 21:36:16,979 INFO:      7                 BitBench_five11    0.9997    1.0526   -0.0529  O1-g ≈ O3-g（差异在 ±5% 内）
2026-03-30 21:36:16,979 INFO:      8               BitBench_uudecode    0.9976    0.2875   +0.7102  O1-g ≈ O3-g（差异在 ±5% 内）
2026-03-30 21:36:16,980 INFO:      9               BitBench_uuencode    1.0000    0.9551   +0.0449  O1-g ≈ O3-g（差异在 ±5% 内）
2026-03-30 21:36:16,980 INFO:     10                          Bullet    1.0002    0.9091   +0.0911  O1-g ≈ O3-g（差异在 ±5% 内）
2026-03-30 21:36:16,980 INFO:     11         DOE-ProxyApps-C++_CLAMR    1.0000    1.0323   -0.0323  O1-g ≈ O3-g（差异在 ±5% 内）
2026-03-30 21:36:16,980 INFO:     12   DOE-ProxyApps-C++_HACCKernels    0.9992    0.9524   +0.0468  O1-g ≈ O3-g（差异在 ±5% 内）
2026-03-30 21:36:16,980 INFO:     13         DOE-ProxyApps-C++_HPCCG    0.9148    1.0000   -0.0852  O3-g 优于 O1-g（快 8.5%，加速比 1.09x）
2026-03-30 21:36:16,980 INFO:     14       DOE-ProxyApps-C++_PENNANT    1.0000    0.8929   +0.1071  O1-g ≈ O3-g（差异在 ±5% 内）
2026-03-30 21:36:16,980 INFO:     15        DOE-ProxyApps-C++_miniFE    0.8776    0.9167   -0.0391  O3-g 优于 O1-g（快 12.2%，加速比 1.14x）
2026-03-30 21:36:16,980 INFO:     16            DOE-ProxyApps-C_CoMD    0.9998    0.9565   +0.0433  O1-g ≈ O3-g（差异在 ±5% 内）
2026-03-30 21:36:16,981 INFO:     17      DOE-ProxyApps-C_Pathfinder    1.0001    1.0000   +0.0001  O1-g ≈ O3-g（差异在 ±5% 内）
2026-03-30 21:36:16,981 INFO:     18         DOE-ProxyApps-C_RSBench    1.0000    0.9925   +0.0075  O1-g ≈ O3-g（差异在 ±5% 内）
2026-03-30 21:36:16,981 INFO:     19       DOE-ProxyApps-C_SimpleMOC    1.0000    0.7812   +0.2187  O1-g ≈ O3-g（差异在 ±5% 内）
2026-03-30 21:36:16,981 INFO:     20         DOE-ProxyApps-C_XSBench    0.9998    0.9333   +0.0664  O1-g ≈ O3-g（差异在 ±5% 内）
2026-03-30 21:36:16,981 INFO:     21         DOE-ProxyApps-C_miniAMR    1.0001    0.9138   +0.0863  O1-g ≈ O3-g（差异在 ±5% 内）
2026-03-30 21:36:16,981 INFO:     22         DOE-ProxyApps-C_miniGMG    1.0000    0.9048   +0.0953  O1-g ≈ O3-g（差异在 ±5% 内）
2026-03-30 21:36:16,981 INFO:     23                     Fhourstones    0.9998    0.9455   +0.0544  O1-g ≈ O3-g（差异在 ±5% 内）
2026-03-30 21:36:16,981 INFO:     24                 Fhourstones-3.1    1.0000    1.0000   -0.0000  O1-g ≈ O3-g（差异在 ±5% 内）
2026-03-30 21:36:16,982 INFO:     25              FreeBench_analyzer    0.9995    0.9750   +0.0245  O1-g ≈ O3-g（差异在 ±5% 内）
2026-03-30 21:36:16,982 INFO:     26               FreeBench_distray    1.0000    0.9388   +0.0612  O1-g ≈ O3-g（差异在 ±5% 内）
2026-03-30 21:36:16,982 INFO:     27            FreeBench_fourinarow    0.9960    1.2857   -0.2897  O1-g ≈ O3-g（差异在 ±5% 内）
2026-03-30 21:36:16,982 INFO:     28                 FreeBench_mason    1.0000    1.0817   -0.0817  O1-g ≈ O3-g（差异在 ±5% 内）
2026-03-30 21:36:16,982 INFO:     29                FreeBench_neural    0.9999    1.0027   -0.0028  O1-g ≈ O3-g（差异在 ±5% 内）
2026-03-30 21:36:16,982 INFO:     30            FreeBench_pcompress2    1.0000    0.9608   +0.0392  O1-g ≈ O3-g（差异在 ±5% 内）
2026-03-30 21:36:16,982 INFO:     31                 FreeBench_pifft    1.0004    0.9231   +0.0774  O1-g ≈ O3-g（差异在 ±5% 内）
2026-03-30 21:36:16,982 INFO:     32               MallocBench_cfrac    1.0000    0.9811   +0.0189  O1-g ≈ O3-g（差异在 ±5% 内）
2026-03-30 21:36:16,983 INFO:     33            MallocBench_espresso    1.0003    0.9739   +0.0264  O1-g ≈ O3-g（差异在 ±5% 内）
2026-03-30 21:36:16,983 INFO:     34                  MallocBench_gs    1.0000    1.1541   -0.1541  O1-g ≈ O3-g（差异在 ±5% 内）
2026-03-30 21:36:16,983 INFO:     35                 McCat_01-qbsort    0.9998    1.0325   -0.0326  O1-g ≈ O3-g（差异在 ±5% 内）
2026-03-30 21:36:16,983 INFO:     36               McCat_03-testtrie    0.9997    0.9914   +0.0083  O1-g ≈ O3-g（差异在 ±5% 内）
2026-03-30 21:36:16,983 INFO:     37                 McCat_04-bisect    0.9999    0.9159   +0.0841  O1-g ≈ O3-g（差异在 ±5% 内）
2026-03-30 21:36:16,983 INFO:     38                   McCat_08-main    1.0000    1.0151   -0.0151  O1-g ≈ O3-g（差异在 ±5% 内）
2026-03-30 21:36:16,983 INFO:     39                    McCat_09-vor    1.0000    0.9895   +0.0105  O1-g ≈ O3-g（差异在 ±5% 内）
2026-03-30 21:36:16,983 INFO:     40                 McCat_12-IOtest    0.9999    1.0068   -0.0069  O1-g ≈ O3-g（差异在 ±5% 内）
2026-03-30 21:36:16,984 INFO:     41                   McCat_15-trie    1.0001    1.0027   -0.0027  O1-g ≈ O3-g（差异在 ±5% 内）
2026-03-30 21:36:16,984 INFO:     42                  McCat_17-bintr    1.0018    1.0000   +0.0018  O1-g ≈ O3-g（差异在 ±5% 内）
2026-03-30 21:36:16,984 INFO:     43                    McCat_18-imp    1.0000    0.9877   +0.0122  O1-g ≈ O3-g（差异在 ±5% 内）
2026-03-30 21:36:16,984 INFO:     44    MiBench_automotive-basicmath    0.9998    1.0000   -0.0002  O1-g ≈ O3-g（差异在 ±5% 内）
2026-03-30 21:36:16,984 INFO:     45     MiBench_automotive-bitcount    1.0000    0.9595   +0.0405  O1-g ≈ O3-g（差异在 ±5% 内）
2026-03-30 21:36:16,984 INFO:     46        MiBench_automotive-susan    1.0000    0.9956   +0.0044  O1-g ≈ O3-g（差异在 ±5% 内）
2026-03-30 21:36:16,984 INFO:     47           MiBench_consumer-jpeg    1.0000    0.8711   +0.1289  O1-g ≈ O3-g（差异在 ±5% 内）
2026-03-30 21:36:16,984 INFO:     48           MiBench_consumer-lame    0.9999    0.8994   +0.1005  O1-g ≈ O3-g（差异在 ±5% 内）
2026-03-30 21:36:16,985 INFO:     49        MiBench_consumer-typeset    1.0001    0.9916   +0.0085  O1-g ≈ O3-g（差异在 ±5% 内）
2026-03-30 21:36:16,985 INFO:     50        MiBench_network-dijkstra    0.9997    1.0008   -0.0011  O1-g ≈ O3-g（差异在 ±5% 内）
2026-03-30 21:36:16,985 INFO:     51        MiBench_network-patricia    1.0001    1.0000   +0.0001  O1-g ≈ O3-g（差异在 ±5% 内）
2026-03-30 21:36:16,985 INFO:     52           MiBench_office-ispell    1.0000    1.0109   -0.0109  O1-g ≈ O3-g（差异在 ±5% 内）
2026-03-30 21:36:16,985 INFO:     53     MiBench_office-stringsearch    0.9999    0.9548   +0.0451  O1-g ≈ O3-g（差异在 ±5% 内）
2026-03-30 21:36:16,985 INFO:     54       MiBench_security-blowfish    1.0000    0.9843   +0.0156  O1-g ≈ O3-g（差异在 ±5% 内）
2026-03-30 21:36:16,985 INFO:     55       MiBench_security-rijndael    1.0000    0.9380   +0.0621  O1-g ≈ O3-g（差异在 ±5% 内）
2026-03-30 21:36:16,985 INFO:     56            MiBench_security-sha    0.9999    0.7444   +0.2556  O1-g ≈ O3-g（差异在 ±5% 内）
2026-03-30 21:36:16,986 INFO:     57          MiBench_telecomm-CRC32    0.9997    0.9977   +0.0020  O1-g ≈ O3-g（差异在 ±5% 内）
2026-03-30 21:36:16,986 INFO:     58            MiBench_telecomm-FFT    1.0000    0.9916   +0.0084  O1-g ≈ O3-g（差异在 ±5% 内）
2026-03-30 21:36:16,986 INFO:     59          MiBench_telecomm-adpcm    0.9999    1.0049   -0.0049  O1-g ≈ O3-g（差异在 ±5% 内）
2026-03-30 21:36:16,986 INFO:     60            MiBench_telecomm-gsm    0.9998    0.8678   +0.1320  O1-g ≈ O3-g（差异在 ±5% 内）
2026-03-30 21:36:16,986 INFO:     61                   NPB-serial_is    0.9859    1.0000   -0.0141  O1-g ≈ O3-g（差异在 ±5% 内）
2026-03-30 21:36:16,986 INFO:     62                        Olden_bh    0.9998    1.2188   -0.2190  O1-g ≈ O3-g（差异在 ±5% 内）
2026-03-30 21:36:16,986 INFO:     63                    Olden_bisort    1.0000    0.9889   +0.0111  O1-g ≈ O3-g（差异在 ±5% 内）
2026-03-30 21:36:16,986 INFO:     64                      Olden_em3d    0.9883    1.0000   -0.0117  O1-g ≈ O3-g（差异在 ±5% 内）
2026-03-30 21:36:16,987 INFO:     65                    Olden_health    1.0000    0.9617   +0.0382  O1-g ≈ O3-g（差异在 ±5% 内）
2026-03-30 21:36:16,987 INFO:     66                       Olden_mst    1.0000    1.0141   -0.0141  O1-g ≈ O3-g（差异在 ±5% 内）
2026-03-30 21:36:16,987 INFO:     67                 Olden_perimeter    1.0000    0.9414   +0.0585  O1-g ≈ O3-g（差异在 ±5% 内）
2026-03-30 21:36:16,987 INFO:     68                     Olden_power    1.0000    0.7500   +0.2500  O1-g ≈ O3-g（差异在 ±5% 内）
2026-03-30 21:36:16,987 INFO:     69                   Olden_treeadd    0.9999    0.9951   +0.0048  O1-g ≈ O3-g（差异在 ±5% 内）
2026-03-30 21:36:16,987 INFO:     70                       Olden_tsp    1.0000    0.9540   +0.0460  O1-g ≈ O3-g（差异在 ±5% 内）
2026-03-30 21:36:16,987 INFO:     71                   Olden_voronoi    1.0000    0.9879   +0.0121  O1-g ≈ O3-g（差异在 ±5% 内）
2026-03-30 21:36:16,987 INFO:     72                 Prolangs-C++_NP    1.0000    0.9989   +0.0011  O1-g ≈ O3-g（差异在 ±5% 内）
2026-03-30 21:36:16,988 INFO:     73             Prolangs-C++_deriv1    1.0000    0.9959   +0.0042  O1-g ≈ O3-g（差异在 ±5% 内）
2026-03-30 21:36:16,988 INFO:     74             Prolangs-C++_deriv2    1.0000    1.0132   -0.0131  O1-g ≈ O3-g（差异在 ±5% 内）
2026-03-30 21:36:16,988 INFO:     75             Prolangs-C++_employ    0.9999    1.0014   -0.0014  O1-g ≈ O3-g（差异在 ±5% 内）
2026-03-30 21:36:16,988 INFO:     76                Prolangs-C++_fsm    1.0000    1.0151   -0.0151  O1-g ≈ O3-g（差异在 ±5% 内）
2026-03-30 21:36:16,988 INFO:     77             Prolangs-C++_garage    1.0000    0.9917   +0.0083  O1-g ≈ O3-g（差异在 ±5% 内）
2026-03-30 21:36:16,988 INFO:     78               Prolangs-C++_life    0.9999    0.9722   +0.0277  O1-g ≈ O3-g（差异在 ±5% 内）
2026-03-30 21:36:16,988 INFO:     79            Prolangs-C++_objects    1.0000    1.0019   -0.0019  O1-g ≈ O3-g（差异在 ±5% 内）
2026-03-30 21:36:16,988 INFO:     80              Prolangs-C++_ocean    0.9998    1.0016   -0.0018  O1-g ≈ O3-g（差异在 ±5% 内）
2026-03-30 21:36:16,989 INFO:     81             Prolangs-C++_office    1.0000    1.0128   -0.0128  O1-g ≈ O3-g（差异在 ±5% 内）
2026-03-30 21:36:16,989 INFO:     82             Prolangs-C++_primes    0.5666    0.4565   +0.1101  O3-g 优于 O1-g（快 43.3%，加速比 1.76x）
2026-03-30 21:36:16,989 INFO:     83             Prolangs-C++_shapes    1.0000    1.0020   -0.0020  O1-g ≈ O3-g（差异在 ±5% 内）
2026-03-30 21:36:16,989 INFO:     84              Prolangs-C++_simul    1.0000    0.9059   +0.0941  O1-g ≈ O3-g（差异在 ±5% 内）
2026-03-30 21:36:16,989 INFO:     85              Prolangs-C++_trees    1.0000    1.0020   -0.0020  O1-g ≈ O3-g（差异在 ±5% 内）
2026-03-30 21:36:16,989 INFO:     86         Prolangs-C_TimberWolfMC    1.0002    0.9772   +0.0230  O1-g ≈ O3-g（差异在 ±5% 内）
2026-03-30 21:36:16,989 INFO:     87        Prolangs-C_archie-client    1.0002    1.0063   -0.0061  O1-g ≈ O3-g（差异在 ±5% 内）
2026-03-30 21:36:16,989 INFO:     88            Prolangs-C_assembler    1.0002    1.0135   -0.0133  O1-g ≈ O3-g（差异在 ±5% 内）
2026-03-30 21:36:16,990 INFO:     89                Prolangs-C_bison    1.0001    0.9944   +0.0057  O1-g ≈ O3-g（差异在 ±5% 内）
2026-03-30 21:36:16,990 INFO:     90                Prolangs-C_cdecl    1.0000    1.0213   -0.0213  O1-g ≈ O3-g（差异在 ±5% 内）
2026-03-30 21:36:16,990 INFO:     91             Prolangs-C_compiler    1.0002    1.0131   -0.0129  O1-g ≈ O3-g（差异在 ±5% 内）
2026-03-30 21:36:16,990 INFO:     92            Prolangs-C_fixoutput    1.0002    1.0067   -0.0065  O1-g ≈ O3-g（差异在 ±5% 内）
2026-03-30 21:36:16,990 INFO:     93             Prolangs-C_football    1.0002    1.0145   -0.0143  O1-g ≈ O3-g（差异在 ±5% 内）
2026-03-30 21:36:16,990 INFO:     94                Prolangs-C_gnugo    0.9998    0.9586   +0.0412  O1-g ≈ O3-g（差异在 ±5% 内）
2026-03-30 21:36:16,990 INFO:     95               Prolangs-C_loader    1.0002    1.0262   -0.0260  O1-g ≈ O3-g（差异在 ±5% 内）
2026-03-30 21:36:16,991 INFO:     96            Prolangs-C_simulator    1.0002    0.9952   +0.0050  O1-g ≈ O3-g（差异在 ±5% 内）
2026-03-30 21:36:16,991 INFO:     97                 Ptrdist_anagram    1.0000    0.9661   +0.0339  O1-g ≈ O3-g（差异在 ±5% 内）
2026-03-30 21:36:16,991 INFO:     98                      Ptrdist_bc    0.9996    1.0000   -0.0004  O1-g ≈ O3-g（差异在 ±5% 内）
2026-03-30 21:36:16,991 INFO:     99                      Ptrdist_ft    0.6365    0.7400   -0.1035  O3-g 优于 O1-g（快 36.3%，加速比 1.57x）
2026-03-30 21:36:16,991 INFO:    100                      Ptrdist_ks    0.9987    0.9474   +0.0514  O1-g ≈ O3-g（差异在 ±5% 内）
2026-03-30 21:36:16,991 INFO:    101                   Ptrdist_yacr2    0.9992    0.8974   +0.1017  O1-g ≈ O3-g（差异在 ±5% 内）
2026-03-30 21:36:16,991 INFO:    102                Rodinia_backprop    0.9999    0.9857   +0.0142  O1-g ≈ O3-g（差异在 ±5% 内）
2026-03-30 21:36:16,992 INFO:    103                 Rodinia_hotspot    1.0000    0.5642   +0.4358  O1-g ≈ O3-g（差异在 ±5% 内）
2026-03-30 21:36:16,992 INFO:    104              Rodinia_pathfinder    1.0000    0.9121   +0.0879  O1-g ≈ O3-g（差异在 ±5% 内）
2026-03-30 21:36:16,992 INFO:    105                    Rodinia_srad    0.9934    0.5543   +0.4390  O1-g ≈ O3-g（差异在 ±5% 内）
2026-03-30 21:36:16,992 INFO:    106                      SciMark2-C    0.9768    1.0000   -0.0232  O1-g ≈ O3-g（差异在 ±5% 内）
2026-03-30 21:36:16,992 INFO:    107            TSVC_ControlFlow-dbl    0.9608    0.8571   +0.1037  O1-g ≈ O3-g（差异在 ±5% 内）
2026-03-30 21:36:16,992 INFO:    108            TSVC_ControlFlow-flt    0.9674    0.8125   +0.1549  O1-g ≈ O3-g（差异在 ±5% 内）
2026-03-30 21:36:16,993 INFO:    109           TSVC_ControlLoops-dbl    0.6668    0.7692   -0.1024  O3-g 优于 O1-g（快 33.3%，加速比 1.50x）
2026-03-30 21:36:16,993 INFO:    110           TSVC_ControlLoops-flt    0.6799    0.5000   +0.1799  O3-g 优于 O1-g（快 32.0%，加速比 1.47x）
2026-03-30 21:36:16,993 INFO:    111     TSVC_CrossingThresholds-dbl    0.7361    0.7333   +0.0027  O3-g 优于 O1-g（快 26.4%，加速比 1.36x）
2026-03-30 21:36:16,993 INFO:    112     TSVC_CrossingThresholds-flt    0.7466    0.6818   +0.0648  O3-g 优于 O1-g（快 25.3%，加速比 1.34x）
2026-03-30 21:36:16,993 INFO:    113          TSVC_Equivalencing-dbl    0.6690    0.6571   +0.0118  O3-g 优于 O1-g（快 33.1%，加速比 1.49x）
2026-03-30 21:36:16,993 INFO:    114          TSVC_Equivalencing-flt    0.6724    0.2821   +0.3904  O3-g 优于 O1-g（快 32.8%，加速比 1.49x）
2026-03-30 21:36:16,993 INFO:    115              TSVC_Expansion-dbl    0.9338    0.7500   +0.1838  O3-g 优于 O1-g（快 6.6%，加速比 1.07x）
2026-03-30 21:36:16,994 INFO:    116              TSVC_Expansion-flt    0.9271    0.5556   +0.3715  O3-g 优于 O1-g（快 7.3%，加速比 1.08x）
2026-03-30 21:36:16,994 INFO:    117         TSVC_GlobalDataFlow-dbl    0.7558    0.7222   +0.0336  O3-g 优于 O1-g（快 24.4%，加速比 1.32x）
2026-03-30 21:36:16,994 INFO:    118         TSVC_GlobalDataFlow-flt    0.7374    0.4474   +0.2901  O3-g 优于 O1-g（快 26.3%，加速比 1.36x）
2026-03-30 21:36:16,994 INFO:    119     TSVC_IndirectAddressing-dbl    0.9194    1.0000   -0.0806  O3-g 优于 O1-g（快 8.1%，加速比 1.09x）
2026-03-30 21:36:16,994 INFO:    120     TSVC_IndirectAddressing-flt    0.9234    0.9286   -0.0052  O3-g 优于 O1-g（快 7.7%，加速比 1.08x）
2026-03-30 21:36:16,994 INFO:    121      TSVC_InductionVariable-dbl    0.8550    0.8333   +0.0216  O3-g 优于 O1-g（快 14.5%，加速比 1.17x）
2026-03-30 21:36:16,994 INFO:    122      TSVC_InductionVariable-flt    0.8547    0.7500   +0.1047  O3-g 优于 O1-g（快 14.5%，加速比 1.17x）
2026-03-30 21:36:16,994 INFO:    123       TSVC_LinearDependence-dbl    0.7541    0.7647   -0.0106  O3-g 优于 O1-g（快 24.6%，加速比 1.33x）
2026-03-30 21:36:16,995 INFO:    124       TSVC_LinearDependence-flt    0.7524    0.4815   +0.2710  O3-g 优于 O1-g（快 24.8%，加速比 1.33x）
2026-03-30 21:36:16,995 INFO:    125          TSVC_LoopRerolling-dbl    0.9138    0.8182   +0.0957  O3-g 优于 O1-g（快 8.6%，加速比 1.09x）
2026-03-30 21:36:16,995 INFO:    126          TSVC_LoopRerolling-flt    0.8743    0.8182   +0.0562  O3-g 优于 O1-g（快 12.6%，加速比 1.14x）
2026-03-30 21:36:16,995 INFO:    127      TSVC_LoopRestructuring-dbl    0.7943    1.0000   -0.2057  O3-g 优于 O1-g（快 20.6%，加速比 1.26x）
2026-03-30 21:36:16,995 INFO:    128      TSVC_LoopRestructuring-flt    0.8171    0.9091   -0.0920  O3-g 优于 O1-g（快 18.3%，加速比 1.22x）
2026-03-30 21:36:16,995 INFO:    129          TSVC_NodeSplitting-dbl    0.9818    0.9231   +0.0588  O1-g ≈ O3-g（差异在 ±5% 内）
2026-03-30 21:36:16,995 INFO:    130          TSVC_NodeSplitting-flt    0.9875    0.8750   +0.1125  O1-g ≈ O3-g（差异在 ±5% 内）
2026-03-30 21:36:16,995 INFO:    131                TSVC_Packing-dbl    0.9305    0.8571   +0.0733  O3-g 优于 O1-g（快 7.0%，加速比 1.07x）
2026-03-30 21:36:16,996 INFO:    132                TSVC_Packing-flt    0.9220    0.8667   +0.0554  O3-g 优于 O1-g（快 7.8%，加速比 1.08x）
2026-03-30 21:36:16,996 INFO:    133            TSVC_Recurrences-dbl    0.9443    1.0000   -0.0557  O3-g 优于 O1-g（快 5.6%，加速比 1.06x）
2026-03-30 21:36:16,996 INFO:    134            TSVC_Recurrences-flt    0.9437    1.0000   -0.0563  O3-g 优于 O1-g（快 5.6%，加速比 1.06x）
2026-03-30 21:36:16,996 INFO:    135             TSVC_Reductions-dbl    0.4831    1.0000   -0.5169  O3-g 优于 O1-g（快 51.7%，加速比 2.07x）
2026-03-30 21:36:16,996 INFO:    136             TSVC_Reductions-flt    0.5050    1.0000   -0.4950  O3-g 优于 O1-g（快 49.5%，加速比 1.98x）
2026-03-30 21:36:16,996 INFO:    137              TSVC_Searching-dbl    0.5881    0.6667   -0.0786  O3-g 优于 O1-g（快 41.2%，加速比 1.70x）
2026-03-30 21:36:16,996 INFO:    138              TSVC_Searching-flt    0.4833    0.3000   +0.1833  O3-g 优于 O1-g（快 51.7%，加速比 2.07x）
2026-03-30 21:36:16,997 INFO:    139    TSVC_StatementReordering-dbl    0.9676    0.9231   +0.0445  O1-g ≈ O3-g（差异在 ±5% 内）
2026-03-30 21:36:16,997 INFO:    140    TSVC_StatementReordering-flt    0.9850    0.9412   +0.0438  O1-g ≈ O3-g（差异在 ±5% 内）
2026-03-30 21:36:16,997 INFO:    141              TSVC_Symbolics-dbl    0.6702    0.7368   -0.0666  O3-g 优于 O1-g（快 33.0%，加速比 1.49x）
2026-03-30 21:36:16,997 INFO:    142              TSVC_Symbolics-flt    0.7309    0.3824   +0.3485  O3-g 优于 O1-g（快 26.9%，加速比 1.37x）
2026-03-30 21:36:16,997 INFO:    143               Trimaran_enc-3des    1.0000    0.9583   +0.0416  O1-g ≈ O3-g（差异在 ±5% 内）
2026-03-30 21:36:16,997 INFO:    144                Trimaran_enc-md5    1.0003    1.0000   +0.0003  O1-g ≈ O3-g（差异在 ±5% 内）
2026-03-30 21:36:16,997 INFO:    145                Trimaran_enc-pc1    0.9999    0.5603   +0.4395  O1-g ≈ O3-g（差异在 ±5% 内）
2026-03-30 21:36:16,997 INFO:    146                Trimaran_enc-rc4    0.9974    0.8958   +0.1015  O1-g ≈ O3-g（差异在 ±5% 内）
2026-03-30 21:36:16,998 INFO:    147           Trimaran_netbench-crc    0.9766    1.0000   -0.0234  O1-g ≈ O3-g（差异在 ±5% 内）
2026-03-30 21:36:16,998 INFO:    148           Trimaran_netbench-url    0.9975    1.0000   -0.0025  O1-g ≈ O3-g（差异在 ±5% 内）
2026-03-30 21:36:16,998 INFO:    149                VersaBench_8b10b    1.0000    1.0000   +0.0000  O1-g ≈ O3-g（差异在 ±5% 内）
2026-03-30 21:36:16,998 INFO:    150           VersaBench_beamformer    1.0000    0.7705   +0.2295  O1-g ≈ O3-g（差异在 ±5% 内）
2026-03-30 21:36:16,998 INFO:    151                  VersaBench_bmm    1.0000    1.0000   +0.0000  O1-g ≈ O3-g（差异在 ±5% 内）
2026-03-30 21:36:16,998 INFO:    152                 VersaBench_dbms    1.0002    1.0000   +0.0002  O1-g ≈ O3-g（差异在 ±5% 内）
2026-03-30 21:36:16,998 INFO:    153               VersaBench_ecbdes    1.0003    1.0000   +0.0003  O1-g ≈ O3-g（差异在 ±5% 内）
2026-03-30 21:36:16,998 INFO:    154                    llubenchmark    0.9997    1.0000   -0.0003  O1-g ≈ O3-g（差异在 ±5% 内）
2026-03-30 21:36:16,999 INFO:    155                           mafft    1.0000    1.0000   -0.0000  O1-g ≈ O3-g（差异在 ±5% 内）
2026-03-30 21:36:16,999 INFO:    156      mediabench_adpcm_rawcaudio    1.0000    1.0015   -0.0016  O1-g ≈ O3-g（差异在 ±5% 内）
2026-03-30 21:36:16,999 INFO:    157      mediabench_adpcm_rawdaudio    1.0000    1.0154   -0.0154  O1-g ≈ O3-g（差异在 ±5% 内）
2026-03-30 21:36:16,999 INFO:    158      mediabench_g721_g721encode    1.0000    0.8981   +0.1019  O1-g ≈ O3-g（差异在 ±5% 内）
2026-03-30 21:36:16,999 INFO:    159            mediabench_gsm_toast    0.9999    0.8490   +0.1509  O1-g ≈ O3-g（差异在 ±5% 内）
2026-03-30 21:36:16,999 INFO:    160         mediabench_jpeg_jpeg-6a    1.0000    1.0070   -0.0071  O1-g ≈ O3-g（差异在 ±5% 内）
2026-03-30 21:36:16,999 INFO:    161       mediabench_mpeg2_mpeg2dec    0.9999    0.9766   +0.0233  O1-g ≈ O3-g（差异在 ±5% 内）
2026-03-30 21:36:16,999 INFO:    162                          nbench    0.9999    0.8710   +0.1290  O1-g ≈ O3-g（差异在 ±5% 内）
2026-03-30 21:36:17,000 INFO:    163                      tramp3d-v4    1.0000    0.5445   +0.4554  O1-g ≈ O3-g（差异在 ±5% 内）
2026-03-30 21:36:17,000 INFO: 
  ── 验证指标 ──
2026-03-30 21:36:17,000 INFO:   MAE  = 0.0816
2026-03-30 21:36:17,000 INFO:   MSE  = 0.0211
2026-03-30 21:36:17,000 INFO:   RMSE = 0.1452
2026-03-30 21:36:17,000 INFO:   方向准确率 = 109/163 (66.9%)
2026-03-30 21:36:17,000 INFO:   预测 O1-g 更优: 39/163  (真实: 33/163)
2026-03-30 21:36:17,001 INFO:   方向准确率（排除 ±5%）= 60/73 (82.2%)
2026-03-30 21:36:17,016 INFO: 已应用 exp() 变换（log-target 模式）
2026-03-30 21:36:17,016 INFO: ========================================================================
2026-03-30 21:36:17,016 INFO: 版本对: O2-bolt_vs_O2-bolt-opt  (O2-bolt vs O2-bolt-opt)  共 165 个程序
2026-03-30 21:36:17,016 INFO: 标签模式: fixed_time
2026-03-30 21:36:17,016 INFO: 标签定义: Y = N_v1 / N_v2 (throughput ratio in a fixed window)
2026-03-30 21:36:17,016 INFO: 判定方向: Y > 1 视为 O2-bolt 更快，Y < 1 视为 O2-bolt-opt 更快
2026-03-30 21:36:17,017 INFO: ========================================================================
2026-03-30 21:36:17,017 INFO:      #                              程序      预测 Ŷ      真实 Y        误差  判断
2026-03-30 21:36:17,017 INFO:   ------------------------------------------------------------------------
2026-03-30 21:36:17,017 INFO:      1                            7zip    1.0001    1.0000   +0.0001  O2-bolt ≈ O2-bolt-opt（差异在 ±5% 内）
2026-03-30 21:36:17,017 INFO:      2             ASCI_Purple_SMG2000    1.0003    1.0000   +0.0003  O2-bolt ≈ O2-bolt-opt（差异在 ±5% 内）
2026-03-30 21:36:17,017 INFO:      3               ASC_Sequoia_AMGmk    1.0001    1.0000   +0.0001  O2-bolt ≈ O2-bolt-opt（差异在 ±5% 内）
2026-03-30 21:36:17,017 INFO:      4           ASC_Sequoia_CrystalMk    1.0011    1.0000   +0.0011  O2-bolt ≈ O2-bolt-opt（差异在 ±5% 内）
2026-03-30 21:36:17,018 INFO:      5               ASC_Sequoia_IRSmk    1.0003    1.0000   +0.0003  O2-bolt ≈ O2-bolt-opt（差异在 ±5% 内）
2026-03-30 21:36:17,018 INFO:      6                  BitBench_drop3    0.9983    1.0494   -0.0511  O2-bolt ≈ O2-bolt-opt（差异在 ±5% 内）
2026-03-30 21:36:17,018 INFO:      7                 BitBench_five11    0.9997    0.9500   +0.0497  O2-bolt ≈ O2-bolt-opt（差异在 ±5% 内）
2026-03-30 21:36:17,018 INFO:      8               BitBench_uudecode    0.9999    0.9986   +0.0013  O2-bolt ≈ O2-bolt-opt（差异在 ±5% 内）
2026-03-30 21:36:17,018 INFO:      9               BitBench_uuencode    1.0000    0.9997   +0.0003  O2-bolt ≈ O2-bolt-opt（差异在 ±5% 内）
2026-03-30 21:36:17,018 INFO:     10                          Bullet    1.0013    1.0000   +0.0013  O2-bolt ≈ O2-bolt-opt（差异在 ±5% 内）
2026-03-30 21:36:17,018 INFO:     11         DOE-ProxyApps-C++_CLAMR    0.9998    1.0000   -0.0002  O2-bolt ≈ O2-bolt-opt（差异在 ±5% 内）
2026-03-30 21:36:17,018 INFO:     12   DOE-ProxyApps-C++_HACCKernels    0.9999    1.0000   -0.0001  O2-bolt ≈ O2-bolt-opt（差异在 ±5% 内）
2026-03-30 21:36:17,019 INFO:     13         DOE-ProxyApps-C++_HPCCG    0.9999    1.0000   -0.0001  O2-bolt ≈ O2-bolt-opt（差异在 ±5% 内）
2026-03-30 21:36:17,019 INFO:     14       DOE-ProxyApps-C++_PENNANT    1.0000    1.0000   +0.0000  O2-bolt ≈ O2-bolt-opt（差异在 ±5% 内）
2026-03-30 21:36:17,019 INFO:     15        DOE-ProxyApps-C++_miniFE    1.0003    1.0000   +0.0003  O2-bolt ≈ O2-bolt-opt（差异在 ±5% 内）
2026-03-30 21:36:17,019 INFO:     16            DOE-ProxyApps-C_CoMD    1.0014    0.9600   +0.0414  O2-bolt ≈ O2-bolt-opt（差异在 ±5% 内）
2026-03-30 21:36:17,019 INFO:     17      DOE-ProxyApps-C_Pathfinder    1.0194    1.0667   -0.0473  O2-bolt ≈ O2-bolt-opt（差异在 ±5% 内）
2026-03-30 21:36:17,019 INFO:     18         DOE-ProxyApps-C_RSBench    1.0000    0.9852   +0.0148  O2-bolt ≈ O2-bolt-opt（差异在 ±5% 内）
2026-03-30 21:36:17,019 INFO:     19       DOE-ProxyApps-C_SimpleMOC    1.0000    1.0000   -0.0000  O2-bolt ≈ O2-bolt-opt（差异在 ±5% 内）
2026-03-30 21:36:17,020 INFO:     20         DOE-ProxyApps-C_XSBench    0.9998    0.9375   +0.0623  O2-bolt ≈ O2-bolt-opt（差异在 ±5% 内）
2026-03-30 21:36:17,020 INFO:     21         DOE-ProxyApps-C_miniAMR    1.0000    1.0000   -0.0000  O2-bolt ≈ O2-bolt-opt（差异在 ±5% 内）
2026-03-30 21:36:17,020 INFO:     22         DOE-ProxyApps-C_miniGMG    1.0059    0.9841   +0.0218  O2-bolt ≈ O2-bolt-opt（差异在 ±5% 内）
2026-03-30 21:36:17,020 INFO:     23                     Fhourstones    1.0000    0.9811   +0.0188  O2-bolt ≈ O2-bolt-opt（差异在 ±5% 内）
2026-03-30 21:36:17,020 INFO:     24                 Fhourstones-3.1    1.0000    1.0857   -0.0857  O2-bolt ≈ O2-bolt-opt（差异在 ±5% 内）
2026-03-30 21:36:17,020 INFO:     25              FreeBench_analyzer    0.9998    1.0206   -0.0207  O2-bolt ≈ O2-bolt-opt（差异在 ±5% 内）
2026-03-30 21:36:17,020 INFO:     26               FreeBench_distray    1.0000    0.9948   +0.0051  O2-bolt ≈ O2-bolt-opt（差异在 ±5% 内）
2026-03-30 21:36:17,020 INFO:     27            FreeBench_fourinarow    1.0003    1.0000   +0.0003  O2-bolt ≈ O2-bolt-opt（差异在 ±5% 内）
2026-03-30 21:36:17,021 INFO:     28                 FreeBench_mason    1.0000    0.9848   +0.0152  O2-bolt ≈ O2-bolt-opt（差异在 ±5% 内）
2026-03-30 21:36:17,021 INFO:     29                FreeBench_neural    1.0000    1.0217   -0.0218  O2-bolt ≈ O2-bolt-opt（差异在 ±5% 内）
2026-03-30 21:36:17,021 INFO:     30            FreeBench_pcompress2    1.0001    1.0335   -0.0334  O2-bolt ≈ O2-bolt-opt（差异在 ±5% 内）
2026-03-30 21:36:17,021 INFO:     31                 FreeBench_pifft    1.0004    1.0018   -0.0014  O2-bolt ≈ O2-bolt-opt（差异在 ±5% 内）
2026-03-30 21:36:17,021 INFO:     32               MallocBench_cfrac    0.9999    1.0000   -0.0001  O2-bolt ≈ O2-bolt-opt（差异在 ±5% 内）
2026-03-30 21:36:17,021 INFO:     33            MallocBench_espresso    1.0011    1.0000   +0.0011  O2-bolt ≈ O2-bolt-opt（差异在 ±5% 内）
2026-03-30 21:36:17,021 INFO:     34                  MallocBench_gs    0.9999    0.9546   +0.0453  O2-bolt ≈ O2-bolt-opt（差异在 ±5% 内）
2026-03-30 21:36:17,021 INFO:     35                 McCat_01-qbsort    0.9998    0.9744   +0.0254  O2-bolt ≈ O2-bolt-opt（差异在 ±5% 内）
2026-03-30 21:36:17,022 INFO:     36                 McCat_04-bisect    0.9980    1.0136   -0.0156  O2-bolt ≈ O2-bolt-opt（差异在 ±5% 内）
2026-03-30 21:36:17,022 INFO:     37                   McCat_08-main    1.0000    1.0000   -0.0000  O2-bolt ≈ O2-bolt-opt（差异在 ±5% 内）
2026-03-30 21:36:17,022 INFO:     38                    McCat_09-vor    1.0000    0.9947   +0.0052  O2-bolt ≈ O2-bolt-opt（差异在 ±5% 内）
2026-03-30 21:36:17,022 INFO:     39                 McCat_12-IOtest    0.9999    0.9932   +0.0066  O2-bolt ≈ O2-bolt-opt（差异在 ±5% 内）
2026-03-30 21:36:17,022 INFO:     40                   McCat_15-trie    1.0000    1.0101   -0.0100  O2-bolt ≈ O2-bolt-opt（差异在 ±5% 内）
2026-03-30 21:36:17,022 INFO:     41                  McCat_17-bintr    1.0003    0.9494   +0.0509  O2-bolt ≈ O2-bolt-opt（差异在 ±5% 内）
2026-03-30 21:36:17,022 INFO:     42                    McCat_18-imp    1.0000    1.1155   -0.1155  O2-bolt ≈ O2-bolt-opt（差异在 ±5% 内）
2026-03-30 21:36:17,022 INFO:     43    MiBench_automotive-basicmath    1.0000    1.0000   -0.0000  O2-bolt ≈ O2-bolt-opt（差异在 ±5% 内）
2026-03-30 21:36:17,023 INFO:     44     MiBench_automotive-bitcount    1.0000    0.8994   +0.1006  O2-bolt ≈ O2-bolt-opt（差异在 ±5% 内）
2026-03-30 21:36:17,023 INFO:     45        MiBench_automotive-susan    1.0000    0.9883   +0.0117  O2-bolt ≈ O2-bolt-opt（差异在 ±5% 内）
2026-03-30 21:36:17,023 INFO:     46           MiBench_consumer-jpeg    1.0000    0.9967   +0.0033  O2-bolt ≈ O2-bolt-opt（差异在 ±5% 内）
2026-03-30 21:36:17,023 INFO:     47           MiBench_consumer-lame    1.0002    0.9877   +0.0125  O2-bolt ≈ O2-bolt-opt（差异在 ±5% 内）
2026-03-30 21:36:17,023 INFO:     48        MiBench_consumer-typeset    1.0001    0.9945   +0.0056  O2-bolt ≈ O2-bolt-opt（差异在 ±5% 内）
2026-03-30 21:36:17,023 INFO:     49        MiBench_network-dijkstra    0.9996    0.9192   +0.0803  O2-bolt ≈ O2-bolt-opt（差异在 ±5% 内）
2026-03-30 21:36:17,024 INFO:     50        MiBench_network-patricia    0.9999    0.9936   +0.0063  O2-bolt ≈ O2-bolt-opt（差异在 ±5% 内）
2026-03-30 21:36:17,024 INFO:     51           MiBench_office-ispell    1.0000    1.0015   -0.0015  O2-bolt ≈ O2-bolt-opt（差异在 ±5% 内）
2026-03-30 21:36:17,024 INFO:     52     MiBench_office-stringsearch    1.0000    1.0090   -0.0090  O2-bolt ≈ O2-bolt-opt（差异在 ±5% 内）
2026-03-30 21:36:17,024 INFO:     53       MiBench_security-blowfish    1.0000    1.0251   -0.0252  O2-bolt ≈ O2-bolt-opt（差异在 ±5% 内）
2026-03-30 21:36:17,024 INFO:     54       MiBench_security-rijndael    1.0001    1.0469   -0.0468  O2-bolt ≈ O2-bolt-opt（差异在 ±5% 内）
2026-03-30 21:36:17,024 INFO:     55            MiBench_security-sha    1.0002    1.0035   -0.0033  O2-bolt ≈ O2-bolt-opt（差异在 ±5% 内）
2026-03-30 21:36:17,024 INFO:     56          MiBench_telecomm-CRC32    1.0002    1.0000   +0.0002  O2-bolt ≈ O2-bolt-opt（差异在 ±5% 内）
2026-03-30 21:36:17,025 INFO:     57            MiBench_telecomm-FFT    1.0000    1.0031   -0.0031  O2-bolt ≈ O2-bolt-opt（差异在 ±5% 内）
2026-03-30 21:36:17,025 INFO:     58          MiBench_telecomm-adpcm    1.0000    0.9976   +0.0024  O2-bolt ≈ O2-bolt-opt（差异在 ±5% 内）
2026-03-30 21:36:17,025 INFO:     59            MiBench_telecomm-gsm    1.0011    1.0076   -0.0064  O2-bolt ≈ O2-bolt-opt（差异在 ±5% 内）
2026-03-30 21:36:17,025 INFO:     60                   NPB-serial_is    1.0000    1.0000   +0.0000  O2-bolt ≈ O2-bolt-opt（差异在 ±5% 内）
2026-03-30 21:36:17,025 INFO:     61                        Olden_bh    1.0004    1.0000   +0.0004  O2-bolt ≈ O2-bolt-opt（差异在 ±5% 内）
2026-03-30 21:36:17,025 INFO:     62                    Olden_bisort    1.0000    0.9778   +0.0222  O2-bolt ≈ O2-bolt-opt（差异在 ±5% 内）
2026-03-30 21:36:17,026 INFO:     63                      Olden_em3d    1.4729    1.6429   -0.1699  O2-bolt 优于 O2-bolt-opt（快 32.1%，加速比 1.47x）
2026-03-30 21:36:17,026 INFO:     64                    Olden_health    1.0000    0.9891   +0.0109  O2-bolt ≈ O2-bolt-opt（差异在 ±5% 内）
2026-03-30 21:36:17,026 INFO:     65                       Olden_mst    1.0000    0.9920   +0.0080  O2-bolt ≈ O2-bolt-opt（差异在 ±5% 内）
2026-03-30 21:36:17,026 INFO:     66                 Olden_perimeter    1.0000    0.9345   +0.0655  O2-bolt ≈ O2-bolt-opt（差异在 ±5% 内）
2026-03-30 21:36:17,026 INFO:     67                     Olden_power    0.9999    1.0000   -0.0001  O2-bolt ≈ O2-bolt-opt（差异在 ±5% 内）
2026-03-30 21:36:17,026 INFO:     68                   Olden_treeadd    0.9999    0.9854   +0.0145  O2-bolt ≈ O2-bolt-opt（差异在 ±5% 内）
2026-03-30 21:36:17,026 INFO:     69                       Olden_tsp    0.9999    1.0000   -0.0001  O2-bolt ≈ O2-bolt-opt（差异在 ±5% 内）
2026-03-30 21:36:17,027 INFO:     70                   Olden_voronoi    1.0002    1.0000   +0.0002  O2-bolt ≈ O2-bolt-opt（差异在 ±5% 内）
2026-03-30 21:36:17,027 INFO:     71                           PAQ8p    1.0013    1.0000   +0.0013  O2-bolt ≈ O2-bolt-opt（差异在 ±5% 内）
2026-03-30 21:36:17,027 INFO:     72                 Prolangs-C++_NP    1.0000    1.0088   -0.0088  O2-bolt ≈ O2-bolt-opt（差异在 ±5% 内）
2026-03-30 21:36:17,027 INFO:     73               Prolangs-C++_city    0.9998    0.9759   +0.0238  O2-bolt ≈ O2-bolt-opt（差异在 ±5% 内）
2026-03-30 21:36:17,027 INFO:     74             Prolangs-C++_deriv1    1.0000    1.0141   -0.0141  O2-bolt ≈ O2-bolt-opt（差异在 ±5% 内）
2026-03-30 21:36:17,027 INFO:     75             Prolangs-C++_deriv2    1.0000    1.0115   -0.0114  O2-bolt ≈ O2-bolt-opt（差异在 ±5% 内）
2026-03-30 21:36:17,028 INFO:     76             Prolangs-C++_employ    0.9999    0.9903   +0.0096  O2-bolt ≈ O2-bolt-opt（差异在 ±5% 内）
2026-03-30 21:36:17,028 INFO:     77             Prolangs-C++_family    1.0000    1.0197   -0.0197  O2-bolt ≈ O2-bolt-opt（差异在 ±5% 内）
2026-03-30 21:36:17,028 INFO:     78                Prolangs-C++_fsm    1.0000    1.0091   -0.0091  O2-bolt ≈ O2-bolt-opt（差异在 ±5% 内）
2026-03-30 21:36:17,028 INFO:     79             Prolangs-C++_garage    1.0000    0.9981   +0.0019  O2-bolt ≈ O2-bolt-opt（差异在 ±5% 内）
2026-03-30 21:36:17,028 INFO:     80               Prolangs-C++_life    0.9999    1.0000   -0.0001  O2-bolt ≈ O2-bolt-opt（差异在 ±5% 内）
2026-03-30 21:36:17,028 INFO:     81            Prolangs-C++_objects    1.0000    1.0114   -0.0114  O2-bolt ≈ O2-bolt-opt（差异在 ±5% 内）
2026-03-30 21:36:17,028 INFO:     82              Prolangs-C++_ocean    0.9998    1.0000   -0.0002  O2-bolt ≈ O2-bolt-opt（差异在 ±5% 内）
2026-03-30 21:36:17,028 INFO:     83             Prolangs-C++_office    1.0000    1.0060   -0.0059  O2-bolt ≈ O2-bolt-opt（差异在 ±5% 内）
2026-03-30 21:36:17,029 INFO:     84             Prolangs-C++_primes    1.0000    0.9580   +0.0419  O2-bolt ≈ O2-bolt-opt（差异在 ±5% 内）
2026-03-30 21:36:17,029 INFO:     85             Prolangs-C++_shapes    1.0001    1.0252   -0.0251  O2-bolt ≈ O2-bolt-opt（差异在 ±5% 内）
2026-03-30 21:36:17,029 INFO:     86              Prolangs-C++_simul    1.0000    1.0252   -0.0253  O2-bolt ≈ O2-bolt-opt（差异在 ±5% 内）
2026-03-30 21:36:17,029 INFO:     87              Prolangs-C++_trees    1.0000    1.0176   -0.0176  O2-bolt ≈ O2-bolt-opt（差异在 ±5% 内）
2026-03-30 21:36:17,029 INFO:     88              Prolangs-C++_vcirc    1.0000    1.0016   -0.0015  O2-bolt ≈ O2-bolt-opt（差异在 ±5% 内）
2026-03-30 21:36:17,029 INFO:     89                Prolangs-C_agrep    1.0000    1.0382   -0.0382  O2-bolt ≈ O2-bolt-opt（差异在 ±5% 内）
2026-03-30 21:36:17,029 INFO:     90             Prolangs-C_allroots    1.0002    1.0094   -0.0092  O2-bolt ≈ O2-bolt-opt（差异在 ±5% 内）
2026-03-30 21:36:17,029 INFO:     91                Prolangs-C_bison    1.0001    0.9879   +0.0122  O2-bolt ≈ O2-bolt-opt（差异在 ±5% 内）
2026-03-30 21:36:17,030 INFO:     92                Prolangs-C_cdecl    1.0000    1.0122   -0.0122  O2-bolt ≈ O2-bolt-opt（差异在 ±5% 内）
2026-03-30 21:36:17,030 INFO:     93            Prolangs-C_fixoutput    1.0002    0.9965   +0.0037  O2-bolt ≈ O2-bolt-opt（差异在 ±5% 内）
2026-03-30 21:36:17,030 INFO:     94             Prolangs-C_football    1.0002    0.9975   +0.0027  O2-bolt ≈ O2-bolt-opt（差异在 ±5% 内）
2026-03-30 21:36:17,030 INFO:     95                Prolangs-C_gnugo    0.9997    1.0098   -0.0101  O2-bolt ≈ O2-bolt-opt（差异在 ±5% 内）
2026-03-30 21:36:17,030 INFO:     96               Prolangs-C_loader    1.0002    1.0238   -0.0236  O2-bolt ≈ O2-bolt-opt（差异在 ±5% 内）
2026-03-30 21:36:17,030 INFO:     97            Prolangs-C_simulator    1.0002    1.0159   -0.0158  O2-bolt ≈ O2-bolt-opt（差异在 ±5% 内）
2026-03-30 21:36:17,030 INFO:     98           Prolangs-C_unix-smail    1.0001    0.9970   +0.0031  O2-bolt ≈ O2-bolt-opt（差异在 ±5% 内）
2026-03-30 21:36:17,030 INFO:     99             Prolangs-C_unix-tbl    1.0002    1.0225   -0.0223  O2-bolt ≈ O2-bolt-opt（差异在 ±5% 内）
2026-03-30 21:36:17,031 INFO:    100                 Ptrdist_anagram    1.0000    0.9833   +0.0166  O2-bolt ≈ O2-bolt-opt（差异在 ±5% 内）
2026-03-30 21:36:17,031 INFO:    101                      Ptrdist_bc    0.9998    0.9045   +0.0953  O2-bolt ≈ O2-bolt-opt（差异在 ±5% 内）
2026-03-30 21:36:17,031 INFO:    102                      Ptrdist_ft    1.0023    1.0000   +0.0023  O2-bolt ≈ O2-bolt-opt（差异在 ±5% 内）
2026-03-30 21:36:17,031 INFO:    103                      Ptrdist_ks    0.9992    0.9831   +0.0161  O2-bolt ≈ O2-bolt-opt（差异在 ±5% 内）
2026-03-30 21:36:17,031 INFO:    104                   Ptrdist_yacr2    1.1575    1.0938   +0.0637  O2-bolt 优于 O2-bolt-opt（快 13.6%，加速比 1.16x）
2026-03-30 21:36:17,031 INFO:    105                Rodinia_backprop    1.0001    1.0000   +0.0001  O2-bolt ≈ O2-bolt-opt（差异在 ±5% 内）
2026-03-30 21:36:17,031 INFO:    106                 Rodinia_hotspot    0.9999    0.9923   +0.0077  O2-bolt ≈ O2-bolt-opt（差异在 ±5% 内）
2026-03-30 21:36:17,031 INFO:    107              Rodinia_pathfinder    1.0010    1.0345   -0.0335  O2-bolt ≈ O2-bolt-opt（差异在 ±5% 内）
2026-03-30 21:36:17,032 INFO:    108                    Rodinia_srad    1.0092    1.0000   +0.0092  O2-bolt ≈ O2-bolt-opt（差异在 ±5% 内）
2026-03-30 21:36:17,032 INFO:    109                      SciMark2-C    0.9999    1.0000   -0.0001  O2-bolt ≈ O2-bolt-opt（差异在 ±5% 内）
2026-03-30 21:36:17,032 INFO:    110            TSVC_ControlFlow-dbl    1.0000    1.0000   -0.0000  O2-bolt ≈ O2-bolt-opt（差异在 ±5% 内）
2026-03-30 21:36:17,032 INFO:    111            TSVC_ControlFlow-flt    0.9998    1.0000   -0.0002  O2-bolt ≈ O2-bolt-opt（差异在 ±5% 内）
2026-03-30 21:36:17,032 INFO:    112           TSVC_ControlLoops-dbl    0.9998    1.0000   -0.0002  O2-bolt ≈ O2-bolt-opt（差异在 ±5% 内）
2026-03-30 21:36:17,032 INFO:    113           TSVC_ControlLoops-flt    0.9995    1.0000   -0.0005  O2-bolt ≈ O2-bolt-opt（差异在 ±5% 内）
2026-03-30 21:36:17,032 INFO:    114     TSVC_CrossingThresholds-dbl    1.0053    1.0000   +0.0053  O2-bolt ≈ O2-bolt-opt（差异在 ±5% 内）
2026-03-30 21:36:17,032 INFO:    115     TSVC_CrossingThresholds-flt    1.0000    0.9565   +0.0434  O2-bolt ≈ O2-bolt-opt（差异在 ±5% 内）
2026-03-30 21:36:17,033 INFO:    116          TSVC_Equivalencing-dbl    1.0008    1.0000   +0.0008  O2-bolt ≈ O2-bolt-opt（差异在 ±5% 内）
2026-03-30 21:36:17,033 INFO:    117          TSVC_Equivalencing-flt    0.9999    1.0000   -0.0001  O2-bolt ≈ O2-bolt-opt（差异在 ±5% 内）
2026-03-30 21:36:17,033 INFO:    118              TSVC_Expansion-dbl    0.9997    1.0000   -0.0003  O2-bolt ≈ O2-bolt-opt（差异在 ±5% 内）
2026-03-30 21:36:17,033 INFO:    119              TSVC_Expansion-flt    1.0000    0.9643   +0.0357  O2-bolt ≈ O2-bolt-opt（差异在 ±5% 内）
2026-03-30 21:36:17,033 INFO:    120         TSVC_GlobalDataFlow-dbl    1.0005    1.0000   +0.0005  O2-bolt ≈ O2-bolt-opt（差异在 ±5% 内）
2026-03-30 21:36:17,033 INFO:    121         TSVC_GlobalDataFlow-flt    0.9996    0.9744   +0.0253  O2-bolt ≈ O2-bolt-opt（差异在 ±5% 内）
2026-03-30 21:36:17,033 INFO:    122     TSVC_IndirectAddressing-dbl    1.0003    1.0000   +0.0003  O2-bolt ≈ O2-bolt-opt（差异在 ±5% 内）
2026-03-30 21:36:17,033 INFO:    123     TSVC_IndirectAddressing-flt    1.0000    1.0000   -0.0000  O2-bolt ≈ O2-bolt-opt（差异在 ±5% 内）
2026-03-30 21:36:17,034 INFO:    124      TSVC_InductionVariable-dbl    1.0000    1.0000   +0.0000  O2-bolt ≈ O2-bolt-opt（差异在 ±5% 内）
2026-03-30 21:36:17,034 INFO:    125      TSVC_InductionVariable-flt    1.0000    1.0000   +0.0000  O2-bolt ≈ O2-bolt-opt（差异在 ±5% 内）
2026-03-30 21:36:17,034 INFO:    126       TSVC_LinearDependence-dbl    1.0004    1.0000   +0.0004  O2-bolt ≈ O2-bolt-opt（差异在 ±5% 内）
2026-03-30 21:36:17,034 INFO:    127       TSVC_LinearDependence-flt    0.9999    0.9333   +0.0666  O2-bolt ≈ O2-bolt-opt（差异在 ±5% 内）
2026-03-30 21:36:17,034 INFO:    128          TSVC_LoopRerolling-dbl    1.0000    1.0000   -0.0000  O2-bolt ≈ O2-bolt-opt（差异在 ±5% 内）
2026-03-30 21:36:17,034 INFO:    129          TSVC_LoopRerolling-flt    1.0000    1.0000   -0.0000  O2-bolt ≈ O2-bolt-opt（差异在 ±5% 内）
2026-03-30 21:36:17,034 INFO:    130      TSVC_LoopRestructuring-dbl    1.0000    1.0000   -0.0000  O2-bolt ≈ O2-bolt-opt（差异在 ±5% 内）
2026-03-30 21:36:17,034 INFO:    131      TSVC_LoopRestructuring-flt    0.9999    1.0000   -0.0001  O2-bolt ≈ O2-bolt-opt（差异在 ±5% 内）
2026-03-30 21:36:17,035 INFO:    132          TSVC_NodeSplitting-dbl    1.0005    1.0000   +0.0005  O2-bolt ≈ O2-bolt-opt（差异在 ±5% 内）
2026-03-30 21:36:17,035 INFO:    133          TSVC_NodeSplitting-flt    1.0006    0.9412   +0.0594  O2-bolt ≈ O2-bolt-opt（差异在 ±5% 内）
2026-03-30 21:36:17,035 INFO:    134                TSVC_Packing-dbl    0.9993    1.0000   -0.0007  O2-bolt ≈ O2-bolt-opt（差异在 ±5% 内）
2026-03-30 21:36:17,035 INFO:    135                TSVC_Packing-flt    0.9993    1.3333   -0.3340  O2-bolt ≈ O2-bolt-opt（差异在 ±5% 内）
2026-03-30 21:36:17,035 INFO:    136            TSVC_Recurrences-dbl    0.9765    1.0000   -0.0235  O2-bolt ≈ O2-bolt-opt（差异在 ±5% 内）
2026-03-30 21:36:17,035 INFO:    137            TSVC_Recurrences-flt    0.9929    1.0000   -0.0071  O2-bolt ≈ O2-bolt-opt（差异在 ±5% 内）
2026-03-30 21:36:17,035 INFO:    138             TSVC_Reductions-dbl    1.0004    1.0000   +0.0004  O2-bolt ≈ O2-bolt-opt（差异在 ±5% 内）
2026-03-30 21:36:17,035 INFO:    139             TSVC_Reductions-flt    1.0000    1.0000   -0.0000  O2-bolt ≈ O2-bolt-opt（差异在 ±5% 内）
2026-03-30 21:36:17,036 INFO:    140              TSVC_Searching-dbl    1.0008    1.0000   +0.0008  O2-bolt ≈ O2-bolt-opt（差异在 ±5% 内）
2026-03-30 21:36:17,036 INFO:    141              TSVC_Searching-flt    1.0078    1.0000   +0.0078  O2-bolt ≈ O2-bolt-opt（差异在 ±5% 内）
2026-03-30 21:36:17,036 INFO:    142    TSVC_StatementReordering-dbl    1.0002    1.0000   +0.0002  O2-bolt ≈ O2-bolt-opt（差异在 ±5% 内）
2026-03-30 21:36:17,036 INFO:    143    TSVC_StatementReordering-flt    1.0001    1.0625   -0.0624  O2-bolt ≈ O2-bolt-opt（差异在 ±5% 内）
2026-03-30 21:36:17,036 INFO:    144              TSVC_Symbolics-dbl    1.0002    1.0000   +0.0002  O2-bolt ≈ O2-bolt-opt（差异在 ±5% 内）
2026-03-30 21:36:17,036 INFO:    145              TSVC_Symbolics-flt    1.0000    0.9444   +0.0556  O2-bolt ≈ O2-bolt-opt（差异在 ±5% 内）
2026-03-30 21:36:17,036 INFO:    146               Trimaran_enc-3des    1.0005    1.0000   +0.0005  O2-bolt ≈ O2-bolt-opt（差异在 ±5% 内）
2026-03-30 21:36:17,036 INFO:    147                Trimaran_enc-md5    1.0008    1.0000   +0.0008  O2-bolt ≈ O2-bolt-opt（差异在 ±5% 内）
2026-03-30 21:36:17,037 INFO:    148                Trimaran_enc-pc1    1.0005    1.0000   +0.0005  O2-bolt ≈ O2-bolt-opt（差异在 ±5% 内）
2026-03-30 21:36:17,037 INFO:    149                Trimaran_enc-rc4    1.0000    0.9796   +0.0204  O2-bolt ≈ O2-bolt-opt（差异在 ±5% 内）
2026-03-30 21:36:17,037 INFO:    150           Trimaran_netbench-crc    1.0002    1.0000   +0.0002  O2-bolt ≈ O2-bolt-opt（差异在 ±5% 内）
2026-03-30 21:36:17,037 INFO:    151           Trimaran_netbench-url    0.9994    1.0000   -0.0006  O2-bolt ≈ O2-bolt-opt（差异在 ±5% 内）
2026-03-30 21:36:17,037 INFO:    152                VersaBench_8b10b    1.0002    1.0000   +0.0002  O2-bolt ≈ O2-bolt-opt（差异在 ±5% 内）
2026-03-30 21:36:17,037 INFO:    153           VersaBench_beamformer    1.0000    1.1296   -0.1297  O2-bolt ≈ O2-bolt-opt（差异在 ±5% 内）
2026-03-30 21:36:17,037 INFO:    154                  VersaBench_bmm    1.0000    1.0000   -0.0000  O2-bolt ≈ O2-bolt-opt（差异在 ±5% 内）
2026-03-30 21:36:17,037 INFO:    155                 VersaBench_dbms    1.0003    1.0000   +0.0003  O2-bolt ≈ O2-bolt-opt（差异在 ±5% 内）
2026-03-30 21:36:17,038 INFO:    156               VersaBench_ecbdes    1.0006    1.0000   +0.0006  O2-bolt ≈ O2-bolt-opt（差异在 ±5% 内）
2026-03-30 21:36:17,038 INFO:    157                    llubenchmark    1.0000    1.0000   +0.0000  O2-bolt ≈ O2-bolt-opt（差异在 ±5% 内）
2026-03-30 21:36:17,038 INFO:    158                           mafft    1.0000    1.0000   -0.0000  O2-bolt ≈ O2-bolt-opt（差异在 ±5% 内）
2026-03-30 21:36:17,038 INFO:    159      mediabench_adpcm_rawcaudio    1.0000    0.9970   +0.0029  O2-bolt ≈ O2-bolt-opt（差异在 ±5% 内）
2026-03-30 21:36:17,038 INFO:    160      mediabench_adpcm_rawdaudio    1.0000    0.9908   +0.0092  O2-bolt ≈ O2-bolt-opt（差异在 ±5% 内）
2026-03-30 21:36:17,038 INFO:    161      mediabench_g721_g721encode    0.9985    0.9828   +0.0157  O2-bolt ≈ O2-bolt-opt（差异在 ±5% 内）
2026-03-30 21:36:17,038 INFO:    162            mediabench_gsm_toast    1.0004    1.0302   -0.0298  O2-bolt ≈ O2-bolt-opt（差异在 ±5% 内）
2026-03-30 21:36:17,038 INFO:    163       mediabench_mpeg2_mpeg2dec    1.0000    0.9592   +0.0409  O2-bolt ≈ O2-bolt-opt（差异在 ±5% 内）
2026-03-30 21:36:17,039 INFO:    164                          nbench    1.0181    1.0312   -0.0131  O2-bolt ≈ O2-bolt-opt（差异在 ±5% 内）
2026-03-30 21:36:17,039 INFO:    165                      tramp3d-v4    1.0000    0.9896   +0.0104  O2-bolt ≈ O2-bolt-opt（差异在 ±5% 内）
2026-03-30 21:36:17,039 INFO: 
  ── 验证指标 ──
2026-03-30 21:36:17,039 INFO:   MAE  = 0.0183
2026-03-30 21:36:17,039 INFO:   MSE  = 0.0016
2026-03-30 21:36:17,039 INFO:   RMSE = 0.0406
2026-03-30 21:36:17,039 INFO:   方向准确率 = 105/165 (63.6%)
2026-03-30 21:36:17,040 INFO:   预测 O2-bolt 更优: 81/165  (真实: 43/165)
2026-03-30 21:36:17,040 INFO:   方向准确率（排除 ±5%）= 11/18 (61.1%)
2026-03-30 21:36:17,055 INFO: 已应用 exp() 变换（log-target 模式）
2026-03-30 21:36:17,055 INFO: ========================================================================
2026-03-30 21:36:17,055 INFO: 版本对: O3-bolt_vs_O3-bolt-opt  (O3-bolt vs O3-bolt-opt)  共 161 个程序
2026-03-30 21:36:17,055 INFO: 标签模式: fixed_time
2026-03-30 21:36:17,055 INFO: 标签定义: Y = N_v1 / N_v2 (throughput ratio in a fixed window)
2026-03-30 21:36:17,056 INFO: 判定方向: Y > 1 视为 O3-bolt 更快，Y < 1 视为 O3-bolt-opt 更快
2026-03-30 21:36:17,056 INFO: ========================================================================
2026-03-30 21:36:17,056 INFO:      #                              程序      预测 Ŷ      真实 Y        误差  判断
2026-03-30 21:36:17,056 INFO:   ------------------------------------------------------------------------
2026-03-30 21:36:17,056 INFO:      1                            7zip    1.0002    1.0000   +0.0002  O3-bolt ≈ O3-bolt-opt（差异在 ±5% 内）
2026-03-30 21:36:17,056 INFO:      2             ASCI_Purple_SMG2000    1.0001    1.0000   +0.0001  O3-bolt ≈ O3-bolt-opt（差异在 ±5% 内）
2026-03-30 21:36:17,056 INFO:      3               ASC_Sequoia_AMGmk    1.0003    1.0000   +0.0003  O3-bolt ≈ O3-bolt-opt（差异在 ±5% 内）
2026-03-30 21:36:17,056 INFO:      4           ASC_Sequoia_CrystalMk    1.0000    1.0000   +0.0000  O3-bolt ≈ O3-bolt-opt（差异在 ±5% 内）
2026-03-30 21:36:17,057 INFO:      5               ASC_Sequoia_IRSmk    1.0003    1.0000   +0.0003  O3-bolt ≈ O3-bolt-opt（差异在 ±5% 内）
2026-03-30 21:36:17,057 INFO:      6                  BitBench_drop3    0.9910    0.9341   +0.0569  O3-bolt ≈ O3-bolt-opt（差异在 ±5% 内）
2026-03-30 21:36:17,057 INFO:      7                 BitBench_five11    0.9997    0.9500   +0.0497  O3-bolt ≈ O3-bolt-opt（差异在 ±5% 内）
2026-03-30 21:36:17,057 INFO:      8               BitBench_uudecode    0.9997    1.7186   -0.7189  O3-bolt ≈ O3-bolt-opt（差异在 ±5% 内）
2026-03-30 21:36:17,057 INFO:      9               BitBench_uuencode    1.0000    1.0052   -0.0052  O3-bolt ≈ O3-bolt-opt（差异在 ±5% 内）
2026-03-30 21:36:17,057 INFO:     10                          Bullet    1.0008    1.0000   +0.0008  O3-bolt ≈ O3-bolt-opt（差异在 ±5% 内）
2026-03-30 21:36:17,057 INFO:     11         DOE-ProxyApps-C++_CLAMR    0.9998    1.0000   -0.0002  O3-bolt ≈ O3-bolt-opt（差异在 ±5% 内）
2026-03-30 21:36:17,057 INFO:     12   DOE-ProxyApps-C++_HACCKernels    0.9999    1.0000   -0.0001  O3-bolt ≈ O3-bolt-opt（差异在 ±5% 内）
2026-03-30 21:36:17,058 INFO:     13         DOE-ProxyApps-C++_HPCCG    1.0000    1.0000   -0.0000  O3-bolt ≈ O3-bolt-opt（差异在 ±5% 内）
2026-03-30 21:36:17,058 INFO:     14       DOE-ProxyApps-C++_PENNANT    1.0000    1.0000   -0.0000  O3-bolt ≈ O3-bolt-opt（差异在 ±5% 内）
2026-03-30 21:36:17,058 INFO:     15        DOE-ProxyApps-C++_miniFE    1.0013    1.0000   +0.0013  O3-bolt ≈ O3-bolt-opt（差异在 ±5% 内）
2026-03-30 21:36:17,058 INFO:     16            DOE-ProxyApps-C_CoMD    1.0014    0.9200   +0.0814  O3-bolt ≈ O3-bolt-opt（差异在 ±5% 内）
2026-03-30 21:36:17,058 INFO:     17      DOE-ProxyApps-C_Pathfinder    1.0222    1.0667   -0.0445  O3-bolt ≈ O3-bolt-opt（差异在 ±5% 内）
2026-03-30 21:36:17,058 INFO:     18         DOE-ProxyApps-C_RSBench    1.0000    1.0000   -0.0000  O3-bolt ≈ O3-bolt-opt（差异在 ±5% 内）
2026-03-30 21:36:17,058 INFO:     19       DOE-ProxyApps-C_SimpleMOC    1.0000    0.9697   +0.0303  O3-bolt ≈ O3-bolt-opt（差异在 ±5% 内）
2026-03-30 21:36:17,058 INFO:     20         DOE-ProxyApps-C_XSBench    0.8804    0.9375   -0.0571  O3-bolt-opt 优于 O3-bolt（快 12.0%，加速比 1.14x）
2026-03-30 21:36:17,059 INFO:     21         DOE-ProxyApps-C_miniAMR    1.0000    1.0000   +0.0000  O3-bolt ≈ O3-bolt-opt（差异在 ±5% 内）
2026-03-30 21:36:17,059 INFO:     22         DOE-ProxyApps-C_miniGMG    1.0031    1.0000   +0.0031  O3-bolt ≈ O3-bolt-opt（差异在 ±5% 内）
2026-03-30 21:36:17,059 INFO:     23                     Fhourstones    1.0000    1.0370   -0.0371  O3-bolt ≈ O3-bolt-opt（差异在 ±5% 内）
2026-03-30 21:36:17,059 INFO:     24                 Fhourstones-3.1    1.0000    1.0857   -0.0857  O3-bolt ≈ O3-bolt-opt（差异在 ±5% 内）
2026-03-30 21:36:17,059 INFO:     25              FreeBench_analyzer    1.0001    0.9962   +0.0039  O3-bolt ≈ O3-bolt-opt（差异在 ±5% 内）
2026-03-30 21:36:17,059 INFO:     26               FreeBench_distray    1.0000    1.0000   -0.0000  O3-bolt ≈ O3-bolt-opt（差异在 ±5% 内）
2026-03-30 21:36:17,059 INFO:     27            FreeBench_fourinarow    1.0004    1.0000   +0.0004  O3-bolt ≈ O3-bolt-opt（差异在 ±5% 内）
2026-03-30 21:36:17,059 INFO:     28                 FreeBench_mason    1.0000    0.9847   +0.0153  O3-bolt ≈ O3-bolt-opt（差异在 ±5% 内）
2026-03-30 21:36:17,060 INFO:     29                FreeBench_neural    1.0000    1.0109   -0.0109  O3-bolt ≈ O3-bolt-opt（差异在 ±5% 内）
2026-03-30 21:36:17,060 INFO:     30            FreeBench_pcompress2    1.0004    1.0060   -0.0056  O3-bolt ≈ O3-bolt-opt（差异在 ±5% 内）
2026-03-30 21:36:17,060 INFO:     31                 FreeBench_pifft    1.0003    1.0127   -0.0124  O3-bolt ≈ O3-bolt-opt（差异在 ±5% 内）
2026-03-30 21:36:17,060 INFO:     32               MallocBench_cfrac    0.9998    0.9811   +0.0187  O3-bolt ≈ O3-bolt-opt（差异在 ±5% 内）
2026-03-30 21:36:17,060 INFO:     33            MallocBench_espresso    1.0009    1.0179   -0.0170  O3-bolt ≈ O3-bolt-opt（差异在 ±5% 内）
2026-03-30 21:36:17,060 INFO:     34                  MallocBench_gs    0.9999    0.9430   +0.0569  O3-bolt ≈ O3-bolt-opt（差异在 ±5% 内）
2026-03-30 21:36:17,060 INFO:     35                 McCat_01-qbsort    0.9998    0.9774   +0.0224  O3-bolt ≈ O3-bolt-opt（差异在 ±5% 内）
2026-03-30 21:36:17,061 INFO:     36                 McCat_04-bisect    1.0000    1.1034   -0.1033  O3-bolt ≈ O3-bolt-opt（差异在 ±5% 内）
2026-03-30 21:36:17,061 INFO:     37                   McCat_08-main    1.0000    1.0000   +0.0000  O3-bolt ≈ O3-bolt-opt（差异在 ±5% 内）
2026-03-30 21:36:17,061 INFO:     38                    McCat_09-vor    1.0000    1.0160   -0.0160  O3-bolt ≈ O3-bolt-opt（差异在 ±5% 内）
2026-03-30 21:36:17,061 INFO:     39                 McCat_12-IOtest    0.9999    0.9932   +0.0067  O3-bolt ≈ O3-bolt-opt（差异在 ±5% 内）
2026-03-30 21:36:17,061 INFO:     40                   McCat_15-trie    1.0001    1.0226   -0.0225  O3-bolt ≈ O3-bolt-opt（差异在 ±5% 内）
2026-03-30 21:36:17,061 INFO:     41                  McCat_17-bintr    1.0003    1.0000   +0.0003  O3-bolt ≈ O3-bolt-opt（差异在 ±5% 内）
2026-03-30 21:36:17,061 INFO:     42                    McCat_18-imp    0.9999    1.0995   -0.0996  O3-bolt ≈ O3-bolt-opt（差异在 ±5% 内）
2026-03-30 21:36:17,062 INFO:     43    MiBench_automotive-basicmath    0.9998    1.0000   -0.0002  O3-bolt ≈ O3-bolt-opt（差异在 ±5% 内）
2026-03-30 21:36:17,062 INFO:     44     MiBench_automotive-bitcount    1.0000    0.9655   +0.0344  O3-bolt ≈ O3-bolt-opt（差异在 ±5% 内）
2026-03-30 21:36:17,062 INFO:     45        MiBench_automotive-susan    1.0000    0.9868   +0.0131  O3-bolt ≈ O3-bolt-opt（差异在 ±5% 内）
2026-03-30 21:36:17,062 INFO:     46           MiBench_consumer-jpeg    1.0000    0.9872   +0.0128  O3-bolt ≈ O3-bolt-opt（差异在 ±5% 内）
2026-03-30 21:36:17,062 INFO:     47           MiBench_consumer-lame    1.0006    0.9880   +0.0126  O3-bolt ≈ O3-bolt-opt（差异在 ±5% 内）
2026-03-30 21:36:17,062 INFO:     48        MiBench_consumer-typeset    1.0002    0.9886   +0.0116  O3-bolt ≈ O3-bolt-opt（差异在 ±5% 内）
2026-03-30 21:36:17,062 INFO:     49        MiBench_network-dijkstra    0.9996    0.9219   +0.0777  O3-bolt ≈ O3-bolt-opt（差异在 ±5% 内）
2026-03-30 21:36:17,062 INFO:     50        MiBench_network-patricia    1.0000    0.9957   +0.0043  O3-bolt ≈ O3-bolt-opt（差异在 ±5% 内）
2026-03-30 21:36:17,063 INFO:     51           MiBench_office-ispell    1.0000    1.0066   -0.0066  O3-bolt ≈ O3-bolt-opt（差异在 ±5% 内）
2026-03-30 21:36:17,063 INFO:     52     MiBench_office-stringsearch    1.0001    1.0157   -0.0157  O3-bolt ≈ O3-bolt-opt（差异在 ±5% 内）
2026-03-30 21:36:17,063 INFO:     53       MiBench_security-rijndael    1.0000    1.0591   -0.0591  O3-bolt ≈ O3-bolt-opt（差异在 ±5% 内）
2026-03-30 21:36:17,063 INFO:     54            MiBench_security-sha    1.0003    1.0075   -0.0071  O3-bolt ≈ O3-bolt-opt（差异在 ±5% 内）
2026-03-30 21:36:17,063 INFO:     55          MiBench_telecomm-CRC32    1.0004    1.0069   -0.0065  O3-bolt ≈ O3-bolt-opt（差异在 ±5% 内）
2026-03-30 21:36:17,063 INFO:     56            MiBench_telecomm-FFT    1.0000    0.9969   +0.0030  O3-bolt ≈ O3-bolt-opt（差异在 ±5% 内）
2026-03-30 21:36:17,063 INFO:     57          MiBench_telecomm-adpcm    1.0000    0.9976   +0.0024  O3-bolt ≈ O3-bolt-opt（差异在 ±5% 内）
2026-03-30 21:36:17,063 INFO:     58            MiBench_telecomm-gsm    1.0015    0.9928   +0.0087  O3-bolt ≈ O3-bolt-opt（差异在 ±5% 内）
2026-03-30 21:36:17,064 INFO:     59                   NPB-serial_is    1.0001    1.0000   +0.0001  O3-bolt ≈ O3-bolt-opt（差异在 ±5% 内）
2026-03-30 21:36:17,064 INFO:     60                        Olden_bh    1.0003    1.0000   +0.0003  O3-bolt ≈ O3-bolt-opt（差异在 ±5% 内）
2026-03-30 21:36:17,064 INFO:     61                    Olden_bisort    1.0000    0.9891   +0.0108  O3-bolt ≈ O3-bolt-opt（差异在 ±5% 内）
2026-03-30 21:36:17,064 INFO:     62                      Olden_em3d    1.5817    1.6429   -0.0611  O3-bolt 优于 O3-bolt-opt（快 36.8%，加速比 1.58x）
2026-03-30 21:36:17,064 INFO:     63                    Olden_health    1.0000    1.0000   -0.0000  O3-bolt ≈ O3-bolt-opt（差异在 ±5% 内）
2026-03-30 21:36:17,064 INFO:     64                       Olden_mst    1.0000    1.0020   -0.0020  O3-bolt ≈ O3-bolt-opt（差异在 ±5% 内）
2026-03-30 21:36:17,064 INFO:     65                 Olden_perimeter    0.9999    0.9912   +0.0088  O3-bolt ≈ O3-bolt-opt（差异在 ±5% 内）
2026-03-30 21:36:17,064 INFO:     66                     Olden_power    1.0000    0.9870   +0.0130  O3-bolt ≈ O3-bolt-opt（差异在 ±5% 内）
2026-03-30 21:36:17,064 INFO:     67                   Olden_treeadd    0.9999    1.0049   -0.0050  O3-bolt ≈ O3-bolt-opt（差异在 ±5% 内）
2026-03-30 21:36:17,065 INFO:     68                       Olden_tsp    1.0000    1.0115   -0.0115  O3-bolt ≈ O3-bolt-opt（差异在 ±5% 内）
2026-03-30 21:36:17,065 INFO:     69                   Olden_voronoi    1.0001    1.0061   -0.0060  O3-bolt ≈ O3-bolt-opt（差异在 ±5% 内）
2026-03-30 21:36:17,065 INFO:     70                           PAQ8p    1.0013    1.0000   +0.0013  O3-bolt ≈ O3-bolt-opt（差异在 ±5% 内）
2026-03-30 21:36:17,065 INFO:     71                 Prolangs-C++_NP    1.0000    1.0239   -0.0239  O3-bolt ≈ O3-bolt-opt（差异在 ±5% 内）
2026-03-30 21:36:17,065 INFO:     72             Prolangs-C++_deriv1    1.0000    1.0014   -0.0014  O3-bolt ≈ O3-bolt-opt（差异在 ±5% 内）
2026-03-30 21:36:17,065 INFO:     73             Prolangs-C++_deriv2    1.0000    1.0078   -0.0078  O3-bolt ≈ O3-bolt-opt（差异在 ±5% 内）
2026-03-30 21:36:17,065 INFO:     74             Prolangs-C++_employ    0.9999    1.0104   -0.0104  O3-bolt ≈ O3-bolt-opt（差异在 ±5% 内）
2026-03-30 21:36:17,066 INFO:     75                Prolangs-C++_fsm    1.0000    1.0083   -0.0083  O3-bolt ≈ O3-bolt-opt（差异在 ±5% 内）
2026-03-30 21:36:17,066 INFO:     76             Prolangs-C++_garage    1.0000    1.0093   -0.0093  O3-bolt ≈ O3-bolt-opt（差异在 ±5% 内）
2026-03-30 21:36:17,066 INFO:     77               Prolangs-C++_life    0.9999    1.0286   -0.0287  O3-bolt ≈ O3-bolt-opt（差异在 ±5% 内）
2026-03-30 21:36:17,066 INFO:     78            Prolangs-C++_objects    1.0000    1.0146   -0.0146  O3-bolt ≈ O3-bolt-opt（差异在 ±5% 内）
2026-03-30 21:36:17,066 INFO:     79              Prolangs-C++_ocean    0.9998    0.9920   +0.0077  O3-bolt ≈ O3-bolt-opt（差异在 ±5% 内）
2026-03-30 21:36:17,066 INFO:     80             Prolangs-C++_office    1.0000    0.9976   +0.0024  O3-bolt ≈ O3-bolt-opt（差异在 ±5% 内）
2026-03-30 21:36:17,066 INFO:     81             Prolangs-C++_primes    1.0033    0.9521   +0.0512  O3-bolt ≈ O3-bolt-opt（差异在 ±5% 内）
2026-03-30 21:36:17,066 INFO:     82             Prolangs-C++_shapes    1.0000    1.0009   -0.0008  O3-bolt ≈ O3-bolt-opt（差异在 ±5% 内）
2026-03-30 21:36:17,067 INFO:     83              Prolangs-C++_simul    1.0000    0.9927   +0.0073  O3-bolt ≈ O3-bolt-opt（差异在 ±5% 内）
2026-03-30 21:36:17,067 INFO:     84              Prolangs-C++_trees    1.0000    1.0263   -0.0263  O3-bolt ≈ O3-bolt-opt（差异在 ±5% 内）
2026-03-30 21:36:17,067 INFO:     85         Prolangs-C_TimberWolfMC    1.0003    1.0175   -0.0172  O3-bolt ≈ O3-bolt-opt（差异在 ±5% 内）
2026-03-30 21:36:17,067 INFO:     86                Prolangs-C_agrep    1.0000    1.0310   -0.0311  O3-bolt ≈ O3-bolt-opt（差异在 ±5% 内）
2026-03-30 21:36:17,067 INFO:     87             Prolangs-C_allroots    1.0002    1.0128   -0.0125  O3-bolt ≈ O3-bolt-opt（差异在 ±5% 内）
2026-03-30 21:36:17,067 INFO:     88        Prolangs-C_archie-client    1.0002    1.0116   -0.0114  O3-bolt ≈ O3-bolt-opt（差异在 ±5% 内）
2026-03-30 21:36:17,067 INFO:     89                Prolangs-C_bison    1.0000    0.9933   +0.0067  O3-bolt ≈ O3-bolt-opt（差异在 ±5% 内）
2026-03-30 21:36:17,067 INFO:     90                Prolangs-C_cdecl    1.0000    1.0133   -0.0133  O3-bolt ≈ O3-bolt-opt（差异在 ±5% 内）
2026-03-30 21:36:17,068 INFO:     91             Prolangs-C_football    1.0002    1.0212   -0.0210  O3-bolt ≈ O3-bolt-opt（差异在 ±5% 内）
2026-03-30 21:36:17,068 INFO:     92                Prolangs-C_gnugo    1.0076    1.0174   -0.0098  O3-bolt ≈ O3-bolt-opt（差异在 ±5% 内）
2026-03-30 21:36:17,068 INFO:     93           Prolangs-C_unix-smail    1.0002    1.0062   -0.0060  O3-bolt ≈ O3-bolt-opt（差异在 ±5% 内）
2026-03-30 21:36:17,068 INFO:     94             Prolangs-C_unix-tbl    1.0003    1.0171   -0.0168  O3-bolt ≈ O3-bolt-opt（差异在 ±5% 内）
2026-03-30 21:36:17,068 INFO:     95                 Ptrdist_anagram    1.0000    0.9833   +0.0167  O3-bolt ≈ O3-bolt-opt（差异在 ±5% 内）
2026-03-30 21:36:17,068 INFO:     96                      Ptrdist_bc    0.9998    0.9161   +0.0837  O3-bolt ≈ O3-bolt-opt（差异在 ±5% 内）
2026-03-30 21:36:17,068 INFO:     97                      Ptrdist_ft    1.0235    1.0200   +0.0035  O3-bolt ≈ O3-bolt-opt（差异在 ±5% 内）
2026-03-30 21:36:17,068 INFO:     98                      Ptrdist_ks    0.9994    0.8507   +0.1487  O3-bolt ≈ O3-bolt-opt（差异在 ±5% 内）
2026-03-30 21:36:17,069 INFO:     99                   Ptrdist_yacr2    1.1731    1.0833   +0.0897  O3-bolt 优于 O3-bolt-opt（快 14.8%，加速比 1.17x）
2026-03-30 21:36:17,069 INFO:    100                Rodinia_backprop    1.0005    1.0000   +0.0005  O3-bolt ≈ O3-bolt-opt（差异在 ±5% 内）
2026-03-30 21:36:17,069 INFO:    101                 Rodinia_hotspot    0.9999    1.0039   -0.0040  O3-bolt ≈ O3-bolt-opt（差异在 ±5% 内）
2026-03-30 21:36:17,069 INFO:    102              Rodinia_pathfinder    1.0001    1.0000   +0.0001  O3-bolt ≈ O3-bolt-opt（差异在 ±5% 内）
2026-03-30 21:36:17,069 INFO:    103                    Rodinia_srad    1.0010    1.0110   -0.0100  O3-bolt ≈ O3-bolt-opt（差异在 ±5% 内）
2026-03-30 21:36:17,069 INFO:    104                      SciMark2-C    0.9999    1.0000   -0.0001  O3-bolt ≈ O3-bolt-opt（差异在 ±5% 内）
2026-03-30 21:36:17,069 INFO:    105            TSVC_ControlFlow-dbl    0.9999    1.0000   -0.0001  O3-bolt ≈ O3-bolt-opt（差异在 ±5% 内）
2026-03-30 21:36:17,069 INFO:    106            TSVC_ControlFlow-flt    1.0000    1.0667   -0.0667  O3-bolt ≈ O3-bolt-opt（差异在 ±5% 内）
2026-03-30 21:36:17,070 INFO:    107           TSVC_ControlLoops-dbl    1.0003    1.0000   +0.0003  O3-bolt ≈ O3-bolt-opt（差异在 ±5% 内）
2026-03-30 21:36:17,070 INFO:    108           TSVC_ControlLoops-flt    1.0000    1.0000   +0.0000  O3-bolt ≈ O3-bolt-opt（差异在 ±5% 内）
2026-03-30 21:36:17,070 INFO:    109     TSVC_CrossingThresholds-dbl    1.0000    1.0000   -0.0000  O3-bolt ≈ O3-bolt-opt（差异在 ±5% 内）
2026-03-30 21:36:17,070 INFO:    110     TSVC_CrossingThresholds-flt    1.0000    1.0000   -0.0000  O3-bolt ≈ O3-bolt-opt（差异在 ±5% 内）
2026-03-30 21:36:17,070 INFO:    111          TSVC_Equivalencing-dbl    1.0002    1.0000   +0.0002  O3-bolt ≈ O3-bolt-opt（差异在 ±5% 内）
2026-03-30 21:36:17,070 INFO:    112          TSVC_Equivalencing-flt    1.0000    1.0128   -0.0128  O3-bolt ≈ O3-bolt-opt（差异在 ±5% 内）
2026-03-30 21:36:17,070 INFO:    113              TSVC_Expansion-dbl    0.9999    1.0000   -0.0001  O3-bolt ≈ O3-bolt-opt（差异在 ±5% 内）
2026-03-30 21:36:17,071 INFO:    114              TSVC_Expansion-flt    1.0000    1.0385   -0.0385  O3-bolt ≈ O3-bolt-opt（差异在 ±5% 内）
2026-03-30 21:36:17,071 INFO:    115         TSVC_GlobalDataFlow-dbl    1.0002    1.0000   +0.0002  O3-bolt ≈ O3-bolt-opt（差异在 ±5% 内）
2026-03-30 21:36:17,071 INFO:    116         TSVC_GlobalDataFlow-flt    1.0000    1.0000   +0.0000  O3-bolt ≈ O3-bolt-opt（差异在 ±5% 内）
2026-03-30 21:36:17,071 INFO:    117     TSVC_IndirectAddressing-dbl    1.0000    0.9231   +0.0769  O3-bolt ≈ O3-bolt-opt（差异在 ±5% 内）
2026-03-30 21:36:17,071 INFO:    118     TSVC_IndirectAddressing-flt    1.0000    0.9231   +0.0769  O3-bolt ≈ O3-bolt-opt（差异在 ±5% 内）
2026-03-30 21:36:17,071 INFO:    119      TSVC_InductionVariable-dbl    1.0001    1.0909   -0.0909  O3-bolt ≈ O3-bolt-opt（差异在 ±5% 内）
2026-03-30 21:36:17,071 INFO:    120      TSVC_InductionVariable-flt    0.9993    1.0000   -0.0007  O3-bolt ≈ O3-bolt-opt（差异在 ±5% 内）
2026-03-30 21:36:17,072 INFO:    121       TSVC_LinearDependence-dbl    1.0000    1.0000   -0.0000  O3-bolt ≈ O3-bolt-opt（差异在 ±5% 内）
2026-03-30 21:36:17,072 INFO:    122       TSVC_LinearDependence-flt    1.0000    0.9310   +0.0689  O3-bolt ≈ O3-bolt-opt（差异在 ±5% 内）
2026-03-30 21:36:17,072 INFO:    123          TSVC_LoopRerolling-dbl    0.9999    1.0000   -0.0001  O3-bolt ≈ O3-bolt-opt（差异在 ±5% 内）
2026-03-30 21:36:17,072 INFO:    124          TSVC_LoopRerolling-flt    1.0000    1.0000   -0.0000  O3-bolt ≈ O3-bolt-opt（差异在 ±5% 内）
2026-03-30 21:36:17,072 INFO:    125      TSVC_LoopRestructuring-dbl    0.9999    1.0000   -0.0001  O3-bolt ≈ O3-bolt-opt（差异在 ±5% 内）
2026-03-30 21:36:17,072 INFO:    126      TSVC_LoopRestructuring-flt    0.9994    1.0000   -0.0006  O3-bolt ≈ O3-bolt-opt（差异在 ±5% 内）
2026-03-30 21:36:17,072 INFO:    127          TSVC_NodeSplitting-dbl    1.0077    0.9231   +0.0846  O3-bolt ≈ O3-bolt-opt（差异在 ±5% 内）
2026-03-30 21:36:17,073 INFO:    128          TSVC_NodeSplitting-flt    1.0008    1.0667   -0.0659  O3-bolt ≈ O3-bolt-opt（差异在 ±5% 内）
2026-03-30 21:36:17,073 INFO:    129                TSVC_Packing-dbl    0.9996    1.2727   -0.2732  O3-bolt ≈ O3-bolt-opt（差异在 ±5% 内）
2026-03-30 21:36:17,073 INFO:    130                TSVC_Packing-flt    0.9996    1.2500   -0.2504  O3-bolt ≈ O3-bolt-opt（差异在 ±5% 内）
2026-03-30 21:36:17,073 INFO:    131            TSVC_Recurrences-dbl    0.9962    1.0000   -0.0038  O3-bolt ≈ O3-bolt-opt（差异在 ±5% 内）
2026-03-30 21:36:17,073 INFO:    132            TSVC_Recurrences-flt    0.9462    1.0000   -0.0538  O3-bolt-opt 优于 O3-bolt（快 5.4%，加速比 1.06x）
2026-03-30 21:36:17,073 INFO:    133             TSVC_Reductions-dbl    1.0000    1.0000   -0.0000  O3-bolt ≈ O3-bolt-opt（差异在 ±5% 内）
2026-03-30 21:36:17,073 INFO:    134             TSVC_Reductions-flt    1.0001    1.0000   +0.0001  O3-bolt ≈ O3-bolt-opt（差异在 ±5% 内）
2026-03-30 21:36:17,073 INFO:    135              TSVC_Searching-dbl    1.0003    1.0000   +0.0003  O3-bolt ≈ O3-bolt-opt（差异在 ±5% 内）
2026-03-30 21:36:17,074 INFO:    136              TSVC_Searching-flt    1.0000    1.0000   +0.0000  O3-bolt ≈ O3-bolt-opt（差异在 ±5% 内）
2026-03-30 21:36:17,074 INFO:    137    TSVC_StatementReordering-dbl    1.0001    1.0000   +0.0001  O3-bolt ≈ O3-bolt-opt（差异在 ±5% 内）
2026-03-30 21:36:17,074 INFO:    138    TSVC_StatementReordering-flt    1.0001    1.0000   +0.0001  O3-bolt ≈ O3-bolt-opt（差异在 ±5% 内）
2026-03-30 21:36:17,074 INFO:    139              TSVC_Symbolics-dbl    1.0000    0.9474   +0.0526  O3-bolt ≈ O3-bolt-opt（差异在 ±5% 内）
2026-03-30 21:36:17,074 INFO:    140              TSVC_Symbolics-flt    1.0000    0.9189   +0.0811  O3-bolt ≈ O3-bolt-opt（差异在 ±5% 内）
2026-03-30 21:36:17,074 INFO:    141               Trimaran_enc-3des    1.0004    1.0435   -0.0431  O3-bolt ≈ O3-bolt-opt（差异在 ±5% 内）
2026-03-30 21:36:17,074 INFO:    142                Trimaran_enc-md5    1.0005    1.0000   +0.0005  O3-bolt ≈ O3-bolt-opt（差异在 ±5% 内）
2026-03-30 21:36:17,075 INFO:    143                Trimaran_enc-pc1    1.0010    1.0000   +0.0010  O3-bolt ≈ O3-bolt-opt（差异在 ±5% 内）
2026-03-30 21:36:17,075 INFO:    144                Trimaran_enc-rc4    1.0001    1.0000   +0.0001  O3-bolt ≈ O3-bolt-opt（差异在 ±5% 内）
2026-03-30 21:36:17,075 INFO:    145           Trimaran_netbench-crc    1.0001    1.0000   +0.0001  O3-bolt ≈ O3-bolt-opt（差异在 ±5% 内）
2026-03-30 21:36:17,075 INFO:    146           Trimaran_netbench-url    0.9994    1.0000   -0.0006  O3-bolt ≈ O3-bolt-opt（差异在 ±5% 内）
2026-03-30 21:36:17,075 INFO:    147                VersaBench_8b10b    1.0003    0.8889   +0.1114  O3-bolt ≈ O3-bolt-opt（差异在 ±5% 内）
2026-03-30 21:36:17,075 INFO:    148           VersaBench_beamformer    1.0000    1.0000   -0.0000  O3-bolt ≈ O3-bolt-opt（差异在 ±5% 内）
2026-03-30 21:36:17,075 INFO:    149                  VersaBench_bmm    1.0000    1.0000   -0.0000  O3-bolt ≈ O3-bolt-opt（差异在 ±5% 内）
2026-03-30 21:36:17,076 INFO:    150                 VersaBench_dbms    1.0003    1.0000   +0.0003  O3-bolt ≈ O3-bolt-opt（差异在 ±5% 内）
2026-03-30 21:36:17,076 INFO:    151               VersaBench_ecbdes    1.0007    1.0000   +0.0007  O3-bolt ≈ O3-bolt-opt（差异在 ±5% 内）
2026-03-30 21:36:17,076 INFO:    152                    llubenchmark    0.9998    1.0000   -0.0002  O3-bolt ≈ O3-bolt-opt（差异在 ±5% 内）
2026-03-30 21:36:17,076 INFO:    153                           mafft    1.0000    1.0000   -0.0000  O3-bolt ≈ O3-bolt-opt（差异在 ±5% 内）
2026-03-30 21:36:17,076 INFO:    154      mediabench_adpcm_rawcaudio    1.0000    1.0070   -0.0071  O3-bolt ≈ O3-bolt-opt（差异在 ±5% 内）
2026-03-30 21:36:17,076 INFO:    155      mediabench_adpcm_rawdaudio    1.0000    1.0166   -0.0166  O3-bolt ≈ O3-bolt-opt（差异在 ±5% 内）
2026-03-30 21:36:17,077 INFO:    156      mediabench_g721_g721encode    0.9995    0.9961   +0.0034  O3-bolt ≈ O3-bolt-opt（差异在 ±5% 内）
2026-03-30 21:36:17,077 INFO:    157            mediabench_gsm_toast    1.0005    0.9990   +0.0015  O3-bolt ≈ O3-bolt-opt（差异在 ±5% 内）
2026-03-30 21:36:17,077 INFO:    158         mediabench_jpeg_jpeg-6a    1.0000    1.0196   -0.0197  O3-bolt ≈ O3-bolt-opt（差异在 ±5% 内）
2026-03-30 21:36:17,077 INFO:    159       mediabench_mpeg2_mpeg2dec    1.0003    0.9586   +0.0417  O3-bolt ≈ O3-bolt-opt（差异在 ±5% 内）
2026-03-30 21:36:17,077 INFO:    160                          nbench    1.0119    0.9394   +0.0725  O3-bolt ≈ O3-bolt-opt（差异在 ±5% 内）
2026-03-30 21:36:17,077 INFO:    161                      tramp3d-v4    1.0000    0.9932   +0.0068  O3-bolt ≈ O3-bolt-opt（差异在 ±5% 内）
2026-03-30 21:36:17,078 INFO: 
  ── 验证指标 ──
2026-03-30 21:36:17,078 INFO:   MAE  = 0.0268
2026-03-30 21:36:17,078 INFO:   MSE  = 0.0053
2026-03-30 21:36:17,078 INFO:   RMSE = 0.0725
2026-03-30 21:36:17,078 INFO:   方向准确率 = 97/161 (60.2%)
2026-03-30 21:36:17,078 INFO:   预测 O3-bolt 更优: 85/161  (真实: 57/161)
2026-03-30 21:36:17,079 INFO:   方向准确率（排除 ±5%）= 17/29 (58.6%)
2026-03-30 21:36:17,079 INFO: 
