2026-03-30 21:33:31,715 INFO: 自动选择设备: directml
2026-03-30 21:33:31,715 INFO: 设备: privateuseone:0
2026-03-30 21:33:31,715 INFO: 标签机制: fixed_time
2026-03-30 21:33:31,716 INFO: 自动微调 [fixed_time/cnn]: batch_size=32, cnn_hidden=128, cnn_out=256, direction_lambda=0.5, dropout=0.25, epochs=180, grad_clip=1.0, huber_delta=0.01, log_target=True, lr=0.0003, mlp_hidden=256, noise_std=0.01, pair_swap=True, patience=50, warmup_epochs=15, weight_decay=0.0001
2026-03-30 21:33:31,716 INFO: 加载数据...
2026-03-30 21:33:31,718 INFO:   加载 O1-g_vs_O3-g: 163 样本
2026-03-30 21:33:31,720 INFO:   加载 O2-bolt_vs_O2-bolt-opt: 165 样本
2026-03-30 21:33:31,722 INFO:   加载 O3-bolt_vs_O3-bolt-opt: 161 样本
2026-03-30 21:33:31,724 INFO: 总样本数: 489  序列长度 T=60  特征维度 D=6
2026-03-30 21:33:31,726 INFO: 已启用 log-target 变换: Y → log(Y)
2026-03-30 21:33:31,727 INFO: pair-swap 增强后训练集: 686 样本
2026-03-30 21:33:31,727 INFO: 训练集: 686  验证集: 73  测试集: 73
2026-03-30 21:33:31,879 INFO: 模型类型: cnn
2026-03-30 21:33:31,880 INFO: 
模型参数: 414,465
2026-03-30 21:33:31,880 INFO: SiameseMicroPerf(
  (backbone): CNNBackbone(
    (conv1): Conv1d(6, 128, kernel_size=(3,), stride=(1,), padding=(1,))
    (bn1): BatchNorm1d(128, eps=1e-05, momentum=0.1, affine=True, track_running_stats=True)
    (conv2): Conv1d(128, 128, kernel_size=(3,), stride=(1,), padding=(1,))
    (bn2): BatchNorm1d(128, eps=1e-05, momentum=0.1, affine=True, track_running_stats=True)
    (conv3): Conv1d(128, 256, kernel_size=(3,), stride=(1,), padding=(1,))
    (bn3): BatchNorm1d(256, eps=1e-05, momentum=0.1, affine=True, track_running_stats=True)
    (dropout): Dropout(p=0.25, inplace=False)
    (res_proj): Conv1d(128, 256, kernel_size=(1,), stride=(1,))
  )
  (pool): AttentionPooling(
    (attention): Linear(in_features=256, out_features=1, bias=False)
  )
  (mlp): Sequential(
    (0): Linear(in_features=768, out_features=256, bias=True)
    (1): ReLU()
    (2): Dropout(p=0.25, inplace=False)
    (3): Linear(in_features=256, out_features=128, bias=True)
    (4): ReLU()
    (5): Dropout(p=0.25, inplace=False)
    (6): Linear(in_features=128, out_features=1, bias=True)
  )
)
2026-03-30 21:33:32,535 INFO: 模型保存路径: checkpoints/cnn_best_time.pt
2026-03-30 21:33:32,535 INFO: 配置保存路径: /home/ssy/Siamese-MicroPerf/configs/cnn_best_time.json
2026-03-30 21:33:32,535 INFO: 
开始训练 (180 epochs, Huber δ=0.01, patience=50)...
2026-03-30 21:33:32,535 INFO: Epoch   Train Loss   Val Loss    Val MAE    LR          Status
2026-03-30 21:33:32,536 INFO: ----------------------------------------------------------------------
2026-03-30 21:33:34,646 INFO:      1     0.002044    0.000526     0.0570    4.00e-05  ← best
2026-03-30 21:33:37,619 INFO:      3     0.001174    0.000519     0.0562    8.00e-05  ← best
2026-03-30 21:33:40,449 INFO:      5     0.000949    0.000515     0.0560    1.20e-04  ← best
2026-03-30 21:33:41,957 INFO:      6     0.000876    0.000493     0.0535    1.40e-04  ← best
2026-03-30 21:33:47,939 INFO:     10     0.000817    0.000515     0.0560    2.20e-04  
2026-03-30 21:33:52,750 INFO:     13     0.000725    0.000489     0.0532    2.80e-04  ← best
2026-03-30 21:33:55,682 INFO:     15     0.000698    0.000482     0.0523    3.00e-04  ← best
2026-03-30 21:33:58,474 INFO:     17     0.000693    0.000478     0.0520    3.00e-04  ← best
2026-03-30 21:34:01,438 INFO:     20     0.000672    0.000490     0.0534    2.99e-04  
2026-03-30 21:34:04,069 INFO:     22     0.000649    0.000474     0.0512    2.99e-04  ← best
2026-03-30 21:34:05,475 INFO:     23     0.000629    0.000466     0.0506    2.98e-04  ← best
2026-03-30 21:34:06,916 INFO:     24     0.000645    0.000464     0.0501    2.98e-04  ← best
2026-03-30 21:34:08,246 INFO:     25     0.000607    0.000448     0.0485    2.97e-04  ← best
2026-03-30 21:34:10,957 INFO:     27     0.000584    0.000444     0.0482    2.96e-04  ← best
2026-03-30 21:34:14,116 INFO:     29     0.000597    0.000433     0.0471    2.95e-04  ← best
2026-03-30 21:34:15,773 INFO:     30     0.000565    0.000430     0.0465    2.94e-04  ← best
2026-03-30 21:34:17,465 INFO:     31     0.000551    0.000415     0.0451    2.93e-04  ← best
2026-03-30 21:34:21,992 INFO:     34     0.000560    0.000404     0.0438    2.90e-04  ← best
2026-03-30 21:34:23,599 INFO:     35     0.000528    0.000399     0.0434    2.89e-04  ← best
2026-03-30 21:34:25,175 INFO:     36     0.000557    0.000391     0.0426    2.88e-04  ← best
2026-03-30 21:34:31,192 INFO:     40     0.000544    0.000417     0.0451    2.83e-04  
2026-03-30 21:34:34,924 INFO:     43     0.000545    0.000380     0.0413    2.79e-04  ← best
2026-03-30 21:34:42,165 INFO:     48     0.000563    0.000372     0.0404    2.71e-04  ← best
2026-03-30 21:34:45,119 INFO:     50     0.000549    0.000393     0.0426    2.68e-04  
2026-03-30 21:34:55,937 INFO:     57     0.000523    0.000365     0.0397    2.55e-04  ← best
2026-03-30 21:34:58,872 INFO:     59     0.000520    0.000361     0.0393    2.50e-04  ← best
2026-03-30 21:35:00,186 INFO:     60     0.000528    0.000410     0.0442    2.48e-04  
2026-03-30 21:35:13,865 INFO:     70     0.000517    0.000390     0.0422    2.25e-04  
2026-03-30 21:35:28,045 INFO:     80     0.000528    0.000395     0.0428    1.99e-04  
2026-03-30 21:35:41,948 INFO:     90     0.000520    0.000414     0.0446    1.71e-04  
2026-03-30 21:35:56,945 INFO:    100     0.000523    0.000421     0.0453    1.43e-04  
2026-03-30 21:36:09,271 INFO: 
早停触发: 验证 loss 连续 50 epoch 未改善
2026-03-30 21:36:09,321 INFO: ============================================================
2026-03-30 21:36:09,321 INFO: 最佳模型 (epoch 59)
2026-03-30 21:36:09,322 INFO:   Val  Loss = 0.000361  MAE = 0.0393  (模型选择依据)
2026-03-30 21:36:09,322 INFO:   Test Loss = 0.000487  MAE = 0.0524  (最终无偏评估)
2026-03-30 21:36:09,322 INFO:   模型保存: checkpoints/cnn_best_time.pt
2026-03-30 21:36:09,322 INFO:   配置保存: /home/ssy/Siamese-MicroPerf/configs/cnn_best_time.json
2026-03-30 21:36:09,322 INFO: 
预测示例 (前 10 个测试样本):
2026-03-30 21:36:09,322 INFO:         真实 Y        预测 Ŷ          误差
2026-03-30 21:36:09,323 INFO:       0.0000     -0.0553     -0.0553
2026-03-30 21:36:09,323 INFO:       0.0000     -0.0237     -0.0237
2026-03-30 21:36:09,323 INFO:       0.0175      0.0000     -0.0174
2026-03-30 21:36:09,323 INFO:       0.0000     -0.0000     -0.0000
2026-03-30 21:36:09,323 INFO:       0.0000     -0.6833     -0.6833
2026-03-30 21:36:09,323 INFO:       0.0027      0.0001     -0.0027
2026-03-30 21:36:09,323 INFO:       0.0223      0.0001     -0.0222
2026-03-30 21:36:09,324 INFO:       0.0108     -0.0000     -0.0108
2026-03-30 21:36:09,324 INFO:       0.0000     -0.0001     -0.0001
2026-03-30 21:36:09,324 INFO:       0.0000      0.0000     +0.0000
