2026-03-31 19:36:32,420 INFO: 自动选择设备: directml
2026-03-31 19:36:32,420 INFO: 设备: privateuseone:0
2026-03-31 19:36:32,421 INFO: 设备类型: directml
2026-03-31 19:36:32,421 INFO: 从配置文件自动加载: /home/ssy/Siamese-MicroPerf/configs/trans_best_time.json
2026-03-31 19:36:32,557 INFO: 模型加载完成: checkpoints/trans_best_time.pt  (设备: privateuseone:0)
2026-03-31 19:36:32,557 INFO: 模型类型: transformer
2026-03-31 19:36:32,557 INFO: 模型参数: {'in_features': 6, 'mlp_hidden': 64, 'dropout': 0.1, 'd_model': 64, 'nhead': 2, 'num_layers': 3, 'dim_feedforward': 256, 'max_len': 512, 'pos_encoding': 'learnable'}
2026-03-31 19:36:32,557 INFO: log-target 模式: 推理时将自动应用 exp() 变换
2026-03-31 19:36:32,558 INFO: pair-swap 训练增强: True（此为训练时数据增强，不影响推理逻辑）
2026-03-31 19:36:32,724 INFO: 已应用 exp() 变换（log-target 模式）
2026-03-31 19:36:32,726 INFO: ========================================================================
2026-03-31 19:36:32,726 INFO: 版本对: O1-g_vs_O3-g  (O1-g vs O3-g)  共 163 个程序
2026-03-31 19:36:32,726 INFO: 标签模式: fixed_time
2026-03-31 19:36:32,727 INFO: 标签定义: Y = N_v1 / N_v2 (throughput ratio in a fixed window)
2026-03-31 19:36:32,727 INFO: 判定方向: Y > 1 视为 O1-g 更快，Y < 1 视为 O3-g 更快
2026-03-31 19:36:32,727 INFO: ========================================================================
2026-03-31 19:36:32,727 INFO:      #                              程序      预测 Ŷ      真实 Y        误差  判断
2026-03-31 19:36:32,727 INFO:   ------------------------------------------------------------------------
2026-03-31 19:36:32,727 INFO:      1                            7zip    1.0000    1.0000   +0.0000  O1-g ≈ O3-g（差异在 ±5% 内）
2026-03-31 19:36:32,727 INFO:      2             ASCI_Purple_SMG2000    0.9676    0.8750   +0.0926  O1-g ≈ O3-g（差异在 ±5% 内）
2026-03-31 19:36:32,728 INFO:      3               ASC_Sequoia_AMGmk    0.6997    0.6667   +0.0330  O3-g 优于 O1-g（快 30.0%，加速比 1.43x）
2026-03-31 19:36:32,728 INFO:      4           ASC_Sequoia_CrystalMk    0.9427    0.9286   +0.0141  O3-g 优于 O1-g（快 5.7%，加速比 1.06x）
2026-03-31 19:36:32,728 INFO:      5               ASC_Sequoia_IRSmk    0.9863    0.6667   +0.3196  O1-g ≈ O3-g（差异在 ±5% 内）
2026-03-31 19:36:32,728 INFO:      6                  BitBench_drop3    1.0003    0.9941   +0.0062  O1-g ≈ O3-g（差异在 ±5% 内）
2026-03-31 19:36:32,728 INFO:      7                 BitBench_five11    1.0042    1.0526   -0.0484  O1-g ≈ O3-g（差异在 ±5% 内）
2026-03-31 19:36:32,728 INFO:      8               BitBench_uudecode    0.3531    0.2875   +0.0657  O3-g 优于 O1-g（快 64.7%，加速比 2.83x）
2026-03-31 19:36:32,728 INFO:      9               BitBench_uuencode    0.9916    0.9551   +0.0365  O1-g ≈ O3-g（差异在 ±5% 内）
2026-03-31 19:36:32,729 INFO:     10                          Bullet    1.0057    0.9091   +0.0966  O1-g ≈ O3-g（差异在 ±5% 内）
2026-03-31 19:36:32,729 INFO:     11         DOE-ProxyApps-C++_CLAMR    0.9949    1.0323   -0.0373  O1-g ≈ O3-g（差异在 ±5% 内）
2026-03-31 19:36:32,729 INFO:     12   DOE-ProxyApps-C++_HACCKernels    0.9454    0.9524   -0.0070  O3-g 优于 O1-g（快 5.5%，加速比 1.06x）
2026-03-31 19:36:32,729 INFO:     13         DOE-ProxyApps-C++_HPCCG    0.9395    1.0000   -0.0605  O3-g 优于 O1-g（快 6.1%，加速比 1.06x）
2026-03-31 19:36:32,729 INFO:     14       DOE-ProxyApps-C++_PENNANT    0.9994    0.8929   +0.1065  O1-g ≈ O3-g（差异在 ±5% 内）
2026-03-31 19:36:32,729 INFO:     15        DOE-ProxyApps-C++_miniFE    0.9125    0.9167   -0.0042  O3-g 优于 O1-g（快 8.8%，加速比 1.10x）
2026-03-31 19:36:32,729 INFO:     16            DOE-ProxyApps-C_CoMD    0.9857    0.9565   +0.0292  O1-g ≈ O3-g（差异在 ±5% 内）
2026-03-31 19:36:32,729 INFO:     17      DOE-ProxyApps-C_Pathfinder    0.9986    1.0000   -0.0014  O1-g ≈ O3-g（差异在 ±5% 内）
2026-03-31 19:36:32,730 INFO:     18         DOE-ProxyApps-C_RSBench    0.9863    0.9925   -0.0062  O1-g ≈ O3-g（差异在 ±5% 内）
2026-03-31 19:36:32,730 INFO:     19       DOE-ProxyApps-C_SimpleMOC    0.9645    0.7812   +0.1833  O1-g ≈ O3-g（差异在 ±5% 内）
2026-03-31 19:36:32,730 INFO:     20         DOE-ProxyApps-C_XSBench    0.9983    0.9333   +0.0649  O1-g ≈ O3-g（差异在 ±5% 内）
2026-03-31 19:36:32,730 INFO:     21         DOE-ProxyApps-C_miniAMR    1.0078    0.9138   +0.0940  O1-g ≈ O3-g（差异在 ±5% 内）
2026-03-31 19:36:32,730 INFO:     22         DOE-ProxyApps-C_miniGMG    0.9947    0.9048   +0.0899  O1-g ≈ O3-g（差异在 ±5% 内）
2026-03-31 19:36:32,730 INFO:     23                     Fhourstones    0.9988    0.9455   +0.0533  O1-g ≈ O3-g（差异在 ±5% 内）
2026-03-31 19:36:32,730 INFO:     24                 Fhourstones-3.1    1.0006    1.0000   +0.0006  O1-g ≈ O3-g（差异在 ±5% 内）
2026-03-31 19:36:32,730 INFO:     25              FreeBench_analyzer    0.9977    0.9750   +0.0227  O1-g ≈ O3-g（差异在 ±5% 内）
2026-03-31 19:36:32,731 INFO:     26               FreeBench_distray    0.9831    0.9388   +0.0443  O1-g ≈ O3-g（差异在 ±5% 内）
2026-03-31 19:36:32,731 INFO:     27            FreeBench_fourinarow    0.9143    1.2857   -0.3714  O3-g 优于 O1-g（快 8.6%，加速比 1.09x）
2026-03-31 19:36:32,731 INFO:     28                 FreeBench_mason    0.9984    1.0817   -0.0833  O1-g ≈ O3-g（差异在 ±5% 内）
2026-03-31 19:36:32,731 INFO:     29                FreeBench_neural    0.9613    1.0027   -0.0414  O1-g ≈ O3-g（差异在 ±5% 内）
2026-03-31 19:36:32,731 INFO:     30            FreeBench_pcompress2    1.0008    0.9608   +0.0400  O1-g ≈ O3-g（差异在 ±5% 内）
2026-03-31 19:36:32,731 INFO:     31                 FreeBench_pifft    1.0010    0.9231   +0.0780  O1-g ≈ O3-g（差异在 ±5% 内）
2026-03-31 19:36:32,731 INFO:     32               MallocBench_cfrac    1.0057    0.9811   +0.0246  O1-g ≈ O3-g（差异在 ±5% 内）
2026-03-31 19:36:32,731 INFO:     33            MallocBench_espresso    1.0005    0.9739   +0.0266  O1-g ≈ O3-g（差异在 ±5% 内）
2026-03-31 19:36:32,732 INFO:     34                  MallocBench_gs    1.0029    1.1541   -0.1511  O1-g ≈ O3-g（差异在 ±5% 内）
2026-03-31 19:36:32,732 INFO:     35                 McCat_01-qbsort    0.9978    1.0325   -0.0347  O1-g ≈ O3-g（差异在 ±5% 内）
2026-03-31 19:36:32,732 INFO:     36               McCat_03-testtrie    0.9999    0.9914   +0.0085  O1-g ≈ O3-g（差异在 ±5% 内）
2026-03-31 19:36:32,732 INFO:     37                 McCat_04-bisect    0.9943    0.9159   +0.0785  O1-g ≈ O3-g（差异在 ±5% 内）
2026-03-31 19:36:32,732 INFO:     38                   McCat_08-main    1.0027    1.0151   -0.0124  O1-g ≈ O3-g（差异在 ±5% 内）
2026-03-31 19:36:32,732 INFO:     39                    McCat_09-vor    1.0008    0.9895   +0.0113  O1-g ≈ O3-g（差异在 ±5% 内）
2026-03-31 19:36:32,732 INFO:     40                 McCat_12-IOtest    0.9978    1.0068   -0.0090  O1-g ≈ O3-g（差异在 ±5% 内）
2026-03-31 19:36:32,733 INFO:     41                   McCat_15-trie    1.0015    1.0027   -0.0013  O1-g ≈ O3-g（差异在 ±5% 内）
2026-03-31 19:36:32,733 INFO:     42                  McCat_17-bintr    1.0010    1.0000   +0.0010  O1-g ≈ O3-g（差异在 ±5% 内）
2026-03-31 19:36:32,733 INFO:     43                    McCat_18-imp    1.0043    0.9877   +0.0166  O1-g ≈ O3-g（差异在 ±5% 内）
2026-03-31 19:36:32,733 INFO:     44    MiBench_automotive-basicmath    1.0069    1.0000   +0.0069  O1-g ≈ O3-g（差异在 ±5% 内）
2026-03-31 19:36:32,733 INFO:     45     MiBench_automotive-bitcount    1.0003    0.9595   +0.0408  O1-g ≈ O3-g（差异在 ±5% 内）
2026-03-31 19:36:32,733 INFO:     46        MiBench_automotive-susan    0.9824    0.9956   -0.0131  O1-g ≈ O3-g（差异在 ±5% 内）
2026-03-31 19:36:32,733 INFO:     47           MiBench_consumer-jpeg    0.9963    0.8711   +0.1252  O1-g ≈ O3-g（差异在 ±5% 内）
2026-03-31 19:36:32,733 INFO:     48           MiBench_consumer-lame    0.9720    0.8994   +0.0726  O1-g ≈ O3-g（差异在 ±5% 内）
2026-03-31 19:36:32,734 INFO:     49        MiBench_consumer-typeset    0.9999    0.9916   +0.0084  O1-g ≈ O3-g（差异在 ±5% 内）
2026-03-31 19:36:32,734 INFO:     50        MiBench_network-dijkstra    0.9993    1.0008   -0.0015  O1-g ≈ O3-g（差异在 ±5% 内）
2026-03-31 19:36:32,734 INFO:     51        MiBench_network-patricia    1.0022    1.0000   +0.0022  O1-g ≈ O3-g（差异在 ±5% 内）
2026-03-31 19:36:32,734 INFO:     52           MiBench_office-ispell    0.9998    1.0109   -0.0111  O1-g ≈ O3-g（差异在 ±5% 内）
2026-03-31 19:36:32,734 INFO:     53     MiBench_office-stringsearch    0.9898    0.9548   +0.0350  O1-g ≈ O3-g（差异在 ±5% 内）
2026-03-31 19:36:32,734 INFO:     54       MiBench_security-blowfish    0.9998    0.9843   +0.0155  O1-g ≈ O3-g（差异在 ±5% 内）
2026-03-31 19:36:32,734 INFO:     55       MiBench_security-rijndael    1.0024    0.9380   +0.0645  O1-g ≈ O3-g（差异在 ±5% 内）
2026-03-31 19:36:32,734 INFO:     56            MiBench_security-sha    0.9855    0.7444   +0.2411  O1-g ≈ O3-g（差异在 ±5% 内）
2026-03-31 19:36:32,734 INFO:     57          MiBench_telecomm-CRC32    1.0019    0.9977   +0.0041  O1-g ≈ O3-g（差异在 ±5% 内）
2026-03-31 19:36:32,735 INFO:     58            MiBench_telecomm-FFT    1.0027    0.9916   +0.0111  O1-g ≈ O3-g（差异在 ±5% 内）
2026-03-31 19:36:32,735 INFO:     59          MiBench_telecomm-adpcm    0.9981    1.0049   -0.0068  O1-g ≈ O3-g（差异在 ±5% 内）
2026-03-31 19:36:32,735 INFO:     60            MiBench_telecomm-gsm    0.9702    0.8678   +0.1024  O1-g ≈ O3-g（差异在 ±5% 内）
2026-03-31 19:36:32,735 INFO:     61                   NPB-serial_is    0.9798    1.0000   -0.0202  O1-g ≈ O3-g（差异在 ±5% 内）
2026-03-31 19:36:32,735 INFO:     62                        Olden_bh    0.9783    1.2188   -0.2404  O1-g ≈ O3-g（差异在 ±5% 内）
2026-03-31 19:36:32,735 INFO:     63                    Olden_bisort    0.9988    0.9889   +0.0099  O1-g ≈ O3-g（差异在 ±5% 内）
2026-03-31 19:36:32,735 INFO:     64                      Olden_em3d    0.9702    1.0000   -0.0298  O1-g ≈ O3-g（差异在 ±5% 内）
2026-03-31 19:36:32,735 INFO:     65                    Olden_health    1.0004    0.9617   +0.0387  O1-g ≈ O3-g（差异在 ±5% 内）
2026-03-31 19:36:32,736 INFO:     66                       Olden_mst    0.9994    1.0141   -0.0147  O1-g ≈ O3-g（差异在 ±5% 内）
2026-03-31 19:36:32,736 INFO:     67                 Olden_perimeter    1.0048    0.9414   +0.0633  O1-g ≈ O3-g（差异在 ±5% 内）
2026-03-31 19:36:32,736 INFO:     68                     Olden_power    0.9520    0.7500   +0.2020  O1-g ≈ O3-g（差异在 ±5% 内）
2026-03-31 19:36:32,736 INFO:     69                   Olden_treeadd    1.0036    0.9951   +0.0085  O1-g ≈ O3-g（差异在 ±5% 内）
2026-03-31 19:36:32,736 INFO:     70                       Olden_tsp    1.0030    0.9540   +0.0489  O1-g ≈ O3-g（差异在 ±5% 内）
2026-03-31 19:36:32,736 INFO:     71                   Olden_voronoi    1.0046    0.9879   +0.0167  O1-g ≈ O3-g（差异在 ±5% 内）
2026-03-31 19:36:32,736 INFO:     72                 Prolangs-C++_NP    1.0003    0.9989   +0.0014  O1-g ≈ O3-g（差异在 ±5% 内）
2026-03-31 19:36:32,737 INFO:     73             Prolangs-C++_deriv1    1.0003    0.9959   +0.0045  O1-g ≈ O3-g（差异在 ±5% 内）
2026-03-31 19:36:32,737 INFO:     74             Prolangs-C++_deriv2    1.0003    1.0132   -0.0129  O1-g ≈ O3-g（差异在 ±5% 内）
2026-03-31 19:36:32,737 INFO:     75             Prolangs-C++_employ    0.9981    1.0014   -0.0032  O1-g ≈ O3-g（差异在 ±5% 内）
2026-03-31 19:36:32,737 INFO:     76                Prolangs-C++_fsm    1.0003    1.0151   -0.0148  O1-g ≈ O3-g（差异在 ±5% 内）
2026-03-31 19:36:32,737 INFO:     77             Prolangs-C++_garage    1.0003    0.9917   +0.0086  O1-g ≈ O3-g（差异在 ±5% 内）
2026-03-31 19:36:32,737 INFO:     78               Prolangs-C++_life    1.0035    0.9722   +0.0313  O1-g ≈ O3-g（差异在 ±5% 内）
2026-03-31 19:36:32,738 INFO:     79            Prolangs-C++_objects    1.0003    1.0019   -0.0016  O1-g ≈ O3-g（差异在 ±5% 内）
2026-03-31 19:36:32,738 INFO:     80              Prolangs-C++_ocean    1.0023    1.0016   +0.0007  O1-g ≈ O3-g（差异在 ±5% 内）
2026-03-31 19:36:32,738 INFO:     81             Prolangs-C++_office    1.0003    1.0128   -0.0125  O1-g ≈ O3-g（差异在 ±5% 内）
2026-03-31 19:36:32,738 INFO:     82             Prolangs-C++_primes    0.4122    0.4565   -0.0443  O3-g 优于 O1-g（快 58.8%，加速比 2.43x）
2026-03-31 19:36:32,738 INFO:     83             Prolangs-C++_shapes    1.0003    1.0020   -0.0017  O1-g ≈ O3-g（差异在 ±5% 内）
2026-03-31 19:36:32,738 INFO:     84              Prolangs-C++_simul    1.0019    0.9059   +0.0961  O1-g ≈ O3-g（差异在 ±5% 内）
2026-03-31 19:36:32,738 INFO:     85              Prolangs-C++_trees    1.0003    1.0020   -0.0017  O1-g ≈ O3-g（差异在 ±5% 内）
2026-03-31 19:36:32,739 INFO:     86         Prolangs-C_TimberWolfMC    0.9999    0.9772   +0.0227  O1-g ≈ O3-g（差异在 ±5% 内）
2026-03-31 19:36:32,739 INFO:     87        Prolangs-C_archie-client    0.9998    1.0063   -0.0065  O1-g ≈ O3-g（差异在 ±5% 内）
2026-03-31 19:36:32,739 INFO:     88            Prolangs-C_assembler    0.9998    1.0135   -0.0137  O1-g ≈ O3-g（差异在 ±5% 内）
2026-03-31 19:36:32,739 INFO:     89                Prolangs-C_bison    1.0004    0.9944   +0.0059  O1-g ≈ O3-g（差异在 ±5% 内）
2026-03-31 19:36:32,739 INFO:     90                Prolangs-C_cdecl    1.0001    1.0213   -0.0212  O1-g ≈ O3-g（差异在 ±5% 内）
2026-03-31 19:36:32,739 INFO:     91             Prolangs-C_compiler    0.9998    1.0131   -0.0133  O1-g ≈ O3-g（差异在 ±5% 内）
2026-03-31 19:36:32,739 INFO:     92            Prolangs-C_fixoutput    0.9997    1.0067   -0.0069  O1-g ≈ O3-g（差异在 ±5% 内）
2026-03-31 19:36:32,739 INFO:     93             Prolangs-C_football    0.9997    1.0145   -0.0147  O1-g ≈ O3-g（差异在 ±5% 内）
2026-03-31 19:36:32,740 INFO:     94                Prolangs-C_gnugo    0.9988    0.9586   +0.0403  O1-g ≈ O3-g（差异在 ±5% 内）
2026-03-31 19:36:32,740 INFO:     95               Prolangs-C_loader    0.9998    1.0262   -0.0263  O1-g ≈ O3-g（差异在 ±5% 内）
2026-03-31 19:36:32,740 INFO:     96            Prolangs-C_simulator    0.9998    0.9952   +0.0046  O1-g ≈ O3-g（差异在 ±5% 内）
2026-03-31 19:36:32,740 INFO:     97                 Ptrdist_anagram    1.0001    0.9661   +0.0340  O1-g ≈ O3-g（差异在 ±5% 内）
2026-03-31 19:36:32,740 INFO:     98                      Ptrdist_bc    1.0026    1.0000   +0.0026  O1-g ≈ O3-g（差异在 ±5% 内）
2026-03-31 19:36:32,740 INFO:     99                      Ptrdist_ft    0.7331    0.7400   -0.0069  O3-g 优于 O1-g（快 26.7%，加速比 1.36x）
2026-03-31 19:36:32,740 INFO:    100                      Ptrdist_ks    1.0022    0.9474   +0.0548  O1-g ≈ O3-g（差异在 ±5% 内）
2026-03-31 19:36:32,740 INFO:    101                   Ptrdist_yacr2    0.9994    0.8974   +0.1019  O1-g ≈ O3-g（差异在 ±5% 内）
2026-03-31 19:36:32,740 INFO:    102                Rodinia_backprop    0.9591    0.9857   -0.0266  O1-g ≈ O3-g（差异在 ±5% 内）
2026-03-31 19:36:32,741 INFO:    103                 Rodinia_hotspot    0.9683    0.5642   +0.4041  O1-g ≈ O3-g（差异在 ±5% 内）
2026-03-31 19:36:32,741 INFO:    104              Rodinia_pathfinder    0.9813    0.9121   +0.0692  O1-g ≈ O3-g（差异在 ±5% 内）
2026-03-31 19:36:32,741 INFO:    105                    Rodinia_srad    0.6642    0.5543   +0.1099  O3-g 优于 O1-g（快 33.6%，加速比 1.51x）
2026-03-31 19:36:32,741 INFO:    106                      SciMark2-C    0.9732    1.0000   -0.0268  O1-g ≈ O3-g（差异在 ±5% 内）
2026-03-31 19:36:32,741 INFO:    107            TSVC_ControlFlow-dbl    0.9821    0.8571   +0.1249  O1-g ≈ O3-g（差异在 ±5% 内）
2026-03-31 19:36:32,741 INFO:    108            TSVC_ControlFlow-flt    0.9872    0.8125   +0.1747  O1-g ≈ O3-g（差异在 ±5% 内）
2026-03-31 19:36:32,741 INFO:    109           TSVC_ControlLoops-dbl    0.7248    0.7692   -0.0444  O3-g 优于 O1-g（快 27.5%，加速比 1.38x）
2026-03-31 19:36:32,741 INFO:    110           TSVC_ControlLoops-flt    0.4897    0.5000   -0.0103  O3-g 优于 O1-g（快 51.0%，加速比 2.04x）
2026-03-31 19:36:32,742 INFO:    111     TSVC_CrossingThresholds-dbl    0.7308    0.7333   -0.0025  O3-g 优于 O1-g（快 26.9%，加速比 1.37x）
2026-03-31 19:36:32,742 INFO:    112     TSVC_CrossingThresholds-flt    0.6369    0.6818   -0.0449  O3-g 优于 O1-g（快 36.3%，加速比 1.57x）
2026-03-31 19:36:32,742 INFO:    113          TSVC_Equivalencing-dbl    0.7320    0.6571   +0.0748  O3-g 优于 O1-g（快 26.8%，加速比 1.37x）
2026-03-31 19:36:32,742 INFO:    114          TSVC_Equivalencing-flt    0.3188    0.2821   +0.0368  O3-g 优于 O1-g（快 68.1%，加速比 3.14x）
2026-03-31 19:36:32,742 INFO:    115              TSVC_Expansion-dbl    0.8843    0.7500   +0.1343  O3-g 优于 O1-g（快 11.6%，加速比 1.13x）
2026-03-31 19:36:32,742 INFO:    116              TSVC_Expansion-flt    0.9521    0.5556   +0.3966  O1-g ≈ O3-g（差异在 ±5% 内）
2026-03-31 19:36:32,742 INFO:    117         TSVC_GlobalDataFlow-dbl    0.7662    0.7222   +0.0440  O3-g 优于 O1-g（快 23.4%，加速比 1.31x）
2026-03-31 19:36:32,742 INFO:    118         TSVC_GlobalDataFlow-flt    0.4268    0.4474   -0.0206  O3-g 优于 O1-g（快 57.3%，加速比 2.34x）
2026-03-31 19:36:32,743 INFO:    119     TSVC_IndirectAddressing-dbl    0.9383    1.0000   -0.0617  O3-g 优于 O1-g（快 6.2%，加速比 1.07x）
2026-03-31 19:36:32,743 INFO:    120     TSVC_IndirectAddressing-flt    0.9321    0.9286   +0.0035  O3-g 优于 O1-g（快 6.8%，加速比 1.07x）
2026-03-31 19:36:32,743 INFO:    121      TSVC_InductionVariable-dbl    0.7916    0.8333   -0.0418  O3-g 优于 O1-g（快 20.8%，加速比 1.26x）
2026-03-31 19:36:32,743 INFO:    122      TSVC_InductionVariable-flt    0.7436    0.7500   -0.0064  O3-g 优于 O1-g（快 25.6%，加速比 1.34x）
2026-03-31 19:36:32,743 INFO:    123       TSVC_LinearDependence-dbl    0.8461    0.7647   +0.0814  O3-g 优于 O1-g（快 15.4%，加速比 1.18x）
2026-03-31 19:36:32,743 INFO:    124       TSVC_LinearDependence-flt    0.4774    0.4815   -0.0041  O3-g 优于 O1-g（快 52.3%，加速比 2.09x）
2026-03-31 19:36:32,743 INFO:    125          TSVC_LoopRerolling-dbl    0.9643    0.8182   +0.1461  O1-g ≈ O3-g（差异在 ±5% 内）
2026-03-31 19:36:32,744 INFO:    126          TSVC_LoopRerolling-flt    0.9265    0.8182   +0.1083  O3-g 优于 O1-g（快 7.4%，加速比 1.08x）
2026-03-31 19:36:32,744 INFO:    127      TSVC_LoopRestructuring-dbl    0.9272    1.0000   -0.0728  O3-g 优于 O1-g（快 7.3%，加速比 1.08x）
2026-03-31 19:36:32,744 INFO:    128      TSVC_LoopRestructuring-flt    0.9324    0.9091   +0.0233  O3-g 优于 O1-g（快 6.8%，加速比 1.07x）
2026-03-31 19:36:32,744 INFO:    129          TSVC_NodeSplitting-dbl    0.9672    0.9231   +0.0441  O1-g ≈ O3-g（差异在 ±5% 内）
2026-03-31 19:36:32,744 INFO:    130          TSVC_NodeSplitting-flt    0.9631    0.8750   +0.0881  O1-g ≈ O3-g（差异在 ±5% 内）
2026-03-31 19:36:32,744 INFO:    131                TSVC_Packing-dbl    0.8897    0.8571   +0.0325  O3-g 优于 O1-g（快 11.0%，加速比 1.12x）
2026-03-31 19:36:32,744 INFO:    132                TSVC_Packing-flt    0.8960    0.8667   +0.0293  O3-g 优于 O1-g（快 10.4%，加速比 1.12x）
2026-03-31 19:36:32,744 INFO:    133            TSVC_Recurrences-dbl    0.9819    1.0000   -0.0181  O1-g ≈ O3-g（差异在 ±5% 内）
2026-03-31 19:36:32,745 INFO:    134            TSVC_Recurrences-flt    0.9821    1.0000   -0.0179  O1-g ≈ O3-g（差异在 ±5% 内）
2026-03-31 19:36:32,745 INFO:    135             TSVC_Reductions-dbl    0.9584    1.0000   -0.0416  O1-g ≈ O3-g（差异在 ±5% 内）
2026-03-31 19:36:32,745 INFO:    136             TSVC_Reductions-flt    0.5129    1.0000   -0.4871  O3-g 优于 O1-g（快 48.7%，加速比 1.95x）
2026-03-31 19:36:32,745 INFO:    137              TSVC_Searching-dbl    0.6325    0.6667   -0.0341  O3-g 优于 O1-g（快 36.7%，加速比 1.58x）
2026-03-31 19:36:32,745 INFO:    138              TSVC_Searching-flt    0.2436    0.3000   -0.0564  O3-g 优于 O1-g（快 75.6%，加速比 4.11x）
2026-03-31 19:36:32,745 INFO:    139    TSVC_StatementReordering-dbl    0.9683    0.9231   +0.0453  O1-g ≈ O3-g（差异在 ±5% 内）
2026-03-31 19:36:32,745 INFO:    140    TSVC_StatementReordering-flt    0.9675    0.9412   +0.0264  O1-g ≈ O3-g（差异在 ±5% 内）
2026-03-31 19:36:32,745 INFO:    141              TSVC_Symbolics-dbl    0.3404    0.7368   -0.3965  O3-g 优于 O1-g（快 66.0%，加速比 2.94x）
2026-03-31 19:36:32,746 INFO:    142              TSVC_Symbolics-flt    0.3268    0.3824   -0.0555  O3-g 优于 O1-g（快 67.3%，加速比 3.06x）
2026-03-31 19:36:32,746 INFO:    143               Trimaran_enc-3des    0.9950    0.9583   +0.0367  O1-g ≈ O3-g（差异在 ±5% 内）
2026-03-31 19:36:32,746 INFO:    144                Trimaran_enc-md5    0.9977    1.0000   -0.0023  O1-g ≈ O3-g（差异在 ±5% 内）
2026-03-31 19:36:32,746 INFO:    145                Trimaran_enc-pc1    0.9452    0.5603   +0.3848  O3-g 优于 O1-g（快 5.5%，加速比 1.06x）
2026-03-31 19:36:32,746 INFO:    146                Trimaran_enc-rc4    0.9535    0.8958   +0.0576  O1-g ≈ O3-g（差异在 ±5% 内）
2026-03-31 19:36:32,746 INFO:    147           Trimaran_netbench-crc    0.9470    1.0000   -0.0530  O3-g 优于 O1-g（快 5.3%，加速比 1.06x）
2026-03-31 19:36:32,746 INFO:    148           Trimaran_netbench-url    1.0016    1.0000   +0.0016  O1-g ≈ O3-g（差异在 ±5% 内）
2026-03-31 19:36:32,746 INFO:    149                VersaBench_8b10b    1.0006    1.0000   +0.0006  O1-g ≈ O3-g（差异在 ±5% 内）
2026-03-31 19:36:32,747 INFO:    150           VersaBench_beamformer    0.9899    0.7705   +0.2194  O1-g ≈ O3-g（差异在 ±5% 内）
2026-03-31 19:36:32,747 INFO:    151                  VersaBench_bmm    0.9952    1.0000   -0.0048  O1-g ≈ O3-g（差异在 ±5% 内）
2026-03-31 19:36:32,747 INFO:    152                 VersaBench_dbms    0.9999    1.0000   -0.0001  O1-g ≈ O3-g（差异在 ±5% 内）
2026-03-31 19:36:32,747 INFO:    153               VersaBench_ecbdes    0.9941    1.0000   -0.0059  O1-g ≈ O3-g（差异在 ±5% 内）
2026-03-31 19:36:32,747 INFO:    154                    llubenchmark    1.0049    1.0000   +0.0049  O1-g ≈ O3-g（差异在 ±5% 内）
2026-03-31 19:36:32,747 INFO:    155                           mafft    0.9998    1.0000   -0.0002  O1-g ≈ O3-g（差异在 ±5% 内）
2026-03-31 19:36:32,747 INFO:    156      mediabench_adpcm_rawcaudio    0.9987    1.0015   -0.0028  O1-g ≈ O3-g（差异在 ±5% 内）
2026-03-31 19:36:32,747 INFO:    157      mediabench_adpcm_rawdaudio    0.9966    1.0154   -0.0188  O1-g ≈ O3-g（差异在 ±5% 内）
2026-03-31 19:36:32,748 INFO:    158      mediabench_g721_g721encode    1.0005    0.8981   +0.1025  O1-g ≈ O3-g（差异在 ±5% 内）
2026-03-31 19:36:32,748 INFO:    159            mediabench_gsm_toast    0.9884    0.8490   +0.1394  O1-g ≈ O3-g（差异在 ±5% 内）
2026-03-31 19:36:32,748 INFO:    160         mediabench_jpeg_jpeg-6a    0.9996    1.0070   -0.0074  O1-g ≈ O3-g（差异在 ±5% 内）
2026-03-31 19:36:32,748 INFO:    161       mediabench_mpeg2_mpeg2dec    0.9812    0.9766   +0.0045  O1-g ≈ O3-g（差异在 ±5% 内）
2026-03-31 19:36:32,748 INFO:    162                          nbench    0.9993    0.8710   +0.1283  O1-g ≈ O3-g（差异在 ±5% 内）
2026-03-31 19:36:32,748 INFO:    163                      tramp3d-v4    0.9924    0.5445   +0.4479  O1-g ≈ O3-g（差异在 ±5% 内）
2026-03-31 19:36:32,748 INFO: 
  ── 验证指标 ──
2026-03-31 19:36:32,749 INFO:   MAE  = 0.0605
2026-03-31 19:36:32,749 INFO:   MSE  = 0.0121
2026-03-31 19:36:32,749 INFO:   RMSE = 0.1099
2026-03-31 19:36:32,749 INFO:   方向准确率 = 98/163 (60.1%)
2026-03-31 19:36:32,749 INFO:   预测 O1-g 更优: 48/163  (真实: 33/163)
2026-03-31 19:36:32,749 INFO:   方向准确率（排除 ±5%）= 62/73 (84.9%)
2026-03-31 19:36:32,880 INFO: 已应用 exp() 变换（log-target 模式）
2026-03-31 19:36:32,881 INFO: ========================================================================
2026-03-31 19:36:32,881 INFO: 版本对: O2-bolt_vs_O2-bolt-opt  (O2-bolt vs O2-bolt-opt)  共 165 个程序
2026-03-31 19:36:32,881 INFO: 标签模式: fixed_time
2026-03-31 19:36:32,881 INFO: 标签定义: Y = N_v1 / N_v2 (throughput ratio in a fixed window)
2026-03-31 19:36:32,881 INFO: 判定方向: Y > 1 视为 O2-bolt 更快，Y < 1 视为 O2-bolt-opt 更快
2026-03-31 19:36:32,881 INFO: ========================================================================
2026-03-31 19:36:32,881 INFO:      #                              程序      预测 Ŷ      真实 Y        误差  判断
2026-03-31 19:36:32,881 INFO:   ------------------------------------------------------------------------
2026-03-31 19:36:32,882 INFO:      1                            7zip    1.0001    1.0000   +0.0001  O2-bolt ≈ O2-bolt-opt（差异在 ±5% 内）
2026-03-31 19:36:32,882 INFO:      2             ASCI_Purple_SMG2000    1.0311    1.0000   +0.0311  O2-bolt ≈ O2-bolt-opt（差异在 ±5% 内）
2026-03-31 19:36:32,882 INFO:      3               ASC_Sequoia_AMGmk    0.9855    1.0000   -0.0145  O2-bolt ≈ O2-bolt-opt（差异在 ±5% 内）
2026-03-31 19:36:32,882 INFO:      4           ASC_Sequoia_CrystalMk    0.9956    1.0000   -0.0044  O2-bolt ≈ O2-bolt-opt（差异在 ±5% 内）
2026-03-31 19:36:32,882 INFO:      5               ASC_Sequoia_IRSmk    0.9976    1.0000   -0.0024  O2-bolt ≈ O2-bolt-opt（差异在 ±5% 内）
2026-03-31 19:36:32,882 INFO:      6                  BitBench_drop3    0.9990    1.0494   -0.0504  O2-bolt ≈ O2-bolt-opt（差异在 ±5% 内）
2026-03-31 19:36:32,882 INFO:      7                 BitBench_five11    1.0017    0.9500   +0.0517  O2-bolt ≈ O2-bolt-opt（差异在 ±5% 内）
2026-03-31 19:36:32,883 INFO:      8               BitBench_uudecode    0.9862    0.9986   -0.0124  O2-bolt ≈ O2-bolt-opt（差异在 ±5% 内）
2026-03-31 19:36:32,883 INFO:      9               BitBench_uuencode    1.0061    0.9997   +0.0064  O2-bolt ≈ O2-bolt-opt（差异在 ±5% 内）
2026-03-31 19:36:32,883 INFO:     10                          Bullet    1.0269    1.0000   +0.0269  O2-bolt ≈ O2-bolt-opt（差异在 ±5% 内）
2026-03-31 19:36:32,883 INFO:     11         DOE-ProxyApps-C++_CLAMR    0.9508    1.0000   -0.0492  O2-bolt ≈ O2-bolt-opt（差异在 ±5% 内）
2026-03-31 19:36:32,883 INFO:     12   DOE-ProxyApps-C++_HACCKernels    1.0217    1.0000   +0.0217  O2-bolt ≈ O2-bolt-opt（差异在 ±5% 内）
2026-03-31 19:36:32,883 INFO:     13         DOE-ProxyApps-C++_HPCCG    0.9752    1.0000   -0.0248  O2-bolt ≈ O2-bolt-opt（差异在 ±5% 内）
2026-03-31 19:36:32,883 INFO:     14       DOE-ProxyApps-C++_PENNANT    0.9944    1.0000   -0.0056  O2-bolt ≈ O2-bolt-opt（差异在 ±5% 内）
2026-03-31 19:36:32,883 INFO:     15        DOE-ProxyApps-C++_miniFE    1.0042    1.0000   +0.0042  O2-bolt ≈ O2-bolt-opt（差异在 ±5% 内）
2026-03-31 19:36:32,884 INFO:     16            DOE-ProxyApps-C_CoMD    1.0263    0.9600   +0.0663  O2-bolt ≈ O2-bolt-opt（差异在 ±5% 内）
2026-03-31 19:36:32,884 INFO:     17      DOE-ProxyApps-C_Pathfinder    1.1409    1.0667   +0.0743  O2-bolt 优于 O2-bolt-opt（快 12.4%，加速比 1.14x）
2026-03-31 19:36:32,884 INFO:     18         DOE-ProxyApps-C_RSBench    1.0180    0.9852   +0.0328  O2-bolt ≈ O2-bolt-opt（差异在 ±5% 内）
2026-03-31 19:36:32,884 INFO:     19       DOE-ProxyApps-C_SimpleMOC    1.0054    1.0000   +0.0054  O2-bolt ≈ O2-bolt-opt（差异在 ±5% 内）
2026-03-31 19:36:32,884 INFO:     20         DOE-ProxyApps-C_XSBench    1.0030    0.9375   +0.0655  O2-bolt ≈ O2-bolt-opt（差异在 ±5% 内）
2026-03-31 19:36:32,884 INFO:     21         DOE-ProxyApps-C_miniAMR    1.0014    1.0000   +0.0014  O2-bolt ≈ O2-bolt-opt（差异在 ±5% 内）
2026-03-31 19:36:32,884 INFO:     22         DOE-ProxyApps-C_miniGMG    1.1672    0.9841   +0.1830  O2-bolt 优于 O2-bolt-opt（快 14.3%，加速比 1.17x）
2026-03-31 19:36:32,885 INFO:     23                     Fhourstones    0.9993    0.9811   +0.0182  O2-bolt ≈ O2-bolt-opt（差异在 ±5% 内）
2026-03-31 19:36:32,885 INFO:     24                 Fhourstones-3.1    1.0006    1.0857   -0.0851  O2-bolt ≈ O2-bolt-opt（差异在 ±5% 内）
2026-03-31 19:36:32,885 INFO:     25              FreeBench_analyzer    1.0122    1.0206   -0.0084  O2-bolt ≈ O2-bolt-opt（差异在 ±5% 内）
2026-03-31 19:36:32,885 INFO:     26               FreeBench_distray    0.9876    0.9948   -0.0072  O2-bolt ≈ O2-bolt-opt（差异在 ±5% 内）
2026-03-31 19:36:32,885 INFO:     27            FreeBench_fourinarow    1.0046    1.0000   +0.0046  O2-bolt ≈ O2-bolt-opt（差异在 ±5% 内）
2026-03-31 19:36:32,885 INFO:     28                 FreeBench_mason    0.9967    0.9848   +0.0119  O2-bolt ≈ O2-bolt-opt（差异在 ±5% 内）
2026-03-31 19:36:32,885 INFO:     29                FreeBench_neural    1.0069    1.0217   -0.0148  O2-bolt ≈ O2-bolt-opt（差异在 ±5% 内）
2026-03-31 19:36:32,885 INFO:     30            FreeBench_pcompress2    1.0007    1.0335   -0.0329  O2-bolt ≈ O2-bolt-opt（差异在 ±5% 内）
2026-03-31 19:36:32,886 INFO:     31                 FreeBench_pifft    1.0157    1.0018   +0.0139  O2-bolt ≈ O2-bolt-opt（差异在 ±5% 内）
2026-03-31 19:36:32,886 INFO:     32               MallocBench_cfrac    1.0126    1.0000   +0.0126  O2-bolt ≈ O2-bolt-opt（差异在 ±5% 内）
2026-03-31 19:36:32,886 INFO:     33            MallocBench_espresso    1.0002    1.0000   +0.0002  O2-bolt ≈ O2-bolt-opt（差异在 ±5% 内）
2026-03-31 19:36:32,886 INFO:     34                  MallocBench_gs    0.9986    0.9546   +0.0441  O2-bolt ≈ O2-bolt-opt（差异在 ±5% 内）
2026-03-31 19:36:32,886 INFO:     35                 McCat_01-qbsort    0.9978    0.9744   +0.0233  O2-bolt ≈ O2-bolt-opt（差异在 ±5% 内）
2026-03-31 19:36:32,886 INFO:     36                 McCat_04-bisect    0.9946    1.0136   -0.0190  O2-bolt ≈ O2-bolt-opt（差异在 ±5% 内）
2026-03-31 19:36:32,886 INFO:     37                   McCat_08-main    1.0320    1.0000   +0.0320  O2-bolt ≈ O2-bolt-opt（差异在 ±5% 内）
2026-03-31 19:36:32,887 INFO:     38                    McCat_09-vor    1.0008    0.9947   +0.0061  O2-bolt ≈ O2-bolt-opt（差异在 ±5% 内）
2026-03-31 19:36:32,887 INFO:     39                 McCat_12-IOtest    1.0044    0.9932   +0.0112  O2-bolt ≈ O2-bolt-opt（差异在 ±5% 内）
2026-03-31 19:36:32,887 INFO:     40                   McCat_15-trie    1.0012    1.0101   -0.0089  O2-bolt ≈ O2-bolt-opt（差异在 ±5% 内）
2026-03-31 19:36:32,887 INFO:     41                  McCat_17-bintr    1.0009    0.9494   +0.0515  O2-bolt ≈ O2-bolt-opt（差异在 ±5% 内）
2026-03-31 19:36:32,887 INFO:     42                    McCat_18-imp    1.0072    1.1155   -0.1083  O2-bolt ≈ O2-bolt-opt（差异在 ±5% 内）
2026-03-31 19:36:32,887 INFO:     43    MiBench_automotive-basicmath    1.0084    1.0000   +0.0084  O2-bolt ≈ O2-bolt-opt（差异在 ±5% 内）
2026-03-31 19:36:32,888 INFO:     44     MiBench_automotive-bitcount    1.0001    0.8994   +0.1007  O2-bolt ≈ O2-bolt-opt（差异在 ±5% 内）
2026-03-31 19:36:32,888 INFO:     45        MiBench_automotive-susan    0.9954    0.9883   +0.0071  O2-bolt ≈ O2-bolt-opt（差异在 ±5% 内）
2026-03-31 19:36:32,888 INFO:     46           MiBench_consumer-jpeg    1.0025    0.9967   +0.0059  O2-bolt ≈ O2-bolt-opt（差异在 ±5% 内）
2026-03-31 19:36:32,888 INFO:     47           MiBench_consumer-lame    1.0271    0.9877   +0.0394  O2-bolt ≈ O2-bolt-opt（差异在 ±5% 内）
2026-03-31 19:36:32,888 INFO:     48        MiBench_consumer-typeset    1.0000    0.9945   +0.0055  O2-bolt ≈ O2-bolt-opt（差异在 ±5% 内）
2026-03-31 19:36:32,888 INFO:     49        MiBench_network-dijkstra    1.0001    0.9192   +0.0809  O2-bolt ≈ O2-bolt-opt（差异在 ±5% 内）
2026-03-31 19:36:32,888 INFO:     50        MiBench_network-patricia    1.0015    0.9936   +0.0079  O2-bolt ≈ O2-bolt-opt（差异在 ±5% 内）
2026-03-31 19:36:32,889 INFO:     51           MiBench_office-ispell    1.0002    1.0015   -0.0013  O2-bolt ≈ O2-bolt-opt（差异在 ±5% 内）
2026-03-31 19:36:32,889 INFO:     52     MiBench_office-stringsearch    1.0001    1.0090   -0.0089  O2-bolt ≈ O2-bolt-opt（差异在 ±5% 内）
2026-03-31 19:36:32,889 INFO:     53       MiBench_security-blowfish    0.9999    1.0251   -0.0253  O2-bolt ≈ O2-bolt-opt（差异在 ±5% 内）
2026-03-31 19:36:32,889 INFO:     54       MiBench_security-rijndael    1.0018    1.0469   -0.0450  O2-bolt ≈ O2-bolt-opt（差异在 ±5% 内）
2026-03-31 19:36:32,889 INFO:     55            MiBench_security-sha    1.0027    1.0035   -0.0008  O2-bolt ≈ O2-bolt-opt（差异在 ±5% 内）
2026-03-31 19:36:32,889 INFO:     56          MiBench_telecomm-CRC32    0.9996    1.0000   -0.0004  O2-bolt ≈ O2-bolt-opt（差异在 ±5% 内）
2026-03-31 19:36:32,889 INFO:     57            MiBench_telecomm-FFT    1.0006    1.0031   -0.0025  O2-bolt ≈ O2-bolt-opt（差异在 ±5% 内）
2026-03-31 19:36:32,889 INFO:     58          MiBench_telecomm-adpcm    0.9951    0.9976   -0.0025  O2-bolt ≈ O2-bolt-opt（差异在 ±5% 内）
2026-03-31 19:36:32,890 INFO:     59            MiBench_telecomm-gsm    1.0331    1.0076   +0.0255  O2-bolt ≈ O2-bolt-opt（差异在 ±5% 内）
2026-03-31 19:36:32,890 INFO:     60                   NPB-serial_is    0.9952    1.0000   -0.0048  O2-bolt ≈ O2-bolt-opt（差异在 ±5% 内）
2026-03-31 19:36:32,890 INFO:     61                        Olden_bh    1.0230    1.0000   +0.0230  O2-bolt ≈ O2-bolt-opt（差异在 ±5% 内）
2026-03-31 19:36:32,890 INFO:     62                    Olden_bisort    0.9990    0.9778   +0.0212  O2-bolt ≈ O2-bolt-opt（差异在 ±5% 内）
2026-03-31 19:36:32,890 INFO:     63                      Olden_em3d    1.5679    1.6429   -0.0750  O2-bolt 优于 O2-bolt-opt（快 36.2%，加速比 1.57x）
2026-03-31 19:36:32,890 INFO:     64                    Olden_health    1.0003    0.9891   +0.0112  O2-bolt ≈ O2-bolt-opt（差异在 ±5% 内）
2026-03-31 19:36:32,890 INFO:     65                       Olden_mst    1.0447    0.9920   +0.0527  O2-bolt ≈ O2-bolt-opt（差异在 ±5% 内）
2026-03-31 19:36:32,890 INFO:     66                 Olden_perimeter    1.0096    0.9345   +0.0751  O2-bolt ≈ O2-bolt-opt（差异在 ±5% 内）
2026-03-31 19:36:32,891 INFO:     67                     Olden_power    0.9915    1.0000   -0.0085  O2-bolt ≈ O2-bolt-opt（差异在 ±5% 内）
2026-03-31 19:36:32,891 INFO:     68                   Olden_treeadd    1.0033    0.9854   +0.0179  O2-bolt ≈ O2-bolt-opt（差异在 ±5% 内）
2026-03-31 19:36:32,891 INFO:     69                       Olden_tsp    1.0041    1.0000   +0.0041  O2-bolt ≈ O2-bolt-opt（差异在 ±5% 内）
2026-03-31 19:36:32,891 INFO:     70                   Olden_voronoi    1.0060    1.0000   +0.0060  O2-bolt ≈ O2-bolt-opt（差异在 ±5% 内）
2026-03-31 19:36:32,891 INFO:     71                           PAQ8p    1.0272    1.0000   +0.0272  O2-bolt ≈ O2-bolt-opt（差异在 ±5% 内）
2026-03-31 19:36:32,891 INFO:     72                 Prolangs-C++_NP    1.0003    1.0088   -0.0085  O2-bolt ≈ O2-bolt-opt（差异在 ±5% 内）
2026-03-31 19:36:32,891 INFO:     73               Prolangs-C++_city    1.0011    0.9759   +0.0252  O2-bolt ≈ O2-bolt-opt（差异在 ±5% 内）
2026-03-31 19:36:32,891 INFO:     74             Prolangs-C++_deriv1    1.0003    1.0141   -0.0138  O2-bolt ≈ O2-bolt-opt（差异在 ±5% 内）
2026-03-31 19:36:32,892 INFO:     75             Prolangs-C++_deriv2    1.0003    1.0115   -0.0112  O2-bolt ≈ O2-bolt-opt（差异在 ±5% 内）
2026-03-31 19:36:32,892 INFO:     76             Prolangs-C++_employ    0.9978    0.9903   +0.0075  O2-bolt ≈ O2-bolt-opt（差异在 ±5% 内）
2026-03-31 19:36:32,892 INFO:     77             Prolangs-C++_family    1.0003    1.0197   -0.0194  O2-bolt ≈ O2-bolt-opt（差异在 ±5% 内）
2026-03-31 19:36:32,892 INFO:     78                Prolangs-C++_fsm    1.0003    1.0091   -0.0089  O2-bolt ≈ O2-bolt-opt（差异在 ±5% 内）
2026-03-31 19:36:32,892 INFO:     79             Prolangs-C++_garage    1.0003    0.9981   +0.0022  O2-bolt ≈ O2-bolt-opt（差异在 ±5% 内）
2026-03-31 19:36:32,892 INFO:     80               Prolangs-C++_life    1.0015    1.0000   +0.0015  O2-bolt ≈ O2-bolt-opt（差异在 ±5% 内）
2026-03-31 19:36:32,892 INFO:     81            Prolangs-C++_objects    1.0003    1.0114   -0.0111  O2-bolt ≈ O2-bolt-opt（差异在 ±5% 内）
2026-03-31 19:36:32,893 INFO:     82              Prolangs-C++_ocean    0.9980    1.0000   -0.0020  O2-bolt ≈ O2-bolt-opt（差异在 ±5% 内）
2026-03-31 19:36:32,893 INFO:     83             Prolangs-C++_office    1.0003    1.0060   -0.0057  O2-bolt ≈ O2-bolt-opt（差异在 ±5% 内）
2026-03-31 19:36:32,893 INFO:     84             Prolangs-C++_primes    1.0217    0.9580   +0.0636  O2-bolt ≈ O2-bolt-opt（差异在 ±5% 内）
2026-03-31 19:36:32,893 INFO:     85             Prolangs-C++_shapes    1.0003    1.0252   -0.0249  O2-bolt ≈ O2-bolt-opt（差异在 ±5% 内）
2026-03-31 19:36:32,893 INFO:     86              Prolangs-C++_simul    1.0007    1.0252   -0.0245  O2-bolt ≈ O2-bolt-opt（差异在 ±5% 内）
2026-03-31 19:36:32,893 INFO:     87              Prolangs-C++_trees    1.0003    1.0176   -0.0173  O2-bolt ≈ O2-bolt-opt（差异在 ±5% 内）
2026-03-31 19:36:32,893 INFO:     88              Prolangs-C++_vcirc    1.0003    1.0016   -0.0013  O2-bolt ≈ O2-bolt-opt（差异在 ±5% 内）
2026-03-31 19:36:32,893 INFO:     89                Prolangs-C_agrep    1.0003    1.0382   -0.0379  O2-bolt ≈ O2-bolt-opt（差异在 ±5% 内）
2026-03-31 19:36:32,894 INFO:     90             Prolangs-C_allroots    1.0011    1.0094   -0.0083  O2-bolt ≈ O2-bolt-opt（差异在 ±5% 内）
2026-03-31 19:36:32,894 INFO:     91                Prolangs-C_bison    1.0004    0.9879   +0.0124  O2-bolt ≈ O2-bolt-opt（差异在 ±5% 内）
2026-03-31 19:36:32,894 INFO:     92                Prolangs-C_cdecl    1.0001    1.0122   -0.0121  O2-bolt ≈ O2-bolt-opt（差异在 ±5% 内）
2026-03-31 19:36:32,894 INFO:     93            Prolangs-C_fixoutput    0.9999    0.9965   +0.0034  O2-bolt ≈ O2-bolt-opt（差异在 ±5% 内）
2026-03-31 19:36:32,894 INFO:     94             Prolangs-C_football    0.9998    0.9975   +0.0023  O2-bolt ≈ O2-bolt-opt（差异在 ±5% 内）
2026-03-31 19:36:32,894 INFO:     95                Prolangs-C_gnugo    0.9992    1.0098   -0.0106  O2-bolt ≈ O2-bolt-opt（差异在 ±5% 内）
2026-03-31 19:36:32,894 INFO:     96               Prolangs-C_loader    1.0007    1.0238   -0.0231  O2-bolt ≈ O2-bolt-opt（差异在 ±5% 内）
2026-03-31 19:36:32,895 INFO:     97            Prolangs-C_simulator    1.0003    1.0159   -0.0157  O2-bolt ≈ O2-bolt-opt（差异在 ±5% 内）
2026-03-31 19:36:32,895 INFO:     98           Prolangs-C_unix-smail    0.9999    0.9970   +0.0029  O2-bolt ≈ O2-bolt-opt（差异在 ±5% 内）
2026-03-31 19:36:32,895 INFO:     99             Prolangs-C_unix-tbl    0.9998    1.0225   -0.0226  O2-bolt ≈ O2-bolt-opt（差异在 ±5% 内）
2026-03-31 19:36:32,895 INFO:    100                 Ptrdist_anagram    1.0009    0.9833   +0.0176  O2-bolt ≈ O2-bolt-opt（差异在 ±5% 内）
2026-03-31 19:36:32,895 INFO:    101                      Ptrdist_bc    1.0018    0.9045   +0.0974  O2-bolt ≈ O2-bolt-opt（差异在 ±5% 内）
2026-03-31 19:36:32,895 INFO:    102                      Ptrdist_ft    1.0101    1.0000   +0.0101  O2-bolt ≈ O2-bolt-opt（差异在 ±5% 内）
2026-03-31 19:36:32,895 INFO:    103                      Ptrdist_ks    0.9531    0.9831   -0.0300  O2-bolt ≈ O2-bolt-opt（差异在 ±5% 内）
2026-03-31 19:36:32,895 INFO:    104                   Ptrdist_yacr2    1.0410    1.0938   -0.0528  O2-bolt ≈ O2-bolt-opt（差异在 ±5% 内）
2026-03-31 19:36:32,896 INFO:    105                Rodinia_backprop    1.0316    1.0000   +0.0316  O2-bolt ≈ O2-bolt-opt（差异在 ±5% 内）
2026-03-31 19:36:32,896 INFO:    106                 Rodinia_hotspot    0.9990    0.9923   +0.0068  O2-bolt ≈ O2-bolt-opt（差异在 ±5% 内）
2026-03-31 19:36:32,896 INFO:    107              Rodinia_pathfinder    1.0658    1.0345   +0.0313  O2-bolt 优于 O2-bolt-opt（快 6.2%，加速比 1.07x）
2026-03-31 19:36:32,896 INFO:    108                    Rodinia_srad    1.0024    1.0000   +0.0024  O2-bolt ≈ O2-bolt-opt（差异在 ±5% 内）
2026-03-31 19:36:32,896 INFO:    109                      SciMark2-C    0.9954    1.0000   -0.0046  O2-bolt ≈ O2-bolt-opt（差异在 ±5% 内）
2026-03-31 19:36:32,896 INFO:    110            TSVC_ControlFlow-dbl    1.0042    1.0000   +0.0042  O2-bolt ≈ O2-bolt-opt（差异在 ±5% 内）
2026-03-31 19:36:32,896 INFO:    111            TSVC_ControlFlow-flt    1.0029    1.0000   +0.0029  O2-bolt ≈ O2-bolt-opt（差异在 ±5% 内）
2026-03-31 19:36:32,896 INFO:    112           TSVC_ControlLoops-dbl    1.0074    1.0000   +0.0074  O2-bolt ≈ O2-bolt-opt（差异在 ±5% 内）
2026-03-31 19:36:32,897 INFO:    113           TSVC_ControlLoops-flt    0.9776    1.0000   -0.0224  O2-bolt ≈ O2-bolt-opt（差异在 ±5% 内）
2026-03-31 19:36:32,897 INFO:    114     TSVC_CrossingThresholds-dbl    0.9836    1.0000   -0.0164  O2-bolt ≈ O2-bolt-opt（差异在 ±5% 内）
2026-03-31 19:36:32,897 INFO:    115     TSVC_CrossingThresholds-flt    0.9944    0.9565   +0.0379  O2-bolt ≈ O2-bolt-opt（差异在 ±5% 内）
2026-03-31 19:36:32,897 INFO:    116          TSVC_Equivalencing-dbl    1.0121    1.0000   +0.0121  O2-bolt ≈ O2-bolt-opt（差异在 ±5% 内）
2026-03-31 19:36:32,897 INFO:    117          TSVC_Equivalencing-flt    0.9684    1.0000   -0.0316  O2-bolt ≈ O2-bolt-opt（差异在 ±5% 内）
2026-03-31 19:36:32,897 INFO:    118              TSVC_Expansion-dbl    0.9897    1.0000   -0.0103  O2-bolt ≈ O2-bolt-opt（差异在 ±5% 内）
2026-03-31 19:36:32,897 INFO:    119              TSVC_Expansion-flt    0.9864    0.9643   +0.0222  O2-bolt ≈ O2-bolt-opt（差异在 ±5% 内）
2026-03-31 19:36:32,898 INFO:    120         TSVC_GlobalDataFlow-dbl    1.0152    1.0000   +0.0152  O2-bolt ≈ O2-bolt-opt（差异在 ±5% 内）
2026-03-31 19:36:32,898 INFO:    121         TSVC_GlobalDataFlow-flt    0.9592    0.9744   -0.0151  O2-bolt ≈ O2-bolt-opt（差异在 ±5% 内）
2026-03-31 19:36:32,898 INFO:    122     TSVC_IndirectAddressing-dbl    1.0114    1.0000   +0.0114  O2-bolt ≈ O2-bolt-opt（差异在 ±5% 内）
2026-03-31 19:36:32,898 INFO:    123     TSVC_IndirectAddressing-flt    0.9959    1.0000   -0.0041  O2-bolt ≈ O2-bolt-opt（差异在 ±5% 内）
2026-03-31 19:36:32,898 INFO:    124      TSVC_InductionVariable-dbl    0.9996    1.0000   -0.0004  O2-bolt ≈ O2-bolt-opt（差异在 ±5% 内）
2026-03-31 19:36:32,898 INFO:    125      TSVC_InductionVariable-flt    0.9988    1.0000   -0.0012  O2-bolt ≈ O2-bolt-opt（差异在 ±5% 内）
2026-03-31 19:36:32,898 INFO:    126       TSVC_LinearDependence-dbl    0.9898    1.0000   -0.0102  O2-bolt ≈ O2-bolt-opt（差异在 ±5% 内）
2026-03-31 19:36:32,898 INFO:    127       TSVC_LinearDependence-flt    0.9845    0.9333   +0.0511  O2-bolt ≈ O2-bolt-opt（差异在 ±5% 内）
2026-03-31 19:36:32,899 INFO:    128          TSVC_LoopRerolling-dbl    0.9967    1.0000   -0.0033  O2-bolt ≈ O2-bolt-opt（差异在 ±5% 内）
2026-03-31 19:36:32,899 INFO:    129          TSVC_LoopRerolling-flt    0.9955    1.0000   -0.0045  O2-bolt ≈ O2-bolt-opt（差异在 ±5% 内）
2026-03-31 19:36:32,899 INFO:    130      TSVC_LoopRestructuring-dbl    0.9911    1.0000   -0.0089  O2-bolt ≈ O2-bolt-opt（差异在 ±5% 内）
2026-03-31 19:36:32,899 INFO:    131      TSVC_LoopRestructuring-flt    0.9671    1.0000   -0.0329  O2-bolt ≈ O2-bolt-opt（差异在 ±5% 内）
2026-03-31 19:36:32,899 INFO:    132          TSVC_NodeSplitting-dbl    0.9948    1.0000   -0.0052  O2-bolt ≈ O2-bolt-opt（差异在 ±5% 内）
2026-03-31 19:36:32,899 INFO:    133          TSVC_NodeSplitting-flt    0.9827    0.9412   +0.0415  O2-bolt ≈ O2-bolt-opt（差异在 ±5% 内）
2026-03-31 19:36:32,899 INFO:    134                TSVC_Packing-dbl    1.0053    1.0000   +0.0053  O2-bolt ≈ O2-bolt-opt（差异在 ±5% 内）
2026-03-31 19:36:32,900 INFO:    135                TSVC_Packing-flt    1.0056    1.3333   -0.3278  O2-bolt ≈ O2-bolt-opt（差异在 ±5% 内）
2026-03-31 19:36:32,900 INFO:    136            TSVC_Recurrences-dbl    0.9786    1.0000   -0.0214  O2-bolt ≈ O2-bolt-opt（差异在 ±5% 内）
2026-03-31 19:36:32,900 INFO:    137            TSVC_Recurrences-flt    0.9595    1.0000   -0.0405  O2-bolt ≈ O2-bolt-opt（差异在 ±5% 内）
2026-03-31 19:36:32,900 INFO:    138             TSVC_Reductions-dbl    1.0112    1.0000   +0.0112  O2-bolt ≈ O2-bolt-opt（差异在 ±5% 内）
2026-03-31 19:36:32,900 INFO:    139             TSVC_Reductions-flt    1.0062    1.0000   +0.0062  O2-bolt ≈ O2-bolt-opt（差异在 ±5% 内）
2026-03-31 19:36:32,900 INFO:    140              TSVC_Searching-dbl    1.0088    1.0000   +0.0088  O2-bolt ≈ O2-bolt-opt（差异在 ±5% 内）
2026-03-31 19:36:32,900 INFO:    141              TSVC_Searching-flt    0.9876    1.0000   -0.0124  O2-bolt ≈ O2-bolt-opt（差异在 ±5% 内）
2026-03-31 19:36:32,900 INFO:    142    TSVC_StatementReordering-dbl    0.9838    1.0000   -0.0162  O2-bolt ≈ O2-bolt-opt（差异在 ±5% 内）
2026-03-31 19:36:32,901 INFO:    143    TSVC_StatementReordering-flt    0.9800    1.0625   -0.0825  O2-bolt ≈ O2-bolt-opt（差异在 ±5% 内）
2026-03-31 19:36:32,901 INFO:    144              TSVC_Symbolics-dbl    1.0079    1.0000   +0.0079  O2-bolt ≈ O2-bolt-opt（差异在 ±5% 内）
2026-03-31 19:36:32,901 INFO:    145              TSVC_Symbolics-flt    1.0033    0.9444   +0.0588  O2-bolt ≈ O2-bolt-opt（差异在 ±5% 内）
2026-03-31 19:36:32,901 INFO:    146               Trimaran_enc-3des    1.0155    1.0000   +0.0155  O2-bolt ≈ O2-bolt-opt（差异在 ±5% 内）
2026-03-31 19:36:32,901 INFO:    147                Trimaran_enc-md5    1.0125    1.0000   +0.0125  O2-bolt ≈ O2-bolt-opt（差异在 ±5% 内）
2026-03-31 19:36:32,901 INFO:    148                Trimaran_enc-pc1    1.0083    1.0000   +0.0083  O2-bolt ≈ O2-bolt-opt（差异在 ±5% 内）
2026-03-31 19:36:32,901 INFO:    149                Trimaran_enc-rc4    1.0023    0.9796   +0.0227  O2-bolt ≈ O2-bolt-opt（差异在 ±5% 内）
2026-03-31 19:36:32,901 INFO:    150           Trimaran_netbench-crc    0.9962    1.0000   -0.0038  O2-bolt ≈ O2-bolt-opt（差异在 ±5% 内）
2026-03-31 19:36:32,902 INFO:    151           Trimaran_netbench-url    1.0096    1.0000   +0.0096  O2-bolt ≈ O2-bolt-opt（差异在 ±5% 内）
2026-03-31 19:36:32,902 INFO:    152                VersaBench_8b10b    1.0005    1.0000   +0.0005  O2-bolt ≈ O2-bolt-opt（差异在 ±5% 内）
2026-03-31 19:36:32,902 INFO:    153           VersaBench_beamformer    1.0106    1.1296   -0.1190  O2-bolt ≈ O2-bolt-opt（差异在 ±5% 内）
2026-03-31 19:36:32,902 INFO:    154                  VersaBench_bmm    1.0075    1.0000   +0.0075  O2-bolt ≈ O2-bolt-opt（差异在 ±5% 内）
2026-03-31 19:36:32,902 INFO:    155                 VersaBench_dbms    0.9999    1.0000   -0.0001  O2-bolt ≈ O2-bolt-opt（差异在 ±5% 内）
2026-03-31 19:36:32,902 INFO:    156               VersaBench_ecbdes    1.0117    1.0000   +0.0117  O2-bolt ≈ O2-bolt-opt（差异在 ±5% 内）
2026-03-31 19:36:32,902 INFO:    157                    llubenchmark    1.0065    1.0000   +0.0065  O2-bolt ≈ O2-bolt-opt（差异在 ±5% 内）
2026-03-31 19:36:32,902 INFO:    158                           mafft    1.0000    1.0000   +0.0000  O2-bolt ≈ O2-bolt-opt（差异在 ±5% 内）
2026-03-31 19:36:32,903 INFO:    159      mediabench_adpcm_rawcaudio    0.9979    0.9970   +0.0008  O2-bolt ≈ O2-bolt-opt（差异在 ±5% 内）
2026-03-31 19:36:32,903 INFO:    160      mediabench_adpcm_rawdaudio    0.9960    0.9908   +0.0052  O2-bolt ≈ O2-bolt-opt（差异在 ±5% 内）
2026-03-31 19:36:32,903 INFO:    161      mediabench_g721_g721encode    1.0006    0.9828   +0.0179  O2-bolt ≈ O2-bolt-opt（差异在 ±5% 内）
2026-03-31 19:36:32,903 INFO:    162            mediabench_gsm_toast    1.0065    1.0302   -0.0237  O2-bolt ≈ O2-bolt-opt（差异在 ±5% 内）
2026-03-31 19:36:32,903 INFO:    163       mediabench_mpeg2_mpeg2dec    1.0165    0.9592   +0.0573  O2-bolt ≈ O2-bolt-opt（差异在 ±5% 内）
2026-03-31 19:36:32,903 INFO:    164                          nbench    1.0093    1.0312   -0.0220  O2-bolt ≈ O2-bolt-opt（差异在 ±5% 内）
2026-03-31 19:36:32,903 INFO:    165                      tramp3d-v4    1.0108    0.9896   +0.0213  O2-bolt ≈ O2-bolt-opt（差异在 ±5% 内）
2026-03-31 19:36:32,904 INFO: 
  ── 验证指标 ──
2026-03-31 19:36:32,904 INFO:   MAE  = 0.0240
2026-03-31 19:36:32,904 INFO:   MSE  = 0.0018
2026-03-31 19:36:32,904 INFO:   RMSE = 0.0429
2026-03-31 19:36:32,904 INFO:   方向准确率 = 100/165 (60.6%)
2026-03-31 19:36:32,904 INFO:   预测 O2-bolt 更优: 106/165  (真实: 43/165)
2026-03-31 19:36:32,905 INFO:   方向准确率（排除 ±5%）= 9/18 (50.0%)
2026-03-31 19:36:33,025 INFO: 已应用 exp() 变换（log-target 模式）
2026-03-31 19:36:33,026 INFO: ========================================================================
2026-03-31 19:36:33,026 INFO: 版本对: O3-bolt_vs_O3-bolt-opt  (O3-bolt vs O3-bolt-opt)  共 161 个程序
2026-03-31 19:36:33,026 INFO: 标签模式: fixed_time
2026-03-31 19:36:33,026 INFO: 标签定义: Y = N_v1 / N_v2 (throughput ratio in a fixed window)
2026-03-31 19:36:33,026 INFO: 判定方向: Y > 1 视为 O3-bolt 更快，Y < 1 视为 O3-bolt-opt 更快
2026-03-31 19:36:33,026 INFO: ========================================================================
2026-03-31 19:36:33,027 INFO:      #                              程序      预测 Ŷ      真实 Y        误差  判断
2026-03-31 19:36:33,027 INFO:   ------------------------------------------------------------------------
2026-03-31 19:36:33,027 INFO:      1                            7zip    1.0001    1.0000   +0.0001  O3-bolt ≈ O3-bolt-opt（差异在 ±5% 内）
2026-03-31 19:36:33,027 INFO:      2             ASCI_Purple_SMG2000    1.0341    1.0000   +0.0341  O3-bolt ≈ O3-bolt-opt（差异在 ±5% 内）
2026-03-31 19:36:33,027 INFO:      3               ASC_Sequoia_AMGmk    0.9966    1.0000   -0.0034  O3-bolt ≈ O3-bolt-opt（差异在 ±5% 内）
2026-03-31 19:36:33,027 INFO:      4           ASC_Sequoia_CrystalMk    0.9980    1.0000   -0.0020  O3-bolt ≈ O3-bolt-opt（差异在 ±5% 内）
2026-03-31 19:36:33,027 INFO:      5               ASC_Sequoia_IRSmk    0.9983    1.0000   -0.0017  O3-bolt ≈ O3-bolt-opt（差异在 ±5% 内）
2026-03-31 19:36:33,028 INFO:      6                  BitBench_drop3    0.9993    0.9341   +0.0652  O3-bolt ≈ O3-bolt-opt（差异在 ±5% 内）
2026-03-31 19:36:33,028 INFO:      7                 BitBench_five11    0.9997    0.9500   +0.0497  O3-bolt ≈ O3-bolt-opt（差异在 ±5% 内）
2026-03-31 19:36:33,028 INFO:      8               BitBench_uudecode    2.0869    1.7186   +0.3683  O3-bolt 优于 O3-bolt-opt（快 52.1%，加速比 2.09x）
2026-03-31 19:36:33,028 INFO:      9               BitBench_uuencode    0.9980    1.0052   -0.0071  O3-bolt ≈ O3-bolt-opt（差异在 ±5% 内）
2026-03-31 19:36:33,028 INFO:     10                          Bullet    1.0248    1.0000   +0.0248  O3-bolt ≈ O3-bolt-opt（差异在 ±5% 内）
2026-03-31 19:36:33,028 INFO:     11         DOE-ProxyApps-C++_CLAMR    0.9524    1.0000   -0.0476  O3-bolt ≈ O3-bolt-opt（差异在 ±5% 内）
2026-03-31 19:36:33,028 INFO:     12   DOE-ProxyApps-C++_HACCKernels    0.9939    1.0000   -0.0061  O3-bolt ≈ O3-bolt-opt（差异在 ±5% 内）
2026-03-31 19:36:33,028 INFO:     13         DOE-ProxyApps-C++_HPCCG    0.9690    1.0000   -0.0310  O3-bolt ≈ O3-bolt-opt（差异在 ±5% 内）
2026-03-31 19:36:33,029 INFO:     14       DOE-ProxyApps-C++_PENNANT    1.0163    1.0000   +0.0163  O3-bolt ≈ O3-bolt-opt（差异在 ±5% 内）
2026-03-31 19:36:33,029 INFO:     15        DOE-ProxyApps-C++_miniFE    1.0213    1.0000   +0.0213  O3-bolt ≈ O3-bolt-opt（差异在 ±5% 内）
2026-03-31 19:36:33,029 INFO:     16            DOE-ProxyApps-C_CoMD    1.0265    0.9200   +0.1065  O3-bolt ≈ O3-bolt-opt（差异在 ±5% 内）
2026-03-31 19:36:33,029 INFO:     17      DOE-ProxyApps-C_Pathfinder    1.1657    1.0667   +0.0990  O3-bolt 优于 O3-bolt-opt（快 14.2%，加速比 1.17x）
2026-03-31 19:36:33,029 INFO:     18         DOE-ProxyApps-C_RSBench    1.0213    1.0000   +0.0213  O3-bolt ≈ O3-bolt-opt（差异在 ±5% 内）
2026-03-31 19:36:33,029 INFO:     19       DOE-ProxyApps-C_SimpleMOC    1.0396    0.9697   +0.0699  O3-bolt ≈ O3-bolt-opt（差异在 ±5% 内）
2026-03-31 19:36:33,029 INFO:     20         DOE-ProxyApps-C_XSBench    0.9492    0.9375   +0.0117  O3-bolt-opt 优于 O3-bolt（快 5.1%，加速比 1.05x）
2026-03-31 19:36:33,029 INFO:     21         DOE-ProxyApps-C_miniAMR    0.9881    1.0000   -0.0119  O3-bolt ≈ O3-bolt-opt（差异在 ±5% 内）
2026-03-31 19:36:33,030 INFO:     22         DOE-ProxyApps-C_miniGMG    1.0524    1.0000   +0.0524  O3-bolt 优于 O3-bolt-opt（快 5.0%，加速比 1.05x）
2026-03-31 19:36:33,030 INFO:     23                     Fhourstones    0.9987    1.0370   -0.0384  O3-bolt ≈ O3-bolt-opt（差异在 ±5% 内）
2026-03-31 19:36:33,030 INFO:     24                 Fhourstones-3.1    1.0006    1.0857   -0.0851  O3-bolt ≈ O3-bolt-opt（差异在 ±5% 内）
2026-03-31 19:36:33,030 INFO:     25              FreeBench_analyzer    1.0333    0.9962   +0.0370  O3-bolt ≈ O3-bolt-opt（差异在 ±5% 内）
2026-03-31 19:36:33,030 INFO:     26               FreeBench_distray    0.9850    1.0000   -0.0150  O3-bolt ≈ O3-bolt-opt（差异在 ±5% 内）
2026-03-31 19:36:33,030 INFO:     27            FreeBench_fourinarow    1.0108    1.0000   +0.0108  O3-bolt ≈ O3-bolt-opt（差异在 ±5% 内）
2026-03-31 19:36:33,030 INFO:     28                 FreeBench_mason    0.9993    0.9847   +0.0146  O3-bolt ≈ O3-bolt-opt（差异在 ±5% 内）
2026-03-31 19:36:33,030 INFO:     29                FreeBench_neural    0.9974    1.0109   -0.0135  O3-bolt ≈ O3-bolt-opt（差异在 ±5% 内）
2026-03-31 19:36:33,031 INFO:     30            FreeBench_pcompress2    1.0006    1.0060   -0.0054  O3-bolt ≈ O3-bolt-opt（差异在 ±5% 内）
2026-03-31 19:36:33,031 INFO:     31                 FreeBench_pifft    1.0061    1.0127   -0.0066  O3-bolt ≈ O3-bolt-opt（差异在 ±5% 内）
2026-03-31 19:36:33,031 INFO:     32               MallocBench_cfrac    1.0075    0.9811   +0.0263  O3-bolt ≈ O3-bolt-opt（差异在 ±5% 内）
2026-03-31 19:36:33,031 INFO:     33            MallocBench_espresso    1.0003    1.0179   -0.0176  O3-bolt ≈ O3-bolt-opt（差异在 ±5% 内）
2026-03-31 19:36:33,031 INFO:     34                  MallocBench_gs    0.9986    0.9430   +0.0557  O3-bolt ≈ O3-bolt-opt（差异在 ±5% 内）
2026-03-31 19:36:33,031 INFO:     35                 McCat_01-qbsort    0.9982    0.9774   +0.0209  O3-bolt ≈ O3-bolt-opt（差异在 ±5% 内）
2026-03-31 19:36:33,031 INFO:     36                 McCat_04-bisect    0.9989    1.1034   -0.1045  O3-bolt ≈ O3-bolt-opt（差异在 ±5% 内）
2026-03-31 19:36:33,031 INFO:     37                   McCat_08-main    1.0376    1.0000   +0.0376  O3-bolt ≈ O3-bolt-opt（差异在 ±5% 内）
2026-03-31 19:36:33,032 INFO:     38                    McCat_09-vor    1.0008    1.0160   -0.0152  O3-bolt ≈ O3-bolt-opt（差异在 ±5% 内）
2026-03-31 19:36:33,032 INFO:     39                 McCat_12-IOtest    1.0005    0.9932   +0.0073  O3-bolt ≈ O3-bolt-opt（差异在 ±5% 内）
2026-03-31 19:36:33,032 INFO:     40                   McCat_15-trie    1.0009    1.0226   -0.0217  O3-bolt ≈ O3-bolt-opt（差异在 ±5% 内）
2026-03-31 19:36:33,032 INFO:     41                  McCat_17-bintr    1.0009    1.0000   +0.0009  O3-bolt ≈ O3-bolt-opt（差异在 ±5% 内）
2026-03-31 19:36:33,032 INFO:     42                    McCat_18-imp    1.0085    1.0995   -0.0910  O3-bolt ≈ O3-bolt-opt（差异在 ±5% 内）
2026-03-31 19:36:33,032 INFO:     43    MiBench_automotive-basicmath    1.0059    1.0000   +0.0059  O3-bolt ≈ O3-bolt-opt（差异在 ±5% 内）
2026-03-31 19:36:33,033 INFO:     44     MiBench_automotive-bitcount    0.9991    0.9655   +0.0336  O3-bolt ≈ O3-bolt-opt（差异在 ±5% 内）
2026-03-31 19:36:33,033 INFO:     45        MiBench_automotive-susan    0.9921    0.9868   +0.0052  O3-bolt ≈ O3-bolt-opt（差异在 ±5% 内）
2026-03-31 19:36:33,033 INFO:     46           MiBench_consumer-jpeg    1.0013    0.9872   +0.0141  O3-bolt ≈ O3-bolt-opt（差异在 ±5% 内）
2026-03-31 19:36:33,033 INFO:     47           MiBench_consumer-lame    1.0302    0.9880   +0.0423  O3-bolt ≈ O3-bolt-opt（差异在 ±5% 内）
2026-03-31 19:36:33,033 INFO:     48        MiBench_consumer-typeset    0.9998    0.9886   +0.0112  O3-bolt ≈ O3-bolt-opt（差异在 ±5% 内）
2026-03-31 19:36:33,033 INFO:     49        MiBench_network-dijkstra    1.0003    0.9219   +0.0783  O3-bolt ≈ O3-bolt-opt（差异在 ±5% 内）
2026-03-31 19:36:33,033 INFO:     50        MiBench_network-patricia    0.9994    0.9957   +0.0037  O3-bolt ≈ O3-bolt-opt（差异在 ±5% 内）
2026-03-31 19:36:33,033 INFO:     51           MiBench_office-ispell    1.0009    1.0066   -0.0057  O3-bolt ≈ O3-bolt-opt（差异在 ±5% 内）
2026-03-31 19:36:33,034 INFO:     52     MiBench_office-stringsearch    1.0000    1.0157   -0.0157  O3-bolt ≈ O3-bolt-opt（差异在 ±5% 内）
2026-03-31 19:36:33,034 INFO:     53       MiBench_security-rijndael    1.0033    1.0591   -0.0559  O3-bolt ≈ O3-bolt-opt（差异在 ±5% 内）
2026-03-31 19:36:33,034 INFO:     54            MiBench_security-sha    0.9997    1.0075   -0.0078  O3-bolt ≈ O3-bolt-opt（差异在 ±5% 内）
2026-03-31 19:36:33,034 INFO:     55          MiBench_telecomm-CRC32    1.0050    1.0069   -0.0019  O3-bolt ≈ O3-bolt-opt（差异在 ±5% 内）
2026-03-31 19:36:33,034 INFO:     56            MiBench_telecomm-FFT    0.9994    0.9969   +0.0024  O3-bolt ≈ O3-bolt-opt（差异在 ±5% 内）
2026-03-31 19:36:33,034 INFO:     57          MiBench_telecomm-adpcm    0.9982    0.9976   +0.0007  O3-bolt ≈ O3-bolt-opt（差异在 ±5% 内）
2026-03-31 19:36:33,034 INFO:     58            MiBench_telecomm-gsm    1.0315    0.9928   +0.0386  O3-bolt ≈ O3-bolt-opt（差异在 ±5% 内）
2026-03-31 19:36:33,035 INFO:     59                   NPB-serial_is    1.0005    1.0000   +0.0005  O3-bolt ≈ O3-bolt-opt（差异在 ±5% 内）
2026-03-31 19:36:33,035 INFO:     60                        Olden_bh    1.0224    1.0000   +0.0224  O3-bolt ≈ O3-bolt-opt（差异在 ±5% 内）
2026-03-31 19:36:33,035 INFO:     61                    Olden_bisort    0.9991    0.9891   +0.0099  O3-bolt ≈ O3-bolt-opt（差异在 ±5% 内）
2026-03-31 19:36:33,035 INFO:     62                      Olden_em3d    1.5851    1.6429   -0.0578  O3-bolt 优于 O3-bolt-opt（快 36.9%，加速比 1.59x）
2026-03-31 19:36:33,035 INFO:     63                    Olden_health    1.0004    1.0000   +0.0004  O3-bolt ≈ O3-bolt-opt（差异在 ±5% 内）
2026-03-31 19:36:33,035 INFO:     64                       Olden_mst    1.0385    1.0020   +0.0365  O3-bolt ≈ O3-bolt-opt（差异在 ±5% 内）
2026-03-31 19:36:33,035 INFO:     65                 Olden_perimeter    1.0048    0.9912   +0.0137  O3-bolt ≈ O3-bolt-opt（差异在 ±5% 内）
2026-03-31 19:36:33,036 INFO:     66                     Olden_power    0.9677    0.9870   -0.0193  O3-bolt ≈ O3-bolt-opt（差异在 ±5% 内）
2026-03-31 19:36:33,036 INFO:     67                   Olden_treeadd    1.0023    1.0049   -0.0026  O3-bolt ≈ O3-bolt-opt（差异在 ±5% 内）
2026-03-31 19:36:33,036 INFO:     68                       Olden_tsp    0.9989    1.0115   -0.0125  O3-bolt ≈ O3-bolt-opt（差异在 ±5% 内）
2026-03-31 19:36:33,036 INFO:     69                   Olden_voronoi    1.0047    1.0061   -0.0013  O3-bolt ≈ O3-bolt-opt（差异在 ±5% 内）
2026-03-31 19:36:33,036 INFO:     70                           PAQ8p    1.0285    1.0000   +0.0285  O3-bolt ≈ O3-bolt-opt（差异在 ±5% 内）
2026-03-31 19:36:33,036 INFO:     71                 Prolangs-C++_NP    1.0003    1.0239   -0.0236  O3-bolt ≈ O3-bolt-opt（差异在 ±5% 内）
2026-03-31 19:36:33,036 INFO:     72             Prolangs-C++_deriv1    1.0002    1.0014   -0.0012  O3-bolt ≈ O3-bolt-opt（差异在 ±5% 内）
2026-03-31 19:36:33,037 INFO:     73             Prolangs-C++_deriv2    1.0002    1.0078   -0.0076  O3-bolt ≈ O3-bolt-opt（差异在 ±5% 内）
2026-03-31 19:36:33,037 INFO:     74             Prolangs-C++_employ    0.9981    1.0104   -0.0123  O3-bolt ≈ O3-bolt-opt（差异在 ±5% 内）
2026-03-31 19:36:33,037 INFO:     75                Prolangs-C++_fsm    1.0002    1.0083   -0.0081  O3-bolt ≈ O3-bolt-opt（差异在 ±5% 内）
2026-03-31 19:36:33,037 INFO:     76             Prolangs-C++_garage    1.0002    1.0093   -0.0091  O3-bolt ≈ O3-bolt-opt（差异在 ±5% 内）
2026-03-31 19:36:33,037 INFO:     77               Prolangs-C++_life    1.0004    1.0286   -0.0282  O3-bolt ≈ O3-bolt-opt（差异在 ±5% 内）
2026-03-31 19:36:33,037 INFO:     78            Prolangs-C++_objects    1.0003    1.0146   -0.0143  O3-bolt ≈ O3-bolt-opt（差异在 ±5% 内）
2026-03-31 19:36:33,038 INFO:     79              Prolangs-C++_ocean    0.9976    0.9920   +0.0055  O3-bolt ≈ O3-bolt-opt（差异在 ±5% 内）
2026-03-31 19:36:33,038 INFO:     80             Prolangs-C++_office    1.0003    0.9976   +0.0026  O3-bolt ≈ O3-bolt-opt（差异在 ±5% 内）
2026-03-31 19:36:33,038 INFO:     81             Prolangs-C++_primes    0.9909    0.9521   +0.0389  O3-bolt ≈ O3-bolt-opt（差异在 ±5% 内）
2026-03-31 19:36:33,038 INFO:     82             Prolangs-C++_shapes    1.0003    1.0009   -0.0006  O3-bolt ≈ O3-bolt-opt（差异在 ±5% 内）
2026-03-31 19:36:33,038 INFO:     83              Prolangs-C++_simul    1.0013    0.9927   +0.0086  O3-bolt ≈ O3-bolt-opt（差异在 ±5% 内）
2026-03-31 19:36:33,038 INFO:     84              Prolangs-C++_trees    1.0003    1.0263   -0.0260  O3-bolt ≈ O3-bolt-opt（差异在 ±5% 内）
2026-03-31 19:36:33,038 INFO:     85         Prolangs-C_TimberWolfMC    1.0024    1.0175   -0.0150  O3-bolt ≈ O3-bolt-opt（差异在 ±5% 内）
2026-03-31 19:36:33,039 INFO:     86                Prolangs-C_agrep    1.0003    1.0310   -0.0308  O3-bolt ≈ O3-bolt-opt（差异在 ±5% 内）
2026-03-31 19:36:33,039 INFO:     87             Prolangs-C_allroots    1.0024    1.0128   -0.0103  O3-bolt ≈ O3-bolt-opt（差异在 ±5% 内）
2026-03-31 19:36:33,039 INFO:     88        Prolangs-C_archie-client    1.0000    1.0116   -0.0116  O3-bolt ≈ O3-bolt-opt（差异在 ±5% 内）
2026-03-31 19:36:33,039 INFO:     89                Prolangs-C_bison    1.0003    0.9933   +0.0070  O3-bolt ≈ O3-bolt-opt（差异在 ±5% 内）
2026-03-31 19:36:33,039 INFO:     90                Prolangs-C_cdecl    0.9994    1.0133   -0.0139  O3-bolt ≈ O3-bolt-opt（差异在 ±5% 内）
2026-03-31 19:36:33,039 INFO:     91             Prolangs-C_football    1.0001    1.0212   -0.0211  O3-bolt ≈ O3-bolt-opt（差异在 ±5% 内）
2026-03-31 19:36:33,039 INFO:     92                Prolangs-C_gnugo    0.9995    1.0174   -0.0178  O3-bolt ≈ O3-bolt-opt（差异在 ±5% 内）
2026-03-31 19:36:33,040 INFO:     93           Prolangs-C_unix-smail    0.9998    1.0062   -0.0064  O3-bolt ≈ O3-bolt-opt（差异在 ±5% 内）
2026-03-31 19:36:33,040 INFO:     94             Prolangs-C_unix-tbl    1.0004    1.0171   -0.0167  O3-bolt ≈ O3-bolt-opt（差异在 ±5% 内）
2026-03-31 19:36:33,040 INFO:     95                 Ptrdist_anagram    1.0211    0.9833   +0.0377  O3-bolt ≈ O3-bolt-opt（差异在 ±5% 内）
2026-03-31 19:36:33,040 INFO:     96                      Ptrdist_bc    0.9989    0.9161   +0.0828  O3-bolt ≈ O3-bolt-opt（差异在 ±5% 内）
2026-03-31 19:36:33,040 INFO:     97                      Ptrdist_ft    1.0141    1.0200   -0.0059  O3-bolt ≈ O3-bolt-opt（差异在 ±5% 内）
2026-03-31 19:36:33,040 INFO:     98                      Ptrdist_ks    0.9420    0.8507   +0.0912  O3-bolt-opt 优于 O3-bolt（快 5.8%，加速比 1.06x）
2026-03-31 19:36:33,040 INFO:     99                   Ptrdist_yacr2    1.0377    1.0833   -0.0456  O3-bolt ≈ O3-bolt-opt（差异在 ±5% 内）
2026-03-31 19:36:33,040 INFO:    100                Rodinia_backprop    1.0596    1.0000   +0.0596  O3-bolt 优于 O3-bolt-opt（快 5.6%，加速比 1.06x）
2026-03-31 19:36:33,041 INFO:    101                 Rodinia_hotspot    0.9723    1.0039   -0.0316  O3-bolt ≈ O3-bolt-opt（差异在 ±5% 内）
2026-03-31 19:36:33,041 INFO:    102              Rodinia_pathfinder    1.0586    1.0000   +0.0586  O3-bolt 优于 O3-bolt-opt（快 5.5%，加速比 1.06x）
2026-03-31 19:36:33,041 INFO:    103                    Rodinia_srad    1.0006    1.0110   -0.0104  O3-bolt ≈ O3-bolt-opt（差异在 ±5% 内）
2026-03-31 19:36:33,041 INFO:    104                      SciMark2-C    0.9996    1.0000   -0.0004  O3-bolt ≈ O3-bolt-opt（差异在 ±5% 内）
2026-03-31 19:36:33,041 INFO:    105            TSVC_ControlFlow-dbl    1.0036    1.0000   +0.0036  O3-bolt ≈ O3-bolt-opt（差异在 ±5% 内）
2026-03-31 19:36:33,041 INFO:    106            TSVC_ControlFlow-flt    1.0036    1.0667   -0.0631  O3-bolt ≈ O3-bolt-opt（差异在 ±5% 内）
2026-03-31 19:36:33,041 INFO:    107           TSVC_ControlLoops-dbl    0.9843    1.0000   -0.0157  O3-bolt ≈ O3-bolt-opt（差异在 ±5% 内）
2026-03-31 19:36:33,041 INFO:    108           TSVC_ControlLoops-flt    0.9709    1.0000   -0.0291  O3-bolt ≈ O3-bolt-opt（差异在 ±5% 内）
2026-03-31 19:36:33,042 INFO:    109     TSVC_CrossingThresholds-dbl    1.0029    1.0000   +0.0029  O3-bolt ≈ O3-bolt-opt（差异在 ±5% 内）
2026-03-31 19:36:33,042 INFO:    110     TSVC_CrossingThresholds-flt    0.9891    1.0000   -0.0109  O3-bolt ≈ O3-bolt-opt（差异在 ±5% 内）
2026-03-31 19:36:33,042 INFO:    111          TSVC_Equivalencing-dbl    0.9930    1.0000   -0.0070  O3-bolt ≈ O3-bolt-opt（差异在 ±5% 内）
2026-03-31 19:36:33,042 INFO:    112          TSVC_Equivalencing-flt    0.9711    1.0128   -0.0417  O3-bolt ≈ O3-bolt-opt（差异在 ±5% 内）
2026-03-31 19:36:33,042 INFO:    113              TSVC_Expansion-dbl    0.9877    1.0000   -0.0123  O3-bolt ≈ O3-bolt-opt（差异在 ±5% 内）
2026-03-31 19:36:33,042 INFO:    114              TSVC_Expansion-flt    0.9866    1.0385   -0.0518  O3-bolt ≈ O3-bolt-opt（差异在 ±5% 内）
2026-03-31 19:36:33,042 INFO:    115         TSVC_GlobalDataFlow-dbl    0.9744    1.0000   -0.0256  O3-bolt ≈ O3-bolt-opt（差异在 ±5% 内）
2026-03-31 19:36:33,042 INFO:    116         TSVC_GlobalDataFlow-flt    0.9599    1.0000   -0.0401  O3-bolt ≈ O3-bolt-opt（差异在 ±5% 内）
2026-03-31 19:36:33,043 INFO:    117     TSVC_IndirectAddressing-dbl    0.9888    0.9231   +0.0658  O3-bolt ≈ O3-bolt-opt（差异在 ±5% 内）
2026-03-31 19:36:33,043 INFO:    118     TSVC_IndirectAddressing-flt    0.9896    0.9231   +0.0665  O3-bolt ≈ O3-bolt-opt（差异在 ±5% 内）
2026-03-31 19:36:33,043 INFO:    119      TSVC_InductionVariable-dbl    0.9838    1.0909   -0.1071  O3-bolt ≈ O3-bolt-opt（差异在 ±5% 内）
2026-03-31 19:36:33,043 INFO:    120      TSVC_InductionVariable-flt    0.9954    1.0000   -0.0046  O3-bolt ≈ O3-bolt-opt（差异在 ±5% 内）
2026-03-31 19:36:33,043 INFO:    121       TSVC_LinearDependence-dbl    0.9873    1.0000   -0.0127  O3-bolt ≈ O3-bolt-opt（差异在 ±5% 内）
2026-03-31 19:36:33,043 INFO:    122       TSVC_LinearDependence-flt    0.9741    0.9310   +0.0430  O3-bolt ≈ O3-bolt-opt（差异在 ±5% 内）
2026-03-31 19:36:33,043 INFO:    123          TSVC_LoopRerolling-dbl    0.9919    1.0000   -0.0081  O3-bolt ≈ O3-bolt-opt（差异在 ±5% 内）
2026-03-31 19:36:33,043 INFO:    124          TSVC_LoopRerolling-flt    0.9943    1.0000   -0.0057  O3-bolt ≈ O3-bolt-opt（差异在 ±5% 内）
2026-03-31 19:36:33,044 INFO:    125      TSVC_LoopRestructuring-dbl    0.9956    1.0000   -0.0044  O3-bolt ≈ O3-bolt-opt（差异在 ±5% 内）
2026-03-31 19:36:33,044 INFO:    126      TSVC_LoopRestructuring-flt    0.9949    1.0000   -0.0051  O3-bolt ≈ O3-bolt-opt（差异在 ±5% 内）
2026-03-31 19:36:33,044 INFO:    127          TSVC_NodeSplitting-dbl    1.2056    0.9231   +0.2825  O3-bolt 优于 O3-bolt-opt（快 17.1%，加速比 1.21x）
2026-03-31 19:36:33,044 INFO:    128          TSVC_NodeSplitting-flt    0.9858    1.0667   -0.0809  O3-bolt ≈ O3-bolt-opt（差异在 ±5% 内）
2026-03-31 19:36:33,044 INFO:    129                TSVC_Packing-dbl    1.0056    1.2727   -0.2672  O3-bolt ≈ O3-bolt-opt（差异在 ±5% 内）
2026-03-31 19:36:33,044 INFO:    130                TSVC_Packing-flt    1.0066    1.2500   -0.2434  O3-bolt ≈ O3-bolt-opt（差异在 ±5% 内）
2026-03-31 19:36:33,044 INFO:    131            TSVC_Recurrences-dbl    0.9833    1.0000   -0.0167  O3-bolt ≈ O3-bolt-opt（差异在 ±5% 内）
2026-03-31 19:36:33,044 INFO:    132            TSVC_Recurrences-flt    0.9387    1.0000   -0.0613  O3-bolt-opt 优于 O3-bolt（快 6.1%，加速比 1.07x）
2026-03-31 19:36:33,045 INFO:    133             TSVC_Reductions-dbl    1.0190    1.0000   +0.0190  O3-bolt ≈ O3-bolt-opt（差异在 ±5% 内）
2026-03-31 19:36:33,045 INFO:    134             TSVC_Reductions-flt    1.0055    1.0000   +0.0055  O3-bolt ≈ O3-bolt-opt（差异在 ±5% 内）
2026-03-31 19:36:33,045 INFO:    135              TSVC_Searching-dbl    0.9965    1.0000   -0.0035  O3-bolt ≈ O3-bolt-opt（差异在 ±5% 内）
2026-03-31 19:36:33,045 INFO:    136              TSVC_Searching-flt    0.9970    1.0000   -0.0030  O3-bolt ≈ O3-bolt-opt（差异在 ±5% 内）
2026-03-31 19:36:33,045 INFO:    137    TSVC_StatementReordering-dbl    0.9768    1.0000   -0.0232  O3-bolt ≈ O3-bolt-opt（差异在 ±5% 内）
2026-03-31 19:36:33,045 INFO:    138    TSVC_StatementReordering-flt    0.9811    1.0000   -0.0189  O3-bolt ≈ O3-bolt-opt（差异在 ±5% 内）
2026-03-31 19:36:33,045 INFO:    139              TSVC_Symbolics-dbl    0.9832    0.9474   +0.0359  O3-bolt ≈ O3-bolt-opt（差异在 ±5% 内）
2026-03-31 19:36:33,045 INFO:    140              TSVC_Symbolics-flt    0.9965    0.9189   +0.0776  O3-bolt ≈ O3-bolt-opt（差异在 ±5% 内）
2026-03-31 19:36:33,046 INFO:    141               Trimaran_enc-3des    1.0144    1.0435   -0.0291  O3-bolt ≈ O3-bolt-opt（差异在 ±5% 内）
2026-03-31 19:36:33,046 INFO:    142                Trimaran_enc-md5    1.0087    1.0000   +0.0087  O3-bolt ≈ O3-bolt-opt（差异在 ±5% 内）
2026-03-31 19:36:33,046 INFO:    143                Trimaran_enc-pc1    1.0027    1.0000   +0.0027  O3-bolt ≈ O3-bolt-opt（差异在 ±5% 内）
2026-03-31 19:36:33,046 INFO:    144                Trimaran_enc-rc4    1.0023    1.0000   +0.0023  O3-bolt ≈ O3-bolt-opt（差异在 ±5% 内）
2026-03-31 19:36:33,046 INFO:    145           Trimaran_netbench-crc    0.9887    1.0000   -0.0113  O3-bolt ≈ O3-bolt-opt（差异在 ±5% 内）
2026-03-31 19:36:33,046 INFO:    146           Trimaran_netbench-url    1.0087    1.0000   +0.0087  O3-bolt ≈ O3-bolt-opt（差异在 ±5% 内）
2026-03-31 19:36:33,046 INFO:    147                VersaBench_8b10b    1.0004    0.8889   +0.1115  O3-bolt ≈ O3-bolt-opt（差异在 ±5% 内）
2026-03-31 19:36:33,046 INFO:    148           VersaBench_beamformer    0.9981    1.0000   -0.0019  O3-bolt ≈ O3-bolt-opt（差异在 ±5% 内）
2026-03-31 19:36:33,047 INFO:    149                  VersaBench_bmm    1.0062    1.0000   +0.0062  O3-bolt ≈ O3-bolt-opt（差异在 ±5% 内）
2026-03-31 19:36:33,047 INFO:    150                 VersaBench_dbms    0.9999    1.0000   -0.0001  O3-bolt ≈ O3-bolt-opt（差异在 ±5% 内）
2026-03-31 19:36:33,047 INFO:    151               VersaBench_ecbdes    1.0199    1.0000   +0.0199  O3-bolt ≈ O3-bolt-opt（差异在 ±5% 内）
2026-03-31 19:36:33,047 INFO:    152                    llubenchmark    1.0069    1.0000   +0.0069  O3-bolt ≈ O3-bolt-opt（差异在 ±5% 内）
2026-03-31 19:36:33,047 INFO:    153                           mafft    1.0000    1.0000   +0.0000  O3-bolt ≈ O3-bolt-opt（差异在 ±5% 内）
2026-03-31 19:36:33,047 INFO:    154      mediabench_adpcm_rawcaudio    0.9976    1.0070   -0.0095  O3-bolt ≈ O3-bolt-opt（差异在 ±5% 内）
2026-03-31 19:36:33,047 INFO:    155      mediabench_adpcm_rawdaudio    0.9963    1.0166   -0.0203  O3-bolt ≈ O3-bolt-opt（差异在 ±5% 内）
2026-03-31 19:36:33,047 INFO:    156      mediabench_g721_g721encode    1.0007    0.9961   +0.0046  O3-bolt ≈ O3-bolt-opt（差异在 ±5% 内）
2026-03-31 19:36:33,048 INFO:    157            mediabench_gsm_toast    1.0083    0.9990   +0.0093  O3-bolt ≈ O3-bolt-opt（差异在 ±5% 内）
2026-03-31 19:36:33,048 INFO:    158         mediabench_jpeg_jpeg-6a    0.9996    1.0196   -0.0200  O3-bolt ≈ O3-bolt-opt（差异在 ±5% 内）
2026-03-31 19:36:33,048 INFO:    159       mediabench_mpeg2_mpeg2dec    1.0160    0.9586   +0.0574  O3-bolt ≈ O3-bolt-opt（差异在 ±5% 内）
2026-03-31 19:36:33,048 INFO:    160                          nbench    1.0000    0.9394   +0.0606  O3-bolt ≈ O3-bolt-opt（差异在 ±5% 内）
2026-03-31 19:36:33,048 INFO:    161                      tramp3d-v4    0.9887    0.9932   -0.0045  O3-bolt ≈ O3-bolt-opt（差异在 ±5% 内）
2026-03-31 19:36:33,048 INFO: 
  ── 验证指标 ──
2026-03-31 19:36:33,048 INFO:   MAE  = 0.0318
2026-03-31 19:36:33,048 INFO:   MSE  = 0.0035
2026-03-31 19:36:33,049 INFO:   RMSE = 0.0587
2026-03-31 19:36:33,049 INFO:   方向准确率 = 93/161 (57.8%)
2026-03-31 19:36:33,049 INFO:   预测 O3-bolt 更优: 87/161  (真实: 57/161)
2026-03-31 19:36:33,049 INFO:   方向准确率（排除 ±5%）= 22/29 (75.9%)
2026-03-31 19:36:33,049 INFO: 
