2026-03-31 19:24:43,566 INFO: 自动选择设备: directml
2026-03-31 19:24:43,566 INFO: 设备: privateuseone:0
2026-03-31 19:24:43,566 INFO: 标签机制: fixed_time
2026-03-31 19:24:43,566 INFO: 自动微调 [fixed_time/transformer]: batch_size=32, d_model=64, dim_feedforward=256, direction_lambda=0.0, dropout=0.1, epochs=400, grad_clip=1.0, huber_delta=1.0, log_target=True, lr=0.001, max_len=512, mlp_hidden=64, nhead=2, noise_std=0.05, num_layers=3, pair_swap=True, patience=80, pos_encoding=learnable, warmup_epochs=10, weight_decay=0.0001
2026-03-31 19:24:43,566 INFO: 加载数据...
2026-03-31 19:24:43,569 INFO:   加载 O1-g_vs_O3-g: 163 样本
2026-03-31 19:24:43,570 INFO:   加载 O2-bolt_vs_O2-bolt-opt: 165 样本
2026-03-31 19:24:43,572 INFO:   加载 O3-bolt_vs_O3-bolt-opt: 161 样本
2026-03-31 19:24:43,574 INFO: 总样本数: 489  序列长度 T=60  特征维度 D=6
2026-03-31 19:24:43,575 INFO: 已启用 log-target 变换: Y → log(Y)
2026-03-31 19:24:43,576 INFO: pair-swap 增强后训练集: 686 样本
2026-03-31 19:24:43,576 INFO: 训练集: 686  验证集: 73  测试集: 73
2026-03-31 19:24:43,716 INFO: 模型类型: transformer
2026-03-31 19:24:43,716 INFO: 
模型参数: 197,825
2026-03-31 19:24:43,716 INFO: SiameseTransformerMicroPerf(
  (backbone): TransformerBackbone(
    (input_proj): Linear(in_features=6, out_features=64, bias=True)
    (pos_encoder): LearnablePositionalEncoding(
      (dropout): Dropout(p=0.1, inplace=False)
    )
    (transformer_encoder): TransformerEncoder(
      (layers): ModuleList(
        (0-2): 3 x TransformerEncoderLayer(
          (self_attn): MultiheadAttention(
            (out_proj): NonDynamicallyQuantizableLinear(in_features=64, out_features=64, bias=True)
          )
          (linear1): Linear(in_features=64, out_features=256, bias=True)
          (dropout): Dropout(p=0.1, inplace=False)
          (linear2): Linear(in_features=256, out_features=64, bias=True)
          (norm1): LayerNorm((64,), eps=1e-05, elementwise_affine=True)
          (norm2): LayerNorm((64,), eps=1e-05, elementwise_affine=True)
          (dropout1): Dropout(p=0.1, inplace=False)
          (dropout2): Dropout(p=0.1, inplace=False)
        )
      )
      (norm): LayerNorm((64,), eps=1e-05, elementwise_affine=True)
    )
  )
  (pool): AttentionPooling(
    (attention): Linear(in_features=64, out_features=1, bias=False)
  )
  (mlp): Sequential(
    (0): Linear(in_features=192, out_features=64, bias=True)
    (1): ReLU()
    (2): Dropout(p=0.1, inplace=False)
    (3): Linear(in_features=64, out_features=32, bias=True)
    (4): ReLU()
    (5): Dropout(p=0.1, inplace=False)
    (6): Linear(in_features=32, out_features=1, bias=True)
  )
)
2026-03-31 19:24:44,495 INFO: 模型保存路径: checkpoints/trans_best_time.pt
2026-03-31 19:24:44,496 INFO: 配置保存路径: /home/ssy/Siamese-MicroPerf/configs/trans_best_time.json
2026-03-31 19:24:44,496 INFO: 
开始训练 (400 epochs, Huber δ=1.0, patience=80)...
2026-03-31 19:24:44,496 INFO: Epoch   Train Loss   Val Loss    Val MAE    LR          Status
2026-03-31 19:24:44,496 INFO: ----------------------------------------------------------------------
2026-03-31 19:24:47,875 INFO:      1     0.016973    0.008077     0.0605    2.00e-04  ← best
2026-03-31 19:24:50,831 INFO:      2     0.014503    0.007826     0.0583    3.00e-04  ← best
2026-03-31 19:24:53,846 INFO:      3     0.014327    0.007217     0.0575    4.00e-04  ← best
2026-03-31 19:25:15,060 INFO:     10     0.010586    0.008178     0.0668    1.00e-03  
2026-03-31 19:25:44,701 INFO:     20     0.009912    0.007460     0.0554    9.98e-04  
2026-03-31 19:25:53,869 INFO:     23     0.008169    0.007147     0.0539    9.97e-04  ← best
2026-03-31 19:26:00,159 INFO:     25     0.007866    0.007014     0.0511    9.96e-04  ← best
2026-03-31 19:26:12,547 INFO:     29     0.007808    0.006977     0.0507    9.94e-04  ← best
2026-03-31 19:26:15,841 INFO:     30     0.007554    0.007369     0.0537    9.94e-04  
2026-03-31 19:26:28,237 INFO:     34     0.007345    0.006917     0.0533    9.91e-04  ← best
2026-03-31 19:26:39,936 INFO:     38     0.007044    0.006882     0.0523    9.87e-04  ← best
2026-03-31 19:26:43,165 INFO:     39     0.007031    0.006702     0.0496    9.86e-04  ← best
2026-03-31 19:26:46,343 INFO:     40     0.007186    0.006668     0.0501    9.85e-04  ← best
2026-03-31 19:26:58,402 INFO:     44     0.006869    0.006656     0.0517    9.81e-04  ← best
2026-03-31 19:27:17,537 INFO:     50     0.007911    0.006810     0.0557    9.74e-04  
2026-03-31 19:27:38,390 INFO:     57     0.007470    0.006628     0.0492    9.65e-04  ← best
2026-03-31 19:27:44,704 INFO:     59     0.006711    0.005859     0.0509    9.62e-04  ← best
2026-03-31 19:27:47,764 INFO:     60     0.006847    0.006555     0.0504    9.60e-04  
2026-03-31 19:28:17,689 INFO:     70     0.006337    0.006840     0.0523    9.43e-04  
2026-03-31 19:28:45,240 INFO:     80     0.005142    0.006381     0.0486    9.23e-04  
2026-03-31 19:29:15,719 INFO:     90     0.004676    0.010895     0.0545    9.00e-04  
2026-03-31 19:29:45,969 INFO:    100     0.004060    0.007031     0.0514    8.74e-04  
2026-03-31 19:29:54,892 INFO:    103     0.003840    0.005822     0.0451    8.66e-04  ← best
2026-03-31 19:30:14,507 INFO:    110     0.004013    0.007300     0.0486    8.46e-04  
2026-03-31 19:30:30,940 INFO:    116     0.003860    0.005726     0.0434    8.29e-04  ← best
2026-03-31 19:30:42,134 INFO:    120     0.003718    0.006090     0.0467    8.16e-04  
2026-03-31 19:30:44,917 INFO:    121     0.003469    0.005584     0.0438    8.13e-04  ← best
2026-03-31 19:30:47,738 INFO:    122     0.003831    0.005507     0.0426    8.10e-04  ← best
2026-03-31 19:31:10,007 INFO:    130     0.004082    0.006151     0.0487    7.84e-04  
2026-03-31 19:31:31,977 INFO:    138     0.003162    0.005442     0.0417    7.57e-04  ← best
2026-03-31 19:31:37,478 INFO:    140     0.003309    0.005652     0.0439    7.50e-04  
2026-03-31 19:32:02,980 INFO:    149     0.003641    0.005439     0.0422    7.18e-04  ← best
2026-03-31 19:32:05,717 INFO:    150     0.004085    0.005510     0.0448    7.14e-04  
2026-03-31 19:32:16,891 INFO:    154     0.003011    0.005418     0.0419    7.00e-04  ← best
2026-03-31 19:32:25,131 INFO:    157     0.003524    0.005321     0.0427    6.89e-04  ← best
2026-03-31 19:32:33,318 INFO:    160     0.003608    0.005288     0.0436    6.77e-04  ← best
2026-03-31 19:33:00,449 INFO:    170     0.003724    0.005500     0.0450    6.39e-04  
2026-03-31 19:33:27,819 INFO:    180     0.003083    0.005921     0.0456    6.00e-04  
2026-03-31 19:33:55,685 INFO:    190     0.003239    0.005879     0.0490    5.60e-04  
2026-03-31 19:34:23,219 INFO:    200     0.003650    0.006897     0.0513    5.20e-04  
2026-03-31 19:34:50,902 INFO:    210     0.003396    0.005372     0.0443    4.80e-04  
2026-03-31 19:35:18,819 INFO:    220     0.003343    0.005952     0.0459    4.40e-04  
2026-03-31 19:35:46,197 INFO:    230     0.003168    0.006589     0.0488    4.00e-04  
2026-03-31 19:36:14,030 INFO:    240     0.003125    0.006473     0.0501    3.61e-04  
2026-03-31 19:36:14,031 INFO: 
早停触发: 验证 loss 连续 80 epoch 未改善
2026-03-31 19:36:14,368 INFO: ============================================================
2026-03-31 19:36:14,369 INFO: 最佳模型 (epoch 160)
2026-03-31 19:36:14,369 INFO:   Val  Loss = 0.005288  MAE = 0.0436  (模型选择依据)
2026-03-31 19:36:14,369 INFO:   Test Loss = 0.010213  MAE = 0.0672  (最终无偏评估)
2026-03-31 19:36:14,369 INFO:   模型保存: checkpoints/trans_best_time.pt
2026-03-31 19:36:14,369 INFO:   配置保存: /home/ssy/Siamese-MicroPerf/configs/trans_best_time.json
2026-03-31 19:36:14,369 INFO: 
预测示例 (前 10 个测试样本):
2026-03-31 19:36:14,369 INFO:         真实 Y        预测 Ŷ          误差
2026-03-31 19:36:14,370 INFO:       0.0000     -0.0633     -0.0633
2026-03-31 19:36:14,370 INFO:       0.0000     -0.0216     -0.0216
2026-03-31 19:36:14,370 INFO:       0.0175      0.0003     -0.0171
2026-03-31 19:36:14,370 INFO:       0.0000     -0.0045     -0.0045
2026-03-31 19:36:14,370 INFO:       0.0000     -0.6676     -0.6676
2026-03-31 19:36:14,370 INFO:       0.0027      0.0015     -0.0013
2026-03-31 19:36:14,371 INFO:       0.0223      0.0009     -0.0214
2026-03-31 19:36:14,371 INFO:       0.0108     -0.0026     -0.0134
2026-03-31 19:36:14,371 INFO:       0.0000     -0.0047     -0.0047
2026-03-31 19:36:14,371 INFO:       0.0000     -0.0030     -0.0030
