2026-03-31 17:38:54,958 INFO: 自动选择设备: directml
2026-03-31 17:38:54,958 INFO: 设备: privateuseone:0
2026-03-31 17:38:54,958 INFO: 标签机制: inst_retired
2026-03-31 17:38:54,958 INFO: 自动微调 [inst_retired/transformer]: batch_size=32, d_model=64, dim_feedforward=256, direction_lambda=0.5, dropout=0.1, epochs=300, grad_clip=1.0, huber_delta=0.02, log_target=True, lr=0.0005, max_len=512, mlp_hidden=64, nhead=2, noise_std=0.01, num_layers=2, pair_swap=True, patience=60, pos_encoding=learnable, warmup_epochs=10, weight_decay=0.0001
2026-03-31 17:38:54,959 INFO: 加载数据...
2026-03-31 17:38:54,962 INFO:   加载 O1-g_vs_O3-g: 174 样本
2026-03-31 17:38:54,965 INFO:   加载 O2-bolt_vs_O2-bolt-opt: 174 样本
2026-03-31 17:38:54,969 INFO:   加载 O3-bolt_vs_O3-bolt-opt: 174 样本
2026-03-31 17:38:54,972 INFO: 总样本数: 522  序列长度 T=60  特征维度 D=6
2026-03-31 17:38:54,974 INFO: 已启用 log-target 变换: Y → log(Y)
2026-03-31 17:38:54,976 INFO: pair-swap 增强后训练集: 732 样本
2026-03-31 17:38:54,976 INFO: 训练集: 732  验证集: 78  测试集: 78
2026-03-31 17:38:55,115 INFO: 模型类型: transformer
2026-03-31 17:38:55,115 INFO: 
模型参数: 147,841
2026-03-31 17:38:55,116 INFO: SiameseTransformerMicroPerf(
  (backbone): TransformerBackbone(
    (input_proj): Linear(in_features=6, out_features=64, bias=True)
    (pos_encoder): LearnablePositionalEncoding(
      (dropout): Dropout(p=0.1, inplace=False)
    )
    (transformer_encoder): TransformerEncoder(
      (layers): ModuleList(
        (0-1): 2 x TransformerEncoderLayer(
          (self_attn): MultiheadAttention(
            (out_proj): NonDynamicallyQuantizableLinear(in_features=64, out_features=64, bias=True)
          )
          (linear1): Linear(in_features=64, out_features=256, bias=True)
          (dropout): Dropout(p=0.1, inplace=False)
          (linear2): Linear(in_features=256, out_features=64, bias=True)
          (norm1): LayerNorm((64,), eps=1e-05, elementwise_affine=True)
          (norm2): LayerNorm((64,), eps=1e-05, elementwise_affine=True)
          (dropout1): Dropout(p=0.1, inplace=False)
          (dropout2): Dropout(p=0.1, inplace=False)
        )
      )
      (norm): LayerNorm((64,), eps=1e-05, elementwise_affine=True)
    )
  )
  (pool): AttentionPooling(
    (attention): Linear(in_features=64, out_features=1, bias=False)
  )
  (mlp): Sequential(
    (0): Linear(in_features=192, out_features=64, bias=True)
    (1): ReLU()
    (2): Dropout(p=0.1, inplace=False)
    (3): Linear(in_features=64, out_features=32, bias=True)
    (4): ReLU()
    (5): Dropout(p=0.1, inplace=False)
    (6): Linear(in_features=32, out_features=1, bias=True)
  )
)
2026-03-31 17:38:55,764 INFO: 模型保存路径: checkpoints/trans_best_inst.pt
2026-03-31 17:38:55,765 INFO: 配置保存路径: /home/ssy/Siamese-MicroPerf/configs/trans_best_inst.json
2026-03-31 17:38:55,765 INFO: 
开始训练 (300 epochs, Huber δ=0.02, patience=60)...
2026-03-31 17:38:55,765 INFO: Epoch   Train Loss   Val Loss    Val MAE    LR          Status
2026-03-31 17:38:55,765 INFO: ----------------------------------------------------------------------
2026-03-31 17:38:58,568 INFO:      1     0.001787    0.001232     0.0703    1.00e-04  ← best
2026-03-31 17:39:01,100 INFO:      2     0.001471    0.001094     0.0633    1.50e-04  ← best
2026-03-31 17:39:03,856 INFO:      3     0.001181    0.001050     0.0605    2.00e-04  ← best
2026-03-31 17:39:06,436 INFO:      4     0.001206    0.001043     0.0600    2.50e-04  ← best
2026-03-31 17:39:09,065 INFO:      5     0.001115    0.001011     0.0586    3.00e-04  ← best
2026-03-31 17:39:11,778 INFO:      6     0.001070    0.001005     0.0585    3.50e-04  ← best
2026-03-31 17:39:22,603 INFO:     10     0.000971    0.000999     0.0576    5.00e-04  ← best
2026-03-31 17:39:27,860 INFO:     12     0.000982    0.000996     0.0573    5.00e-04  ← best
2026-03-31 17:39:30,616 INFO:     13     0.000937    0.000956     0.0554    5.00e-04  ← best
2026-03-31 17:39:35,819 INFO:     15     0.000895    0.000918     0.0540    5.00e-04  ← best
2026-03-31 17:39:48,940 INFO:     20     0.000867    0.000891     0.0524    4.99e-04  ← best
2026-03-31 17:40:02,069 INFO:     25     0.000831    0.000866     0.0505    4.97e-04  ← best
2026-03-31 17:40:15,997 INFO:     30     0.000803    0.000856     0.0500    4.94e-04  ← best
2026-03-31 17:40:24,151 INFO:     33     0.000754    0.000841     0.0490    4.92e-04  ← best
2026-03-31 17:40:26,896 INFO:     34     0.000751    0.000827     0.0485    4.92e-04  ← best
2026-03-31 17:40:29,577 INFO:     35     0.000743    0.000757     0.0449    4.91e-04  ← best
2026-03-31 17:40:42,585 INFO:     40     0.000733    0.000906     0.0524    4.87e-04  
2026-03-31 17:40:55,914 INFO:     45     0.000694    0.000756     0.0448    4.82e-04  ← best
2026-03-31 17:41:03,444 INFO:     48     0.000695    0.000742     0.0439    4.79e-04  ← best
2026-03-31 17:41:06,154 INFO:     49     0.000696    0.000734     0.0435    4.78e-04  ← best
2026-03-31 17:41:08,722 INFO:     50     0.000693    0.000838     0.0487    4.77e-04  
2026-03-31 17:41:32,938 INFO:     59     0.000679    0.000728     0.0431    4.66e-04  ← best
2026-03-31 17:41:35,666 INFO:     60     0.000654    0.000796     0.0464    4.64e-04  
2026-03-31 17:42:02,002 INFO:     70     0.000648    0.000784     0.0459    4.49e-04  
2026-03-31 17:42:28,690 INFO:     80     0.000618    0.000807     0.0474    4.31e-04  
2026-03-31 17:42:55,361 INFO:     90     0.000648    0.000888     0.0513    4.12e-04  
2026-03-31 17:43:21,662 INFO:    100     0.000641    0.000805     0.0472    3.90e-04  
2026-03-31 17:43:48,162 INFO:    110     0.000616    0.000864     0.0499    3.67e-04  
2026-03-31 17:44:12,319 INFO: 
早停触发: 验证 loss 连续 60 epoch 未改善
2026-03-31 17:44:12,613 INFO: ============================================================
2026-03-31 17:44:12,614 INFO: 最佳模型 (epoch 59)
2026-03-31 17:44:12,614 INFO:   Val  Loss = 0.000728  MAE = 0.0431  (模型选择依据)
2026-03-31 17:44:12,614 INFO:   Test Loss = 0.000563  MAE = 0.0357  (最终无偏评估)
2026-03-31 17:44:12,614 INFO:   模型保存: checkpoints/trans_best_inst.pt
2026-03-31 17:44:12,614 INFO:   配置保存: /home/ssy/Siamese-MicroPerf/configs/trans_best_inst.json
2026-03-31 17:44:12,615 INFO: 
预测示例 (前 10 个测试样本):
2026-03-31 17:44:12,615 INFO:         真实 Y        预测 Ŷ          误差
2026-03-31 17:44:12,615 INFO:      -0.0804     -0.0090     +0.0714
2026-03-31 17:44:12,615 INFO:      -0.0036      0.0006     +0.0042
2026-03-31 17:44:12,615 INFO:       0.0519      0.0027     -0.0492
2026-03-31 17:44:12,615 INFO:       0.3681      0.2520     -0.1162
2026-03-31 17:44:12,615 INFO:       0.0027     -0.0331     -0.0358
2026-03-31 17:44:12,616 INFO:       0.3412      0.4981     +0.1569
2026-03-31 17:44:12,616 INFO:      -0.0876     -0.0003     +0.0872
2026-03-31 17:44:12,616 INFO:      -0.0355     -0.0008     +0.0347
2026-03-31 17:44:12,616 INFO:       0.0006     -0.0011     -0.0017
2026-03-31 17:44:12,616 INFO:      -0.0058     -0.0011     +0.0047
