2026-03-30 15:13:54,063 INFO: 自动选择设备: directml
2026-03-30 15:13:54,063 INFO: 设备: privateuseone:0
2026-03-30 15:13:54,063 INFO: 设备类型: directml
2026-03-30 15:13:54,213 INFO: 模型加载完成: checkpoints/transformer_best_work.pt  (设备: privateuseone:0)
2026-03-30 15:13:54,213 INFO: 模型类型: transformer
2026-03-30 15:13:54,213 INFO: 模型参数: {'in_features': 6, 'mlp_hidden': 64, 'dropout': 0.1, 'd_model': 64, 'nhead': 2, 'num_layers': 3, 'dim_feedforward': 256, 'max_len': 512, 'pos_encoding': 'learnable'}
2026-03-30 15:13:54,430 INFO: ========================================================================
2026-03-30 15:13:54,430 INFO: 版本对: O1-g_vs_O3-g  (O1-g vs O3-g)  共 163 个程序
2026-03-30 15:13:54,430 INFO: 标签模式: fixed_workload
2026-03-30 15:13:54,430 INFO: 标签定义: Y = T_v2 / T_v1 (time ratio)
2026-03-30 15:13:54,431 INFO: 判定方向: Y > 1 视为 O1-g 更快，Y < 1 视为 O3-g 更快
2026-03-30 15:13:54,431 INFO: ========================================================================
2026-03-30 15:13:54,431 INFO:      #                              程序      预测 Ŷ      真实 Y        误差  判断
2026-03-30 15:13:54,431 INFO:   ------------------------------------------------------------------------
2026-03-30 15:13:54,431 INFO:      1                            7zip    0.9498    1.0000   -0.0502  O3-g 优于 O1-g（快 5.0%，加速比 1.05x）
2026-03-30 15:13:54,432 INFO:      2             ASCI_Purple_SMG2000    0.8970    0.8750   +0.0220  O3-g 优于 O1-g（快 10.3%，加速比 1.11x）
2026-03-30 15:13:54,432 INFO:      3               ASC_Sequoia_AMGmk    0.7802    0.6667   +0.1135  O3-g 优于 O1-g（快 22.0%，加速比 1.28x）
2026-03-30 15:13:54,432 INFO:      4           ASC_Sequoia_CrystalMk    0.9360    0.9286   +0.0074  O3-g 优于 O1-g（快 6.4%，加速比 1.07x）
2026-03-30 15:13:54,432 INFO:      5               ASC_Sequoia_IRSmk    0.7185    0.6667   +0.0518  O3-g 优于 O1-g（快 28.2%，加速比 1.39x）
2026-03-30 15:13:54,432 INFO:      6                  BitBench_drop3    0.9988    0.9941   +0.0047  O1-g ≈ O3-g（差异在 ±5% 内）
2026-03-30 15:13:54,432 INFO:      7                 BitBench_five11    1.0523    1.0526   -0.0004  O1-g 优于 O3-g（快 5.0%，加速比 1.05x）
2026-03-30 15:13:54,433 INFO:      8               BitBench_uudecode    0.3183    0.2875   +0.0308  O3-g 优于 O1-g（快 68.2%，加速比 3.14x）
2026-03-30 15:13:54,433 INFO:      9               BitBench_uuencode    0.9351    0.9551   -0.0200  O3-g 优于 O1-g（快 6.5%，加速比 1.07x）
2026-03-30 15:13:54,433 INFO:     10                          Bullet    0.9398    0.9091   +0.0307  O3-g 优于 O1-g（快 6.0%，加速比 1.06x）
2026-03-30 15:13:54,433 INFO:     11         DOE-ProxyApps-C++_CLAMR    1.0229    1.0323   -0.0094  O1-g ≈ O3-g（差异在 ±5% 内）
2026-03-30 15:13:54,433 INFO:     12   DOE-ProxyApps-C++_HACCKernels    0.9219    0.9524   -0.0304  O3-g 优于 O1-g（快 7.8%，加速比 1.08x）
2026-03-30 15:13:54,434 INFO:     13         DOE-ProxyApps-C++_HPCCG    0.9835    1.0000   -0.0165  O1-g ≈ O3-g（差异在 ±5% 内）
2026-03-30 15:13:54,434 INFO:     14       DOE-ProxyApps-C++_PENNANT    0.9022    0.8929   +0.0093  O3-g 优于 O1-g（快 9.8%，加速比 1.11x）
2026-03-30 15:13:54,434 INFO:     15        DOE-ProxyApps-C++_miniFE    0.9640    0.9167   +0.0474  O1-g ≈ O3-g（差异在 ±5% 内）
2026-03-30 15:13:54,434 INFO:     16            DOE-ProxyApps-C_CoMD    0.9268    0.9565   -0.0297  O3-g 优于 O1-g（快 7.3%，加速比 1.08x）
2026-03-30 15:13:54,434 INFO:     17      DOE-ProxyApps-C_Pathfinder    0.9931    1.0000   -0.0069  O1-g ≈ O3-g（差异在 ±5% 内）
2026-03-30 15:13:54,435 INFO:     18         DOE-ProxyApps-C_RSBench    0.9908    0.9925   -0.0017  O1-g ≈ O3-g（差异在 ±5% 内）
2026-03-30 15:13:54,435 INFO:     19       DOE-ProxyApps-C_SimpleMOC    0.8139    0.7812   +0.0326  O3-g 优于 O1-g（快 18.6%，加速比 1.23x）
2026-03-30 15:13:54,435 INFO:     20         DOE-ProxyApps-C_XSBench    0.9565    0.9333   +0.0232  O1-g ≈ O3-g（差异在 ±5% 内）
2026-03-30 15:13:54,435 INFO:     21         DOE-ProxyApps-C_miniAMR    0.9688    0.9138   +0.0550  O1-g ≈ O3-g（差异在 ±5% 内）
2026-03-30 15:13:54,436 INFO:     22         DOE-ProxyApps-C_miniGMG    0.9369    0.9048   +0.0321  O3-g 优于 O1-g（快 6.3%，加速比 1.07x）
2026-03-30 15:13:54,436 INFO:     23                     Fhourstones    0.9837    0.9455   +0.0382  O1-g ≈ O3-g（差异在 ±5% 内）
2026-03-30 15:13:54,436 INFO:     24                 Fhourstones-3.1    0.9942    1.0000   -0.0058  O1-g ≈ O3-g（差异在 ±5% 内）
2026-03-30 15:13:54,437 INFO:     25              FreeBench_analyzer    0.9835    0.9750   +0.0084  O1-g ≈ O3-g（差异在 ±5% 内）
2026-03-30 15:13:54,437 INFO:     26               FreeBench_distray    0.9297    0.9388   -0.0091  O3-g 优于 O1-g（快 7.0%，加速比 1.08x）
2026-03-30 15:13:54,437 INFO:     27            FreeBench_fourinarow    1.2249    1.2857   -0.0608  O1-g 优于 O3-g（快 18.4%，加速比 1.22x）
2026-03-30 15:13:54,437 INFO:     28                 FreeBench_mason    1.0699    1.0817   -0.0118  O1-g 优于 O3-g（快 6.5%，加速比 1.07x）
2026-03-30 15:13:54,438 INFO:     29                FreeBench_neural    0.9888    1.0027   -0.0139  O1-g ≈ O3-g（差异在 ±5% 内）
2026-03-30 15:13:54,438 INFO:     30            FreeBench_pcompress2    0.9699    0.9608   +0.0090  O1-g ≈ O3-g（差异在 ±5% 内）
2026-03-30 15:13:54,438 INFO:     31                 FreeBench_pifft    0.9286    0.9231   +0.0055  O3-g 优于 O1-g（快 7.1%，加速比 1.08x）
2026-03-30 15:13:54,438 INFO:     32               MallocBench_cfrac    0.9984    0.9811   +0.0173  O1-g ≈ O3-g（差异在 ±5% 内）
2026-03-30 15:13:54,438 INFO:     33            MallocBench_espresso    0.9783    0.9739   +0.0044  O1-g ≈ O3-g（差异在 ±5% 内）
2026-03-30 15:13:54,439 INFO:     34                  MallocBench_gs    1.0992    1.1541   -0.0548  O1-g 优于 O3-g（快 9.0%，加速比 1.10x）
2026-03-30 15:13:54,439 INFO:     35                 McCat_01-qbsort    1.0329    1.0325   +0.0004  O1-g ≈ O3-g（差异在 ±5% 内）
2026-03-30 15:13:54,439 INFO:     36               McCat_03-testtrie    0.9828    0.9914   -0.0086  O1-g ≈ O3-g（差异在 ±5% 内）
2026-03-30 15:13:54,439 INFO:     37                 McCat_04-bisect    0.9055    0.9159   -0.0104  O3-g 优于 O1-g（快 9.5%，加速比 1.10x）
2026-03-30 15:13:54,439 INFO:     38                   McCat_08-main    1.0116    1.0151   -0.0035  O1-g ≈ O3-g（差异在 ±5% 内）
2026-03-30 15:13:54,439 INFO:     39                    McCat_09-vor    0.9791    0.9895   -0.0104  O1-g ≈ O3-g（差异在 ±5% 内）
2026-03-30 15:13:54,439 INFO:     40                 McCat_12-IOtest    0.9967    1.0068   -0.0101  O1-g ≈ O3-g（差异在 ±5% 内）
2026-03-30 15:13:54,440 INFO:     41                   McCat_15-trie    1.0075    1.0027   +0.0047  O1-g ≈ O3-g（差异在 ±5% 内）
2026-03-30 15:13:54,440 INFO:     42                  McCat_17-bintr    0.9829    1.0000   -0.0171  O1-g ≈ O3-g（差异在 ±5% 内）
2026-03-30 15:13:54,440 INFO:     43                    McCat_18-imp    0.9778    0.9877   -0.0099  O1-g ≈ O3-g（差异在 ±5% 内）
2026-03-30 15:13:54,440 INFO:     44    MiBench_automotive-basicmath    1.0009    1.0000   +0.0009  O1-g ≈ O3-g（差异在 ±5% 内）
2026-03-30 15:13:54,440 INFO:     45     MiBench_automotive-bitcount    0.9651    0.9595   +0.0056  O1-g ≈ O3-g（差异在 ±5% 内）
2026-03-30 15:13:54,440 INFO:     46        MiBench_automotive-susan    0.9803    0.9956   -0.0152  O1-g ≈ O3-g（差异在 ±5% 内）
2026-03-30 15:13:54,441 INFO:     47           MiBench_consumer-jpeg    0.8897    0.8711   +0.0185  O3-g 优于 O1-g（快 11.0%，加速比 1.12x）
2026-03-30 15:13:54,441 INFO:     48           MiBench_consumer-lame    0.8893    0.8994   -0.0101  O3-g 优于 O1-g（快 11.1%，加速比 1.12x）
2026-03-30 15:13:54,441 INFO:     49        MiBench_consumer-typeset    1.0263    0.9916   +0.0348  O1-g ≈ O3-g（差异在 ±5% 内）
2026-03-30 15:13:54,441 INFO:     50        MiBench_network-dijkstra    0.9950    1.0008   -0.0058  O1-g ≈ O3-g（差异在 ±5% 内）
2026-03-30 15:13:54,441 INFO:     51        MiBench_network-patricia    1.0039    1.0000   +0.0039  O1-g ≈ O3-g（差异在 ±5% 内）
2026-03-30 15:13:54,441 INFO:     52           MiBench_office-ispell    1.0237    1.0109   +0.0128  O1-g ≈ O3-g（差异在 ±5% 内）
2026-03-30 15:13:54,442 INFO:     53     MiBench_office-stringsearch    0.9614    0.9548   +0.0066  O1-g ≈ O3-g（差异在 ±5% 内）
2026-03-30 15:13:54,442 INFO:     54       MiBench_security-blowfish    1.0060    0.9843   +0.0217  O1-g ≈ O3-g（差异在 ±5% 内）
2026-03-30 15:13:54,442 INFO:     55       MiBench_security-rijndael    0.9480    0.9380   +0.0100  O3-g 优于 O1-g（快 5.2%，加速比 1.05x）
2026-03-30 15:13:54,442 INFO:     56            MiBench_security-sha    0.7469    0.7444   +0.0025  O3-g 优于 O1-g（快 25.3%，加速比 1.34x）
2026-03-30 15:13:54,442 INFO:     57          MiBench_telecomm-CRC32    0.9988    0.9977   +0.0011  O1-g ≈ O3-g（差异在 ±5% 内）
2026-03-30 15:13:54,442 INFO:     58            MiBench_telecomm-FFT    0.9855    0.9916   -0.0060  O1-g ≈ O3-g（差异在 ±5% 内）
2026-03-30 15:13:54,443 INFO:     59          MiBench_telecomm-adpcm    0.9938    1.0049   -0.0111  O1-g ≈ O3-g（差异在 ±5% 内）
2026-03-30 15:13:54,443 INFO:     60            MiBench_telecomm-gsm    0.8800    0.8678   +0.0123  O3-g 优于 O1-g（快 12.0%，加速比 1.14x）
2026-03-30 15:13:54,443 INFO:     61                   NPB-serial_is    0.9745    1.0000   -0.0255  O1-g ≈ O3-g（差异在 ±5% 内）
2026-03-30 15:13:54,443 INFO:     62                        Olden_bh    1.2270    1.2188   +0.0083  O1-g 优于 O3-g（快 18.5%，加速比 1.23x）
2026-03-30 15:13:54,443 INFO:     63                    Olden_bisort    0.9576    0.9889   -0.0313  O1-g ≈ O3-g（差异在 ±5% 内）
2026-03-30 15:13:54,443 INFO:     64                      Olden_em3d    0.9936    1.0000   -0.0064  O1-g ≈ O3-g（差异在 ±5% 内）
2026-03-30 15:13:54,444 INFO:     65                    Olden_health    0.9778    0.9617   +0.0161  O1-g ≈ O3-g（差异在 ±5% 内）
2026-03-30 15:13:54,444 INFO:     66                       Olden_mst    1.0016    1.0141   -0.0125  O1-g ≈ O3-g（差异在 ±5% 内）
2026-03-30 15:13:54,444 INFO:     67                 Olden_perimeter    0.9240    0.9414   -0.0174  O3-g 优于 O1-g（快 7.6%，加速比 1.08x）
2026-03-30 15:13:54,444 INFO:     68                     Olden_power    0.7343    0.7500   -0.0157  O3-g 优于 O1-g（快 26.6%，加速比 1.36x）
2026-03-30 15:13:54,444 INFO:     69                   Olden_treeadd    0.9885    0.9951   -0.0066  O1-g ≈ O3-g（差异在 ±5% 内）
2026-03-30 15:13:54,444 INFO:     70                       Olden_tsp    0.9544    0.9540   +0.0004  O1-g ≈ O3-g（差异在 ±5% 内）
2026-03-30 15:13:54,445 INFO:     71                   Olden_voronoi    0.9858    0.9879   -0.0021  O1-g ≈ O3-g（差异在 ±5% 内）
2026-03-30 15:13:54,445 INFO:     72                 Prolangs-C++_NP    1.0030    0.9989   +0.0041  O1-g ≈ O3-g（差异在 ±5% 内）
2026-03-30 15:13:54,445 INFO:     73             Prolangs-C++_deriv1    1.0047    0.9959   +0.0088  O1-g ≈ O3-g（差异在 ±5% 内）
2026-03-30 15:13:54,445 INFO:     74             Prolangs-C++_deriv2    1.0108    1.0132   -0.0024  O1-g ≈ O3-g（差异在 ±5% 内）
2026-03-30 15:13:54,445 INFO:     75             Prolangs-C++_employ    0.9936    1.0014   -0.0078  O1-g ≈ O3-g（差异在 ±5% 内）
2026-03-30 15:13:54,445 INFO:     76                Prolangs-C++_fsm    1.0086    1.0151   -0.0065  O1-g ≈ O3-g（差异在 ±5% 内）
2026-03-30 15:13:54,445 INFO:     77             Prolangs-C++_garage    1.0055    0.9917   +0.0138  O1-g ≈ O3-g（差异在 ±5% 内）
2026-03-30 15:13:54,446 INFO:     78               Prolangs-C++_life    0.9666    0.9722   -0.0056  O1-g ≈ O3-g（差异在 ±5% 内）
2026-03-30 15:13:54,446 INFO:     79            Prolangs-C++_objects    1.0036    1.0019   +0.0016  O1-g ≈ O3-g（差异在 ±5% 内）
2026-03-30 15:13:54,446 INFO:     80              Prolangs-C++_ocean    0.9843    1.0016   -0.0173  O1-g ≈ O3-g（差异在 ±5% 内）
2026-03-30 15:13:54,446 INFO:     81             Prolangs-C++_office    1.0120    1.0128   -0.0008  O1-g ≈ O3-g（差异在 ±5% 内）
2026-03-30 15:13:54,446 INFO:     82             Prolangs-C++_primes    0.4051    0.4565   -0.0514  O3-g 优于 O1-g（快 59.5%，加速比 2.47x）
2026-03-30 15:13:54,446 INFO:     83             Prolangs-C++_shapes    1.0077    1.0020   +0.0057  O1-g ≈ O3-g（差异在 ±5% 内）
2026-03-30 15:13:54,446 INFO:     84              Prolangs-C++_simul    0.9209    0.9059   +0.0151  O3-g 优于 O1-g（快 7.9%，加速比 1.09x）
2026-03-30 15:13:54,447 INFO:     85              Prolangs-C++_trees    1.0037    1.0020   +0.0017  O1-g ≈ O3-g（差异在 ±5% 内）
2026-03-30 15:13:54,447 INFO:     86         Prolangs-C_TimberWolfMC    1.0283    0.9772   +0.0511  O1-g ≈ O3-g（差异在 ±5% 内）
2026-03-30 15:13:54,447 INFO:     87        Prolangs-C_archie-client    1.0220    1.0063   +0.0158  O1-g ≈ O3-g（差异在 ±5% 内）
2026-03-30 15:13:54,447 INFO:     88            Prolangs-C_assembler    1.0239    1.0135   +0.0104  O1-g ≈ O3-g（差异在 ±5% 内）
2026-03-30 15:13:54,447 INFO:     89                Prolangs-C_bison    0.9970    0.9944   +0.0026  O1-g ≈ O3-g（差异在 ±5% 内）
2026-03-30 15:13:54,447 INFO:     90                Prolangs-C_cdecl    1.0203    1.0213   -0.0010  O1-g ≈ O3-g（差异在 ±5% 内）
2026-03-30 15:13:54,448 INFO:     91             Prolangs-C_compiler    1.0262    1.0131   +0.0132  O1-g ≈ O3-g（差异在 ±5% 内）
2026-03-30 15:13:54,448 INFO:     92            Prolangs-C_fixoutput    1.0202    1.0067   +0.0135  O1-g ≈ O3-g（差异在 ±5% 内）
2026-03-30 15:13:54,448 INFO:     93             Prolangs-C_football    1.0234    1.0145   +0.0089  O1-g ≈ O3-g（差异在 ±5% 内）
2026-03-30 15:13:54,448 INFO:     94                Prolangs-C_gnugo    0.9550    0.9586   -0.0036  O1-g ≈ O3-g（差异在 ±5% 内）
2026-03-30 15:13:54,448 INFO:     95               Prolangs-C_loader    1.0267    1.0262   +0.0005  O1-g ≈ O3-g（差异在 ±5% 内）
2026-03-30 15:13:54,448 INFO:     96            Prolangs-C_simulator    1.0257    0.9952   +0.0305  O1-g ≈ O3-g（差异在 ±5% 内）
2026-03-30 15:13:54,449 INFO:     97                 Ptrdist_anagram    0.9667    0.9661   +0.0006  O1-g ≈ O3-g（差异在 ±5% 内）
2026-03-30 15:13:54,449 INFO:     98                      Ptrdist_bc    1.0093    1.0000   +0.0093  O1-g ≈ O3-g（差异在 ±5% 内）
2026-03-30 15:13:54,449 INFO:     99                      Ptrdist_ft    0.7383    0.7400   -0.0017  O3-g 优于 O1-g（快 26.2%，加速比 1.35x）
2026-03-30 15:13:54,449 INFO:    100                      Ptrdist_ks    0.9738    0.9474   +0.0264  O1-g ≈ O3-g（差异在 ±5% 内）
2026-03-30 15:13:54,449 INFO:    101                   Ptrdist_yacr2    0.9328    0.8974   +0.0353  O3-g 优于 O1-g（快 6.7%，加速比 1.07x）
2026-03-30 15:13:54,450 INFO:    102                Rodinia_backprop    0.9688    0.9857   -0.0169  O1-g ≈ O3-g（差异在 ±5% 内）
2026-03-30 15:13:54,450 INFO:    103                 Rodinia_hotspot    0.4869    0.5642   -0.0773  O3-g 优于 O1-g（快 51.3%，加速比 2.05x）
2026-03-30 15:13:54,450 INFO:    104              Rodinia_pathfinder    0.8996    0.9121   -0.0124  O3-g 优于 O1-g（快 10.0%，加速比 1.11x）
2026-03-30 15:13:54,450 INFO:    105                    Rodinia_srad    0.6166    0.5543   +0.0623  O3-g 优于 O1-g（快 38.3%，加速比 1.62x）
2026-03-30 15:13:54,450 INFO:    106                      SciMark2-C    0.9907    1.0000   -0.0093  O1-g ≈ O3-g（差异在 ±5% 内）
2026-03-30 15:13:54,451 INFO:    107            TSVC_ControlFlow-dbl    0.8454    0.8571   -0.0117  O3-g 优于 O1-g（快 15.5%，加速比 1.18x）
2026-03-30 15:13:54,452 INFO:    108            TSVC_ControlFlow-flt    0.8107    0.8125   -0.0018  O3-g 优于 O1-g（快 18.9%，加速比 1.23x）
2026-03-30 15:13:54,452 INFO:    109           TSVC_ControlLoops-dbl    0.7291    0.7692   -0.0401  O3-g 优于 O1-g（快 27.1%，加速比 1.37x）
2026-03-30 15:13:54,452 INFO:    110           TSVC_ControlLoops-flt    0.4129    0.5000   -0.0871  O3-g 优于 O1-g（快 58.7%，加速比 2.42x）
2026-03-30 15:13:54,452 INFO:    111     TSVC_CrossingThresholds-dbl    0.6875    0.7333   -0.0458  O3-g 优于 O1-g（快 31.2%，加速比 1.45x）
2026-03-30 15:13:54,452 INFO:    112     TSVC_CrossingThresholds-flt    0.6228    0.6818   -0.0590  O3-g 优于 O1-g（快 37.7%，加速比 1.61x）
2026-03-30 15:13:54,453 INFO:    113          TSVC_Equivalencing-dbl    0.5754    0.6571   -0.0818  O3-g 优于 O1-g（快 42.5%，加速比 1.74x）
2026-03-30 15:13:54,453 INFO:    114          TSVC_Equivalencing-flt    0.2878    0.2821   +0.0058  O3-g 优于 O1-g（快 71.2%，加速比 3.47x）
2026-03-30 15:13:54,453 INFO:    115              TSVC_Expansion-dbl    0.7126    0.7500   -0.0374  O3-g 优于 O1-g（快 28.7%，加速比 1.40x）
2026-03-30 15:13:54,454 INFO:    116              TSVC_Expansion-flt    0.4666    0.5556   -0.0890  O3-g 优于 O1-g（快 53.3%，加速比 2.14x）
2026-03-30 15:13:54,454 INFO:    117         TSVC_GlobalDataFlow-dbl    0.6739    0.7222   -0.0484  O3-g 优于 O1-g（快 32.6%，加速比 1.48x）
2026-03-30 15:13:54,454 INFO:    118         TSVC_GlobalDataFlow-flt    0.3384    0.4474   -0.1090  O3-g 优于 O1-g（快 66.2%，加速比 2.96x）
2026-03-30 15:13:54,454 INFO:    119     TSVC_IndirectAddressing-dbl    0.9586    1.0000   -0.0414  O1-g ≈ O3-g（差异在 ±5% 内）
2026-03-30 15:13:54,454 INFO:    120     TSVC_IndirectAddressing-flt    0.9080    0.9286   -0.0206  O3-g 优于 O1-g（快 9.2%，加速比 1.10x）
2026-03-30 15:13:54,455 INFO:    121      TSVC_InductionVariable-dbl    0.8121    0.8333   -0.0213  O3-g 优于 O1-g（快 18.8%，加速比 1.23x）
2026-03-30 15:13:54,455 INFO:    122      TSVC_InductionVariable-flt    0.7190    0.7500   -0.0310  O3-g 优于 O1-g（快 28.1%，加速比 1.39x）
2026-03-30 15:13:54,455 INFO:    123       TSVC_LinearDependence-dbl    0.7165    0.7647   -0.0482  O3-g 优于 O1-g（快 28.4%，加速比 1.40x）
2026-03-30 15:13:54,455 INFO:    124       TSVC_LinearDependence-flt    0.3830    0.4815   -0.0985  O3-g 优于 O1-g（快 61.7%，加速比 2.61x）
2026-03-30 15:13:54,456 INFO:    125          TSVC_LoopRerolling-dbl    0.7782    0.8182   -0.0399  O3-g 优于 O1-g（快 22.2%，加速比 1.28x）
2026-03-30 15:13:54,456 INFO:    126          TSVC_LoopRerolling-flt    0.7638    0.8182   -0.0544  O3-g 优于 O1-g（快 23.6%，加速比 1.31x）
2026-03-30 15:13:54,456 INFO:    127      TSVC_LoopRestructuring-dbl    0.9938    1.0000   -0.0062  O1-g ≈ O3-g（差异在 ±5% 内）
2026-03-30 15:13:54,456 INFO:    128      TSVC_LoopRestructuring-flt    0.8912    0.9091   -0.0178  O3-g 优于 O1-g（快 10.9%，加速比 1.12x）
2026-03-30 15:13:54,456 INFO:    129          TSVC_NodeSplitting-dbl    0.9029    0.9231   -0.0202  O3-g 优于 O1-g（快 9.7%，加速比 1.11x）
2026-03-30 15:13:54,457 INFO:    130          TSVC_NodeSplitting-flt    0.8483    0.8750   -0.0267  O3-g 优于 O1-g（快 15.2%，加速比 1.18x）
2026-03-30 15:13:54,457 INFO:    131                TSVC_Packing-dbl    0.8399    0.8571   -0.0172  O3-g 优于 O1-g（快 16.0%，加速比 1.19x）
2026-03-30 15:13:54,457 INFO:    132                TSVC_Packing-flt    0.8530    0.8667   -0.0137  O3-g 优于 O1-g（快 14.7%，加速比 1.17x）
2026-03-30 15:13:54,457 INFO:    133            TSVC_Recurrences-dbl    0.9691    1.0000   -0.0309  O1-g ≈ O3-g（差异在 ±5% 内）
2026-03-30 15:13:54,457 INFO:    134            TSVC_Recurrences-flt    0.9709    1.0000   -0.0291  O1-g ≈ O3-g（差异在 ±5% 内）
2026-03-30 15:13:54,458 INFO:    135             TSVC_Reductions-dbl    0.9308    1.0000   -0.0692  O3-g 优于 O1-g（快 6.9%，加速比 1.07x）
2026-03-30 15:13:54,458 INFO:    136             TSVC_Reductions-flt    0.8833    1.0000   -0.1167  O3-g 优于 O1-g（快 11.7%，加速比 1.13x）
2026-03-30 15:13:54,458 INFO:    137              TSVC_Searching-dbl    0.6376    0.6667   -0.0291  O3-g 优于 O1-g（快 36.2%，加速比 1.57x）
2026-03-30 15:13:54,458 INFO:    138              TSVC_Searching-flt    0.2755    0.3000   -0.0245  O3-g 优于 O1-g（快 72.4%，加速比 3.63x）
2026-03-30 15:13:54,458 INFO:    139    TSVC_StatementReordering-dbl    0.9013    0.9231   -0.0217  O3-g 优于 O1-g（快 9.9%，加速比 1.11x）
2026-03-30 15:13:54,459 INFO:    140    TSVC_StatementReordering-flt    0.9158    0.9412   -0.0254  O3-g 优于 O1-g（快 8.4%，加速比 1.09x）
2026-03-30 15:13:54,459 INFO:    141              TSVC_Symbolics-dbl    0.6865    0.7368   -0.0504  O3-g 优于 O1-g（快 31.4%，加速比 1.46x）
2026-03-30 15:13:54,459 INFO:    142              TSVC_Symbolics-flt    0.3272    0.3824   -0.0551  O3-g 优于 O1-g（快 67.3%，加速比 3.06x）
2026-03-30 15:13:54,459 INFO:    143               Trimaran_enc-3des    0.9670    0.9583   +0.0087  O1-g ≈ O3-g（差异在 ±5% 内）
2026-03-30 15:13:54,459 INFO:    144                Trimaran_enc-md5    1.0068    1.0000   +0.0068  O1-g ≈ O3-g（差异在 ±5% 内）
2026-03-30 15:13:54,460 INFO:    145                Trimaran_enc-pc1    0.5318    0.5603   -0.0286  O3-g 优于 O1-g（快 46.8%，加速比 1.88x）
2026-03-30 15:13:54,460 INFO:    146                Trimaran_enc-rc4    0.8906    0.8958   -0.0052  O3-g 优于 O1-g（快 10.9%，加速比 1.12x）
2026-03-30 15:13:54,460 INFO:    147           Trimaran_netbench-crc    0.9731    1.0000   -0.0269  O1-g ≈ O3-g（差异在 ±5% 内）
2026-03-30 15:13:54,460 INFO:    148           Trimaran_netbench-url    0.9923    1.0000   -0.0077  O1-g ≈ O3-g（差异在 ±5% 内）
2026-03-30 15:13:54,460 INFO:    149                VersaBench_8b10b    0.9624    1.0000   -0.0376  O1-g ≈ O3-g（差异在 ±5% 内）
2026-03-30 15:13:54,460 INFO:    150           VersaBench_beamformer    0.8046    0.7705   +0.0342  O3-g 优于 O1-g（快 19.5%，加速比 1.24x）
2026-03-30 15:13:54,461 INFO:    151                  VersaBench_bmm    0.9881    1.0000   -0.0119  O1-g ≈ O3-g（差异在 ±5% 内）
2026-03-30 15:13:54,461 INFO:    152                 VersaBench_dbms    0.9933    1.0000   -0.0067  O1-g ≈ O3-g（差异在 ±5% 内）
2026-03-30 15:13:54,461 INFO:    153               VersaBench_ecbdes    1.0042    1.0000   +0.0042  O1-g ≈ O3-g（差异在 ±5% 内）
2026-03-30 15:13:54,461 INFO:    154                    llubenchmark    0.9965    1.0000   -0.0035  O1-g ≈ O3-g（差异在 ±5% 内）
2026-03-30 15:13:54,461 INFO:    155                           mafft    0.9820    1.0000   -0.0180  O1-g ≈ O3-g（差异在 ±5% 内）
2026-03-30 15:13:54,461 INFO:    156      mediabench_adpcm_rawcaudio    0.9843    1.0015   -0.0173  O1-g ≈ O3-g（差异在 ±5% 内）
2026-03-30 15:13:54,462 INFO:    157      mediabench_adpcm_rawdaudio    1.0027    1.0154   -0.0126  O1-g ≈ O3-g（差异在 ±5% 内）
2026-03-30 15:13:54,462 INFO:    158      mediabench_g721_g721encode    0.9303    0.8981   +0.0322  O3-g 优于 O1-g（快 7.0%，加速比 1.07x）
2026-03-30 15:13:54,462 INFO:    159            mediabench_gsm_toast    0.8668    0.8490   +0.0178  O3-g 优于 O1-g（快 13.3%，加速比 1.15x）
2026-03-30 15:13:54,462 INFO:    160         mediabench_jpeg_jpeg-6a    0.9930    1.0070   -0.0140  O1-g ≈ O3-g（差异在 ±5% 内）
2026-03-30 15:13:54,462 INFO:    161       mediabench_mpeg2_mpeg2dec    0.9251    0.9766   -0.0515  O3-g 优于 O1-g（快 7.5%，加速比 1.08x）
2026-03-30 15:13:54,463 INFO:    162                          nbench    0.8603    0.8710   -0.0107  O3-g 优于 O1-g（快 14.0%，加速比 1.16x）
2026-03-30 15:13:54,463 INFO:    163                      tramp3d-v4    0.4877    0.5445   -0.0569  O3-g 优于 O1-g（快 51.2%，加速比 2.05x）
2026-03-30 15:13:54,463 INFO: 
  ── 验证指标 ──
2026-03-30 15:13:54,463 INFO:   MAE  = 0.0230
2026-03-30 15:13:54,463 INFO:   MSE  = 0.0011
2026-03-30 15:13:54,464 INFO:   RMSE = 0.0328
2026-03-30 15:13:54,464 INFO:   方向准确率 = 127/163 (77.9%)
2026-03-30 15:13:54,464 INFO:   预测 O1-g 更优: 37/163  (真实: 33/163)
2026-03-30 15:13:54,464 INFO:   方向准确率（排除 ±5%）= 73/73 (100.0%)
2026-03-30 15:13:54,596 INFO: ========================================================================
2026-03-30 15:13:54,596 INFO: 版本对: O2-bolt_vs_O2-bolt-opt  (O2-bolt vs O2-bolt-opt)  共 165 个程序
2026-03-30 15:13:54,596 INFO: 标签模式: fixed_workload
2026-03-30 15:13:54,596 INFO: 标签定义: Y = T_v2 / T_v1 (time ratio)
2026-03-30 15:13:54,596 INFO: 判定方向: Y > 1 视为 O2-bolt 更快，Y < 1 视为 O2-bolt-opt 更快
2026-03-30 15:13:54,596 INFO: ========================================================================
2026-03-30 15:13:54,596 INFO:      #                              程序      预测 Ŷ      真实 Y        误差  判断
2026-03-30 15:13:54,596 INFO:   ------------------------------------------------------------------------
2026-03-30 15:13:54,596 INFO:      1                            7zip    0.9692    1.0000   -0.0308  O2-bolt ≈ O2-bolt-opt（差异在 ±5% 内）
2026-03-30 15:13:54,596 INFO:      2             ASCI_Purple_SMG2000    1.0088    1.0000   +0.0088  O2-bolt ≈ O2-bolt-opt（差异在 ±5% 内）
2026-03-30 15:13:54,597 INFO:      3               ASC_Sequoia_AMGmk    0.9888    1.0000   -0.0112  O2-bolt ≈ O2-bolt-opt（差异在 ±5% 内）
2026-03-30 15:13:54,597 INFO:      4           ASC_Sequoia_CrystalMk    0.9933    1.0000   -0.0067  O2-bolt ≈ O2-bolt-opt（差异在 ±5% 内）
2026-03-30 15:13:54,597 INFO:      5               ASC_Sequoia_IRSmk    0.9955    1.0000   -0.0045  O2-bolt ≈ O2-bolt-opt（差异在 ±5% 内）
2026-03-30 15:13:54,597 INFO:      6                  BitBench_drop3    1.0233    1.0494   -0.0261  O2-bolt ≈ O2-bolt-opt（差异在 ±5% 内）
2026-03-30 15:13:54,597 INFO:      7                 BitBench_five11    0.9573    0.9500   +0.0073  O2-bolt ≈ O2-bolt-opt（差异在 ±5% 内）
2026-03-30 15:13:54,597 INFO:      8               BitBench_uudecode    0.9995    0.9986   +0.0009  O2-bolt ≈ O2-bolt-opt（差异在 ±5% 内）
2026-03-30 15:13:54,597 INFO:      9               BitBench_uuencode    0.9879    0.9997   -0.0118  O2-bolt ≈ O2-bolt-opt（差异在 ±5% 内）
2026-03-30 15:13:54,597 INFO:     10                          Bullet    1.0189    1.0000   +0.0189  O2-bolt ≈ O2-bolt-opt（差异在 ±5% 内）
2026-03-30 15:13:54,597 INFO:     11         DOE-ProxyApps-C++_CLAMR    0.9586    1.0000   -0.0414  O2-bolt ≈ O2-bolt-opt（差异在 ±5% 内）
2026-03-30 15:13:54,598 INFO:     12   DOE-ProxyApps-C++_HACCKernels    0.9887    1.0000   -0.0113  O2-bolt ≈ O2-bolt-opt（差异在 ±5% 内）
2026-03-30 15:13:54,598 INFO:     13         DOE-ProxyApps-C++_HPCCG    0.9771    1.0000   -0.0229  O2-bolt ≈ O2-bolt-opt（差异在 ±5% 内）
2026-03-30 15:13:54,598 INFO:     14       DOE-ProxyApps-C++_PENNANT    0.9901    1.0000   -0.0099  O2-bolt ≈ O2-bolt-opt（差异在 ±5% 内）
2026-03-30 15:13:54,598 INFO:     15        DOE-ProxyApps-C++_miniFE    0.9730    1.0000   -0.0270  O2-bolt ≈ O2-bolt-opt（差异在 ±5% 内）
2026-03-30 15:13:54,598 INFO:     16            DOE-ProxyApps-C_CoMD    0.9573    0.9600   -0.0027  O2-bolt ≈ O2-bolt-opt（差异在 ±5% 内）
2026-03-30 15:13:54,598 INFO:     17      DOE-ProxyApps-C_Pathfinder    1.0138    1.0667   -0.0529  O2-bolt ≈ O2-bolt-opt（差异在 ±5% 内）
2026-03-30 15:13:54,598 INFO:     18         DOE-ProxyApps-C_RSBench    0.9950    0.9852   +0.0098  O2-bolt ≈ O2-bolt-opt（差异在 ±5% 内）
2026-03-30 15:13:54,598 INFO:     19       DOE-ProxyApps-C_SimpleMOC    0.9997    1.0000   -0.0003  O2-bolt ≈ O2-bolt-opt（差异在 ±5% 内）
2026-03-30 15:13:54,598 INFO:     20         DOE-ProxyApps-C_XSBench    0.9389    0.9375   +0.0014  O2-bolt-opt 优于 O2-bolt（快 6.1%，加速比 1.07x）
2026-03-30 15:13:54,599 INFO:     21         DOE-ProxyApps-C_miniAMR    0.9659    1.0000   -0.0341  O2-bolt ≈ O2-bolt-opt（差异在 ±5% 内）
2026-03-30 15:13:54,599 INFO:     22         DOE-ProxyApps-C_miniGMG    0.9865    0.9841   +0.0024  O2-bolt ≈ O2-bolt-opt（差异在 ±5% 内）
2026-03-30 15:13:54,599 INFO:     23                     Fhourstones    0.9801    0.9811   -0.0010  O2-bolt ≈ O2-bolt-opt（差异在 ±5% 内）
2026-03-30 15:13:54,599 INFO:     24                 Fhourstones-3.1    0.9972    1.0857   -0.0886  O2-bolt ≈ O2-bolt-opt（差异在 ±5% 内）
2026-03-30 15:13:54,600 INFO:     25              FreeBench_analyzer    1.0238    1.0206   +0.0033  O2-bolt ≈ O2-bolt-opt（差异在 ±5% 内）
2026-03-30 15:13:54,600 INFO:     26               FreeBench_distray    0.9860    0.9948   -0.0089  O2-bolt ≈ O2-bolt-opt（差异在 ±5% 内）
2026-03-30 15:13:54,600 INFO:     27            FreeBench_fourinarow    0.9967    1.0000   -0.0033  O2-bolt ≈ O2-bolt-opt（差异在 ±5% 内）
2026-03-30 15:13:54,600 INFO:     28                 FreeBench_mason    0.9831    0.9848   -0.0017  O2-bolt ≈ O2-bolt-opt（差异在 ±5% 内）
2026-03-30 15:13:54,600 INFO:     29                FreeBench_neural    1.0185    1.0217   -0.0033  O2-bolt ≈ O2-bolt-opt（差异在 ±5% 内）
2026-03-30 15:13:54,600 INFO:     30            FreeBench_pcompress2    0.9903    1.0335   -0.0432  O2-bolt ≈ O2-bolt-opt（差异在 ±5% 内）
2026-03-30 15:13:54,601 INFO:     31                 FreeBench_pifft    0.9955    1.0018   -0.0063  O2-bolt ≈ O2-bolt-opt（差异在 ±5% 内）
2026-03-30 15:13:54,601 INFO:     32               MallocBench_cfrac    1.0032    1.0000   +0.0032  O2-bolt ≈ O2-bolt-opt（差异在 ±5% 内）
2026-03-30 15:13:54,601 INFO:     33            MallocBench_espresso    0.9765    1.0000   -0.0235  O2-bolt ≈ O2-bolt-opt（差异在 ±5% 内）
2026-03-30 15:13:54,601 INFO:     34                  MallocBench_gs    0.9466    0.9546   -0.0079  O2-bolt-opt 优于 O2-bolt（快 5.3%，加速比 1.06x）
2026-03-30 15:13:54,601 INFO:     35                 McCat_01-qbsort    0.9864    0.9744   +0.0119  O2-bolt ≈ O2-bolt-opt（差异在 ±5% 内）
2026-03-30 15:13:54,602 INFO:     36                 McCat_04-bisect    1.0095    1.0136   -0.0041  O2-bolt ≈ O2-bolt-opt（差异在 ±5% 内）
2026-03-30 15:13:54,602 INFO:     37                   McCat_08-main    0.9901    1.0000   -0.0099  O2-bolt ≈ O2-bolt-opt（差异在 ±5% 内）
2026-03-30 15:13:54,602 INFO:     38                    McCat_09-vor    0.9906    0.9947   -0.0042  O2-bolt ≈ O2-bolt-opt（差异在 ±5% 内）
2026-03-30 15:13:54,602 INFO:     39                 McCat_12-IOtest    0.9931    0.9932   -0.0001  O2-bolt ≈ O2-bolt-opt（差异在 ±5% 内）
2026-03-30 15:13:54,602 INFO:     40                   McCat_15-trie    1.0135    1.0101   +0.0034  O2-bolt ≈ O2-bolt-opt（差异在 ±5% 内）
2026-03-30 15:13:54,602 INFO:     41                  McCat_17-bintr    0.9420    0.9494   -0.0074  O2-bolt-opt 优于 O2-bolt（快 5.8%，加速比 1.06x）
2026-03-30 15:13:54,603 INFO:     42                    McCat_18-imp    1.0891    1.1155   -0.0264  O2-bolt 优于 O2-bolt-opt（快 8.2%，加速比 1.09x）
2026-03-30 15:13:54,603 INFO:     43    MiBench_automotive-basicmath    0.9994    1.0000   -0.0006  O2-bolt ≈ O2-bolt-opt（差异在 ±5% 内）
2026-03-30 15:13:54,603 INFO:     44     MiBench_automotive-bitcount    0.9030    0.8994   +0.0036  O2-bolt-opt 优于 O2-bolt（快 9.7%，加速比 1.11x）
2026-03-30 15:13:54,603 INFO:     45        MiBench_automotive-susan    0.9796    0.9883   -0.0087  O2-bolt ≈ O2-bolt-opt（差异在 ±5% 内）
2026-03-30 15:13:54,603 INFO:     46           MiBench_consumer-jpeg    0.9833    0.9967   -0.0133  O2-bolt ≈ O2-bolt-opt（差异在 ±5% 内）
2026-03-30 15:13:54,604 INFO:     47           MiBench_consumer-lame    0.9810    0.9877   -0.0067  O2-bolt ≈ O2-bolt-opt（差异在 ±5% 内）
2026-03-30 15:13:54,604 INFO:     48        MiBench_consumer-typeset    1.0236    0.9945   +0.0291  O2-bolt ≈ O2-bolt-opt（差异在 ±5% 内）
2026-03-30 15:13:54,604 INFO:     49        MiBench_network-dijkstra    0.9560    0.9192   +0.0368  O2-bolt ≈ O2-bolt-opt（差异在 ±5% 内）
2026-03-30 15:13:54,604 INFO:     50        MiBench_network-patricia    0.9916    0.9936   -0.0019  O2-bolt ≈ O2-bolt-opt（差异在 ±5% 内）
2026-03-30 15:13:54,605 INFO:     51           MiBench_office-ispell    1.0210    1.0015   +0.0196  O2-bolt ≈ O2-bolt-opt（差异在 ±5% 内）
2026-03-30 15:13:54,605 INFO:     52     MiBench_office-stringsearch    1.0127    1.0090   +0.0038  O2-bolt ≈ O2-bolt-opt（差异在 ±5% 内）
2026-03-30 15:13:54,605 INFO:     53       MiBench_security-blowfish    1.0197    1.0251   -0.0054  O2-bolt ≈ O2-bolt-opt（差异在 ±5% 内）
2026-03-30 15:13:54,606 INFO:     54       MiBench_security-rijndael    1.0209    1.0469   -0.0260  O2-bolt ≈ O2-bolt-opt（差异在 ±5% 内）
2026-03-30 15:13:54,606 INFO:     55            MiBench_security-sha    0.9976    1.0035   -0.0059  O2-bolt ≈ O2-bolt-opt（差异在 ±5% 内）
2026-03-30 15:13:54,606 INFO:     56          MiBench_telecomm-CRC32    1.0256    1.0000   +0.0256  O2-bolt ≈ O2-bolt-opt（差异在 ±5% 内）
2026-03-30 15:13:54,606 INFO:     57            MiBench_telecomm-FFT    0.9781    1.0031   -0.0250  O2-bolt ≈ O2-bolt-opt（差异在 ±5% 内）
2026-03-30 15:13:54,606 INFO:     58          MiBench_telecomm-adpcm    0.9934    0.9976   -0.0042  O2-bolt ≈ O2-bolt-opt（差异在 ±5% 内）
2026-03-30 15:13:54,607 INFO:     59            MiBench_telecomm-gsm    0.9993    1.0076   -0.0082  O2-bolt ≈ O2-bolt-opt（差异在 ±5% 内）
2026-03-30 15:13:54,607 INFO:     60                   NPB-serial_is    0.9888    1.0000   -0.0112  O2-bolt ≈ O2-bolt-opt（差异在 ±5% 内）
2026-03-30 15:13:54,607 INFO:     61                        Olden_bh    1.0033    1.0000   +0.0033  O2-bolt ≈ O2-bolt-opt（差异在 ±5% 内）
2026-03-30 15:13:54,607 INFO:     62                    Olden_bisort    0.9904    0.9778   +0.0126  O2-bolt ≈ O2-bolt-opt（差异在 ±5% 内）
2026-03-30 15:13:54,607 INFO:     63                      Olden_em3d    1.6223    1.6429   -0.0206  O2-bolt 优于 O2-bolt-opt（快 38.4%，加速比 1.62x）
2026-03-30 15:13:54,607 INFO:     64                    Olden_health    0.9837    0.9891   -0.0055  O2-bolt ≈ O2-bolt-opt（差异在 ±5% 内）
2026-03-30 15:13:54,608 INFO:     65                       Olden_mst    0.9784    0.9920   -0.0136  O2-bolt ≈ O2-bolt-opt（差异在 ±5% 内）
2026-03-30 15:13:54,608 INFO:     66                 Olden_perimeter    0.9495    0.9345   +0.0150  O2-bolt-opt 优于 O2-bolt（快 5.0%，加速比 1.05x）
2026-03-30 15:13:54,608 INFO:     67                     Olden_power    0.9902    1.0000   -0.0098  O2-bolt ≈ O2-bolt-opt（差异在 ±5% 内）
2026-03-30 15:13:54,608 INFO:     68                   Olden_treeadd    0.9823    0.9854   -0.0031  O2-bolt ≈ O2-bolt-opt（差异在 ±5% 内）
2026-03-30 15:13:54,608 INFO:     69                       Olden_tsp    0.9842    1.0000   -0.0158  O2-bolt ≈ O2-bolt-opt（差异在 ±5% 内）
2026-03-30 15:13:54,609 INFO:     70                   Olden_voronoi    1.0150    1.0000   +0.0150  O2-bolt ≈ O2-bolt-opt（差异在 ±5% 内）
2026-03-30 15:13:54,609 INFO:     71                           PAQ8p    0.9880    1.0000   -0.0120  O2-bolt ≈ O2-bolt-opt（差异在 ±5% 内）
2026-03-30 15:13:54,609 INFO:     72                 Prolangs-C++_NP    1.0114    1.0088   +0.0026  O2-bolt ≈ O2-bolt-opt（差异在 ±5% 内）
2026-03-30 15:13:54,609 INFO:     73               Prolangs-C++_city    0.9775    0.9759   +0.0016  O2-bolt ≈ O2-bolt-opt（差异在 ±5% 内）
2026-03-30 15:13:54,609 INFO:     74             Prolangs-C++_deriv1    1.0119    1.0141   -0.0022  O2-bolt ≈ O2-bolt-opt（差异在 ±5% 内）
2026-03-30 15:13:54,610 INFO:     75             Prolangs-C++_deriv2    1.0118    1.0115   +0.0003  O2-bolt ≈ O2-bolt-opt（差异在 ±5% 内）
2026-03-30 15:13:54,610 INFO:     76             Prolangs-C++_employ    0.9884    0.9903   -0.0019  O2-bolt ≈ O2-bolt-opt（差异在 ±5% 内）
2026-03-30 15:13:54,610 INFO:     77             Prolangs-C++_family    1.0135    1.0197   -0.0062  O2-bolt ≈ O2-bolt-opt（差异在 ±5% 内）
2026-03-30 15:13:54,610 INFO:     78                Prolangs-C++_fsm    1.0098    1.0091   +0.0007  O2-bolt ≈ O2-bolt-opt（差异在 ±5% 内）
2026-03-30 15:13:54,610 INFO:     79             Prolangs-C++_garage    1.0044    0.9981   +0.0063  O2-bolt ≈ O2-bolt-opt（差异在 ±5% 内）
2026-03-30 15:13:54,611 INFO:     80               Prolangs-C++_life    0.9984    1.0000   -0.0016  O2-bolt ≈ O2-bolt-opt（差异在 ±5% 内）
2026-03-30 15:13:54,611 INFO:     81            Prolangs-C++_objects    1.0098    1.0114   -0.0016  O2-bolt ≈ O2-bolt-opt（差异在 ±5% 内）
2026-03-30 15:13:54,611 INFO:     82              Prolangs-C++_ocean    0.9909    1.0000   -0.0091  O2-bolt ≈ O2-bolt-opt（差异在 ±5% 内）
2026-03-30 15:13:54,611 INFO:     83             Prolangs-C++_office    1.0086    1.0060   +0.0026  O2-bolt ≈ O2-bolt-opt（差异在 ±5% 内）
2026-03-30 15:13:54,611 INFO:     84             Prolangs-C++_primes    0.9647    0.9580   +0.0067  O2-bolt ≈ O2-bolt-opt（差异在 ±5% 内）
2026-03-30 15:13:54,611 INFO:     85             Prolangs-C++_shapes    1.0109    1.0252   -0.0143  O2-bolt ≈ O2-bolt-opt（差异在 ±5% 内）
2026-03-30 15:13:54,612 INFO:     86              Prolangs-C++_simul    1.0136    1.0252   -0.0117  O2-bolt ≈ O2-bolt-opt（差异在 ±5% 内）
2026-03-30 15:13:54,612 INFO:     87              Prolangs-C++_trees    1.0135    1.0176   -0.0041  O2-bolt ≈ O2-bolt-opt（差异在 ±5% 内）
2026-03-30 15:13:54,612 INFO:     88              Prolangs-C++_vcirc    1.0050    1.0016   +0.0034  O2-bolt ≈ O2-bolt-opt（差异在 ±5% 内）
2026-03-30 15:13:54,612 INFO:     89                Prolangs-C_agrep    1.0110    1.0382   -0.0272  O2-bolt ≈ O2-bolt-opt（差异在 ±5% 内）
2026-03-30 15:13:54,612 INFO:     90             Prolangs-C_allroots    1.0318    1.0094   +0.0224  O2-bolt ≈ O2-bolt-opt（差异在 ±5% 内）
2026-03-30 15:13:54,612 INFO:     91                Prolangs-C_bison    0.9811    0.9879   -0.0069  O2-bolt ≈ O2-bolt-opt（差异在 ±5% 内）
2026-03-30 15:13:54,613 INFO:     92                Prolangs-C_cdecl    1.0107    1.0122   -0.0015  O2-bolt ≈ O2-bolt-opt（差异在 ±5% 内）
2026-03-30 15:13:54,613 INFO:     93            Prolangs-C_fixoutput    1.0240    0.9965   +0.0276  O2-bolt ≈ O2-bolt-opt（差异在 ±5% 内）
2026-03-30 15:13:54,613 INFO:     94             Prolangs-C_football    1.0235    0.9975   +0.0260  O2-bolt ≈ O2-bolt-opt（差异在 ±5% 内）
2026-03-30 15:13:54,613 INFO:     95                Prolangs-C_gnugo    0.9920    1.0098   -0.0178  O2-bolt ≈ O2-bolt-opt（差异在 ±5% 内）
2026-03-30 15:13:54,613 INFO:     96               Prolangs-C_loader    1.0302    1.0238   +0.0064  O2-bolt ≈ O2-bolt-opt（差异在 ±5% 内）
2026-03-30 15:13:54,614 INFO:     97            Prolangs-C_simulator    1.0350    1.0159   +0.0191  O2-bolt ≈ O2-bolt-opt（差异在 ±5% 内）
2026-03-30 15:13:54,614 INFO:     98           Prolangs-C_unix-smail    1.0221    0.9970   +0.0251  O2-bolt ≈ O2-bolt-opt（差异在 ±5% 内）
2026-03-30 15:13:54,614 INFO:     99             Prolangs-C_unix-tbl    1.0301    1.0225   +0.0076  O2-bolt ≈ O2-bolt-opt（差异在 ±5% 内）
2026-03-30 15:13:54,614 INFO:    100                 Ptrdist_anagram    0.9754    0.9833   -0.0079  O2-bolt ≈ O2-bolt-opt（差异在 ±5% 内）
2026-03-30 15:13:54,614 INFO:    101                      Ptrdist_bc    0.8810    0.9045   -0.0235  O2-bolt-opt 优于 O2-bolt（快 11.9%，加速比 1.14x）
2026-03-30 15:13:54,614 INFO:    102                      Ptrdist_ft    0.9840    1.0000   -0.0160  O2-bolt ≈ O2-bolt-opt（差异在 ±5% 内）
2026-03-30 15:13:54,615 INFO:    103                      Ptrdist_ks    0.9859    0.9831   +0.0029  O2-bolt ≈ O2-bolt-opt（差异在 ±5% 内）
2026-03-30 15:13:54,615 INFO:    104                   Ptrdist_yacr2    1.1189    1.0938   +0.0251  O2-bolt 优于 O2-bolt-opt（快 10.6%，加速比 1.12x）
2026-03-30 15:13:54,615 INFO:    105                Rodinia_backprop    0.9949    1.0000   -0.0051  O2-bolt ≈ O2-bolt-opt（差异在 ±5% 内）
2026-03-30 15:13:54,615 INFO:    106                 Rodinia_hotspot    0.9947    0.9923   +0.0024  O2-bolt ≈ O2-bolt-opt（差异在 ±5% 内）
2026-03-30 15:13:54,615 INFO:    107              Rodinia_pathfinder    1.0126    1.0345   -0.0219  O2-bolt ≈ O2-bolt-opt（差异在 ±5% 内）
2026-03-30 15:13:54,615 INFO:    108                    Rodinia_srad    0.9718    1.0000   -0.0282  O2-bolt ≈ O2-bolt-opt（差异在 ±5% 内）
2026-03-30 15:13:54,615 INFO:    109                      SciMark2-C    0.9891    1.0000   -0.0109  O2-bolt ≈ O2-bolt-opt（差异在 ±5% 内）
2026-03-30 15:13:54,616 INFO:    110            TSVC_ControlFlow-dbl    0.9889    1.0000   -0.0111  O2-bolt ≈ O2-bolt-opt（差异在 ±5% 内）
2026-03-30 15:13:54,616 INFO:    111            TSVC_ControlFlow-flt    0.9895    1.0000   -0.0105  O2-bolt ≈ O2-bolt-opt（差异在 ±5% 内）
2026-03-30 15:13:54,616 INFO:    112           TSVC_ControlLoops-dbl    0.9912    1.0000   -0.0088  O2-bolt ≈ O2-bolt-opt（差异在 ±5% 内）
2026-03-30 15:13:54,616 INFO:    113           TSVC_ControlLoops-flt    0.9795    1.0000   -0.0205  O2-bolt ≈ O2-bolt-opt（差异在 ±5% 内）
2026-03-30 15:13:54,616 INFO:    114     TSVC_CrossingThresholds-dbl    0.9860    1.0000   -0.0140  O2-bolt ≈ O2-bolt-opt（差异在 ±5% 内）
2026-03-30 15:13:54,616 INFO:    115     TSVC_CrossingThresholds-flt    0.9553    0.9565   -0.0012  O2-bolt ≈ O2-bolt-opt（差异在 ±5% 内）
2026-03-30 15:13:54,617 INFO:    116          TSVC_Equivalencing-dbl    0.9866    1.0000   -0.0134  O2-bolt ≈ O2-bolt-opt（差异在 ±5% 内）
2026-03-30 15:13:54,617 INFO:    117          TSVC_Equivalencing-flt    0.9782    1.0000   -0.0218  O2-bolt ≈ O2-bolt-opt（差异在 ±5% 内）
2026-03-30 15:13:54,617 INFO:    118              TSVC_Expansion-dbl    0.9814    1.0000   -0.0186  O2-bolt ≈ O2-bolt-opt（差异在 ±5% 内）
2026-03-30 15:13:54,617 INFO:    119              TSVC_Expansion-flt    0.9566    0.9643   -0.0077  O2-bolt ≈ O2-bolt-opt（差异在 ±5% 内）
2026-03-30 15:13:54,617 INFO:    120         TSVC_GlobalDataFlow-dbl    0.9951    1.0000   -0.0049  O2-bolt ≈ O2-bolt-opt（差异在 ±5% 内）
2026-03-30 15:13:54,617 INFO:    121         TSVC_GlobalDataFlow-flt    0.9487    0.9744   -0.0257  O2-bolt-opt 优于 O2-bolt（快 5.1%，加速比 1.05x）
2026-03-30 15:13:54,617 INFO:    122     TSVC_IndirectAddressing-dbl    0.9995    1.0000   -0.0005  O2-bolt ≈ O2-bolt-opt（差异在 ±5% 内）
2026-03-30 15:13:54,618 INFO:    123     TSVC_IndirectAddressing-flt    0.9939    1.0000   -0.0061  O2-bolt ≈ O2-bolt-opt（差异在 ±5% 内）
2026-03-30 15:13:54,618 INFO:    124      TSVC_InductionVariable-dbl    1.0012    1.0000   +0.0012  O2-bolt ≈ O2-bolt-opt（差异在 ±5% 内）
2026-03-30 15:13:54,618 INFO:    125      TSVC_InductionVariable-flt    0.9946    1.0000   -0.0054  O2-bolt ≈ O2-bolt-opt（差异在 ±5% 内）
2026-03-30 15:13:54,618 INFO:    126       TSVC_LinearDependence-dbl    0.9918    1.0000   -0.0082  O2-bolt ≈ O2-bolt-opt（差异在 ±5% 内）
2026-03-30 15:13:54,618 INFO:    127       TSVC_LinearDependence-flt    0.9252    0.9333   -0.0081  O2-bolt-opt 优于 O2-bolt（快 7.5%，加速比 1.08x）
2026-03-30 15:13:54,618 INFO:    128          TSVC_LoopRerolling-dbl    0.9959    1.0000   -0.0041  O2-bolt ≈ O2-bolt-opt（差异在 ±5% 内）
2026-03-30 15:13:54,619 INFO:    129          TSVC_LoopRerolling-flt    0.9953    1.0000   -0.0047  O2-bolt ≈ O2-bolt-opt（差异在 ±5% 内）
2026-03-30 15:13:54,619 INFO:    130      TSVC_LoopRestructuring-dbl    0.9572    1.0000   -0.0428  O2-bolt ≈ O2-bolt-opt（差异在 ±5% 内）
2026-03-30 15:13:54,620 INFO:    131      TSVC_LoopRestructuring-flt    1.0138    1.0000   +0.0138  O2-bolt ≈ O2-bolt-opt（差异在 ±5% 内）
2026-03-30 15:13:54,620 INFO:    132          TSVC_NodeSplitting-dbl    0.9816    1.0000   -0.0184  O2-bolt ≈ O2-bolt-opt（差异在 ±5% 内）
2026-03-30 15:13:54,620 INFO:    133          TSVC_NodeSplitting-flt    0.9278    0.9412   -0.0134  O2-bolt-opt 优于 O2-bolt（快 7.2%，加速比 1.08x）
2026-03-30 15:13:54,620 INFO:    134                TSVC_Packing-dbl    1.0342    1.0000   +0.0342  O2-bolt ≈ O2-bolt-opt（差异在 ±5% 内）
2026-03-30 15:13:54,621 INFO:    135                TSVC_Packing-flt    1.4853    1.3333   +0.1519  O2-bolt 优于 O2-bolt-opt（快 32.7%，加速比 1.49x）
2026-03-30 15:13:54,621 INFO:    136            TSVC_Recurrences-dbl    0.9790    1.0000   -0.0210  O2-bolt ≈ O2-bolt-opt（差异在 ±5% 内）
2026-03-30 15:13:54,621 INFO:    137            TSVC_Recurrences-flt    0.9743    1.0000   -0.0257  O2-bolt ≈ O2-bolt-opt（差异在 ±5% 内）
2026-03-30 15:13:54,621 INFO:    138             TSVC_Reductions-dbl    0.9971    1.0000   -0.0029  O2-bolt ≈ O2-bolt-opt（差异在 ±5% 内）
2026-03-30 15:13:54,621 INFO:    139             TSVC_Reductions-flt    1.0318    1.0000   +0.0318  O2-bolt ≈ O2-bolt-opt（差异在 ±5% 内）
2026-03-30 15:13:54,621 INFO:    140              TSVC_Searching-dbl    0.9720    1.0000   -0.0280  O2-bolt ≈ O2-bolt-opt（差异在 ±5% 内）
2026-03-30 15:13:54,622 INFO:    141              TSVC_Searching-flt    0.9874    1.0000   -0.0126  O2-bolt ≈ O2-bolt-opt（差异在 ±5% 内）
2026-03-30 15:13:54,622 INFO:    142    TSVC_StatementReordering-dbl    0.9866    1.0000   -0.0134  O2-bolt ≈ O2-bolt-opt（差异在 ±5% 内）
2026-03-30 15:13:54,622 INFO:    143    TSVC_StatementReordering-flt    1.0671    1.0625   +0.0046  O2-bolt 优于 O2-bolt-opt（快 6.3%，加速比 1.07x）
2026-03-30 15:13:54,622 INFO:    144              TSVC_Symbolics-dbl    1.0118    1.0000   +0.0118  O2-bolt ≈ O2-bolt-opt（差异在 ±5% 内）
2026-03-30 15:13:54,622 INFO:    145              TSVC_Symbolics-flt    0.9544    0.9444   +0.0099  O2-bolt ≈ O2-bolt-opt（差异在 ±5% 内）
2026-03-30 15:13:54,623 INFO:    146               Trimaran_enc-3des    1.0112    1.0000   +0.0112  O2-bolt ≈ O2-bolt-opt（差异在 ±5% 内）
2026-03-30 15:13:54,623 INFO:    147                Trimaran_enc-md5    1.0080    1.0000   +0.0080  O2-bolt ≈ O2-bolt-opt（差异在 ±5% 内）
2026-03-30 15:13:54,623 INFO:    148                Trimaran_enc-pc1    1.0041    1.0000   +0.0041  O2-bolt ≈ O2-bolt-opt（差异在 ±5% 内）
2026-03-30 15:13:54,623 INFO:    149                Trimaran_enc-rc4    0.9854    0.9796   +0.0058  O2-bolt ≈ O2-bolt-opt（差异在 ±5% 内）
2026-03-30 15:13:54,623 INFO:    150           Trimaran_netbench-crc    0.9849    1.0000   -0.0151  O2-bolt ≈ O2-bolt-opt（差异在 ±5% 内）
2026-03-30 15:13:54,624 INFO:    151           Trimaran_netbench-url    1.0053    1.0000   +0.0053  O2-bolt ≈ O2-bolt-opt（差异在 ±5% 内）
2026-03-30 15:13:54,624 INFO:    152                VersaBench_8b10b    1.0170    1.0000   +0.0170  O2-bolt ≈ O2-bolt-opt（差异在 ±5% 内）
2026-03-30 15:13:54,624 INFO:    153           VersaBench_beamformer    1.1350    1.1296   +0.0054  O2-bolt 优于 O2-bolt-opt（快 11.9%，加速比 1.14x）
2026-03-30 15:13:54,624 INFO:    154                  VersaBench_bmm    0.9994    1.0000   -0.0006  O2-bolt ≈ O2-bolt-opt（差异在 ±5% 内）
2026-03-30 15:13:54,624 INFO:    155                 VersaBench_dbms    0.9804    1.0000   -0.0196  O2-bolt ≈ O2-bolt-opt（差异在 ±5% 内）
2026-03-30 15:13:54,624 INFO:    156               VersaBench_ecbdes    1.0038    1.0000   +0.0038  O2-bolt ≈ O2-bolt-opt（差异在 ±5% 内）
2026-03-30 15:13:54,625 INFO:    157                    llubenchmark    0.9963    1.0000   -0.0037  O2-bolt ≈ O2-bolt-opt（差异在 ±5% 内）
2026-03-30 15:13:54,625 INFO:    158                           mafft    1.0079    1.0000   +0.0079  O2-bolt ≈ O2-bolt-opt（差异在 ±5% 内）
2026-03-30 15:13:54,625 INFO:    159      mediabench_adpcm_rawcaudio    0.9888    0.9970   -0.0082  O2-bolt ≈ O2-bolt-opt（差异在 ±5% 内）
2026-03-30 15:13:54,625 INFO:    160      mediabench_adpcm_rawdaudio    0.9827    0.9908   -0.0081  O2-bolt ≈ O2-bolt-opt（差异在 ±5% 内）
2026-03-30 15:13:54,625 INFO:    161      mediabench_g721_g721encode    0.9828    0.9828   +0.0001  O2-bolt ≈ O2-bolt-opt（差异在 ±5% 内）
2026-03-30 15:13:54,626 INFO:    162            mediabench_gsm_toast    1.0259    1.0302   -0.0043  O2-bolt ≈ O2-bolt-opt（差异在 ±5% 内）
2026-03-30 15:13:54,626 INFO:    163       mediabench_mpeg2_mpeg2dec    0.9690    0.9592   +0.0099  O2-bolt ≈ O2-bolt-opt（差异在 ±5% 内）
2026-03-30 15:13:54,626 INFO:    164                          nbench    1.0326    1.0312   +0.0014  O2-bolt ≈ O2-bolt-opt（差异在 ±5% 内）
2026-03-30 15:13:54,626 INFO:    165                      tramp3d-v4    0.9682    0.9896   -0.0214  O2-bolt ≈ O2-bolt-opt（差异在 ±5% 内）
2026-03-30 15:13:54,626 INFO: 
  ── 验证指标 ──
2026-03-30 15:13:54,626 INFO:   MAE  = 0.0131
2026-03-30 15:13:54,626 INFO:   MSE  = 0.0004
2026-03-30 15:13:54,627 INFO:   RMSE = 0.0207
2026-03-30 15:13:54,627 INFO:   方向准确率 = 101/165 (61.2%)
2026-03-30 15:13:54,627 INFO:   预测 O2-bolt 更优: 59/165  (真实: 43/165)
2026-03-30 15:13:54,627 INFO:   方向准确率（排除 ±5%）= 17/18 (94.4%)
2026-03-30 15:13:54,751 INFO: ========================================================================
2026-03-30 15:13:54,752 INFO: 版本对: O3-bolt_vs_O3-bolt-opt  (O3-bolt vs O3-bolt-opt)  共 161 个程序
2026-03-30 15:13:54,752 INFO: 标签模式: fixed_workload
2026-03-30 15:13:54,752 INFO: 标签定义: Y = T_v2 / T_v1 (time ratio)
2026-03-30 15:13:54,752 INFO: 判定方向: Y > 1 视为 O3-bolt 更快，Y < 1 视为 O3-bolt-opt 更快
2026-03-30 15:13:54,752 INFO: ========================================================================
2026-03-30 15:13:54,752 INFO:      #                              程序      预测 Ŷ      真实 Y        误差  判断
2026-03-30 15:13:54,753 INFO:   ------------------------------------------------------------------------
2026-03-30 15:13:54,753 INFO:      1                            7zip    0.9658    1.0000   -0.0342  O3-bolt ≈ O3-bolt-opt（差异在 ±5% 内）
2026-03-30 15:13:54,753 INFO:      2             ASCI_Purple_SMG2000    0.9872    1.0000   -0.0128  O3-bolt ≈ O3-bolt-opt（差异在 ±5% 内）
2026-03-30 15:13:54,753 INFO:      3               ASC_Sequoia_AMGmk    0.9935    1.0000   -0.0065  O3-bolt ≈ O3-bolt-opt（差异在 ±5% 内）
2026-03-30 15:13:54,753 INFO:      4           ASC_Sequoia_CrystalMk    0.9895    1.0000   -0.0105  O3-bolt ≈ O3-bolt-opt（差异在 ±5% 内）
2026-03-30 15:13:54,754 INFO:      5               ASC_Sequoia_IRSmk    0.9944    1.0000   -0.0056  O3-bolt ≈ O3-bolt-opt（差异在 ±5% 内）
2026-03-30 15:13:54,754 INFO:      6                  BitBench_drop3    0.9087    0.9341   -0.0254  O3-bolt-opt 优于 O3-bolt（快 9.1%，加速比 1.10x）
2026-03-30 15:13:54,754 INFO:      7                 BitBench_five11    0.9549    0.9500   +0.0049  O3-bolt ≈ O3-bolt-opt（差异在 ±5% 内）
2026-03-30 15:13:54,754 INFO:      8               BitBench_uudecode    1.9025    1.7186   +0.1840  O3-bolt 优于 O3-bolt-opt（快 47.4%，加速比 1.90x）
2026-03-30 15:13:54,754 INFO:      9               BitBench_uuencode    0.9902    1.0052   -0.0150  O3-bolt ≈ O3-bolt-opt（差异在 ±5% 内）
2026-03-30 15:13:54,754 INFO:     10                          Bullet    1.0191    1.0000   +0.0191  O3-bolt ≈ O3-bolt-opt（差异在 ±5% 内）
2026-03-30 15:13:54,755 INFO:     11         DOE-ProxyApps-C++_CLAMR    0.9599    1.0000   -0.0401  O3-bolt ≈ O3-bolt-opt（差异在 ±5% 内）
2026-03-30 15:13:54,755 INFO:     12   DOE-ProxyApps-C++_HACCKernels    0.9906    1.0000   -0.0094  O3-bolt ≈ O3-bolt-opt（差异在 ±5% 内）
2026-03-30 15:13:54,755 INFO:     13         DOE-ProxyApps-C++_HPCCG    0.9822    1.0000   -0.0178  O3-bolt ≈ O3-bolt-opt（差异在 ±5% 内）
2026-03-30 15:13:54,755 INFO:     14       DOE-ProxyApps-C++_PENNANT    0.9878    1.0000   -0.0122  O3-bolt ≈ O3-bolt-opt（差异在 ±5% 内）
2026-03-30 15:13:54,755 INFO:     15        DOE-ProxyApps-C++_miniFE    0.9997    1.0000   -0.0003  O3-bolt ≈ O3-bolt-opt（差异在 ±5% 内）
2026-03-30 15:13:54,755 INFO:     16            DOE-ProxyApps-C_CoMD    0.9131    0.9200   -0.0069  O3-bolt-opt 优于 O3-bolt（快 8.7%，加速比 1.10x）
2026-03-30 15:13:54,756 INFO:     17      DOE-ProxyApps-C_Pathfinder    1.0110    1.0667   -0.0556  O3-bolt ≈ O3-bolt-opt（差异在 ±5% 内）
2026-03-30 15:13:54,756 INFO:     18         DOE-ProxyApps-C_RSBench    1.0180    1.0000   +0.0180  O3-bolt ≈ O3-bolt-opt（差异在 ±5% 内）
2026-03-30 15:13:54,756 INFO:     19       DOE-ProxyApps-C_SimpleMOC    0.9766    0.9697   +0.0069  O3-bolt ≈ O3-bolt-opt（差异在 ±5% 内）
2026-03-30 15:13:54,756 INFO:     20         DOE-ProxyApps-C_XSBench    0.9152    0.9375   -0.0223  O3-bolt-opt 优于 O3-bolt（快 8.5%，加速比 1.09x）
2026-03-30 15:13:54,756 INFO:     21         DOE-ProxyApps-C_miniAMR    0.9576    1.0000   -0.0424  O3-bolt ≈ O3-bolt-opt（差异在 ±5% 内）
2026-03-30 15:13:54,756 INFO:     22         DOE-ProxyApps-C_miniGMG    1.0206    1.0000   +0.0206  O3-bolt ≈ O3-bolt-opt（差异在 ±5% 内）
2026-03-30 15:13:54,756 INFO:     23                     Fhourstones    1.0067    1.0370   -0.0303  O3-bolt ≈ O3-bolt-opt（差异在 ±5% 内）
2026-03-30 15:13:54,757 INFO:     24                 Fhourstones-3.1    0.9972    1.0857   -0.0885  O3-bolt ≈ O3-bolt-opt（差异在 ±5% 内）
2026-03-30 15:13:54,757 INFO:     25              FreeBench_analyzer    0.9948    0.9962   -0.0015  O3-bolt ≈ O3-bolt-opt（差异在 ±5% 内）
2026-03-30 15:13:54,757 INFO:     26               FreeBench_distray    0.9818    1.0000   -0.0182  O3-bolt ≈ O3-bolt-opt（差异在 ±5% 内）
2026-03-30 15:13:54,757 INFO:     27            FreeBench_fourinarow    1.0067    1.0000   +0.0067  O3-bolt ≈ O3-bolt-opt（差异在 ±5% 内）
2026-03-30 15:13:54,757 INFO:     28                 FreeBench_mason    0.9782    0.9847   -0.0064  O3-bolt ≈ O3-bolt-opt（差异在 ±5% 内）
2026-03-30 15:13:54,757 INFO:     29                FreeBench_neural    1.0107    1.0109   -0.0001  O3-bolt ≈ O3-bolt-opt（差异在 ±5% 内）
2026-03-30 15:13:54,758 INFO:     30            FreeBench_pcompress2    0.9924    1.0060   -0.0137  O3-bolt ≈ O3-bolt-opt（差异在 ±5% 内）
2026-03-30 15:13:54,758 INFO:     31                 FreeBench_pifft    1.0129    1.0127   +0.0002  O3-bolt ≈ O3-bolt-opt（差异在 ±5% 内）
2026-03-30 15:13:54,758 INFO:     32               MallocBench_cfrac    0.9781    0.9811   -0.0031  O3-bolt ≈ O3-bolt-opt（差异在 ±5% 内）
2026-03-30 15:13:54,758 INFO:     33            MallocBench_espresso    0.9855    1.0179   -0.0323  O3-bolt ≈ O3-bolt-opt（差异在 ±5% 内）
2026-03-30 15:13:54,758 INFO:     34                  MallocBench_gs    0.9491    0.9430   +0.0062  O3-bolt-opt 优于 O3-bolt（快 5.1%，加速比 1.05x）
2026-03-30 15:13:54,758 INFO:     35                 McCat_01-qbsort    0.9792    0.9774   +0.0018  O3-bolt ≈ O3-bolt-opt（差异在 ±5% 内）
2026-03-30 15:13:54,758 INFO:     36                 McCat_04-bisect    1.1503    1.1034   +0.0469  O3-bolt 优于 O3-bolt-opt（快 13.1%，加速比 1.15x）
2026-03-30 15:13:54,759 INFO:     37                   McCat_08-main    0.9930    1.0000   -0.0070  O3-bolt ≈ O3-bolt-opt（差异在 ±5% 内）
2026-03-30 15:13:54,759 INFO:     38                    McCat_09-vor    0.9958    1.0160   -0.0202  O3-bolt ≈ O3-bolt-opt（差异在 ±5% 内）
2026-03-30 15:13:54,759 INFO:     39                 McCat_12-IOtest    0.9965    0.9932   +0.0033  O3-bolt ≈ O3-bolt-opt（差异在 ±5% 内）
2026-03-30 15:13:54,759 INFO:     40                   McCat_15-trie    1.0170    1.0226   -0.0055  O3-bolt ≈ O3-bolt-opt（差异在 ±5% 内）
2026-03-30 15:13:54,759 INFO:     41                  McCat_17-bintr    0.9560    1.0000   -0.0440  O3-bolt ≈ O3-bolt-opt（差异在 ±5% 内）
2026-03-30 15:13:54,759 INFO:     42                    McCat_18-imp    1.0767    1.0995   -0.0228  O3-bolt 优于 O3-bolt-opt（快 7.1%，加速比 1.08x）
2026-03-30 15:13:54,760 INFO:     43    MiBench_automotive-basicmath    1.0014    1.0000   +0.0014  O3-bolt ≈ O3-bolt-opt（差异在 ±5% 内）
2026-03-30 15:13:54,760 INFO:     44     MiBench_automotive-bitcount    0.9506    0.9655   -0.0150  O3-bolt ≈ O3-bolt-opt（差异在 ±5% 内）
2026-03-30 15:13:54,760 INFO:     45        MiBench_automotive-susan    0.9883    0.9868   +0.0015  O3-bolt ≈ O3-bolt-opt（差异在 ±5% 内）
2026-03-30 15:13:54,760 INFO:     46           MiBench_consumer-jpeg    0.9734    0.9872   -0.0138  O3-bolt ≈ O3-bolt-opt（差异在 ±5% 内）
2026-03-30 15:13:54,760 INFO:     47           MiBench_consumer-lame    0.9644    0.9880   -0.0236  O3-bolt ≈ O3-bolt-opt（差异在 ±5% 内）
2026-03-30 15:13:54,761 INFO:     48        MiBench_consumer-typeset    1.0150    0.9886   +0.0264  O3-bolt ≈ O3-bolt-opt（差异在 ±5% 内）
2026-03-30 15:13:54,761 INFO:     49        MiBench_network-dijkstra    0.9492    0.9219   +0.0273  O3-bolt-opt 优于 O3-bolt（快 5.1%，加速比 1.05x）
2026-03-30 15:13:54,761 INFO:     50        MiBench_network-patricia    0.9941    0.9957   -0.0016  O3-bolt ≈ O3-bolt-opt（差异在 ±5% 内）
2026-03-30 15:13:54,761 INFO:     51           MiBench_office-ispell    1.0235    1.0066   +0.0170  O3-bolt ≈ O3-bolt-opt（差异在 ±5% 内）
2026-03-30 15:13:54,761 INFO:     52     MiBench_office-stringsearch    1.0148    1.0157   -0.0009  O3-bolt ≈ O3-bolt-opt（差异在 ±5% 内）
2026-03-30 15:13:54,761 INFO:     53       MiBench_security-rijndael    1.0289    1.0591   -0.0302  O3-bolt ≈ O3-bolt-opt（差异在 ±5% 内）
2026-03-30 15:13:54,762 INFO:     54            MiBench_security-sha    0.9881    1.0075   -0.0194  O3-bolt ≈ O3-bolt-opt（差异在 ±5% 内）
2026-03-30 15:13:54,762 INFO:     55          MiBench_telecomm-CRC32    1.0157    1.0069   +0.0088  O3-bolt ≈ O3-bolt-opt（差异在 ±5% 内）
2026-03-30 15:13:54,762 INFO:     56            MiBench_telecomm-FFT    1.0065    0.9969   +0.0095  O3-bolt ≈ O3-bolt-opt（差异在 ±5% 内）
2026-03-30 15:13:54,762 INFO:     57          MiBench_telecomm-adpcm    0.9889    0.9976   -0.0087  O3-bolt ≈ O3-bolt-opt（差异在 ±5% 内）
2026-03-30 15:13:54,762 INFO:     58            MiBench_telecomm-gsm    0.9999    0.9928   +0.0071  O3-bolt ≈ O3-bolt-opt（差异在 ±5% 内）
2026-03-30 15:13:54,762 INFO:     59                   NPB-serial_is    0.9884    1.0000   -0.0116  O3-bolt ≈ O3-bolt-opt（差异在 ±5% 内）
2026-03-30 15:13:54,763 INFO:     60                        Olden_bh    1.0058    1.0000   +0.0058  O3-bolt ≈ O3-bolt-opt（差异在 ±5% 内）
2026-03-30 15:13:54,763 INFO:     61                    Olden_bisort    0.9761    0.9891   -0.0130  O3-bolt ≈ O3-bolt-opt（差异在 ±5% 内）
2026-03-30 15:13:54,763 INFO:     62                      Olden_em3d    1.6498    1.6429   +0.0070  O3-bolt 优于 O3-bolt-opt（快 39.4%，加速比 1.65x）
2026-03-30 15:13:54,763 INFO:     63                    Olden_health    0.9933    1.0000   -0.0067  O3-bolt ≈ O3-bolt-opt（差异在 ±5% 内）
2026-03-30 15:13:54,763 INFO:     64                       Olden_mst    0.9659    1.0020   -0.0361  O3-bolt ≈ O3-bolt-opt（差异在 ±5% 内）
2026-03-30 15:13:54,763 INFO:     65                 Olden_perimeter    0.9879    0.9912   -0.0032  O3-bolt ≈ O3-bolt-opt（差异在 ±5% 内）
2026-03-30 15:13:54,764 INFO:     66                     Olden_power    0.9765    0.9870   -0.0105  O3-bolt ≈ O3-bolt-opt（差异在 ±5% 内）
2026-03-30 15:13:54,764 INFO:     67                   Olden_treeadd    0.9924    1.0049   -0.0125  O3-bolt ≈ O3-bolt-opt（差异在 ±5% 内）
2026-03-30 15:13:54,764 INFO:     68                       Olden_tsp    0.9930    1.0115   -0.0185  O3-bolt ≈ O3-bolt-opt（差异在 ±5% 内）
2026-03-30 15:13:54,764 INFO:     69                   Olden_voronoi    1.0013    1.0061   -0.0048  O3-bolt ≈ O3-bolt-opt（差异在 ±5% 内）
2026-03-30 15:13:54,764 INFO:     70                           PAQ8p    0.9839    1.0000   -0.0161  O3-bolt ≈ O3-bolt-opt（差异在 ±5% 内）
2026-03-30 15:13:54,765 INFO:     71                 Prolangs-C++_NP    1.0178    1.0239   -0.0061  O3-bolt ≈ O3-bolt-opt（差异在 ±5% 内）
2026-03-30 15:13:54,765 INFO:     72             Prolangs-C++_deriv1    1.0117    1.0014   +0.0103  O3-bolt ≈ O3-bolt-opt（差异在 ±5% 内）
2026-03-30 15:13:54,765 INFO:     73             Prolangs-C++_deriv2    1.0089    1.0078   +0.0010  O3-bolt ≈ O3-bolt-opt（差异在 ±5% 内）
2026-03-30 15:13:54,765 INFO:     74             Prolangs-C++_employ    1.0048    1.0104   -0.0056  O3-bolt ≈ O3-bolt-opt（差异在 ±5% 内）
2026-03-30 15:13:54,765 INFO:     75                Prolangs-C++_fsm    1.0123    1.0083   +0.0040  O3-bolt ≈ O3-bolt-opt（差异在 ±5% 内）
2026-03-30 15:13:54,766 INFO:     76             Prolangs-C++_garage    1.0142    1.0093   +0.0049  O3-bolt ≈ O3-bolt-opt（差异在 ±5% 内）
2026-03-30 15:13:54,766 INFO:     77               Prolangs-C++_life    1.0236    1.0286   -0.0050  O3-bolt ≈ O3-bolt-opt（差异在 ±5% 内）
2026-03-30 15:13:54,766 INFO:     78            Prolangs-C++_objects    1.0140    1.0146   -0.0005  O3-bolt ≈ O3-bolt-opt（差异在 ±5% 内）
2026-03-30 15:13:54,766 INFO:     79              Prolangs-C++_ocean    1.0060    0.9920   +0.0139  O3-bolt ≈ O3-bolt-opt（差异在 ±5% 内）
2026-03-30 15:13:54,766 INFO:     80             Prolangs-C++_office    1.0083    0.9976   +0.0106  O3-bolt ≈ O3-bolt-opt（差异在 ±5% 内）
2026-03-30 15:13:54,766 INFO:     81             Prolangs-C++_primes    0.9531    0.9521   +0.0010  O3-bolt ≈ O3-bolt-opt（差异在 ±5% 内）
2026-03-30 15:13:54,766 INFO:     82             Prolangs-C++_shapes    1.0066    1.0009   +0.0057  O3-bolt ≈ O3-bolt-opt（差异在 ±5% 内）
2026-03-30 15:13:54,767 INFO:     83              Prolangs-C++_simul    0.9957    0.9927   +0.0030  O3-bolt ≈ O3-bolt-opt（差异在 ±5% 内）
2026-03-30 15:13:54,767 INFO:     84              Prolangs-C++_trees    1.0163    1.0263   -0.0100  O3-bolt ≈ O3-bolt-opt（差异在 ±5% 内）
2026-03-30 15:13:54,767 INFO:     85         Prolangs-C_TimberWolfMC    1.0266    1.0175   +0.0092  O3-bolt ≈ O3-bolt-opt（差异在 ±5% 内）
2026-03-30 15:13:54,767 INFO:     86                Prolangs-C_agrep    0.9956    1.0310   -0.0354  O3-bolt ≈ O3-bolt-opt（差异在 ±5% 内）
2026-03-30 15:13:54,767 INFO:     87             Prolangs-C_allroots    1.0277    1.0128   +0.0150  O3-bolt ≈ O3-bolt-opt（差异在 ±5% 内）
2026-03-30 15:13:54,768 INFO:     88        Prolangs-C_archie-client    1.0227    1.0116   +0.0111  O3-bolt ≈ O3-bolt-opt（差异在 ±5% 内）
2026-03-30 15:13:54,768 INFO:     89                Prolangs-C_bison    0.9948    0.9933   +0.0015  O3-bolt ≈ O3-bolt-opt（差异在 ±5% 内）
2026-03-30 15:13:54,768 INFO:     90                Prolangs-C_cdecl    1.0152    1.0133   +0.0019  O3-bolt ≈ O3-bolt-opt（差异在 ±5% 内）
2026-03-30 15:13:54,768 INFO:     91             Prolangs-C_football    1.0210    1.0212   -0.0002  O3-bolt ≈ O3-bolt-opt（差异在 ±5% 内）
2026-03-30 15:13:54,768 INFO:     92                Prolangs-C_gnugo    0.9727    1.0174   -0.0447  O3-bolt ≈ O3-bolt-opt（差异在 ±5% 内）
2026-03-30 15:13:54,768 INFO:     93           Prolangs-C_unix-smail    1.0186    1.0062   +0.0124  O3-bolt ≈ O3-bolt-opt（差异在 ±5% 内）
2026-03-30 15:13:54,769 INFO:     94             Prolangs-C_unix-tbl    1.0202    1.0171   +0.0031  O3-bolt ≈ O3-bolt-opt（差异在 ±5% 内）
2026-03-30 15:13:54,769 INFO:     95                 Ptrdist_anagram    0.9776    0.9833   -0.0057  O3-bolt ≈ O3-bolt-opt（差异在 ±5% 内）
2026-03-30 15:13:54,769 INFO:     96                      Ptrdist_bc    0.8965    0.9161   -0.0196  O3-bolt-opt 优于 O3-bolt（快 10.4%，加速比 1.12x）
2026-03-30 15:13:54,769 INFO:     97                      Ptrdist_ft    1.0348    1.0200   +0.0148  O3-bolt ≈ O3-bolt-opt（差异在 ±5% 内）
2026-03-30 15:13:54,769 INFO:     98                      Ptrdist_ks    0.8915    0.8507   +0.0407  O3-bolt-opt 优于 O3-bolt（快 10.9%，加速比 1.12x）
2026-03-30 15:13:54,770 INFO:     99                   Ptrdist_yacr2    1.1222    1.0833   +0.0389  O3-bolt 优于 O3-bolt-opt（快 10.9%，加速比 1.12x）
2026-03-30 15:13:54,770 INFO:    100                Rodinia_backprop    0.9924    1.0000   -0.0076  O3-bolt ≈ O3-bolt-opt（差异在 ±5% 内）
2026-03-30 15:13:54,770 INFO:    101                 Rodinia_hotspot    0.9943    1.0039   -0.0095  O3-bolt ≈ O3-bolt-opt（差异在 ±5% 内）
2026-03-30 15:13:54,770 INFO:    102              Rodinia_pathfinder    0.9750    1.0000   -0.0250  O3-bolt ≈ O3-bolt-opt（差异在 ±5% 内）
2026-03-30 15:13:54,770 INFO:    103                    Rodinia_srad    0.9817    1.0110   -0.0293  O3-bolt ≈ O3-bolt-opt（差异在 ±5% 内）
2026-03-30 15:13:54,771 INFO:    104                      SciMark2-C    0.9899    1.0000   -0.0101  O3-bolt ≈ O3-bolt-opt（差异在 ±5% 内）
2026-03-30 15:13:54,771 INFO:    105            TSVC_ControlFlow-dbl    0.9742    1.0000   -0.0258  O3-bolt ≈ O3-bolt-opt（差异在 ±5% 内）
2026-03-30 15:13:54,771 INFO:    106            TSVC_ControlFlow-flt    1.0548    1.0667   -0.0119  O3-bolt 优于 O3-bolt-opt（快 5.2%，加速比 1.05x）
2026-03-30 15:13:54,771 INFO:    107           TSVC_ControlLoops-dbl    0.9878    1.0000   -0.0122  O3-bolt ≈ O3-bolt-opt（差异在 ±5% 内）
2026-03-30 15:13:54,771 INFO:    108           TSVC_ControlLoops-flt    0.9807    1.0000   -0.0193  O3-bolt ≈ O3-bolt-opt（差异在 ±5% 内）
2026-03-30 15:13:54,772 INFO:    109     TSVC_CrossingThresholds-dbl    0.9930    1.0000   -0.0070  O3-bolt ≈ O3-bolt-opt（差异在 ±5% 内）
2026-03-30 15:13:54,772 INFO:    110     TSVC_CrossingThresholds-flt    0.9913    1.0000   -0.0087  O3-bolt ≈ O3-bolt-opt（差异在 ±5% 内）
2026-03-30 15:13:54,772 INFO:    111          TSVC_Equivalencing-dbl    0.9841    1.0000   -0.0159  O3-bolt ≈ O3-bolt-opt（差异在 ±5% 内）
2026-03-30 15:13:54,772 INFO:    112          TSVC_Equivalencing-flt    1.0016    1.0128   -0.0112  O3-bolt ≈ O3-bolt-opt（差异在 ±5% 内）
2026-03-30 15:13:54,772 INFO:    113              TSVC_Expansion-dbl    0.9745    1.0000   -0.0255  O3-bolt ≈ O3-bolt-opt（差异在 ±5% 内）
2026-03-30 15:13:54,772 INFO:    114              TSVC_Expansion-flt    1.0179    1.0385   -0.0206  O3-bolt ≈ O3-bolt-opt（差异在 ±5% 内）
2026-03-30 15:13:54,773 INFO:    115         TSVC_GlobalDataFlow-dbl    0.9900    1.0000   -0.0100  O3-bolt ≈ O3-bolt-opt（差异在 ±5% 内）
2026-03-30 15:13:54,773 INFO:    116         TSVC_GlobalDataFlow-flt    0.9840    1.0000   -0.0160  O3-bolt ≈ O3-bolt-opt（差异在 ±5% 内）
2026-03-30 15:13:54,773 INFO:    117     TSVC_IndirectAddressing-dbl    0.9168    0.9231   -0.0062  O3-bolt-opt 优于 O3-bolt（快 8.3%，加速比 1.09x）
2026-03-30 15:13:54,773 INFO:    118     TSVC_IndirectAddressing-flt    0.9175    0.9231   -0.0056  O3-bolt-opt 优于 O3-bolt（快 8.3%，加速比 1.09x）
2026-03-30 15:13:54,773 INFO:    119      TSVC_InductionVariable-dbl    1.0907    1.0909   -0.0002  O3-bolt 优于 O3-bolt-opt（快 8.3%，加速比 1.09x）
2026-03-30 15:13:54,773 INFO:    120      TSVC_InductionVariable-flt    0.9838    1.0000   -0.0162  O3-bolt ≈ O3-bolt-opt（差异在 ±5% 内）
2026-03-30 15:13:54,774 INFO:    121       TSVC_LinearDependence-dbl    0.9789    1.0000   -0.0211  O3-bolt ≈ O3-bolt-opt（差异在 ±5% 内）
2026-03-30 15:13:54,774 INFO:    122       TSVC_LinearDependence-flt    0.9196    0.9310   -0.0115  O3-bolt-opt 优于 O3-bolt（快 8.0%，加速比 1.09x）
2026-03-30 15:13:54,774 INFO:    123          TSVC_LoopRerolling-dbl    0.9972    1.0000   -0.0028  O3-bolt ≈ O3-bolt-opt（差异在 ±5% 内）
2026-03-30 15:13:54,774 INFO:    124          TSVC_LoopRerolling-flt    0.9952    1.0000   -0.0048  O3-bolt ≈ O3-bolt-opt（差异在 ±5% 内）
2026-03-30 15:13:54,774 INFO:    125      TSVC_LoopRestructuring-dbl    0.9561    1.0000   -0.0439  O3-bolt ≈ O3-bolt-opt（差异在 ±5% 内）
2026-03-30 15:13:54,775 INFO:    126      TSVC_LoopRestructuring-flt    1.0122    1.0000   +0.0122  O3-bolt ≈ O3-bolt-opt（差异在 ±5% 内）
2026-03-30 15:13:54,775 INFO:    127          TSVC_NodeSplitting-dbl    0.9103    0.9231   -0.0128  O3-bolt-opt 优于 O3-bolt（快 9.0%，加速比 1.10x）
2026-03-30 15:13:54,775 INFO:    128          TSVC_NodeSplitting-flt    1.0762    1.0667   +0.0095  O3-bolt 优于 O3-bolt-opt（快 7.1%，加速比 1.08x）
2026-03-30 15:13:54,775 INFO:    129                TSVC_Packing-dbl    1.3242    1.2727   +0.0515  O3-bolt 优于 O3-bolt-opt（快 24.5%，加速比 1.32x）
2026-03-30 15:13:54,775 INFO:    130                TSVC_Packing-flt    1.2498    1.2500   -0.0002  O3-bolt 优于 O3-bolt-opt（快 20.0%，加速比 1.25x）
2026-03-30 15:13:54,775 INFO:    131            TSVC_Recurrences-dbl    0.9783    1.0000   -0.0217  O3-bolt ≈ O3-bolt-opt（差异在 ±5% 内）
2026-03-30 15:13:54,776 INFO:    132            TSVC_Recurrences-flt    0.9804    1.0000   -0.0196  O3-bolt ≈ O3-bolt-opt（差异在 ±5% 内）
2026-03-30 15:13:54,776 INFO:    133             TSVC_Reductions-dbl    0.9891    1.0000   -0.0109  O3-bolt ≈ O3-bolt-opt（差异在 ±5% 内）
2026-03-30 15:13:54,776 INFO:    134             TSVC_Reductions-flt    0.9428    1.0000   -0.0572  O3-bolt-opt 优于 O3-bolt（快 5.7%，加速比 1.06x）
2026-03-30 15:13:54,776 INFO:    135              TSVC_Searching-dbl    1.0006    1.0000   +0.0006  O3-bolt ≈ O3-bolt-opt（差异在 ±5% 内）
2026-03-30 15:13:54,776 INFO:    136              TSVC_Searching-flt    0.9821    1.0000   -0.0179  O3-bolt ≈ O3-bolt-opt（差异在 ±5% 内）
2026-03-30 15:13:54,776 INFO:    137    TSVC_StatementReordering-dbl    0.9869    1.0000   -0.0131  O3-bolt ≈ O3-bolt-opt（差异在 ±5% 内）
2026-03-30 15:13:54,777 INFO:    138    TSVC_StatementReordering-flt    0.9897    1.0000   -0.0103  O3-bolt ≈ O3-bolt-opt（差异在 ±5% 内）
2026-03-30 15:13:54,777 INFO:    139              TSVC_Symbolics-dbl    0.9476    0.9474   +0.0003  O3-bolt-opt 优于 O3-bolt（快 5.2%，加速比 1.06x）
2026-03-30 15:13:54,777 INFO:    140              TSVC_Symbolics-flt    0.9152    0.9189   -0.0037  O3-bolt-opt 优于 O3-bolt（快 8.5%，加速比 1.09x）
2026-03-30 15:13:54,777 INFO:    141               Trimaran_enc-3des    1.0409    1.0435   -0.0026  O3-bolt ≈ O3-bolt-opt（差异在 ±5% 内）
2026-03-30 15:13:54,777 INFO:    142                Trimaran_enc-md5    1.0082    1.0000   +0.0082  O3-bolt ≈ O3-bolt-opt（差异在 ±5% 内）
2026-03-30 15:13:54,778 INFO:    143                Trimaran_enc-pc1    0.9981    1.0000   -0.0019  O3-bolt ≈ O3-bolt-opt（差异在 ±5% 内）
2026-03-30 15:13:54,778 INFO:    144                Trimaran_enc-rc4    0.9997    1.0000   -0.0003  O3-bolt ≈ O3-bolt-opt（差异在 ±5% 内）
2026-03-30 15:13:54,778 INFO:    145           Trimaran_netbench-crc    0.9815    1.0000   -0.0185  O3-bolt ≈ O3-bolt-opt（差异在 ±5% 内）
2026-03-30 15:13:54,778 INFO:    146           Trimaran_netbench-url    1.0026    1.0000   +0.0026  O3-bolt ≈ O3-bolt-opt（差异在 ±5% 内）
2026-03-30 15:13:54,778 INFO:    147                VersaBench_8b10b    0.9805    0.8889   +0.0916  O3-bolt ≈ O3-bolt-opt（差异在 ±5% 内）
2026-03-30 15:13:54,778 INFO:    148           VersaBench_beamformer    0.9936    1.0000   -0.0064  O3-bolt ≈ O3-bolt-opt（差异在 ±5% 内）
2026-03-30 15:13:54,779 INFO:    149                  VersaBench_bmm    0.9986    1.0000   -0.0014  O3-bolt ≈ O3-bolt-opt（差异在 ±5% 内）
2026-03-30 15:13:54,779 INFO:    150                 VersaBench_dbms    0.9773    1.0000   -0.0227  O3-bolt ≈ O3-bolt-opt（差异在 ±5% 内）
2026-03-30 15:13:54,779 INFO:    151               VersaBench_ecbdes    1.0046    1.0000   +0.0046  O3-bolt ≈ O3-bolt-opt（差异在 ±5% 内）
2026-03-30 15:13:54,779 INFO:    152                    llubenchmark    1.0058    1.0000   +0.0058  O3-bolt ≈ O3-bolt-opt（差异在 ±5% 内）
2026-03-30 15:13:54,779 INFO:    153                           mafft    0.9871    1.0000   -0.0129  O3-bolt ≈ O3-bolt-opt（差异在 ±5% 内）
2026-03-30 15:13:54,779 INFO:    154      mediabench_adpcm_rawcaudio    0.9826    1.0070   -0.0245  O3-bolt ≈ O3-bolt-opt（差异在 ±5% 内）
2026-03-30 15:13:54,780 INFO:    155      mediabench_adpcm_rawdaudio    0.9921    1.0166   -0.0245  O3-bolt ≈ O3-bolt-opt（差异在 ±5% 内）
2026-03-30 15:13:54,780 INFO:    156      mediabench_g721_g721encode    0.9843    0.9961   -0.0118  O3-bolt ≈ O3-bolt-opt（差异在 ±5% 内）
2026-03-30 15:13:54,780 INFO:    157            mediabench_gsm_toast    0.9991    0.9990   +0.0002  O3-bolt ≈ O3-bolt-opt（差异在 ±5% 内）
2026-03-30 15:13:54,780 INFO:    158         mediabench_jpeg_jpeg-6a    0.9903    1.0196   -0.0294  O3-bolt ≈ O3-bolt-opt（差异在 ±5% 内）
2026-03-30 15:13:54,780 INFO:    159       mediabench_mpeg2_mpeg2dec    0.9661    0.9586   +0.0075  O3-bolt ≈ O3-bolt-opt（差异在 ±5% 内）
2026-03-30 15:13:54,780 INFO:    160                          nbench    0.9642    0.9394   +0.0248  O3-bolt ≈ O3-bolt-opt（差异在 ±5% 内）
2026-03-30 15:13:54,781 INFO:    161                      tramp3d-v4    0.9797    0.9932   -0.0135  O3-bolt ≈ O3-bolt-opt（差异在 ±5% 内）
2026-03-30 15:13:54,781 INFO: 
  ── 验证指标 ──
2026-03-30 15:13:54,781 INFO:   MAE  = 0.0159
2026-03-30 15:13:54,781 INFO:   MSE  = 0.0006
2026-03-30 15:13:54,781 INFO:   RMSE = 0.0255
2026-03-30 15:13:54,781 INFO:   方向准确率 = 93/161 (57.8%)
2026-03-30 15:13:54,782 INFO:   预测 O3-bolt 更优: 57/161  (真实: 57/161)
2026-03-30 15:13:54,782 INFO:   方向准确率（排除 ±5%）= 28/29 (96.6%)
2026-03-30 15:13:54,782 INFO: 
