2026-03-30 15:04:56,245 INFO: 自动选择设备: directml
2026-03-30 15:04:56,245 INFO: 设备: privateuseone:0
2026-03-30 15:04:56,245 INFO: 标签机制: fixed_work
2026-03-30 15:04:56,246 INFO: 自动微调 [fixed_work/transformer]: batch_size=32, d_model=64, dim_feedforward=256, direction_lambda=0.15, dropout=0.1, epochs=220, grad_clip=1.0, huber_delta=0.8333333333333334, log_target=False, lr=0.00015, max_len=512, mlp_hidden=64, nhead=2, noise_std=0.012000000000000002, num_layers=3, pair_swap=True, patience=55, pos_encoding=learnable, warmup_epochs=28, weight_decay=0.0001
2026-03-30 15:04:56,246 INFO: 加载数据...
2026-03-30 15:04:56,248 INFO:   加载 O1-g_vs_O3-g: 163 样本
2026-03-30 15:04:56,250 INFO:   加载 O2-bolt_vs_O2-bolt-opt: 165 样本
2026-03-30 15:04:56,251 INFO:   加载 O3-bolt_vs_O3-bolt-opt: 161 样本
2026-03-30 15:04:56,254 INFO: 总样本数: 489  序列长度 T=60  特征维度 D=6
2026-03-30 15:04:56,257 INFO: pair-swap 增强后训练集: 686 样本
2026-03-30 15:04:56,257 INFO: 训练集: 686  验证集: 73  测试集: 73
2026-03-30 15:04:56,394 INFO: 模型类型: transformer
2026-03-30 15:04:56,394 INFO: 
模型参数: 197,825
2026-03-30 15:04:56,394 INFO: SiameseTransformerMicroPerf(
  (backbone): TransformerBackbone(
    (input_proj): Linear(in_features=6, out_features=64, bias=True)
    (pos_encoder): LearnablePositionalEncoding(
      (dropout): Dropout(p=0.1, inplace=False)
    )
    (transformer_encoder): TransformerEncoder(
      (layers): ModuleList(
        (0-2): 3 x TransformerEncoderLayer(
          (self_attn): MultiheadAttention(
            (out_proj): NonDynamicallyQuantizableLinear(in_features=64, out_features=64, bias=True)
          )
          (linear1): Linear(in_features=64, out_features=256, bias=True)
          (dropout): Dropout(p=0.1, inplace=False)
          (linear2): Linear(in_features=256, out_features=64, bias=True)
          (norm1): LayerNorm((64,), eps=1e-05, elementwise_affine=True)
          (norm2): LayerNorm((64,), eps=1e-05, elementwise_affine=True)
          (dropout1): Dropout(p=0.1, inplace=False)
          (dropout2): Dropout(p=0.1, inplace=False)
        )
      )
      (norm): LayerNorm((64,), eps=1e-05, elementwise_affine=True)
    )
  )
  (pool): AttentionPooling(
    (attention): Linear(in_features=64, out_features=1, bias=False)
  )
  (mlp): Sequential(
    (0): Linear(in_features=192, out_features=64, bias=True)
    (1): ReLU()
    (2): Dropout(p=0.1, inplace=False)
    (3): Linear(in_features=64, out_features=32, bias=True)
    (4): ReLU()
    (5): Dropout(p=0.1, inplace=False)
    (6): Linear(in_features=32, out_features=1, bias=True)
  )
)
2026-03-30 15:04:57,002 INFO: 模型保存路径: checkpoints/transformer_best_work.pt
2026-03-30 15:04:57,003 INFO: 配置保存路径: /home/ssy/Siamese-MicroPerf/configs/transformer_best_work.json
2026-03-30 15:04:57,003 INFO: 
开始训练 (220 epochs, Huber δ=0.8333333333333334, patience=55)...
2026-03-30 15:04:57,003 INFO: Epoch   Train Loss   Val Loss    Val MAE    LR          Status
2026-03-30 15:04:57,003 INFO: ----------------------------------------------------------------------
2026-03-30 15:05:00,310 INFO:      1     0.542101    0.507065     1.0235    1.07e-05  ← best
2026-03-30 15:05:03,604 INFO:      2     0.521089    0.473557     0.9827    1.61e-05  ← best
2026-03-30 15:05:06,646 INFO:      3     0.477835    0.416969     0.9131    2.14e-05  ← best
2026-03-30 15:05:09,839 INFO:      4     0.417538    0.336560     0.8093    2.68e-05  ← best
2026-03-30 15:05:12,887 INFO:      5     0.329747    0.242356     0.6708    3.21e-05  ← best
2026-03-30 15:05:15,751 INFO:      6     0.241397    0.146963     0.4934    3.75e-05  ← best
2026-03-30 15:05:18,594 INFO:      7     0.149603    0.071233     0.2900    4.29e-05  ← best
2026-03-30 15:05:21,832 INFO:      8     0.084991    0.034398     0.1616    4.82e-05  ← best
2026-03-30 15:05:24,122 INFO:      9     0.049765    0.019554     0.1339    5.36e-05  ← best
2026-03-30 15:05:27,070 INFO:     10     0.039146    0.014766     0.1076    5.89e-05  ← best
2026-03-30 15:05:30,082 INFO:     11     0.034474    0.013690     0.1028    6.43e-05  ← best
2026-03-30 15:05:33,257 INFO:     12     0.036452    0.013688     0.1076    6.96e-05  ← best
2026-03-30 15:05:36,488 INFO:     13     0.034947    0.012419     0.0957    7.50e-05  ← best
2026-03-30 15:05:39,988 INFO:     14     0.033351    0.011912     0.0923    8.04e-05  ← best
2026-03-30 15:05:43,276 INFO:     15     0.032582    0.011477     0.0895    8.57e-05  ← best
2026-03-30 15:05:46,497 INFO:     16     0.030925    0.010232     0.0829    9.11e-05  ← best
2026-03-30 15:05:49,717 INFO:     17     0.033096    0.009945     0.0847    9.64e-05  ← best
2026-03-30 15:05:52,942 INFO:     18     0.030486    0.009932     0.0875    1.02e-04  ← best
2026-03-30 15:05:56,163 INFO:     19     0.028029    0.008989     0.0699    1.07e-04  ← best
2026-03-30 15:05:58,136 INFO:     20     0.029576    0.009451     0.0828    1.12e-04  
2026-03-30 15:06:01,210 INFO:     21     0.026965    0.008291     0.0767    1.18e-04  ← best
2026-03-30 15:06:04,252 INFO:     22     0.028783    0.008216     0.0774    1.23e-04  ← best
2026-03-30 15:06:07,526 INFO:     23     0.027146    0.007864     0.0709    1.29e-04  ← best
2026-03-30 15:06:14,151 INFO:     25     0.026585    0.007363     0.0729    1.39e-04  ← best
2026-03-30 15:06:17,287 INFO:     26     0.024222    0.006528     0.0659    1.45e-04  ← best
2026-03-30 15:06:20,375 INFO:     27     0.023770    0.006139     0.0600    1.50e-04  ← best
2026-03-30 15:06:29,068 INFO:     30     0.024025    0.007300     0.0799    1.50e-04  
2026-03-30 15:06:51,757 INFO:     37     0.020002    0.005167     0.0591    1.49e-04  ← best
2026-03-30 15:06:58,197 INFO:     39     0.019249    0.004460     0.0522    1.49e-04  ← best
2026-03-30 15:06:59,919 INFO:     40     0.018173    0.007242     0.0714    1.49e-04  
2026-03-30 15:07:05,793 INFO:     42     0.017407    0.004192     0.0579    1.48e-04  ← best
2026-03-30 15:07:08,795 INFO:     43     0.017032    0.003759     0.0482    1.48e-04  ← best
2026-03-30 15:07:26,989 INFO:     49     0.011816    0.002899     0.0436    1.46e-04  ← best
2026-03-30 15:07:30,218 INFO:     50     0.012416    0.004308     0.0496    1.45e-04  
2026-03-30 15:07:35,509 INFO:     52     0.010071    0.002258     0.0380    1.44e-04  ← best
2026-03-30 15:07:38,536 INFO:     53     0.009041    0.001508     0.0368    1.44e-04  ← best
2026-03-30 15:07:56,258 INFO:     59     0.010697    0.000853     0.0282    1.41e-04  ← best
2026-03-30 15:07:59,285 INFO:     60     0.009358    0.002946     0.0506    1.40e-04  
2026-03-30 15:08:29,338 INFO:     70     0.008755    0.000623     0.0217    1.33e-04  ← best
2026-03-30 15:08:38,888 INFO:     73     0.008732    0.000595     0.0209    1.31e-04  ← best
2026-03-30 15:09:01,690 INFO:     80     0.008501    0.000803     0.0220    1.24e-04  
2026-03-30 15:09:13,024 INFO:     84     0.007518    0.000535     0.0235    1.21e-04  ← best
2026-03-30 15:09:31,520 INFO:     90     0.008574    0.000817     0.0233    1.15e-04  
2026-03-30 15:10:01,768 INFO:    100     0.008362    0.001513     0.0289    1.04e-04  
2026-03-30 15:10:15,668 INFO:    105     0.008280    0.000476     0.0192    9.79e-05  ← best
2026-03-30 15:10:24,743 INFO:    108     0.007573    0.000345     0.0173    9.44e-05  ← best
2026-03-30 15:10:31,400 INFO:    110     0.006847    0.000787     0.0192    9.20e-05  
2026-03-30 15:10:34,639 INFO:    111     0.007917    0.000322     0.0169    9.08e-05  ← best
2026-03-30 15:11:01,213 INFO:    120     0.007537    0.001261     0.0377    7.99e-05  
2026-03-30 15:11:31,501 INFO:    130     0.007866    0.000786     0.0278    6.76e-05  
2026-03-30 15:12:02,702 INFO:    140     0.006904    0.000838     0.0203    5.56e-05  
2026-03-30 15:12:34,270 INFO:    150     0.007467    0.000623     0.0239    4.40e-05  
2026-03-30 15:13:11,812 INFO:    160     0.006347    0.000531     0.0176    3.33e-05  
2026-03-30 15:13:34,174 INFO: 
早停触发: 验证 loss 连续 55 epoch 未改善
2026-03-30 15:13:34,787 INFO: ============================================================
2026-03-30 15:13:34,787 INFO: 最佳模型 (epoch 111)
2026-03-30 15:13:34,787 INFO:   Val  Loss = 0.000322  MAE = 0.0169  (模型选择依据)
2026-03-30 15:13:34,787 INFO:   Test Loss = 0.000371  MAE = 0.0181  (最终无偏评估)
2026-03-30 15:13:34,788 INFO:   模型保存: checkpoints/transformer_best_work.pt
2026-03-30 15:13:34,788 INFO:   配置保存: /home/ssy/Siamese-MicroPerf/configs/transformer_best_work.json
2026-03-30 15:13:34,788 INFO: 
预测示例 (前 10 个测试样本):
2026-03-30 15:13:34,788 INFO:         真实 Y        预测 Ŷ          误差
2026-03-30 15:13:34,789 INFO:       1.0000      0.9804     -0.0196
2026-03-30 15:13:34,789 INFO:       1.0000      0.9790     -0.0210
2026-03-30 15:13:34,789 INFO:       1.0176      1.0135     -0.0041
2026-03-30 15:13:34,789 INFO:       1.0000      0.9953     -0.0047
2026-03-30 15:13:34,790 INFO:       1.0000      0.8833     -0.1167
2026-03-30 15:13:34,790 INFO:       1.0027      1.0075     +0.0047
2026-03-30 15:13:34,790 INFO:       1.0226      1.0170     -0.0055
2026-03-30 15:13:34,790 INFO:       1.0109      1.0107     -0.0001
2026-03-30 15:13:34,790 INFO:       1.0000      0.9891     -0.0109
2026-03-30 15:13:34,790 INFO:       1.0000      0.9821     -0.0179
