2026-03-30 14:55:20,174 INFO: 自动选择设备: directml
2026-03-30 14:55:20,174 INFO: 设备: privateuseone:0
2026-03-30 14:55:20,175 INFO: 设备类型: directml
2026-03-30 14:55:20,338 INFO: 模型加载完成: checkpoints/transformer_best_work.pt  (设备: privateuseone:0)
2026-03-30 14:55:20,338 INFO: 模型类型: transformer
2026-03-30 14:55:20,338 INFO: 模型参数: {'in_features': 6, 'mlp_hidden': 64, 'dropout': 0.1, 'd_model': 128, 'nhead': 4, 'num_layers': 3, 'dim_feedforward': 256, 'max_len': 512, 'pos_encoding': 'learnable'}
2026-03-30 14:55:20,642 INFO: ========================================================================
2026-03-30 14:55:20,642 INFO: 版本对: O1-g_vs_O3-g  (O1-g vs O3-g)  共 163 个程序
2026-03-30 14:55:20,642 INFO: 标签模式: fixed_workload
2026-03-30 14:55:20,642 INFO: 标签定义: Y = T_v2 / T_v1 (time ratio)
2026-03-30 14:55:20,642 INFO: 判定方向: Y > 1 视为 O1-g 更快，Y < 1 视为 O3-g 更快
2026-03-30 14:55:20,642 INFO: ========================================================================
2026-03-30 14:55:20,642 INFO:      #                              程序      预测 Ŷ      真实 Y        误差  判断
2026-03-30 14:55:20,642 INFO:   ------------------------------------------------------------------------
2026-03-30 14:55:20,643 INFO:      1                            7zip    0.9672    1.0000   -0.0328  O1-g ≈ O3-g（差异在 ±5% 内）
2026-03-30 14:55:20,643 INFO:      2             ASCI_Purple_SMG2000    0.8858    0.8750   +0.0108  O3-g 优于 O1-g（快 11.4%，加速比 1.13x）
2026-03-30 14:55:20,643 INFO:      3               ASC_Sequoia_AMGmk    0.6921    0.6667   +0.0254  O3-g 优于 O1-g（快 30.8%，加速比 1.44x）
2026-03-30 14:55:20,643 INFO:      4           ASC_Sequoia_CrystalMk    0.9332    0.9286   +0.0046  O3-g 优于 O1-g（快 6.7%，加速比 1.07x）
2026-03-30 14:55:20,643 INFO:      5               ASC_Sequoia_IRSmk    0.6739    0.6667   +0.0072  O3-g 优于 O1-g（快 32.6%，加速比 1.48x）
2026-03-30 14:55:20,644 INFO:      6                  BitBench_drop3    0.9989    0.9941   +0.0048  O1-g ≈ O3-g（差异在 ±5% 内）
2026-03-30 14:55:20,644 INFO:      7                 BitBench_five11    1.0557    1.0526   +0.0031  O1-g 优于 O3-g（快 5.3%，加速比 1.06x）
2026-03-30 14:55:20,644 INFO:      8               BitBench_uudecode    0.2825    0.2875   -0.0050  O3-g 优于 O1-g（快 71.8%，加速比 3.54x）
2026-03-30 14:55:20,644 INFO:      9               BitBench_uuencode    0.9502    0.9551   -0.0049  O1-g ≈ O3-g（差异在 ±5% 内）
2026-03-30 14:55:20,644 INFO:     10                          Bullet    0.9319    0.9091   +0.0228  O3-g 优于 O1-g（快 6.8%，加速比 1.07x）
2026-03-30 14:55:20,644 INFO:     11         DOE-ProxyApps-C++_CLAMR    1.0313    1.0323   -0.0010  O1-g ≈ O3-g（差异在 ±5% 内）
2026-03-30 14:55:20,645 INFO:     12   DOE-ProxyApps-C++_HACCKernels    0.9448    0.9524   -0.0076  O3-g 优于 O1-g（快 5.5%，加速比 1.06x）
2026-03-30 14:55:20,645 INFO:     13         DOE-ProxyApps-C++_HPCCG    1.0140    1.0000   +0.0140  O1-g ≈ O3-g（差异在 ±5% 内）
2026-03-30 14:55:20,645 INFO:     14       DOE-ProxyApps-C++_PENNANT    0.8966    0.8929   +0.0037  O3-g 优于 O1-g（快 10.3%，加速比 1.12x）
2026-03-30 14:55:20,645 INFO:     15        DOE-ProxyApps-C++_miniFE    0.9158    0.9167   -0.0009  O3-g 优于 O1-g（快 8.4%，加速比 1.09x）
2026-03-30 14:55:20,645 INFO:     16            DOE-ProxyApps-C_CoMD    0.9376    0.9565   -0.0189  O3-g 优于 O1-g（快 6.2%，加速比 1.07x）
2026-03-30 14:55:20,645 INFO:     17      DOE-ProxyApps-C_Pathfinder    0.9968    1.0000   -0.0032  O1-g ≈ O3-g（差异在 ±5% 内）
2026-03-30 14:55:20,645 INFO:     18         DOE-ProxyApps-C_RSBench    0.9996    0.9925   +0.0071  O1-g ≈ O3-g（差异在 ±5% 内）
2026-03-30 14:55:20,646 INFO:     19       DOE-ProxyApps-C_SimpleMOC    0.8011    0.7812   +0.0199  O3-g 优于 O1-g（快 19.9%，加速比 1.25x）
2026-03-30 14:55:20,646 INFO:     20         DOE-ProxyApps-C_XSBench    0.9470    0.9333   +0.0137  O3-g 优于 O1-g（快 5.3%，加速比 1.06x）
2026-03-30 14:55:20,646 INFO:     21         DOE-ProxyApps-C_miniAMR    0.9762    0.9138   +0.0624  O1-g ≈ O3-g（差异在 ±5% 内）
2026-03-30 14:55:20,646 INFO:     22         DOE-ProxyApps-C_miniGMG    0.9239    0.9048   +0.0192  O3-g 优于 O1-g（快 7.6%，加速比 1.08x）
2026-03-30 14:55:20,646 INFO:     23                     Fhourstones    0.9836    0.9455   +0.0381  O1-g ≈ O3-g（差异在 ±5% 内）
2026-03-30 14:55:20,646 INFO:     24                 Fhourstones-3.1    1.0018    1.0000   +0.0018  O1-g ≈ O3-g（差异在 ±5% 内）
2026-03-30 14:55:20,647 INFO:     25              FreeBench_analyzer    0.9897    0.9750   +0.0147  O1-g ≈ O3-g（差异在 ±5% 内）
2026-03-30 14:55:20,647 INFO:     26               FreeBench_distray    0.9376    0.9388   -0.0012  O3-g 优于 O1-g（快 6.2%，加速比 1.07x）
2026-03-30 14:55:20,647 INFO:     27            FreeBench_fourinarow    1.2517    1.2857   -0.0341  O1-g 优于 O3-g（快 20.1%，加速比 1.25x）
2026-03-30 14:55:20,647 INFO:     28                 FreeBench_mason    1.0845    1.0817   +0.0028  O1-g 优于 O3-g（快 7.8%，加速比 1.08x）
2026-03-30 14:55:20,647 INFO:     29                FreeBench_neural    1.0056    1.0027   +0.0030  O1-g ≈ O3-g（差异在 ±5% 内）
2026-03-30 14:55:20,647 INFO:     30            FreeBench_pcompress2    0.9863    0.9608   +0.0255  O1-g ≈ O3-g（差异在 ±5% 内）
2026-03-30 14:55:20,647 INFO:     31                 FreeBench_pifft    0.9309    0.9231   +0.0079  O3-g 优于 O1-g（快 6.9%，加速比 1.07x）
2026-03-30 14:55:20,648 INFO:     32               MallocBench_cfrac    0.9958    0.9811   +0.0147  O1-g ≈ O3-g（差异在 ±5% 内）
2026-03-30 14:55:20,648 INFO:     33            MallocBench_espresso    0.9829    0.9739   +0.0090  O1-g ≈ O3-g（差异在 ±5% 内）
2026-03-30 14:55:20,648 INFO:     34                  MallocBench_gs    1.0956    1.1541   -0.0584  O1-g 优于 O3-g（快 8.7%，加速比 1.10x）
2026-03-30 14:55:20,648 INFO:     35                 McCat_01-qbsort    1.0321    1.0325   -0.0003  O1-g ≈ O3-g（差异在 ±5% 内）
2026-03-30 14:55:20,648 INFO:     36               McCat_03-testtrie    0.9796    0.9914   -0.0118  O1-g ≈ O3-g（差异在 ±5% 内）
2026-03-30 14:55:20,648 INFO:     37                 McCat_04-bisect    0.9087    0.9159   -0.0071  O3-g 优于 O1-g（快 9.1%，加速比 1.10x）
2026-03-30 14:55:20,648 INFO:     38                   McCat_08-main    1.0124    1.0151   -0.0027  O1-g ≈ O3-g（差异在 ±5% 内）
2026-03-30 14:55:20,649 INFO:     39                    McCat_09-vor    0.9916    0.9895   +0.0021  O1-g ≈ O3-g（差异在 ±5% 内）
2026-03-30 14:55:20,649 INFO:     40                 McCat_12-IOtest    0.9991    1.0068   -0.0077  O1-g ≈ O3-g（差异在 ±5% 内）
2026-03-30 14:55:20,649 INFO:     41                   McCat_15-trie    1.0137    1.0027   +0.0109  O1-g ≈ O3-g（差异在 ±5% 内）
2026-03-30 14:55:20,649 INFO:     42                  McCat_17-bintr    0.9805    1.0000   -0.0195  O1-g ≈ O3-g（差异在 ±5% 内）
2026-03-30 14:55:20,649 INFO:     43                    McCat_18-imp    0.9743    0.9877   -0.0134  O1-g ≈ O3-g（差异在 ±5% 内）
2026-03-30 14:55:20,649 INFO:     44    MiBench_automotive-basicmath    0.9927    1.0000   -0.0073  O1-g ≈ O3-g（差异在 ±5% 内）
2026-03-30 14:55:20,649 INFO:     45     MiBench_automotive-bitcount    0.9634    0.9595   +0.0039  O1-g ≈ O3-g（差异在 ±5% 内）
2026-03-30 14:55:20,650 INFO:     46        MiBench_automotive-susan    0.9890    0.9956   -0.0066  O1-g ≈ O3-g（差异在 ±5% 内）
2026-03-30 14:55:20,650 INFO:     47           MiBench_consumer-jpeg    0.8992    0.8711   +0.0281  O3-g 优于 O1-g（快 10.1%，加速比 1.11x）
2026-03-30 14:55:20,650 INFO:     48           MiBench_consumer-lame    0.8916    0.8994   -0.0078  O3-g 优于 O1-g（快 10.8%，加速比 1.12x）
2026-03-30 14:55:20,650 INFO:     49        MiBench_consumer-typeset    1.0264    0.9916   +0.0348  O1-g ≈ O3-g（差异在 ±5% 内）
2026-03-30 14:55:20,650 INFO:     50        MiBench_network-dijkstra    0.9967    1.0008   -0.0041  O1-g ≈ O3-g（差异在 ±5% 内）
2026-03-30 14:55:20,650 INFO:     51        MiBench_network-patricia    0.9945    1.0000   -0.0055  O1-g ≈ O3-g（差异在 ±5% 内）
2026-03-30 14:55:20,650 INFO:     52           MiBench_office-ispell    1.0243    1.0109   +0.0134  O1-g ≈ O3-g（差异在 ±5% 内）
2026-03-30 14:55:20,651 INFO:     53     MiBench_office-stringsearch    0.9831    0.9548   +0.0283  O1-g ≈ O3-g（差异在 ±5% 内）
2026-03-30 14:55:20,651 INFO:     54       MiBench_security-blowfish    1.0067    0.9843   +0.0223  O1-g ≈ O3-g（差异在 ±5% 内）
2026-03-30 14:55:20,651 INFO:     55       MiBench_security-rijndael    0.9524    0.9380   +0.0145  O1-g ≈ O3-g（差异在 ±5% 内）
2026-03-30 14:55:20,651 INFO:     56            MiBench_security-sha    0.7665    0.7444   +0.0221  O3-g 优于 O1-g（快 23.3%，加速比 1.30x）
2026-03-30 14:55:20,651 INFO:     57          MiBench_telecomm-CRC32    1.0061    0.9977   +0.0084  O1-g ≈ O3-g（差异在 ±5% 内）
2026-03-30 14:55:20,651 INFO:     58            MiBench_telecomm-FFT    0.9839    0.9916   -0.0077  O1-g ≈ O3-g（差异在 ±5% 内）
2026-03-30 14:55:20,651 INFO:     59          MiBench_telecomm-adpcm    0.9934    1.0049   -0.0114  O1-g ≈ O3-g（差异在 ±5% 内）
2026-03-30 14:55:20,652 INFO:     60            MiBench_telecomm-gsm    0.9026    0.8678   +0.0348  O3-g 优于 O1-g（快 9.7%，加速比 1.11x）
2026-03-30 14:55:20,652 INFO:     61                   NPB-serial_is    0.9785    1.0000   -0.0215  O1-g ≈ O3-g（差异在 ±5% 内）
2026-03-30 14:55:20,652 INFO:     62                        Olden_bh    1.2224    1.2188   +0.0036  O1-g 优于 O3-g（快 18.2%，加速比 1.22x）
2026-03-30 14:55:20,652 INFO:     63                    Olden_bisort    0.9668    0.9889   -0.0221  O1-g ≈ O3-g（差异在 ±5% 内）
2026-03-30 14:55:20,652 INFO:     64                      Olden_em3d    1.0076    1.0000   +0.0076  O1-g ≈ O3-g（差异在 ±5% 内）
2026-03-30 14:55:20,652 INFO:     65                    Olden_health    0.9765    0.9617   +0.0147  O1-g ≈ O3-g（差异在 ±5% 内）
2026-03-30 14:55:20,652 INFO:     66                       Olden_mst    0.9980    1.0141   -0.0161  O1-g ≈ O3-g（差异在 ±5% 内）
2026-03-30 14:55:20,652 INFO:     67                 Olden_perimeter    0.9210    0.9414   -0.0205  O3-g 优于 O1-g（快 7.9%，加速比 1.09x）
2026-03-30 14:55:20,653 INFO:     68                     Olden_power    0.7243    0.7500   -0.0257  O3-g 优于 O1-g（快 27.6%，加速比 1.38x）
2026-03-30 14:55:20,653 INFO:     69                   Olden_treeadd    0.9898    0.9951   -0.0053  O1-g ≈ O3-g（差异在 ±5% 内）
2026-03-30 14:55:20,653 INFO:     70                       Olden_tsp    0.9551    0.9540   +0.0010  O1-g ≈ O3-g（差异在 ±5% 内）
2026-03-30 14:55:20,653 INFO:     71                   Olden_voronoi    0.9816    0.9879   -0.0063  O1-g ≈ O3-g（差异在 ±5% 内）
2026-03-30 14:55:20,653 INFO:     72                 Prolangs-C++_NP    1.0059    0.9989   +0.0070  O1-g ≈ O3-g（差异在 ±5% 内）
2026-03-30 14:55:20,653 INFO:     73             Prolangs-C++_deriv1    1.0072    0.9959   +0.0114  O1-g ≈ O3-g（差异在 ±5% 内）
2026-03-30 14:55:20,654 INFO:     74             Prolangs-C++_deriv2    1.0121    1.0132   -0.0011  O1-g ≈ O3-g（差异在 ±5% 内）
2026-03-30 14:55:20,654 INFO:     75             Prolangs-C++_employ    0.9861    1.0014   -0.0152  O1-g ≈ O3-g（差异在 ±5% 内）
2026-03-30 14:55:20,654 INFO:     76                Prolangs-C++_fsm    1.0096    1.0151   -0.0055  O1-g ≈ O3-g（差异在 ±5% 内）
2026-03-30 14:55:20,654 INFO:     77             Prolangs-C++_garage    1.0073    0.9917   +0.0156  O1-g ≈ O3-g（差异在 ±5% 内）
2026-03-30 14:55:20,654 INFO:     78               Prolangs-C++_life    0.9646    0.9722   -0.0077  O1-g ≈ O3-g（差异在 ±5% 内）
2026-03-30 14:55:20,654 INFO:     79            Prolangs-C++_objects    1.0039    1.0019   +0.0019  O1-g ≈ O3-g（差异在 ±5% 内）
2026-03-30 14:55:20,654 INFO:     80              Prolangs-C++_ocean    0.9847    1.0016   -0.0169  O1-g ≈ O3-g（差异在 ±5% 内）
2026-03-30 14:55:20,655 INFO:     81             Prolangs-C++_office    1.0125    1.0128   -0.0003  O1-g ≈ O3-g（差异在 ±5% 内）
2026-03-30 14:55:20,655 INFO:     82             Prolangs-C++_primes    0.4382    0.4565   -0.0183  O3-g 优于 O1-g（快 56.2%，加速比 2.28x）
2026-03-30 14:55:20,655 INFO:     83             Prolangs-C++_shapes    1.0067    1.0020   +0.0047  O1-g ≈ O3-g（差异在 ±5% 内）
2026-03-30 14:55:20,655 INFO:     84              Prolangs-C++_simul    0.9169    0.9059   +0.0110  O3-g 优于 O1-g（快 8.3%，加速比 1.09x）
2026-03-30 14:55:20,655 INFO:     85              Prolangs-C++_trees    1.0064    1.0020   +0.0044  O1-g ≈ O3-g（差异在 ±5% 内）
2026-03-30 14:55:20,655 INFO:     86         Prolangs-C_TimberWolfMC    1.0278    0.9772   +0.0506  O1-g ≈ O3-g（差异在 ±5% 内）
2026-03-30 14:55:20,655 INFO:     87        Prolangs-C_archie-client    1.0243    1.0063   +0.0181  O1-g ≈ O3-g（差异在 ±5% 内）
2026-03-30 14:55:20,656 INFO:     88            Prolangs-C_assembler    1.0261    1.0135   +0.0126  O1-g ≈ O3-g（差异在 ±5% 内）
2026-03-30 14:55:20,656 INFO:     89                Prolangs-C_bison    0.9939    0.9944   -0.0005  O1-g ≈ O3-g（差异在 ±5% 内）
2026-03-30 14:55:20,656 INFO:     90                Prolangs-C_cdecl    1.0250    1.0213   +0.0037  O1-g ≈ O3-g（差异在 ±5% 内）
2026-03-30 14:55:20,656 INFO:     91             Prolangs-C_compiler    1.0294    1.0131   +0.0163  O1-g ≈ O3-g（差异在 ±5% 内）
2026-03-30 14:55:20,656 INFO:     92            Prolangs-C_fixoutput    1.0217    1.0067   +0.0150  O1-g ≈ O3-g（差异在 ±5% 内）
2026-03-30 14:55:20,656 INFO:     93             Prolangs-C_football    1.0274    1.0145   +0.0129  O1-g ≈ O3-g（差异在 ±5% 内）
2026-03-30 14:55:20,656 INFO:     94                Prolangs-C_gnugo    0.9542    0.9586   -0.0044  O1-g ≈ O3-g（差异在 ±5% 内）
2026-03-30 14:55:20,657 INFO:     95               Prolangs-C_loader    1.0307    1.0262   +0.0045  O1-g ≈ O3-g（差异在 ±5% 内）
2026-03-30 14:55:20,657 INFO:     96            Prolangs-C_simulator    1.0276    0.9952   +0.0324  O1-g ≈ O3-g（差异在 ±5% 内）
2026-03-30 14:55:20,657 INFO:     97                 Ptrdist_anagram    0.9658    0.9661   -0.0003  O1-g ≈ O3-g（差异在 ±5% 内）
2026-03-30 14:55:20,657 INFO:     98                      Ptrdist_bc    0.9971    1.0000   -0.0029  O1-g ≈ O3-g（差异在 ±5% 内）
2026-03-30 14:55:20,657 INFO:     99                      Ptrdist_ft    0.7120    0.7400   -0.0280  O3-g 优于 O1-g（快 28.8%，加速比 1.40x）
2026-03-30 14:55:20,657 INFO:    100                      Ptrdist_ks    0.9814    0.9474   +0.0340  O1-g ≈ O3-g（差异在 ±5% 内）
2026-03-30 14:55:20,657 INFO:    101                   Ptrdist_yacr2    0.9209    0.8974   +0.0235  O3-g 优于 O1-g（快 7.9%，加速比 1.09x）
2026-03-30 14:55:20,658 INFO:    102                Rodinia_backprop    0.9758    0.9857   -0.0099  O1-g ≈ O3-g（差异在 ±5% 内）
2026-03-30 14:55:20,658 INFO:    103                 Rodinia_hotspot    0.5301    0.5642   -0.0341  O3-g 优于 O1-g（快 47.0%，加速比 1.89x）
2026-03-30 14:55:20,658 INFO:    104              Rodinia_pathfinder    0.9184    0.9121   +0.0063  O3-g 优于 O1-g（快 8.2%，加速比 1.09x）
2026-03-30 14:55:20,658 INFO:    105                    Rodinia_srad    0.5950    0.5543   +0.0407  O3-g 优于 O1-g（快 40.5%，加速比 1.68x）
2026-03-30 14:55:20,658 INFO:    106                      SciMark2-C    0.9908    1.0000   -0.0092  O1-g ≈ O3-g（差异在 ±5% 内）
2026-03-30 14:55:20,658 INFO:    107            TSVC_ControlFlow-dbl    0.8640    0.8571   +0.0068  O3-g 优于 O1-g（快 13.6%，加速比 1.16x）
2026-03-30 14:55:20,659 INFO:    108            TSVC_ControlFlow-flt    0.8241    0.8125   +0.0116  O3-g 优于 O1-g（快 17.6%，加速比 1.21x）
2026-03-30 14:55:20,659 INFO:    109           TSVC_ControlLoops-dbl    0.7447    0.7692   -0.0246  O3-g 优于 O1-g（快 25.5%，加速比 1.34x）
2026-03-30 14:55:20,659 INFO:    110           TSVC_ControlLoops-flt    0.4701    0.5000   -0.0299  O3-g 优于 O1-g（快 53.0%，加速比 2.13x）
2026-03-30 14:55:20,659 INFO:    111     TSVC_CrossingThresholds-dbl    0.7251    0.7333   -0.0083  O3-g 优于 O1-g（快 27.5%，加速比 1.38x）
2026-03-30 14:55:20,659 INFO:    112     TSVC_CrossingThresholds-flt    0.6628    0.6818   -0.0190  O3-g 优于 O1-g（快 33.7%，加速比 1.51x）
2026-03-30 14:55:20,659 INFO:    113          TSVC_Equivalencing-dbl    0.6163    0.6571   -0.0408  O3-g 优于 O1-g（快 38.4%，加速比 1.62x）
2026-03-30 14:55:20,660 INFO:    114          TSVC_Equivalencing-flt    0.2846    0.2821   +0.0026  O3-g 优于 O1-g（快 71.5%，加速比 3.51x）
2026-03-30 14:55:20,660 INFO:    115              TSVC_Expansion-dbl    0.7185    0.7500   -0.0315  O3-g 优于 O1-g（快 28.1%，加速比 1.39x）
2026-03-30 14:55:20,660 INFO:    116              TSVC_Expansion-flt    0.5140    0.5556   -0.0416  O3-g 优于 O1-g（快 48.6%，加速比 1.95x）
2026-03-30 14:55:20,660 INFO:    117         TSVC_GlobalDataFlow-dbl    0.6842    0.7222   -0.0380  O3-g 优于 O1-g（快 31.6%，加速比 1.46x）
2026-03-30 14:55:20,660 INFO:    118         TSVC_GlobalDataFlow-flt    0.3934    0.4474   -0.0540  O3-g 优于 O1-g（快 60.7%，加速比 2.54x）
2026-03-30 14:55:20,660 INFO:    119     TSVC_IndirectAddressing-dbl    0.9885    1.0000   -0.0115  O1-g ≈ O3-g（差异在 ±5% 内）
2026-03-30 14:55:20,660 INFO:    120     TSVC_IndirectAddressing-flt    0.9288    0.9286   +0.0003  O3-g 优于 O1-g（快 7.1%，加速比 1.08x）
2026-03-30 14:55:20,661 INFO:    121      TSVC_InductionVariable-dbl    0.8367    0.8333   +0.0034  O3-g 优于 O1-g（快 16.3%，加速比 1.20x）
2026-03-30 14:55:20,661 INFO:    122      TSVC_InductionVariable-flt    0.7309    0.7500   -0.0191  O3-g 优于 O1-g（快 26.9%，加速比 1.37x）
2026-03-30 14:55:20,661 INFO:    123       TSVC_LinearDependence-dbl    0.7469    0.7647   -0.0178  O3-g 优于 O1-g（快 25.3%，加速比 1.34x）
2026-03-30 14:55:20,661 INFO:    124       TSVC_LinearDependence-flt    0.4677    0.4815   -0.0137  O3-g 优于 O1-g（快 53.2%，加速比 2.14x）
2026-03-30 14:55:20,661 INFO:    125          TSVC_LoopRerolling-dbl    0.7945    0.8182   -0.0237  O3-g 优于 O1-g（快 20.5%，加速比 1.26x）
2026-03-30 14:55:20,661 INFO:    126          TSVC_LoopRerolling-flt    0.7993    0.8182   -0.0189  O3-g 优于 O1-g（快 20.1%，加速比 1.25x）
2026-03-30 14:55:20,661 INFO:    127      TSVC_LoopRestructuring-dbl    1.0057    1.0000   +0.0057  O1-g ≈ O3-g（差异在 ±5% 内）
2026-03-30 14:55:20,662 INFO:    128      TSVC_LoopRestructuring-flt    0.9075    0.9091   -0.0016  O3-g 优于 O1-g（快 9.2%，加速比 1.10x）
2026-03-30 14:55:20,662 INFO:    129          TSVC_NodeSplitting-dbl    0.9074    0.9231   -0.0156  O3-g 优于 O1-g（快 9.3%，加速比 1.10x）
2026-03-30 14:55:20,662 INFO:    130          TSVC_NodeSplitting-flt    0.8572    0.8750   -0.0178  O3-g 优于 O1-g（快 14.3%，加速比 1.17x）
2026-03-30 14:55:20,662 INFO:    131                TSVC_Packing-dbl    0.8400    0.8571   -0.0171  O3-g 优于 O1-g（快 16.0%，加速比 1.19x）
2026-03-30 14:55:20,662 INFO:    132                TSVC_Packing-flt    0.8512    0.8667   -0.0154  O3-g 优于 O1-g（快 14.9%，加速比 1.17x）
2026-03-30 14:55:20,662 INFO:    133            TSVC_Recurrences-dbl    0.9884    1.0000   -0.0116  O1-g ≈ O3-g（差异在 ±5% 内）
2026-03-30 14:55:20,662 INFO:    134            TSVC_Recurrences-flt    0.9859    1.0000   -0.0141  O1-g ≈ O3-g（差异在 ±5% 内）
2026-03-30 14:55:20,663 INFO:    135             TSVC_Reductions-dbl    0.9803    1.0000   -0.0197  O1-g ≈ O3-g（差异在 ±5% 内）
2026-03-30 14:55:20,663 INFO:    136             TSVC_Reductions-flt    0.9232    1.0000   -0.0768  O3-g 优于 O1-g（快 7.7%，加速比 1.08x）
2026-03-30 14:55:20,663 INFO:    137              TSVC_Searching-dbl    0.6490    0.6667   -0.0176  O3-g 优于 O1-g（快 35.1%，加速比 1.54x）
2026-03-30 14:55:20,663 INFO:    138              TSVC_Searching-flt    0.2808    0.3000   -0.0192  O3-g 优于 O1-g（快 71.9%，加速比 3.56x）
2026-03-30 14:55:20,663 INFO:    139    TSVC_StatementReordering-dbl    0.9139    0.9231   -0.0092  O3-g 优于 O1-g（快 8.6%，加速比 1.09x）
2026-03-30 14:55:20,663 INFO:    140    TSVC_StatementReordering-flt    0.9297    0.9412   -0.0115  O3-g 优于 O1-g（快 7.0%，加速比 1.08x）
2026-03-30 14:55:20,663 INFO:    141              TSVC_Symbolics-dbl    0.7072    0.7368   -0.0297  O3-g 优于 O1-g（快 29.3%，加速比 1.41x）
2026-03-30 14:55:20,663 INFO:    142              TSVC_Symbolics-flt    0.3390    0.3824   -0.0434  O3-g 优于 O1-g（快 66.1%，加速比 2.95x）
2026-03-30 14:55:20,664 INFO:    143               Trimaran_enc-3des    0.9596    0.9583   +0.0013  O1-g ≈ O3-g（差异在 ±5% 内）
2026-03-30 14:55:20,664 INFO:    144                Trimaran_enc-md5    1.0017    1.0000   +0.0017  O1-g ≈ O3-g（差异在 ±5% 内）
2026-03-30 14:55:20,664 INFO:    145                Trimaran_enc-pc1    0.5516    0.5603   -0.0087  O3-g 优于 O1-g（快 44.8%，加速比 1.81x）
2026-03-30 14:55:20,664 INFO:    146                Trimaran_enc-rc4    0.8961    0.8958   +0.0002  O3-g 优于 O1-g（快 10.4%，加速比 1.12x）
2026-03-30 14:55:20,664 INFO:    147           Trimaran_netbench-crc    0.9978    1.0000   -0.0022  O1-g ≈ O3-g（差异在 ±5% 内）
2026-03-30 14:55:20,664 INFO:    148           Trimaran_netbench-url    1.0017    1.0000   +0.0017  O1-g ≈ O3-g（差异在 ±5% 内）
2026-03-30 14:55:20,664 INFO:    149                VersaBench_8b10b    0.9802    1.0000   -0.0198  O1-g ≈ O3-g（差异在 ±5% 内）
2026-03-30 14:55:20,665 INFO:    150           VersaBench_beamformer    0.7723    0.7705   +0.0018  O3-g 优于 O1-g（快 22.8%，加速比 1.29x）
2026-03-30 14:55:20,665 INFO:    151                  VersaBench_bmm    0.9916    1.0000   -0.0084  O1-g ≈ O3-g（差异在 ±5% 内）
2026-03-30 14:55:20,665 INFO:    152                 VersaBench_dbms    0.9997    1.0000   -0.0003  O1-g ≈ O3-g（差异在 ±5% 内）
2026-03-30 14:55:20,665 INFO:    153               VersaBench_ecbdes    1.0052    1.0000   +0.0052  O1-g ≈ O3-g（差异在 ±5% 内）
2026-03-30 14:55:20,665 INFO:    154                    llubenchmark    0.9926    1.0000   -0.0074  O1-g ≈ O3-g（差异在 ±5% 内）
2026-03-30 14:55:20,665 INFO:    155                           mafft    0.9810    1.0000   -0.0190  O1-g ≈ O3-g（差异在 ±5% 内）
2026-03-30 14:55:20,665 INFO:    156      mediabench_adpcm_rawcaudio    0.9793    1.0015   -0.0222  O1-g ≈ O3-g（差异在 ±5% 内）
2026-03-30 14:55:20,666 INFO:    157      mediabench_adpcm_rawdaudio    0.9888    1.0154   -0.0266  O1-g ≈ O3-g（差异在 ±5% 内）
2026-03-30 14:55:20,666 INFO:    158      mediabench_g721_g721encode    0.9289    0.8981   +0.0308  O3-g 优于 O1-g（快 7.1%，加速比 1.08x）
2026-03-30 14:55:20,666 INFO:    159            mediabench_gsm_toast    0.8812    0.8490   +0.0321  O3-g 优于 O1-g（快 11.9%，加速比 1.13x）
2026-03-30 14:55:20,666 INFO:    160         mediabench_jpeg_jpeg-6a    1.0036    1.0070   -0.0034  O1-g ≈ O3-g（差异在 ±5% 内）
2026-03-30 14:55:20,666 INFO:    161       mediabench_mpeg2_mpeg2dec    0.9462    0.9766   -0.0304  O3-g 优于 O1-g（快 5.4%，加速比 1.06x）
2026-03-30 14:55:20,666 INFO:    162                          nbench    0.8622    0.8710   -0.0087  O3-g 优于 O1-g（快 13.8%，加速比 1.16x）
2026-03-30 14:55:20,666 INFO:    163                      tramp3d-v4    0.5226    0.5445   -0.0219  O3-g 优于 O1-g（快 47.7%，加速比 1.91x）
2026-03-30 14:55:20,667 INFO: 
  ── 验证指标 ──
2026-03-30 14:55:20,667 INFO:   MAE  = 0.0151
2026-03-30 14:55:20,667 INFO:   MSE  = 0.0004
2026-03-30 14:55:20,667 INFO:   RMSE = 0.0202
2026-03-30 14:55:20,667 INFO:   方向准确率 = 128/163 (78.5%)
2026-03-30 14:55:20,667 INFO:   预测 O1-g 更优: 40/163  (真实: 33/163)
2026-03-30 14:55:20,667 INFO:   方向准确率（排除 ±5%）= 73/73 (100.0%)
2026-03-30 14:55:20,922 INFO: ========================================================================
2026-03-30 14:55:20,922 INFO: 版本对: O2-bolt_vs_O2-bolt-opt  (O2-bolt vs O2-bolt-opt)  共 165 个程序
2026-03-30 14:55:20,922 INFO: 标签模式: fixed_workload
2026-03-30 14:55:20,922 INFO: 标签定义: Y = T_v2 / T_v1 (time ratio)
2026-03-30 14:55:20,922 INFO: 判定方向: Y > 1 视为 O2-bolt 更快，Y < 1 视为 O2-bolt-opt 更快
2026-03-30 14:55:20,922 INFO: ========================================================================
2026-03-30 14:55:20,923 INFO:      #                              程序      预测 Ŷ      真实 Y        误差  判断
2026-03-30 14:55:20,923 INFO:   ------------------------------------------------------------------------
2026-03-30 14:55:20,923 INFO:      1                            7zip    0.9902    1.0000   -0.0098  O2-bolt ≈ O2-bolt-opt（差异在 ±5% 内）
2026-03-30 14:55:20,923 INFO:      2             ASCI_Purple_SMG2000    1.0032    1.0000   +0.0032  O2-bolt ≈ O2-bolt-opt（差异在 ±5% 内）
2026-03-30 14:55:20,923 INFO:      3               ASC_Sequoia_AMGmk    1.0040    1.0000   +0.0040  O2-bolt ≈ O2-bolt-opt（差异在 ±5% 内）
2026-03-30 14:55:20,923 INFO:      4           ASC_Sequoia_CrystalMk    1.0002    1.0000   +0.0002  O2-bolt ≈ O2-bolt-opt（差异在 ±5% 内）
2026-03-30 14:55:20,924 INFO:      5               ASC_Sequoia_IRSmk    1.0022    1.0000   +0.0022  O2-bolt ≈ O2-bolt-opt（差异在 ±5% 内）
2026-03-30 14:55:20,924 INFO:      6                  BitBench_drop3    1.0345    1.0494   -0.0148  O2-bolt ≈ O2-bolt-opt（差异在 ±5% 内）
2026-03-30 14:55:20,924 INFO:      7                 BitBench_five11    0.9553    0.9500   +0.0053  O2-bolt ≈ O2-bolt-opt（差异在 ±5% 内）
2026-03-30 14:55:20,924 INFO:      8               BitBench_uudecode    0.9993    0.9986   +0.0008  O2-bolt ≈ O2-bolt-opt（差异在 ±5% 内）
2026-03-30 14:55:20,924 INFO:      9               BitBench_uuencode    0.9889    0.9997   -0.0109  O2-bolt ≈ O2-bolt-opt（差异在 ±5% 内）
2026-03-30 14:55:20,924 INFO:     10                          Bullet    0.9930    1.0000   -0.0070  O2-bolt ≈ O2-bolt-opt（差异在 ±5% 内）
2026-03-30 14:55:20,924 INFO:     11         DOE-ProxyApps-C++_CLAMR    1.0025    1.0000   +0.0025  O2-bolt ≈ O2-bolt-opt（差异在 ±5% 内）
2026-03-30 14:55:20,925 INFO:     12   DOE-ProxyApps-C++_HACCKernels    0.9825    1.0000   -0.0175  O2-bolt ≈ O2-bolt-opt（差异在 ±5% 内）
2026-03-30 14:55:20,925 INFO:     13         DOE-ProxyApps-C++_HPCCG    0.9943    1.0000   -0.0057  O2-bolt ≈ O2-bolt-opt（差异在 ±5% 内）
2026-03-30 14:55:20,925 INFO:     14       DOE-ProxyApps-C++_PENNANT    0.9942    1.0000   -0.0058  O2-bolt ≈ O2-bolt-opt（差异在 ±5% 内）
2026-03-30 14:55:20,925 INFO:     15        DOE-ProxyApps-C++_miniFE    0.9913    1.0000   -0.0087  O2-bolt ≈ O2-bolt-opt（差异在 ±5% 内）
2026-03-30 14:55:20,925 INFO:     16            DOE-ProxyApps-C_CoMD    0.9692    0.9600   +0.0092  O2-bolt ≈ O2-bolt-opt（差异在 ±5% 内）
2026-03-30 14:55:20,925 INFO:     17      DOE-ProxyApps-C_Pathfinder    1.0350    1.0667   -0.0316  O2-bolt ≈ O2-bolt-opt（差异在 ±5% 内）
2026-03-30 14:55:20,925 INFO:     18         DOE-ProxyApps-C_RSBench    0.9894    0.9852   +0.0042  O2-bolt ≈ O2-bolt-opt（差异在 ±5% 内）
2026-03-30 14:55:20,926 INFO:     19       DOE-ProxyApps-C_SimpleMOC    1.0010    1.0000   +0.0010  O2-bolt ≈ O2-bolt-opt（差异在 ±5% 内）
2026-03-30 14:55:20,926 INFO:     20         DOE-ProxyApps-C_XSBench    0.9386    0.9375   +0.0011  O2-bolt-opt 优于 O2-bolt（快 6.1%，加速比 1.07x）
2026-03-30 14:55:20,926 INFO:     21         DOE-ProxyApps-C_miniAMR    0.9563    1.0000   -0.0437  O2-bolt ≈ O2-bolt-opt（差异在 ±5% 内）
2026-03-30 14:55:20,926 INFO:     22         DOE-ProxyApps-C_miniGMG    0.9585    0.9841   -0.0256  O2-bolt ≈ O2-bolt-opt（差异在 ±5% 内）
2026-03-30 14:55:20,926 INFO:     23                     Fhourstones    0.9830    0.9811   +0.0019  O2-bolt ≈ O2-bolt-opt（差异在 ±5% 内）
2026-03-30 14:55:20,926 INFO:     24                 Fhourstones-3.1    1.0220    1.0857   -0.0637  O2-bolt ≈ O2-bolt-opt（差异在 ±5% 内）
2026-03-30 14:55:20,926 INFO:     25              FreeBench_analyzer    1.0156    1.0206   -0.0050  O2-bolt ≈ O2-bolt-opt（差异在 ±5% 内）
2026-03-30 14:55:20,927 INFO:     26               FreeBench_distray    0.9963    0.9948   +0.0014  O2-bolt ≈ O2-bolt-opt（差异在 ±5% 内）
2026-03-30 14:55:20,927 INFO:     27            FreeBench_fourinarow    0.9897    1.0000   -0.0103  O2-bolt ≈ O2-bolt-opt（差异在 ±5% 内）
2026-03-30 14:55:20,927 INFO:     28                 FreeBench_mason    0.9798    0.9848   -0.0050  O2-bolt ≈ O2-bolt-opt（差异在 ±5% 内）
2026-03-30 14:55:20,927 INFO:     29                FreeBench_neural    1.0181    1.0217   -0.0036  O2-bolt ≈ O2-bolt-opt（差异在 ±5% 内）
2026-03-30 14:55:20,927 INFO:     30            FreeBench_pcompress2    1.0145    1.0335   -0.0191  O2-bolt ≈ O2-bolt-opt（差异在 ±5% 内）
2026-03-30 14:55:20,927 INFO:     31                 FreeBench_pifft    0.9961    1.0018   -0.0057  O2-bolt ≈ O2-bolt-opt（差异在 ±5% 内）
2026-03-30 14:55:20,927 INFO:     32               MallocBench_cfrac    0.9879    1.0000   -0.0121  O2-bolt ≈ O2-bolt-opt（差异在 ±5% 内）
2026-03-30 14:55:20,928 INFO:     33            MallocBench_espresso    0.9821    1.0000   -0.0179  O2-bolt ≈ O2-bolt-opt（差异在 ±5% 内）
2026-03-30 14:55:20,928 INFO:     34                  MallocBench_gs    0.9324    0.9546   -0.0221  O2-bolt-opt 优于 O2-bolt（快 6.8%，加速比 1.07x）
2026-03-30 14:55:20,928 INFO:     35                 McCat_01-qbsort    0.9771    0.9744   +0.0026  O2-bolt ≈ O2-bolt-opt（差异在 ±5% 内）
2026-03-30 14:55:20,928 INFO:     36                 McCat_04-bisect    1.0139    1.0136   +0.0003  O2-bolt ≈ O2-bolt-opt（差异在 ±5% 内）
2026-03-30 14:55:20,928 INFO:     37                   McCat_08-main    0.9797    1.0000   -0.0203  O2-bolt ≈ O2-bolt-opt（差异在 ±5% 内）
2026-03-30 14:55:20,928 INFO:     38                    McCat_09-vor    1.0061    0.9947   +0.0113  O2-bolt ≈ O2-bolt-opt（差异在 ±5% 内）
2026-03-30 14:55:20,928 INFO:     39                 McCat_12-IOtest    1.0033    0.9932   +0.0100  O2-bolt ≈ O2-bolt-opt（差异在 ±5% 内）
2026-03-30 14:55:20,929 INFO:     40                   McCat_15-trie    1.0218    1.0101   +0.0118  O2-bolt ≈ O2-bolt-opt（差异在 ±5% 内）
2026-03-30 14:55:20,929 INFO:     41                  McCat_17-bintr    0.9407    0.9494   -0.0087  O2-bolt-opt 优于 O2-bolt（快 5.9%，加速比 1.06x）
2026-03-30 14:55:20,929 INFO:     42                    McCat_18-imp    1.0942    1.1155   -0.0213  O2-bolt 优于 O2-bolt-opt（快 8.6%，加速比 1.09x）
2026-03-30 14:55:20,929 INFO:     43    MiBench_automotive-basicmath    0.9905    1.0000   -0.0095  O2-bolt ≈ O2-bolt-opt（差异在 ±5% 内）
2026-03-30 14:55:20,929 INFO:     44     MiBench_automotive-bitcount    0.8921    0.8994   -0.0073  O2-bolt-opt 优于 O2-bolt（快 10.8%，加速比 1.12x）
2026-03-30 14:55:20,929 INFO:     45        MiBench_automotive-susan    0.9830    0.9883   -0.0053  O2-bolt ≈ O2-bolt-opt（差异在 ±5% 内）
2026-03-30 14:55:20,929 INFO:     46           MiBench_consumer-jpeg    0.9827    0.9967   -0.0140  O2-bolt ≈ O2-bolt-opt（差异在 ±5% 内）
2026-03-30 14:55:20,930 INFO:     47           MiBench_consumer-lame    0.9801    0.9877   -0.0076  O2-bolt ≈ O2-bolt-opt（差异在 ±5% 内）
2026-03-30 14:55:20,930 INFO:     48        MiBench_consumer-typeset    1.0301    0.9945   +0.0357  O2-bolt ≈ O2-bolt-opt（差异在 ±5% 内）
2026-03-30 14:55:20,930 INFO:     49        MiBench_network-dijkstra    0.9343    0.9192   +0.0150  O2-bolt-opt 优于 O2-bolt（快 6.6%，加速比 1.07x）
2026-03-30 14:55:20,930 INFO:     50        MiBench_network-patricia    0.9839    0.9936   -0.0097  O2-bolt ≈ O2-bolt-opt（差异在 ±5% 内）
2026-03-30 14:55:20,930 INFO:     51           MiBench_office-ispell    1.0258    1.0015   +0.0243  O2-bolt ≈ O2-bolt-opt（差异在 ±5% 内）
2026-03-30 14:55:20,930 INFO:     52     MiBench_office-stringsearch    1.0158    1.0090   +0.0068  O2-bolt ≈ O2-bolt-opt（差异在 ±5% 内）
2026-03-30 14:55:20,931 INFO:     53       MiBench_security-blowfish    1.0270    1.0251   +0.0019  O2-bolt ≈ O2-bolt-opt（差异在 ±5% 内）
2026-03-30 14:55:20,931 INFO:     54       MiBench_security-rijndael    1.0214    1.0469   -0.0255  O2-bolt ≈ O2-bolt-opt（差异在 ±5% 内）
2026-03-30 14:55:20,931 INFO:     55            MiBench_security-sha    1.0010    1.0035   -0.0025  O2-bolt ≈ O2-bolt-opt（差异在 ±5% 内）
2026-03-30 14:55:20,931 INFO:     56          MiBench_telecomm-CRC32    1.0405    1.0000   +0.0405  O2-bolt ≈ O2-bolt-opt（差异在 ±5% 内）
2026-03-30 14:55:20,931 INFO:     57            MiBench_telecomm-FFT    0.9779    1.0031   -0.0252  O2-bolt ≈ O2-bolt-opt（差异在 ±5% 内）
2026-03-30 14:55:20,931 INFO:     58          MiBench_telecomm-adpcm    0.9919    0.9976   -0.0057  O2-bolt ≈ O2-bolt-opt（差异在 ±5% 内）
2026-03-30 14:55:20,931 INFO:     59            MiBench_telecomm-gsm    0.9915    1.0076   -0.0161  O2-bolt ≈ O2-bolt-opt（差异在 ±5% 内）
2026-03-30 14:55:20,932 INFO:     60                   NPB-serial_is    0.9918    1.0000   -0.0082  O2-bolt ≈ O2-bolt-opt（差异在 ±5% 内）
2026-03-30 14:55:20,932 INFO:     61                        Olden_bh    0.9905    1.0000   -0.0095  O2-bolt ≈ O2-bolt-opt（差异在 ±5% 内）
2026-03-30 14:55:20,932 INFO:     62                    Olden_bisort    0.9943    0.9778   +0.0166  O2-bolt ≈ O2-bolt-opt（差异在 ±5% 内）
2026-03-30 14:55:20,932 INFO:     63                      Olden_em3d    1.7085    1.6429   +0.0656  O2-bolt 优于 O2-bolt-opt（快 41.5%，加速比 1.71x）
2026-03-30 14:55:20,932 INFO:     64                    Olden_health    0.9917    0.9891   +0.0026  O2-bolt ≈ O2-bolt-opt（差异在 ±5% 内）
2026-03-30 14:55:20,932 INFO:     65                       Olden_mst    0.9891    0.9920   -0.0030  O2-bolt ≈ O2-bolt-opt（差异在 ±5% 内）
2026-03-30 14:55:20,932 INFO:     66                 Olden_perimeter    0.9441    0.9345   +0.0096  O2-bolt-opt 优于 O2-bolt（快 5.6%，加速比 1.06x）
2026-03-30 14:55:20,932 INFO:     67                     Olden_power    0.9869    1.0000   -0.0131  O2-bolt ≈ O2-bolt-opt（差异在 ±5% 内）
2026-03-30 14:55:20,933 INFO:     68                   Olden_treeadd    0.9819    0.9854   -0.0035  O2-bolt ≈ O2-bolt-opt（差异在 ±5% 内）
2026-03-30 14:55:20,933 INFO:     69                       Olden_tsp    0.9797    1.0000   -0.0203  O2-bolt ≈ O2-bolt-opt（差异在 ±5% 内）
2026-03-30 14:55:20,933 INFO:     70                   Olden_voronoi    1.0209    1.0000   +0.0209  O2-bolt ≈ O2-bolt-opt（差异在 ±5% 内）
2026-03-30 14:55:20,933 INFO:     71                           PAQ8p    0.9950    1.0000   -0.0050  O2-bolt ≈ O2-bolt-opt（差异在 ±5% 内）
2026-03-30 14:55:20,933 INFO:     72                 Prolangs-C++_NP    1.0150    1.0088   +0.0061  O2-bolt ≈ O2-bolt-opt（差异在 ±5% 内）
2026-03-30 14:55:20,933 INFO:     73               Prolangs-C++_city    0.9711    0.9759   -0.0048  O2-bolt ≈ O2-bolt-opt（差异在 ±5% 内）
2026-03-30 14:55:20,933 INFO:     74             Prolangs-C++_deriv1    1.0174    1.0141   +0.0033  O2-bolt ≈ O2-bolt-opt（差异在 ±5% 内）
2026-03-30 14:55:20,934 INFO:     75             Prolangs-C++_deriv2    1.0164    1.0115   +0.0049  O2-bolt ≈ O2-bolt-opt（差异在 ±5% 内）
2026-03-30 14:55:20,934 INFO:     76             Prolangs-C++_employ    0.9755    0.9903   -0.0148  O2-bolt ≈ O2-bolt-opt（差异在 ±5% 内）
2026-03-30 14:55:20,934 INFO:     77             Prolangs-C++_family    1.0177    1.0197   -0.0020  O2-bolt ≈ O2-bolt-opt（差异在 ±5% 内）
2026-03-30 14:55:20,934 INFO:     78                Prolangs-C++_fsm    1.0154    1.0091   +0.0062  O2-bolt ≈ O2-bolt-opt（差异在 ±5% 内）
2026-03-30 14:55:20,934 INFO:     79             Prolangs-C++_garage    1.0110    0.9981   +0.0129  O2-bolt ≈ O2-bolt-opt（差异在 ±5% 内）
2026-03-30 14:55:20,934 INFO:     80               Prolangs-C++_life    0.9904    1.0000   -0.0096  O2-bolt ≈ O2-bolt-opt（差异在 ±5% 内）
2026-03-30 14:55:20,935 INFO:     81            Prolangs-C++_objects    1.0166    1.0114   +0.0051  O2-bolt ≈ O2-bolt-opt（差异在 ±5% 内）
2026-03-30 14:55:20,935 INFO:     82              Prolangs-C++_ocean    0.9882    1.0000   -0.0118  O2-bolt ≈ O2-bolt-opt（差异在 ±5% 内）
2026-03-30 14:55:20,935 INFO:     83             Prolangs-C++_office    1.0125    1.0060   +0.0066  O2-bolt ≈ O2-bolt-opt（差异在 ±5% 内）
2026-03-30 14:55:20,935 INFO:     84             Prolangs-C++_primes    0.9554    0.9580   -0.0026  O2-bolt ≈ O2-bolt-opt（差异在 ±5% 内）
2026-03-30 14:55:20,935 INFO:     85             Prolangs-C++_shapes    1.0149    1.0252   -0.0103  O2-bolt ≈ O2-bolt-opt（差异在 ±5% 内）
2026-03-30 14:55:20,935 INFO:     86              Prolangs-C++_simul    1.0096    1.0252   -0.0157  O2-bolt ≈ O2-bolt-opt（差异在 ±5% 内）
2026-03-30 14:55:20,936 INFO:     87              Prolangs-C++_trees    1.0187    1.0176   +0.0011  O2-bolt ≈ O2-bolt-opt（差异在 ±5% 内）
2026-03-30 14:55:20,936 INFO:     88              Prolangs-C++_vcirc    1.0115    1.0016   +0.0099  O2-bolt ≈ O2-bolt-opt（差异在 ±5% 内）
2026-03-30 14:55:20,936 INFO:     89                Prolangs-C_agrep    1.0098    1.0382   -0.0284  O2-bolt ≈ O2-bolt-opt（差异在 ±5% 内）
2026-03-30 14:55:20,936 INFO:     90             Prolangs-C_allroots    1.0364    1.0094   +0.0271  O2-bolt ≈ O2-bolt-opt（差异在 ±5% 内）
2026-03-30 14:55:20,936 INFO:     91                Prolangs-C_bison    0.9872    0.9879   -0.0008  O2-bolt ≈ O2-bolt-opt（差异在 ±5% 内）
2026-03-30 14:55:20,936 INFO:     92                Prolangs-C_cdecl    1.0182    1.0122   +0.0060  O2-bolt ≈ O2-bolt-opt（差异在 ±5% 内）
2026-03-30 14:55:20,937 INFO:     93            Prolangs-C_fixoutput    1.0251    0.9965   +0.0287  O2-bolt ≈ O2-bolt-opt（差异在 ±5% 内）
2026-03-30 14:55:20,937 INFO:     94             Prolangs-C_football    1.0283    0.9975   +0.0308  O2-bolt ≈ O2-bolt-opt（差异在 ±5% 内）
2026-03-30 14:55:20,937 INFO:     95                Prolangs-C_gnugo    0.9934    1.0098   -0.0164  O2-bolt ≈ O2-bolt-opt（差异在 ±5% 内）
2026-03-30 14:55:20,937 INFO:     96               Prolangs-C_loader    1.0335    1.0238   +0.0097  O2-bolt ≈ O2-bolt-opt（差异在 ±5% 内）
2026-03-30 14:55:20,937 INFO:     97            Prolangs-C_simulator    1.0368    1.0159   +0.0209  O2-bolt ≈ O2-bolt-opt（差异在 ±5% 内）
2026-03-30 14:55:20,937 INFO:     98           Prolangs-C_unix-smail    1.0213    0.9970   +0.0243  O2-bolt ≈ O2-bolt-opt（差异在 ±5% 内）
2026-03-30 14:55:20,937 INFO:     99             Prolangs-C_unix-tbl    1.0348    1.0225   +0.0124  O2-bolt ≈ O2-bolt-opt（差异在 ±5% 内）
2026-03-30 14:55:20,938 INFO:    100                 Ptrdist_anagram    0.9900    0.9833   +0.0067  O2-bolt ≈ O2-bolt-opt（差异在 ±5% 内）
2026-03-30 14:55:20,938 INFO:    101                      Ptrdist_bc    0.8514    0.9045   -0.0530  O2-bolt-opt 优于 O2-bolt（快 14.9%，加速比 1.17x）
2026-03-30 14:55:20,938 INFO:    102                      Ptrdist_ft    0.9863    1.0000   -0.0137  O2-bolt ≈ O2-bolt-opt（差异在 ±5% 内）
2026-03-30 14:55:20,938 INFO:    103                      Ptrdist_ks    0.9834    0.9831   +0.0003  O2-bolt ≈ O2-bolt-opt（差异在 ±5% 内）
2026-03-30 14:55:20,938 INFO:    104                   Ptrdist_yacr2    1.1340    1.0938   +0.0403  O2-bolt 优于 O2-bolt-opt（快 11.8%，加速比 1.13x）
2026-03-30 14:55:20,938 INFO:    105                Rodinia_backprop    0.9930    1.0000   -0.0070  O2-bolt ≈ O2-bolt-opt（差异在 ±5% 内）
2026-03-30 14:55:20,938 INFO:    106                 Rodinia_hotspot    0.9964    0.9923   +0.0041  O2-bolt ≈ O2-bolt-opt（差异在 ±5% 内）
2026-03-30 14:55:20,939 INFO:    107              Rodinia_pathfinder    1.0205    1.0345   -0.0140  O2-bolt ≈ O2-bolt-opt（差异在 ±5% 内）
2026-03-30 14:55:20,939 INFO:    108                    Rodinia_srad    1.0042    1.0000   +0.0042  O2-bolt ≈ O2-bolt-opt（差异在 ±5% 内）
2026-03-30 14:55:20,939 INFO:    109                      SciMark2-C    0.9948    1.0000   -0.0052  O2-bolt ≈ O2-bolt-opt（差异在 ±5% 内）
2026-03-30 14:55:20,939 INFO:    110            TSVC_ControlFlow-dbl    0.9879    1.0000   -0.0121  O2-bolt ≈ O2-bolt-opt（差异在 ±5% 内）
2026-03-30 14:55:20,939 INFO:    111            TSVC_ControlFlow-flt    0.9866    1.0000   -0.0134  O2-bolt ≈ O2-bolt-opt（差异在 ±5% 内）
2026-03-30 14:55:20,939 INFO:    112           TSVC_ControlLoops-dbl    1.0142    1.0000   +0.0142  O2-bolt ≈ O2-bolt-opt（差异在 ±5% 内）
2026-03-30 14:55:20,939 INFO:    113           TSVC_ControlLoops-flt    0.9913    1.0000   -0.0087  O2-bolt ≈ O2-bolt-opt（差异在 ±5% 内）
2026-03-30 14:55:20,940 INFO:    114     TSVC_CrossingThresholds-dbl    0.9968    1.0000   -0.0032  O2-bolt ≈ O2-bolt-opt（差异在 ±5% 内）
2026-03-30 14:55:20,940 INFO:    115     TSVC_CrossingThresholds-flt    0.9501    0.9565   -0.0064  O2-bolt ≈ O2-bolt-opt（差异在 ±5% 内）
2026-03-30 14:55:20,940 INFO:    116          TSVC_Equivalencing-dbl    0.9895    1.0000   -0.0105  O2-bolt ≈ O2-bolt-opt（差异在 ±5% 内）
2026-03-30 14:55:20,940 INFO:    117          TSVC_Equivalencing-flt    0.9853    1.0000   -0.0147  O2-bolt ≈ O2-bolt-opt（差异在 ±5% 内）
2026-03-30 14:55:20,940 INFO:    118              TSVC_Expansion-dbl    0.9993    1.0000   -0.0007  O2-bolt ≈ O2-bolt-opt（差异在 ±5% 内）
2026-03-30 14:55:20,940 INFO:    119              TSVC_Expansion-flt    0.9649    0.9643   +0.0006  O2-bolt ≈ O2-bolt-opt（差异在 ±5% 内）
2026-03-30 14:55:20,940 INFO:    120         TSVC_GlobalDataFlow-dbl    0.9884    1.0000   -0.0116  O2-bolt ≈ O2-bolt-opt（差异在 ±5% 内）
2026-03-30 14:55:20,941 INFO:    121         TSVC_GlobalDataFlow-flt    0.9737    0.9744   -0.0006  O2-bolt ≈ O2-bolt-opt（差异在 ±5% 内）
2026-03-30 14:55:20,941 INFO:    122     TSVC_IndirectAddressing-dbl    0.9891    1.0000   -0.0109  O2-bolt ≈ O2-bolt-opt（差异在 ±5% 内）
2026-03-30 14:55:20,941 INFO:    123     TSVC_IndirectAddressing-flt    0.9968    1.0000   -0.0032  O2-bolt ≈ O2-bolt-opt（差异在 ±5% 内）
2026-03-30 14:55:20,941 INFO:    124      TSVC_InductionVariable-dbl    0.9873    1.0000   -0.0127  O2-bolt ≈ O2-bolt-opt（差异在 ±5% 内）
2026-03-30 14:55:20,941 INFO:    125      TSVC_InductionVariable-flt    1.0027    1.0000   +0.0027  O2-bolt ≈ O2-bolt-opt（差异在 ±5% 内）
2026-03-30 14:55:20,941 INFO:    126       TSVC_LinearDependence-dbl    0.9939    1.0000   -0.0061  O2-bolt ≈ O2-bolt-opt（差异在 ±5% 内）
2026-03-30 14:55:20,942 INFO:    127       TSVC_LinearDependence-flt    0.9255    0.9333   -0.0079  O2-bolt-opt 优于 O2-bolt（快 7.5%，加速比 1.08x）
2026-03-30 14:55:20,942 INFO:    128          TSVC_LoopRerolling-dbl    0.9979    1.0000   -0.0021  O2-bolt ≈ O2-bolt-opt（差异在 ±5% 内）
2026-03-30 14:55:20,942 INFO:    129          TSVC_LoopRerolling-flt    0.9987    1.0000   -0.0013  O2-bolt ≈ O2-bolt-opt（差异在 ±5% 内）
2026-03-30 14:55:20,942 INFO:    130      TSVC_LoopRestructuring-dbl    0.9777    1.0000   -0.0223  O2-bolt ≈ O2-bolt-opt（差异在 ±5% 内）
2026-03-30 14:55:20,942 INFO:    131      TSVC_LoopRestructuring-flt    1.0131    1.0000   +0.0131  O2-bolt ≈ O2-bolt-opt（差异在 ±5% 内）
2026-03-30 14:55:20,942 INFO:    132          TSVC_NodeSplitting-dbl    0.9944    1.0000   -0.0056  O2-bolt ≈ O2-bolt-opt（差异在 ±5% 内）
2026-03-30 14:55:20,942 INFO:    133          TSVC_NodeSplitting-flt    0.9324    0.9412   -0.0088  O2-bolt-opt 优于 O2-bolt（快 6.8%，加速比 1.07x）
2026-03-30 14:55:20,943 INFO:    134                TSVC_Packing-dbl    1.0300    1.0000   +0.0300  O2-bolt ≈ O2-bolt-opt（差异在 ±5% 内）
2026-03-30 14:55:20,943 INFO:    135                TSVC_Packing-flt    1.4066    1.3333   +0.0733  O2-bolt 优于 O2-bolt-opt（快 28.9%，加速比 1.41x）
2026-03-30 14:55:20,943 INFO:    136            TSVC_Recurrences-dbl    1.0054    1.0000   +0.0054  O2-bolt ≈ O2-bolt-opt（差异在 ±5% 内）
2026-03-30 14:55:20,943 INFO:    137            TSVC_Recurrences-flt    1.0046    1.0000   +0.0046  O2-bolt ≈ O2-bolt-opt（差异在 ±5% 内）
2026-03-30 14:55:20,943 INFO:    138             TSVC_Reductions-dbl    0.9974    1.0000   -0.0026  O2-bolt ≈ O2-bolt-opt（差异在 ±5% 内）
2026-03-30 14:55:20,943 INFO:    139             TSVC_Reductions-flt    1.0011    1.0000   +0.0011  O2-bolt ≈ O2-bolt-opt（差异在 ±5% 内）
2026-03-30 14:55:20,943 INFO:    140              TSVC_Searching-dbl    1.0001    1.0000   +0.0001  O2-bolt ≈ O2-bolt-opt（差异在 ±5% 内）
2026-03-30 14:55:20,944 INFO:    141              TSVC_Searching-flt    0.9970    1.0000   -0.0030  O2-bolt ≈ O2-bolt-opt（差异在 ±5% 内）
2026-03-30 14:55:20,944 INFO:    142    TSVC_StatementReordering-dbl    0.9914    1.0000   -0.0086  O2-bolt ≈ O2-bolt-opt（差异在 ±5% 内）
2026-03-30 14:55:20,944 INFO:    143    TSVC_StatementReordering-flt    1.0773    1.0625   +0.0148  O2-bolt 优于 O2-bolt-opt（快 7.2%，加速比 1.08x）
2026-03-30 14:55:20,944 INFO:    144              TSVC_Symbolics-dbl    0.9993    1.0000   -0.0007  O2-bolt ≈ O2-bolt-opt（差异在 ±5% 内）
2026-03-30 14:55:20,944 INFO:    145              TSVC_Symbolics-flt    0.9520    0.9444   +0.0075  O2-bolt ≈ O2-bolt-opt（差异在 ±5% 内）
2026-03-30 14:55:20,944 INFO:    146               Trimaran_enc-3des    0.9909    1.0000   -0.0091  O2-bolt ≈ O2-bolt-opt（差异在 ±5% 内）
2026-03-30 14:55:20,945 INFO:    147                Trimaran_enc-md5    1.0042    1.0000   +0.0042  O2-bolt ≈ O2-bolt-opt（差异在 ±5% 内）
2026-03-30 14:55:20,945 INFO:    148                Trimaran_enc-pc1    0.9999    1.0000   -0.0001  O2-bolt ≈ O2-bolt-opt（差异在 ±5% 内）
2026-03-30 14:55:20,945 INFO:    149                Trimaran_enc-rc4    0.9830    0.9796   +0.0035  O2-bolt ≈ O2-bolt-opt（差异在 ±5% 内）
2026-03-30 14:55:20,945 INFO:    150           Trimaran_netbench-crc    0.9920    1.0000   -0.0080  O2-bolt ≈ O2-bolt-opt（差异在 ±5% 内）
2026-03-30 14:55:20,945 INFO:    151           Trimaran_netbench-url    1.0064    1.0000   +0.0064  O2-bolt ≈ O2-bolt-opt（差异在 ±5% 内）
2026-03-30 14:55:20,945 INFO:    152                VersaBench_8b10b    1.0256    1.0000   +0.0256  O2-bolt ≈ O2-bolt-opt（差异在 ±5% 内）
2026-03-30 14:55:20,945 INFO:    153           VersaBench_beamformer    1.1400    1.1296   +0.0104  O2-bolt 优于 O2-bolt-opt（快 12.3%，加速比 1.14x）
2026-03-30 14:55:20,946 INFO:    154                  VersaBench_bmm    0.9941    1.0000   -0.0059  O2-bolt ≈ O2-bolt-opt（差异在 ±5% 内）
2026-03-30 14:55:20,946 INFO:    155                 VersaBench_dbms    0.9790    1.0000   -0.0210  O2-bolt ≈ O2-bolt-opt（差异在 ±5% 内）
2026-03-30 14:55:20,946 INFO:    156               VersaBench_ecbdes    0.9980    1.0000   -0.0020  O2-bolt ≈ O2-bolt-opt（差异在 ±5% 内）
2026-03-30 14:55:20,946 INFO:    157                    llubenchmark    0.9912    1.0000   -0.0088  O2-bolt ≈ O2-bolt-opt（差异在 ±5% 内）
2026-03-30 14:55:20,946 INFO:    158                           mafft    1.0050    1.0000   +0.0050  O2-bolt ≈ O2-bolt-opt（差异在 ±5% 内）
2026-03-30 14:55:20,946 INFO:    159      mediabench_adpcm_rawcaudio    0.9809    0.9970   -0.0161  O2-bolt ≈ O2-bolt-opt（差异在 ±5% 内）
2026-03-30 14:55:20,946 INFO:    160      mediabench_adpcm_rawdaudio    0.9724    0.9908   -0.0184  O2-bolt ≈ O2-bolt-opt（差异在 ±5% 内）
2026-03-30 14:55:20,947 INFO:    161      mediabench_g721_g721encode    1.0185    0.9828   +0.0358  O2-bolt ≈ O2-bolt-opt（差异在 ±5% 内）
2026-03-30 14:55:20,947 INFO:    162            mediabench_gsm_toast    1.0236    1.0302   -0.0067  O2-bolt ≈ O2-bolt-opt（差异在 ±5% 内）
2026-03-30 14:55:20,947 INFO:    163       mediabench_mpeg2_mpeg2dec    0.9492    0.9592   -0.0100  O2-bolt-opt 优于 O2-bolt（快 5.1%，加速比 1.05x）
2026-03-30 14:55:20,947 INFO:    164                          nbench    1.0638    1.0312   +0.0326  O2-bolt 优于 O2-bolt-opt（快 6.0%，加速比 1.06x）
2026-03-30 14:55:20,947 INFO:    165                      tramp3d-v4    0.9660    0.9896   -0.0236  O2-bolt ≈ O2-bolt-opt（差异在 ±5% 内）
2026-03-30 14:55:20,947 INFO: 
  ── 验证指标 ──
2026-03-30 14:55:20,947 INFO:   MAE  = 0.0120
2026-03-30 14:55:20,948 INFO:   MSE  = 0.0003
2026-03-30 14:55:20,948 INFO:   RMSE = 0.0172
2026-03-30 14:55:20,948 INFO:   方向准确率 = 104/165 (63.0%)
2026-03-30 14:55:20,948 INFO:   预测 O2-bolt 更优: 68/165  (真实: 43/165)
2026-03-30 14:55:20,948 INFO:   方向准确率（排除 ±5%）= 18/18 (100.0%)
2026-03-30 14:55:21,146 INFO: ========================================================================
2026-03-30 14:55:21,147 INFO: 版本对: O3-bolt_vs_O3-bolt-opt  (O3-bolt vs O3-bolt-opt)  共 161 个程序
2026-03-30 14:55:21,147 INFO: 标签模式: fixed_workload
2026-03-30 14:55:21,147 INFO: 标签定义: Y = T_v2 / T_v1 (time ratio)
2026-03-30 14:55:21,147 INFO: 判定方向: Y > 1 视为 O3-bolt 更快，Y < 1 视为 O3-bolt-opt 更快
2026-03-30 14:55:21,147 INFO: ========================================================================
2026-03-30 14:55:21,147 INFO:      #                              程序      预测 Ŷ      真实 Y        误差  判断
2026-03-30 14:55:21,147 INFO:   ------------------------------------------------------------------------
2026-03-30 14:55:21,148 INFO:      1                            7zip    0.9889    1.0000   -0.0111  O3-bolt ≈ O3-bolt-opt（差异在 ±5% 内）
2026-03-30 14:55:21,148 INFO:      2             ASCI_Purple_SMG2000    0.9791    1.0000   -0.0209  O3-bolt ≈ O3-bolt-opt（差异在 ±5% 内）
2026-03-30 14:55:21,148 INFO:      3               ASC_Sequoia_AMGmk    1.0056    1.0000   +0.0056  O3-bolt ≈ O3-bolt-opt（差异在 ±5% 内）
2026-03-30 14:55:21,148 INFO:      4           ASC_Sequoia_CrystalMk    0.9891    1.0000   -0.0109  O3-bolt ≈ O3-bolt-opt（差异在 ±5% 内）
2026-03-30 14:55:21,148 INFO:      5               ASC_Sequoia_IRSmk    1.0014    1.0000   +0.0014  O3-bolt ≈ O3-bolt-opt（差异在 ±5% 内）
2026-03-30 14:55:21,148 INFO:      6                  BitBench_drop3    0.9028    0.9341   -0.0313  O3-bolt-opt 优于 O3-bolt（快 9.7%，加速比 1.11x）
2026-03-30 14:55:21,148 INFO:      7                 BitBench_five11    0.9543    0.9500   +0.0043  O3-bolt ≈ O3-bolt-opt（差异在 ±5% 内）
2026-03-30 14:55:21,148 INFO:      8               BitBench_uudecode    1.8881    1.7186   +0.1695  O3-bolt 优于 O3-bolt-opt（快 47.0%，加速比 1.89x）
2026-03-30 14:55:21,149 INFO:      9               BitBench_uuencode    0.9955    1.0052   -0.0097  O3-bolt ≈ O3-bolt-opt（差异在 ±5% 内）
2026-03-30 14:55:21,149 INFO:     10                          Bullet    0.9947    1.0000   -0.0053  O3-bolt ≈ O3-bolt-opt（差异在 ±5% 内）
2026-03-30 14:55:21,149 INFO:     11         DOE-ProxyApps-C++_CLAMR    1.0019    1.0000   +0.0019  O3-bolt ≈ O3-bolt-opt（差异在 ±5% 内）
2026-03-30 14:55:21,149 INFO:     12   DOE-ProxyApps-C++_HACCKernels    0.9904    1.0000   -0.0096  O3-bolt ≈ O3-bolt-opt（差异在 ±5% 内）
2026-03-30 14:55:21,149 INFO:     13         DOE-ProxyApps-C++_HPCCG    0.9975    1.0000   -0.0025  O3-bolt ≈ O3-bolt-opt（差异在 ±5% 内）
2026-03-30 14:55:21,149 INFO:     14       DOE-ProxyApps-C++_PENNANT    0.9814    1.0000   -0.0186  O3-bolt ≈ O3-bolt-opt（差异在 ±5% 内）
2026-03-30 14:55:21,149 INFO:     15        DOE-ProxyApps-C++_miniFE    1.0178    1.0000   +0.0178  O3-bolt ≈ O3-bolt-opt（差异在 ±5% 内）
2026-03-30 14:55:21,150 INFO:     16            DOE-ProxyApps-C_CoMD    0.9260    0.9200   +0.0060  O3-bolt-opt 优于 O3-bolt（快 7.4%，加速比 1.08x）
2026-03-30 14:55:21,150 INFO:     17      DOE-ProxyApps-C_Pathfinder    1.0309    1.0667   -0.0357  O3-bolt ≈ O3-bolt-opt（差异在 ±5% 内）
2026-03-30 14:55:21,150 INFO:     18         DOE-ProxyApps-C_RSBench    1.0043    1.0000   +0.0043  O3-bolt ≈ O3-bolt-opt（差异在 ±5% 内）
2026-03-30 14:55:21,150 INFO:     19       DOE-ProxyApps-C_SimpleMOC    0.9608    0.9697   -0.0089  O3-bolt ≈ O3-bolt-opt（差异在 ±5% 内）
2026-03-30 14:55:21,150 INFO:     20         DOE-ProxyApps-C_XSBench    0.8925    0.9375   -0.0450  O3-bolt-opt 优于 O3-bolt（快 10.8%，加速比 1.12x）
2026-03-30 14:55:21,150 INFO:     21         DOE-ProxyApps-C_miniAMR    0.9472    1.0000   -0.0528  O3-bolt-opt 优于 O3-bolt（快 5.3%，加速比 1.06x）
2026-03-30 14:55:21,150 INFO:     22         DOE-ProxyApps-C_miniGMG    0.9811    1.0000   -0.0189  O3-bolt ≈ O3-bolt-opt（差异在 ±5% 内）
2026-03-30 14:55:21,150 INFO:     23                     Fhourstones    1.0220    1.0370   -0.0150  O3-bolt ≈ O3-bolt-opt（差异在 ±5% 内）
2026-03-30 14:55:21,151 INFO:     24                 Fhourstones-3.1    1.0215    1.0857   -0.0642  O3-bolt ≈ O3-bolt-opt（差异在 ±5% 内）
2026-03-30 14:55:21,151 INFO:     25              FreeBench_analyzer    0.9890    0.9962   -0.0073  O3-bolt ≈ O3-bolt-opt（差异在 ±5% 内）
2026-03-30 14:55:21,151 INFO:     26               FreeBench_distray    0.9941    1.0000   -0.0059  O3-bolt ≈ O3-bolt-opt（差异在 ±5% 内）
2026-03-30 14:55:21,151 INFO:     27            FreeBench_fourinarow    0.9953    1.0000   -0.0047  O3-bolt ≈ O3-bolt-opt（差异在 ±5% 内）
2026-03-30 14:55:21,151 INFO:     28                 FreeBench_mason    0.9783    0.9847   -0.0064  O3-bolt ≈ O3-bolt-opt（差异在 ±5% 内）
2026-03-30 14:55:21,151 INFO:     29                FreeBench_neural    1.0129    1.0109   +0.0020  O3-bolt ≈ O3-bolt-opt（差异在 ±5% 内）
2026-03-30 14:55:21,151 INFO:     30            FreeBench_pcompress2    1.0129    1.0060   +0.0068  O3-bolt ≈ O3-bolt-opt（差异在 ±5% 内）
2026-03-30 14:55:21,151 INFO:     31                 FreeBench_pifft    1.0130    1.0127   +0.0003  O3-bolt ≈ O3-bolt-opt（差异在 ±5% 内）
2026-03-30 14:55:21,152 INFO:     32               MallocBench_cfrac    0.9565    0.9811   -0.0246  O3-bolt ≈ O3-bolt-opt（差异在 ±5% 内）
2026-03-30 14:55:21,152 INFO:     33            MallocBench_espresso    0.9936    1.0179   -0.0243  O3-bolt ≈ O3-bolt-opt（差异在 ±5% 内）
2026-03-30 14:55:21,152 INFO:     34                  MallocBench_gs    0.9340    0.9430   -0.0090  O3-bolt-opt 优于 O3-bolt（快 6.6%，加速比 1.07x）
2026-03-30 14:55:21,152 INFO:     35                 McCat_01-qbsort    0.9761    0.9774   -0.0013  O3-bolt ≈ O3-bolt-opt（差异在 ±5% 内）
2026-03-30 14:55:21,152 INFO:     36                 McCat_04-bisect    1.1583    1.1034   +0.0550  O3-bolt 优于 O3-bolt-opt（快 13.7%，加速比 1.16x）
2026-03-30 14:55:21,152 INFO:     37                   McCat_08-main    0.9864    1.0000   -0.0136  O3-bolt ≈ O3-bolt-opt（差异在 ±5% 内）
2026-03-30 14:55:21,152 INFO:     38                    McCat_09-vor    1.0141    1.0160   -0.0019  O3-bolt ≈ O3-bolt-opt（差异在 ±5% 内）
2026-03-30 14:55:21,152 INFO:     39                 McCat_12-IOtest    0.9989    0.9932   +0.0057  O3-bolt ≈ O3-bolt-opt（差异在 ±5% 内）
2026-03-30 14:55:21,153 INFO:     40                   McCat_15-trie    1.0210    1.0226   -0.0015  O3-bolt ≈ O3-bolt-opt（差异在 ±5% 内）
2026-03-30 14:55:21,153 INFO:     41                  McCat_17-bintr    0.9570    1.0000   -0.0430  O3-bolt ≈ O3-bolt-opt（差异在 ±5% 内）
2026-03-30 14:55:21,153 INFO:     42                    McCat_18-imp    1.0754    1.0995   -0.0241  O3-bolt 优于 O3-bolt-opt（快 7.0%，加速比 1.08x）
2026-03-30 14:55:21,153 INFO:     43    MiBench_automotive-basicmath    0.9858    1.0000   -0.0142  O3-bolt ≈ O3-bolt-opt（差异在 ±5% 内）
2026-03-30 14:55:21,153 INFO:     44     MiBench_automotive-bitcount    0.9455    0.9655   -0.0200  O3-bolt-opt 优于 O3-bolt（快 5.4%，加速比 1.06x）
2026-03-30 14:55:21,153 INFO:     45        MiBench_automotive-susan    0.9892    0.9868   +0.0023  O3-bolt ≈ O3-bolt-opt（差异在 ±5% 内）
2026-03-30 14:55:21,153 INFO:     46           MiBench_consumer-jpeg    0.9735    0.9872   -0.0136  O3-bolt ≈ O3-bolt-opt（差异在 ±5% 内）
2026-03-30 14:55:21,153 INFO:     47           MiBench_consumer-lame    0.9648    0.9880   -0.0232  O3-bolt ≈ O3-bolt-opt（差异在 ±5% 内）
2026-03-30 14:55:21,154 INFO:     48        MiBench_consumer-typeset    1.0151    0.9886   +0.0265  O3-bolt ≈ O3-bolt-opt（差异在 ±5% 内）
2026-03-30 14:55:21,154 INFO:     49        MiBench_network-dijkstra    0.9293    0.9219   +0.0074  O3-bolt-opt 优于 O3-bolt（快 7.1%，加速比 1.08x）
2026-03-30 14:55:21,154 INFO:     50        MiBench_network-patricia    0.9970    0.9957   +0.0013  O3-bolt ≈ O3-bolt-opt（差异在 ±5% 内）
2026-03-30 14:55:21,154 INFO:     51           MiBench_office-ispell    1.0256    1.0066   +0.0191  O3-bolt ≈ O3-bolt-opt（差异在 ±5% 内）
2026-03-30 14:55:21,154 INFO:     52     MiBench_office-stringsearch    1.0156    1.0157   -0.0001  O3-bolt ≈ O3-bolt-opt（差异在 ±5% 内）
2026-03-30 14:55:21,154 INFO:     53       MiBench_security-rijndael    1.0283    1.0591   -0.0309  O3-bolt ≈ O3-bolt-opt（差异在 ±5% 内）
2026-03-30 14:55:21,154 INFO:     54            MiBench_security-sha    0.9923    1.0075   -0.0152  O3-bolt ≈ O3-bolt-opt（差异在 ±5% 内）
2026-03-30 14:55:21,155 INFO:     55          MiBench_telecomm-CRC32    1.0295    1.0069   +0.0226  O3-bolt ≈ O3-bolt-opt（差异在 ±5% 内）
2026-03-30 14:55:21,155 INFO:     56            MiBench_telecomm-FFT    1.0057    0.9969   +0.0087  O3-bolt ≈ O3-bolt-opt（差异在 ±5% 内）
2026-03-30 14:55:21,155 INFO:     57          MiBench_telecomm-adpcm    0.9870    0.9976   -0.0106  O3-bolt ≈ O3-bolt-opt（差异在 ±5% 内）
2026-03-30 14:55:21,155 INFO:     58            MiBench_telecomm-gsm    0.9838    0.9928   -0.0090  O3-bolt ≈ O3-bolt-opt（差异在 ±5% 内）
2026-03-30 14:55:21,155 INFO:     59                   NPB-serial_is    0.9907    1.0000   -0.0093  O3-bolt ≈ O3-bolt-opt（差异在 ±5% 内）
2026-03-30 14:55:21,155 INFO:     60                        Olden_bh    0.9950    1.0000   -0.0050  O3-bolt ≈ O3-bolt-opt（差异在 ±5% 内）
2026-03-30 14:55:21,155 INFO:     61                    Olden_bisort    0.9794    0.9891   -0.0097  O3-bolt ≈ O3-bolt-opt（差异在 ±5% 内）
2026-03-30 14:55:21,155 INFO:     62                      Olden_em3d    1.7194    1.6429   +0.0766  O3-bolt 优于 O3-bolt-opt（快 41.8%，加速比 1.72x）
2026-03-30 14:55:21,156 INFO:     63                    Olden_health    1.0005    1.0000   +0.0005  O3-bolt ≈ O3-bolt-opt（差异在 ±5% 内）
2026-03-30 14:55:21,156 INFO:     64                       Olden_mst    0.9902    1.0020   -0.0118  O3-bolt ≈ O3-bolt-opt（差异在 ±5% 内）
2026-03-30 14:55:21,156 INFO:     65                 Olden_perimeter    0.9892    0.9912   -0.0019  O3-bolt ≈ O3-bolt-opt（差异在 ±5% 内）
2026-03-30 14:55:21,156 INFO:     66                     Olden_power    0.9806    0.9870   -0.0064  O3-bolt ≈ O3-bolt-opt（差异在 ±5% 内）
2026-03-30 14:55:21,156 INFO:     67                   Olden_treeadd    0.9915    1.0049   -0.0133  O3-bolt ≈ O3-bolt-opt（差异在 ±5% 内）
2026-03-30 14:55:21,156 INFO:     68                       Olden_tsp    0.9989    1.0115   -0.0125  O3-bolt ≈ O3-bolt-opt（差异在 ±5% 内）
2026-03-30 14:55:21,156 INFO:     69                   Olden_voronoi    1.0055    1.0061   -0.0005  O3-bolt ≈ O3-bolt-opt（差异在 ±5% 内）
2026-03-30 14:55:21,157 INFO:     70                           PAQ8p    0.9920    1.0000   -0.0080  O3-bolt ≈ O3-bolt-opt（差异在 ±5% 内）
2026-03-30 14:55:21,157 INFO:     71                 Prolangs-C++_NP    1.0201    1.0239   -0.0038  O3-bolt ≈ O3-bolt-opt（差异在 ±5% 内）
2026-03-30 14:55:21,157 INFO:     72             Prolangs-C++_deriv1    1.0144    1.0014   +0.0130  O3-bolt ≈ O3-bolt-opt（差异在 ±5% 内）
2026-03-30 14:55:21,157 INFO:     73             Prolangs-C++_deriv2    1.0123    1.0078   +0.0045  O3-bolt ≈ O3-bolt-opt（差异在 ±5% 内）
2026-03-30 14:55:21,157 INFO:     74             Prolangs-C++_employ    0.9940    1.0104   -0.0164  O3-bolt ≈ O3-bolt-opt（差异在 ±5% 内）
2026-03-30 14:55:21,157 INFO:     75                Prolangs-C++_fsm    1.0125    1.0083   +0.0042  O3-bolt ≈ O3-bolt-opt（差异在 ±5% 内）
2026-03-30 14:55:21,157 INFO:     76             Prolangs-C++_garage    1.0175    1.0093   +0.0082  O3-bolt ≈ O3-bolt-opt（差异在 ±5% 内）
2026-03-30 14:55:21,158 INFO:     77               Prolangs-C++_life    1.0197    1.0286   -0.0089  O3-bolt ≈ O3-bolt-opt（差异在 ±5% 内）
2026-03-30 14:55:21,158 INFO:     78            Prolangs-C++_objects    1.0171    1.0146   +0.0025  O3-bolt ≈ O3-bolt-opt（差异在 ±5% 内）
2026-03-30 14:55:21,158 INFO:     79              Prolangs-C++_ocean    0.9937    0.9920   +0.0017  O3-bolt ≈ O3-bolt-opt（差异在 ±5% 内）
2026-03-30 14:55:21,158 INFO:     80             Prolangs-C++_office    1.0114    0.9976   +0.0138  O3-bolt ≈ O3-bolt-opt（差异在 ±5% 内）
2026-03-30 14:55:21,158 INFO:     81             Prolangs-C++_primes    0.9512    0.9521   -0.0009  O3-bolt ≈ O3-bolt-opt（差异在 ±5% 内）
2026-03-30 14:55:21,158 INFO:     82             Prolangs-C++_shapes    1.0092    1.0009   +0.0083  O3-bolt ≈ O3-bolt-opt（差异在 ±5% 内）
2026-03-30 14:55:21,158 INFO:     83              Prolangs-C++_simul    0.9897    0.9927   -0.0030  O3-bolt ≈ O3-bolt-opt（差异在 ±5% 内）
2026-03-30 14:55:21,159 INFO:     84              Prolangs-C++_trees    1.0206    1.0263   -0.0056  O3-bolt ≈ O3-bolt-opt（差异在 ±5% 内）
2026-03-30 14:55:21,159 INFO:     85         Prolangs-C_TimberWolfMC    1.0224    1.0175   +0.0049  O3-bolt ≈ O3-bolt-opt（差异在 ±5% 内）
2026-03-30 14:55:21,159 INFO:     86                Prolangs-C_agrep    0.9983    1.0310   -0.0327  O3-bolt ≈ O3-bolt-opt（差异在 ±5% 内）
2026-03-30 14:55:21,159 INFO:     87             Prolangs-C_allroots    1.0222    1.0128   +0.0095  O3-bolt ≈ O3-bolt-opt（差异在 ±5% 内）
2026-03-30 14:55:21,159 INFO:     88        Prolangs-C_archie-client    1.0195    1.0116   +0.0078  O3-bolt ≈ O3-bolt-opt（差异在 ±5% 内）
2026-03-30 14:55:21,159 INFO:     89                Prolangs-C_bison    1.0007    0.9933   +0.0073  O3-bolt ≈ O3-bolt-opt（差异在 ±5% 内）
2026-03-30 14:55:21,159 INFO:     90                Prolangs-C_cdecl    1.0203    1.0133   +0.0071  O3-bolt ≈ O3-bolt-opt（差异在 ±5% 内）
2026-03-30 14:55:21,159 INFO:     91             Prolangs-C_football    1.0177    1.0212   -0.0035  O3-bolt ≈ O3-bolt-opt（差异在 ±5% 内）
2026-03-30 14:55:21,160 INFO:     92                Prolangs-C_gnugo    0.9719    1.0174   -0.0454  O3-bolt ≈ O3-bolt-opt（差异在 ±5% 内）
2026-03-30 14:55:21,160 INFO:     93           Prolangs-C_unix-smail    1.0128    1.0062   +0.0066  O3-bolt ≈ O3-bolt-opt（差异在 ±5% 内）
2026-03-30 14:55:21,160 INFO:     94             Prolangs-C_unix-tbl    1.0166    1.0171   -0.0004  O3-bolt ≈ O3-bolt-opt（差异在 ±5% 内）
2026-03-30 14:55:21,160 INFO:     95                 Ptrdist_anagram    0.9941    0.9833   +0.0108  O3-bolt ≈ O3-bolt-opt（差异在 ±5% 内）
2026-03-30 14:55:21,160 INFO:     96                      Ptrdist_bc    0.8741    0.9161   -0.0421  O3-bolt-opt 优于 O3-bolt（快 12.6%，加速比 1.14x）
2026-03-30 14:55:21,160 INFO:     97                      Ptrdist_ft    1.0169    1.0200   -0.0031  O3-bolt ≈ O3-bolt-opt（差异在 ±5% 内）
2026-03-30 14:55:21,161 INFO:     98                      Ptrdist_ks    0.8873    0.8507   +0.0365  O3-bolt-opt 优于 O3-bolt（快 11.3%，加速比 1.13x）
2026-03-30 14:55:21,161 INFO:     99                   Ptrdist_yacr2    1.1321    1.0833   +0.0488  O3-bolt 优于 O3-bolt-opt（快 11.7%，加速比 1.13x）
2026-03-30 14:55:21,161 INFO:    100                Rodinia_backprop    0.9885    1.0000   -0.0115  O3-bolt ≈ O3-bolt-opt（差异在 ±5% 内）
2026-03-30 14:55:21,161 INFO:    101                 Rodinia_hotspot    1.0014    1.0039   -0.0025  O3-bolt ≈ O3-bolt-opt（差异在 ±5% 内）
2026-03-30 14:55:21,161 INFO:    102              Rodinia_pathfinder    0.9890    1.0000   -0.0110  O3-bolt ≈ O3-bolt-opt（差异在 ±5% 内）
2026-03-30 14:55:21,161 INFO:    103                    Rodinia_srad    1.0127    1.0110   +0.0017  O3-bolt ≈ O3-bolt-opt（差异在 ±5% 内）
2026-03-30 14:55:21,161 INFO:    104                      SciMark2-C    0.9958    1.0000   -0.0042  O3-bolt ≈ O3-bolt-opt（差异在 ±5% 内）
2026-03-30 14:55:21,161 INFO:    105            TSVC_ControlFlow-dbl    0.9880    1.0000   -0.0120  O3-bolt ≈ O3-bolt-opt（差异在 ±5% 内）
2026-03-30 14:55:21,162 INFO:    106            TSVC_ControlFlow-flt    1.0773    1.0667   +0.0107  O3-bolt 优于 O3-bolt-opt（快 7.2%，加速比 1.08x）
2026-03-30 14:55:21,162 INFO:    107           TSVC_ControlLoops-dbl    0.9992    1.0000   -0.0008  O3-bolt ≈ O3-bolt-opt（差异在 ±5% 内）
2026-03-30 14:55:21,162 INFO:    108           TSVC_ControlLoops-flt    0.9991    1.0000   -0.0009  O3-bolt ≈ O3-bolt-opt（差异在 ±5% 内）
2026-03-30 14:55:21,162 INFO:    109     TSVC_CrossingThresholds-dbl    1.0009    1.0000   +0.0009  O3-bolt ≈ O3-bolt-opt（差异在 ±5% 内）
2026-03-30 14:55:21,162 INFO:    110     TSVC_CrossingThresholds-flt    0.9969    1.0000   -0.0031  O3-bolt ≈ O3-bolt-opt（差异在 ±5% 内）
2026-03-30 14:55:21,162 INFO:    111          TSVC_Equivalencing-dbl    0.9925    1.0000   -0.0075  O3-bolt ≈ O3-bolt-opt（差异在 ±5% 内）
2026-03-30 14:55:21,162 INFO:    112          TSVC_Equivalencing-flt    1.0111    1.0128   -0.0017  O3-bolt ≈ O3-bolt-opt（差异在 ±5% 内）
2026-03-30 14:55:21,163 INFO:    113              TSVC_Expansion-dbl    0.9963    1.0000   -0.0037  O3-bolt ≈ O3-bolt-opt（差异在 ±5% 内）
2026-03-30 14:55:21,163 INFO:    114              TSVC_Expansion-flt    1.0350    1.0385   -0.0034  O3-bolt ≈ O3-bolt-opt（差异在 ±5% 内）
2026-03-30 14:55:21,163 INFO:    115         TSVC_GlobalDataFlow-dbl    0.9972    1.0000   -0.0028  O3-bolt ≈ O3-bolt-opt（差异在 ±5% 内）
2026-03-30 14:55:21,163 INFO:    116         TSVC_GlobalDataFlow-flt    1.0173    1.0000   +0.0173  O3-bolt ≈ O3-bolt-opt（差异在 ±5% 内）
2026-03-30 14:55:21,163 INFO:    117     TSVC_IndirectAddressing-dbl    0.9154    0.9231   -0.0077  O3-bolt-opt 优于 O3-bolt（快 8.5%，加速比 1.09x）
2026-03-30 14:55:21,163 INFO:    118     TSVC_IndirectAddressing-flt    0.9146    0.9231   -0.0085  O3-bolt-opt 优于 O3-bolt（快 8.5%，加速比 1.09x）
2026-03-30 14:55:21,163 INFO:    119      TSVC_InductionVariable-dbl    1.0914    1.0909   +0.0005  O3-bolt 优于 O3-bolt-opt（快 8.4%，加速比 1.09x）
2026-03-30 14:55:21,164 INFO:    120      TSVC_InductionVariable-flt    0.9866    1.0000   -0.0134  O3-bolt ≈ O3-bolt-opt（差异在 ±5% 内）
2026-03-30 14:55:21,164 INFO:    121       TSVC_LinearDependence-dbl    0.9883    1.0000   -0.0117  O3-bolt ≈ O3-bolt-opt（差异在 ±5% 内）
2026-03-30 14:55:21,164 INFO:    122       TSVC_LinearDependence-flt    0.9272    0.9310   -0.0039  O3-bolt-opt 优于 O3-bolt（快 7.3%，加速比 1.08x）
2026-03-30 14:55:21,164 INFO:    123          TSVC_LoopRerolling-dbl    0.9976    1.0000   -0.0024  O3-bolt ≈ O3-bolt-opt（差异在 ±5% 内）
2026-03-30 14:55:21,164 INFO:    124          TSVC_LoopRerolling-flt    0.9954    1.0000   -0.0046  O3-bolt ≈ O3-bolt-opt（差异在 ±5% 内）
2026-03-30 14:55:21,164 INFO:    125      TSVC_LoopRestructuring-dbl    0.9810    1.0000   -0.0190  O3-bolt ≈ O3-bolt-opt（差异在 ±5% 内）
2026-03-30 14:55:21,164 INFO:    126      TSVC_LoopRestructuring-flt    1.0207    1.0000   +0.0207  O3-bolt ≈ O3-bolt-opt（差异在 ±5% 内）
2026-03-30 14:55:21,165 INFO:    127          TSVC_NodeSplitting-dbl    0.9167    0.9231   -0.0063  O3-bolt-opt 优于 O3-bolt（快 8.3%，加速比 1.09x）
2026-03-30 14:55:21,165 INFO:    128          TSVC_NodeSplitting-flt    1.0798    1.0667   +0.0131  O3-bolt 优于 O3-bolt-opt（快 7.4%，加速比 1.08x）
2026-03-30 14:55:21,165 INFO:    129                TSVC_Packing-dbl    1.3168    1.2727   +0.0440  O3-bolt 优于 O3-bolt-opt（快 24.1%，加速比 1.32x）
2026-03-30 14:55:21,165 INFO:    130                TSVC_Packing-flt    1.2790    1.2500   +0.0290  O3-bolt 优于 O3-bolt-opt（快 21.8%，加速比 1.28x）
2026-03-30 14:55:21,165 INFO:    131            TSVC_Recurrences-dbl    1.0035    1.0000   +0.0035  O3-bolt ≈ O3-bolt-opt（差异在 ±5% 内）
2026-03-30 14:55:21,165 INFO:    132            TSVC_Recurrences-flt    1.0057    1.0000   +0.0057  O3-bolt ≈ O3-bolt-opt（差异在 ±5% 内）
2026-03-30 14:55:21,165 INFO:    133             TSVC_Reductions-dbl    0.9960    1.0000   -0.0040  O3-bolt ≈ O3-bolt-opt（差异在 ±5% 内）
2026-03-30 14:55:21,165 INFO:    134             TSVC_Reductions-flt    0.9645    1.0000   -0.0355  O3-bolt ≈ O3-bolt-opt（差异在 ±5% 内）
2026-03-30 14:55:21,166 INFO:    135              TSVC_Searching-dbl    1.0079    1.0000   +0.0079  O3-bolt ≈ O3-bolt-opt（差异在 ±5% 内）
2026-03-30 14:55:21,166 INFO:    136              TSVC_Searching-flt    0.9985    1.0000   -0.0015  O3-bolt ≈ O3-bolt-opt（差异在 ±5% 内）
2026-03-30 14:55:21,166 INFO:    137    TSVC_StatementReordering-dbl    0.9955    1.0000   -0.0045  O3-bolt ≈ O3-bolt-opt（差异在 ±5% 内）
2026-03-30 14:55:21,166 INFO:    138    TSVC_StatementReordering-flt    0.9995    1.0000   -0.0005  O3-bolt ≈ O3-bolt-opt（差异在 ±5% 内）
2026-03-30 14:55:21,166 INFO:    139              TSVC_Symbolics-dbl    0.9582    0.9474   +0.0108  O3-bolt ≈ O3-bolt-opt（差异在 ±5% 内）
2026-03-30 14:55:21,166 INFO:    140              TSVC_Symbolics-flt    0.9208    0.9189   +0.0019  O3-bolt-opt 优于 O3-bolt（快 7.9%，加速比 1.09x）
2026-03-30 14:55:21,166 INFO:    141               Trimaran_enc-3des    1.0214    1.0435   -0.0220  O3-bolt ≈ O3-bolt-opt（差异在 ±5% 内）
2026-03-30 14:55:21,167 INFO:    142                Trimaran_enc-md5    0.9994    1.0000   -0.0006  O3-bolt ≈ O3-bolt-opt（差异在 ±5% 内）
2026-03-30 14:55:21,167 INFO:    143                Trimaran_enc-pc1    1.0053    1.0000   +0.0053  O3-bolt ≈ O3-bolt-opt（差异在 ±5% 内）
2026-03-30 14:55:21,167 INFO:    144                Trimaran_enc-rc4    1.0007    1.0000   +0.0007  O3-bolt ≈ O3-bolt-opt（差异在 ±5% 内）
2026-03-30 14:55:21,167 INFO:    145           Trimaran_netbench-crc    0.9896    1.0000   -0.0104  O3-bolt ≈ O3-bolt-opt（差异在 ±5% 内）
2026-03-30 14:55:21,167 INFO:    146           Trimaran_netbench-url    1.0022    1.0000   +0.0022  O3-bolt ≈ O3-bolt-opt（差异在 ±5% 内）
2026-03-30 14:55:21,167 INFO:    147                VersaBench_8b10b    0.9852    0.8889   +0.0963  O3-bolt ≈ O3-bolt-opt（差异在 ±5% 内）
2026-03-30 14:55:21,167 INFO:    148           VersaBench_beamformer    0.9966    1.0000   -0.0034  O3-bolt ≈ O3-bolt-opt（差异在 ±5% 内）
2026-03-30 14:55:21,167 INFO:    149                  VersaBench_bmm    0.9977    1.0000   -0.0023  O3-bolt ≈ O3-bolt-opt（差异在 ±5% 内）
2026-03-30 14:55:21,168 INFO:    150                 VersaBench_dbms    0.9782    1.0000   -0.0218  O3-bolt ≈ O3-bolt-opt（差异在 ±5% 内）
2026-03-30 14:55:21,168 INFO:    151               VersaBench_ecbdes    0.9946    1.0000   -0.0054  O3-bolt ≈ O3-bolt-opt（差异在 ±5% 内）
2026-03-30 14:55:21,168 INFO:    152                    llubenchmark    0.9953    1.0000   -0.0047  O3-bolt ≈ O3-bolt-opt（差异在 ±5% 内）
2026-03-30 14:55:21,168 INFO:    153                           mafft    0.9897    1.0000   -0.0103  O3-bolt ≈ O3-bolt-opt（差异在 ±5% 内）
2026-03-30 14:55:21,168 INFO:    154      mediabench_adpcm_rawcaudio    0.9774    1.0070   -0.0297  O3-bolt ≈ O3-bolt-opt（差异在 ±5% 内）
2026-03-30 14:55:21,168 INFO:    155      mediabench_adpcm_rawdaudio    0.9819    1.0166   -0.0347  O3-bolt ≈ O3-bolt-opt（差异在 ±5% 内）
2026-03-30 14:55:21,168 INFO:    156      mediabench_g721_g721encode    1.0111    0.9961   +0.0150  O3-bolt ≈ O3-bolt-opt（差异在 ±5% 内）
2026-03-30 14:55:21,168 INFO:    157            mediabench_gsm_toast    0.9932    0.9990   -0.0058  O3-bolt ≈ O3-bolt-opt（差异在 ±5% 内）
2026-03-30 14:55:21,169 INFO:    158         mediabench_jpeg_jpeg-6a    1.0044    1.0196   -0.0153  O3-bolt ≈ O3-bolt-opt（差异在 ±5% 内）
2026-03-30 14:55:21,169 INFO:    159       mediabench_mpeg2_mpeg2dec    0.9450    0.9586   -0.0137  O3-bolt-opt 优于 O3-bolt（快 5.5%，加速比 1.06x）
2026-03-30 14:55:21,169 INFO:    160                          nbench    0.9783    0.9394   +0.0389  O3-bolt ≈ O3-bolt-opt（差异在 ±5% 内）
2026-03-30 14:55:21,169 INFO:    161                      tramp3d-v4    0.9810    0.9932   -0.0121  O3-bolt ≈ O3-bolt-opt（差异在 ±5% 内）
2026-03-30 14:55:21,169 INFO: 
  ── 验证指标 ──
2026-03-30 14:55:21,169 INFO:   MAE  = 0.0140
2026-03-30 14:55:21,169 INFO:   MSE  = 0.0006
2026-03-30 14:55:21,169 INFO:   RMSE = 0.0239
2026-03-30 14:55:21,170 INFO:   方向准确率 = 100/161 (62.1%)
2026-03-30 14:55:21,170 INFO:   预测 O3-bolt 更优: 66/161  (真实: 57/161)
2026-03-30 14:55:21,170 INFO:   方向准确率（排除 ±5%）= 29/29 (100.0%)
2026-03-30 14:55:21,170 INFO: 
