2026-03-30 14:42:58,386 INFO: 自动选择设备: directml
2026-03-30 14:42:58,386 INFO: 设备: privateuseone:0
2026-03-30 14:42:58,386 INFO: 标签机制: fixed_work
2026-03-30 14:42:58,386 INFO: 自动微调 [fixed_work/transformer]: batch_size=32, d_model=128, dim_feedforward=256, direction_lambda=0.15, dropout=0.1, epochs=220, grad_clip=1.0, huber_delta=0.8333333333333334, log_target=False, lr=0.00015, max_len=512, mlp_hidden=64, nhead=4, noise_std=0.012000000000000002, num_layers=3, pair_swap=True, patience=55, pos_encoding=learnable, warmup_epochs=28, weight_decay=0.0001
2026-03-30 14:42:58,387 INFO: 加载数据...
2026-03-30 14:42:58,393 INFO:   加载 O1-g_vs_O3-g: 163 样本
2026-03-30 14:42:58,398 INFO:   加载 O2-bolt_vs_O2-bolt-opt: 165 样本
2026-03-30 14:42:58,403 INFO:   加载 O3-bolt_vs_O3-bolt-opt: 161 样本
2026-03-30 14:42:58,405 INFO: 总样本数: 489  序列长度 T=60  特征维度 D=6
2026-03-30 14:42:58,407 INFO: pair-swap 增强后训练集: 686 样本
2026-03-30 14:42:58,408 INFO: 训练集: 686  验证集: 73  测试集: 73
2026-03-30 14:42:58,577 INFO: 模型类型: transformer
2026-03-30 14:42:58,577 INFO: 
模型参数: 491,009
2026-03-30 14:42:58,578 INFO: SiameseTransformerMicroPerf(
  (backbone): TransformerBackbone(
    (input_proj): Linear(in_features=6, out_features=128, bias=True)
    (pos_encoder): LearnablePositionalEncoding(
      (dropout): Dropout(p=0.1, inplace=False)
    )
    (transformer_encoder): TransformerEncoder(
      (layers): ModuleList(
        (0-2): 3 x TransformerEncoderLayer(
          (self_attn): MultiheadAttention(
            (out_proj): NonDynamicallyQuantizableLinear(in_features=128, out_features=128, bias=True)
          )
          (linear1): Linear(in_features=128, out_features=256, bias=True)
          (dropout): Dropout(p=0.1, inplace=False)
          (linear2): Linear(in_features=256, out_features=128, bias=True)
          (norm1): LayerNorm((128,), eps=1e-05, elementwise_affine=True)
          (norm2): LayerNorm((128,), eps=1e-05, elementwise_affine=True)
          (dropout1): Dropout(p=0.1, inplace=False)
          (dropout2): Dropout(p=0.1, inplace=False)
        )
      )
      (norm): LayerNorm((128,), eps=1e-05, elementwise_affine=True)
    )
  )
  (pool): AttentionPooling(
    (attention): Linear(in_features=128, out_features=1, bias=False)
  )
  (mlp): Sequential(
    (0): Linear(in_features=384, out_features=64, bias=True)
    (1): ReLU()
    (2): Dropout(p=0.1, inplace=False)
    (3): Linear(in_features=64, out_features=32, bias=True)
    (4): ReLU()
    (5): Dropout(p=0.1, inplace=False)
    (6): Linear(in_features=32, out_features=1, bias=True)
  )
)
2026-03-30 14:42:59,369 INFO: 模型保存路径: checkpoints/transformer_best_work.pt
2026-03-30 14:42:59,370 INFO: 配置保存路径: /home/ssy/Siamese-MicroPerf/configs/transformer_best_work.json
2026-03-30 14:42:59,370 INFO: 
开始训练 (220 epochs, Huber δ=0.8333333333333334, patience=55)...
2026-03-30 14:42:59,370 INFO: Epoch   Train Loss   Val Loss    Val MAE    LR          Status
2026-03-30 14:42:59,370 INFO: ----------------------------------------------------------------------
2026-03-30 14:43:03,558 INFO:      1     0.523245    0.482515     0.9942    1.07e-05  ← best
2026-03-30 14:43:07,309 INFO:      2     0.487316    0.432906     0.9339    1.61e-05  ← best
2026-03-30 14:43:10,866 INFO:      3     0.429724    0.355022     0.8381    2.14e-05  ← best
2026-03-30 14:43:14,617 INFO:      4     0.353511    0.258269     0.7063    2.68e-05  ← best
2026-03-30 14:43:18,224 INFO:      5     0.257279    0.154492     0.5276    3.21e-05  ← best
2026-03-30 14:43:21,715 INFO:      6     0.155935    0.067677     0.3079    3.75e-05  ← best
2026-03-30 14:43:25,231 INFO:      7     0.082226    0.026425     0.1376    4.29e-05  ← best
2026-03-30 14:43:28,742 INFO:      8     0.050034    0.018071     0.1385    4.82e-05  ← best
2026-03-30 14:43:31,716 INFO:      9     0.040075    0.011897     0.0945    5.36e-05  ← best
2026-03-30 14:43:35,363 INFO:     10     0.036946    0.010851     0.0896    5.89e-05  ← best
2026-03-30 14:43:38,863 INFO:     11     0.033667    0.010289     0.0841    6.43e-05  ← best
2026-03-30 14:43:42,427 INFO:     12     0.032099    0.009509     0.0734    6.96e-05  ← best
2026-03-30 14:43:46,073 INFO:     13     0.031156    0.009458     0.0757    7.50e-05  ← best
2026-03-30 14:43:53,252 INFO:     15     0.030967    0.008200     0.0661    8.57e-05  ← best
2026-03-30 14:43:57,062 INFO:     16     0.029755    0.007985     0.0690    9.11e-05  ← best
2026-03-30 14:44:00,626 INFO:     17     0.028589    0.007901     0.0718    9.64e-05  ← best
2026-03-30 14:44:04,306 INFO:     18     0.028765    0.006957     0.0650    1.02e-04  ← best
2026-03-30 14:44:08,420 INFO:     19     0.027521    0.006454     0.0601    1.07e-04  ← best
2026-03-30 14:44:12,259 INFO:     20     0.024200    0.006777     0.0592    1.12e-04  
2026-03-30 14:44:22,955 INFO:     23     0.025805    0.005344     0.0560    1.29e-04  ← best
2026-03-30 14:44:48,535 INFO:     30     0.020855    0.005505     0.0589    1.50e-04  
2026-03-30 14:44:59,576 INFO:     33     0.019562    0.004590     0.0571    1.50e-04  ← best
2026-03-30 14:45:03,422 INFO:     34     0.017708    0.004138     0.0636    1.50e-04  ← best
2026-03-30 14:45:10,457 INFO:     36     0.017224    0.003236     0.0488    1.49e-04  ← best
2026-03-30 14:45:17,055 INFO:     38     0.014510    0.001780     0.0427    1.49e-04  ← best
2026-03-30 14:45:25,004 INFO:     40     0.011957    0.001431     0.0374    1.49e-04  ← best
2026-03-30 14:45:32,703 INFO:     42     0.010564    0.001180     0.0362    1.48e-04  ← best
2026-03-30 14:45:43,283 INFO:     45     0.010244    0.000450     0.0208    1.47e-04  ← best
2026-03-30 14:46:01,276 INFO:     50     0.010590    0.001882     0.0368    1.45e-04  
2026-03-30 14:46:36,390 INFO:     60     0.008565    0.000592     0.0220    1.40e-04  
2026-03-30 14:47:11,717 INFO:     70     0.009685    0.001097     0.0355    1.33e-04  
2026-03-30 14:47:21,026 INFO:     73     0.007975    0.000386     0.0173    1.31e-04  ← best
2026-03-30 14:47:30,664 INFO:     76     0.007413    0.000335     0.0192    1.28e-04  ← best
2026-03-30 14:47:42,396 INFO:     80     0.009391    0.000466     0.0248    1.24e-04  
2026-03-30 14:48:01,873 INFO:     87     0.007420    0.000274     0.0165    1.18e-04  ← best
2026-03-30 14:48:10,501 INFO:     90     0.008321    0.000540     0.0191    1.15e-04  
2026-03-30 14:48:40,439 INFO:    100     0.007563    0.000332     0.0169    1.04e-04  
2026-03-30 14:49:10,454 INFO:    110     0.008558    0.000516     0.0203    9.20e-05  
2026-03-30 14:49:40,607 INFO:    120     0.006994    0.000833     0.0251    7.99e-05  
2026-03-30 14:50:10,786 INFO:    130     0.006818    0.000483     0.0196    6.76e-05  
2026-03-30 14:50:42,570 INFO:    140     0.006644    0.000276     0.0176    5.56e-05  
2026-03-30 14:50:45,895 INFO:    141     0.005995    0.000234     0.0144    5.44e-05  ← best
2026-03-30 14:51:13,477 INFO:    150     0.006118    0.000369     0.0177    4.40e-05  
2026-03-30 14:51:34,286 INFO:    157     0.006285    0.000231     0.0157    3.64e-05  ← best
2026-03-30 14:51:43,915 INFO:    160     0.007324    0.000353     0.0196    3.33e-05  
2026-03-30 14:52:15,068 INFO:    170     0.005793    0.000201     0.0125    2.37e-05  ← best
2026-03-30 14:52:27,713 INFO:    174     0.006286    0.000186     0.0133    2.03e-05  ← best
2026-03-30 14:52:36,270 INFO:    177     0.006834    0.000184     0.0136    1.78e-05  ← best
2026-03-30 14:52:42,253 INFO:    179     0.006214    0.000180     0.0134    1.63e-05  ← best
2026-03-30 14:52:45,547 INFO:    180     0.006218    0.000245     0.0143    1.55e-05  
2026-03-30 14:53:16,790 INFO:    190     0.006359    0.000321     0.0163    8.86e-06  
2026-03-30 14:53:48,722 INFO:    200     0.007467    0.000373     0.0157    3.98e-06  
2026-03-30 14:54:19,358 INFO:    210     0.005662    0.000344     0.0159    1.00e-06  
2026-03-30 14:54:49,356 INFO:    220     0.007442    0.000332     0.0154    0.00e+00  
2026-03-30 14:54:49,860 INFO: ============================================================
2026-03-30 14:54:49,861 INFO: 最佳模型 (epoch 179)
2026-03-30 14:54:49,861 INFO:   Val  Loss = 0.000180  MAE = 0.0134  (模型选择依据)
2026-03-30 14:54:49,861 INFO:   Test Loss = 0.000264  MAE = 0.0146  (最终无偏评估)
2026-03-30 14:54:49,861 INFO:   模型保存: checkpoints/transformer_best_work.pt
2026-03-30 14:54:49,861 INFO:   配置保存: /home/ssy/Siamese-MicroPerf/configs/transformer_best_work.json
2026-03-30 14:54:49,861 INFO: 
预测示例 (前 10 个测试样本):
2026-03-30 14:54:49,862 INFO:         真实 Y        预测 Ŷ          误差
2026-03-30 14:54:49,862 INFO:       1.0000      1.0057     +0.0057
2026-03-30 14:54:49,862 INFO:       1.0000      1.0054     +0.0054
2026-03-30 14:54:49,862 INFO:       1.0176      1.0187     +0.0011
2026-03-30 14:54:49,862 INFO:       1.0000      0.9987     -0.0013
2026-03-30 14:54:49,863 INFO:       1.0000      0.9232     -0.0768
2026-03-30 14:54:49,863 INFO:       1.0027      1.0137     +0.0109
2026-03-30 14:54:49,863 INFO:       1.0226      1.0210     -0.0015
2026-03-30 14:54:49,863 INFO:       1.0109      1.0129     +0.0020
2026-03-30 14:54:49,863 INFO:       1.0000      0.9948     -0.0052
2026-03-30 14:54:49,863 INFO:       1.0000      0.9985     -0.0015
