2026-03-31 17:44:37,134 INFO: 自动选择设备: directml
2026-03-31 17:44:37,134 INFO: 设备: privateuseone:0
2026-03-31 17:44:37,134 INFO: 设备类型: directml
2026-03-31 17:44:37,135 INFO: 从配置文件自动加载: /home/ssy/Siamese-MicroPerf/configs/trans_best_inst.json
2026-03-31 17:44:37,275 INFO: 模型加载完成: checkpoints/trans_best_inst.pt  (设备: privateuseone:0)
2026-03-31 17:44:37,276 INFO: 模型类型: transformer
2026-03-31 17:44:37,276 INFO: 模型参数: {'in_features': 6, 'mlp_hidden': 64, 'dropout': 0.1, 'd_model': 64, 'nhead': 2, 'num_layers': 2, 'dim_feedforward': 256, 'max_len': 512, 'pos_encoding': 'learnable'}
2026-03-31 17:44:37,276 INFO: log-target 模式: 推理时将自动应用 exp() 变换
2026-03-31 17:44:37,276 INFO: pair-swap 训练增强: True（此为训练时数据增强，不影响推理逻辑）
2026-03-31 17:44:37,451 INFO: 已应用 exp() 变换（log-target 模式）
2026-03-31 17:44:37,453 INFO: ========================================================================
2026-03-31 17:44:37,453 INFO: 版本对: O1-g_vs_O3-g  (O1-g vs O3-g)  共 174 个程序
2026-03-31 17:44:37,453 INFO: 标签模式: inst_retired_ratio
2026-03-31 17:44:37,453 INFO: 标签定义: Y = Σinst_v1 / Σinst_v2 (retired instruction ratio)
2026-03-31 17:44:37,453 INFO: 判定方向: Y > 1 视为 O1-g 更快，Y < 1 视为 O3-g 更快
2026-03-31 17:44:37,454 INFO: ========================================================================
2026-03-31 17:44:37,454 INFO:      #                              程序      预测 Ŷ      真实 Y        误差  判断
2026-03-31 17:44:37,454 INFO:   ------------------------------------------------------------------------
2026-03-31 17:44:37,454 INFO:      1                            7zip    1.0126    1.0521   -0.0395  O1-g ≈ O3-g（差异在 ±5% 内）
2026-03-31 17:44:37,454 INFO:      2             ASCI_Purple_SMG2000    1.0673    1.5191   -0.4519  O1-g 优于 O3-g（快 6.3%，加速比 1.07x）
2026-03-31 17:44:37,454 INFO:      3               ASC_Sequoia_AMGmk    0.8527    0.8474   +0.0054  O3-g 优于 O1-g（快 14.7%，加速比 1.17x）
2026-03-31 17:44:37,454 INFO:      4           ASC_Sequoia_CrystalMk    1.0343    1.0124   +0.0219  O1-g ≈ O3-g（差异在 ±5% 内）
2026-03-31 17:44:37,454 INFO:      5               ASC_Sequoia_IRSmk    0.9976    0.9520   +0.0456  O1-g ≈ O3-g（差异在 ±5% 内）
2026-03-31 17:44:37,455 INFO:      6                  BitBench_drop3    0.9998    0.9976   +0.0021  O1-g ≈ O3-g（差异在 ±5% 内）
2026-03-31 17:44:37,455 INFO:      7                 BitBench_five11    0.9993    1.0123   -0.0130  O1-g ≈ O3-g（差异在 ±5% 内）
2026-03-31 17:44:37,455 INFO:      8               BitBench_uudecode    0.9554    1.0297   -0.0742  O1-g ≈ O3-g（差异在 ±5% 内）
2026-03-31 17:44:37,455 INFO:      9               BitBench_uuencode    1.0295    1.0584   -0.0288  O1-g ≈ O3-g（差异在 ±5% 内）
2026-03-31 17:44:37,455 INFO:     10                          Bullet    1.0016    0.9819   +0.0197  O1-g ≈ O3-g（差异在 ±5% 内）
2026-03-31 17:44:37,455 INFO:     11         DOE-ProxyApps-C++_CLAMR    1.0009    0.9871   +0.0139  O1-g ≈ O3-g（差异在 ±5% 内）
2026-03-31 17:44:37,455 INFO:     12   DOE-ProxyApps-C++_HACCKernels    1.3279    1.1396   +0.1883  O1-g 优于 O3-g（快 24.7%，加速比 1.33x）
2026-03-31 17:44:37,455 INFO:     13         DOE-ProxyApps-C++_HPCCG    1.4122    1.2799   +0.1322  O1-g 优于 O3-g（快 29.2%，加速比 1.41x）
2026-03-31 17:44:37,455 INFO:     14       DOE-ProxyApps-C++_PENNANT    1.0024    1.0096   -0.0072  O1-g ≈ O3-g（差异在 ±5% 内）
2026-03-31 17:44:37,456 INFO:     15        DOE-ProxyApps-C++_miniFE    1.2009    1.2087   -0.0078  O1-g 优于 O3-g（快 16.7%，加速比 1.20x）
2026-03-31 17:44:37,456 INFO:     16            DOE-ProxyApps-C_CoMD    1.2511    1.2389   +0.0122  O1-g 优于 O3-g（快 20.1%，加速比 1.25x）
2026-03-31 17:44:37,456 INFO:     17      DOE-ProxyApps-C_Pathfinder    1.0010    0.9799   +0.0212  O1-g ≈ O3-g（差异在 ±5% 内）
2026-03-31 17:44:37,456 INFO:     18         DOE-ProxyApps-C_RSBench    1.0148    1.0098   +0.0050  O1-g ≈ O3-g（差异在 ±5% 内）
2026-03-31 17:44:37,456 INFO:     19       DOE-ProxyApps-C_SimpleMOC    0.9986    0.9276   +0.0710  O1-g ≈ O3-g（差异在 ±5% 内）
2026-03-31 17:44:37,456 INFO:     20         DOE-ProxyApps-C_XSBench    1.0000    0.9930   +0.0070  O1-g ≈ O3-g（差异在 ±5% 内）
2026-03-31 17:44:37,456 INFO:     21         DOE-ProxyApps-C_miniAMR    0.9998    1.0033   -0.0036  O1-g ≈ O3-g（差异在 ±5% 内）
2026-03-31 17:44:37,456 INFO:     22         DOE-ProxyApps-C_miniGMG    0.9983    1.0993   -0.1010  O1-g ≈ O3-g（差异在 ±5% 内）
2026-03-31 17:44:37,457 INFO:     23                     Fhourstones    0.9941    0.9871   +0.0070  O1-g ≈ O3-g（差异在 ±5% 内）
2026-03-31 17:44:37,457 INFO:     24                 Fhourstones-3.1    1.0010    1.0033   -0.0023  O1-g ≈ O3-g（差异在 ±5% 内）
2026-03-31 17:44:37,457 INFO:     25              FreeBench_analyzer    0.9990    0.9505   +0.0485  O1-g ≈ O3-g（差异在 ±5% 内）
2026-03-31 17:44:37,457 INFO:     26               FreeBench_distray    1.0053    1.0459   -0.0406  O1-g ≈ O3-g（差异在 ±5% 内）
2026-03-31 17:44:37,457 INFO:     27            FreeBench_fourinarow    1.1859    2.2265   -1.0406  O1-g 优于 O3-g（快 15.7%，加速比 1.19x）
2026-03-31 17:44:37,457 INFO:     28                 FreeBench_mason    1.0014    1.0239   -0.0225  O1-g ≈ O3-g（差异在 ±5% 内）
2026-03-31 17:44:37,458 INFO:     29                FreeBench_neural    1.3959    1.3307   +0.0653  O1-g 优于 O3-g（快 28.4%，加速比 1.40x）
2026-03-31 17:44:37,458 INFO:     30            FreeBench_pcompress2    1.0007    0.9630   +0.0377  O1-g ≈ O3-g（差异在 ±5% 内）
2026-03-31 17:44:37,458 INFO:     31                 FreeBench_pifft    1.0006    1.1220   -0.1214  O1-g ≈ O3-g（差异在 ±5% 内）
2026-03-31 17:44:37,458 INFO:     32               MallocBench_cfrac    0.9991    1.0067   -0.0076  O1-g ≈ O3-g（差异在 ±5% 内）
2026-03-31 17:44:37,458 INFO:     33            MallocBench_espresso    1.0002    0.9652   +0.0350  O1-g ≈ O3-g（差异在 ±5% 内）
2026-03-31 17:44:37,458 INFO:     34                  MallocBench_gs    0.9990    0.9654   +0.0336  O1-g ≈ O3-g（差异在 ±5% 内）
2026-03-31 17:44:37,458 INFO:     35                 McCat_01-qbsort    0.9992    1.0365   -0.0372  O1-g ≈ O3-g（差异在 ±5% 内）
2026-03-31 17:44:37,458 INFO:     36               McCat_03-testtrie    0.9992    0.9904   +0.0089  O1-g ≈ O3-g（差异在 ±5% 内）
2026-03-31 17:44:37,459 INFO:     37                 McCat_04-bisect    0.9997    0.9162   +0.0835  O1-g ≈ O3-g（差异在 ±5% 内）
2026-03-31 17:44:37,459 INFO:     38                    McCat_05-eks    1.0008    0.9865   +0.0142  O1-g ≈ O3-g（差异在 ±5% 内）
2026-03-31 17:44:37,459 INFO:     39                   McCat_08-main    1.0001    1.1068   -0.1067  O1-g ≈ O3-g（差异在 ±5% 内）
2026-03-31 17:44:37,459 INFO:     40                    McCat_09-vor    1.0008    1.0285   -0.0277  O1-g ≈ O3-g（差异在 ±5% 内）
2026-03-31 17:44:37,459 INFO:     41                 McCat_12-IOtest    0.9990    1.0112   -0.0122  O1-g ≈ O3-g（差异在 ±5% 内）
2026-03-31 17:44:37,459 INFO:     42                   McCat_15-trie    1.0012    1.0379   -0.0366  O1-g ≈ O3-g（差异在 ±5% 内）
2026-03-31 17:44:37,459 INFO:     43                  McCat_17-bintr    1.0003    1.1981   -0.1978  O1-g ≈ O3-g（差异在 ±5% 内）
2026-03-31 17:44:37,460 INFO:     44                    McCat_18-imp    0.9992    1.0042   -0.0051  O1-g ≈ O3-g（差异在 ±5% 内）
2026-03-31 17:44:37,460 INFO:     45    MiBench_automotive-basicmath    0.9996    1.0010   -0.0014  O1-g ≈ O3-g（差异在 ±5% 内）
2026-03-31 17:44:37,460 INFO:     46     MiBench_automotive-bitcount    0.9992    0.9651   +0.0341  O1-g ≈ O3-g（差异在 ±5% 内）
2026-03-31 17:44:37,460 INFO:     47        MiBench_automotive-susan    1.0121    1.0447   -0.0326  O1-g ≈ O3-g（差异在 ±5% 内）
2026-03-31 17:44:37,460 INFO:     48           MiBench_consumer-jpeg    1.0049    1.0701   -0.0652  O1-g ≈ O3-g（差异在 ±5% 内）
2026-03-31 17:44:37,460 INFO:     49           MiBench_consumer-lame    1.0562    1.0948   -0.0387  O1-g 优于 O3-g（快 5.3%，加速比 1.06x）
2026-03-31 17:44:37,460 INFO:     50        MiBench_consumer-typeset    0.9998    0.9927   +0.0071  O1-g ≈ O3-g（差异在 ±5% 内）
2026-03-31 17:44:37,461 INFO:     51        MiBench_network-dijkstra    0.9996    0.9994   +0.0002  O1-g ≈ O3-g（差异在 ±5% 内）
2026-03-31 17:44:37,461 INFO:     52        MiBench_network-patricia    0.9997    0.9861   +0.0136  O1-g ≈ O3-g（差异在 ±5% 内）
2026-03-31 17:44:37,461 INFO:     53           MiBench_office-ispell    1.0000    1.0020   -0.0020  O1-g ≈ O3-g（差异在 ±5% 内）
2026-03-31 17:44:37,461 INFO:     54     MiBench_office-stringsearch    1.0054    1.1175   -0.1120  O1-g ≈ O3-g（差异在 ±5% 内）
2026-03-31 17:44:37,461 INFO:     55       MiBench_security-blowfish    1.0002    0.9830   +0.0172  O1-g ≈ O3-g（差异在 ±5% 内）
2026-03-31 17:44:37,461 INFO:     56       MiBench_security-rijndael    1.0013    1.0217   -0.0203  O1-g ≈ O3-g（差异在 ±5% 内）
2026-03-31 17:44:37,461 INFO:     57            MiBench_security-sha    1.0295    1.2565   -0.2270  O1-g ≈ O3-g（差异在 ±5% 内）
2026-03-31 17:44:37,462 INFO:     58          MiBench_telecomm-CRC32    0.9991    0.9977   +0.0014  O1-g ≈ O3-g（差异在 ±5% 内）
2026-03-31 17:44:37,462 INFO:     59            MiBench_telecomm-FFT    1.0002    1.0049   -0.0048  O1-g ≈ O3-g（差异在 ±5% 内）
2026-03-31 17:44:37,462 INFO:     60          MiBench_telecomm-adpcm    0.9994    1.0040   -0.0046  O1-g ≈ O3-g（差异在 ±5% 内）
2026-03-31 17:44:37,462 INFO:     61            MiBench_telecomm-gsm    1.0058    1.0295   -0.0237  O1-g ≈ O3-g（差异在 ±5% 内）
2026-03-31 17:44:37,462 INFO:     62                   NPB-serial_is    1.0499    1.2225   -0.1726  O1-g ≈ O3-g（差异在 ±5% 内）
2026-03-31 17:44:37,462 INFO:     63                        Olden_bh    1.3634    1.7718   -0.4084  O1-g 优于 O3-g（快 26.7%，加速比 1.36x）
2026-03-31 17:44:37,462 INFO:     64                    Olden_bisort    1.0553    1.0608   -0.0055  O1-g 优于 O3-g（快 5.2%，加速比 1.06x）
2026-03-31 17:44:37,463 INFO:     65                      Olden_em3d    0.9991    0.9999   -0.0007  O1-g ≈ O3-g（差异在 ±5% 内）
2026-03-31 17:44:37,463 INFO:     66                    Olden_health    0.9994    1.0408   -0.0415  O1-g ≈ O3-g（差异在 ±5% 内）
2026-03-31 17:44:37,463 INFO:     67                       Olden_mst    0.9987    0.9777   +0.0210  O1-g ≈ O3-g（差异在 ±5% 内）
2026-03-31 17:44:37,463 INFO:     68                 Olden_perimeter    0.9988    0.9649   +0.0339  O1-g ≈ O3-g（差异在 ±5% 内）
2026-03-31 17:44:37,463 INFO:     69                     Olden_power    1.3325    1.6275   -0.2950  O1-g 优于 O3-g（快 25.0%，加速比 1.33x）
2026-03-31 17:44:37,463 INFO:     70                   Olden_treeadd    0.9988    0.9947   +0.0042  O1-g ≈ O3-g（差异在 ±5% 内）
2026-03-31 17:44:37,463 INFO:     71                       Olden_tsp    1.2246    1.0987   +0.1259  O1-g 优于 O3-g（快 18.3%，加速比 1.22x）
2026-03-31 17:44:37,463 INFO:     72                   Olden_voronoi    1.0003    0.9869   +0.0134  O1-g ≈ O3-g（差异在 ±5% 内）
2026-03-31 17:44:37,464 INFO:     73                           PAQ8p    1.6456    1.4066   +0.2390  O1-g 优于 O3-g（快 39.2%，加速比 1.65x）
2026-03-31 17:44:37,464 INFO:     74                 Prolangs-C++_NP    0.9994    0.9880   +0.0114  O1-g ≈ O3-g（差异在 ±5% 内）
2026-03-31 17:44:37,464 INFO:     75               Prolangs-C++_city    0.9992    0.9926   +0.0066  O1-g ≈ O3-g（差异在 ±5% 内）
2026-03-31 17:44:37,464 INFO:     76             Prolangs-C++_deriv1    0.9994    0.9899   +0.0094  O1-g ≈ O3-g（差异在 ±5% 内）
2026-03-31 17:44:37,464 INFO:     77             Prolangs-C++_deriv2    0.9993    1.0121   -0.0128  O1-g ≈ O3-g（差异在 ±5% 内）
2026-03-31 17:44:37,464 INFO:     78             Prolangs-C++_employ    0.9992    1.0001   -0.0010  O1-g ≈ O3-g（差异在 ±5% 内）
2026-03-31 17:44:37,464 INFO:     79             Prolangs-C++_family    0.9993    1.0036   -0.0043  O1-g ≈ O3-g（差异在 ±5% 内）
2026-03-31 17:44:37,465 INFO:     80                Prolangs-C++_fsm    0.9993    1.0162   -0.0170  O1-g ≈ O3-g（差异在 ±5% 内）
2026-03-31 17:44:37,465 INFO:     81             Prolangs-C++_garage    0.9993    0.9811   +0.0183  O1-g ≈ O3-g（差异在 ±5% 内）
2026-03-31 17:44:37,465 INFO:     82               Prolangs-C++_life    0.9997    1.0632   -0.0634  O1-g ≈ O3-g（差异在 ±5% 内）
2026-03-31 17:44:37,465 INFO:     83            Prolangs-C++_objects    0.9993    1.0050   -0.0057  O1-g ≈ O3-g（差异在 ±5% 内）
2026-03-31 17:44:37,465 INFO:     84              Prolangs-C++_ocean    0.9989    1.0006   -0.0017  O1-g ≈ O3-g（差异在 ±5% 内）
2026-03-31 17:44:37,465 INFO:     85             Prolangs-C++_office    0.9993    1.0057   -0.0064  O1-g ≈ O3-g（差异在 ±5% 内）
2026-03-31 17:44:37,465 INFO:     86             Prolangs-C++_primes    0.7698    0.4861   +0.2837  O3-g 优于 O1-g（快 23.0%，加速比 1.30x）
2026-03-31 17:44:37,466 INFO:     87             Prolangs-C++_shapes    0.9992    1.0066   -0.0074  O1-g ≈ O3-g（差异在 ±5% 内）
2026-03-31 17:44:37,466 INFO:     88              Prolangs-C++_simul    0.9997    0.9543   +0.0454  O1-g ≈ O3-g（差异在 ±5% 内）
2026-03-31 17:44:37,466 INFO:     89              Prolangs-C++_trees    0.9993    0.9881   +0.0111  O1-g ≈ O3-g（差异在 ±5% 内）
2026-03-31 17:44:37,466 INFO:     90              Prolangs-C++_vcirc    0.9993    0.9900   +0.0093  O1-g ≈ O3-g（差异在 ±5% 内）
2026-03-31 17:44:37,466 INFO:     91         Prolangs-C_TimberWolfMC    1.0001    0.9810   +0.0191  O1-g ≈ O3-g（差异在 ±5% 内）
2026-03-31 17:44:37,466 INFO:     92                Prolangs-C_agrep    0.9995    1.0221   -0.0226  O1-g ≈ O3-g（差异在 ±5% 内）
2026-03-31 17:44:37,466 INFO:     93             Prolangs-C_allroots    0.9997    0.9888   +0.0109  O1-g ≈ O3-g（差异在 ±5% 内）
2026-03-31 17:44:37,467 INFO:     94        Prolangs-C_archie-client    0.9998    1.0012   -0.0013  O1-g ≈ O3-g（差异在 ±5% 内）
2026-03-31 17:44:37,467 INFO:     95            Prolangs-C_assembler    0.9997    0.9893   +0.0104  O1-g ≈ O3-g（差异在 ±5% 内）
2026-03-31 17:44:37,467 INFO:     96                Prolangs-C_bison    0.9992    1.0160   -0.0168  O1-g ≈ O3-g（差异在 ±5% 内）
2026-03-31 17:44:37,467 INFO:     97                Prolangs-C_cdecl    0.9997    1.0105   -0.0109  O1-g ≈ O3-g（差异在 ±5% 内）
2026-03-31 17:44:37,467 INFO:     98             Prolangs-C_compiler    0.9997    0.9945   +0.0052  O1-g ≈ O3-g（差异在 ±5% 内）
2026-03-31 17:44:37,467 INFO:     99            Prolangs-C_fixoutput    1.0003    1.0078   -0.0076  O1-g ≈ O3-g（差异在 ±5% 内）
2026-03-31 17:44:37,467 INFO:    100             Prolangs-C_football    1.0004    1.0131   -0.0128  O1-g ≈ O3-g（差异在 ±5% 内）
2026-03-31 17:44:37,467 INFO:    101                Prolangs-C_gnugo    1.0016    1.0631   -0.0615  O1-g ≈ O3-g（差异在 ±5% 内）
2026-03-31 17:44:37,468 INFO:    102               Prolangs-C_loader    0.9999    1.0133   -0.0134  O1-g ≈ O3-g（差异在 ±5% 内）
2026-03-31 17:44:37,468 INFO:    103             Prolangs-C_plot2fig    0.9999    1.0084   -0.0085  O1-g ≈ O3-g（差异在 ±5% 内）
2026-03-31 17:44:37,468 INFO:    104            Prolangs-C_simulator    0.9999    0.9891   +0.0108  O1-g ≈ O3-g（差异在 ±5% 内）
2026-03-31 17:44:37,468 INFO:    105           Prolangs-C_unix-smail    0.9998    1.0044   -0.0046  O1-g ≈ O3-g（差异在 ±5% 内）
2026-03-31 17:44:37,468 INFO:    106             Prolangs-C_unix-tbl    1.0001    1.0132   -0.0131  O1-g ≈ O3-g（差异在 ±5% 内）
2026-03-31 17:44:37,468 INFO:    107                 Ptrdist_anagram    1.0000    0.9537   +0.0464  O1-g ≈ O3-g（差异在 ±5% 内）
2026-03-31 17:44:37,469 INFO:    108                      Ptrdist_bc    0.9997    0.9996   +0.0001  O1-g ≈ O3-g（差异在 ±5% 内）
2026-03-31 17:44:37,469 INFO:    109                      Ptrdist_ft    0.9711    1.0130   -0.0418  O1-g ≈ O3-g（差异在 ±5% 内）
2026-03-31 17:44:37,469 INFO:    110                      Ptrdist_ks    0.9998    0.9646   +0.0353  O1-g ≈ O3-g（差异在 ±5% 内）
2026-03-31 17:44:37,469 INFO:    111                   Ptrdist_yacr2    0.9993    0.8911   +0.1083  O1-g ≈ O3-g（差异在 ±5% 内）
2026-03-31 17:44:37,469 INFO:    112                Rodinia_backprop    1.0058    1.0722   -0.0664  O1-g ≈ O3-g（差异在 ±5% 内）
2026-03-31 17:44:37,469 INFO:    113                 Rodinia_hotspot    1.0139    1.0905   -0.0766  O1-g ≈ O3-g（差异在 ±5% 内）
2026-03-31 17:44:37,470 INFO:    114              Rodinia_pathfinder    1.1812    1.0271   +0.1541  O1-g 优于 O3-g（快 15.3%，加速比 1.18x）
2026-03-31 17:44:37,470 INFO:    115                    Rodinia_srad    1.1750    1.1793   -0.0043  O1-g 优于 O3-g（快 14.9%，加速比 1.17x）
2026-03-31 17:44:37,470 INFO:    116                      SciMark2-C    1.0450    1.1167   -0.0717  O1-g ≈ O3-g（差异在 ±5% 内）
2026-03-31 17:44:37,470 INFO:    117            TSVC_ControlFlow-dbl    0.9674    0.9905   -0.0230  O1-g ≈ O3-g（差异在 ±5% 内）
2026-03-31 17:44:37,470 INFO:    118            TSVC_ControlFlow-flt    0.9651    0.9193   +0.0458  O1-g ≈ O3-g（差异在 ±5% 内）
2026-03-31 17:44:37,470 INFO:    119           TSVC_ControlLoops-dbl    1.3714    1.7141   -0.3427  O1-g 优于 O3-g（快 27.1%，加速比 1.37x）
2026-03-31 17:44:37,470 INFO:    120           TSVC_ControlLoops-flt    1.2837    1.6248   -0.3412  O1-g 优于 O3-g（快 22.1%，加速比 1.28x）
2026-03-31 17:44:37,470 INFO:    121     TSVC_CrossingThresholds-dbl    1.2488    1.3818   -0.1329  O1-g 优于 O3-g（快 19.9%，加速比 1.25x）
2026-03-31 17:44:37,471 INFO:    122     TSVC_CrossingThresholds-flt    1.2602    1.6537   -0.3935  O1-g 优于 O3-g（快 20.6%，加速比 1.26x）
2026-03-31 17:44:37,471 INFO:    123          TSVC_Equivalencing-dbl    1.6210    2.0035   -0.3825  O1-g 优于 O3-g（快 38.3%，加速比 1.62x）
2026-03-31 17:44:37,471 INFO:    124          TSVC_Equivalencing-flt    1.6144    1.7099   -0.0955  O1-g 优于 O3-g（快 38.1%，加速比 1.61x）
2026-03-31 17:44:37,471 INFO:    125              TSVC_Expansion-dbl    1.0965    1.5144   -0.4179  O1-g 优于 O3-g（快 8.8%，加速比 1.10x）
2026-03-31 17:44:37,471 INFO:    126              TSVC_Expansion-flt    1.0549    1.4938   -0.4390  O1-g 优于 O3-g（快 5.2%，加速比 1.05x）
2026-03-31 17:44:37,471 INFO:    127         TSVC_GlobalDataFlow-dbl    1.5045    1.4991   +0.0053  O1-g 优于 O3-g（快 33.5%，加速比 1.50x）
2026-03-31 17:44:37,471 INFO:    128         TSVC_GlobalDataFlow-flt    1.4411    1.6920   -0.2509  O1-g 优于 O3-g（快 30.6%，加速比 1.44x）
2026-03-31 17:44:37,472 INFO:    129     TSVC_IndirectAddressing-dbl    1.1490    1.2671   -0.1181  O1-g 优于 O3-g（快 13.0%，加速比 1.15x）
2026-03-31 17:44:37,472 INFO:    130     TSVC_IndirectAddressing-flt    1.1500    1.2154   -0.0654  O1-g 优于 O3-g（快 13.0%，加速比 1.15x）
2026-03-31 17:44:37,472 INFO:    131      TSVC_InductionVariable-dbl    1.3641    1.2640   +0.1001  O1-g 优于 O3-g（快 26.7%，加速比 1.36x）
2026-03-31 17:44:37,472 INFO:    132      TSVC_InductionVariable-flt    1.3708    1.2762   +0.0946  O1-g 优于 O3-g（快 27.0%，加速比 1.37x）
2026-03-31 17:44:37,472 INFO:    133       TSVC_LinearDependence-dbl    1.2865    1.4450   -0.1585  O1-g 优于 O3-g（快 22.3%，加速比 1.29x）
2026-03-31 17:44:37,472 INFO:    134       TSVC_LinearDependence-flt    1.2998    1.3073   -0.0075  O1-g 优于 O3-g（快 23.1%，加速比 1.30x）
2026-03-31 17:44:37,472 INFO:    135          TSVC_LoopRerolling-dbl    1.1046    1.1688   -0.0642  O1-g 优于 O3-g（快 9.5%，加速比 1.10x）
2026-03-31 17:44:37,473 INFO:    136          TSVC_LoopRerolling-flt    1.1438    1.1674   -0.0237  O1-g 优于 O3-g（快 12.6%，加速比 1.14x）
2026-03-31 17:44:37,473 INFO:    137      TSVC_LoopRestructuring-dbl    1.4069    1.3709   +0.0360  O1-g 优于 O3-g（快 28.9%，加速比 1.41x）
2026-03-31 17:44:37,473 INFO:    138      TSVC_LoopRestructuring-flt    1.4086    1.3917   +0.0168  O1-g 优于 O3-g（快 29.0%，加速比 1.41x）
2026-03-31 17:44:37,473 INFO:    139          TSVC_NodeSplitting-dbl    1.0017    1.0733   -0.0716  O1-g ≈ O3-g（差异在 ±5% 内）
2026-03-31 17:44:37,473 INFO:    140          TSVC_NodeSplitting-flt    1.0020    1.1165   -0.1145  O1-g ≈ O3-g（差异在 ±5% 内）
2026-03-31 17:44:37,473 INFO:    141                TSVC_Packing-dbl    0.9971    1.0424   -0.0453  O1-g ≈ O3-g（差异在 ±5% 内）
2026-03-31 17:44:37,473 INFO:    142                TSVC_Packing-flt    0.9972    1.0467   -0.0495  O1-g ≈ O3-g（差异在 ±5% 内）
2026-03-31 17:44:37,474 INFO:    143            TSVC_Recurrences-dbl    1.0197    1.0676   -0.0479  O1-g ≈ O3-g（差异在 ±5% 内）
2026-03-31 17:44:37,474 INFO:    144            TSVC_Recurrences-flt    1.0192    1.0659   -0.0467  O1-g ≈ O3-g（差异在 ±5% 内）
2026-03-31 17:44:37,474 INFO:    145             TSVC_Reductions-dbl    1.3378    1.6704   -0.3326  O1-g 优于 O3-g（快 25.3%，加速比 1.34x）
2026-03-31 17:44:37,474 INFO:    146             TSVC_Reductions-flt    1.2189    1.6866   -0.4677  O1-g 优于 O3-g（快 18.0%，加速比 1.22x）
2026-03-31 17:44:37,474 INFO:    147              TSVC_Searching-dbl    0.9205    0.7999   +0.1206  O3-g 优于 O1-g（快 7.9%，加速比 1.09x）
2026-03-31 17:44:37,474 INFO:    148              TSVC_Searching-flt    0.8922    0.7663   +0.1259  O3-g 优于 O1-g（快 10.8%，加速比 1.12x）
2026-03-31 17:44:37,474 INFO:    149    TSVC_StatementReordering-dbl    1.0293    0.9987   +0.0306  O1-g ≈ O3-g（差异在 ±5% 内）
2026-03-31 17:44:37,475 INFO:    150    TSVC_StatementReordering-flt    1.0233    1.0086   +0.0147  O1-g ≈ O3-g（差异在 ±5% 内）
2026-03-31 17:44:37,475 INFO:    151              TSVC_Symbolics-dbl    1.4879    1.6154   -0.1275  O1-g 优于 O3-g（快 32.8%，加速比 1.49x）
2026-03-31 17:44:37,475 INFO:    152              TSVC_Symbolics-flt    1.3447    1.2306   +0.1141  O1-g 优于 O3-g（快 25.6%，加速比 1.34x）
2026-03-31 17:44:37,475 INFO:    153               Trimaran_enc-3des    1.0001    1.0013   -0.0012  O1-g ≈ O3-g（差异在 ±5% 内）
2026-03-31 17:44:37,475 INFO:    154                Trimaran_enc-md5    0.9998    1.0013   -0.0015  O1-g ≈ O3-g（差异在 ±5% 内）
2026-03-31 17:44:37,475 INFO:    155                Trimaran_enc-pc1    1.0810    1.1548   -0.0738  O1-g 优于 O3-g（快 7.5%，加速比 1.08x）
2026-03-31 17:44:37,475 INFO:    156                Trimaran_enc-rc4    1.0775    1.0966   -0.0192  O1-g 优于 O3-g（快 7.2%，加速比 1.08x）
2026-03-31 17:44:37,475 INFO:    157           Trimaran_netbench-crc    1.1083    1.1778   -0.0695  O1-g 优于 O3-g（快 9.8%，加速比 1.11x）
2026-03-31 17:44:37,476 INFO:    158           Trimaran_netbench-url    0.9792    0.9171   +0.0621  O1-g ≈ O3-g（差异在 ±5% 内）
2026-03-31 17:44:37,476 INFO:    159                VersaBench_8b10b    1.0488    1.1135   -0.0647  O1-g ≈ O3-g（差异在 ±5% 内）
2026-03-31 17:44:37,476 INFO:    160           VersaBench_beamformer    0.9986    0.9723   +0.0264  O1-g ≈ O3-g（差异在 ±5% 内）
2026-03-31 17:44:37,476 INFO:    161                  VersaBench_bmm    0.9998    0.9926   +0.0072  O1-g ≈ O3-g（差异在 ±5% 内）
2026-03-31 17:44:37,476 INFO:    162                 VersaBench_dbms    1.0001    1.0090   -0.0089  O1-g ≈ O3-g（差异在 ±5% 内）
2026-03-31 17:44:37,476 INFO:    163               VersaBench_ecbdes    1.0002    1.0150   -0.0148  O1-g ≈ O3-g（差异在 ±5% 内）
2026-03-31 17:44:37,476 INFO:    164                    llubenchmark    1.0004    1.0048   -0.0044  O1-g ≈ O3-g（差异在 ±5% 内）
2026-03-31 17:44:37,476 INFO:    165                           mafft    1.0557    1.1131   -0.0575  O1-g 优于 O3-g（快 5.3%，加速比 1.06x）
2026-03-31 17:44:37,477 INFO:    166      mediabench_adpcm_rawcaudio    1.0002    1.0292   -0.0291  O1-g ≈ O3-g（差异在 ±5% 内）
2026-03-31 17:44:37,477 INFO:    167      mediabench_adpcm_rawdaudio    0.9998    1.0045   -0.0047  O1-g ≈ O3-g（差异在 ±5% 内）
2026-03-31 17:44:37,477 INFO:    168      mediabench_g721_g721encode    1.0076    1.2017   -0.1941  O1-g ≈ O3-g（差异在 ±5% 内）
2026-03-31 17:44:37,477 INFO:    169            mediabench_gsm_toast    1.0041    1.0282   -0.0240  O1-g ≈ O3-g（差异在 ±5% 内）
2026-03-31 17:44:37,477 INFO:    170         mediabench_jpeg_jpeg-6a    1.0040    0.9937   +0.0103  O1-g ≈ O3-g（差异在 ±5% 内）
2026-03-31 17:44:37,477 INFO:    171       mediabench_mpeg2_mpeg2dec    1.2795    2.1755   -0.8960  O1-g 优于 O3-g（快 21.8%，加速比 1.28x）
2026-03-31 17:44:37,478 INFO:    172                          nbench    1.0830    1.2134   -0.1304  O1-g 优于 O3-g（快 7.7%，加速比 1.08x）
2026-03-31 17:44:37,478 INFO:    173                             sim    1.0005    0.9854   +0.0151  O1-g ≈ O3-g（差异在 ±5% 内）
2026-03-31 17:44:37,478 INFO:    174                      tramp3d-v4    0.9976    1.0530   -0.0553  O1-g ≈ O3-g（差异在 ±5% 内）
2026-03-31 17:44:37,478 INFO: 
  ── 验证指标 ──
2026-03-31 17:44:37,478 INFO:   MAE  = 0.0782
2026-03-31 17:44:37,478 INFO:   MSE  = 0.0253
2026-03-31 17:44:37,478 INFO:   RMSE = 0.1591
2026-03-31 17:44:37,479 INFO:   方向准确率 = 127/174 (73.0%)
2026-03-31 17:44:37,479 INFO:   预测 O1-g 更优: 99/174  (真实: 120/174)
2026-03-31 17:44:37,479 INFO:   方向准确率（排除 ±5%）= 72/75 (96.0%)
2026-03-31 17:44:37,584 INFO: 已应用 exp() 变换（log-target 模式）
2026-03-31 17:44:37,584 INFO: ========================================================================
2026-03-31 17:44:37,584 INFO: 版本对: O2-bolt_vs_O2-bolt-opt  (O2-bolt vs O2-bolt-opt)  共 174 个程序
2026-03-31 17:44:37,584 INFO: 标签模式: inst_retired_ratio
2026-03-31 17:44:37,584 INFO: 标签定义: Y = Σinst_v1 / Σinst_v2 (retired instruction ratio)
2026-03-31 17:44:37,584 INFO: 判定方向: Y > 1 视为 O2-bolt 更快，Y < 1 视为 O2-bolt-opt 更快
2026-03-31 17:44:37,584 INFO: ========================================================================
2026-03-31 17:44:37,584 INFO:      #                              程序      预测 Ŷ      真实 Y        误差  判断
2026-03-31 17:44:37,584 INFO:   ------------------------------------------------------------------------
2026-03-31 17:44:37,585 INFO:      1                            7zip    1.0039    0.9919   +0.0120  O2-bolt ≈ O2-bolt-opt（差异在 ±5% 内）
2026-03-31 17:44:37,585 INFO:      2             ASCI_Purple_SMG2000    1.0012    0.9950   +0.0062  O2-bolt ≈ O2-bolt-opt（差异在 ±5% 内）
2026-03-31 17:44:37,585 INFO:      3               ASC_Sequoia_AMGmk    1.0018    1.0176   -0.0158  O2-bolt ≈ O2-bolt-opt（差异在 ±5% 内）
2026-03-31 17:44:37,585 INFO:      4           ASC_Sequoia_CrystalMk    1.0031    1.0015   +0.0016  O2-bolt ≈ O2-bolt-opt（差异在 ±5% 内）
2026-03-31 17:44:37,585 INFO:      5               ASC_Sequoia_IRSmk    1.0006    0.9964   +0.0042  O2-bolt ≈ O2-bolt-opt（差异在 ±5% 内）
2026-03-31 17:44:37,585 INFO:      6                  BitBench_drop3    1.0002    1.0471   -0.0469  O2-bolt ≈ O2-bolt-opt（差异在 ±5% 内）
2026-03-31 17:44:37,586 INFO:      7                 BitBench_five11    0.9992    0.9882   +0.0110  O2-bolt ≈ O2-bolt-opt（差异在 ±5% 内）
2026-03-31 17:44:37,586 INFO:      8               BitBench_uudecode    1.0007    1.0027   -0.0021  O2-bolt ≈ O2-bolt-opt（差异在 ±5% 内）
2026-03-31 17:44:37,586 INFO:      9               BitBench_uuencode    1.0010    1.0068   -0.0057  O2-bolt ≈ O2-bolt-opt（差异在 ±5% 内）
2026-03-31 17:44:37,586 INFO:     10                          Bullet    0.9983    1.0095   -0.0112  O2-bolt ≈ O2-bolt-opt（差异在 ±5% 内）
2026-03-31 17:44:37,586 INFO:     11         DOE-ProxyApps-C++_CLAMR    1.0236    1.0061   +0.0176  O2-bolt ≈ O2-bolt-opt（差异在 ±5% 内）
2026-03-31 17:44:37,587 INFO:     12   DOE-ProxyApps-C++_HACCKernels    1.0008    0.9979   +0.0029  O2-bolt ≈ O2-bolt-opt（差异在 ±5% 内）
2026-03-31 17:44:37,587 INFO:     13         DOE-ProxyApps-C++_HPCCG    1.0004    1.0022   -0.0018  O2-bolt ≈ O2-bolt-opt（差异在 ±5% 内）
2026-03-31 17:44:37,587 INFO:     14       DOE-ProxyApps-C++_PENNANT    1.0012    1.0047   -0.0035  O2-bolt ≈ O2-bolt-opt（差异在 ±5% 内）
2026-03-31 17:44:37,587 INFO:     15        DOE-ProxyApps-C++_miniFE    1.0005    0.9928   +0.0077  O2-bolt ≈ O2-bolt-opt（差异在 ±5% 内）
2026-03-31 17:44:37,587 INFO:     16            DOE-ProxyApps-C_CoMD    0.9952    0.9706   +0.0245  O2-bolt ≈ O2-bolt-opt（差异在 ±5% 内）
2026-03-31 17:44:37,588 INFO:     17      DOE-ProxyApps-C_Pathfinder    1.0306    1.0451   -0.0145  O2-bolt ≈ O2-bolt-opt（差异在 ±5% 内）
2026-03-31 17:44:37,588 INFO:     18         DOE-ProxyApps-C_RSBench    0.9955    1.0019   -0.0064  O2-bolt ≈ O2-bolt-opt（差异在 ±5% 内）
2026-03-31 17:44:37,588 INFO:     19       DOE-ProxyApps-C_SimpleMOC    1.0018    1.0242   -0.0224  O2-bolt ≈ O2-bolt-opt（差异在 ±5% 内）
2026-03-31 17:44:37,588 INFO:     20         DOE-ProxyApps-C_XSBench    1.0001    0.9859   +0.0142  O2-bolt ≈ O2-bolt-opt（差异在 ±5% 内）
2026-03-31 17:44:37,588 INFO:     21         DOE-ProxyApps-C_miniAMR    0.9976    1.0072   -0.0096  O2-bolt ≈ O2-bolt-opt（差异在 ±5% 内）
2026-03-31 17:44:37,588 INFO:     22         DOE-ProxyApps-C_miniGMG    0.9697    0.9929   -0.0232  O2-bolt ≈ O2-bolt-opt（差异在 ±5% 内）
2026-03-31 17:44:37,589 INFO:     23                     Fhourstones    1.0056    0.9981   +0.0075  O2-bolt ≈ O2-bolt-opt（差异在 ±5% 内）
2026-03-31 17:44:37,589 INFO:     24                 Fhourstones-3.1    1.0384    1.0809   -0.0425  O2-bolt ≈ O2-bolt-opt（差异在 ±5% 内）
2026-03-31 17:44:37,589 INFO:     25              FreeBench_analyzer    0.9996    1.0211   -0.0215  O2-bolt ≈ O2-bolt-opt（差异在 ±5% 内）
2026-03-31 17:44:37,589 INFO:     26               FreeBench_distray    1.0020    1.0034   -0.0014  O2-bolt ≈ O2-bolt-opt（差异在 ±5% 内）
2026-03-31 17:44:37,589 INFO:     27            FreeBench_fourinarow    0.9994    1.0090   -0.0096  O2-bolt ≈ O2-bolt-opt（差异在 ±5% 内）
2026-03-31 17:44:37,590 INFO:     28                 FreeBench_mason    1.0001    0.9846   +0.0155  O2-bolt ≈ O2-bolt-opt（差异在 ±5% 内）
2026-03-31 17:44:37,590 INFO:     29                FreeBench_neural    0.9680    1.0025   -0.0345  O2-bolt ≈ O2-bolt-opt（差异在 ±5% 内）
2026-03-31 17:44:37,590 INFO:     30            FreeBench_pcompress2    1.0041    1.0555   -0.0514  O2-bolt ≈ O2-bolt-opt（差异在 ±5% 内）
2026-03-31 17:44:37,590 INFO:     31                 FreeBench_pifft    0.9999    1.0021   -0.0021  O2-bolt ≈ O2-bolt-opt（差异在 ±5% 内）
2026-03-31 17:44:37,590 INFO:     32               MallocBench_cfrac    0.9993    1.0155   -0.0162  O2-bolt ≈ O2-bolt-opt（差异在 ±5% 内）
2026-03-31 17:44:37,590 INFO:     33            MallocBench_espresso    1.0029    1.0256   -0.0227  O2-bolt ≈ O2-bolt-opt（差异在 ±5% 内）
2026-03-31 17:44:37,591 INFO:     34                  MallocBench_gs    0.9998    0.9848   +0.0150  O2-bolt ≈ O2-bolt-opt（差异在 ±5% 内）
2026-03-31 17:44:37,591 INFO:     35                 McCat_01-qbsort    0.9996    0.9768   +0.0228  O2-bolt ≈ O2-bolt-opt（差异在 ±5% 内）
2026-03-31 17:44:37,591 INFO:     36               McCat_03-testtrie    0.9983    0.9464   +0.0518  O2-bolt ≈ O2-bolt-opt（差异在 ±5% 内）
2026-03-31 17:44:37,591 INFO:     37                 McCat_04-bisect    0.9997    1.0146   -0.0149  O2-bolt ≈ O2-bolt-opt（差异在 ±5% 内）
2026-03-31 17:44:37,591 INFO:     38                    McCat_05-eks    1.0021    1.0160   -0.0139  O2-bolt ≈ O2-bolt-opt（差异在 ±5% 内）
2026-03-31 17:44:37,591 INFO:     39                   McCat_08-main    0.9999    0.9994   +0.0005  O2-bolt ≈ O2-bolt-opt（差异在 ±5% 内）
2026-03-31 17:44:37,592 INFO:     40                    McCat_09-vor    1.0002    0.9977   +0.0024  O2-bolt ≈ O2-bolt-opt（差异在 ±5% 内）
2026-03-31 17:44:37,592 INFO:     41                 McCat_12-IOtest    0.9991    0.9912   +0.0079  O2-bolt ≈ O2-bolt-opt（差异在 ±5% 内）
2026-03-31 17:44:37,592 INFO:     42                   McCat_15-trie    1.0000    0.9877   +0.0124  O2-bolt ≈ O2-bolt-opt（差异在 ±5% 内）
2026-03-31 17:44:37,592 INFO:     43                  McCat_17-bintr    1.0000    0.9763   +0.0237  O2-bolt ≈ O2-bolt-opt（差异在 ±5% 内）
2026-03-31 17:44:37,592 INFO:     44                    McCat_18-imp    0.9992    1.1100   -0.1108  O2-bolt ≈ O2-bolt-opt（差异在 ±5% 内）
2026-03-31 17:44:37,592 INFO:     45    MiBench_automotive-basicmath    0.9998    1.0025   -0.0026  O2-bolt ≈ O2-bolt-opt（差异在 ±5% 内）
2026-03-31 17:44:37,593 INFO:     46     MiBench_automotive-bitcount    0.9993    0.9028   +0.0965  O2-bolt ≈ O2-bolt-opt（差异在 ±5% 内）
2026-03-31 17:44:37,593 INFO:     47        MiBench_automotive-susan    1.0016    0.9968   +0.0048  O2-bolt ≈ O2-bolt-opt（差异在 ±5% 内）
2026-03-31 17:44:37,593 INFO:     48           MiBench_consumer-jpeg    1.0015    1.0002   +0.0013  O2-bolt ≈ O2-bolt-opt（差异在 ±5% 内）
2026-03-31 17:44:37,593 INFO:     49           MiBench_consumer-lame    1.0017    0.9948   +0.0069  O2-bolt ≈ O2-bolt-opt（差异在 ±5% 内）
2026-03-31 17:44:37,593 INFO:     50        MiBench_consumer-typeset    0.9997    0.9758   +0.0238  O2-bolt ≈ O2-bolt-opt（差异在 ±5% 内）
2026-03-31 17:44:37,593 INFO:     51        MiBench_network-dijkstra    0.9999    0.8840   +0.1159  O2-bolt ≈ O2-bolt-opt（差异在 ±5% 内）
2026-03-31 17:44:37,594 INFO:     52        MiBench_network-patricia    0.9989    0.9942   +0.0047  O2-bolt ≈ O2-bolt-opt（差异在 ±5% 内）
2026-03-31 17:44:37,594 INFO:     53           MiBench_office-ispell    0.9998    0.9903   +0.0095  O2-bolt ≈ O2-bolt-opt（差异在 ±5% 内）
2026-03-31 17:44:37,594 INFO:     54     MiBench_office-stringsearch    0.9989    0.9911   +0.0077  O2-bolt ≈ O2-bolt-opt（差异在 ±5% 内）
2026-03-31 17:44:37,594 INFO:     55       MiBench_security-blowfish    0.9997    1.0025   -0.0028  O2-bolt ≈ O2-bolt-opt（差异在 ±5% 内）
2026-03-31 17:44:37,594 INFO:     56       MiBench_security-rijndael    1.0013    1.0454   -0.0441  O2-bolt ≈ O2-bolt-opt（差异在 ±5% 内）
2026-03-31 17:44:37,594 INFO:     57            MiBench_security-sha    1.0006    1.0052   -0.0046  O2-bolt ≈ O2-bolt-opt（差异在 ±5% 内）
2026-03-31 17:44:37,595 INFO:     58          MiBench_telecomm-CRC32    0.9985    1.0520   -0.0535  O2-bolt ≈ O2-bolt-opt（差异在 ±5% 内）
2026-03-31 17:44:37,595 INFO:     59            MiBench_telecomm-FFT    1.0008    1.0039   -0.0031  O2-bolt ≈ O2-bolt-opt（差异在 ±5% 内）
2026-03-31 17:44:37,595 INFO:     60          MiBench_telecomm-adpcm    0.9997    0.9987   +0.0010  O2-bolt ≈ O2-bolt-opt（差异在 ±5% 内）
2026-03-31 17:44:37,595 INFO:     61            MiBench_telecomm-gsm    1.0004    1.0104   -0.0100  O2-bolt ≈ O2-bolt-opt（差异在 ±5% 内）
2026-03-31 17:44:37,595 INFO:     62                   NPB-serial_is    1.0003    0.9904   +0.0099  O2-bolt ≈ O2-bolt-opt（差异在 ±5% 内）
2026-03-31 17:44:37,596 INFO:     63                        Olden_bh    1.0011    1.0029   -0.0019  O2-bolt ≈ O2-bolt-opt（差异在 ±5% 内）
2026-03-31 17:44:37,596 INFO:     64                    Olden_bisort    0.9915    0.9813   +0.0102  O2-bolt ≈ O2-bolt-opt（差异在 ±5% 内）
2026-03-31 17:44:37,596 INFO:     65                      Olden_em3d    1.0002    1.3946   -0.3944  O2-bolt ≈ O2-bolt-opt（差异在 ±5% 内）
2026-03-31 17:44:37,596 INFO:     66                    Olden_health    1.0003    1.0084   -0.0081  O2-bolt ≈ O2-bolt-opt（差异在 ±5% 内）
2026-03-31 17:44:37,596 INFO:     67                       Olden_mst    0.9862    1.0091   -0.0229  O2-bolt ≈ O2-bolt-opt（差异在 ±5% 内）
2026-03-31 17:44:37,596 INFO:     68                 Olden_perimeter    0.9982    0.9506   +0.0476  O2-bolt ≈ O2-bolt-opt（差异在 ±5% 内）
2026-03-31 17:44:37,597 INFO:     69                     Olden_power    1.0008    1.0000   +0.0008  O2-bolt ≈ O2-bolt-opt（差异在 ±5% 内）
2026-03-31 17:44:37,597 INFO:     70                   Olden_treeadd    0.9987    0.9897   +0.0089  O2-bolt ≈ O2-bolt-opt（差异在 ±5% 内）
2026-03-31 17:44:37,597 INFO:     71                       Olden_tsp    1.0012    1.0033   -0.0021  O2-bolt ≈ O2-bolt-opt（差异在 ±5% 内）
2026-03-31 17:44:37,597 INFO:     72                   Olden_voronoi    1.0012    0.9978   +0.0034  O2-bolt ≈ O2-bolt-opt（差异在 ±5% 内）
2026-03-31 17:44:37,597 INFO:     73                           PAQ8p    1.0003    1.0046   -0.0043  O2-bolt ≈ O2-bolt-opt（差异在 ±5% 内）
2026-03-31 17:44:37,597 INFO:     74                 Prolangs-C++_NP    0.9992    1.0033   -0.0041  O2-bolt ≈ O2-bolt-opt（差异在 ±5% 内）
2026-03-31 17:44:37,597 INFO:     75               Prolangs-C++_city    0.9995    0.9859   +0.0136  O2-bolt ≈ O2-bolt-opt（差异在 ±5% 内）
2026-03-31 17:44:37,598 INFO:     76             Prolangs-C++_deriv1    0.9993    1.0035   -0.0042  O2-bolt ≈ O2-bolt-opt（差异在 ±5% 内）
2026-03-31 17:44:37,598 INFO:     77             Prolangs-C++_deriv2    0.9992    1.0032   -0.0040  O2-bolt ≈ O2-bolt-opt（差异在 ±5% 内）
2026-03-31 17:44:37,598 INFO:     78             Prolangs-C++_employ    0.9991    0.9944   +0.0047  O2-bolt ≈ O2-bolt-opt（差异在 ±5% 内）
2026-03-31 17:44:37,598 INFO:     79             Prolangs-C++_family    0.9992    1.0058   -0.0067  O2-bolt ≈ O2-bolt-opt（差异在 ±5% 内）
2026-03-31 17:44:37,598 INFO:     80                Prolangs-C++_fsm    0.9992    0.9898   +0.0093  O2-bolt ≈ O2-bolt-opt（差异在 ±5% 内）
2026-03-31 17:44:37,598 INFO:     81             Prolangs-C++_garage    0.9992    0.9820   +0.0172  O2-bolt ≈ O2-bolt-opt（差异在 ±5% 内）
2026-03-31 17:44:37,599 INFO:     82               Prolangs-C++_life    1.0001    1.0186   -0.0185  O2-bolt ≈ O2-bolt-opt（差异在 ±5% 内）
2026-03-31 17:44:37,599 INFO:     83            Prolangs-C++_objects    0.9992    0.9875   +0.0116  O2-bolt ≈ O2-bolt-opt（差异在 ±5% 内）
2026-03-31 17:44:37,599 INFO:     84              Prolangs-C++_ocean    0.9988    1.0042   -0.0053  O2-bolt ≈ O2-bolt-opt（差异在 ±5% 内）
2026-03-31 17:44:37,599 INFO:     85             Prolangs-C++_office    0.9992    0.9928   +0.0064  O2-bolt ≈ O2-bolt-opt（差异在 ±5% 内）
2026-03-31 17:44:37,599 INFO:     86             Prolangs-C++_primes    1.0025    1.0111   -0.0086  O2-bolt ≈ O2-bolt-opt（差异在 ±5% 内）
2026-03-31 17:44:37,599 INFO:     87             Prolangs-C++_shapes    0.9991    1.0070   -0.0079  O2-bolt ≈ O2-bolt-opt（差异在 ±5% 内）
2026-03-31 17:44:37,599 INFO:     88              Prolangs-C++_simul    1.0000    1.0258   -0.0258  O2-bolt ≈ O2-bolt-opt（差异在 ±5% 内）
2026-03-31 17:44:37,600 INFO:     89              Prolangs-C++_trees    0.9992    1.0074   -0.0082  O2-bolt ≈ O2-bolt-opt（差异在 ±5% 内）
2026-03-31 17:44:37,600 INFO:     90              Prolangs-C++_vcirc    0.9993    0.9890   +0.0103  O2-bolt ≈ O2-bolt-opt（差异在 ±5% 内）
2026-03-31 17:44:37,600 INFO:     91         Prolangs-C_TimberWolfMC    0.9997    1.0036   -0.0040  O2-bolt ≈ O2-bolt-opt（差异在 ±5% 内）
2026-03-31 17:44:37,600 INFO:     92                Prolangs-C_agrep    0.9994    1.0415   -0.0422  O2-bolt ≈ O2-bolt-opt（差异在 ±5% 内）
2026-03-31 17:44:37,600 INFO:     93             Prolangs-C_allroots    0.9996    1.0082   -0.0086  O2-bolt ≈ O2-bolt-opt（差异在 ±5% 内）
2026-03-31 17:44:37,600 INFO:     94        Prolangs-C_archie-client    0.9996    0.9808   +0.0188  O2-bolt ≈ O2-bolt-opt（差异在 ±5% 内）
2026-03-31 17:44:37,600 INFO:     95            Prolangs-C_assembler    0.9999    1.0257   -0.0258  O2-bolt ≈ O2-bolt-opt（差异在 ±5% 内）
2026-03-31 17:44:37,601 INFO:     96                Prolangs-C_bison    0.9992    1.0009   -0.0017  O2-bolt ≈ O2-bolt-opt（差异在 ±5% 内）
2026-03-31 17:44:37,601 INFO:     97                Prolangs-C_cdecl    0.9997    0.9989   +0.0008  O2-bolt ≈ O2-bolt-opt（差异在 ±5% 内）
2026-03-31 17:44:37,601 INFO:     98             Prolangs-C_compiler    0.9997    0.9895   +0.0102  O2-bolt ≈ O2-bolt-opt（差异在 ±5% 内）
2026-03-31 17:44:37,601 INFO:     99            Prolangs-C_fixoutput    0.9997    0.9902   +0.0095  O2-bolt ≈ O2-bolt-opt（差异在 ±5% 内）
2026-03-31 17:44:37,601 INFO:    100             Prolangs-C_football    0.9996    0.9780   +0.0216  O2-bolt ≈ O2-bolt-opt（差异在 ±5% 内）
2026-03-31 17:44:37,601 INFO:    101                Prolangs-C_gnugo    0.9997    1.0216   -0.0218  O2-bolt ≈ O2-bolt-opt（差异在 ±5% 内）
2026-03-31 17:44:37,601 INFO:    102               Prolangs-C_loader    0.9999    1.0152   -0.0153  O2-bolt ≈ O2-bolt-opt（差异在 ±5% 内）
2026-03-31 17:44:37,602 INFO:    103             Prolangs-C_plot2fig    0.9999    1.0383   -0.0384  O2-bolt ≈ O2-bolt-opt（差异在 ±5% 内）
2026-03-31 17:44:37,602 INFO:    104            Prolangs-C_simulator    1.0000    1.0213   -0.0213  O2-bolt ≈ O2-bolt-opt（差异在 ±5% 内）
2026-03-31 17:44:37,602 INFO:    105           Prolangs-C_unix-smail    0.9995    0.9891   +0.0105  O2-bolt ≈ O2-bolt-opt（差异在 ±5% 内）
2026-03-31 17:44:37,602 INFO:    106             Prolangs-C_unix-tbl    0.9996    0.9875   +0.0121  O2-bolt ≈ O2-bolt-opt（差异在 ±5% 内）
2026-03-31 17:44:37,602 INFO:    107                 Ptrdist_anagram    1.0025    0.9921   +0.0103  O2-bolt ≈ O2-bolt-opt（差异在 ±5% 内）
2026-03-31 17:44:37,603 INFO:    108                      Ptrdist_bc    0.9357    0.9173   +0.0184  O2-bolt-opt 优于 O2-bolt（快 6.4%，加速比 1.07x）
2026-03-31 17:44:37,603 INFO:    109                      Ptrdist_ft    1.0005    0.9880   +0.0125  O2-bolt ≈ O2-bolt-opt（差异在 ±5% 内）
2026-03-31 17:44:37,603 INFO:    110                      Ptrdist_ks    1.0000    1.0183   -0.0184  O2-bolt ≈ O2-bolt-opt（差异在 ±5% 内）
2026-03-31 17:44:37,603 INFO:    111                   Ptrdist_yacr2    1.0000    1.0910   -0.0911  O2-bolt ≈ O2-bolt-opt（差异在 ±5% 内）
2026-03-31 17:44:37,603 INFO:    112                Rodinia_backprop    0.9993    1.0022   -0.0030  O2-bolt ≈ O2-bolt-opt（差异在 ±5% 内）
2026-03-31 17:44:37,603 INFO:    113                 Rodinia_hotspot    0.9995    0.9939   +0.0056  O2-bolt ≈ O2-bolt-opt（差异在 ±5% 内）
2026-03-31 17:44:37,604 INFO:    114              Rodinia_pathfinder    1.0026    1.0337   -0.0311  O2-bolt ≈ O2-bolt-opt（差异在 ±5% 内）
2026-03-31 17:44:37,604 INFO:    115                    Rodinia_srad    1.0051    1.0077   -0.0027  O2-bolt ≈ O2-bolt-opt（差异在 ±5% 内）
2026-03-31 17:44:37,604 INFO:    116                      SciMark2-C    1.0008    0.9971   +0.0038  O2-bolt ≈ O2-bolt-opt（差异在 ±5% 内）
2026-03-31 17:44:37,604 INFO:    117            TSVC_ControlFlow-dbl    1.0004    1.0130   -0.0125  O2-bolt ≈ O2-bolt-opt（差异在 ±5% 内）
2026-03-31 17:44:37,604 INFO:    118            TSVC_ControlFlow-flt    1.0001    1.0244   -0.0243  O2-bolt ≈ O2-bolt-opt（差异在 ±5% 内）
2026-03-31 17:44:37,605 INFO:    119           TSVC_ControlLoops-dbl    1.0005    0.9919   +0.0086  O2-bolt ≈ O2-bolt-opt（差异在 ±5% 内）
2026-03-31 17:44:37,605 INFO:    120           TSVC_ControlLoops-flt    1.0001    0.9965   +0.0036  O2-bolt ≈ O2-bolt-opt（差异在 ±5% 内）
2026-03-31 17:44:37,605 INFO:    121     TSVC_CrossingThresholds-dbl    0.9990    1.0093   -0.0103  O2-bolt ≈ O2-bolt-opt（差异在 ±5% 内）
2026-03-31 17:44:37,605 INFO:    122     TSVC_CrossingThresholds-flt    0.9990    0.9924   +0.0067  O2-bolt ≈ O2-bolt-opt（差异在 ±5% 内）
2026-03-31 17:44:37,605 INFO:    123          TSVC_Equivalencing-dbl    1.0367    1.0353   +0.0014  O2-bolt ≈ O2-bolt-opt（差异在 ±5% 内）
2026-03-31 17:44:37,606 INFO:    124          TSVC_Equivalencing-flt    1.0420    1.0349   +0.0071  O2-bolt ≈ O2-bolt-opt（差异在 ±5% 内）
2026-03-31 17:44:37,606 INFO:    125              TSVC_Expansion-dbl    1.0149    1.0288   -0.0139  O2-bolt ≈ O2-bolt-opt（差异在 ±5% 内）
2026-03-31 17:44:37,606 INFO:    126              TSVC_Expansion-flt    1.0361    1.0089   +0.0272  O2-bolt ≈ O2-bolt-opt（差异在 ±5% 内）
2026-03-31 17:44:37,606 INFO:    127         TSVC_GlobalDataFlow-dbl    1.0243    1.0103   +0.0140  O2-bolt ≈ O2-bolt-opt（差异在 ±5% 内）
2026-03-31 17:44:37,606 INFO:    128         TSVC_GlobalDataFlow-flt    1.0537    1.0037   +0.0500  O2-bolt 优于 O2-bolt-opt（快 5.1%，加速比 1.05x）
2026-03-31 17:44:37,606 INFO:    129     TSVC_IndirectAddressing-dbl    0.9996    0.9940   +0.0056  O2-bolt ≈ O2-bolt-opt（差异在 ±5% 内）
2026-03-31 17:44:37,607 INFO:    130     TSVC_IndirectAddressing-flt    0.9994    1.0019   -0.0025  O2-bolt ≈ O2-bolt-opt（差异在 ±5% 内）
2026-03-31 17:44:37,607 INFO:    131      TSVC_InductionVariable-dbl    1.0037    0.9549   +0.0488  O2-bolt ≈ O2-bolt-opt（差异在 ±5% 内）
2026-03-31 17:44:37,607 INFO:    132      TSVC_InductionVariable-flt    1.0020    0.9965   +0.0056  O2-bolt ≈ O2-bolt-opt（差异在 ±5% 内）
2026-03-31 17:44:37,607 INFO:    133       TSVC_LinearDependence-dbl    1.0017    1.0133   -0.0117  O2-bolt ≈ O2-bolt-opt（差异在 ±5% 内）
2026-03-31 17:44:37,607 INFO:    134       TSVC_LinearDependence-flt    1.0084    0.9571   +0.0513  O2-bolt ≈ O2-bolt-opt（差异在 ±5% 内）
2026-03-31 17:44:37,607 INFO:    135          TSVC_LoopRerolling-dbl    0.9993    0.9987   +0.0005  O2-bolt ≈ O2-bolt-opt（差异在 ±5% 内）
2026-03-31 17:44:37,608 INFO:    136          TSVC_LoopRerolling-flt    0.9997    1.0027   -0.0030  O2-bolt ≈ O2-bolt-opt（差异在 ±5% 内）
2026-03-31 17:44:37,608 INFO:    137      TSVC_LoopRestructuring-dbl    1.0881    1.0433   +0.0448  O2-bolt 优于 O2-bolt-opt（快 8.1%，加速比 1.09x）
2026-03-31 17:44:37,608 INFO:    138      TSVC_LoopRestructuring-flt    1.0700    1.0416   +0.0284  O2-bolt 优于 O2-bolt-opt（快 6.5%，加速比 1.07x）
2026-03-31 17:44:37,608 INFO:    139          TSVC_NodeSplitting-dbl    1.0174    1.0197   -0.0022  O2-bolt ≈ O2-bolt-opt（差异在 ±5% 内）
2026-03-31 17:44:37,608 INFO:    140          TSVC_NodeSplitting-flt    1.0172    0.9769   +0.0403  O2-bolt ≈ O2-bolt-opt（差异在 ±5% 内）
2026-03-31 17:44:37,608 INFO:    141                TSVC_Packing-dbl    0.9989    0.9658   +0.0331  O2-bolt ≈ O2-bolt-opt（差异在 ±5% 内）
2026-03-31 17:44:37,609 INFO:    142                TSVC_Packing-flt    0.9991    1.2963   -0.2972  O2-bolt ≈ O2-bolt-opt（差异在 ±5% 内）
2026-03-31 17:44:37,609 INFO:    143            TSVC_Recurrences-dbl    1.2675    1.0561   +0.2114  O2-bolt 优于 O2-bolt-opt（快 21.1%，加速比 1.27x）
2026-03-31 17:44:37,609 INFO:    144            TSVC_Recurrences-flt    1.2717    1.0598   +0.2119  O2-bolt 优于 O2-bolt-opt（快 21.4%，加速比 1.27x）
2026-03-31 17:44:37,609 INFO:    145             TSVC_Reductions-dbl    1.0024    1.0086   -0.0061  O2-bolt ≈ O2-bolt-opt（差异在 ±5% 内）
2026-03-31 17:44:37,609 INFO:    146             TSVC_Reductions-flt    1.0008    1.0213   -0.0205  O2-bolt ≈ O2-bolt-opt（差异在 ±5% 内）
2026-03-31 17:44:37,609 INFO:    147              TSVC_Searching-dbl    1.0008    0.9914   +0.0094  O2-bolt ≈ O2-bolt-opt（差异在 ±5% 内）
2026-03-31 17:44:37,610 INFO:    148              TSVC_Searching-flt    1.0007    0.9950   +0.0057  O2-bolt ≈ O2-bolt-opt（差异在 ±5% 内）
2026-03-31 17:44:37,610 INFO:    149    TSVC_StatementReordering-dbl    1.0057    1.0162   -0.0106  O2-bolt ≈ O2-bolt-opt（差异在 ±5% 内）
2026-03-31 17:44:37,614 INFO:    150    TSVC_StatementReordering-flt    1.0056    1.0535   -0.0479  O2-bolt ≈ O2-bolt-opt（差异在 ±5% 内）
2026-03-31 17:44:37,614 INFO:    151              TSVC_Symbolics-dbl    1.0008    0.9580   +0.0428  O2-bolt ≈ O2-bolt-opt（差异在 ±5% 内）
2026-03-31 17:44:37,614 INFO:    152              TSVC_Symbolics-flt    1.0011    0.9408   +0.0603  O2-bolt ≈ O2-bolt-opt（差异在 ±5% 内）
2026-03-31 17:44:37,614 INFO:    153               Trimaran_enc-3des    0.9989    1.0017   -0.0029  O2-bolt ≈ O2-bolt-opt（差异在 ±5% 内）
2026-03-31 17:44:37,614 INFO:    154                Trimaran_enc-md5    0.9985    0.9995   -0.0009  O2-bolt ≈ O2-bolt-opt（差异在 ±5% 内）
2026-03-31 17:44:37,615 INFO:    155                Trimaran_enc-pc1    0.9997    0.9986   +0.0011  O2-bolt ≈ O2-bolt-opt（差异在 ±5% 内）
2026-03-31 17:44:37,615 INFO:    156                Trimaran_enc-rc4    0.9984    0.9935   +0.0049  O2-bolt ≈ O2-bolt-opt（差异在 ±5% 内）
2026-03-31 17:44:37,615 INFO:    157           Trimaran_netbench-crc    0.9995    0.9908   +0.0087  O2-bolt ≈ O2-bolt-opt（差异在 ±5% 内）
2026-03-31 17:44:37,615 INFO:    158           Trimaran_netbench-url    0.9998    0.9976   +0.0022  O2-bolt ≈ O2-bolt-opt（差异在 ±5% 内）
2026-03-31 17:44:37,615 INFO:    159                VersaBench_8b10b    1.0031    0.9955   +0.0076  O2-bolt ≈ O2-bolt-opt（差异在 ±5% 内）
2026-03-31 17:44:37,615 INFO:    160           VersaBench_beamformer    1.0010    1.1318   -0.1308  O2-bolt ≈ O2-bolt-opt（差异在 ±5% 内）
2026-03-31 17:44:37,616 INFO:    161                  VersaBench_bmm    0.9989    1.0137   -0.0148  O2-bolt ≈ O2-bolt-opt（差异在 ±5% 内）
2026-03-31 17:44:37,616 INFO:    162                 VersaBench_dbms    1.0010    1.0100   -0.0089  O2-bolt ≈ O2-bolt-opt（差异在 ±5% 内）
2026-03-31 17:44:37,616 INFO:    163               VersaBench_ecbdes    1.0000    1.0070   -0.0070  O2-bolt ≈ O2-bolt-opt（差异在 ±5% 内）
2026-03-31 17:44:37,616 INFO:    164                    llubenchmark    1.0011    0.9812   +0.0198  O2-bolt ≈ O2-bolt-opt（差异在 ±5% 内）
2026-03-31 17:44:37,616 INFO:    165                           mafft    0.9910    0.9227   +0.0683  O2-bolt ≈ O2-bolt-opt（差异在 ±5% 内）
2026-03-31 17:44:37,617 INFO:    166      mediabench_adpcm_rawcaudio    1.0000    0.9922   +0.0078  O2-bolt ≈ O2-bolt-opt（差异在 ±5% 内）
2026-03-31 17:44:37,617 INFO:    167      mediabench_adpcm_rawdaudio    1.0026    0.9957   +0.0069  O2-bolt ≈ O2-bolt-opt（差异在 ±5% 内）
2026-03-31 17:44:37,617 INFO:    168      mediabench_g721_g721encode    1.0095    0.9953   +0.0142  O2-bolt ≈ O2-bolt-opt（差异在 ±5% 内）
2026-03-31 17:44:37,617 INFO:    169            mediabench_gsm_toast    1.0003    1.0288   -0.0286  O2-bolt ≈ O2-bolt-opt（差异在 ±5% 内）
2026-03-31 17:44:37,617 INFO:    170         mediabench_jpeg_jpeg-6a    1.0003    0.9879   +0.0124  O2-bolt ≈ O2-bolt-opt（差异在 ±5% 内）
2026-03-31 17:44:37,617 INFO:    171       mediabench_mpeg2_mpeg2dec    0.9856    0.9745   +0.0111  O2-bolt ≈ O2-bolt-opt（差异在 ±5% 内）
2026-03-31 17:44:37,618 INFO:    172                          nbench    1.0005    1.0343   -0.0338  O2-bolt ≈ O2-bolt-opt（差异在 ±5% 内）
2026-03-31 17:44:37,618 INFO:    173                             sim    0.9993    0.9636   +0.0358  O2-bolt ≈ O2-bolt-opt（差异在 ±5% 内）
2026-03-31 17:44:37,618 INFO:    174                      tramp3d-v4    0.9964    0.9921   +0.0043  O2-bolt ≈ O2-bolt-opt（差异在 ±5% 内）
2026-03-31 17:44:37,618 INFO: 
  ── 验证指标 ──
2026-03-31 17:44:37,618 INFO:   MAE  = 0.0236
2026-03-31 17:44:37,619 INFO:   MSE  = 0.0027
2026-03-31 17:44:37,619 INFO:   RMSE = 0.0517
2026-03-31 17:44:37,619 INFO:   方向准确率 = 100/174 (57.5%)
2026-03-31 17:44:37,619 INFO:   预测 O2-bolt 更优: 86/174  (真实: 92/174)
2026-03-31 17:44:37,619 INFO:   方向准确率（排除 ±5%）= 12/17 (70.6%)
2026-03-31 17:44:37,745 INFO: 已应用 exp() 变换（log-target 模式）
2026-03-31 17:44:37,749 INFO: ========================================================================
2026-03-31 17:44:37,750 INFO: 版本对: O3-bolt_vs_O3-bolt-opt  (O3-bolt vs O3-bolt-opt)  共 174 个程序
2026-03-31 17:44:37,750 INFO: 标签模式: inst_retired_ratio
2026-03-31 17:44:37,750 INFO: 标签定义: Y = Σinst_v1 / Σinst_v2 (retired instruction ratio)
2026-03-31 17:44:37,750 INFO: 判定方向: Y > 1 视为 O3-bolt 更快，Y < 1 视为 O3-bolt-opt 更快
2026-03-31 17:44:37,750 INFO: ========================================================================
2026-03-31 17:44:37,750 INFO:      #                              程序      预测 Ŷ      真实 Y        误差  判断
2026-03-31 17:44:37,750 INFO:   ------------------------------------------------------------------------
2026-03-31 17:44:37,751 INFO:      1                            7zip    1.0096    1.0158   -0.0062  O3-bolt ≈ O3-bolt-opt（差异在 ±5% 内）
2026-03-31 17:44:37,751 INFO:      2             ASCI_Purple_SMG2000    1.0018    1.0115   -0.0097  O3-bolt ≈ O3-bolt-opt（差异在 ±5% 内）
2026-03-31 17:44:37,751 INFO:      3               ASC_Sequoia_AMGmk    1.0010    1.0063   -0.0053  O3-bolt ≈ O3-bolt-opt（差异在 ±5% 内）
2026-03-31 17:44:37,751 INFO:      4           ASC_Sequoia_CrystalMk    1.0034    0.9998   +0.0036  O3-bolt ≈ O3-bolt-opt（差异在 ±5% 内）
2026-03-31 17:44:37,752 INFO:      5               ASC_Sequoia_IRSmk    1.0005    1.0054   -0.0048  O3-bolt ≈ O3-bolt-opt（差异在 ±5% 内）
2026-03-31 17:44:37,752 INFO:      6                  BitBench_drop3    1.0002    0.9271   +0.0731  O3-bolt ≈ O3-bolt-opt（差异在 ±5% 内）
2026-03-31 17:44:37,753 INFO:      7                 BitBench_five11    0.9992    0.9802   +0.0190  O3-bolt ≈ O3-bolt-opt（差异在 ±5% 内）
2026-03-31 17:44:37,753 INFO:      8               BitBench_uudecode    0.9996    1.7162   -0.7166  O3-bolt ≈ O3-bolt-opt（差异在 ±5% 内）
2026-03-31 17:44:37,753 INFO:      9               BitBench_uuencode    1.0011    1.0127   -0.0115  O3-bolt ≈ O3-bolt-opt（差异在 ±5% 内）
2026-03-31 17:44:37,753 INFO:     10                          Bullet    0.9986    1.0060   -0.0074  O3-bolt ≈ O3-bolt-opt（差异在 ±5% 内）
2026-03-31 17:44:37,754 INFO:     11         DOE-ProxyApps-C++_CLAMR    1.0253    1.0136   +0.0117  O3-bolt ≈ O3-bolt-opt（差异在 ±5% 内）
2026-03-31 17:44:37,754 INFO:     12   DOE-ProxyApps-C++_HACCKernels    1.0006    1.0079   -0.0073  O3-bolt ≈ O3-bolt-opt（差异在 ±5% 内）
2026-03-31 17:44:37,754 INFO:     13         DOE-ProxyApps-C++_HPCCG    1.0004    1.0108   -0.0104  O3-bolt ≈ O3-bolt-opt（差异在 ±5% 内）
2026-03-31 17:44:37,754 INFO:     14       DOE-ProxyApps-C++_PENNANT    1.0014    1.0110   -0.0096  O3-bolt ≈ O3-bolt-opt（差异在 ±5% 内）
2026-03-31 17:44:37,754 INFO:     15        DOE-ProxyApps-C++_miniFE    0.9994    1.0254   -0.0260  O3-bolt ≈ O3-bolt-opt（差异在 ±5% 内）
2026-03-31 17:44:37,754 INFO:     16            DOE-ProxyApps-C_CoMD    0.9971    0.9370   +0.0600  O3-bolt ≈ O3-bolt-opt（差异在 ±5% 内）
2026-03-31 17:44:37,755 INFO:     17      DOE-ProxyApps-C_Pathfinder    1.0311    1.0437   -0.0126  O3-bolt ≈ O3-bolt-opt（差异在 ±5% 内）
2026-03-31 17:44:37,755 INFO:     18         DOE-ProxyApps-C_RSBench    0.9394    1.0103   -0.0710  O3-bolt-opt 优于 O3-bolt（快 6.1%，加速比 1.06x）
2026-03-31 17:44:37,755 INFO:     19       DOE-ProxyApps-C_SimpleMOC    1.0003    1.0159   -0.0156  O3-bolt ≈ O3-bolt-opt（差异在 ±5% 内）
2026-03-31 17:44:37,755 INFO:     20         DOE-ProxyApps-C_XSBench    0.9366    0.9845   -0.0480  O3-bolt-opt 优于 O3-bolt（快 6.3%，加速比 1.07x）
2026-03-31 17:44:37,756 INFO:     21         DOE-ProxyApps-C_miniAMR    0.9917    1.0054   -0.0138  O3-bolt ≈ O3-bolt-opt（差异在 ±5% 内）
2026-03-31 17:44:37,756 INFO:     22         DOE-ProxyApps-C_miniGMG    0.9675    1.0027   -0.0353  O3-bolt ≈ O3-bolt-opt（差异在 ±5% 内）
2026-03-31 17:44:37,756 INFO:     23                     Fhourstones    1.0030    1.0217   -0.0186  O3-bolt ≈ O3-bolt-opt（差异在 ±5% 内）
2026-03-31 17:44:37,756 INFO:     24                 Fhourstones-3.1    1.0415    1.0852   -0.0437  O3-bolt ≈ O3-bolt-opt（差异在 ±5% 内）
2026-03-31 17:44:37,756 INFO:     25              FreeBench_analyzer    0.9998    0.9952   +0.0046  O3-bolt ≈ O3-bolt-opt（差异在 ±5% 内）
2026-03-31 17:44:37,756 INFO:     26               FreeBench_distray    1.0011    1.0048   -0.0037  O3-bolt ≈ O3-bolt-opt（差异在 ±5% 内）
2026-03-31 17:44:37,757 INFO:     27            FreeBench_fourinarow    0.9994    1.0071   -0.0077  O3-bolt ≈ O3-bolt-opt（差异在 ±5% 内）
2026-03-31 17:44:37,757 INFO:     28                 FreeBench_mason    1.0006    0.9817   +0.0188  O3-bolt ≈ O3-bolt-opt（差异在 ±5% 内）
2026-03-31 17:44:37,757 INFO:     29                FreeBench_neural    1.0000    1.0148   -0.0149  O3-bolt ≈ O3-bolt-opt（差异在 ±5% 内）
2026-03-31 17:44:37,757 INFO:     30            FreeBench_pcompress2    1.0045    1.0279   -0.0234  O3-bolt ≈ O3-bolt-opt（差异在 ±5% 内）
2026-03-31 17:44:37,757 INFO:     31                 FreeBench_pifft    1.0004    1.0133   -0.0130  O3-bolt ≈ O3-bolt-opt（差异在 ±5% 内）
2026-03-31 17:44:37,758 INFO:     32               MallocBench_cfrac    0.9992    1.0084   -0.0092  O3-bolt ≈ O3-bolt-opt（差异在 ±5% 内）
2026-03-31 17:44:37,758 INFO:     33            MallocBench_espresso    1.0026    1.0373   -0.0347  O3-bolt ≈ O3-bolt-opt（差异在 ±5% 内）
2026-03-31 17:44:37,758 INFO:     34                  MallocBench_gs    0.9997    0.9717   +0.0280  O3-bolt ≈ O3-bolt-opt（差异在 ±5% 内）
2026-03-31 17:44:37,758 INFO:     35                 McCat_01-qbsort    0.9997    0.9816   +0.0182  O3-bolt ≈ O3-bolt-opt（差异在 ±5% 内）
2026-03-31 17:44:37,758 INFO:     36               McCat_03-testtrie    0.9983    0.9551   +0.0431  O3-bolt ≈ O3-bolt-opt（差异在 ±5% 内）
2026-03-31 17:44:37,758 INFO:     37                 McCat_04-bisect    0.9995    1.1022   -0.1027  O3-bolt ≈ O3-bolt-opt（差异在 ±5% 内）
2026-03-31 17:44:37,758 INFO:     38                    McCat_05-eks    1.0000    1.0057   -0.0057  O3-bolt ≈ O3-bolt-opt（差异在 ±5% 内）
2026-03-31 17:44:37,758 INFO:     39                   McCat_08-main    1.0000    0.9987   +0.0013  O3-bolt ≈ O3-bolt-opt（差异在 ±5% 内）
2026-03-31 17:44:37,759 INFO:     40                    McCat_09-vor    1.0009    1.0124   -0.0115  O3-bolt ≈ O3-bolt-opt（差异在 ±5% 内）
2026-03-31 17:44:37,759 INFO:     41                 McCat_12-IOtest    0.9991    0.9938   +0.0053  O3-bolt ≈ O3-bolt-opt（差异在 ±5% 内）
2026-03-31 17:44:37,759 INFO:     42                   McCat_15-trie    1.0002    1.0062   -0.0060  O3-bolt ≈ O3-bolt-opt（差异在 ±5% 内）
2026-03-31 17:44:37,759 INFO:     43                  McCat_17-bintr    1.0001    1.0260   -0.0259  O3-bolt ≈ O3-bolt-opt（差异在 ±5% 内）
2026-03-31 17:44:37,759 INFO:     44                    McCat_18-imp    0.9995    1.1087   -0.1092  O3-bolt ≈ O3-bolt-opt（差异在 ±5% 内）
2026-03-31 17:44:37,759 INFO:     45    MiBench_automotive-basicmath    0.9996    1.0004   -0.0008  O3-bolt ≈ O3-bolt-opt（差异在 ±5% 内）
2026-03-31 17:44:37,759 INFO:     46     MiBench_automotive-bitcount    0.9997    0.9695   +0.0303  O3-bolt ≈ O3-bolt-opt（差异在 ±5% 内）
2026-03-31 17:44:37,760 INFO:     47        MiBench_automotive-susan    1.0016    0.9953   +0.0063  O3-bolt ≈ O3-bolt-opt（差异在 ±5% 内）
2026-03-31 17:44:37,760 INFO:     48           MiBench_consumer-jpeg    1.0014    0.9914   +0.0100  O3-bolt ≈ O3-bolt-opt（差异在 ±5% 内）
2026-03-31 17:44:37,760 INFO:     49           MiBench_consumer-lame    1.0012    0.9948   +0.0064  O3-bolt ≈ O3-bolt-opt（差异在 ±5% 内）
2026-03-31 17:44:37,760 INFO:     50        MiBench_consumer-typeset    0.9997    0.9782   +0.0215  O3-bolt ≈ O3-bolt-opt（差异在 ±5% 内）
2026-03-31 17:44:37,760 INFO:     51        MiBench_network-dijkstra    0.9999    0.8859   +0.1140  O3-bolt ≈ O3-bolt-opt（差异在 ±5% 内）
2026-03-31 17:44:37,760 INFO:     52        MiBench_network-patricia    0.9997    0.9954   +0.0042  O3-bolt ≈ O3-bolt-opt（差异在 ±5% 内）
2026-03-31 17:44:37,761 INFO:     53           MiBench_office-ispell    0.9998    0.9937   +0.0061  O3-bolt ≈ O3-bolt-opt（差异在 ±5% 内）
2026-03-31 17:44:37,761 INFO:     54     MiBench_office-stringsearch    0.9989    1.0078   -0.0089  O3-bolt ≈ O3-bolt-opt（差异在 ±5% 内）
2026-03-31 17:44:37,761 INFO:     55       MiBench_security-blowfish    0.9999    1.0364   -0.0365  O3-bolt ≈ O3-bolt-opt（差异在 ±5% 内）
2026-03-31 17:44:37,761 INFO:     56       MiBench_security-rijndael    1.0011    1.0564   -0.0554  O3-bolt ≈ O3-bolt-opt（差异在 ±5% 内）
2026-03-31 17:44:37,761 INFO:     57            MiBench_security-sha    1.0004    1.0075   -0.0071  O3-bolt ≈ O3-bolt-opt（差异在 ±5% 内）
2026-03-31 17:44:37,762 INFO:     58          MiBench_telecomm-CRC32    0.9986    1.0571   -0.0585  O3-bolt ≈ O3-bolt-opt（差异在 ±5% 内）
2026-03-31 17:44:37,762 INFO:     59            MiBench_telecomm-FFT    1.0006    1.0013   -0.0006  O3-bolt ≈ O3-bolt-opt（差异在 ±5% 内）
2026-03-31 17:44:37,762 INFO:     60          MiBench_telecomm-adpcm    0.9998    0.9977   +0.0021  O3-bolt ≈ O3-bolt-opt（差异在 ±5% 内）
2026-03-31 17:44:37,762 INFO:     61            MiBench_telecomm-gsm    1.0002    0.9943   +0.0058  O3-bolt ≈ O3-bolt-opt（差异在 ±5% 内）
2026-03-31 17:44:37,762 INFO:     62                   NPB-serial_is    0.9999    0.9976   +0.0023  O3-bolt ≈ O3-bolt-opt（差异在 ±5% 内）
2026-03-31 17:44:37,762 INFO:     63                        Olden_bh    1.0011    1.0072   -0.0061  O3-bolt ≈ O3-bolt-opt（差异在 ±5% 内）
2026-03-31 17:44:37,763 INFO:     64                    Olden_bisort    1.0041    1.0063   -0.0022  O3-bolt ≈ O3-bolt-opt（差异在 ±5% 内）
2026-03-31 17:44:37,763 INFO:     65                      Olden_em3d    1.0003    1.3917   -0.3914  O3-bolt ≈ O3-bolt-opt（差异在 ±5% 内）
2026-03-31 17:44:37,763 INFO:     66                    Olden_health    1.0001    1.0121   -0.0120  O3-bolt ≈ O3-bolt-opt（差异在 ±5% 内）
2026-03-31 17:44:37,763 INFO:     67                       Olden_mst    0.9955    1.0156   -0.0201  O3-bolt ≈ O3-bolt-opt（差异在 ±5% 内）
2026-03-31 17:44:37,763 INFO:     68                 Olden_perimeter    0.9987    0.9964   +0.0022  O3-bolt ≈ O3-bolt-opt（差异在 ±5% 内）
2026-03-31 17:44:37,763 INFO:     69                     Olden_power    1.0006    1.0005   +0.0000  O3-bolt ≈ O3-bolt-opt（差异在 ±5% 内）
2026-03-31 17:44:37,764 INFO:     70                   Olden_treeadd    0.9987    1.0069   -0.0083  O3-bolt ≈ O3-bolt-opt（差异在 ±5% 内）
2026-03-31 17:44:37,764 INFO:     71                       Olden_tsp    1.0015    1.0085   -0.0070  O3-bolt ≈ O3-bolt-opt（差异在 ±5% 内）
2026-03-31 17:44:37,764 INFO:     72                   Olden_voronoi    1.0009    1.0063   -0.0054  O3-bolt ≈ O3-bolt-opt（差异在 ±5% 内）
2026-03-31 17:44:37,764 INFO:     73                           PAQ8p    1.0013    1.0174   -0.0161  O3-bolt ≈ O3-bolt-opt（差异在 ±5% 内）
2026-03-31 17:44:37,764 INFO:     74                 Prolangs-C++_NP    0.9993    1.0148   -0.0155  O3-bolt ≈ O3-bolt-opt（差异在 ±5% 内）
2026-03-31 17:44:37,764 INFO:     75               Prolangs-C++_city    0.9992    1.0484   -0.0491  O3-bolt ≈ O3-bolt-opt（差异在 ±5% 内）
2026-03-31 17:44:37,765 INFO:     76             Prolangs-C++_deriv1    0.9993    0.9895   +0.0097  O3-bolt ≈ O3-bolt-opt（差异在 ±5% 内）
2026-03-31 17:44:37,765 INFO:     77             Prolangs-C++_deriv2    0.9992    0.9930   +0.0063  O3-bolt ≈ O3-bolt-opt（差异在 ±5% 内）
2026-03-31 17:44:37,765 INFO:     78             Prolangs-C++_employ    0.9993    1.0114   -0.0121  O3-bolt ≈ O3-bolt-opt（差异在 ±5% 内）
2026-03-31 17:44:37,765 INFO:     79             Prolangs-C++_family    0.9993    0.9994   -0.0002  O3-bolt ≈ O3-bolt-opt（差异在 ±5% 内）
2026-03-31 17:44:37,765 INFO:     80                Prolangs-C++_fsm    0.9992    1.0020   -0.0028  O3-bolt ≈ O3-bolt-opt（差异在 ±5% 内）
2026-03-31 17:44:37,765 INFO:     81             Prolangs-C++_garage    0.9993    0.9954   +0.0039  O3-bolt ≈ O3-bolt-opt（差异在 ±5% 内）
2026-03-31 17:44:37,766 INFO:     82               Prolangs-C++_life    1.0001    1.0246   -0.0245  O3-bolt ≈ O3-bolt-opt（差异在 ±5% 内）
2026-03-31 17:44:37,766 INFO:     83            Prolangs-C++_objects    0.9993    1.0007   -0.0014  O3-bolt ≈ O3-bolt-opt（差异在 ±5% 内）
2026-03-31 17:44:37,766 INFO:     84              Prolangs-C++_ocean    0.9989    0.9965   +0.0023  O3-bolt ≈ O3-bolt-opt（差异在 ±5% 内）
2026-03-31 17:44:37,766 INFO:     85             Prolangs-C++_office    0.9992    0.9900   +0.0093  O3-bolt ≈ O3-bolt-opt（差异在 ±5% 内）
2026-03-31 17:44:37,766 INFO:     86             Prolangs-C++_primes    1.0013    1.0037   -0.0024  O3-bolt ≈ O3-bolt-opt（差异在 ±5% 内）
2026-03-31 17:44:37,767 INFO:     87             Prolangs-C++_shapes    0.9992    0.9939   +0.0054  O3-bolt ≈ O3-bolt-opt（差异在 ±5% 内）
2026-03-31 17:44:37,767 INFO:     88              Prolangs-C++_simul    0.9998    0.9907   +0.0091  O3-bolt ≈ O3-bolt-opt（差异在 ±5% 内）
2026-03-31 17:44:37,767 INFO:     89              Prolangs-C++_trees    0.9993    1.0220   -0.0228  O3-bolt ≈ O3-bolt-opt（差异在 ±5% 内）
2026-03-31 17:44:37,767 INFO:     90              Prolangs-C++_vcirc    0.9993    1.0036   -0.0043  O3-bolt ≈ O3-bolt-opt（差异在 ±5% 内）
2026-03-31 17:44:37,767 INFO:     91         Prolangs-C_TimberWolfMC    1.0003    1.0427   -0.0424  O3-bolt ≈ O3-bolt-opt（差异在 ±5% 内）
2026-03-31 17:44:37,767 INFO:     92                Prolangs-C_agrep    1.0000    1.0412   -0.0412  O3-bolt ≈ O3-bolt-opt（差异在 ±5% 内）
2026-03-31 17:44:37,768 INFO:     93             Prolangs-C_allroots    1.0002    1.0382   -0.0381  O3-bolt ≈ O3-bolt-opt（差异在 ±5% 内）
2026-03-31 17:44:37,768 INFO:     94        Prolangs-C_archie-client    0.9997    0.9915   +0.0082  O3-bolt ≈ O3-bolt-opt（差异在 ±5% 内）
2026-03-31 17:44:37,768 INFO:     95            Prolangs-C_assembler    1.0004    1.0422   -0.0418  O3-bolt ≈ O3-bolt-opt（差异在 ±5% 内）
2026-03-31 17:44:37,768 INFO:     96                Prolangs-C_bison    0.9992    0.9982   +0.0010  O3-bolt ≈ O3-bolt-opt（差异在 ±5% 内）
2026-03-31 17:44:37,769 INFO:     97                Prolangs-C_cdecl    0.9997    0.9945   +0.0052  O3-bolt ≈ O3-bolt-opt（差异在 ±5% 内）
2026-03-31 17:44:37,769 INFO:     98             Prolangs-C_compiler    0.9999    1.0009   -0.0010  O3-bolt ≈ O3-bolt-opt（差异在 ±5% 内）
2026-03-31 17:44:37,769 INFO:     99            Prolangs-C_fixoutput    0.9997    0.9894   +0.0103  O3-bolt ≈ O3-bolt-opt（差异在 ±5% 内）
2026-03-31 17:44:37,769 INFO:    100             Prolangs-C_football    0.9998    1.0131   -0.0133  O3-bolt ≈ O3-bolt-opt（差异在 ±5% 内）
2026-03-31 17:44:37,769 INFO:    101                Prolangs-C_gnugo    0.9979    1.0290   -0.0311  O3-bolt ≈ O3-bolt-opt（差异在 ±5% 内）
2026-03-31 17:44:37,769 INFO:    102               Prolangs-C_loader    0.9997    1.0034   -0.0036  O3-bolt ≈ O3-bolt-opt（差异在 ±5% 内）
2026-03-31 17:44:37,770 INFO:    103             Prolangs-C_plot2fig    0.9999    1.0161   -0.0162  O3-bolt ≈ O3-bolt-opt（差异在 ±5% 内）
2026-03-31 17:44:37,770 INFO:    104            Prolangs-C_simulator    0.9999    1.0391   -0.0392  O3-bolt ≈ O3-bolt-opt（差异在 ±5% 内）
2026-03-31 17:44:37,770 INFO:    105           Prolangs-C_unix-smail    0.9996    0.9953   +0.0043  O3-bolt ≈ O3-bolt-opt（差异在 ±5% 内）
2026-03-31 17:44:37,770 INFO:    106             Prolangs-C_unix-tbl    0.9999    1.0130   -0.0131  O3-bolt ≈ O3-bolt-opt（差异在 ±5% 内）
2026-03-31 17:44:37,771 INFO:    107                 Ptrdist_anagram    1.0038    1.0022   +0.0016  O3-bolt ≈ O3-bolt-opt（差异在 ±5% 内）
2026-03-31 17:44:37,771 INFO:    108                      Ptrdist_bc    0.9451    0.9324   +0.0127  O3-bolt-opt 优于 O3-bolt（快 5.5%，加速比 1.06x）
2026-03-31 17:44:37,771 INFO:    109                      Ptrdist_ft    1.0001    1.0129   -0.0127  O3-bolt ≈ O3-bolt-opt（差异在 ±5% 内）
2026-03-31 17:44:37,771 INFO:    110                      Ptrdist_ks    1.0001    0.8886   +0.1114  O3-bolt ≈ O3-bolt-opt（差异在 ±5% 内）
2026-03-31 17:44:37,771 INFO:    111                   Ptrdist_yacr2    1.0004    1.0827   -0.0824  O3-bolt ≈ O3-bolt-opt（差异在 ±5% 内）
2026-03-31 17:44:37,771 INFO:    112                Rodinia_backprop    0.9984    1.0022   -0.0038  O3-bolt ≈ O3-bolt-opt（差异在 ±5% 内）
2026-03-31 17:44:37,771 INFO:    113                 Rodinia_hotspot    1.0007    1.0010   -0.0003  O3-bolt ≈ O3-bolt-opt（差异在 ±5% 内）
2026-03-31 17:44:37,772 INFO:    114              Rodinia_pathfinder    1.0025    0.9929   +0.0096  O3-bolt ≈ O3-bolt-opt（差异在 ±5% 内）
2026-03-31 17:44:37,772 INFO:    115                    Rodinia_srad    1.0296    1.0223   +0.0073  O3-bolt ≈ O3-bolt-opt（差异在 ±5% 内）
2026-03-31 17:44:37,772 INFO:    116                      SciMark2-C    0.9990    1.0162   -0.0172  O3-bolt ≈ O3-bolt-opt（差异在 ±5% 内）
2026-03-31 17:44:37,772 INFO:    117            TSVC_ControlFlow-dbl    1.0002    1.0357   -0.0355  O3-bolt ≈ O3-bolt-opt（差异在 ±5% 内）
2026-03-31 17:44:37,772 INFO:    118            TSVC_ControlFlow-flt    0.9997    1.0493   -0.0496  O3-bolt ≈ O3-bolt-opt（差异在 ±5% 内）
2026-03-31 17:44:37,772 INFO:    119           TSVC_ControlLoops-dbl    0.9988    0.9995   -0.0007  O3-bolt ≈ O3-bolt-opt（差异在 ±5% 内）
2026-03-31 17:44:37,773 INFO:    120           TSVC_ControlLoops-flt    0.9995    1.0061   -0.0066  O3-bolt ≈ O3-bolt-opt（差异在 ±5% 内）
2026-03-31 17:44:37,773 INFO:    121     TSVC_CrossingThresholds-dbl    0.9998    0.9985   +0.0013  O3-bolt ≈ O3-bolt-opt（差异在 ±5% 内）
2026-03-31 17:44:37,773 INFO:    122     TSVC_CrossingThresholds-flt    0.9996    1.0394   -0.0397  O3-bolt ≈ O3-bolt-opt（差异在 ±5% 内）
2026-03-31 17:44:37,773 INFO:    123          TSVC_Equivalencing-dbl    1.0464    1.0380   +0.0084  O3-bolt ≈ O3-bolt-opt（差异在 ±5% 内）
2026-03-31 17:44:37,773 INFO:    124          TSVC_Equivalencing-flt    1.0406    1.0328   +0.0078  O3-bolt ≈ O3-bolt-opt（差异在 ±5% 内）
2026-03-31 17:44:37,774 INFO:    125              TSVC_Expansion-dbl    1.0165    1.0179   -0.0014  O3-bolt ≈ O3-bolt-opt（差异在 ±5% 内）
2026-03-31 17:44:37,774 INFO:    126              TSVC_Expansion-flt    1.0331    1.0609   -0.0278  O3-bolt ≈ O3-bolt-opt（差异在 ±5% 内）
2026-03-31 17:44:37,774 INFO:    127         TSVC_GlobalDataFlow-dbl    1.0179    1.0232   -0.0053  O3-bolt ≈ O3-bolt-opt（差异在 ±5% 内）
2026-03-31 17:44:37,774 INFO:    128         TSVC_GlobalDataFlow-flt    1.0531    1.0137   +0.0394  O3-bolt 优于 O3-bolt-opt（快 5.0%，加速比 1.05x）
2026-03-31 17:44:37,774 INFO:    129     TSVC_IndirectAddressing-dbl    0.9997    0.9923   +0.0074  O3-bolt ≈ O3-bolt-opt（差异在 ±5% 内）
2026-03-31 17:44:37,774 INFO:    130     TSVC_IndirectAddressing-flt    0.9998    0.9730   +0.0268  O3-bolt ≈ O3-bolt-opt（差异在 ±5% 内）
2026-03-31 17:44:37,775 INFO:    131      TSVC_InductionVariable-dbl    1.0027    1.0532   -0.0505  O3-bolt ≈ O3-bolt-opt（差异在 ±5% 内）
2026-03-31 17:44:37,775 INFO:    132      TSVC_InductionVariable-flt    1.0024    1.0012   +0.0011  O3-bolt ≈ O3-bolt-opt（差异在 ±5% 内）
2026-03-31 17:44:37,775 INFO:    133       TSVC_LinearDependence-dbl    1.0029    1.0151   -0.0123  O3-bolt ≈ O3-bolt-opt（差异在 ±5% 内）
2026-03-31 17:44:37,775 INFO:    134       TSVC_LinearDependence-flt    1.0086    0.9595   +0.0491  O3-bolt ≈ O3-bolt-opt（差异在 ±5% 内）
2026-03-31 17:44:37,775 INFO:    135          TSVC_LoopRerolling-dbl    0.9994    1.0031   -0.0037  O3-bolt ≈ O3-bolt-opt（差异在 ±5% 内）
2026-03-31 17:44:37,775 INFO:    136          TSVC_LoopRerolling-flt    0.9997    0.9985   +0.0012  O3-bolt ≈ O3-bolt-opt（差异在 ±5% 内）
2026-03-31 17:44:37,776 INFO:    137      TSVC_LoopRestructuring-dbl    1.1044    1.0300   +0.0744  O3-bolt 优于 O3-bolt-opt（快 9.4%，加速比 1.10x）
2026-03-31 17:44:37,776 INFO:    138      TSVC_LoopRestructuring-flt    1.0764    1.0305   +0.0459  O3-bolt 优于 O3-bolt-opt（快 7.1%，加速比 1.08x）
2026-03-31 17:44:37,776 INFO:    139          TSVC_NodeSplitting-dbl    1.0158    1.0178   -0.0020  O3-bolt ≈ O3-bolt-opt（差异在 ±5% 内）
2026-03-31 17:44:37,776 INFO:    140          TSVC_NodeSplitting-flt    1.0112    1.0996   -0.0884  O3-bolt ≈ O3-bolt-opt（差异在 ±5% 内）
2026-03-31 17:44:37,776 INFO:    141                TSVC_Packing-dbl    0.9995    1.1725   -0.1730  O3-bolt ≈ O3-bolt-opt（差异在 ±5% 内）
2026-03-31 17:44:37,776 INFO:    142                TSVC_Packing-flt    0.9996    1.2275   -0.2279  O3-bolt ≈ O3-bolt-opt（差异在 ±5% 内）
2026-03-31 17:44:37,777 INFO:    143            TSVC_Recurrences-dbl    1.2612    1.0605   +0.2007  O3-bolt 优于 O3-bolt-opt（快 20.7%，加速比 1.26x）
2026-03-31 17:44:37,777 INFO:    144            TSVC_Recurrences-flt    1.2708    1.0591   +0.2117  O3-bolt 优于 O3-bolt-opt（快 21.3%，加速比 1.27x）
2026-03-31 17:44:37,777 INFO:    145             TSVC_Reductions-dbl    1.0049    1.0058   -0.0010  O3-bolt ≈ O3-bolt-opt（差异在 ±5% 内）
2026-03-31 17:44:37,777 INFO:    146             TSVC_Reductions-flt    1.0020    1.0095   -0.0075  O3-bolt ≈ O3-bolt-opt（差异在 ±5% 内）
2026-03-31 17:44:37,777 INFO:    147              TSVC_Searching-dbl    1.0005    0.9907   +0.0098  O3-bolt ≈ O3-bolt-opt（差异在 ±5% 内）
2026-03-31 17:44:37,777 INFO:    148              TSVC_Searching-flt    1.0008    0.9965   +0.0042  O3-bolt ≈ O3-bolt-opt（差异在 ±5% 内）
2026-03-31 17:44:37,778 INFO:    149    TSVC_StatementReordering-dbl    1.0056    1.0196   -0.0140  O3-bolt ≈ O3-bolt-opt（差异在 ±5% 内）
2026-03-31 17:44:37,778 INFO:    150    TSVC_StatementReordering-flt    1.0067    1.0289   -0.0222  O3-bolt ≈ O3-bolt-opt（差异在 ±5% 内）
2026-03-31 17:44:37,778 INFO:    151              TSVC_Symbolics-dbl    1.0011    0.9513   +0.0498  O3-bolt ≈ O3-bolt-opt（差异在 ±5% 内）
2026-03-31 17:44:37,778 INFO:    152              TSVC_Symbolics-flt    1.0007    0.8980   +0.1027  O3-bolt ≈ O3-bolt-opt（差异在 ±5% 内）
2026-03-31 17:44:37,778 INFO:    153               Trimaran_enc-3des    0.9989    1.0035   -0.0046  O3-bolt ≈ O3-bolt-opt（差异在 ±5% 内）
2026-03-31 17:44:37,778 INFO:    154                Trimaran_enc-md5    0.9995    1.0062   -0.0067  O3-bolt ≈ O3-bolt-opt（差异在 ±5% 内）
2026-03-31 17:44:37,779 INFO:    155                Trimaran_enc-pc1    0.9991    1.0024   -0.0033  O3-bolt ≈ O3-bolt-opt（差异在 ±5% 内）
2026-03-31 17:44:37,779 INFO:    156                Trimaran_enc-rc4    0.9984    0.9956   +0.0028  O3-bolt ≈ O3-bolt-opt（差异在 ±5% 内）
2026-03-31 17:44:37,779 INFO:    157           Trimaran_netbench-crc    0.9999    1.0002   -0.0003  O3-bolt ≈ O3-bolt-opt（差异在 ±5% 内）
2026-03-31 17:44:37,779 INFO:    158           Trimaran_netbench-url    1.0000    1.0005   -0.0006  O3-bolt ≈ O3-bolt-opt（差异在 ±5% 内）
2026-03-31 17:44:37,779 INFO:    159                VersaBench_8b10b    0.9857    0.8873   +0.0985  O3-bolt ≈ O3-bolt-opt（差异在 ±5% 内）
2026-03-31 17:44:37,779 INFO:    160           VersaBench_beamformer    1.0012    1.0011   +0.0001  O3-bolt ≈ O3-bolt-opt（差异在 ±5% 内）
2026-03-31 17:44:37,780 INFO:    161                  VersaBench_bmm    0.9992    0.9943   +0.0048  O3-bolt ≈ O3-bolt-opt（差异在 ±5% 内）
2026-03-31 17:44:37,780 INFO:    162                 VersaBench_dbms    1.0012    1.0281   -0.0269  O3-bolt ≈ O3-bolt-opt（差异在 ±5% 内）
2026-03-31 17:44:37,780 INFO:    163               VersaBench_ecbdes    0.9994    1.0135   -0.0141  O3-bolt ≈ O3-bolt-opt（差异在 ±5% 内）
2026-03-31 17:44:37,780 INFO:    164                    llubenchmark    1.0029    1.0041   -0.0012  O3-bolt ≈ O3-bolt-opt（差异在 ±5% 内）
2026-03-31 17:44:37,780 INFO:    165                           mafft    1.0069    1.0142   -0.0073  O3-bolt ≈ O3-bolt-opt（差异在 ±5% 内）
2026-03-31 17:44:37,780 INFO:    166      mediabench_adpcm_rawcaudio    1.0004    0.9965   +0.0040  O3-bolt ≈ O3-bolt-opt（差异在 ±5% 内）
2026-03-31 17:44:37,780 INFO:    167      mediabench_adpcm_rawdaudio    1.0031    1.0134   -0.0103  O3-bolt ≈ O3-bolt-opt（差异在 ±5% 内）
2026-03-31 17:44:37,781 INFO:    168      mediabench_g721_g721encode    1.0033    1.0083   -0.0050  O3-bolt ≈ O3-bolt-opt（差异在 ±5% 内）
2026-03-31 17:44:37,781 INFO:    169            mediabench_gsm_toast    1.0000    0.9983   +0.0017  O3-bolt ≈ O3-bolt-opt（差异在 ±5% 内）
2026-03-31 17:44:37,781 INFO:    170         mediabench_jpeg_jpeg-6a    1.0012    1.0156   -0.0144  O3-bolt ≈ O3-bolt-opt（差异在 ±5% 内）
2026-03-31 17:44:37,781 INFO:    171       mediabench_mpeg2_mpeg2dec    0.9873    0.9687   +0.0186  O3-bolt ≈ O3-bolt-opt（差异在 ±5% 内）
2026-03-31 17:44:37,781 INFO:    172                          nbench    0.9933    0.9667   +0.0266  O3-bolt ≈ O3-bolt-opt（差异在 ±5% 内）
2026-03-31 17:44:37,781 INFO:    173                             sim    0.9998    1.0287   -0.0289  O3-bolt ≈ O3-bolt-opt（差异在 ±5% 内）
2026-03-31 17:44:37,782 INFO:    174                      tramp3d-v4    0.9981    1.0019   -0.0038  O3-bolt ≈ O3-bolt-opt（差异在 ±5% 内）
2026-03-31 17:44:37,782 INFO: 
  ── 验证指标 ──
2026-03-31 17:44:37,782 INFO:   MAE  = 0.0300
2026-03-31 17:44:37,782 INFO:   MSE  = 0.0057
2026-03-31 17:44:37,782 INFO:   RMSE = 0.0758
2026-03-31 17:44:37,782 INFO:   方向准确率 = 109/174 (62.6%)
2026-03-31 17:44:37,783 INFO:   预测 O3-bolt 更优: 86/174  (真实: 117/174)
2026-03-31 17:44:37,783 INFO:   方向准确率（排除 ±5%）= 13/22 (59.1%)
2026-03-31 17:44:37,783 INFO: 
