2026-03-31 14:15:45,935 INFO: [LSTM] DirectML 不支持 nn.LSTM，已自动回退到 CPU
2026-03-31 14:15:45,936 INFO: 设备: cpu
2026-03-31 14:15:45,936 INFO: 标签机制: fixed_time
2026-03-31 14:15:45,936 INFO: 自动微调 [fixed_time/lstm]: batch_size=32, bidirectional=True, direction_lambda=0.3, dropout=0.2, epochs=200, grad_clip=1.0, huber_delta=0.05, log_target=True, lr=0.0005, lstm_hidden=32, lstm_out=64, mlp_hidden=32, noise_std=0.01, num_layers=2, pair_swap=True, patience=50, warmup_epochs=15, weight_decay=0.001
2026-03-31 14:15:45,936 INFO: 加载数据...
2026-03-31 14:15:45,938 INFO:   加载 O1-g_vs_O3-g: 163 样本
2026-03-31 14:15:45,940 INFO:   加载 O2-bolt_vs_O2-bolt-opt: 165 样本
2026-03-31 14:15:45,942 INFO:   加载 O3-bolt_vs_O3-bolt-opt: 161 样本
2026-03-31 14:15:45,943 INFO: 总样本数: 489  序列长度 T=60  特征维度 D=6
2026-03-31 14:15:45,945 INFO: 已启用 log-target 变换: Y → log(Y)
2026-03-31 14:15:45,946 INFO: pair-swap 增强后训练集: 686 样本
2026-03-31 14:15:45,946 INFO: 训练集: 686  验证集: 73  测试集: 73
2026-03-31 14:15:45,948 INFO: 模型类型: lstm
2026-03-31 14:15:45,948 INFO: 
模型参数: 53,281
2026-03-31 14:15:45,948 INFO: SiameseLSTMMicroPerf(
  (backbone): LSTMBackbone(
    (input_proj): Linear(in_features=6, out_features=32, bias=True)
    (lstm): LSTM(32, 32, num_layers=2, batch_first=True, dropout=0.2, bidirectional=True)
    (output_proj): Linear(in_features=64, out_features=64, bias=True)
    (layer_norm): LayerNorm((64,), eps=1e-05, elementwise_affine=True)
    (dropout): Dropout(p=0.2, inplace=False)
  )
  (pool): AttentionPooling(
    (attention): Linear(in_features=64, out_features=1, bias=False)
  )
  (mlp): Sequential(
    (0): Linear(in_features=192, out_features=32, bias=True)
    (1): ReLU()
    (2): Dropout(p=0.2, inplace=False)
    (3): Linear(in_features=32, out_features=16, bias=True)
    (4): ReLU()
    (5): Dropout(p=0.2, inplace=False)
    (6): Linear(in_features=16, out_features=1, bias=True)
  )
)
2026-03-31 14:15:46,558 INFO: 模型保存路径: checkpoints/lstm_best_time.pt
2026-03-31 14:15:46,559 INFO: 配置保存路径: /home/ssy/Siamese-MicroPerf/configs/lstm_best_time.json
2026-03-31 14:15:46,559 INFO: 
开始训练 (200 epochs, Huber δ=0.05, patience=50)...
2026-03-31 14:15:46,559 INFO: Epoch   Train Loss   Val Loss    Val MAE    LR          Status
2026-03-31 14:15:46,559 INFO: ----------------------------------------------------------------------
2026-03-31 14:15:49,799 INFO:      1     0.018511    0.013249     0.2900    6.67e-05  ← best
2026-03-31 14:15:52,933 INFO:      2     0.012712    0.006765     0.1603    1.00e-04  ← best
2026-03-31 14:15:56,083 INFO:      3     0.007051    0.003137     0.0854    1.33e-04  ← best
2026-03-31 14:15:59,863 INFO:      4     0.006251    0.002777     0.0776    1.67e-04  ← best
2026-03-31 14:16:14,275 INFO:      8     0.005473    0.002201     0.0606    3.00e-04  ← best
2026-03-31 14:16:20,832 INFO:     10     0.004844    0.002256     0.0640    3.67e-04  
2026-03-31 14:16:23,998 INFO:     11     0.004842    0.002147     0.0604    4.00e-04  ← best
2026-03-31 14:16:50,254 INFO:     17     0.004029    0.002126     0.0596    5.00e-04  ← best
2026-03-31 14:17:05,452 INFO:     20     0.004023    0.002108     0.0585    4.99e-04  ← best
2026-03-31 14:17:10,536 INFO:     21     0.003563    0.002064     0.0524    4.99e-04  ← best
2026-03-31 14:18:01,684 INFO:     30     0.003386    0.002214     0.0632    4.92e-04  
2026-03-31 14:18:54,297 INFO:     40     0.003178    0.002116     0.0585    4.78e-04  
2026-03-31 14:19:51,480 INFO:     50     0.002994    0.002076     0.0553    4.57e-04  
2026-03-31 14:20:46,496 INFO:     60     0.002937    0.002068     0.0539    4.30e-04  
2026-03-31 14:21:40,808 INFO:     70     0.002931    0.002068     0.0540    3.99e-04  
2026-03-31 14:21:45,707 INFO: 
早停触发: 验证 loss 连续 50 epoch 未改善
2026-03-31 14:21:45,917 INFO: ============================================================
2026-03-31 14:21:45,918 INFO: 最佳模型 (epoch 21)
2026-03-31 14:21:45,918 INFO:   Val  Loss = 0.002064  MAE = 0.0524  (模型选择依据)
2026-03-31 14:21:45,918 INFO:   Test Loss = 0.001708  MAE = 0.0475  (最终无偏评估)
2026-03-31 14:21:45,918 INFO:   模型保存: checkpoints/lstm_best_time.pt
2026-03-31 14:21:45,918 INFO:   配置保存: /home/ssy/Siamese-MicroPerf/configs/lstm_best_time.json
2026-03-31 14:21:45,918 INFO: 
预测示例 (前 10 个测试样本):
2026-03-31 14:21:45,918 INFO:         真实 Y        预测 Ŷ          误差
2026-03-31 14:21:45,918 INFO:       0.0000     -0.0011     -0.0011
2026-03-31 14:21:45,918 INFO:       0.0000     -0.0009     -0.0009
2026-03-31 14:21:45,918 INFO:       0.0175      0.0005     -0.0170
2026-03-31 14:21:45,919 INFO:       0.0000      0.0004     +0.0004
2026-03-31 14:21:45,919 INFO:       0.0000     -0.0074     -0.0074
2026-03-31 14:21:45,919 INFO:       0.0027      0.0001     -0.0026
2026-03-31 14:21:45,919 INFO:       0.0223      0.0006     -0.0217
2026-03-31 14:21:45,919 INFO:       0.0108      0.0005     -0.0103
2026-03-31 14:21:45,919 INFO:       0.0000      0.0004     +0.0004
2026-03-31 14:21:45,919 INFO:       0.0000      0.0003     +0.0003
