2026-03-31 16:21:47,365 INFO: 自动选择设备: directml
2026-03-31 16:21:47,366 INFO: 设备: privateuseone:0
2026-03-31 16:21:47,366 INFO: 设备类型: directml
2026-03-31 16:21:47,366 INFO: 从配置文件自动加载: /home/ssy/Siamese-MicroPerf/configs/lstm_best_inst.json
2026-03-31 16:21:47,367 INFO: [LSTM] DirectML 不支持 nn.LSTM，已自动回退到 CPU
2026-03-31 16:21:47,373 INFO: 模型加载完成: checkpoints/lstm_best_inst.pt  (设备: cpu)
2026-03-31 16:21:47,373 INFO: 模型类型: lstm
2026-03-31 16:21:47,373 INFO: 模型参数: {'in_features': 6, 'mlp_hidden': 32, 'dropout': 0.2, 'lstm_hidden': 64, 'lstm_out': 32, 'num_layers': 2, 'bidirectional': True}
2026-03-31 16:21:47,373 INFO: log-target 模式: 推理时将自动应用 exp() 变换
2026-03-31 16:21:47,373 INFO: pair-swap 训练增强: True（此为训练时数据增强，不影响推理逻辑）
2026-03-31 16:21:47,486 INFO: 已应用 exp() 变换（log-target 模式）
2026-03-31 16:21:47,487 INFO: ========================================================================
2026-03-31 16:21:47,487 INFO: 版本对: O1-g_vs_O3-g  (O1-g vs O3-g)  共 174 个程序
2026-03-31 16:21:47,487 INFO: 标签模式: inst_retired_ratio
2026-03-31 16:21:47,487 INFO: 标签定义: Y = Σinst_v1 / Σinst_v2 (retired instruction ratio)
2026-03-31 16:21:47,487 INFO: 判定方向: Y > 1 视为 O1-g 更快，Y < 1 视为 O3-g 更快
2026-03-31 16:21:47,487 INFO: ========================================================================
2026-03-31 16:21:47,487 INFO:      #                              程序      预测 Ŷ      真实 Y        误差  判断
2026-03-31 16:21:47,488 INFO:   ------------------------------------------------------------------------
2026-03-31 16:21:47,488 INFO:      1                            7zip    1.0378    1.0521   -0.0144  O1-g ≈ O3-g（差异在 ±5% 内）
2026-03-31 16:21:47,488 INFO:      2             ASCI_Purple_SMG2000    1.1790    1.5191   -0.3401  O1-g 优于 O3-g（快 15.2%，加速比 1.18x）
2026-03-31 16:21:47,488 INFO:      3               ASC_Sequoia_AMGmk    0.8342    0.8474   -0.0132  O3-g 优于 O1-g（快 16.6%，加速比 1.20x）
2026-03-31 16:21:47,488 INFO:      4           ASC_Sequoia_CrystalMk    1.0543    1.0124   +0.0419  O1-g 优于 O3-g（快 5.1%，加速比 1.05x）
2026-03-31 16:21:47,488 INFO:      5               ASC_Sequoia_IRSmk    1.0091    0.9520   +0.0572  O1-g ≈ O3-g（差异在 ±5% 内）
2026-03-31 16:21:47,488 INFO:      6                  BitBench_drop3    1.0132    0.9976   +0.0156  O1-g ≈ O3-g（差异在 ±5% 内）
2026-03-31 16:21:47,489 INFO:      7                 BitBench_five11    1.0164    1.0123   +0.0041  O1-g ≈ O3-g（差异在 ±5% 内）
2026-03-31 16:21:47,489 INFO:      8               BitBench_uudecode    0.7232    1.0297   -0.3065  O3-g 优于 O1-g（快 27.7%，加速比 1.38x）
2026-03-31 16:21:47,489 INFO:      9               BitBench_uuencode    1.1380    1.0584   +0.0796  O1-g 优于 O3-g（快 12.1%，加速比 1.14x）
2026-03-31 16:21:47,489 INFO:     10                          Bullet    1.0382    0.9819   +0.0563  O1-g ≈ O3-g（差异在 ±5% 内）
2026-03-31 16:21:47,489 INFO:     11         DOE-ProxyApps-C++_CLAMR    1.0055    0.9871   +0.0184  O1-g ≈ O3-g（差异在 ±5% 内）
2026-03-31 16:21:47,489 INFO:     12   DOE-ProxyApps-C++_HACCKernels    1.3993    1.1396   +0.2597  O1-g 优于 O3-g（快 28.5%，加速比 1.40x）
2026-03-31 16:21:47,490 INFO:     13         DOE-ProxyApps-C++_HPCCG    1.4055    1.2799   +0.1255  O1-g 优于 O3-g（快 28.9%，加速比 1.41x）
2026-03-31 16:21:47,490 INFO:     14       DOE-ProxyApps-C++_PENNANT    1.0250    1.0096   +0.0154  O1-g ≈ O3-g（差异在 ±5% 内）
2026-03-31 16:21:47,490 INFO:     15        DOE-ProxyApps-C++_miniFE    1.3440    1.2087   +0.1353  O1-g 优于 O3-g（快 25.6%，加速比 1.34x）
2026-03-31 16:21:47,490 INFO:     16            DOE-ProxyApps-C_CoMD    1.3391    1.2389   +0.1002  O1-g 优于 O3-g（快 25.3%，加速比 1.34x）
2026-03-31 16:21:47,490 INFO:     17      DOE-ProxyApps-C_Pathfinder    1.0031    0.9799   +0.0232  O1-g ≈ O3-g（差异在 ±5% 内）
2026-03-31 16:21:47,490 INFO:     18         DOE-ProxyApps-C_RSBench    1.0105    1.0098   +0.0007  O1-g ≈ O3-g（差异在 ±5% 内）
2026-03-31 16:21:47,491 INFO:     19       DOE-ProxyApps-C_SimpleMOC    0.8766    0.9276   -0.0510  O3-g 优于 O1-g（快 12.3%，加速比 1.14x）
2026-03-31 16:21:47,491 INFO:     20         DOE-ProxyApps-C_XSBench    1.0166    0.9930   +0.0236  O1-g ≈ O3-g（差异在 ±5% 内）
2026-03-31 16:21:47,491 INFO:     21         DOE-ProxyApps-C_miniAMR    1.0075    1.0033   +0.0042  O1-g ≈ O3-g（差异在 ±5% 内）
2026-03-31 16:21:47,491 INFO:     22         DOE-ProxyApps-C_miniGMG    0.9693    1.0993   -0.1300  O1-g ≈ O3-g（差异在 ±5% 内）
2026-03-31 16:21:47,491 INFO:     23                     Fhourstones    1.0441    0.9871   +0.0570  O1-g ≈ O3-g（差异在 ±5% 内）
2026-03-31 16:21:47,491 INFO:     24                 Fhourstones-3.1    0.9889    1.0033   -0.0144  O1-g ≈ O3-g（差异在 ±5% 内）
2026-03-31 16:21:47,492 INFO:     25              FreeBench_analyzer    1.0103    0.9505   +0.0598  O1-g ≈ O3-g（差异在 ±5% 内）
2026-03-31 16:21:47,492 INFO:     26               FreeBench_distray    1.0462    1.0459   +0.0003  O1-g ≈ O3-g（差异在 ±5% 内）
2026-03-31 16:21:47,492 INFO:     27            FreeBench_fourinarow    1.2712    2.2265   -0.9553  O1-g 优于 O3-g（快 21.3%，加速比 1.27x）
2026-03-31 16:21:47,492 INFO:     28                 FreeBench_mason    1.0063    1.0239   -0.0175  O1-g ≈ O3-g（差异在 ±5% 内）
2026-03-31 16:21:47,492 INFO:     29                FreeBench_neural    1.4221    1.3307   +0.0914  O1-g 优于 O3-g（快 29.7%，加速比 1.42x）
2026-03-31 16:21:47,492 INFO:     30            FreeBench_pcompress2    1.0266    0.9630   +0.0636  O1-g ≈ O3-g（差异在 ±5% 内）
2026-03-31 16:21:47,492 INFO:     31                 FreeBench_pifft    1.0114    1.1220   -0.1106  O1-g ≈ O3-g（差异在 ±5% 内）
2026-03-31 16:21:47,493 INFO:     32               MallocBench_cfrac    1.0144    1.0067   +0.0077  O1-g ≈ O3-g（差异在 ±5% 内）
2026-03-31 16:21:47,493 INFO:     33            MallocBench_espresso    1.0056    0.9652   +0.0404  O1-g ≈ O3-g（差异在 ±5% 内）
2026-03-31 16:21:47,493 INFO:     34                  MallocBench_gs    1.0050    0.9654   +0.0396  O1-g ≈ O3-g（差异在 ±5% 内）
2026-03-31 16:21:47,493 INFO:     35                 McCat_01-qbsort    1.0113    1.0365   -0.0252  O1-g ≈ O3-g（差异在 ±5% 内）
2026-03-31 16:21:47,493 INFO:     36               McCat_03-testtrie    1.0084    0.9904   +0.0181  O1-g ≈ O3-g（差异在 ±5% 内）
2026-03-31 16:21:47,493 INFO:     37                 McCat_04-bisect    1.0161    0.9162   +0.1000  O1-g ≈ O3-g（差异在 ±5% 内）
2026-03-31 16:21:47,493 INFO:     38                    McCat_05-eks    1.0011    0.9865   +0.0146  O1-g ≈ O3-g（差异在 ±5% 内）
2026-03-31 16:21:47,494 INFO:     39                   McCat_08-main    0.9788    1.1068   -0.1280  O1-g ≈ O3-g（差异在 ±5% 内）
2026-03-31 16:21:47,494 INFO:     40                    McCat_09-vor    1.0199    1.0285   -0.0086  O1-g ≈ O3-g（差异在 ±5% 内）
2026-03-31 16:21:47,494 INFO:     41                 McCat_12-IOtest    1.0166    1.0112   +0.0053  O1-g ≈ O3-g（差异在 ±5% 内）
2026-03-31 16:21:47,494 INFO:     42                   McCat_15-trie    1.0088    1.0379   -0.0290  O1-g ≈ O3-g（差异在 ±5% 内）
2026-03-31 16:21:47,494 INFO:     43                  McCat_17-bintr    1.0371    1.1981   -0.1610  O1-g ≈ O3-g（差异在 ±5% 内）
2026-03-31 16:21:47,494 INFO:     44                    McCat_18-imp    1.0115    1.0042   +0.0073  O1-g ≈ O3-g（差异在 ±5% 内）
2026-03-31 16:21:47,494 INFO:     45    MiBench_automotive-basicmath    1.0160    1.0010   +0.0150  O1-g ≈ O3-g（差异在 ±5% 内）
2026-03-31 16:21:47,494 INFO:     46     MiBench_automotive-bitcount    1.0067    0.9651   +0.0415  O1-g ≈ O3-g（差异在 ±5% 内）
2026-03-31 16:21:47,495 INFO:     47        MiBench_automotive-susan    1.0659    1.0447   +0.0212  O1-g 优于 O3-g（快 6.2%，加速比 1.07x）
2026-03-31 16:21:47,495 INFO:     48           MiBench_consumer-jpeg    1.0197    1.0701   -0.0505  O1-g ≈ O3-g（差异在 ±5% 内）
2026-03-31 16:21:47,495 INFO:     49           MiBench_consumer-lame    1.1165    1.0948   +0.0217  O1-g 优于 O3-g（快 10.4%，加速比 1.12x）
2026-03-31 16:21:47,495 INFO:     50        MiBench_consumer-typeset    0.9999    0.9927   +0.0072  O1-g ≈ O3-g（差异在 ±5% 内）
2026-03-31 16:21:47,495 INFO:     51        MiBench_network-dijkstra    1.0114    0.9994   +0.0120  O1-g ≈ O3-g（差异在 ±5% 内）
2026-03-31 16:21:47,495 INFO:     52        MiBench_network-patricia    1.0101    0.9861   +0.0241  O1-g ≈ O3-g（差异在 ±5% 内）
2026-03-31 16:21:47,495 INFO:     53           MiBench_office-ispell    0.9944    1.0020   -0.0075  O1-g ≈ O3-g（差异在 ±5% 内）
2026-03-31 16:21:47,495 INFO:     54     MiBench_office-stringsearch    1.0735    1.1175   -0.0440  O1-g 优于 O3-g（快 6.8%，加速比 1.07x）
2026-03-31 16:21:47,496 INFO:     55       MiBench_security-blowfish    0.9972    0.9830   +0.0142  O1-g ≈ O3-g（差异在 ±5% 内）
2026-03-31 16:21:47,496 INFO:     56       MiBench_security-rijndael    1.0373    1.0217   +0.0156  O1-g ≈ O3-g（差异在 ±5% 内）
2026-03-31 16:21:47,496 INFO:     57            MiBench_security-sha    1.0695    1.2565   -0.1870  O1-g 优于 O3-g（快 6.5%，加速比 1.07x）
2026-03-31 16:21:47,496 INFO:     58          MiBench_telecomm-CRC32    1.0110    0.9977   +0.0133  O1-g ≈ O3-g（差异在 ±5% 内）
2026-03-31 16:21:47,496 INFO:     59            MiBench_telecomm-FFT    1.0026    1.0049   -0.0023  O1-g ≈ O3-g（差异在 ±5% 内）
2026-03-31 16:21:47,496 INFO:     60          MiBench_telecomm-adpcm    1.0062    1.0040   +0.0022  O1-g ≈ O3-g（差异在 ±5% 内）
2026-03-31 16:21:47,496 INFO:     61            MiBench_telecomm-gsm    1.0474    1.0295   +0.0179  O1-g ≈ O3-g（差异在 ±5% 内）
2026-03-31 16:21:47,496 INFO:     62                   NPB-serial_is    1.0663    1.2225   -0.1562  O1-g 优于 O3-g（快 6.2%，加速比 1.07x）
2026-03-31 16:21:47,497 INFO:     63                        Olden_bh    1.3963    1.7718   -0.3755  O1-g 优于 O3-g（快 28.4%，加速比 1.40x）
2026-03-31 16:21:47,497 INFO:     64                    Olden_bisort    1.0542    1.0608   -0.0066  O1-g 优于 O3-g（快 5.1%，加速比 1.05x）
2026-03-31 16:21:47,497 INFO:     65                      Olden_em3d    1.0062    0.9999   +0.0064  O1-g ≈ O3-g（差异在 ±5% 内）
2026-03-31 16:21:47,497 INFO:     66                    Olden_health    0.9982    1.0408   -0.0426  O1-g ≈ O3-g（差异在 ±5% 内）
2026-03-31 16:21:47,497 INFO:     67                       Olden_mst    1.0057    0.9777   +0.0280  O1-g ≈ O3-g（差异在 ±5% 内）
2026-03-31 16:21:47,497 INFO:     68                 Olden_perimeter    1.0080    0.9649   +0.0431  O1-g ≈ O3-g（差异在 ±5% 内）
2026-03-31 16:21:47,497 INFO:     69                     Olden_power    1.4315    1.6275   -0.1960  O1-g 优于 O3-g（快 30.1%，加速比 1.43x）
2026-03-31 16:21:47,497 INFO:     70                   Olden_treeadd    1.0163    0.9947   +0.0216  O1-g ≈ O3-g（差异在 ±5% 内）
2026-03-31 16:21:47,497 INFO:     71                       Olden_tsp    1.3701    1.0987   +0.2714  O1-g 优于 O3-g（快 27.0%，加速比 1.37x）
2026-03-31 16:21:47,498 INFO:     72                   Olden_voronoi    1.0005    0.9869   +0.0136  O1-g ≈ O3-g（差异在 ±5% 内）
2026-03-31 16:21:47,498 INFO:     73                           PAQ8p    1.4824    1.4066   +0.0758  O1-g 优于 O3-g（快 32.5%，加速比 1.48x）
2026-03-31 16:21:47,498 INFO:     74                 Prolangs-C++_NP    1.0081    0.9880   +0.0201  O1-g ≈ O3-g（差异在 ±5% 内）
2026-03-31 16:21:47,498 INFO:     75               Prolangs-C++_city    1.0128    0.9926   +0.0202  O1-g ≈ O3-g（差异在 ±5% 内）
2026-03-31 16:21:47,498 INFO:     76             Prolangs-C++_deriv1    1.0047    0.9899   +0.0148  O1-g ≈ O3-g（差异在 ±5% 内）
2026-03-31 16:21:47,498 INFO:     77             Prolangs-C++_deriv2    1.0014    1.0121   -0.0107  O1-g ≈ O3-g（差异在 ±5% 内）
2026-03-31 16:21:47,498 INFO:     78             Prolangs-C++_employ    1.0108    1.0001   +0.0107  O1-g ≈ O3-g（差异在 ±5% 内）
2026-03-31 16:21:47,498 INFO:     79             Prolangs-C++_family    1.0003    1.0036   -0.0033  O1-g ≈ O3-g（差异在 ±5% 内）
2026-03-31 16:21:47,499 INFO:     80                Prolangs-C++_fsm    0.9991    1.0162   -0.0171  O1-g ≈ O3-g（差异在 ±5% 内）
2026-03-31 16:21:47,499 INFO:     81             Prolangs-C++_garage    1.0036    0.9811   +0.0226  O1-g ≈ O3-g（差异在 ±5% 内）
2026-03-31 16:21:47,499 INFO:     82               Prolangs-C++_life    1.0174    1.0632   -0.0458  O1-g ≈ O3-g（差异在 ±5% 内）
2026-03-31 16:21:47,499 INFO:     83            Prolangs-C++_objects    1.0002    1.0050   -0.0048  O1-g ≈ O3-g（差异在 ±5% 内）
2026-03-31 16:21:47,499 INFO:     84              Prolangs-C++_ocean    1.0147    1.0006   +0.0141  O1-g ≈ O3-g（差异在 ±5% 内）
2026-03-31 16:21:47,499 INFO:     85             Prolangs-C++_office    1.0040    1.0057   -0.0017  O1-g ≈ O3-g（差异在 ±5% 内）
2026-03-31 16:21:47,500 INFO:     86             Prolangs-C++_primes    0.6824    0.4861   +0.1963  O3-g 优于 O1-g（快 31.8%，加速比 1.47x）
2026-03-31 16:21:47,500 INFO:     87             Prolangs-C++_shapes    1.0026    1.0066   -0.0041  O1-g ≈ O3-g（差异在 ±5% 内）
2026-03-31 16:21:47,500 INFO:     88              Prolangs-C++_simul    1.0136    0.9543   +0.0593  O1-g ≈ O3-g（差异在 ±5% 内）
2026-03-31 16:21:47,500 INFO:     89              Prolangs-C++_trees    1.0071    0.9881   +0.0189  O1-g ≈ O3-g（差异在 ±5% 内）
2026-03-31 16:21:47,500 INFO:     90              Prolangs-C++_vcirc    1.0059    0.9900   +0.0159  O1-g ≈ O3-g（差异在 ±5% 内）
2026-03-31 16:21:47,500 INFO:     91         Prolangs-C_TimberWolfMC    1.0034    0.9810   +0.0224  O1-g ≈ O3-g（差异在 ±5% 内）
2026-03-31 16:21:47,501 INFO:     92                Prolangs-C_agrep    1.0033    1.0221   -0.0187  O1-g ≈ O3-g（差异在 ±5% 内）
2026-03-31 16:21:47,501 INFO:     93             Prolangs-C_allroots    1.0009    0.9888   +0.0121  O1-g ≈ O3-g（差异在 ±5% 内）
2026-03-31 16:21:47,501 INFO:     94        Prolangs-C_archie-client    1.0047    1.0012   +0.0035  O1-g ≈ O3-g（差异在 ±5% 内）
2026-03-31 16:21:47,501 INFO:     95            Prolangs-C_assembler    1.0034    0.9893   +0.0141  O1-g ≈ O3-g（差异在 ±5% 内）
2026-03-31 16:21:47,501 INFO:     96                Prolangs-C_bison    1.0111    1.0160   -0.0049  O1-g ≈ O3-g（差异在 ±5% 内）
2026-03-31 16:21:47,501 INFO:     97                Prolangs-C_cdecl    0.9966    1.0105   -0.0140  O1-g ≈ O3-g（差异在 ±5% 内）
2026-03-31 16:21:47,501 INFO:     98             Prolangs-C_compiler    1.0041    0.9945   +0.0096  O1-g ≈ O3-g（差异在 ±5% 内）
2026-03-31 16:21:47,501 INFO:     99            Prolangs-C_fixoutput    1.0050    1.0078   -0.0028  O1-g ≈ O3-g（差异在 ±5% 内）
2026-03-31 16:21:47,502 INFO:    100             Prolangs-C_football    1.0049    1.0131   -0.0082  O1-g ≈ O3-g（差异在 ±5% 内）
2026-03-31 16:21:47,502 INFO:    101                Prolangs-C_gnugo    1.0269    1.0631   -0.0362  O1-g ≈ O3-g（差异在 ±5% 内）
2026-03-31 16:21:47,502 INFO:    102               Prolangs-C_loader    1.0039    1.0133   -0.0094  O1-g ≈ O3-g（差异在 ±5% 内）
2026-03-31 16:21:47,502 INFO:    103             Prolangs-C_plot2fig    1.0029    1.0084   -0.0055  O1-g ≈ O3-g（差异在 ±5% 内）
2026-03-31 16:21:47,502 INFO:    104            Prolangs-C_simulator    1.0038    0.9891   +0.0147  O1-g ≈ O3-g（差异在 ±5% 内）
2026-03-31 16:21:47,502 INFO:    105           Prolangs-C_unix-smail    1.0033    1.0044   -0.0011  O1-g ≈ O3-g（差异在 ±5% 内）
2026-03-31 16:21:47,502 INFO:    106             Prolangs-C_unix-tbl    1.0049    1.0132   -0.0083  O1-g ≈ O3-g（差异在 ±5% 内）
2026-03-31 16:21:47,503 INFO:    107                 Ptrdist_anagram    0.9992    0.9537   +0.0455  O1-g ≈ O3-g（差异在 ±5% 内）
2026-03-31 16:21:47,503 INFO:    108                      Ptrdist_bc    1.0165    0.9996   +0.0170  O1-g ≈ O3-g（差异在 ±5% 内）
2026-03-31 16:21:47,503 INFO:    109                      Ptrdist_ft    0.9338    1.0130   -0.0792  O3-g 优于 O1-g（快 6.6%，加速比 1.07x）
2026-03-31 16:21:47,503 INFO:    110                      Ptrdist_ks    1.0034    0.9646   +0.0388  O1-g ≈ O3-g（差异在 ±5% 内）
2026-03-31 16:21:47,503 INFO:    111                   Ptrdist_yacr2    1.0049    0.8911   +0.1138  O1-g ≈ O3-g（差异在 ±5% 内）
2026-03-31 16:21:47,503 INFO:    112                Rodinia_backprop    1.0503    1.0722   -0.0218  O1-g 优于 O3-g（快 4.8%，加速比 1.05x）
2026-03-31 16:21:47,503 INFO:    113                 Rodinia_hotspot    1.0550    1.0905   -0.0355  O1-g 优于 O3-g（快 5.2%，加速比 1.06x）
2026-03-31 16:21:47,503 INFO:    114              Rodinia_pathfinder    1.3564    1.0271   +0.3293  O1-g 优于 O3-g（快 26.3%，加速比 1.36x）
2026-03-31 16:21:47,504 INFO:    115                    Rodinia_srad    1.0574    1.1793   -0.1219  O1-g 优于 O3-g（快 5.4%，加速比 1.06x）
2026-03-31 16:21:47,504 INFO:    116                      SciMark2-C    1.0784    1.1167   -0.0384  O1-g 优于 O3-g（快 7.3%，加速比 1.08x）
2026-03-31 16:21:47,504 INFO:    117            TSVC_ControlFlow-dbl    0.9771    0.9905   -0.0134  O1-g ≈ O3-g（差异在 ±5% 内）
2026-03-31 16:21:47,504 INFO:    118            TSVC_ControlFlow-flt    0.9757    0.9193   +0.0564  O1-g ≈ O3-g（差异在 ±5% 内）
2026-03-31 16:21:47,504 INFO:    119           TSVC_ControlLoops-dbl    1.4206    1.7141   -0.2935  O1-g 优于 O3-g（快 29.6%，加速比 1.42x）
2026-03-31 16:21:47,504 INFO:    120           TSVC_ControlLoops-flt    1.3847    1.6248   -0.2402  O1-g 优于 O3-g（快 27.8%，加速比 1.38x）
2026-03-31 16:21:47,504 INFO:    121     TSVC_CrossingThresholds-dbl    1.3564    1.3818   -0.0254  O1-g 优于 O3-g（快 26.3%，加速比 1.36x）
2026-03-31 16:21:47,504 INFO:    122     TSVC_CrossingThresholds-flt    1.3750    1.6537   -0.2787  O1-g 优于 O3-g（快 27.3%，加速比 1.38x）
2026-03-31 16:21:47,504 INFO:    123          TSVC_Equivalencing-dbl    1.4020    2.0035   -0.6014  O1-g 优于 O3-g（快 28.7%，加速比 1.40x）
2026-03-31 16:21:47,505 INFO:    124          TSVC_Equivalencing-flt    1.4023    1.7099   -0.3076  O1-g 优于 O3-g（快 28.7%，加速比 1.40x）
2026-03-31 16:21:47,505 INFO:    125              TSVC_Expansion-dbl    1.2364    1.5144   -0.2780  O1-g 优于 O3-g（快 19.1%，加速比 1.24x）
2026-03-31 16:21:47,505 INFO:    126              TSVC_Expansion-flt    1.1433    1.4938   -0.3506  O1-g 优于 O3-g（快 12.5%，加速比 1.14x）
2026-03-31 16:21:47,505 INFO:    127         TSVC_GlobalDataFlow-dbl    1.3690    1.4991   -0.1301  O1-g 优于 O3-g（快 27.0%，加速比 1.37x）
2026-03-31 16:21:47,505 INFO:    128         TSVC_GlobalDataFlow-flt    1.2869    1.6920   -0.4050  O1-g 优于 O3-g（快 22.3%，加速比 1.29x）
2026-03-31 16:21:47,505 INFO:    129     TSVC_IndirectAddressing-dbl    1.2864    1.2671   +0.0193  O1-g 优于 O3-g（快 22.3%，加速比 1.29x）
2026-03-31 16:21:47,505 INFO:    130     TSVC_IndirectAddressing-flt    1.2861    1.2154   +0.0707  O1-g 优于 O3-g（快 22.2%，加速比 1.29x）
2026-03-31 16:21:47,506 INFO:    131      TSVC_InductionVariable-dbl    1.3692    1.2640   +0.1052  O1-g 优于 O3-g（快 27.0%，加速比 1.37x）
2026-03-31 16:21:47,506 INFO:    132      TSVC_InductionVariable-flt    1.3806    1.2762   +0.1045  O1-g 优于 O3-g（快 27.6%，加速比 1.38x）
2026-03-31 16:21:47,506 INFO:    133       TSVC_LinearDependence-dbl    1.3361    1.4450   -0.1089  O1-g 优于 O3-g（快 25.2%，加速比 1.34x）
2026-03-31 16:21:47,506 INFO:    134       TSVC_LinearDependence-flt    1.3491    1.3073   +0.0418  O1-g 优于 O3-g（快 25.9%，加速比 1.35x）
2026-03-31 16:21:47,506 INFO:    135          TSVC_LoopRerolling-dbl    1.1233    1.1688   -0.0455  O1-g 优于 O3-g（快 11.0%，加速比 1.12x）
2026-03-31 16:21:47,506 INFO:    136          TSVC_LoopRerolling-flt    1.1885    1.1674   +0.0211  O1-g 优于 O3-g（快 15.9%，加速比 1.19x）
2026-03-31 16:21:47,506 INFO:    137      TSVC_LoopRestructuring-dbl    1.3158    1.3709   -0.0551  O1-g 优于 O3-g（快 24.0%，加速比 1.32x）
2026-03-31 16:21:47,506 INFO:    138      TSVC_LoopRestructuring-flt    1.3288    1.3917   -0.0629  O1-g 优于 O3-g（快 24.7%，加速比 1.33x）
2026-03-31 16:21:47,507 INFO:    139          TSVC_NodeSplitting-dbl    1.0098    1.0733   -0.0634  O1-g ≈ O3-g（差异在 ±5% 内）
2026-03-31 16:21:47,507 INFO:    140          TSVC_NodeSplitting-flt    1.0116    1.1165   -0.1049  O1-g ≈ O3-g（差异在 ±5% 内）
2026-03-31 16:21:47,507 INFO:    141                TSVC_Packing-dbl    0.9480    1.0424   -0.0944  O3-g 优于 O1-g（快 5.2%，加速比 1.05x）
2026-03-31 16:21:47,507 INFO:    142                TSVC_Packing-flt    0.9488    1.0467   -0.0979  O3-g 优于 O1-g（快 5.1%，加速比 1.05x）
2026-03-31 16:21:47,507 INFO:    143            TSVC_Recurrences-dbl    1.0394    1.0676   -0.0283  O1-g ≈ O3-g（差异在 ±5% 内）
2026-03-31 16:21:47,507 INFO:    144            TSVC_Recurrences-flt    1.0395    1.0659   -0.0264  O1-g ≈ O3-g（差异在 ±5% 内）
2026-03-31 16:21:47,507 INFO:    145             TSVC_Reductions-dbl    1.3247    1.6704   -0.3457  O1-g 优于 O3-g（快 24.5%，加速比 1.32x）
2026-03-31 16:21:47,507 INFO:    146             TSVC_Reductions-flt    1.2957    1.6866   -0.3909  O1-g 优于 O3-g（快 22.8%，加速比 1.30x）
2026-03-31 16:21:47,508 INFO:    147              TSVC_Searching-dbl    1.0097    0.7999   +0.2098  O1-g ≈ O3-g（差异在 ±5% 内）
2026-03-31 16:21:47,508 INFO:    148              TSVC_Searching-flt    0.9748    0.7663   +0.2085  O1-g ≈ O3-g（差异在 ±5% 内）
2026-03-31 16:21:47,508 INFO:    149    TSVC_StatementReordering-dbl    1.0814    0.9987   +0.0827  O1-g 优于 O3-g（快 7.5%，加速比 1.08x）
2026-03-31 16:21:47,508 INFO:    150    TSVC_StatementReordering-flt    1.0733    1.0086   +0.0647  O1-g 优于 O3-g（快 6.8%，加速比 1.07x）
2026-03-31 16:21:47,508 INFO:    151              TSVC_Symbolics-dbl    1.3031    1.6154   -0.3124  O1-g 优于 O3-g（快 23.3%，加速比 1.30x）
2026-03-31 16:21:47,508 INFO:    152              TSVC_Symbolics-flt    1.1793    1.2306   -0.0512  O1-g 优于 O3-g（快 15.2%，加速比 1.18x）
2026-03-31 16:21:47,508 INFO:    153               Trimaran_enc-3des    1.0215    1.0013   +0.0202  O1-g ≈ O3-g（差异在 ±5% 内）
2026-03-31 16:21:47,508 INFO:    154                Trimaran_enc-md5    1.0163    1.0013   +0.0150  O1-g ≈ O3-g（差异在 ±5% 内）
2026-03-31 16:21:47,509 INFO:    155                Trimaran_enc-pc1    1.1518    1.1548   -0.0030  O1-g 优于 O3-g（快 13.2%，加速比 1.15x）
2026-03-31 16:21:47,509 INFO:    156                Trimaran_enc-rc4    1.1609    1.0966   +0.0642  O1-g 优于 O3-g（快 13.9%，加速比 1.16x）
2026-03-31 16:21:47,509 INFO:    157           Trimaran_netbench-crc    1.2060    1.1778   +0.0281  O1-g 优于 O3-g（快 17.1%，加速比 1.21x）
2026-03-31 16:21:47,509 INFO:    158           Trimaran_netbench-url    1.0026    0.9171   +0.0855  O1-g ≈ O3-g（差异在 ±5% 内）
2026-03-31 16:21:47,509 INFO:    159                VersaBench_8b10b    1.0310    1.1135   -0.0825  O1-g ≈ O3-g（差异在 ±5% 内）
2026-03-31 16:21:47,509 INFO:    160           VersaBench_beamformer    0.9530    0.9723   -0.0192  O1-g ≈ O3-g（差异在 ±5% 内）
2026-03-31 16:21:47,509 INFO:    161                  VersaBench_bmm    1.0041    0.9926   +0.0115  O1-g ≈ O3-g（差异在 ±5% 内）
2026-03-31 16:21:47,509 INFO:    162                 VersaBench_dbms    1.0114    1.0090   +0.0023  O1-g ≈ O3-g（差异在 ±5% 内）
2026-03-31 16:21:47,510 INFO:    163               VersaBench_ecbdes    1.0168    1.0150   +0.0018  O1-g ≈ O3-g（差异在 ±5% 内）
2026-03-31 16:21:47,510 INFO:    164                    llubenchmark    1.0107    1.0048   +0.0058  O1-g ≈ O3-g（差异在 ±5% 内）
2026-03-31 16:21:47,510 INFO:    165                           mafft    1.0348    1.1131   -0.0784  O1-g ≈ O3-g（差异在 ±5% 内）
2026-03-31 16:21:47,510 INFO:    166      mediabench_adpcm_rawcaudio    1.0075    1.0292   -0.0217  O1-g ≈ O3-g（差异在 ±5% 内）
2026-03-31 16:21:47,510 INFO:    167      mediabench_adpcm_rawdaudio    0.9997    1.0045   -0.0048  O1-g ≈ O3-g（差异在 ±5% 内）
2026-03-31 16:21:47,510 INFO:    168      mediabench_g721_g721encode    1.0256    1.2017   -0.1761  O1-g ≈ O3-g（差异在 ±5% 内）
2026-03-31 16:21:47,510 INFO:    169            mediabench_gsm_toast    1.0363    1.0282   +0.0082  O1-g ≈ O3-g（差异在 ±5% 内）
2026-03-31 16:21:47,511 INFO:    170         mediabench_jpeg_jpeg-6a    1.0284    0.9937   +0.0347  O1-g ≈ O3-g（差异在 ±5% 内）
2026-03-31 16:21:47,511 INFO:    171       mediabench_mpeg2_mpeg2dec    1.4285    2.1755   -0.7470  O1-g 优于 O3-g（快 30.0%，加速比 1.43x）
2026-03-31 16:21:47,511 INFO:    172                          nbench    1.0673    1.2134   -0.1461  O1-g 优于 O3-g（快 6.3%，加速比 1.07x）
2026-03-31 16:21:47,511 INFO:    173                             sim    1.0039    0.9854   +0.0186  O1-g ≈ O3-g（差异在 ±5% 内）
2026-03-31 16:21:47,511 INFO:    174                      tramp3d-v4    0.9780    1.0530   -0.0750  O1-g ≈ O3-g（差异在 ±5% 内）
2026-03-31 16:21:47,511 INFO: 
  ── 验证指标 ──
2026-03-31 16:21:47,511 INFO:   MAE  = 0.0825
2026-03-31 16:21:47,512 INFO:   MSE  = 0.0239
2026-03-31 16:21:47,512 INFO:   RMSE = 0.1546
2026-03-31 16:21:47,512 INFO:   方向准确率 = 117/174 (67.2%)
2026-03-31 16:21:47,512 INFO:   预测 O1-g 更优: 151/174  (真实: 120/174)
2026-03-31 16:21:47,512 INFO:   方向准确率（排除 ±5%）= 68/75 (90.7%)
2026-03-31 16:21:47,604 INFO: 已应用 exp() 变换（log-target 模式）
2026-03-31 16:21:47,605 INFO: ========================================================================
2026-03-31 16:21:47,605 INFO: 版本对: O2-bolt_vs_O2-bolt-opt  (O2-bolt vs O2-bolt-opt)  共 174 个程序
2026-03-31 16:21:47,605 INFO: 标签模式: inst_retired_ratio
2026-03-31 16:21:47,605 INFO: 标签定义: Y = Σinst_v1 / Σinst_v2 (retired instruction ratio)
2026-03-31 16:21:47,606 INFO: 判定方向: Y > 1 视为 O2-bolt 更快，Y < 1 视为 O2-bolt-opt 更快
2026-03-31 16:21:47,606 INFO: ========================================================================
2026-03-31 16:21:47,606 INFO:      #                              程序      预测 Ŷ      真实 Y        误差  判断
2026-03-31 16:21:47,606 INFO:   ------------------------------------------------------------------------
2026-03-31 16:21:47,606 INFO:      1                            7zip    1.0148    0.9919   +0.0229  O2-bolt ≈ O2-bolt-opt（差异在 ±5% 内）
2026-03-31 16:21:47,606 INFO:      2             ASCI_Purple_SMG2000    1.0086    0.9950   +0.0136  O2-bolt ≈ O2-bolt-opt（差异在 ±5% 内）
2026-03-31 16:21:47,606 INFO:      3               ASC_Sequoia_AMGmk    1.0147    1.0176   -0.0030  O2-bolt ≈ O2-bolt-opt（差异在 ±5% 内）
2026-03-31 16:21:47,607 INFO:      4           ASC_Sequoia_CrystalMk    1.0397    1.0015   +0.0382  O2-bolt ≈ O2-bolt-opt（差异在 ±5% 内）
2026-03-31 16:21:47,607 INFO:      5               ASC_Sequoia_IRSmk    1.0099    0.9964   +0.0135  O2-bolt ≈ O2-bolt-opt（差异在 ±5% 内）
2026-03-31 16:21:47,607 INFO:      6                  BitBench_drop3    1.0218    1.0471   -0.0253  O2-bolt ≈ O2-bolt-opt（差异在 ±5% 内）
2026-03-31 16:21:47,607 INFO:      7                 BitBench_five11    1.0111    0.9882   +0.0229  O2-bolt ≈ O2-bolt-opt（差异在 ±5% 内）
2026-03-31 16:21:47,607 INFO:      8               BitBench_uudecode    1.0004    1.0027   -0.0023  O2-bolt ≈ O2-bolt-opt（差异在 ±5% 内）
2026-03-31 16:21:47,607 INFO:      9               BitBench_uuencode    1.0140    1.0068   +0.0072  O2-bolt ≈ O2-bolt-opt（差异在 ±5% 内）
2026-03-31 16:21:47,607 INFO:     10                          Bullet    1.0078    1.0095   -0.0017  O2-bolt ≈ O2-bolt-opt（差异在 ±5% 内）
2026-03-31 16:21:47,608 INFO:     11         DOE-ProxyApps-C++_CLAMR    1.0398    1.0061   +0.0337  O2-bolt ≈ O2-bolt-opt（差异在 ±5% 内）
2026-03-31 16:21:47,608 INFO:     12   DOE-ProxyApps-C++_HACCKernels    1.0010    0.9979   +0.0031  O2-bolt ≈ O2-bolt-opt（差异在 ±5% 内）
2026-03-31 16:21:47,608 INFO:     13         DOE-ProxyApps-C++_HPCCG    0.9852    1.0022   -0.0170  O2-bolt ≈ O2-bolt-opt（差异在 ±5% 内）
2026-03-31 16:21:47,608 INFO:     14       DOE-ProxyApps-C++_PENNANT    1.0119    1.0047   +0.0073  O2-bolt ≈ O2-bolt-opt（差异在 ±5% 内）
2026-03-31 16:21:47,608 INFO:     15        DOE-ProxyApps-C++_miniFE    1.0165    0.9928   +0.0237  O2-bolt ≈ O2-bolt-opt（差异在 ±5% 内）
2026-03-31 16:21:47,608 INFO:     16            DOE-ProxyApps-C_CoMD    1.0664    0.9706   +0.0958  O2-bolt 优于 O2-bolt-opt（快 6.2%，加速比 1.07x）
2026-03-31 16:21:47,609 INFO:     17      DOE-ProxyApps-C_Pathfinder    0.9889    1.0451   -0.0562  O2-bolt ≈ O2-bolt-opt（差异在 ±5% 内）
2026-03-31 16:21:47,609 INFO:     18         DOE-ProxyApps-C_RSBench    1.0019    1.0019   -0.0000  O2-bolt ≈ O2-bolt-opt（差异在 ±5% 内）
2026-03-31 16:21:47,609 INFO:     19       DOE-ProxyApps-C_SimpleMOC    1.0956    1.0242   +0.0713  O2-bolt 优于 O2-bolt-opt（快 8.7%，加速比 1.10x）
2026-03-31 16:21:47,609 INFO:     20         DOE-ProxyApps-C_XSBench    0.9958    0.9859   +0.0099  O2-bolt ≈ O2-bolt-opt（差异在 ±5% 内）
2026-03-31 16:21:47,609 INFO:     21         DOE-ProxyApps-C_miniAMR    0.9955    1.0072   -0.0117  O2-bolt ≈ O2-bolt-opt（差异在 ±5% 内）
2026-03-31 16:21:47,609 INFO:     22         DOE-ProxyApps-C_miniGMG    0.9896    0.9929   -0.0033  O2-bolt ≈ O2-bolt-opt（差异在 ±5% 内）
2026-03-31 16:21:47,609 INFO:     23                     Fhourstones    0.9996    0.9981   +0.0015  O2-bolt ≈ O2-bolt-opt（差异在 ±5% 内）
2026-03-31 16:21:47,610 INFO:     24                 Fhourstones-3.1    1.0626    1.0809   -0.0183  O2-bolt 优于 O2-bolt-opt（快 5.9%，加速比 1.06x）
2026-03-31 16:21:47,610 INFO:     25              FreeBench_analyzer    1.0145    1.0211   -0.0067  O2-bolt ≈ O2-bolt-opt（差异在 ±5% 内）
2026-03-31 16:21:47,610 INFO:     26               FreeBench_distray    1.0244    1.0034   +0.0210  O2-bolt ≈ O2-bolt-opt（差异在 ±5% 内）
2026-03-31 16:21:47,610 INFO:     27            FreeBench_fourinarow    1.0093    1.0090   +0.0003  O2-bolt ≈ O2-bolt-opt（差异在 ±5% 内）
2026-03-31 16:21:47,610 INFO:     28                 FreeBench_mason    0.9828    0.9846   -0.0018  O2-bolt ≈ O2-bolt-opt（差异在 ±5% 内）
2026-03-31 16:21:47,610 INFO:     29                FreeBench_neural    0.8745    1.0025   -0.1280  O2-bolt-opt 优于 O2-bolt（快 12.5%，加速比 1.14x）
2026-03-31 16:21:47,610 INFO:     30            FreeBench_pcompress2    1.0404    1.0555   -0.0151  O2-bolt ≈ O2-bolt-opt（差异在 ±5% 内）
2026-03-31 16:21:47,611 INFO:     31                 FreeBench_pifft    0.9956    1.0021   -0.0065  O2-bolt ≈ O2-bolt-opt（差异在 ±5% 内）
2026-03-31 16:21:47,611 INFO:     32               MallocBench_cfrac    1.0020    1.0155   -0.0135  O2-bolt ≈ O2-bolt-opt（差异在 ±5% 内）
2026-03-31 16:21:47,611 INFO:     33            MallocBench_espresso    1.0117    1.0256   -0.0139  O2-bolt ≈ O2-bolt-opt（差异在 ±5% 内）
2026-03-31 16:21:47,611 INFO:     34                  MallocBench_gs    0.9952    0.9848   +0.0104  O2-bolt ≈ O2-bolt-opt（差异在 ±5% 内）
2026-03-31 16:21:47,611 INFO:     35                 McCat_01-qbsort    1.0098    0.9768   +0.0330  O2-bolt ≈ O2-bolt-opt（差异在 ±5% 内）
2026-03-31 16:21:47,611 INFO:     36               McCat_03-testtrie    0.9868    0.9464   +0.0404  O2-bolt ≈ O2-bolt-opt（差异在 ±5% 内）
2026-03-31 16:21:47,611 INFO:     37                 McCat_04-bisect    1.0183    1.0146   +0.0037  O2-bolt ≈ O2-bolt-opt（差异在 ±5% 内）
2026-03-31 16:21:47,612 INFO:     38                    McCat_05-eks    1.0283    1.0160   +0.0123  O2-bolt ≈ O2-bolt-opt（差异在 ±5% 内）
2026-03-31 16:21:47,612 INFO:     39                   McCat_08-main    0.9850    0.9994   -0.0143  O2-bolt ≈ O2-bolt-opt（差异在 ±5% 内）
2026-03-31 16:21:47,612 INFO:     40                    McCat_09-vor    1.0110    0.9977   +0.0132  O2-bolt ≈ O2-bolt-opt（差异在 ±5% 内）
2026-03-31 16:21:47,612 INFO:     41                 McCat_12-IOtest    1.0163    0.9912   +0.0251  O2-bolt ≈ O2-bolt-opt（差异在 ±5% 内）
2026-03-31 16:21:47,612 INFO:     42                   McCat_15-trie    0.9997    0.9877   +0.0120  O2-bolt ≈ O2-bolt-opt（差异在 ±5% 内）
2026-03-31 16:21:47,612 INFO:     43                  McCat_17-bintr    1.0223    0.9763   +0.0460  O2-bolt ≈ O2-bolt-opt（差异在 ±5% 内）
2026-03-31 16:21:47,612 INFO:     44                    McCat_18-imp    1.0146    1.1100   -0.0954  O2-bolt ≈ O2-bolt-opt（差异在 ±5% 内）
2026-03-31 16:21:47,612 INFO:     45    MiBench_automotive-basicmath    1.0147    1.0025   +0.0123  O2-bolt ≈ O2-bolt-opt（差异在 ±5% 内）
2026-03-31 16:21:47,613 INFO:     46     MiBench_automotive-bitcount    1.0063    0.9028   +0.1035  O2-bolt ≈ O2-bolt-opt（差异在 ±5% 内）
2026-03-31 16:21:47,613 INFO:     47        MiBench_automotive-susan    1.0180    0.9968   +0.0211  O2-bolt ≈ O2-bolt-opt（差异在 ±5% 内）
2026-03-31 16:21:47,613 INFO:     48           MiBench_consumer-jpeg    1.0109    1.0002   +0.0107  O2-bolt ≈ O2-bolt-opt（差异在 ±5% 内）
2026-03-31 16:21:47,613 INFO:     49           MiBench_consumer-lame    0.9983    0.9948   +0.0034  O2-bolt ≈ O2-bolt-opt（差异在 ±5% 内）
2026-03-31 16:21:47,613 INFO:     50        MiBench_consumer-typeset    0.9953    0.9758   +0.0195  O2-bolt ≈ O2-bolt-opt（差异在 ±5% 内）
2026-03-31 16:21:47,613 INFO:     51        MiBench_network-dijkstra    1.0256    0.8840   +0.1416  O2-bolt ≈ O2-bolt-opt（差异在 ±5% 内）
2026-03-31 16:21:47,613 INFO:     52        MiBench_network-patricia    1.0071    0.9942   +0.0128  O2-bolt ≈ O2-bolt-opt（差异在 ±5% 内）
2026-03-31 16:21:47,613 INFO:     53           MiBench_office-ispell    0.9988    0.9903   +0.0086  O2-bolt ≈ O2-bolt-opt（差异在 ±5% 内）
2026-03-31 16:21:47,614 INFO:     54     MiBench_office-stringsearch    1.0108    0.9911   +0.0196  O2-bolt ≈ O2-bolt-opt（差异在 ±5% 内）
2026-03-31 16:21:47,614 INFO:     55       MiBench_security-blowfish    1.0002    1.0025   -0.0024  O2-bolt ≈ O2-bolt-opt（差异在 ±5% 内）
2026-03-31 16:21:47,614 INFO:     56       MiBench_security-rijndael    1.0287    1.0454   -0.0168  O2-bolt ≈ O2-bolt-opt（差异在 ±5% 内）
2026-03-31 16:21:47,614 INFO:     57            MiBench_security-sha    1.0018    1.0052   -0.0034  O2-bolt ≈ O2-bolt-opt（差异在 ±5% 内）
2026-03-31 16:21:47,614 INFO:     58          MiBench_telecomm-CRC32    0.9828    1.0520   -0.0693  O2-bolt ≈ O2-bolt-opt（差异在 ±5% 内）
2026-03-31 16:21:47,614 INFO:     59            MiBench_telecomm-FFT    1.0036    1.0039   -0.0003  O2-bolt ≈ O2-bolt-opt（差异在 ±5% 内）
2026-03-31 16:21:47,614 INFO:     60          MiBench_telecomm-adpcm    1.0014    0.9987   +0.0027  O2-bolt ≈ O2-bolt-opt（差异在 ±5% 内）
2026-03-31 16:21:47,614 INFO:     61            MiBench_telecomm-gsm    0.9861    1.0104   -0.0243  O2-bolt ≈ O2-bolt-opt（差异在 ±5% 内）
2026-03-31 16:21:47,615 INFO:     62                   NPB-serial_is    1.0111    0.9904   +0.0208  O2-bolt ≈ O2-bolt-opt（差异在 ±5% 内）
2026-03-31 16:21:47,615 INFO:     63                        Olden_bh    1.0211    1.0029   +0.0182  O2-bolt ≈ O2-bolt-opt（差异在 ±5% 内）
2026-03-31 16:21:47,615 INFO:     64                    Olden_bisort    1.0105    0.9813   +0.0292  O2-bolt ≈ O2-bolt-opt（差异在 ±5% 内）
2026-03-31 16:21:47,615 INFO:     65                      Olden_em3d    1.0712    1.3946   -0.3234  O2-bolt 优于 O2-bolt-opt（快 6.7%，加速比 1.07x）
2026-03-31 16:21:47,615 INFO:     66                    Olden_health    0.9975    1.0084   -0.0109  O2-bolt ≈ O2-bolt-opt（差异在 ±5% 内）
2026-03-31 16:21:47,615 INFO:     67                       Olden_mst    0.9969    1.0091   -0.0123  O2-bolt ≈ O2-bolt-opt（差异在 ±5% 内）
2026-03-31 16:21:47,615 INFO:     68                 Olden_perimeter    1.0020    0.9506   +0.0514  O2-bolt ≈ O2-bolt-opt（差异在 ±5% 内）
2026-03-31 16:21:47,615 INFO:     69                     Olden_power    1.0174    1.0000   +0.0174  O2-bolt ≈ O2-bolt-opt（差异在 ±5% 内）
2026-03-31 16:21:47,616 INFO:     70                   Olden_treeadd    1.0132    0.9897   +0.0235  O2-bolt ≈ O2-bolt-opt（差异在 ±5% 内）
2026-03-31 16:21:47,616 INFO:     71                       Olden_tsp    1.0054    1.0033   +0.0021  O2-bolt ≈ O2-bolt-opt（差异在 ±5% 内）
2026-03-31 16:21:47,616 INFO:     72                   Olden_voronoi    1.0117    0.9978   +0.0140  O2-bolt ≈ O2-bolt-opt（差异在 ±5% 内）
2026-03-31 16:21:47,616 INFO:     73                           PAQ8p    0.9805    1.0046   -0.0241  O2-bolt ≈ O2-bolt-opt（差异在 ±5% 内）
2026-03-31 16:21:47,616 INFO:     74                 Prolangs-C++_NP    1.0045    1.0033   +0.0012  O2-bolt ≈ O2-bolt-opt（差异在 ±5% 内）
2026-03-31 16:21:47,616 INFO:     75               Prolangs-C++_city    1.0122    0.9859   +0.0263  O2-bolt ≈ O2-bolt-opt（差异在 ±5% 内）
2026-03-31 16:21:47,617 INFO:     76             Prolangs-C++_deriv1    1.0091    1.0035   +0.0056  O2-bolt ≈ O2-bolt-opt（差异在 ±5% 内）
2026-03-31 16:21:47,617 INFO:     77             Prolangs-C++_deriv2    1.0086    1.0032   +0.0054  O2-bolt ≈ O2-bolt-opt（差异在 ±5% 内）
2026-03-31 16:21:47,617 INFO:     78             Prolangs-C++_employ    1.0096    0.9944   +0.0152  O2-bolt ≈ O2-bolt-opt（差异在 ±5% 内）
2026-03-31 16:21:47,617 INFO:     79             Prolangs-C++_family    1.0082    1.0058   +0.0023  O2-bolt ≈ O2-bolt-opt（差异在 ±5% 内）
2026-03-31 16:21:47,617 INFO:     80                Prolangs-C++_fsm    1.0116    0.9898   +0.0218  O2-bolt ≈ O2-bolt-opt（差异在 ±5% 内）
2026-03-31 16:21:47,617 INFO:     81             Prolangs-C++_garage    1.0126    0.9820   +0.0306  O2-bolt ≈ O2-bolt-opt（差异在 ±5% 内）
2026-03-31 16:21:47,617 INFO:     82               Prolangs-C++_life    1.0074    1.0186   -0.0112  O2-bolt ≈ O2-bolt-opt（差异在 ±5% 内）
2026-03-31 16:21:47,618 INFO:     83            Prolangs-C++_objects    1.0111    0.9875   +0.0236  O2-bolt ≈ O2-bolt-opt（差异在 ±5% 内）
2026-03-31 16:21:47,618 INFO:     84              Prolangs-C++_ocean    1.0111    1.0042   +0.0069  O2-bolt ≈ O2-bolt-opt（差异在 ±5% 内）
2026-03-31 16:21:47,618 INFO:     85             Prolangs-C++_office    1.0084    0.9928   +0.0156  O2-bolt ≈ O2-bolt-opt（差异在 ±5% 内）
2026-03-31 16:21:47,618 INFO:     86             Prolangs-C++_primes    0.9959    1.0111   -0.0152  O2-bolt ≈ O2-bolt-opt（差异在 ±5% 内）
2026-03-31 16:21:47,618 INFO:     87             Prolangs-C++_shapes    1.0143    1.0070   +0.0073  O2-bolt ≈ O2-bolt-opt（差异在 ±5% 内）
2026-03-31 16:21:47,618 INFO:     88              Prolangs-C++_simul    1.0061    1.0258   -0.0198  O2-bolt ≈ O2-bolt-opt（差异在 ±5% 内）
2026-03-31 16:21:47,618 INFO:     89              Prolangs-C++_trees    1.0115    1.0074   +0.0042  O2-bolt ≈ O2-bolt-opt（差异在 ±5% 内）
2026-03-31 16:21:47,619 INFO:     90              Prolangs-C++_vcirc    1.0081    0.9890   +0.0191  O2-bolt ≈ O2-bolt-opt（差异在 ±5% 内）
2026-03-31 16:21:47,619 INFO:     91         Prolangs-C_TimberWolfMC    1.0014    1.0036   -0.0022  O2-bolt ≈ O2-bolt-opt（差异在 ±5% 内）
2026-03-31 16:21:47,619 INFO:     92                Prolangs-C_agrep    1.0013    1.0415   -0.0402  O2-bolt ≈ O2-bolt-opt（差异在 ±5% 内）
2026-03-31 16:21:47,619 INFO:     93             Prolangs-C_allroots    1.0030    1.0082   -0.0052  O2-bolt ≈ O2-bolt-opt（差异在 ±5% 内）
2026-03-31 16:21:47,619 INFO:     94        Prolangs-C_archie-client    1.0041    0.9808   +0.0233  O2-bolt ≈ O2-bolt-opt（差异在 ±5% 内）
2026-03-31 16:21:47,619 INFO:     95            Prolangs-C_assembler    1.0025    1.0257   -0.0232  O2-bolt ≈ O2-bolt-opt（差异在 ±5% 内）
2026-03-31 16:21:47,619 INFO:     96                Prolangs-C_bison    1.0048    1.0009   +0.0039  O2-bolt ≈ O2-bolt-opt（差异在 ±5% 内）
2026-03-31 16:21:47,619 INFO:     97                Prolangs-C_cdecl    0.9951    0.9989   -0.0038  O2-bolt ≈ O2-bolt-opt（差异在 ±5% 内）
2026-03-31 16:21:47,620 INFO:     98             Prolangs-C_compiler    1.0041    0.9895   +0.0146  O2-bolt ≈ O2-bolt-opt（差异在 ±5% 内）
2026-03-31 16:21:47,620 INFO:     99            Prolangs-C_fixoutput    1.0047    0.9902   +0.0145  O2-bolt ≈ O2-bolt-opt（差异在 ±5% 内）
2026-03-31 16:21:47,620 INFO:    100             Prolangs-C_football    1.0041    0.9780   +0.0260  O2-bolt ≈ O2-bolt-opt（差异在 ±5% 内）
2026-03-31 16:21:47,620 INFO:    101                Prolangs-C_gnugo    1.0087    1.0216   -0.0129  O2-bolt ≈ O2-bolt-opt（差异在 ±5% 内）
2026-03-31 16:21:47,620 INFO:    102               Prolangs-C_loader    1.0025    1.0152   -0.0127  O2-bolt ≈ O2-bolt-opt（差异在 ±5% 内）
2026-03-31 16:21:47,620 INFO:    103             Prolangs-C_plot2fig    1.0027    1.0383   -0.0356  O2-bolt ≈ O2-bolt-opt（差异在 ±5% 内）
2026-03-31 16:21:47,620 INFO:    104            Prolangs-C_simulator    1.0025    1.0213   -0.0189  O2-bolt ≈ O2-bolt-opt（差异在 ±5% 内）
2026-03-31 16:21:47,620 INFO:    105           Prolangs-C_unix-smail    1.0016    0.9891   +0.0125  O2-bolt ≈ O2-bolt-opt（差异在 ±5% 内）
2026-03-31 16:21:47,621 INFO:    106             Prolangs-C_unix-tbl    1.0037    0.9875   +0.0162  O2-bolt ≈ O2-bolt-opt（差异在 ±5% 内）
2026-03-31 16:21:47,621 INFO:    107                 Ptrdist_anagram    0.9900    0.9921   -0.0022  O2-bolt ≈ O2-bolt-opt（差异在 ±5% 内）
2026-03-31 16:21:47,621 INFO:    108                      Ptrdist_bc    0.9897    0.9173   +0.0725  O2-bolt ≈ O2-bolt-opt（差异在 ±5% 内）
2026-03-31 16:21:47,621 INFO:    109                      Ptrdist_ft    1.0186    0.9880   +0.0306  O2-bolt ≈ O2-bolt-opt（差异在 ±5% 内）
2026-03-31 16:21:47,621 INFO:    110                      Ptrdist_ks    0.9869    1.0183   -0.0315  O2-bolt ≈ O2-bolt-opt（差异在 ±5% 内）
2026-03-31 16:21:47,621 INFO:    111                   Ptrdist_yacr2    1.0110    1.0910   -0.0801  O2-bolt ≈ O2-bolt-opt（差异在 ±5% 内）
2026-03-31 16:21:47,621 INFO:    112                Rodinia_backprop    0.9980    1.0022   -0.0042  O2-bolt ≈ O2-bolt-opt（差异在 ±5% 内）
2026-03-31 16:21:47,621 INFO:    113                 Rodinia_hotspot    1.0046    0.9939   +0.0106  O2-bolt ≈ O2-bolt-opt（差异在 ±5% 内）
2026-03-31 16:21:47,622 INFO:    114              Rodinia_pathfinder    1.0739    1.0337   +0.0402  O2-bolt 优于 O2-bolt-opt（快 6.9%，加速比 1.07x）
2026-03-31 16:21:47,622 INFO:    115                    Rodinia_srad    0.9762    1.0077   -0.0315  O2-bolt ≈ O2-bolt-opt（差异在 ±5% 内）
2026-03-31 16:21:47,622 INFO:    116                      SciMark2-C    1.0106    0.9971   +0.0136  O2-bolt ≈ O2-bolt-opt（差异在 ±5% 内）
2026-03-31 16:21:47,622 INFO:    117            TSVC_ControlFlow-dbl    1.0179    1.0130   +0.0049  O2-bolt ≈ O2-bolt-opt（差异在 ±5% 内）
2026-03-31 16:21:47,622 INFO:    118            TSVC_ControlFlow-flt    1.0176    1.0244   -0.0069  O2-bolt ≈ O2-bolt-opt（差异在 ±5% 内）
2026-03-31 16:21:47,622 INFO:    119           TSVC_ControlLoops-dbl    0.9980    0.9919   +0.0061  O2-bolt ≈ O2-bolt-opt（差异在 ±5% 内）
2026-03-31 16:21:47,622 INFO:    120           TSVC_ControlLoops-flt    1.0068    0.9965   +0.0103  O2-bolt ≈ O2-bolt-opt（差异在 ±5% 内）
2026-03-31 16:21:47,622 INFO:    121     TSVC_CrossingThresholds-dbl    1.0030    1.0093   -0.0064  O2-bolt ≈ O2-bolt-opt（差异在 ±5% 内）
2026-03-31 16:21:47,623 INFO:    122     TSVC_CrossingThresholds-flt    0.9966    0.9924   +0.0043  O2-bolt ≈ O2-bolt-opt（差异在 ±5% 内）
2026-03-31 16:21:47,623 INFO:    123          TSVC_Equivalencing-dbl    1.1522    1.0353   +0.1169  O2-bolt 优于 O2-bolt-opt（快 13.2%，加速比 1.15x）
2026-03-31 16:21:47,623 INFO:    124          TSVC_Equivalencing-flt    1.1332    1.0349   +0.0983  O2-bolt 优于 O2-bolt-opt（快 11.8%，加速比 1.13x）
2026-03-31 16:21:47,623 INFO:    125              TSVC_Expansion-dbl    1.0601    1.0288   +0.0313  O2-bolt 优于 O2-bolt-opt（快 5.7%，加速比 1.06x）
2026-03-31 16:21:47,623 INFO:    126              TSVC_Expansion-flt    1.1245    1.0089   +0.1156  O2-bolt 优于 O2-bolt-opt（快 11.1%，加速比 1.12x）
2026-03-31 16:21:47,623 INFO:    127         TSVC_GlobalDataFlow-dbl    1.1725    1.0103   +0.1623  O2-bolt 优于 O2-bolt-opt（快 14.7%，加速比 1.17x）
2026-03-31 16:21:47,623 INFO:    128         TSVC_GlobalDataFlow-flt    1.1734    1.0037   +0.1697  O2-bolt 优于 O2-bolt-opt（快 14.8%，加速比 1.17x）
2026-03-31 16:21:47,623 INFO:    129     TSVC_IndirectAddressing-dbl    1.0036    0.9940   +0.0095  O2-bolt ≈ O2-bolt-opt（差异在 ±5% 内）
2026-03-31 16:21:47,624 INFO:    130     TSVC_IndirectAddressing-flt    0.9988    1.0019   -0.0031  O2-bolt ≈ O2-bolt-opt（差异在 ±5% 内）
2026-03-31 16:21:47,624 INFO:    131      TSVC_InductionVariable-dbl    1.0316    0.9549   +0.0767  O2-bolt ≈ O2-bolt-opt（差异在 ±5% 内）
2026-03-31 16:21:47,624 INFO:    132      TSVC_InductionVariable-flt    1.0145    0.9965   +0.0180  O2-bolt ≈ O2-bolt-opt（差异在 ±5% 内）
2026-03-31 16:21:47,624 INFO:    133       TSVC_LinearDependence-dbl    1.0290    1.0133   +0.0156  O2-bolt ≈ O2-bolt-opt（差异在 ±5% 内）
2026-03-31 16:21:47,624 INFO:    134       TSVC_LinearDependence-flt    1.0478    0.9571   +0.0907  O2-bolt ≈ O2-bolt-opt（差异在 ±5% 内）
2026-03-31 16:21:47,624 INFO:    135          TSVC_LoopRerolling-dbl    1.0047    0.9987   +0.0059  O2-bolt ≈ O2-bolt-opt（差异在 ±5% 内）
2026-03-31 16:21:47,624 INFO:    136          TSVC_LoopRerolling-flt    1.0065    1.0027   +0.0038  O2-bolt ≈ O2-bolt-opt（差异在 ±5% 内）
2026-03-31 16:21:47,624 INFO:    137      TSVC_LoopRestructuring-dbl    1.2027    1.0433   +0.1594  O2-bolt 优于 O2-bolt-opt（快 16.9%，加速比 1.20x）
2026-03-31 16:21:47,625 INFO:    138      TSVC_LoopRestructuring-flt    1.1633    1.0416   +0.1217  O2-bolt 优于 O2-bolt-opt（快 14.0%，加速比 1.16x）
2026-03-31 16:21:47,625 INFO:    139          TSVC_NodeSplitting-dbl    1.0753    1.0197   +0.0556  O2-bolt 优于 O2-bolt-opt（快 7.0%，加速比 1.08x）
2026-03-31 16:21:47,625 INFO:    140          TSVC_NodeSplitting-flt    1.0719    0.9769   +0.0950  O2-bolt 优于 O2-bolt-opt（快 6.7%，加速比 1.07x）
2026-03-31 16:21:47,625 INFO:    141                TSVC_Packing-dbl    0.9830    0.9658   +0.0172  O2-bolt ≈ O2-bolt-opt（差异在 ±5% 内）
2026-03-31 16:21:47,625 INFO:    142                TSVC_Packing-flt    0.9955    1.2963   -0.3009  O2-bolt ≈ O2-bolt-opt（差异在 ±5% 内）
2026-03-31 16:21:47,625 INFO:    143            TSVC_Recurrences-dbl    1.3607    1.0561   +0.3047  O2-bolt 优于 O2-bolt-opt（快 26.5%，加速比 1.36x）
2026-03-31 16:21:47,625 INFO:    144            TSVC_Recurrences-flt    1.3605    1.0598   +0.3007  O2-bolt 优于 O2-bolt-opt（快 26.5%，加速比 1.36x）
2026-03-31 16:21:47,626 INFO:    145             TSVC_Reductions-dbl    1.0343    1.0086   +0.0258  O2-bolt ≈ O2-bolt-opt（差异在 ±5% 内）
2026-03-31 16:21:47,626 INFO:    146             TSVC_Reductions-flt    1.0095    1.0213   -0.0119  O2-bolt ≈ O2-bolt-opt（差异在 ±5% 内）
2026-03-31 16:21:47,626 INFO:    147              TSVC_Searching-dbl    1.0104    0.9914   +0.0189  O2-bolt ≈ O2-bolt-opt（差异在 ±5% 内）
2026-03-31 16:21:47,626 INFO:    148              TSVC_Searching-flt    1.0103    0.9950   +0.0153  O2-bolt ≈ O2-bolt-opt（差异在 ±5% 内）
2026-03-31 16:21:47,626 INFO:    149    TSVC_StatementReordering-dbl    1.0546    1.0162   +0.0383  O2-bolt 优于 O2-bolt-opt（快 5.2%，加速比 1.05x）
2026-03-31 16:21:47,626 INFO:    150    TSVC_StatementReordering-flt    1.0527    1.0535   -0.0008  O2-bolt 优于 O2-bolt-opt（快 5.0%，加速比 1.05x）
2026-03-31 16:21:47,626 INFO:    151              TSVC_Symbolics-dbl    1.0088    0.9580   +0.0507  O2-bolt ≈ O2-bolt-opt（差异在 ±5% 内）
2026-03-31 16:21:47,626 INFO:    152              TSVC_Symbolics-flt    1.0040    0.9408   +0.0633  O2-bolt ≈ O2-bolt-opt（差异在 ±5% 内）
2026-03-31 16:21:47,627 INFO:    153               Trimaran_enc-3des    0.9974    1.0017   -0.0043  O2-bolt ≈ O2-bolt-opt（差异在 ±5% 内）
2026-03-31 16:21:47,627 INFO:    154                Trimaran_enc-md5    0.9984    0.9995   -0.0011  O2-bolt ≈ O2-bolt-opt（差异在 ±5% 内）
2026-03-31 16:21:47,627 INFO:    155                Trimaran_enc-pc1    1.0033    0.9986   +0.0047  O2-bolt ≈ O2-bolt-opt（差异在 ±5% 内）
2026-03-31 16:21:47,627 INFO:    156                Trimaran_enc-rc4    1.0041    0.9935   +0.0106  O2-bolt ≈ O2-bolt-opt（差异在 ±5% 内）
2026-03-31 16:21:47,627 INFO:    157           Trimaran_netbench-crc    1.0105    0.9908   +0.0197  O2-bolt ≈ O2-bolt-opt（差异在 ±5% 内）
2026-03-31 16:21:47,627 INFO:    158           Trimaran_netbench-url    1.0128    0.9976   +0.0152  O2-bolt ≈ O2-bolt-opt（差异在 ±5% 内）
2026-03-31 16:21:47,627 INFO:    159                VersaBench_8b10b    0.9968    0.9955   +0.0013  O2-bolt ≈ O2-bolt-opt（差异在 ±5% 内）
2026-03-31 16:21:47,627 INFO:    160           VersaBench_beamformer    1.0203    1.1318   -0.1114  O2-bolt ≈ O2-bolt-opt（差异在 ±5% 内）
2026-03-31 16:21:47,628 INFO:    161                  VersaBench_bmm    0.9984    1.0137   -0.0153  O2-bolt ≈ O2-bolt-opt（差异在 ±5% 内）
2026-03-31 16:21:47,628 INFO:    162                 VersaBench_dbms    1.0034    1.0100   -0.0066  O2-bolt ≈ O2-bolt-opt（差异在 ±5% 内）
2026-03-31 16:21:47,628 INFO:    163               VersaBench_ecbdes    1.0019    1.0070   -0.0051  O2-bolt ≈ O2-bolt-opt（差异在 ±5% 内）
2026-03-31 16:21:47,628 INFO:    164                    llubenchmark    1.0115    0.9812   +0.0303  O2-bolt ≈ O2-bolt-opt（差异在 ±5% 内）
2026-03-31 16:21:47,628 INFO:    165                           mafft    0.9796    0.9227   +0.0568  O2-bolt ≈ O2-bolt-opt（差异在 ±5% 内）
2026-03-31 16:21:47,628 INFO:    166      mediabench_adpcm_rawcaudio    1.0045    0.9922   +0.0123  O2-bolt ≈ O2-bolt-opt（差异在 ±5% 内）
2026-03-31 16:21:47,628 INFO:    167      mediabench_adpcm_rawdaudio    0.9972    0.9957   +0.0015  O2-bolt ≈ O2-bolt-opt（差异在 ±5% 内）
2026-03-31 16:21:47,628 INFO:    168      mediabench_g721_g721encode    1.0417    0.9953   +0.0464  O2-bolt ≈ O2-bolt-opt（差异在 ±5% 内）
2026-03-31 16:21:47,629 INFO:    169            mediabench_gsm_toast    0.9994    1.0288   -0.0295  O2-bolt ≈ O2-bolt-opt（差异在 ±5% 内）
2026-03-31 16:21:47,629 INFO:    170         mediabench_jpeg_jpeg-6a    1.0043    0.9879   +0.0164  O2-bolt ≈ O2-bolt-opt（差异在 ±5% 内）
2026-03-31 16:21:47,629 INFO:    171       mediabench_mpeg2_mpeg2dec    1.1039    0.9745   +0.1294  O2-bolt 优于 O2-bolt-opt（快 9.4%，加速比 1.10x）
2026-03-31 16:21:47,629 INFO:    172                          nbench    1.0281    1.0343   -0.0061  O2-bolt ≈ O2-bolt-opt（差异在 ±5% 内）
2026-03-31 16:21:47,629 INFO:    173                             sim    1.0029    0.9636   +0.0393  O2-bolt ≈ O2-bolt-opt（差异在 ±5% 内）
2026-03-31 16:21:47,629 INFO:    174                      tramp3d-v4    0.9493    0.9921   -0.0429  O2-bolt-opt 优于 O2-bolt（快 5.1%，加速比 1.05x）
2026-03-31 16:21:47,629 INFO: 
  ── 验证指标 ──
2026-03-31 16:21:47,630 INFO:   MAE  = 0.0344
2026-03-31 16:21:47,630 INFO:   MSE  = 0.0041
2026-03-31 16:21:47,630 INFO:   RMSE = 0.0642
2026-03-31 16:21:47,630 INFO:   方向准确率 = 95/174 (54.6%)
2026-03-31 16:21:47,630 INFO:   预测 O2-bolt 更优: 133/174  (真实: 92/174)
2026-03-31 16:21:47,630 INFO:   方向准确率（排除 ±5%）= 12/17 (70.6%)
2026-03-31 16:21:47,722 INFO: 已应用 exp() 变换（log-target 模式）
2026-03-31 16:21:47,722 INFO: ========================================================================
2026-03-31 16:21:47,722 INFO: 版本对: O3-bolt_vs_O3-bolt-opt  (O3-bolt vs O3-bolt-opt)  共 174 个程序
2026-03-31 16:21:47,722 INFO: 标签模式: inst_retired_ratio
2026-03-31 16:21:47,723 INFO: 标签定义: Y = Σinst_v1 / Σinst_v2 (retired instruction ratio)
2026-03-31 16:21:47,723 INFO: 判定方向: Y > 1 视为 O3-bolt 更快，Y < 1 视为 O3-bolt-opt 更快
2026-03-31 16:21:47,723 INFO: ========================================================================
2026-03-31 16:21:47,723 INFO:      #                              程序      预测 Ŷ      真实 Y        误差  判断
2026-03-31 16:21:47,723 INFO:   ------------------------------------------------------------------------
2026-03-31 16:21:47,723 INFO:      1                            7zip    1.0124    1.0158   -0.0034  O3-bolt ≈ O3-bolt-opt（差异在 ±5% 内）
2026-03-31 16:21:47,723 INFO:      2             ASCI_Purple_SMG2000    1.0192    1.0115   +0.0078  O3-bolt ≈ O3-bolt-opt（差异在 ±5% 内）
2026-03-31 16:21:47,724 INFO:      3               ASC_Sequoia_AMGmk    1.0126    1.0063   +0.0062  O3-bolt ≈ O3-bolt-opt（差异在 ±5% 内）
2026-03-31 16:21:47,724 INFO:      4           ASC_Sequoia_CrystalMk    1.0379    0.9998   +0.0381  O3-bolt ≈ O3-bolt-opt（差异在 ±5% 内）
2026-03-31 16:21:47,724 INFO:      5               ASC_Sequoia_IRSmk    1.0083    1.0054   +0.0029  O3-bolt ≈ O3-bolt-opt（差异在 ±5% 内）
2026-03-31 16:21:47,724 INFO:      6                  BitBench_drop3    1.0216    0.9271   +0.0945  O3-bolt ≈ O3-bolt-opt（差异在 ±5% 内）
2026-03-31 16:21:47,724 INFO:      7                 BitBench_five11    1.0115    0.9802   +0.0313  O3-bolt ≈ O3-bolt-opt（差异在 ±5% 内）
2026-03-31 16:21:47,724 INFO:      8               BitBench_uudecode    1.0119    1.7162   -0.7043  O3-bolt ≈ O3-bolt-opt（差异在 ±5% 内）
2026-03-31 16:21:47,724 INFO:      9               BitBench_uuencode    1.0131    1.0127   +0.0004  O3-bolt ≈ O3-bolt-opt（差异在 ±5% 内）
2026-03-31 16:21:47,725 INFO:     10                          Bullet    0.9952    1.0060   -0.0108  O3-bolt ≈ O3-bolt-opt（差异在 ±5% 内）
2026-03-31 16:21:47,725 INFO:     11         DOE-ProxyApps-C++_CLAMR    1.0428    1.0136   +0.0292  O3-bolt ≈ O3-bolt-opt（差异在 ±5% 内）
2026-03-31 16:21:47,725 INFO:     12   DOE-ProxyApps-C++_HACCKernels    1.0002    1.0079   -0.0077  O3-bolt ≈ O3-bolt-opt（差异在 ±5% 内）
2026-03-31 16:21:47,725 INFO:     13         DOE-ProxyApps-C++_HPCCG    0.9826    1.0108   -0.0282  O3-bolt ≈ O3-bolt-opt（差异在 ±5% 内）
2026-03-31 16:21:47,725 INFO:     14       DOE-ProxyApps-C++_PENNANT    1.0106    1.0110   -0.0004  O3-bolt ≈ O3-bolt-opt（差异在 ±5% 内）
2026-03-31 16:21:47,725 INFO:     15        DOE-ProxyApps-C++_miniFE    1.0162    1.0254   -0.0092  O3-bolt ≈ O3-bolt-opt（差异在 ±5% 内）
2026-03-31 16:21:47,726 INFO:     16            DOE-ProxyApps-C_CoMD    1.0623    0.9370   +0.1252  O3-bolt 优于 O3-bolt-opt（快 5.9%，加速比 1.06x）
2026-03-31 16:21:47,726 INFO:     17      DOE-ProxyApps-C_Pathfinder    0.9874    1.0437   -0.0563  O3-bolt ≈ O3-bolt-opt（差异在 ±5% 内）
2026-03-31 16:21:47,726 INFO:     18         DOE-ProxyApps-C_RSBench    0.9974    1.0103   -0.0129  O3-bolt ≈ O3-bolt-opt（差异在 ±5% 内）
2026-03-31 16:21:47,726 INFO:     19       DOE-ProxyApps-C_SimpleMOC    1.1741    1.0159   +0.1581  O3-bolt 优于 O3-bolt-opt（快 14.8%，加速比 1.17x）
2026-03-31 16:21:47,726 INFO:     20         DOE-ProxyApps-C_XSBench    0.9711    0.9845   -0.0134  O3-bolt ≈ O3-bolt-opt（差异在 ±5% 内）
2026-03-31 16:21:47,726 INFO:     21         DOE-ProxyApps-C_miniAMR    0.9964    1.0054   -0.0090  O3-bolt ≈ O3-bolt-opt（差异在 ±5% 内）
2026-03-31 16:21:47,726 INFO:     22         DOE-ProxyApps-C_miniGMG    1.0074    1.0027   +0.0047  O3-bolt ≈ O3-bolt-opt（差异在 ±5% 内）
2026-03-31 16:21:47,727 INFO:     23                     Fhourstones    0.9934    1.0217   -0.0283  O3-bolt ≈ O3-bolt-opt（差异在 ±5% 内）
2026-03-31 16:21:47,727 INFO:     24                 Fhourstones-3.1    1.0682    1.0852   -0.0171  O3-bolt 优于 O3-bolt-opt（快 6.4%，加速比 1.07x）
2026-03-31 16:21:47,727 INFO:     25              FreeBench_analyzer    1.0136    0.9952   +0.0184  O3-bolt ≈ O3-bolt-opt（差异在 ±5% 内）
2026-03-31 16:21:47,727 INFO:     26               FreeBench_distray    1.0145    1.0048   +0.0097  O3-bolt ≈ O3-bolt-opt（差异在 ±5% 内）
2026-03-31 16:21:47,727 INFO:     27            FreeBench_fourinarow    0.9995    1.0071   -0.0076  O3-bolt ≈ O3-bolt-opt（差异在 ±5% 内）
2026-03-31 16:21:47,727 INFO:     28                 FreeBench_mason    0.9894    0.9817   +0.0076  O3-bolt ≈ O3-bolt-opt（差异在 ±5% 内）
2026-03-31 16:21:47,727 INFO:     29                FreeBench_neural    0.9955    1.0148   -0.0193  O3-bolt ≈ O3-bolt-opt（差异在 ±5% 内）
2026-03-31 16:21:47,728 INFO:     30            FreeBench_pcompress2    1.0395    1.0279   +0.0116  O3-bolt ≈ O3-bolt-opt（差异在 ±5% 内）
2026-03-31 16:21:47,728 INFO:     31                 FreeBench_pifft    1.0013    1.0133   -0.0120  O3-bolt ≈ O3-bolt-opt（差异在 ±5% 内）
2026-03-31 16:21:47,728 INFO:     32               MallocBench_cfrac    1.0028    1.0084   -0.0056  O3-bolt ≈ O3-bolt-opt（差异在 ±5% 内）
2026-03-31 16:21:47,728 INFO:     33            MallocBench_espresso    1.0080    1.0373   -0.0294  O3-bolt ≈ O3-bolt-opt（差异在 ±5% 内）
2026-03-31 16:21:47,728 INFO:     34                  MallocBench_gs    0.9945    0.9717   +0.0228  O3-bolt ≈ O3-bolt-opt（差异在 ±5% 内）
2026-03-31 16:21:47,728 INFO:     35                 McCat_01-qbsort    1.0100    0.9816   +0.0284  O3-bolt ≈ O3-bolt-opt（差异在 ±5% 内）
2026-03-31 16:21:47,728 INFO:     36               McCat_03-testtrie    0.9876    0.9551   +0.0325  O3-bolt ≈ O3-bolt-opt（差异在 ±5% 内）
2026-03-31 16:21:47,729 INFO:     37                 McCat_04-bisect    1.0153    1.1022   -0.0869  O3-bolt ≈ O3-bolt-opt（差异在 ±5% 内）
2026-03-31 16:21:47,729 INFO:     38                    McCat_05-eks    0.9767    1.0057   -0.0290  O3-bolt ≈ O3-bolt-opt（差异在 ±5% 内）
2026-03-31 16:21:47,729 INFO:     39                   McCat_08-main    0.9952    0.9987   -0.0036  O3-bolt ≈ O3-bolt-opt（差异在 ±5% 内）
2026-03-31 16:21:47,729 INFO:     40                    McCat_09-vor    1.0161    1.0124   +0.0037  O3-bolt ≈ O3-bolt-opt（差异在 ±5% 内）
2026-03-31 16:21:47,729 INFO:     41                 McCat_12-IOtest    1.0156    0.9938   +0.0217  O3-bolt ≈ O3-bolt-opt（差异在 ±5% 内）
2026-03-31 16:21:47,729 INFO:     42                   McCat_15-trie    0.9998    1.0062   -0.0065  O3-bolt ≈ O3-bolt-opt（差异在 ±5% 内）
2026-03-31 16:21:47,729 INFO:     43                  McCat_17-bintr    1.0210    1.0260   -0.0050  O3-bolt ≈ O3-bolt-opt（差异在 ±5% 内）
2026-03-31 16:21:47,730 INFO:     44                    McCat_18-imp    1.0168    1.1087   -0.0919  O3-bolt ≈ O3-bolt-opt（差异在 ±5% 内）
2026-03-31 16:21:47,730 INFO:     45    MiBench_automotive-basicmath    1.0163    1.0004   +0.0159  O3-bolt ≈ O3-bolt-opt（差异在 ±5% 内）
2026-03-31 16:21:47,730 INFO:     46     MiBench_automotive-bitcount    1.0138    0.9695   +0.0443  O3-bolt ≈ O3-bolt-opt（差异在 ±5% 内）
2026-03-31 16:21:47,730 INFO:     47        MiBench_automotive-susan    1.0214    0.9953   +0.0262  O3-bolt ≈ O3-bolt-opt（差异在 ±5% 内）
2026-03-31 16:21:47,730 INFO:     48           MiBench_consumer-jpeg    1.0097    0.9914   +0.0183  O3-bolt ≈ O3-bolt-opt（差异在 ±5% 内）
2026-03-31 16:21:47,730 INFO:     49           MiBench_consumer-lame    0.9817    0.9948   -0.0131  O3-bolt ≈ O3-bolt-opt（差异在 ±5% 内）
2026-03-31 16:21:47,730 INFO:     50        MiBench_consumer-typeset    0.9952    0.9782   +0.0170  O3-bolt ≈ O3-bolt-opt（差异在 ±5% 内）
2026-03-31 16:21:47,730 INFO:     51        MiBench_network-dijkstra    1.0250    0.8859   +0.1391  O3-bolt ≈ O3-bolt-opt（差异在 ±5% 内）
2026-03-31 16:21:47,731 INFO:     52        MiBench_network-patricia    1.0098    0.9954   +0.0144  O3-bolt ≈ O3-bolt-opt（差异在 ±5% 内）
2026-03-31 16:21:47,731 INFO:     53           MiBench_office-ispell    0.9960    0.9937   +0.0023  O3-bolt ≈ O3-bolt-opt（差异在 ±5% 内）
2026-03-31 16:21:47,731 INFO:     54     MiBench_office-stringsearch    1.0118    1.0078   +0.0040  O3-bolt ≈ O3-bolt-opt（差异在 ±5% 内）
2026-03-31 16:21:47,731 INFO:     55       MiBench_security-blowfish    0.9891    1.0364   -0.0473  O3-bolt ≈ O3-bolt-opt（差异在 ±5% 内）
2026-03-31 16:21:47,731 INFO:     56       MiBench_security-rijndael    1.0327    1.0564   -0.0237  O3-bolt ≈ O3-bolt-opt（差异在 ±5% 内）
2026-03-31 16:21:47,731 INFO:     57            MiBench_security-sha    1.0079    1.0075   +0.0003  O3-bolt ≈ O3-bolt-opt（差异在 ±5% 内）
2026-03-31 16:21:47,731 INFO:     58          MiBench_telecomm-CRC32    0.9829    1.0571   -0.0743  O3-bolt ≈ O3-bolt-opt（差异在 ±5% 内）
2026-03-31 16:21:47,731 INFO:     59            MiBench_telecomm-FFT    1.0037    1.0013   +0.0025  O3-bolt ≈ O3-bolt-opt（差异在 ±5% 内）
2026-03-31 16:21:47,732 INFO:     60          MiBench_telecomm-adpcm    1.0026    0.9977   +0.0050  O3-bolt ≈ O3-bolt-opt（差异在 ±5% 内）
2026-03-31 16:21:47,732 INFO:     61            MiBench_telecomm-gsm    0.9850    0.9943   -0.0093  O3-bolt ≈ O3-bolt-opt（差异在 ±5% 内）
2026-03-31 16:21:47,732 INFO:     62                   NPB-serial_is    1.0072    0.9976   +0.0096  O3-bolt ≈ O3-bolt-opt（差异在 ±5% 内）
2026-03-31 16:21:47,732 INFO:     63                        Olden_bh    1.0226    1.0072   +0.0154  O3-bolt ≈ O3-bolt-opt（差异在 ±5% 内）
2026-03-31 16:21:47,732 INFO:     64                    Olden_bisort    1.0239    1.0063   +0.0176  O3-bolt ≈ O3-bolt-opt（差异在 ±5% 内）
2026-03-31 16:21:47,732 INFO:     65                      Olden_em3d    1.0722    1.3917   -0.3194  O3-bolt 优于 O3-bolt-opt（快 6.7%，加速比 1.07x）
2026-03-31 16:21:47,732 INFO:     66                    Olden_health    0.9987    1.0121   -0.0134  O3-bolt ≈ O3-bolt-opt（差异在 ±5% 内）
2026-03-31 16:21:47,732 INFO:     67                       Olden_mst    1.0014    1.0156   -0.0142  O3-bolt ≈ O3-bolt-opt（差异在 ±5% 内）
2026-03-31 16:21:47,733 INFO:     68                 Olden_perimeter    1.0094    0.9964   +0.0129  O3-bolt ≈ O3-bolt-opt（差异在 ±5% 内）
2026-03-31 16:21:47,733 INFO:     69                     Olden_power    1.0145    1.0005   +0.0139  O3-bolt ≈ O3-bolt-opt（差异在 ±5% 内）
2026-03-31 16:21:47,733 INFO:     70                   Olden_treeadd    1.0126    1.0069   +0.0056  O3-bolt ≈ O3-bolt-opt（差异在 ±5% 内）
2026-03-31 16:21:47,733 INFO:     71                       Olden_tsp    1.0049    1.0085   -0.0035  O3-bolt ≈ O3-bolt-opt（差异在 ±5% 内）
2026-03-31 16:21:47,733 INFO:     72                   Olden_voronoi    1.0107    1.0063   +0.0044  O3-bolt ≈ O3-bolt-opt（差异在 ±5% 内）
2026-03-31 16:21:47,733 INFO:     73                           PAQ8p    0.9807    1.0174   -0.0366  O3-bolt ≈ O3-bolt-opt（差异在 ±5% 内）
2026-03-31 16:21:47,734 INFO:     74                 Prolangs-C++_NP    1.0113    1.0148   -0.0035  O3-bolt ≈ O3-bolt-opt（差异在 ±5% 内）
2026-03-31 16:21:47,734 INFO:     75               Prolangs-C++_city    1.0095    1.0484   -0.0388  O3-bolt ≈ O3-bolt-opt（差异在 ±5% 内）
2026-03-31 16:21:47,734 INFO:     76             Prolangs-C++_deriv1    1.0121    0.9895   +0.0226  O3-bolt ≈ O3-bolt-opt（差异在 ±5% 内）
2026-03-31 16:21:47,734 INFO:     77             Prolangs-C++_deriv2    1.0106    0.9930   +0.0176  O3-bolt ≈ O3-bolt-opt（差异在 ±5% 内）
2026-03-31 16:21:47,734 INFO:     78             Prolangs-C++_employ    1.0107    1.0114   -0.0007  O3-bolt ≈ O3-bolt-opt（差异在 ±5% 内）
2026-03-31 16:21:47,734 INFO:     79             Prolangs-C++_family    1.0100    0.9994   +0.0105  O3-bolt ≈ O3-bolt-opt（差异在 ±5% 内）
2026-03-31 16:21:47,734 INFO:     80                Prolangs-C++_fsm    1.0064    1.0020   +0.0044  O3-bolt ≈ O3-bolt-opt（差异在 ±5% 内）
2026-03-31 16:21:47,735 INFO:     81             Prolangs-C++_garage    1.0097    0.9954   +0.0143  O3-bolt ≈ O3-bolt-opt（差异在 ±5% 内）
2026-03-31 16:21:47,735 INFO:     82               Prolangs-C++_life    1.0074    1.0246   -0.0172  O3-bolt ≈ O3-bolt-opt（差异在 ±5% 内）
2026-03-31 16:21:47,735 INFO:     83            Prolangs-C++_objects    1.0128    1.0007   +0.0121  O3-bolt ≈ O3-bolt-opt（差异在 ±5% 内）
2026-03-31 16:21:47,735 INFO:     84              Prolangs-C++_ocean    1.0105    0.9965   +0.0140  O3-bolt ≈ O3-bolt-opt（差异在 ±5% 内）
2026-03-31 16:21:47,735 INFO:     85             Prolangs-C++_office    1.0122    0.9900   +0.0223  O3-bolt ≈ O3-bolt-opt（差异在 ±5% 内）
2026-03-31 16:21:47,735 INFO:     86             Prolangs-C++_primes    0.9993    1.0037   -0.0044  O3-bolt ≈ O3-bolt-opt（差异在 ±5% 内）
2026-03-31 16:21:47,735 INFO:     87             Prolangs-C++_shapes    1.0168    0.9939   +0.0230  O3-bolt ≈ O3-bolt-opt（差异在 ±5% 内）
2026-03-31 16:21:47,736 INFO:     88              Prolangs-C++_simul    1.0059    0.9907   +0.0152  O3-bolt ≈ O3-bolt-opt（差异在 ±5% 内）
2026-03-31 16:21:47,736 INFO:     89              Prolangs-C++_trees    1.0120    1.0220   -0.0101  O3-bolt ≈ O3-bolt-opt（差异在 ±5% 内）
2026-03-31 16:21:47,736 INFO:     90              Prolangs-C++_vcirc    1.0089    1.0036   +0.0053  O3-bolt ≈ O3-bolt-opt（差异在 ±5% 内）
2026-03-31 16:21:47,736 INFO:     91         Prolangs-C_TimberWolfMC    1.0034    1.0427   -0.0394  O3-bolt ≈ O3-bolt-opt（差异在 ±5% 内）
2026-03-31 16:21:47,736 INFO:     92                Prolangs-C_agrep    1.0107    1.0412   -0.0305  O3-bolt ≈ O3-bolt-opt（差异在 ±5% 内）
2026-03-31 16:21:47,736 INFO:     93             Prolangs-C_allroots    1.0036    1.0382   -0.0347  O3-bolt ≈ O3-bolt-opt（差异在 ±5% 内）
2026-03-31 16:21:47,736 INFO:     94        Prolangs-C_archie-client    1.0044    0.9915   +0.0128  O3-bolt ≈ O3-bolt-opt（差异在 ±5% 内）
2026-03-31 16:21:47,736 INFO:     95            Prolangs-C_assembler    1.0045    1.0422   -0.0377  O3-bolt ≈ O3-bolt-opt（差异在 ±5% 内）
2026-03-31 16:21:47,737 INFO:     96                Prolangs-C_bison    1.0051    0.9982   +0.0069  O3-bolt ≈ O3-bolt-opt（差异在 ±5% 内）
2026-03-31 16:21:47,737 INFO:     97                Prolangs-C_cdecl    0.9932    0.9945   -0.0013  O3-bolt ≈ O3-bolt-opt（差异在 ±5% 内）
2026-03-31 16:21:47,737 INFO:     98             Prolangs-C_compiler    1.0048    1.0009   +0.0040  O3-bolt ≈ O3-bolt-opt（差异在 ±5% 内）
2026-03-31 16:21:47,737 INFO:     99            Prolangs-C_fixoutput    1.0048    0.9894   +0.0154  O3-bolt ≈ O3-bolt-opt（差异在 ±5% 内）
2026-03-31 16:21:47,737 INFO:    100             Prolangs-C_football    1.0053    1.0131   -0.0078  O3-bolt ≈ O3-bolt-opt（差异在 ±5% 内）
2026-03-31 16:21:47,737 INFO:    101                Prolangs-C_gnugo    1.0057    1.0290   -0.0233  O3-bolt ≈ O3-bolt-opt（差异在 ±5% 内）
2026-03-31 16:21:47,737 INFO:    102               Prolangs-C_loader    1.0037    1.0034   +0.0004  O3-bolt ≈ O3-bolt-opt（差异在 ±5% 内）
2026-03-31 16:21:47,737 INFO:    103             Prolangs-C_plot2fig    1.0038    1.0161   -0.0124  O3-bolt ≈ O3-bolt-opt（差异在 ±5% 内）
2026-03-31 16:21:47,738 INFO:    104            Prolangs-C_simulator    1.0035    1.0391   -0.0356  O3-bolt ≈ O3-bolt-opt（差异在 ±5% 内）
2026-03-31 16:21:47,738 INFO:    105           Prolangs-C_unix-smail    1.0014    0.9953   +0.0061  O3-bolt ≈ O3-bolt-opt（差异在 ±5% 内）
2026-03-31 16:21:47,738 INFO:    106             Prolangs-C_unix-tbl    1.0057    1.0130   -0.0073  O3-bolt ≈ O3-bolt-opt（差异在 ±5% 内）
2026-03-31 16:21:47,738 INFO:    107                 Ptrdist_anagram    0.9869    1.0022   -0.0153  O3-bolt ≈ O3-bolt-opt（差异在 ±5% 内）
2026-03-31 16:21:47,738 INFO:    108                      Ptrdist_bc    0.9896    0.9324   +0.0572  O3-bolt ≈ O3-bolt-opt（差异在 ±5% 内）
2026-03-31 16:21:47,738 INFO:    109                      Ptrdist_ft    1.0174    1.0129   +0.0045  O3-bolt ≈ O3-bolt-opt（差异在 ±5% 内）
2026-03-31 16:21:47,738 INFO:    110                      Ptrdist_ks    0.9884    0.8886   +0.0998  O3-bolt ≈ O3-bolt-opt（差异在 ±5% 内）
2026-03-31 16:21:47,738 INFO:    111                   Ptrdist_yacr2    1.0119    1.0827   -0.0709  O3-bolt ≈ O3-bolt-opt（差异在 ±5% 内）
2026-03-31 16:21:47,739 INFO:    112                Rodinia_backprop    0.9947    1.0022   -0.0075  O3-bolt ≈ O3-bolt-opt（差异在 ±5% 内）
2026-03-31 16:21:47,739 INFO:    113                 Rodinia_hotspot    1.0145    1.0010   +0.0136  O3-bolt ≈ O3-bolt-opt（差异在 ±5% 内）
2026-03-31 16:21:47,739 INFO:    114              Rodinia_pathfinder    1.0412    0.9929   +0.0483  O3-bolt ≈ O3-bolt-opt（差异在 ±5% 内）
2026-03-31 16:21:47,739 INFO:    115                    Rodinia_srad    0.9936    1.0223   -0.0287  O3-bolt ≈ O3-bolt-opt（差异在 ±5% 内）
2026-03-31 16:21:47,739 INFO:    116                      SciMark2-C    0.9962    1.0162   -0.0200  O3-bolt ≈ O3-bolt-opt（差异在 ±5% 内）
2026-03-31 16:21:47,739 INFO:    117            TSVC_ControlFlow-dbl    1.0202    1.0357   -0.0154  O3-bolt ≈ O3-bolt-opt（差异在 ±5% 内）
2026-03-31 16:21:47,739 INFO:    118            TSVC_ControlFlow-flt    1.0165    1.0493   -0.0328  O3-bolt ≈ O3-bolt-opt（差异在 ±5% 内）
2026-03-31 16:21:47,739 INFO:    119           TSVC_ControlLoops-dbl    1.0007    0.9995   +0.0012  O3-bolt ≈ O3-bolt-opt（差异在 ±5% 内）
2026-03-31 16:21:47,740 INFO:    120           TSVC_ControlLoops-flt    1.0059    1.0061   -0.0002  O3-bolt ≈ O3-bolt-opt（差异在 ±5% 内）
2026-03-31 16:21:47,740 INFO:    121     TSVC_CrossingThresholds-dbl    1.0024    0.9985   +0.0039  O3-bolt ≈ O3-bolt-opt（差异在 ±5% 内）
2026-03-31 16:21:47,740 INFO:    122     TSVC_CrossingThresholds-flt    1.0031    1.0394   -0.0362  O3-bolt ≈ O3-bolt-opt（差异在 ±5% 内）
2026-03-31 16:21:47,740 INFO:    123          TSVC_Equivalencing-dbl    1.1534    1.0380   +0.1153  O3-bolt 优于 O3-bolt-opt（快 13.3%，加速比 1.15x）
2026-03-31 16:21:47,740 INFO:    124          TSVC_Equivalencing-flt    1.1404    1.0328   +0.1076  O3-bolt 优于 O3-bolt-opt（快 12.3%，加速比 1.14x）
2026-03-31 16:21:47,740 INFO:    125              TSVC_Expansion-dbl    1.0666    1.0179   +0.0487  O3-bolt 优于 O3-bolt-opt（快 6.2%，加速比 1.07x）
2026-03-31 16:21:47,740 INFO:    126              TSVC_Expansion-flt    1.1093    1.0609   +0.0484  O3-bolt 优于 O3-bolt-opt（快 9.9%，加速比 1.11x）
2026-03-31 16:21:47,741 INFO:    127         TSVC_GlobalDataFlow-dbl    1.1078    1.0232   +0.0846  O3-bolt 优于 O3-bolt-opt（快 9.7%，加速比 1.11x）
2026-03-31 16:21:47,741 INFO:    128         TSVC_GlobalDataFlow-flt    1.1787    1.0137   +0.1651  O3-bolt 优于 O3-bolt-opt（快 15.2%，加速比 1.18x）
2026-03-31 16:21:47,741 INFO:    129     TSVC_IndirectAddressing-dbl    1.0011    0.9923   +0.0088  O3-bolt ≈ O3-bolt-opt（差异在 ±5% 内）
2026-03-31 16:21:47,741 INFO:    130     TSVC_IndirectAddressing-flt    1.0046    0.9730   +0.0316  O3-bolt ≈ O3-bolt-opt（差异在 ±5% 内）
2026-03-31 16:21:47,741 INFO:    131      TSVC_InductionVariable-dbl    1.0229    1.0532   -0.0304  O3-bolt ≈ O3-bolt-opt（差异在 ±5% 内）
2026-03-31 16:21:47,741 INFO:    132      TSVC_InductionVariable-flt    1.0134    1.0012   +0.0122  O3-bolt ≈ O3-bolt-opt（差异在 ±5% 内）
2026-03-31 16:21:47,741 INFO:    133       TSVC_LinearDependence-dbl    1.0315    1.0151   +0.0164  O3-bolt ≈ O3-bolt-opt（差异在 ±5% 内）
2026-03-31 16:21:47,742 INFO:    134       TSVC_LinearDependence-flt    1.0501    0.9595   +0.0906  O3-bolt 优于 O3-bolt-opt（快 4.8%，加速比 1.05x）
2026-03-31 16:21:47,742 INFO:    135          TSVC_LoopRerolling-dbl    1.0063    1.0031   +0.0032  O3-bolt ≈ O3-bolt-opt（差异在 ±5% 内）
2026-03-31 16:21:47,742 INFO:    136          TSVC_LoopRerolling-flt    1.0067    0.9985   +0.0082  O3-bolt ≈ O3-bolt-opt（差异在 ±5% 内）
2026-03-31 16:21:47,742 INFO:    137      TSVC_LoopRestructuring-dbl    1.2284    1.0300   +0.1984  O3-bolt 优于 O3-bolt-opt（快 18.6%，加速比 1.23x）
2026-03-31 16:21:47,742 INFO:    138      TSVC_LoopRestructuring-flt    1.1658    1.0305   +0.1353  O3-bolt 优于 O3-bolt-opt（快 14.2%，加速比 1.17x）
2026-03-31 16:21:47,742 INFO:    139          TSVC_NodeSplitting-dbl    1.0736    1.0178   +0.0558  O3-bolt 优于 O3-bolt-opt（快 6.9%，加速比 1.07x）
2026-03-31 16:21:47,742 INFO:    140          TSVC_NodeSplitting-flt    1.0635    1.0996   -0.0361  O3-bolt 优于 O3-bolt-opt（快 6.0%，加速比 1.06x）
2026-03-31 16:21:47,742 INFO:    141                TSVC_Packing-dbl    1.0140    1.1725   -0.1585  O3-bolt ≈ O3-bolt-opt（差异在 ±5% 内）
2026-03-31 16:21:47,743 INFO:    142                TSVC_Packing-flt    1.0139    1.2275   -0.2137  O3-bolt ≈ O3-bolt-opt（差异在 ±5% 内）
2026-03-31 16:21:47,743 INFO:    143            TSVC_Recurrences-dbl    1.3584    1.0605   +0.2978  O3-bolt 优于 O3-bolt-opt（快 26.4%，加速比 1.36x）
2026-03-31 16:21:47,743 INFO:    144            TSVC_Recurrences-flt    1.3571    1.0591   +0.2981  O3-bolt 优于 O3-bolt-opt（快 26.3%，加速比 1.36x）
2026-03-31 16:21:47,743 INFO:    145             TSVC_Reductions-dbl    1.0368    1.0058   +0.0310  O3-bolt ≈ O3-bolt-opt（差异在 ±5% 内）
2026-03-31 16:21:47,743 INFO:    146             TSVC_Reductions-flt    1.0335    1.0095   +0.0240  O3-bolt ≈ O3-bolt-opt（差异在 ±5% 内）
2026-03-31 16:21:47,743 INFO:    147              TSVC_Searching-dbl    0.9971    0.9907   +0.0064  O3-bolt ≈ O3-bolt-opt（差异在 ±5% 内）
2026-03-31 16:21:47,743 INFO:    148              TSVC_Searching-flt    1.0091    0.9965   +0.0125  O3-bolt ≈ O3-bolt-opt（差异在 ±5% 内）
2026-03-31 16:21:47,743 INFO:    149    TSVC_StatementReordering-dbl    1.0516    1.0196   +0.0320  O3-bolt 优于 O3-bolt-opt（快 4.9%，加速比 1.05x）
2026-03-31 16:21:47,744 INFO:    150    TSVC_StatementReordering-flt    1.0562    1.0289   +0.0273  O3-bolt 优于 O3-bolt-opt（快 5.3%，加速比 1.06x）
2026-03-31 16:21:47,744 INFO:    151              TSVC_Symbolics-dbl    0.9976    0.9513   +0.0462  O3-bolt ≈ O3-bolt-opt（差异在 ±5% 内）
2026-03-31 16:21:47,744 INFO:    152              TSVC_Symbolics-flt    1.0015    0.8980   +0.1035  O3-bolt ≈ O3-bolt-opt（差异在 ±5% 内）
2026-03-31 16:21:47,744 INFO:    153               Trimaran_enc-3des    0.9964    1.0035   -0.0071  O3-bolt ≈ O3-bolt-opt（差异在 ±5% 内）
2026-03-31 16:21:47,744 INFO:    154                Trimaran_enc-md5    1.0034    1.0062   -0.0028  O3-bolt ≈ O3-bolt-opt（差异在 ±5% 内）
2026-03-31 16:21:47,744 INFO:    155                Trimaran_enc-pc1    1.0013    1.0024   -0.0011  O3-bolt ≈ O3-bolt-opt（差异在 ±5% 内）
2026-03-31 16:21:47,744 INFO:    156                Trimaran_enc-rc4    1.0040    0.9956   +0.0084  O3-bolt ≈ O3-bolt-opt（差异在 ±5% 内）
2026-03-31 16:21:47,744 INFO:    157           Trimaran_netbench-crc    1.0131    1.0002   +0.0129  O3-bolt ≈ O3-bolt-opt（差异在 ±5% 内）
2026-03-31 16:21:47,745 INFO:    158           Trimaran_netbench-url    1.0131    1.0005   +0.0126  O3-bolt ≈ O3-bolt-opt（差异在 ±5% 内）
2026-03-31 16:21:47,745 INFO:    159                VersaBench_8b10b    0.9823    0.8873   +0.0951  O3-bolt ≈ O3-bolt-opt（差异在 ±5% 内）
2026-03-31 16:21:47,745 INFO:    160           VersaBench_beamformer    1.0163    1.0011   +0.0152  O3-bolt ≈ O3-bolt-opt（差异在 ±5% 内）
2026-03-31 16:21:47,745 INFO:    161                  VersaBench_bmm    0.9991    0.9943   +0.0048  O3-bolt ≈ O3-bolt-opt（差异在 ±5% 内）
2026-03-31 16:21:47,745 INFO:    162                 VersaBench_dbms    1.0063    1.0281   -0.0218  O3-bolt ≈ O3-bolt-opt（差异在 ±5% 内）
2026-03-31 16:21:47,745 INFO:    163               VersaBench_ecbdes    0.9954    1.0135   -0.0181  O3-bolt ≈ O3-bolt-opt（差异在 ±5% 内）
2026-03-31 16:21:47,745 INFO:    164                    llubenchmark    1.0129    1.0041   +0.0089  O3-bolt ≈ O3-bolt-opt（差异在 ±5% 内）
2026-03-31 16:21:47,745 INFO:    165                           mafft    0.9803    1.0142   -0.0339  O3-bolt ≈ O3-bolt-opt（差异在 ±5% 内）
2026-03-31 16:21:47,746 INFO:    166      mediabench_adpcm_rawcaudio    1.0073    0.9965   +0.0108  O3-bolt ≈ O3-bolt-opt（差异在 ±5% 内）
2026-03-31 16:21:47,746 INFO:    167      mediabench_adpcm_rawdaudio    0.9990    1.0134   -0.0144  O3-bolt ≈ O3-bolt-opt（差异在 ±5% 内）
2026-03-31 16:21:47,746 INFO:    168      mediabench_g721_g721encode    1.0260    1.0083   +0.0177  O3-bolt ≈ O3-bolt-opt（差异在 ±5% 内）
2026-03-31 16:21:47,746 INFO:    169            mediabench_gsm_toast    0.9987    0.9983   +0.0004  O3-bolt ≈ O3-bolt-opt（差异在 ±5% 内）
2026-03-31 16:21:47,746 INFO:    170         mediabench_jpeg_jpeg-6a    1.0168    1.0156   +0.0012  O3-bolt ≈ O3-bolt-opt（差异在 ±5% 内）
2026-03-31 16:21:47,746 INFO:    171       mediabench_mpeg2_mpeg2dec    1.0436    0.9687   +0.0748  O3-bolt ≈ O3-bolt-opt（差异在 ±5% 内）
2026-03-31 16:21:47,746 INFO:    172                          nbench    1.0282    0.9667   +0.0615  O3-bolt ≈ O3-bolt-opt（差异在 ±5% 内）
2026-03-31 16:21:47,746 INFO:    173                             sim    1.0052    1.0287   -0.0235  O3-bolt ≈ O3-bolt-opt（差异在 ±5% 内）
2026-03-31 16:21:47,747 INFO:    174                      tramp3d-v4    0.9191    1.0019   -0.0828  O3-bolt-opt 优于 O3-bolt（快 8.1%，加速比 1.09x）
2026-03-31 16:21:47,747 INFO: 
  ── 验证指标 ──
2026-03-31 16:21:47,747 INFO:   MAE  = 0.0386
2026-03-31 16:21:47,747 INFO:   MSE  = 0.0068
2026-03-31 16:21:47,747 INFO:   RMSE = 0.0824
2026-03-31 16:21:47,747 INFO:   方向准确率 = 110/174 (63.2%)
2026-03-31 16:21:47,747 INFO:   预测 O3-bolt 更优: 133/174  (真实: 117/174)
2026-03-31 16:21:47,748 INFO:   方向准确率（排除 ±5%）= 17/22 (77.3%)
2026-03-31 16:21:47,748 INFO: 
