2026-03-31 16:11:52,687 INFO: [LSTM] DirectML 不支持 nn.LSTM，已自动回退到 CPU
2026-03-31 16:11:52,688 INFO: 设备: cpu
2026-03-31 16:11:52,688 INFO: 标签机制: inst_retired
2026-03-31 16:11:52,688 INFO: 自动微调 [inst_retired/lstm]: batch_size=32, bidirectional=True, direction_lambda=1.0, dropout=0.2, epochs=200, grad_clip=1.0, huber_delta=1.0, log_target=True, lr=0.0005, lstm_hidden=64, lstm_out=32, mlp_hidden=32, noise_std=0.02, num_layers=2, pair_swap=True, patience=50, warmup_epochs=15, weight_decay=0.0005
2026-03-31 16:11:52,688 INFO: 加载数据...
2026-03-31 16:11:52,691 INFO:   加载 O1-g_vs_O3-g: 174 样本
2026-03-31 16:11:52,692 INFO:   加载 O2-bolt_vs_O2-bolt-opt: 174 样本
2026-03-31 16:11:52,695 INFO:   加载 O3-bolt_vs_O3-bolt-opt: 174 样本
2026-03-31 16:11:52,697 INFO: 总样本数: 522  序列长度 T=60  特征维度 D=6
2026-03-31 16:11:52,698 INFO: 已启用 log-target 变换: Y → log(Y)
2026-03-31 16:11:52,700 INFO: pair-swap 增强后训练集: 732 样本
2026-03-31 16:11:52,700 INFO: 训练集: 732  验证集: 78  测试集: 78
2026-03-31 16:11:52,704 INFO: 模型类型: lstm
2026-03-31 16:11:52,704 INFO: 
模型参数: 174,209
2026-03-31 16:11:52,704 INFO: SiameseLSTMMicroPerf(
  (backbone): LSTMBackbone(
    (input_proj): Linear(in_features=6, out_features=64, bias=True)
    (lstm): LSTM(64, 64, num_layers=2, batch_first=True, dropout=0.2, bidirectional=True)
    (output_proj): Linear(in_features=128, out_features=32, bias=True)
    (layer_norm): LayerNorm((32,), eps=1e-05, elementwise_affine=True)
    (dropout): Dropout(p=0.2, inplace=False)
  )
  (pool): AttentionPooling(
    (attention): Linear(in_features=32, out_features=1, bias=False)
  )
  (mlp): Sequential(
    (0): Linear(in_features=96, out_features=32, bias=True)
    (1): ReLU()
    (2): Dropout(p=0.2, inplace=False)
    (3): Linear(in_features=32, out_features=16, bias=True)
    (4): ReLU()
    (5): Dropout(p=0.2, inplace=False)
    (6): Linear(in_features=16, out_features=1, bias=True)
  )
)
2026-03-31 16:11:53,332 INFO: 模型保存路径: checkpoints/lstm_best_inst.pt
2026-03-31 16:11:53,332 INFO: 配置保存路径: /home/ssy/Siamese-MicroPerf/configs/lstm_best_inst.json
2026-03-31 16:11:53,333 INFO: 
开始训练 (200 epochs, Huber δ=1.0, patience=50)...
2026-03-31 16:11:53,333 INFO: Epoch   Train Loss   Val Loss    Val MAE    LR          Status
2026-03-31 16:11:53,333 INFO: ----------------------------------------------------------------------
2026-03-31 16:11:59,750 INFO:      1     0.029344    0.013755     0.1420    6.67e-05  ← best
2026-03-31 16:12:05,635 INFO:      2     0.018565    0.009683     0.0822    1.00e-04  ← best
2026-03-31 16:12:17,006 INFO:      4     0.013178    0.009272     0.0678    1.67e-04  ← best
2026-03-31 16:12:22,536 INFO:      5     0.013007    0.008916     0.0668    2.00e-04  ← best
2026-03-31 16:12:28,038 INFO:      6     0.011634    0.008173     0.0641    2.33e-04  ← best
2026-03-31 16:12:33,773 INFO:      7     0.009939    0.007558     0.0615    2.67e-04  ← best
2026-03-31 16:12:39,367 INFO:      8     0.010583    0.007028     0.0648    3.00e-04  ← best
2026-03-31 16:12:44,881 INFO:      9     0.009671    0.006033     0.0602    3.33e-04  ← best
2026-03-31 16:12:50,546 INFO:     10     0.009152    0.006580     0.0616    3.67e-04  
2026-03-31 16:12:56,441 INFO:     11     0.007614    0.005531     0.0646    4.00e-04  ← best
2026-03-31 16:13:08,509 INFO:     13     0.007470    0.005406     0.0516    4.67e-04  ← best
2026-03-31 16:13:20,111 INFO:     15     0.007202    0.005295     0.0539    5.00e-04  ← best
2026-03-31 16:13:32,080 INFO:     17     0.007531    0.005294     0.0632    5.00e-04  ← best
2026-03-31 16:13:43,590 INFO:     19     0.006728    0.004770     0.0534    4.99e-04  ← best
2026-03-31 16:13:49,686 INFO:     20     0.006831    0.004898     0.0562    4.99e-04  
2026-03-31 16:14:51,272 INFO:     30     0.005358    0.004835     0.0507    4.92e-04  
2026-03-31 16:15:11,920 INFO:     33     0.004790    0.004583     0.0476    4.88e-04  ← best
2026-03-31 16:15:55,859 INFO:     40     0.004907    0.004533     0.0498    4.78e-04  ← best
2026-03-31 16:16:19,239 INFO:     44     0.004450    0.004266     0.0438    4.70e-04  ← best
2026-03-31 16:16:30,599 INFO:     46     0.004847    0.004046     0.0444    4.66e-04  ← best
2026-03-31 16:16:54,295 INFO:     50     0.003953    0.005703     0.0501    4.57e-04  
2026-03-31 16:17:52,996 INFO:     60     0.003827    0.005917     0.0519    4.30e-04  
2026-03-31 16:18:52,227 INFO:     70     0.003733    0.005098     0.0461    3.99e-04  
2026-03-31 16:19:59,987 INFO:     80     0.004726    0.005015     0.0481    3.63e-04  
2026-03-31 16:21:03,911 INFO:     90     0.003337    0.006580     0.0510    3.23e-04  
2026-03-31 16:21:33,632 INFO: 
早停触发: 验证 loss 连续 50 epoch 未改善
2026-03-31 16:21:33,814 INFO: ============================================================
2026-03-31 16:21:33,814 INFO: 最佳模型 (epoch 46)
2026-03-31 16:21:33,814 INFO:   Val  Loss = 0.004046  MAE = 0.0444  (模型选择依据)
2026-03-31 16:21:33,814 INFO:   Test Loss = 0.003285  MAE = 0.0393  (最终无偏评估)
2026-03-31 16:21:33,815 INFO:   模型保存: checkpoints/lstm_best_inst.pt
2026-03-31 16:21:33,815 INFO:   配置保存: /home/ssy/Siamese-MicroPerf/configs/lstm_best_inst.json
2026-03-31 16:21:33,815 INFO: 
预测示例 (前 10 个测试样本):
2026-03-31 16:21:33,815 INFO:         真实 Y        预测 Ŷ          误差
2026-03-31 16:21:33,815 INFO:      -0.0804     -0.0206     +0.0598
2026-03-31 16:21:33,815 INFO:      -0.0036      0.0099     +0.0134
2026-03-31 16:21:33,816 INFO:       0.0519      0.0226     -0.0292
2026-03-31 16:21:33,816 INFO:       0.3681      0.2898     -0.0784
2026-03-31 16:21:33,816 INFO:       0.0027      0.0074     +0.0047
2026-03-31 16:21:33,816 INFO:       0.3412      0.3937     +0.0525
2026-03-31 16:21:33,816 INFO:      -0.0876      0.0160     +0.1036
2026-03-31 16:21:33,817 INFO:      -0.0355      0.0066     +0.0421
2026-03-31 16:21:33,817 INFO:       0.0006      0.0146     +0.0140
2026-03-31 16:21:33,817 INFO:      -0.0058      0.0070     +0.0128
