2026-03-30 21:13:23,700 INFO: 自动选择设备: directml
2026-03-30 21:13:23,700 INFO: 设备: privateuseone:0
2026-03-30 21:13:23,700 INFO: 设备类型: directml
2026-03-30 21:13:23,701 INFO: 从配置文件自动加载: /home/ssy/Siamese-MicroPerf/configs/cnn_best_work.json
2026-03-30 21:13:23,844 INFO: 模型加载完成: checkpoints/cnn_best_work.pt  (设备: privateuseone:0)
2026-03-30 21:13:23,844 INFO: 模型类型: cnn
2026-03-30 21:13:23,844 INFO: 模型参数: {'in_features': 6, 'mlp_hidden': 128, 'dropout': 0.1, 'cnn_hidden': 64, 'cnn_out': 128}
2026-03-30 21:13:23,844 INFO: log-target 模式: 推理时将自动应用 exp() 变换
2026-03-30 21:13:23,844 INFO: pair-swap 训练增强: True（此为训练时数据增强，不影响推理逻辑）
2026-03-30 21:13:23,915 INFO: 已应用 exp() 变换（log-target 模式）
2026-03-30 21:13:23,915 INFO: ========================================================================
2026-03-30 21:13:23,915 INFO: 版本对: O1-g_vs_O3-g  (O1-g vs O3-g)  共 163 个程序
2026-03-30 21:13:23,916 INFO: 标签模式: fixed_workload
2026-03-30 21:13:23,916 INFO: 标签定义: Y = T_v2 / T_v1 (time ratio)
2026-03-30 21:13:23,916 INFO: 判定方向: Y > 1 视为 O1-g 更快，Y < 1 视为 O3-g 更快
2026-03-30 21:13:23,916 INFO: ========================================================================
2026-03-30 21:13:23,916 INFO:      #                              程序      预测 Ŷ      真实 Y        误差  判断
2026-03-30 21:13:23,916 INFO:   ------------------------------------------------------------------------
2026-03-30 21:13:23,916 INFO:      1                            7zip    0.9976    1.0000   -0.0024  O1-g ≈ O3-g（差异在 ±5% 内）
2026-03-30 21:13:23,916 INFO:      2             ASCI_Purple_SMG2000    0.8788    0.8750   +0.0038  O3-g 优于 O1-g（快 12.1%，加速比 1.14x）
2026-03-30 21:13:23,917 INFO:      3               ASC_Sequoia_AMGmk    0.9364    0.6667   +0.2698  O3-g 优于 O1-g（快 6.4%，加速比 1.07x）
2026-03-30 21:13:23,917 INFO:      4           ASC_Sequoia_CrystalMk    0.9491    0.9286   +0.0205  O3-g 优于 O1-g（快 5.1%，加速比 1.05x）
2026-03-30 21:13:23,917 INFO:      5               ASC_Sequoia_IRSmk    0.6651    0.6667   -0.0016  O3-g 优于 O1-g（快 33.5%，加速比 1.50x）
2026-03-30 21:13:23,917 INFO:      6                  BitBench_drop3    0.9991    0.9941   +0.0049  O1-g ≈ O3-g（差异在 ±5% 内）
2026-03-30 21:13:23,917 INFO:      7                 BitBench_five11    1.0392    1.0526   -0.0134  O1-g ≈ O3-g（差异在 ±5% 内）
2026-03-30 21:13:23,917 INFO:      8               BitBench_uudecode    0.2649    0.2875   -0.0225  O3-g 优于 O1-g（快 73.5%，加速比 3.77x）
2026-03-30 21:13:23,917 INFO:      9               BitBench_uuencode    0.9661    0.9551   +0.0110  O1-g ≈ O3-g（差异在 ±5% 内）
2026-03-30 21:13:23,917 INFO:     10                          Bullet    0.9264    0.9091   +0.0173  O3-g 优于 O1-g（快 7.4%，加速比 1.08x）
2026-03-30 21:13:23,917 INFO:     11         DOE-ProxyApps-C++_CLAMR    1.0385    1.0323   +0.0062  O1-g ≈ O3-g（差异在 ±5% 内）
2026-03-30 21:13:23,918 INFO:     12   DOE-ProxyApps-C++_HACCKernels    0.9687    0.9524   +0.0163  O1-g ≈ O3-g（差异在 ±5% 内）
2026-03-30 21:13:23,918 INFO:     13         DOE-ProxyApps-C++_HPCCG    0.9983    1.0000   -0.0017  O1-g ≈ O3-g（差异在 ±5% 内）
2026-03-30 21:13:23,918 INFO:     14       DOE-ProxyApps-C++_PENNANT    0.9137    0.8929   +0.0209  O3-g 优于 O1-g（快 8.6%，加速比 1.09x）
2026-03-30 21:13:23,918 INFO:     15        DOE-ProxyApps-C++_miniFE    0.9259    0.9167   +0.0092  O3-g 优于 O1-g（快 7.4%，加速比 1.08x）
2026-03-30 21:13:23,918 INFO:     16            DOE-ProxyApps-C_CoMD    0.9504    0.9565   -0.0061  O1-g ≈ O3-g（差异在 ±5% 内）
2026-03-30 21:13:23,918 INFO:     17      DOE-ProxyApps-C_Pathfinder    0.9954    1.0000   -0.0046  O1-g ≈ O3-g（差异在 ±5% 内）
2026-03-30 21:13:23,918 INFO:     18         DOE-ProxyApps-C_RSBench    0.9973    0.9925   +0.0048  O1-g ≈ O3-g（差异在 ±5% 内）
2026-03-30 21:13:23,918 INFO:     19       DOE-ProxyApps-C_SimpleMOC    0.7236    0.7812   -0.0576  O3-g 优于 O1-g（快 27.6%，加速比 1.38x）
2026-03-30 21:13:23,919 INFO:     20         DOE-ProxyApps-C_XSBench    0.9328    0.9333   -0.0005  O3-g 优于 O1-g（快 6.7%，加速比 1.07x）
2026-03-30 21:13:23,919 INFO:     21         DOE-ProxyApps-C_miniAMR    0.9898    0.9138   +0.0760  O1-g ≈ O3-g（差异在 ±5% 内）
2026-03-30 21:13:23,919 INFO:     22         DOE-ProxyApps-C_miniGMG    0.9143    0.9048   +0.0096  O3-g 优于 O1-g（快 8.6%，加速比 1.09x）
2026-03-30 21:13:23,919 INFO:     23                     Fhourstones    0.9457    0.9455   +0.0003  O3-g 优于 O1-g（快 5.4%，加速比 1.06x）
2026-03-30 21:13:23,919 INFO:     24                 Fhourstones-3.1    0.9937    1.0000   -0.0063  O1-g ≈ O3-g（差异在 ±5% 内）
2026-03-30 21:13:23,919 INFO:     25              FreeBench_analyzer    0.9691    0.9750   -0.0059  O1-g ≈ O3-g（差异在 ±5% 内）
2026-03-30 21:13:23,919 INFO:     26               FreeBench_distray    0.9567    0.9388   +0.0180  O1-g ≈ O3-g（差异在 ±5% 内）
2026-03-30 21:13:23,919 INFO:     27            FreeBench_fourinarow    1.1573    1.2857   -0.1284  O1-g 优于 O3-g（快 13.6%，加速比 1.16x）
2026-03-30 21:13:23,920 INFO:     28                 FreeBench_mason    1.0569    1.0817   -0.0249  O1-g 优于 O3-g（快 5.4%，加速比 1.06x）
2026-03-30 21:13:23,920 INFO:     29                FreeBench_neural    0.9980    1.0027   -0.0047  O1-g ≈ O3-g（差异在 ±5% 内）
2026-03-30 21:13:23,920 INFO:     30            FreeBench_pcompress2    0.9848    0.9608   +0.0240  O1-g ≈ O3-g（差异在 ±5% 内）
2026-03-30 21:13:23,920 INFO:     31                 FreeBench_pifft    0.9052    0.9231   -0.0179  O3-g 优于 O1-g（快 9.5%，加速比 1.10x）
2026-03-30 21:13:23,920 INFO:     32               MallocBench_cfrac    0.9754    0.9811   -0.0058  O1-g ≈ O3-g（差异在 ±5% 内）
2026-03-30 21:13:23,920 INFO:     33            MallocBench_espresso    0.9736    0.9739   -0.0004  O1-g ≈ O3-g（差异在 ±5% 内）
2026-03-30 21:13:23,920 INFO:     34                  MallocBench_gs    1.0187    1.1541   -0.1353  O1-g ≈ O3-g（差异在 ±5% 内）
2026-03-30 21:13:23,920 INFO:     35                 McCat_01-qbsort    1.0284    1.0325   -0.0041  O1-g ≈ O3-g（差异在 ±5% 内）
2026-03-30 21:13:23,921 INFO:     36               McCat_03-testtrie    0.9846    0.9914   -0.0068  O1-g ≈ O3-g（差异在 ±5% 内）
2026-03-30 21:13:23,921 INFO:     37                 McCat_04-bisect    0.9173    0.9159   +0.0014  O3-g 优于 O1-g（快 8.3%，加速比 1.09x）
2026-03-30 21:13:23,921 INFO:     38                   McCat_08-main    1.0356    1.0151   +0.0205  O1-g ≈ O3-g（差异在 ±5% 内）
2026-03-30 21:13:23,921 INFO:     39                    McCat_09-vor    0.9965    0.9895   +0.0070  O1-g ≈ O3-g（差异在 ±5% 内）
2026-03-30 21:13:23,921 INFO:     40                 McCat_12-IOtest    1.0002    1.0068   -0.0067  O1-g ≈ O3-g（差异在 ±5% 内）
2026-03-30 21:13:23,921 INFO:     41                   McCat_15-trie    1.0042    1.0027   +0.0014  O1-g ≈ O3-g（差异在 ±5% 内）
2026-03-30 21:13:23,921 INFO:     42                  McCat_17-bintr    1.0085    1.0000   +0.0085  O1-g ≈ O3-g（差异在 ±5% 内）
2026-03-30 21:13:23,921 INFO:     43                    McCat_18-imp    0.9786    0.9877   -0.0091  O1-g ≈ O3-g（差异在 ±5% 内）
2026-03-30 21:13:23,922 INFO:     44    MiBench_automotive-basicmath    0.9994    1.0000   -0.0006  O1-g ≈ O3-g（差异在 ±5% 内）
2026-03-30 21:13:23,922 INFO:     45     MiBench_automotive-bitcount    0.9574    0.9595   -0.0021  O1-g ≈ O3-g（差异在 ±5% 内）
2026-03-30 21:13:23,922 INFO:     46        MiBench_automotive-susan    0.9979    0.9956   +0.0023  O1-g ≈ O3-g（差异在 ±5% 内）
2026-03-30 21:13:23,922 INFO:     47           MiBench_consumer-jpeg    0.9835    0.8711   +0.1124  O1-g ≈ O3-g（差异在 ±5% 内）
2026-03-30 21:13:23,922 INFO:     48           MiBench_consumer-lame    0.9279    0.8994   +0.0285  O3-g 优于 O1-g（快 7.2%，加速比 1.08x）
2026-03-30 21:13:23,922 INFO:     49        MiBench_consumer-typeset    0.9919    0.9916   +0.0003  O1-g ≈ O3-g（差异在 ±5% 内）
2026-03-30 21:13:23,922 INFO:     50        MiBench_network-dijkstra    1.0022    1.0008   +0.0014  O1-g ≈ O3-g（差异在 ±5% 内）
2026-03-30 21:13:23,922 INFO:     51        MiBench_network-patricia    1.0015    1.0000   +0.0015  O1-g ≈ O3-g（差异在 ±5% 内）
2026-03-30 21:13:23,923 INFO:     52           MiBench_office-ispell    1.0026    1.0109   -0.0083  O1-g ≈ O3-g（差异在 ±5% 内）
2026-03-30 21:13:23,923 INFO:     53     MiBench_office-stringsearch    0.9609    0.9548   +0.0061  O1-g ≈ O3-g（差异在 ±5% 内）
2026-03-30 21:13:23,923 INFO:     54       MiBench_security-blowfish    0.9924    0.9843   +0.0081  O1-g ≈ O3-g（差异在 ±5% 内）
2026-03-30 21:13:23,923 INFO:     55       MiBench_security-rijndael    0.9405    0.9380   +0.0025  O3-g 优于 O1-g（快 6.0%，加速比 1.06x）
2026-03-30 21:13:23,923 INFO:     56            MiBench_security-sha    0.8524    0.7444   +0.1080  O3-g 优于 O1-g（快 14.8%，加速比 1.17x）
2026-03-30 21:13:23,923 INFO:     57          MiBench_telecomm-CRC32    1.0009    0.9977   +0.0031  O1-g ≈ O3-g（差异在 ±5% 内）
2026-03-30 21:13:23,923 INFO:     58            MiBench_telecomm-FFT    0.9831    0.9916   -0.0084  O1-g ≈ O3-g（差异在 ±5% 内）
2026-03-30 21:13:23,924 INFO:     59          MiBench_telecomm-adpcm    1.0000    1.0049   -0.0048  O1-g ≈ O3-g（差异在 ±5% 内）
2026-03-30 21:13:23,924 INFO:     60            MiBench_telecomm-gsm    0.8311    0.8678   -0.0367  O3-g 优于 O1-g（快 16.9%，加速比 1.20x）
2026-03-30 21:13:23,924 INFO:     61                   NPB-serial_is    0.9972    1.0000   -0.0028  O1-g ≈ O3-g（差异在 ±5% 内）
2026-03-30 21:13:23,924 INFO:     62                        Olden_bh    1.0173    1.2188   -0.2014  O1-g ≈ O3-g（差异在 ±5% 内）
2026-03-30 21:13:23,924 INFO:     63                    Olden_bisort    0.9679    0.9889   -0.0210  O1-g ≈ O3-g（差异在 ±5% 内）
2026-03-30 21:13:23,924 INFO:     64                      Olden_em3d    0.9964    1.0000   -0.0036  O1-g ≈ O3-g（差异在 ±5% 内）
2026-03-30 21:13:23,924 INFO:     65                    Olden_health    0.9892    0.9617   +0.0275  O1-g ≈ O3-g（差异在 ±5% 内）
2026-03-30 21:13:23,925 INFO:     66                       Olden_mst    1.0073    1.0141   -0.0068  O1-g ≈ O3-g（差异在 ±5% 内）
2026-03-30 21:13:23,925 INFO:     67                 Olden_perimeter    0.9747    0.9414   +0.0332  O1-g ≈ O3-g（差异在 ±5% 内）
2026-03-30 21:13:23,925 INFO:     68                     Olden_power    0.7277    0.7500   -0.0223  O3-g 优于 O1-g（快 27.2%，加速比 1.37x）
2026-03-30 21:13:23,925 INFO:     69                   Olden_treeadd    0.9993    0.9951   +0.0042  O1-g ≈ O3-g（差异在 ±5% 内）
2026-03-30 21:13:23,925 INFO:     70                       Olden_tsp    0.9693    0.9540   +0.0152  O1-g ≈ O3-g（差异在 ±5% 内）
2026-03-30 21:13:23,925 INFO:     71                   Olden_voronoi    0.9828    0.9879   -0.0050  O1-g ≈ O3-g（差异在 ±5% 内）
2026-03-30 21:13:23,925 INFO:     72                 Prolangs-C++_NP    0.9982    0.9989   -0.0008  O1-g ≈ O3-g（差异在 ±5% 内）
2026-03-30 21:13:23,925 INFO:     73             Prolangs-C++_deriv1    1.0004    0.9959   +0.0045  O1-g ≈ O3-g（差异在 ±5% 内）
2026-03-30 21:13:23,926 INFO:     74             Prolangs-C++_deriv2    1.0042    1.0132   -0.0090  O1-g ≈ O3-g（差异在 ±5% 内）
2026-03-30 21:13:23,926 INFO:     75             Prolangs-C++_employ    1.0007    1.0014   -0.0007  O1-g ≈ O3-g（差异在 ±5% 内）
2026-03-30 21:13:23,926 INFO:     76                Prolangs-C++_fsm    1.0043    1.0151   -0.0108  O1-g ≈ O3-g（差异在 ±5% 内）
2026-03-30 21:13:23,926 INFO:     77             Prolangs-C++_garage    0.9984    0.9917   +0.0067  O1-g ≈ O3-g（差异在 ±5% 内）
2026-03-30 21:13:23,926 INFO:     78               Prolangs-C++_life    0.9639    0.9722   -0.0083  O1-g ≈ O3-g（差异在 ±5% 内）
2026-03-30 21:13:23,926 INFO:     79            Prolangs-C++_objects    0.9983    1.0019   -0.0037  O1-g ≈ O3-g（差异在 ±5% 内）
2026-03-30 21:13:23,926 INFO:     80              Prolangs-C++_ocean    0.9997    1.0016   -0.0019  O1-g ≈ O3-g（差异在 ±5% 内）
2026-03-30 21:13:23,926 INFO:     81             Prolangs-C++_office    1.0039    1.0128   -0.0089  O1-g ≈ O3-g（差异在 ±5% 内）
2026-03-30 21:13:23,927 INFO:     82             Prolangs-C++_primes    0.3932    0.4565   -0.0633  O3-g 优于 O1-g（快 60.7%，加速比 2.54x）
2026-03-30 21:13:23,927 INFO:     83             Prolangs-C++_shapes    0.9983    1.0020   -0.0037  O1-g ≈ O3-g（差异在 ±5% 内）
2026-03-30 21:13:23,927 INFO:     84              Prolangs-C++_simul    0.9773    0.9059   +0.0715  O1-g ≈ O3-g（差异在 ±5% 内）
2026-03-30 21:13:23,927 INFO:     85              Prolangs-C++_trees    1.0002    1.0020   -0.0018  O1-g ≈ O3-g（差异在 ±5% 内）
2026-03-30 21:13:23,927 INFO:     86         Prolangs-C_TimberWolfMC    0.9944    0.9772   +0.0172  O1-g ≈ O3-g（差异在 ±5% 内）
2026-03-30 21:13:23,927 INFO:     87        Prolangs-C_archie-client    1.0005    1.0063   -0.0057  O1-g ≈ O3-g（差异在 ±5% 内）
2026-03-30 21:13:23,927 INFO:     88            Prolangs-C_assembler    1.0047    1.0135   -0.0087  O1-g ≈ O3-g（差异在 ±5% 内）
2026-03-30 21:13:23,927 INFO:     89                Prolangs-C_bison    0.9973    0.9944   +0.0028  O1-g ≈ O3-g（差异在 ±5% 内）
2026-03-30 21:13:23,928 INFO:     90                Prolangs-C_cdecl    1.0054    1.0213   -0.0159  O1-g ≈ O3-g（差异在 ±5% 内）
2026-03-30 21:13:23,928 INFO:     91             Prolangs-C_compiler    1.0053    1.0131   -0.0078  O1-g ≈ O3-g（差异在 ±5% 内）
2026-03-30 21:13:23,928 INFO:     92            Prolangs-C_fixoutput    1.0010    1.0067   -0.0057  O1-g ≈ O3-g（差异在 ±5% 内）
2026-03-30 21:13:23,928 INFO:     93             Prolangs-C_football    1.0054    1.0145   -0.0091  O1-g ≈ O3-g（差异在 ±5% 内）
2026-03-30 21:13:23,928 INFO:     94                Prolangs-C_gnugo    0.9658    0.9586   +0.0073  O1-g ≈ O3-g（差异在 ±5% 内）
2026-03-30 21:13:23,928 INFO:     95               Prolangs-C_loader    1.0057    1.0262   -0.0205  O1-g ≈ O3-g（差异在 ±5% 内）
2026-03-30 21:13:23,928 INFO:     96            Prolangs-C_simulator    1.0011    0.9952   +0.0059  O1-g ≈ O3-g（差异在 ±5% 内）
2026-03-30 21:13:23,928 INFO:     97                 Ptrdist_anagram    0.9846    0.9661   +0.0185  O1-g ≈ O3-g（差异在 ±5% 内）
2026-03-30 21:13:23,929 INFO:     98                      Ptrdist_bc    1.0044    1.0000   +0.0044  O1-g ≈ O3-g（差异在 ±5% 内）
2026-03-30 21:13:23,929 INFO:     99                      Ptrdist_ft    0.7399    0.7400   -0.0001  O3-g 优于 O1-g（快 26.0%，加速比 1.35x）
2026-03-30 21:13:23,929 INFO:    100                      Ptrdist_ks    0.9575    0.9474   +0.0102  O1-g ≈ O3-g（差异在 ±5% 内）
2026-03-30 21:13:23,929 INFO:    101                   Ptrdist_yacr2    0.9260    0.8974   +0.0285  O3-g 优于 O1-g（快 7.4%，加速比 1.08x）
2026-03-30 21:13:23,929 INFO:    102                Rodinia_backprop    0.9162    0.9857   -0.0695  O3-g 优于 O1-g（快 8.4%，加速比 1.09x）
2026-03-30 21:13:23,929 INFO:    103                 Rodinia_hotspot    0.5660    0.5642   +0.0018  O3-g 优于 O1-g（快 43.4%，加速比 1.77x）
2026-03-30 21:13:23,929 INFO:    104              Rodinia_pathfinder    0.9248    0.9121   +0.0127  O3-g 优于 O1-g（快 7.5%，加速比 1.08x）
2026-03-30 21:13:23,929 INFO:    105                    Rodinia_srad    0.5140    0.5543   -0.0403  O3-g 优于 O1-g（快 48.6%，加速比 1.95x）
2026-03-30 21:13:23,930 INFO:    106                      SciMark2-C    0.9962    1.0000   -0.0038  O1-g ≈ O3-g（差异在 ±5% 内）
2026-03-30 21:13:23,930 INFO:    107            TSVC_ControlFlow-dbl    0.8720    0.8571   +0.0149  O3-g 优于 O1-g（快 12.8%，加速比 1.15x）
2026-03-30 21:13:23,930 INFO:    108            TSVC_ControlFlow-flt    0.7924    0.8125   -0.0201  O3-g 优于 O1-g（快 20.8%，加速比 1.26x）
2026-03-30 21:13:23,930 INFO:    109           TSVC_ControlLoops-dbl    0.7594    0.7692   -0.0098  O3-g 优于 O1-g（快 24.1%，加速比 1.32x）
2026-03-30 21:13:23,930 INFO:    110           TSVC_ControlLoops-flt    0.4807    0.5000   -0.0193  O3-g 优于 O1-g（快 51.9%，加速比 2.08x）
2026-03-30 21:13:23,930 INFO:    111     TSVC_CrossingThresholds-dbl    0.7199    0.7333   -0.0134  O3-g 优于 O1-g（快 28.0%，加速比 1.39x）
2026-03-30 21:13:23,930 INFO:    112     TSVC_CrossingThresholds-flt    0.6703    0.6818   -0.0116  O3-g 优于 O1-g（快 33.0%，加速比 1.49x）
2026-03-30 21:13:23,930 INFO:    113          TSVC_Equivalencing-dbl    0.5923    0.6571   -0.0648  O3-g 优于 O1-g（快 40.8%，加速比 1.69x）
2026-03-30 21:13:23,931 INFO:    114          TSVC_Equivalencing-flt    0.2551    0.2821   -0.0270  O3-g 优于 O1-g（快 74.5%，加速比 3.92x）
2026-03-30 21:13:23,931 INFO:    115              TSVC_Expansion-dbl    0.7372    0.7500   -0.0128  O3-g 优于 O1-g（快 26.3%，加速比 1.36x）
2026-03-30 21:13:23,931 INFO:    116              TSVC_Expansion-flt    0.6297    0.5556   +0.0741  O3-g 优于 O1-g（快 37.0%，加速比 1.59x）
2026-03-30 21:13:23,931 INFO:    117         TSVC_GlobalDataFlow-dbl    0.6861    0.7222   -0.0361  O3-g 优于 O1-g（快 31.4%，加速比 1.46x）
2026-03-30 21:13:23,931 INFO:    118         TSVC_GlobalDataFlow-flt    0.4377    0.4474   -0.0097  O3-g 优于 O1-g（快 56.2%，加速比 2.28x）
2026-03-30 21:13:23,931 INFO:    119     TSVC_IndirectAddressing-dbl    0.9997    1.0000   -0.0003  O1-g ≈ O3-g（差异在 ±5% 内）
2026-03-30 21:13:23,931 INFO:    120     TSVC_IndirectAddressing-flt    0.9302    0.9286   +0.0016  O3-g 优于 O1-g（快 7.0%，加速比 1.08x）
2026-03-30 21:13:23,931 INFO:    121      TSVC_InductionVariable-dbl    0.7853    0.8333   -0.0481  O3-g 优于 O1-g（快 21.5%，加速比 1.27x）
2026-03-30 21:13:23,932 INFO:    122      TSVC_InductionVariable-flt    0.7188    0.7500   -0.0312  O3-g 优于 O1-g（快 28.1%，加速比 1.39x）
2026-03-30 21:13:23,932 INFO:    123       TSVC_LinearDependence-dbl    0.7397    0.7647   -0.0250  O3-g 优于 O1-g（快 26.0%，加速比 1.35x）
2026-03-30 21:13:23,932 INFO:    124       TSVC_LinearDependence-flt    0.5018    0.4815   +0.0203  O3-g 优于 O1-g（快 49.8%，加速比 1.99x）
2026-03-30 21:13:23,932 INFO:    125          TSVC_LoopRerolling-dbl    0.7778    0.8182   -0.0403  O3-g 优于 O1-g（快 22.2%，加速比 1.29x）
2026-03-30 21:13:23,932 INFO:    126          TSVC_LoopRerolling-flt    0.7840    0.8182   -0.0341  O3-g 优于 O1-g（快 21.6%，加速比 1.28x）
2026-03-30 21:13:23,932 INFO:    127      TSVC_LoopRestructuring-dbl    0.9964    1.0000   -0.0036  O1-g ≈ O3-g（差异在 ±5% 内）
2026-03-30 21:13:23,932 INFO:    128      TSVC_LoopRestructuring-flt    0.9065    0.9091   -0.0026  O3-g 优于 O1-g（快 9.4%，加速比 1.10x）
2026-03-30 21:13:23,932 INFO:    129          TSVC_NodeSplitting-dbl    0.9237    0.9231   +0.0007  O3-g 优于 O1-g（快 7.6%，加速比 1.08x）
2026-03-30 21:13:23,933 INFO:    130          TSVC_NodeSplitting-flt    0.8979    0.8750   +0.0229  O3-g 优于 O1-g（快 10.2%，加速比 1.11x）
2026-03-30 21:13:23,933 INFO:    131                TSVC_Packing-dbl    0.8605    0.8571   +0.0034  O3-g 优于 O1-g（快 13.9%，加速比 1.16x）
2026-03-30 21:13:23,933 INFO:    132                TSVC_Packing-flt    0.8613    0.8667   -0.0054  O3-g 优于 O1-g（快 13.9%，加速比 1.16x）
2026-03-30 21:13:23,933 INFO:    133            TSVC_Recurrences-dbl    1.0048    1.0000   +0.0048  O1-g ≈ O3-g（差异在 ±5% 内）
2026-03-30 21:13:23,933 INFO:    134            TSVC_Recurrences-flt    1.0035    1.0000   +0.0035  O1-g ≈ O3-g（差异在 ±5% 内）
2026-03-30 21:13:23,933 INFO:    135             TSVC_Reductions-dbl    0.9981    1.0000   -0.0019  O1-g ≈ O3-g（差异在 ±5% 内）
2026-03-30 21:13:23,933 INFO:    136             TSVC_Reductions-flt    0.9404    1.0000   -0.0596  O3-g 优于 O1-g（快 6.0%，加速比 1.06x）
2026-03-30 21:13:23,933 INFO:    137              TSVC_Searching-dbl    0.6674    0.6667   +0.0007  O3-g 优于 O1-g（快 33.3%，加速比 1.50x）
2026-03-30 21:13:23,934 INFO:    138              TSVC_Searching-flt    0.2837    0.3000   -0.0163  O3-g 优于 O1-g（快 71.6%，加速比 3.53x）
2026-03-30 21:13:23,934 INFO:    139    TSVC_StatementReordering-dbl    0.8884    0.9231   -0.0346  O3-g 优于 O1-g（快 11.2%，加速比 1.13x）
2026-03-30 21:13:23,934 INFO:    140    TSVC_StatementReordering-flt    0.9369    0.9412   -0.0043  O3-g 优于 O1-g（快 6.3%，加速比 1.07x）
2026-03-30 21:13:23,934 INFO:    141              TSVC_Symbolics-dbl    0.6558    0.7368   -0.0810  O3-g 优于 O1-g（快 34.4%，加速比 1.52x）
2026-03-30 21:13:23,934 INFO:    142              TSVC_Symbolics-flt    0.3722    0.3824   -0.0102  O3-g 优于 O1-g（快 62.8%，加速比 2.69x）
2026-03-30 21:13:23,934 INFO:    143               Trimaran_enc-3des    0.9534    0.9583   -0.0049  O1-g ≈ O3-g（差异在 ±5% 内）
2026-03-30 21:13:23,934 INFO:    144                Trimaran_enc-md5    1.0001    1.0000   +0.0001  O1-g ≈ O3-g（差异在 ±5% 内）
2026-03-30 21:13:23,934 INFO:    145                Trimaran_enc-pc1    0.5754    0.5603   +0.0150  O3-g 优于 O1-g（快 42.5%，加速比 1.74x）
2026-03-30 21:13:23,935 INFO:    146                Trimaran_enc-rc4    0.9127    0.8958   +0.0169  O3-g 优于 O1-g（快 8.7%，加速比 1.10x）
2026-03-30 21:13:23,935 INFO:    147           Trimaran_netbench-crc    0.9981    1.0000   -0.0019  O1-g ≈ O3-g（差异在 ±5% 内）
2026-03-30 21:13:23,935 INFO:    148           Trimaran_netbench-url    1.0014    1.0000   +0.0014  O1-g ≈ O3-g（差异在 ±5% 内）
2026-03-30 21:13:23,935 INFO:    149                VersaBench_8b10b    0.9903    1.0000   -0.0097  O1-g ≈ O3-g（差异在 ±5% 内）
2026-03-30 21:13:23,935 INFO:    150           VersaBench_beamformer    0.7775    0.7705   +0.0071  O3-g 优于 O1-g（快 22.2%，加速比 1.29x）
2026-03-30 21:13:23,935 INFO:    151                  VersaBench_bmm    0.9996    1.0000   -0.0004  O1-g ≈ O3-g（差异在 ±5% 内）
2026-03-30 21:13:23,935 INFO:    152                 VersaBench_dbms    1.0005    1.0000   +0.0005  O1-g ≈ O3-g（差异在 ±5% 内）
2026-03-30 21:13:23,935 INFO:    153               VersaBench_ecbdes    1.0001    1.0000   +0.0001  O1-g ≈ O3-g（差异在 ±5% 内）
2026-03-30 21:13:23,936 INFO:    154                    llubenchmark    0.9991    1.0000   -0.0009  O1-g ≈ O3-g（差异在 ±5% 内）
2026-03-30 21:13:23,936 INFO:    155                           mafft    0.9996    1.0000   -0.0004  O1-g ≈ O3-g（差异在 ±5% 内）
2026-03-30 21:13:23,936 INFO:    156      mediabench_adpcm_rawcaudio    1.0009    1.0015   -0.0006  O1-g ≈ O3-g（差异在 ±5% 内）
2026-03-30 21:13:23,936 INFO:    157      mediabench_adpcm_rawdaudio    1.0013    1.0154   -0.0141  O1-g ≈ O3-g（差异在 ±5% 内）
2026-03-30 21:13:23,936 INFO:    158      mediabench_g721_g721encode    0.9001    0.8981   +0.0021  O3-g 优于 O1-g（快 10.0%，加速比 1.11x）
2026-03-30 21:13:23,936 INFO:    159            mediabench_gsm_toast    0.8782    0.8490   +0.0292  O3-g 优于 O1-g（快 12.2%，加速比 1.14x）
2026-03-30 21:13:23,936 INFO:    160         mediabench_jpeg_jpeg-6a    0.9969    1.0070   -0.0101  O1-g ≈ O3-g（差异在 ±5% 内）
2026-03-30 21:13:23,937 INFO:    161       mediabench_mpeg2_mpeg2dec    0.9823    0.9766   +0.0056  O1-g ≈ O3-g（差异在 ±5% 内）
2026-03-30 21:13:23,937 INFO:    162                          nbench    0.8620    0.8710   -0.0090  O3-g 优于 O1-g（快 13.8%，加速比 1.16x）
2026-03-30 21:13:23,937 INFO:    163                      tramp3d-v4    0.5909    0.5445   +0.0464  O3-g 优于 O1-g（快 40.9%，加速比 1.69x）
2026-03-30 21:13:23,937 INFO: 
  ── 验证指标 ──
2026-03-30 21:13:23,937 INFO:   MAE  = 0.0192
2026-03-30 21:13:23,937 INFO:   MSE  = 0.0015
2026-03-30 21:13:23,937 INFO:   RMSE = 0.0390
2026-03-30 21:13:23,938 INFO:   方向准确率 = 138/163 (84.7%)
2026-03-30 21:13:23,938 INFO:   预测 O1-g 更优: 40/163  (真实: 33/163)
2026-03-30 21:13:23,938 INFO:   方向准确率（排除 ±5%）= 73/73 (100.0%)
2026-03-30 21:13:23,950 INFO: 已应用 exp() 变换（log-target 模式）
2026-03-30 21:13:23,950 INFO: ========================================================================
2026-03-30 21:13:23,950 INFO: 版本对: O2-bolt_vs_O2-bolt-opt  (O2-bolt vs O2-bolt-opt)  共 165 个程序
2026-03-30 21:13:23,950 INFO: 标签模式: fixed_workload
2026-03-30 21:13:23,950 INFO: 标签定义: Y = T_v2 / T_v1 (time ratio)
2026-03-30 21:13:23,950 INFO: 判定方向: Y > 1 视为 O2-bolt 更快，Y < 1 视为 O2-bolt-opt 更快
2026-03-30 21:13:23,950 INFO: ========================================================================
2026-03-30 21:13:23,950 INFO:      #                              程序      预测 Ŷ      真实 Y        误差  判断
2026-03-30 21:13:23,950 INFO:   ------------------------------------------------------------------------
2026-03-30 21:13:23,951 INFO:      1                            7zip    1.0050    1.0000   +0.0050  O2-bolt ≈ O2-bolt-opt（差异在 ±5% 内）
2026-03-30 21:13:23,951 INFO:      2             ASCI_Purple_SMG2000    1.0003    1.0000   +0.0003  O2-bolt ≈ O2-bolt-opt（差异在 ±5% 内）
2026-03-30 21:13:23,951 INFO:      3               ASC_Sequoia_AMGmk    0.9998    1.0000   -0.0002  O2-bolt ≈ O2-bolt-opt（差异在 ±5% 内）
2026-03-30 21:13:23,951 INFO:      4           ASC_Sequoia_CrystalMk    1.0006    1.0000   +0.0006  O2-bolt ≈ O2-bolt-opt（差异在 ±5% 内）
2026-03-30 21:13:23,951 INFO:      5               ASC_Sequoia_IRSmk    1.0000    1.0000   +0.0000  O2-bolt ≈ O2-bolt-opt（差异在 ±5% 内）
2026-03-30 21:13:23,951 INFO:      6                  BitBench_drop3    1.0667    1.0494   +0.0173  O2-bolt 优于 O2-bolt-opt（快 6.3%，加速比 1.07x）
2026-03-30 21:13:23,951 INFO:      7                 BitBench_five11    0.9652    0.9500   +0.0152  O2-bolt ≈ O2-bolt-opt（差异在 ±5% 内）
2026-03-30 21:13:23,951 INFO:      8               BitBench_uudecode    0.9998    0.9986   +0.0012  O2-bolt ≈ O2-bolt-opt（差异在 ±5% 内）
2026-03-30 21:13:23,952 INFO:      9               BitBench_uuencode    1.0001    0.9997   +0.0004  O2-bolt ≈ O2-bolt-opt（差异在 ±5% 内）
2026-03-30 21:13:23,952 INFO:     10                          Bullet    0.9975    1.0000   -0.0025  O2-bolt ≈ O2-bolt-opt（差异在 ±5% 内）
2026-03-30 21:13:23,952 INFO:     11         DOE-ProxyApps-C++_CLAMR    0.9791    1.0000   -0.0209  O2-bolt ≈ O2-bolt-opt（差异在 ±5% 内）
2026-03-30 21:13:23,952 INFO:     12   DOE-ProxyApps-C++_HACCKernels    0.9990    1.0000   -0.0010  O2-bolt ≈ O2-bolt-opt（差异在 ±5% 内）
2026-03-30 21:13:23,952 INFO:     13         DOE-ProxyApps-C++_HPCCG    0.9995    1.0000   -0.0005  O2-bolt ≈ O2-bolt-opt（差异在 ±5% 内）
2026-03-30 21:13:23,952 INFO:     14       DOE-ProxyApps-C++_PENNANT    1.0001    1.0000   +0.0001  O2-bolt ≈ O2-bolt-opt（差异在 ±5% 内）
2026-03-30 21:13:23,952 INFO:     15        DOE-ProxyApps-C++_miniFE    0.9998    1.0000   -0.0002  O2-bolt ≈ O2-bolt-opt（差异在 ±5% 内）
2026-03-30 21:13:23,953 INFO:     16            DOE-ProxyApps-C_CoMD    0.9407    0.9600   -0.0193  O2-bolt-opt 优于 O2-bolt（快 5.9%，加速比 1.06x）
2026-03-30 21:13:23,953 INFO:     17      DOE-ProxyApps-C_Pathfinder    1.0550    1.0667   -0.0117  O2-bolt 优于 O2-bolt-opt（快 5.2%，加速比 1.05x）
2026-03-30 21:13:23,953 INFO:     18         DOE-ProxyApps-C_RSBench    0.9717    0.9852   -0.0135  O2-bolt ≈ O2-bolt-opt（差异在 ±5% 内）
2026-03-30 21:13:23,953 INFO:     19       DOE-ProxyApps-C_SimpleMOC    1.0040    1.0000   +0.0040  O2-bolt ≈ O2-bolt-opt（差异在 ±5% 内）
2026-03-30 21:13:23,953 INFO:     20         DOE-ProxyApps-C_XSBench    0.9389    0.9375   +0.0014  O2-bolt-opt 优于 O2-bolt（快 6.1%，加速比 1.07x）
2026-03-30 21:13:23,953 INFO:     21         DOE-ProxyApps-C_miniAMR    0.9866    1.0000   -0.0134  O2-bolt ≈ O2-bolt-opt（差异在 ±5% 内）
2026-03-30 21:13:23,953 INFO:     22         DOE-ProxyApps-C_miniGMG    0.9689    0.9841   -0.0153  O2-bolt ≈ O2-bolt-opt（差异在 ±5% 内）
2026-03-30 21:13:23,953 INFO:     23                     Fhourstones    0.9638    0.9811   -0.0173  O2-bolt ≈ O2-bolt-opt（差异在 ±5% 内）
2026-03-30 21:13:23,954 INFO:     24                 Fhourstones-3.1    1.0256    1.0857   -0.0601  O2-bolt ≈ O2-bolt-opt（差异在 ±5% 内）
2026-03-30 21:13:23,954 INFO:     25              FreeBench_analyzer    1.0260    1.0206   +0.0055  O2-bolt ≈ O2-bolt-opt（差异在 ±5% 内）
2026-03-30 21:13:23,954 INFO:     26               FreeBench_distray    0.9988    0.9948   +0.0040  O2-bolt ≈ O2-bolt-opt（差异在 ±5% 内）
2026-03-30 21:13:23,954 INFO:     27            FreeBench_fourinarow    0.9992    1.0000   -0.0008  O2-bolt ≈ O2-bolt-opt（差异在 ±5% 内）
2026-03-30 21:13:23,954 INFO:     28                 FreeBench_mason    0.9824    0.9848   -0.0024  O2-bolt ≈ O2-bolt-opt（差异在 ±5% 内）
2026-03-30 21:13:23,954 INFO:     29                FreeBench_neural    1.0294    1.0217   +0.0076  O2-bolt ≈ O2-bolt-opt（差异在 ±5% 内）
2026-03-30 21:13:23,954 INFO:     30            FreeBench_pcompress2    1.0333    1.0335   -0.0003  O2-bolt ≈ O2-bolt-opt（差异在 ±5% 内）
2026-03-30 21:13:23,954 INFO:     31                 FreeBench_pifft    1.0004    1.0018   -0.0014  O2-bolt ≈ O2-bolt-opt（差异在 ±5% 内）
2026-03-30 21:13:23,955 INFO:     32               MallocBench_cfrac    0.9988    1.0000   -0.0012  O2-bolt ≈ O2-bolt-opt（差异在 ±5% 内）
2026-03-30 21:13:23,955 INFO:     33            MallocBench_espresso    1.0062    1.0000   +0.0062  O2-bolt ≈ O2-bolt-opt（差异在 ±5% 内）
2026-03-30 21:13:23,955 INFO:     34                  MallocBench_gs    0.9537    0.9546   -0.0009  O2-bolt ≈ O2-bolt-opt（差异在 ±5% 内）
2026-03-30 21:13:23,955 INFO:     35                 McCat_01-qbsort    0.9718    0.9744   -0.0026  O2-bolt ≈ O2-bolt-opt（差异在 ±5% 内）
2026-03-30 21:13:23,955 INFO:     36                 McCat_04-bisect    1.0760    1.0136   +0.0624  O2-bolt 优于 O2-bolt-opt（快 7.1%，加速比 1.08x）
2026-03-30 21:13:23,955 INFO:     37                   McCat_08-main    1.0000    1.0000   -0.0000  O2-bolt ≈ O2-bolt-opt（差异在 ±5% 内）
2026-03-30 21:13:23,955 INFO:     38                    McCat_09-vor    1.0043    0.9947   +0.0095  O2-bolt ≈ O2-bolt-opt（差异在 ±5% 内）
2026-03-30 21:13:23,955 INFO:     39                 McCat_12-IOtest    1.0012    0.9932   +0.0079  O2-bolt ≈ O2-bolt-opt（差异在 ±5% 内）
2026-03-30 21:13:23,955 INFO:     40                   McCat_15-trie    1.0085    1.0101   -0.0016  O2-bolt ≈ O2-bolt-opt（差异在 ±5% 内）
2026-03-30 21:13:23,956 INFO:     41                  McCat_17-bintr    0.9869    0.9494   +0.0375  O2-bolt ≈ O2-bolt-opt（差异在 ±5% 内）
2026-03-30 21:13:23,956 INFO:     42                    McCat_18-imp    1.0344    1.1155   -0.0811  O2-bolt ≈ O2-bolt-opt（差异在 ±5% 内）
2026-03-30 21:13:23,956 INFO:     43    MiBench_automotive-basicmath    0.9990    1.0000   -0.0010  O2-bolt ≈ O2-bolt-opt（差异在 ±5% 内）
2026-03-30 21:13:23,956 INFO:     44     MiBench_automotive-bitcount    0.9283    0.8994   +0.0289  O2-bolt-opt 优于 O2-bolt（快 7.2%，加速比 1.08x）
2026-03-30 21:13:23,956 INFO:     45        MiBench_automotive-susan    0.9780    0.9883   -0.0103  O2-bolt ≈ O2-bolt-opt（差异在 ±5% 内）
2026-03-30 21:13:23,956 INFO:     46           MiBench_consumer-jpeg    0.9984    0.9967   +0.0017  O2-bolt ≈ O2-bolt-opt（差异在 ±5% 内）
2026-03-30 21:13:23,956 INFO:     47           MiBench_consumer-lame    0.9873    0.9877   -0.0004  O2-bolt ≈ O2-bolt-opt（差异在 ±5% 内）
2026-03-30 21:13:23,956 INFO:     48        MiBench_consumer-typeset    0.9981    0.9945   +0.0037  O2-bolt ≈ O2-bolt-opt（差异在 ±5% 内）
2026-03-30 21:13:23,957 INFO:     49        MiBench_network-dijkstra    0.9451    0.9192   +0.0258  O2-bolt-opt 优于 O2-bolt（快 5.5%，加速比 1.06x）
2026-03-30 21:13:23,957 INFO:     50        MiBench_network-patricia    0.9880    0.9936   -0.0055  O2-bolt ≈ O2-bolt-opt（差异在 ±5% 内）
2026-03-30 21:13:23,957 INFO:     51           MiBench_office-ispell    1.0053    1.0015   +0.0038  O2-bolt ≈ O2-bolt-opt（差异在 ±5% 内）
2026-03-30 21:13:23,957 INFO:     52     MiBench_office-stringsearch    1.0102    1.0090   +0.0012  O2-bolt ≈ O2-bolt-opt（差异在 ±5% 内）
2026-03-30 21:13:23,957 INFO:     53       MiBench_security-blowfish    1.0064    1.0251   -0.0188  O2-bolt ≈ O2-bolt-opt（差异在 ±5% 内）
2026-03-30 21:13:23,957 INFO:     54       MiBench_security-rijndael    1.0575    1.0469   +0.0106  O2-bolt 优于 O2-bolt-opt（快 5.4%，加速比 1.06x）
2026-03-30 21:13:23,957 INFO:     55            MiBench_security-sha    1.0003    1.0035   -0.0032  O2-bolt ≈ O2-bolt-opt（差异在 ±5% 内）
2026-03-30 21:13:23,958 INFO:     56          MiBench_telecomm-CRC32    1.0076    1.0000   +0.0076  O2-bolt ≈ O2-bolt-opt（差异在 ±5% 内）
2026-03-30 21:13:23,958 INFO:     57            MiBench_telecomm-FFT    0.9977    1.0031   -0.0054  O2-bolt ≈ O2-bolt-opt（差异在 ±5% 内）
2026-03-30 21:13:23,958 INFO:     58          MiBench_telecomm-adpcm    1.0003    0.9976   +0.0027  O2-bolt ≈ O2-bolt-opt（差异在 ±5% 内）
2026-03-30 21:13:23,958 INFO:     59            MiBench_telecomm-gsm    1.0018    1.0076   -0.0057  O2-bolt ≈ O2-bolt-opt（差异在 ±5% 内）
2026-03-30 21:13:23,958 INFO:     60                   NPB-serial_is    1.0000    1.0000   +0.0000  O2-bolt ≈ O2-bolt-opt（差异在 ±5% 内）
2026-03-30 21:13:23,958 INFO:     61                        Olden_bh    1.0080    1.0000   +0.0080  O2-bolt ≈ O2-bolt-opt（差异在 ±5% 内）
2026-03-30 21:13:23,958 INFO:     62                    Olden_bisort    0.9777    0.9778   -0.0000  O2-bolt ≈ O2-bolt-opt（差异在 ±5% 内）
2026-03-30 21:13:23,959 INFO:     63                      Olden_em3d    1.6905    1.6429   +0.0477  O2-bolt 优于 O2-bolt-opt（快 40.8%，加速比 1.69x）
2026-03-30 21:13:23,959 INFO:     64                    Olden_health    0.9949    0.9891   +0.0057  O2-bolt ≈ O2-bolt-opt（差异在 ±5% 内）
2026-03-30 21:13:23,959 INFO:     65                       Olden_mst    0.9936    0.9920   +0.0015  O2-bolt ≈ O2-bolt-opt（差异在 ±5% 内）
2026-03-30 21:13:23,959 INFO:     66                 Olden_perimeter    0.9856    0.9345   +0.0511  O2-bolt ≈ O2-bolt-opt（差异在 ±5% 内）
2026-03-30 21:13:23,959 INFO:     67                     Olden_power    0.9998    1.0000   -0.0002  O2-bolt ≈ O2-bolt-opt（差异在 ±5% 内）
2026-03-30 21:13:23,959 INFO:     68                   Olden_treeadd    0.9822    0.9854   -0.0033  O2-bolt ≈ O2-bolt-opt（差异在 ±5% 内）
2026-03-30 21:13:23,959 INFO:     69                       Olden_tsp    0.9986    1.0000   -0.0014  O2-bolt ≈ O2-bolt-opt（差异在 ±5% 内）
2026-03-30 21:13:23,959 INFO:     70                   Olden_voronoi    1.0059    1.0000   +0.0059  O2-bolt ≈ O2-bolt-opt（差异在 ±5% 内）
2026-03-30 21:13:23,960 INFO:     71                           PAQ8p    1.0042    1.0000   +0.0042  O2-bolt ≈ O2-bolt-opt（差异在 ±5% 内）
2026-03-30 21:13:23,960 INFO:     72                 Prolangs-C++_NP    1.0082    1.0088   -0.0006  O2-bolt ≈ O2-bolt-opt（差异在 ±5% 内）
2026-03-30 21:13:23,960 INFO:     73               Prolangs-C++_city    0.9767    0.9759   +0.0008  O2-bolt ≈ O2-bolt-opt（差异在 ±5% 内）
2026-03-30 21:13:23,960 INFO:     74             Prolangs-C++_deriv1    1.0110    1.0141   -0.0031  O2-bolt ≈ O2-bolt-opt（差异在 ±5% 内）
2026-03-30 21:13:23,960 INFO:     75             Prolangs-C++_deriv2    1.0077    1.0115   -0.0037  O2-bolt ≈ O2-bolt-opt（差异在 ±5% 内）
2026-03-30 21:13:23,960 INFO:     76             Prolangs-C++_employ    0.9879    0.9903   -0.0024  O2-bolt ≈ O2-bolt-opt（差异在 ±5% 内）
2026-03-30 21:13:23,960 INFO:     77             Prolangs-C++_family    1.0065    1.0197   -0.0132  O2-bolt ≈ O2-bolt-opt（差异在 ±5% 内）
2026-03-30 21:13:23,960 INFO:     78                Prolangs-C++_fsm    1.0071    1.0091   -0.0021  O2-bolt ≈ O2-bolt-opt（差异在 ±5% 内）
2026-03-30 21:13:23,961 INFO:     79             Prolangs-C++_garage    1.0011    0.9981   +0.0030  O2-bolt ≈ O2-bolt-opt（差异在 ±5% 内）
2026-03-30 21:13:23,961 INFO:     80               Prolangs-C++_life    0.9985    1.0000   -0.0015  O2-bolt ≈ O2-bolt-opt（差异在 ±5% 内）
2026-03-30 21:13:23,961 INFO:     81            Prolangs-C++_objects    1.0076    1.0114   -0.0038  O2-bolt ≈ O2-bolt-opt（差异在 ±5% 内）
2026-03-30 21:13:23,961 INFO:     82              Prolangs-C++_ocean    0.9999    1.0000   -0.0001  O2-bolt ≈ O2-bolt-opt（差异在 ±5% 内）
2026-03-30 21:13:23,961 INFO:     83             Prolangs-C++_office    1.0015    1.0060   -0.0044  O2-bolt ≈ O2-bolt-opt（差异在 ±5% 内）
2026-03-30 21:13:23,961 INFO:     84             Prolangs-C++_primes    0.9480    0.9580   -0.0101  O2-bolt-opt 优于 O2-bolt（快 5.2%，加速比 1.05x）
2026-03-30 21:13:23,961 INFO:     85             Prolangs-C++_shapes    1.0064    1.0252   -0.0188  O2-bolt ≈ O2-bolt-opt（差异在 ±5% 内）
2026-03-30 21:13:23,961 INFO:     86              Prolangs-C++_simul    1.0156    1.0252   -0.0096  O2-bolt ≈ O2-bolt-opt（差异在 ±5% 内）
2026-03-30 21:13:23,961 INFO:     87              Prolangs-C++_trees    1.0073    1.0176   -0.0103  O2-bolt ≈ O2-bolt-opt（差异在 ±5% 内）
2026-03-30 21:13:23,962 INFO:     88              Prolangs-C++_vcirc    1.0022    1.0016   +0.0006  O2-bolt ≈ O2-bolt-opt（差异在 ±5% 内）
2026-03-30 21:13:23,962 INFO:     89                Prolangs-C_agrep    1.0283    1.0382   -0.0099  O2-bolt ≈ O2-bolt-opt（差异在 ±5% 内）
2026-03-30 21:13:23,962 INFO:     90             Prolangs-C_allroots    1.0098    1.0094   +0.0004  O2-bolt ≈ O2-bolt-opt（差异在 ±5% 内）
2026-03-30 21:13:23,962 INFO:     91                Prolangs-C_bison    0.9882    0.9879   +0.0002  O2-bolt ≈ O2-bolt-opt（差异在 ±5% 内）
2026-03-30 21:13:23,962 INFO:     92                Prolangs-C_cdecl    0.9996    1.0122   -0.0126  O2-bolt ≈ O2-bolt-opt（差异在 ±5% 内）
2026-03-30 21:13:23,962 INFO:     93            Prolangs-C_fixoutput    1.0032    0.9965   +0.0067  O2-bolt ≈ O2-bolt-opt（差异在 ±5% 内）
2026-03-30 21:13:23,962 INFO:     94             Prolangs-C_football    1.0043    0.9975   +0.0068  O2-bolt ≈ O2-bolt-opt（差异在 ±5% 内）
2026-03-30 21:13:23,962 INFO:     95                Prolangs-C_gnugo    1.0090    1.0098   -0.0008  O2-bolt ≈ O2-bolt-opt（差异在 ±5% 内）
2026-03-30 21:13:23,963 INFO:     96               Prolangs-C_loader    1.0098    1.0238   -0.0140  O2-bolt ≈ O2-bolt-opt（差异在 ±5% 内）
2026-03-30 21:13:23,963 INFO:     97            Prolangs-C_simulator    1.0102    1.0159   -0.0058  O2-bolt ≈ O2-bolt-opt（差异在 ±5% 内）
2026-03-30 21:13:23,963 INFO:     98           Prolangs-C_unix-smail    1.0007    0.9970   +0.0037  O2-bolt ≈ O2-bolt-opt（差异在 ±5% 内）
2026-03-30 21:13:23,963 INFO:     99             Prolangs-C_unix-tbl    1.0086    1.0225   -0.0138  O2-bolt ≈ O2-bolt-opt（差异在 ±5% 内）
2026-03-30 21:13:23,963 INFO:    100                 Ptrdist_anagram    0.9657    0.9833   -0.0177  O2-bolt ≈ O2-bolt-opt（差异在 ±5% 内）
2026-03-30 21:13:23,963 INFO:    101                      Ptrdist_bc    0.8971    0.9045   -0.0074  O2-bolt-opt 优于 O2-bolt（快 10.3%，加速比 1.11x）
2026-03-30 21:13:23,963 INFO:    102                      Ptrdist_ft    1.0010    1.0000   +0.0010  O2-bolt ≈ O2-bolt-opt（差异在 ±5% 内）
2026-03-30 21:13:23,964 INFO:    103                      Ptrdist_ks    0.9792    0.9831   -0.0039  O2-bolt ≈ O2-bolt-opt（差异在 ±5% 内）
2026-03-30 21:13:23,964 INFO:    104                   Ptrdist_yacr2    1.0925    1.0938   -0.0012  O2-bolt 优于 O2-bolt-opt（快 8.5%，加速比 1.09x）
2026-03-30 21:13:23,964 INFO:    105                Rodinia_backprop    1.0012    1.0000   +0.0012  O2-bolt ≈ O2-bolt-opt（差异在 ±5% 内）
2026-03-30 21:13:23,964 INFO:    106                 Rodinia_hotspot    1.0001    0.9923   +0.0079  O2-bolt ≈ O2-bolt-opt（差异在 ±5% 内）
2026-03-30 21:13:23,964 INFO:    107              Rodinia_pathfinder    1.0134    1.0345   -0.0211  O2-bolt ≈ O2-bolt-opt（差异在 ±5% 内）
2026-03-30 21:13:23,964 INFO:    108                    Rodinia_srad    1.0029    1.0000   +0.0029  O2-bolt ≈ O2-bolt-opt（差异在 ±5% 内）
2026-03-30 21:13:23,964 INFO:    109                      SciMark2-C    0.9999    1.0000   -0.0001  O2-bolt ≈ O2-bolt-opt（差异在 ±5% 内）
2026-03-30 21:13:23,964 INFO:    110            TSVC_ControlFlow-dbl    0.9988    1.0000   -0.0012  O2-bolt ≈ O2-bolt-opt（差异在 ±5% 内）
2026-03-30 21:13:23,965 INFO:    111            TSVC_ControlFlow-flt    0.9917    1.0000   -0.0083  O2-bolt ≈ O2-bolt-opt（差异在 ±5% 内）
2026-03-30 21:13:23,965 INFO:    112           TSVC_ControlLoops-dbl    1.0027    1.0000   +0.0027  O2-bolt ≈ O2-bolt-opt（差异在 ±5% 内）
2026-03-30 21:13:23,965 INFO:    113           TSVC_ControlLoops-flt    0.9986    1.0000   -0.0014  O2-bolt ≈ O2-bolt-opt（差异在 ±5% 内）
2026-03-30 21:13:23,965 INFO:    114     TSVC_CrossingThresholds-dbl    1.0012    1.0000   +0.0012  O2-bolt ≈ O2-bolt-opt（差异在 ±5% 内）
2026-03-30 21:13:23,965 INFO:    115     TSVC_CrossingThresholds-flt    0.9475    0.9565   -0.0090  O2-bolt-opt 优于 O2-bolt（快 5.2%，加速比 1.06x）
2026-03-30 21:13:23,965 INFO:    116          TSVC_Equivalencing-dbl    1.0003    1.0000   +0.0003  O2-bolt ≈ O2-bolt-opt（差异在 ±5% 内）
2026-03-30 21:13:23,965 INFO:    117          TSVC_Equivalencing-flt    0.9998    1.0000   -0.0002  O2-bolt ≈ O2-bolt-opt（差异在 ±5% 内）
2026-03-30 21:13:23,965 INFO:    118              TSVC_Expansion-dbl    0.9995    1.0000   -0.0005  O2-bolt ≈ O2-bolt-opt（差异在 ±5% 内）
2026-03-30 21:13:23,966 INFO:    119              TSVC_Expansion-flt    0.9494    0.9643   -0.0149  O2-bolt-opt 优于 O2-bolt（快 5.1%，加速比 1.05x）
2026-03-30 21:13:23,966 INFO:    120         TSVC_GlobalDataFlow-dbl    0.9987    1.0000   -0.0013  O2-bolt ≈ O2-bolt-opt（差异在 ±5% 内）
2026-03-30 21:13:23,966 INFO:    121         TSVC_GlobalDataFlow-flt    0.8942    0.9744   -0.0802  O2-bolt-opt 优于 O2-bolt（快 10.6%，加速比 1.12x）
2026-03-30 21:13:23,966 INFO:    122     TSVC_IndirectAddressing-dbl    1.0019    1.0000   +0.0019  O2-bolt ≈ O2-bolt-opt（差异在 ±5% 内）
2026-03-30 21:13:23,966 INFO:    123     TSVC_IndirectAddressing-flt    0.9999    1.0000   -0.0001  O2-bolt ≈ O2-bolt-opt（差异在 ±5% 内）
2026-03-30 21:13:23,966 INFO:    124      TSVC_InductionVariable-dbl    0.9954    1.0000   -0.0046  O2-bolt ≈ O2-bolt-opt（差异在 ±5% 内）
2026-03-30 21:13:23,966 INFO:    125      TSVC_InductionVariable-flt    0.9975    1.0000   -0.0025  O2-bolt ≈ O2-bolt-opt（差异在 ±5% 内）
2026-03-30 21:13:23,966 INFO:    126       TSVC_LinearDependence-dbl    0.9997    1.0000   -0.0003  O2-bolt ≈ O2-bolt-opt（差异在 ±5% 内）
2026-03-30 21:13:23,966 INFO:    127       TSVC_LinearDependence-flt    0.9298    0.9333   -0.0036  O2-bolt-opt 优于 O2-bolt（快 7.0%，加速比 1.08x）
2026-03-30 21:13:23,967 INFO:    128          TSVC_LoopRerolling-dbl    1.0002    1.0000   +0.0002  O2-bolt ≈ O2-bolt-opt（差异在 ±5% 内）
2026-03-30 21:13:23,967 INFO:    129          TSVC_LoopRerolling-flt    1.0000    1.0000   -0.0000  O2-bolt ≈ O2-bolt-opt（差异在 ±5% 内）
2026-03-30 21:13:23,967 INFO:    130      TSVC_LoopRestructuring-dbl    1.0004    1.0000   +0.0004  O2-bolt ≈ O2-bolt-opt（差异在 ±5% 内）
2026-03-30 21:13:23,967 INFO:    131      TSVC_LoopRestructuring-flt    0.9992    1.0000   -0.0008  O2-bolt ≈ O2-bolt-opt（差异在 ±5% 内）
2026-03-30 21:13:23,967 INFO:    132          TSVC_NodeSplitting-dbl    1.0009    1.0000   +0.0009  O2-bolt ≈ O2-bolt-opt（差异在 ±5% 内）
2026-03-30 21:13:23,967 INFO:    133          TSVC_NodeSplitting-flt    0.9482    0.9412   +0.0070  O2-bolt-opt 优于 O2-bolt（快 5.2%，加速比 1.05x）
2026-03-30 21:13:23,968 INFO:    134                TSVC_Packing-dbl    1.0040    1.0000   +0.0040  O2-bolt ≈ O2-bolt-opt（差异在 ±5% 内）
2026-03-30 21:13:23,968 INFO:    135                TSVC_Packing-flt    1.3796    1.3333   +0.0462  O2-bolt 优于 O2-bolt-opt（快 27.5%，加速比 1.38x）
2026-03-30 21:13:23,968 INFO:    136            TSVC_Recurrences-dbl    0.9984    1.0000   -0.0016  O2-bolt ≈ O2-bolt-opt（差异在 ±5% 内）
2026-03-30 21:13:23,968 INFO:    137            TSVC_Recurrences-flt    0.9993    1.0000   -0.0007  O2-bolt ≈ O2-bolt-opt（差异在 ±5% 内）
2026-03-30 21:13:23,968 INFO:    138             TSVC_Reductions-dbl    1.0007    1.0000   +0.0007  O2-bolt ≈ O2-bolt-opt（差异在 ±5% 内）
2026-03-30 21:13:23,968 INFO:    139             TSVC_Reductions-flt    1.0011    1.0000   +0.0011  O2-bolt ≈ O2-bolt-opt（差异在 ±5% 内）
2026-03-30 21:13:23,968 INFO:    140              TSVC_Searching-dbl    0.9981    1.0000   -0.0019  O2-bolt ≈ O2-bolt-opt（差异在 ±5% 内）
2026-03-30 21:13:23,969 INFO:    141              TSVC_Searching-flt    1.0081    1.0000   +0.0081  O2-bolt ≈ O2-bolt-opt（差异在 ±5% 内）
2026-03-30 21:13:23,969 INFO:    142    TSVC_StatementReordering-dbl    1.0027    1.0000   +0.0027  O2-bolt ≈ O2-bolt-opt（差异在 ±5% 内）
2026-03-30 21:13:23,969 INFO:    143    TSVC_StatementReordering-flt    1.0684    1.0625   +0.0059  O2-bolt 优于 O2-bolt-opt（快 6.4%，加速比 1.07x）
2026-03-30 21:13:23,969 INFO:    144              TSVC_Symbolics-dbl    0.9983    1.0000   -0.0017  O2-bolt ≈ O2-bolt-opt（差异在 ±5% 内）
2026-03-30 21:13:23,969 INFO:    145              TSVC_Symbolics-flt    0.8972    0.9444   -0.0472  O2-bolt-opt 优于 O2-bolt（快 10.3%，加速比 1.11x）
2026-03-30 21:13:23,969 INFO:    146               Trimaran_enc-3des    0.9995    1.0000   -0.0005  O2-bolt ≈ O2-bolt-opt（差异在 ±5% 内）
2026-03-30 21:13:23,969 INFO:    147                Trimaran_enc-md5    1.0017    1.0000   +0.0017  O2-bolt ≈ O2-bolt-opt（差异在 ±5% 内）
2026-03-30 21:13:23,970 INFO:    148                Trimaran_enc-pc1    1.0010    1.0000   +0.0010  O2-bolt ≈ O2-bolt-opt（差异在 ±5% 内）
2026-03-30 21:13:23,970 INFO:    149                Trimaran_enc-rc4    0.9654    0.9796   -0.0142  O2-bolt ≈ O2-bolt-opt（差异在 ±5% 内）
2026-03-30 21:13:23,970 INFO:    150           Trimaran_netbench-crc    1.0008    1.0000   +0.0008  O2-bolt ≈ O2-bolt-opt（差异在 ±5% 内）
2026-03-30 21:13:23,970 INFO:    151           Trimaran_netbench-url    1.0008    1.0000   +0.0008  O2-bolt ≈ O2-bolt-opt（差异在 ±5% 内）
2026-03-30 21:13:23,970 INFO:    152                VersaBench_8b10b    1.0066    1.0000   +0.0066  O2-bolt ≈ O2-bolt-opt（差异在 ±5% 内）
2026-03-30 21:13:23,970 INFO:    153           VersaBench_beamformer    1.1558    1.1296   +0.0262  O2-bolt 优于 O2-bolt-opt（快 13.5%，加速比 1.16x）
2026-03-30 21:13:23,970 INFO:    154                  VersaBench_bmm    0.9998    1.0000   -0.0002  O2-bolt ≈ O2-bolt-opt（差异在 ±5% 内）
2026-03-30 21:13:23,971 INFO:    155                 VersaBench_dbms    1.0097    1.0000   +0.0097  O2-bolt ≈ O2-bolt-opt（差异在 ±5% 内）
2026-03-30 21:13:23,971 INFO:    156               VersaBench_ecbdes    1.0004    1.0000   +0.0004  O2-bolt ≈ O2-bolt-opt（差异在 ±5% 内）
2026-03-30 21:13:23,971 INFO:    157                    llubenchmark    0.9990    1.0000   -0.0010  O2-bolt ≈ O2-bolt-opt（差异在 ±5% 内）
2026-03-30 21:13:23,971 INFO:    158                           mafft    0.9995    1.0000   -0.0005  O2-bolt ≈ O2-bolt-opt（差异在 ±5% 内）
2026-03-30 21:13:23,971 INFO:    159      mediabench_adpcm_rawcaudio    1.0005    0.9970   +0.0034  O2-bolt ≈ O2-bolt-opt（差异在 ±5% 内）
2026-03-30 21:13:23,971 INFO:    160      mediabench_adpcm_rawdaudio    0.9995    0.9908   +0.0087  O2-bolt ≈ O2-bolt-opt（差异在 ±5% 内）
2026-03-30 21:13:23,971 INFO:    161      mediabench_g721_g721encode    0.9853    0.9828   +0.0025  O2-bolt ≈ O2-bolt-opt（差异在 ±5% 内）
2026-03-30 21:13:23,971 INFO:    162            mediabench_gsm_toast    1.0394    1.0302   +0.0091  O2-bolt ≈ O2-bolt-opt（差异在 ±5% 内）
2026-03-30 21:13:23,972 INFO:    163       mediabench_mpeg2_mpeg2dec    0.9584    0.9592   -0.0008  O2-bolt ≈ O2-bolt-opt（差异在 ±5% 内）
2026-03-30 21:13:23,972 INFO:    164                          nbench    1.0648    1.0312   +0.0336  O2-bolt 优于 O2-bolt-opt（快 6.1%，加速比 1.06x）
2026-03-30 21:13:23,972 INFO:    165                      tramp3d-v4    0.9950    0.9896   +0.0054  O2-bolt ≈ O2-bolt-opt（差异在 ±5% 内）
2026-03-30 21:13:23,972 INFO: 
  ── 验证指标 ──
2026-03-30 21:13:23,972 INFO:   MAE  = 0.0081
2026-03-30 21:13:23,972 INFO:   MSE  = 0.0003
2026-03-30 21:13:23,973 INFO:   RMSE = 0.0159
2026-03-30 21:13:23,973 INFO:   方向准确率 = 117/165 (70.9%)
2026-03-30 21:13:23,973 INFO:   预测 O2-bolt 更优: 85/165  (真实: 43/165)
2026-03-30 21:13:23,973 INFO:   方向准确率（排除 ±5%）= 18/18 (100.0%)
2026-03-30 21:13:23,986 INFO: 已应用 exp() 变换（log-target 模式）
2026-03-30 21:13:23,986 INFO: ========================================================================
2026-03-30 21:13:23,986 INFO: 版本对: O3-bolt_vs_O3-bolt-opt  (O3-bolt vs O3-bolt-opt)  共 161 个程序
2026-03-30 21:13:23,986 INFO: 标签模式: fixed_workload
2026-03-30 21:13:23,987 INFO: 标签定义: Y = T_v2 / T_v1 (time ratio)
2026-03-30 21:13:23,987 INFO: 判定方向: Y > 1 视为 O3-bolt 更快，Y < 1 视为 O3-bolt-opt 更快
2026-03-30 21:13:23,987 INFO: ========================================================================
2026-03-30 21:13:23,987 INFO:      #                              程序      预测 Ŷ      真实 Y        误差  判断
2026-03-30 21:13:23,987 INFO:   ------------------------------------------------------------------------
2026-03-30 21:13:23,987 INFO:      1                            7zip    1.0074    1.0000   +0.0074  O3-bolt ≈ O3-bolt-opt（差异在 ±5% 内）
2026-03-30 21:13:23,987 INFO:      2             ASCI_Purple_SMG2000    0.9993    1.0000   -0.0007  O3-bolt ≈ O3-bolt-opt（差异在 ±5% 内）
2026-03-30 21:13:23,987 INFO:      3               ASC_Sequoia_AMGmk    1.0006    1.0000   +0.0006  O3-bolt ≈ O3-bolt-opt（差异在 ±5% 内）
2026-03-30 21:13:23,988 INFO:      4           ASC_Sequoia_CrystalMk    1.0005    1.0000   +0.0005  O3-bolt ≈ O3-bolt-opt（差异在 ±5% 内）
2026-03-30 21:13:23,988 INFO:      5               ASC_Sequoia_IRSmk    1.0000    1.0000   +0.0000  O3-bolt ≈ O3-bolt-opt（差异在 ±5% 内）
2026-03-30 21:13:23,988 INFO:      6                  BitBench_drop3    0.9452    0.9341   +0.0112  O3-bolt-opt 优于 O3-bolt（快 5.5%，加速比 1.06x）
2026-03-30 21:13:23,988 INFO:      7                 BitBench_five11    0.9678    0.9500   +0.0178  O3-bolt ≈ O3-bolt-opt（差异在 ±5% 内）
2026-03-30 21:13:23,988 INFO:      8               BitBench_uudecode    1.6452    1.7186   -0.0733  O3-bolt 优于 O3-bolt-opt（快 39.2%，加速比 1.65x）
2026-03-30 21:13:23,988 INFO:      9               BitBench_uuencode    0.9998    1.0052   -0.0054  O3-bolt ≈ O3-bolt-opt（差异在 ±5% 内）
2026-03-30 21:13:23,988 INFO:     10                          Bullet    0.9976    1.0000   -0.0024  O3-bolt ≈ O3-bolt-opt（差异在 ±5% 内）
2026-03-30 21:13:23,989 INFO:     11         DOE-ProxyApps-C++_CLAMR    0.9849    1.0000   -0.0151  O3-bolt ≈ O3-bolt-opt（差异在 ±5% 内）
2026-03-30 21:13:23,989 INFO:     12   DOE-ProxyApps-C++_HACCKernels    0.9999    1.0000   -0.0001  O3-bolt ≈ O3-bolt-opt（差异在 ±5% 内）
2026-03-30 21:13:23,989 INFO:     13         DOE-ProxyApps-C++_HPCCG    0.9986    1.0000   -0.0014  O3-bolt ≈ O3-bolt-opt（差异在 ±5% 内）
2026-03-30 21:13:23,989 INFO:     14       DOE-ProxyApps-C++_PENNANT    0.9991    1.0000   -0.0009  O3-bolt ≈ O3-bolt-opt（差异在 ±5% 内）
2026-03-30 21:13:23,989 INFO:     15        DOE-ProxyApps-C++_miniFE    1.0003    1.0000   +0.0003  O3-bolt ≈ O3-bolt-opt（差异在 ±5% 内）
2026-03-30 21:13:23,989 INFO:     16            DOE-ProxyApps-C_CoMD    0.9280    0.9200   +0.0080  O3-bolt-opt 优于 O3-bolt（快 7.2%，加速比 1.08x）
2026-03-30 21:13:23,989 INFO:     17      DOE-ProxyApps-C_Pathfinder    1.0570    1.0667   -0.0097  O3-bolt 优于 O3-bolt-opt（快 5.4%，加速比 1.06x）
2026-03-30 21:13:23,989 INFO:     18         DOE-ProxyApps-C_RSBench    0.9986    1.0000   -0.0014  O3-bolt ≈ O3-bolt-opt（差异在 ±5% 内）
2026-03-30 21:13:23,990 INFO:     19       DOE-ProxyApps-C_SimpleMOC    0.9762    0.9697   +0.0065  O3-bolt ≈ O3-bolt-opt（差异在 ±5% 内）
2026-03-30 21:13:23,990 INFO:     20         DOE-ProxyApps-C_XSBench    0.9508    0.9375   +0.0133  O3-bolt ≈ O3-bolt-opt（差异在 ±5% 内）
2026-03-30 21:13:23,990 INFO:     21         DOE-ProxyApps-C_miniAMR    0.9971    1.0000   -0.0029  O3-bolt ≈ O3-bolt-opt（差异在 ±5% 内）
2026-03-30 21:13:23,990 INFO:     22         DOE-ProxyApps-C_miniGMG    1.0058    1.0000   +0.0058  O3-bolt ≈ O3-bolt-opt（差异在 ±5% 内）
2026-03-30 21:13:23,990 INFO:     23                     Fhourstones    1.0423    1.0370   +0.0053  O3-bolt ≈ O3-bolt-opt（差异在 ±5% 内）
2026-03-30 21:13:23,990 INFO:     24                 Fhourstones-3.1    1.0312    1.0857   -0.0545  O3-bolt ≈ O3-bolt-opt（差异在 ±5% 内）
2026-03-30 21:13:23,990 INFO:     25              FreeBench_analyzer    0.9994    0.9962   +0.0031  O3-bolt ≈ O3-bolt-opt（差异在 ±5% 内）
2026-03-30 21:13:23,991 INFO:     26               FreeBench_distray    0.9981    1.0000   -0.0019  O3-bolt ≈ O3-bolt-opt（差异在 ±5% 内）
2026-03-30 21:13:23,991 INFO:     27            FreeBench_fourinarow    0.9962    1.0000   -0.0038  O3-bolt ≈ O3-bolt-opt（差异在 ±5% 内）
2026-03-30 21:13:23,991 INFO:     28                 FreeBench_mason    0.9784    0.9847   -0.0063  O3-bolt ≈ O3-bolt-opt（差异在 ±5% 内）
2026-03-30 21:13:23,991 INFO:     29                FreeBench_neural    1.0433    1.0109   +0.0325  O3-bolt ≈ O3-bolt-opt（差异在 ±5% 内）
2026-03-30 21:13:23,991 INFO:     30            FreeBench_pcompress2    1.0368    1.0060   +0.0307  O3-bolt ≈ O3-bolt-opt（差异在 ±5% 内）
2026-03-30 21:13:23,991 INFO:     31                 FreeBench_pifft    1.0334    1.0127   +0.0207  O3-bolt ≈ O3-bolt-opt（差异在 ±5% 内）
2026-03-30 21:13:23,991 INFO:     32               MallocBench_cfrac    0.9668    0.9811   -0.0143  O3-bolt ≈ O3-bolt-opt（差异在 ±5% 内）
2026-03-30 21:13:23,992 INFO:     33            MallocBench_espresso    1.0286    1.0179   +0.0107  O3-bolt ≈ O3-bolt-opt（差异在 ±5% 内）
2026-03-30 21:13:23,992 INFO:     34                  MallocBench_gs    0.9528    0.9430   +0.0098  O3-bolt ≈ O3-bolt-opt（差异在 ±5% 内）
2026-03-30 21:13:23,992 INFO:     35                 McCat_01-qbsort    0.9691    0.9774   -0.0082  O3-bolt ≈ O3-bolt-opt（差异在 ±5% 内）
2026-03-30 21:13:23,992 INFO:     36                 McCat_04-bisect    1.0594    1.1034   -0.0440  O3-bolt 优于 O3-bolt-opt（快 5.6%，加速比 1.06x）
2026-03-30 21:13:23,992 INFO:     37                   McCat_08-main    1.0009    1.0000   +0.0009  O3-bolt ≈ O3-bolt-opt（差异在 ±5% 内）
2026-03-30 21:13:23,992 INFO:     38                    McCat_09-vor    1.0276    1.0160   +0.0116  O3-bolt ≈ O3-bolt-opt（差异在 ±5% 内）
2026-03-30 21:13:23,992 INFO:     39                 McCat_12-IOtest    1.0009    0.9932   +0.0077  O3-bolt ≈ O3-bolt-opt（差异在 ±5% 内）
2026-03-30 21:13:23,992 INFO:     40                   McCat_15-trie    1.0081    1.0226   -0.0145  O3-bolt ≈ O3-bolt-opt（差异在 ±5% 内）
2026-03-30 21:13:23,993 INFO:     41                  McCat_17-bintr    0.9978    1.0000   -0.0022  O3-bolt ≈ O3-bolt-opt（差异在 ±5% 内）
2026-03-30 21:13:23,993 INFO:     42                    McCat_18-imp    1.0175    1.0995   -0.0820  O3-bolt ≈ O3-bolt-opt（差异在 ±5% 内）
2026-03-30 21:13:23,993 INFO:     43    MiBench_automotive-basicmath    0.9937    1.0000   -0.0063  O3-bolt ≈ O3-bolt-opt（差异在 ±5% 内）
2026-03-30 21:13:23,993 INFO:     44     MiBench_automotive-bitcount    0.9476    0.9655   -0.0179  O3-bolt-opt 优于 O3-bolt（快 5.2%，加速比 1.06x）
2026-03-30 21:13:23,993 INFO:     45        MiBench_automotive-susan    0.9772    0.9868   -0.0097  O3-bolt ≈ O3-bolt-opt（差异在 ±5% 内）
2026-03-30 21:13:23,993 INFO:     46           MiBench_consumer-jpeg    0.9921    0.9872   +0.0050  O3-bolt ≈ O3-bolt-opt（差异在 ±5% 内）
2026-03-30 21:13:23,993 INFO:     47           MiBench_consumer-lame    0.9933    0.9880   +0.0053  O3-bolt ≈ O3-bolt-opt（差异在 ±5% 内）
2026-03-30 21:13:23,994 INFO:     48        MiBench_consumer-typeset    0.9920    0.9886   +0.0034  O3-bolt ≈ O3-bolt-opt（差异在 ±5% 内）
2026-03-30 21:13:23,994 INFO:     49        MiBench_network-dijkstra    0.9346    0.9219   +0.0127  O3-bolt-opt 优于 O3-bolt（快 6.5%，加速比 1.07x）
2026-03-30 21:13:23,994 INFO:     50        MiBench_network-patricia    0.9990    0.9957   +0.0032  O3-bolt ≈ O3-bolt-opt（差异在 ±5% 内）
2026-03-30 21:13:23,994 INFO:     51           MiBench_office-ispell    1.0044    1.0066   -0.0022  O3-bolt ≈ O3-bolt-opt（差异在 ±5% 内）
2026-03-30 21:13:23,994 INFO:     52     MiBench_office-stringsearch    1.0081    1.0157   -0.0077  O3-bolt ≈ O3-bolt-opt（差异在 ±5% 内）
2026-03-30 21:13:23,994 INFO:     53       MiBench_security-rijndael    1.0625    1.0591   +0.0034  O3-bolt 优于 O3-bolt-opt（快 5.9%，加速比 1.06x）
2026-03-30 21:13:23,994 INFO:     54            MiBench_security-sha    0.9992    1.0075   -0.0082  O3-bolt ≈ O3-bolt-opt（差异在 ±5% 内）
2026-03-30 21:13:23,995 INFO:     55          MiBench_telecomm-CRC32    1.0076    1.0069   +0.0007  O3-bolt ≈ O3-bolt-opt（差异在 ±5% 内）
2026-03-30 21:13:23,995 INFO:     56            MiBench_telecomm-FFT    1.0008    0.9969   +0.0039  O3-bolt ≈ O3-bolt-opt（差异在 ±5% 内）
2026-03-30 21:13:23,995 INFO:     57          MiBench_telecomm-adpcm    1.0007    0.9976   +0.0031  O3-bolt ≈ O3-bolt-opt（差异在 ±5% 内）
2026-03-30 21:13:23,995 INFO:     58            MiBench_telecomm-gsm    1.0041    0.9928   +0.0113  O3-bolt ≈ O3-bolt-opt（差异在 ±5% 内）
2026-03-30 21:13:23,995 INFO:     59                   NPB-serial_is    1.0005    1.0000   +0.0005  O3-bolt ≈ O3-bolt-opt（差异在 ±5% 内）
2026-03-30 21:13:23,995 INFO:     60                        Olden_bh    1.0077    1.0000   +0.0077  O3-bolt ≈ O3-bolt-opt（差异在 ±5% 内）
2026-03-30 21:13:23,996 INFO:     61                    Olden_bisort    0.9752    0.9891   -0.0139  O3-bolt ≈ O3-bolt-opt（差异在 ±5% 内）
2026-03-30 21:13:23,996 INFO:     62                      Olden_em3d    1.7625    1.6429   +0.1196  O3-bolt 优于 O3-bolt-opt（快 43.3%，加速比 1.76x）
2026-03-30 21:13:23,996 INFO:     63                    Olden_health    1.0021    1.0000   +0.0021  O3-bolt ≈ O3-bolt-opt（差异在 ±5% 内）
2026-03-30 21:13:23,996 INFO:     64                       Olden_mst    0.9981    1.0020   -0.0039  O3-bolt ≈ O3-bolt-opt（差异在 ±5% 内）
2026-03-30 21:13:23,996 INFO:     65                 Olden_perimeter    0.9870    0.9912   -0.0041  O3-bolt ≈ O3-bolt-opt（差异在 ±5% 内）
2026-03-30 21:13:23,996 INFO:     66                     Olden_power    0.9723    0.9870   -0.0147  O3-bolt ≈ O3-bolt-opt（差异在 ±5% 内）
2026-03-30 21:13:23,997 INFO:     67                   Olden_treeadd    1.0001    1.0049   -0.0048  O3-bolt ≈ O3-bolt-opt（差异在 ±5% 内）
2026-03-30 21:13:23,997 INFO:     68                       Olden_tsp    1.0185    1.0115   +0.0070  O3-bolt ≈ O3-bolt-opt（差异在 ±5% 内）
2026-03-30 21:13:23,997 INFO:     69                   Olden_voronoi    1.0060    1.0061   -0.0001  O3-bolt ≈ O3-bolt-opt（差异在 ±5% 内）
2026-03-30 21:13:23,997 INFO:     70                           PAQ8p    1.0034    1.0000   +0.0034  O3-bolt ≈ O3-bolt-opt（差异在 ±5% 内）
2026-03-30 21:13:23,997 INFO:     71                 Prolangs-C++_NP    1.0093    1.0239   -0.0146  O3-bolt ≈ O3-bolt-opt（差异在 ±5% 内）
2026-03-30 21:13:23,997 INFO:     72             Prolangs-C++_deriv1    1.0014    1.0014   +0.0000  O3-bolt ≈ O3-bolt-opt（差异在 ±5% 内）
2026-03-30 21:13:23,997 INFO:     73             Prolangs-C++_deriv2    1.0007    1.0078   -0.0072  O3-bolt ≈ O3-bolt-opt（差异在 ±5% 内）
2026-03-30 21:13:23,998 INFO:     74             Prolangs-C++_employ    1.0092    1.0104   -0.0012  O3-bolt ≈ O3-bolt-opt（差异在 ±5% 内）
2026-03-30 21:13:23,998 INFO:     75                Prolangs-C++_fsm    1.0000    1.0083   -0.0083  O3-bolt ≈ O3-bolt-opt（差异在 ±5% 内）
2026-03-30 21:13:23,998 INFO:     76             Prolangs-C++_garage    1.0072    1.0093   -0.0021  O3-bolt ≈ O3-bolt-opt（差异在 ±5% 内）
2026-03-30 21:13:23,998 INFO:     77               Prolangs-C++_life    1.0507    1.0286   +0.0221  O3-bolt 优于 O3-bolt-opt（快 4.8%，加速比 1.05x）
2026-03-30 21:13:23,998 INFO:     78            Prolangs-C++_objects    1.0075    1.0146   -0.0070  O3-bolt ≈ O3-bolt-opt（差异在 ±5% 内）
2026-03-30 21:13:23,998 INFO:     79              Prolangs-C++_ocean    1.0004    0.9920   +0.0083  O3-bolt ≈ O3-bolt-opt（差异在 ±5% 内）
2026-03-30 21:13:23,999 INFO:     80             Prolangs-C++_office    1.0026    0.9976   +0.0050  O3-bolt ≈ O3-bolt-opt（差异在 ±5% 内）
2026-03-30 21:13:23,999 INFO:     81             Prolangs-C++_primes    0.9702    0.9521   +0.0181  O3-bolt ≈ O3-bolt-opt（差异在 ±5% 内）
2026-03-30 21:13:23,999 INFO:     82             Prolangs-C++_shapes    1.0005    1.0009   -0.0004  O3-bolt ≈ O3-bolt-opt（差异在 ±5% 内）
2026-03-30 21:13:23,999 INFO:     83              Prolangs-C++_simul    1.0003    0.9927   +0.0076  O3-bolt ≈ O3-bolt-opt（差异在 ±5% 内）
2026-03-30 21:13:23,999 INFO:     84              Prolangs-C++_trees    1.0045    1.0263   -0.0218  O3-bolt ≈ O3-bolt-opt（差异在 ±5% 内）
2026-03-30 21:13:23,999 INFO:     85         Prolangs-C_TimberWolfMC    1.0096    1.0175   -0.0078  O3-bolt ≈ O3-bolt-opt（差异在 ±5% 内）
2026-03-30 21:13:24,000 INFO:     86                Prolangs-C_agrep    1.0177    1.0310   -0.0133  O3-bolt ≈ O3-bolt-opt（差异在 ±5% 内）
2026-03-30 21:13:24,000 INFO:     87             Prolangs-C_allroots    1.0103    1.0128   -0.0024  O3-bolt ≈ O3-bolt-opt（差异在 ±5% 内）
2026-03-30 21:13:24,000 INFO:     88        Prolangs-C_archie-client    1.0076    1.0116   -0.0040  O3-bolt ≈ O3-bolt-opt（差异在 ±5% 内）
2026-03-30 21:13:24,000 INFO:     89                Prolangs-C_bison    0.9995    0.9933   +0.0062  O3-bolt ≈ O3-bolt-opt（差异在 ±5% 内）
2026-03-30 21:13:24,000 INFO:     90                Prolangs-C_cdecl    0.9996    1.0133   -0.0137  O3-bolt ≈ O3-bolt-opt（差异在 ±5% 内）
2026-03-30 21:13:24,000 INFO:     91             Prolangs-C_football    1.0066    1.0212   -0.0146  O3-bolt ≈ O3-bolt-opt（差异在 ±5% 内）
2026-03-30 21:13:24,001 INFO:     92                Prolangs-C_gnugo    1.0192    1.0174   +0.0019  O3-bolt ≈ O3-bolt-opt（差异在 ±5% 内）
2026-03-30 21:13:24,001 INFO:     93           Prolangs-C_unix-smail    1.0006    1.0062   -0.0056  O3-bolt ≈ O3-bolt-opt（差异在 ±5% 内）
2026-03-30 21:13:24,001 INFO:     94             Prolangs-C_unix-tbl    1.0081    1.0171   -0.0090  O3-bolt ≈ O3-bolt-opt（差异在 ±5% 内）
2026-03-30 21:13:24,001 INFO:     95                 Ptrdist_anagram    0.9712    0.9833   -0.0122  O3-bolt ≈ O3-bolt-opt（差异在 ±5% 内）
2026-03-30 21:13:24,001 INFO:     96                      Ptrdist_bc    0.9291    0.9161   +0.0130  O3-bolt-opt 优于 O3-bolt（快 7.1%，加速比 1.08x）
2026-03-30 21:13:24,001 INFO:     97                      Ptrdist_ft    1.0804    1.0200   +0.0604  O3-bolt 优于 O3-bolt-opt（快 7.4%，加速比 1.08x）
2026-03-30 21:13:24,001 INFO:     98                      Ptrdist_ks    0.9775    0.8507   +0.1267  O3-bolt ≈ O3-bolt-opt（差异在 ±5% 内）
2026-03-30 21:13:24,002 INFO:     99                   Ptrdist_yacr2    1.1073    1.0833   +0.0239  O3-bolt 优于 O3-bolt-opt（快 9.7%，加速比 1.11x）
2026-03-30 21:13:24,002 INFO:    100                Rodinia_backprop    1.0019    1.0000   +0.0019  O3-bolt ≈ O3-bolt-opt（差异在 ±5% 内）
2026-03-30 21:13:24,002 INFO:    101                 Rodinia_hotspot    1.0017    1.0039   -0.0021  O3-bolt ≈ O3-bolt-opt（差异在 ±5% 内）
2026-03-30 21:13:24,002 INFO:    102              Rodinia_pathfinder    0.9978    1.0000   -0.0022  O3-bolt ≈ O3-bolt-opt（差异在 ±5% 内）
2026-03-30 21:13:24,002 INFO:    103                    Rodinia_srad    1.0160    1.0110   +0.0050  O3-bolt ≈ O3-bolt-opt（差异在 ±5% 内）
2026-03-30 21:13:24,002 INFO:    104                      SciMark2-C    1.0001    1.0000   +0.0001  O3-bolt ≈ O3-bolt-opt（差异在 ±5% 内）
2026-03-30 21:13:24,003 INFO:    105            TSVC_ControlFlow-dbl    0.9993    1.0000   -0.0007  O3-bolt ≈ O3-bolt-opt（差异在 ±5% 内）
2026-03-30 21:13:24,003 INFO:    106            TSVC_ControlFlow-flt    1.0669    1.0667   +0.0002  O3-bolt 优于 O3-bolt-opt（快 6.3%，加速比 1.07x）
2026-03-30 21:13:24,003 INFO:    107           TSVC_ControlLoops-dbl    0.9970    1.0000   -0.0030  O3-bolt ≈ O3-bolt-opt（差异在 ±5% 内）
2026-03-30 21:13:24,003 INFO:    108           TSVC_ControlLoops-flt    0.9976    1.0000   -0.0024  O3-bolt ≈ O3-bolt-opt（差异在 ±5% 内）
2026-03-30 21:13:24,003 INFO:    109     TSVC_CrossingThresholds-dbl    0.9999    1.0000   -0.0001  O3-bolt ≈ O3-bolt-opt（差异在 ±5% 内）
2026-03-30 21:13:24,003 INFO:    110     TSVC_CrossingThresholds-flt    1.0005    1.0000   +0.0005  O3-bolt ≈ O3-bolt-opt（差异在 ±5% 内）
2026-03-30 21:13:24,004 INFO:    111          TSVC_Equivalencing-dbl    1.0011    1.0000   +0.0011  O3-bolt ≈ O3-bolt-opt（差异在 ±5% 内）
2026-03-30 21:13:24,004 INFO:    112          TSVC_Equivalencing-flt    1.0494    1.0128   +0.0366  O3-bolt ≈ O3-bolt-opt（差异在 ±5% 内）
2026-03-30 21:13:24,004 INFO:    113              TSVC_Expansion-dbl    1.0011    1.0000   +0.0011  O3-bolt ≈ O3-bolt-opt（差异在 ±5% 内）
2026-03-30 21:13:24,004 INFO:    114              TSVC_Expansion-flt    1.0533    1.0385   +0.0148  O3-bolt 优于 O3-bolt-opt（快 5.1%，加速比 1.05x）
2026-03-30 21:13:24,004 INFO:    115         TSVC_GlobalDataFlow-dbl    0.9992    1.0000   -0.0008  O3-bolt ≈ O3-bolt-opt（差异在 ±5% 内）
2026-03-30 21:13:24,004 INFO:    116         TSVC_GlobalDataFlow-flt    1.0016    1.0000   +0.0016  O3-bolt ≈ O3-bolt-opt（差异在 ±5% 内）
2026-03-30 21:13:24,004 INFO:    117     TSVC_IndirectAddressing-dbl    0.9448    0.9231   +0.0217  O3-bolt-opt 优于 O3-bolt（快 5.5%，加速比 1.06x）
2026-03-30 21:13:24,005 INFO:    118     TSVC_IndirectAddressing-flt    0.9479    0.9231   +0.0248  O3-bolt-opt 优于 O3-bolt（快 5.2%，加速比 1.06x）
2026-03-30 21:13:24,005 INFO:    119      TSVC_InductionVariable-dbl    1.0543    1.0909   -0.0367  O3-bolt 优于 O3-bolt-opt（快 5.1%，加速比 1.05x）
2026-03-30 21:13:24,005 INFO:    120      TSVC_InductionVariable-flt    0.9958    1.0000   -0.0042  O3-bolt ≈ O3-bolt-opt（差异在 ±5% 内）
2026-03-30 21:13:24,005 INFO:    121       TSVC_LinearDependence-dbl    0.9993    1.0000   -0.0007  O3-bolt ≈ O3-bolt-opt（差异在 ±5% 内）
2026-03-30 21:13:24,005 INFO:    122       TSVC_LinearDependence-flt    0.9402    0.9310   +0.0091  O3-bolt-opt 优于 O3-bolt（快 6.0%，加速比 1.06x）
2026-03-30 21:13:24,005 INFO:    123          TSVC_LoopRerolling-dbl    0.9995    1.0000   -0.0005  O3-bolt ≈ O3-bolt-opt（差异在 ±5% 内）
2026-03-30 21:13:24,006 INFO:    124          TSVC_LoopRerolling-flt    1.0001    1.0000   +0.0001  O3-bolt ≈ O3-bolt-opt（差异在 ±5% 内）
2026-03-30 21:13:24,006 INFO:    125      TSVC_LoopRestructuring-dbl    1.0006    1.0000   +0.0006  O3-bolt ≈ O3-bolt-opt（差异在 ±5% 内）
2026-03-30 21:13:24,006 INFO:    126      TSVC_LoopRestructuring-flt    0.9994    1.0000   -0.0006  O3-bolt ≈ O3-bolt-opt（差异在 ±5% 内）
2026-03-30 21:13:24,006 INFO:    127          TSVC_NodeSplitting-dbl    0.9483    0.9231   +0.0252  O3-bolt-opt 优于 O3-bolt（快 5.2%，加速比 1.05x）
2026-03-30 21:13:24,006 INFO:    128          TSVC_NodeSplitting-flt    1.0666    1.0667   -0.0000  O3-bolt 优于 O3-bolt-opt（快 6.2%，加速比 1.07x）
2026-03-30 21:13:24,006 INFO:    129                TSVC_Packing-dbl    1.2962    1.2727   +0.0235  O3-bolt 优于 O3-bolt-opt（快 22.9%，加速比 1.30x）
2026-03-30 21:13:24,006 INFO:    130                TSVC_Packing-flt    1.2550    1.2500   +0.0050  O3-bolt 优于 O3-bolt-opt（快 20.3%，加速比 1.25x）
2026-03-30 21:13:24,007 INFO:    131            TSVC_Recurrences-dbl    0.9987    1.0000   -0.0013  O3-bolt ≈ O3-bolt-opt（差异在 ±5% 内）
2026-03-30 21:13:24,007 INFO:    132            TSVC_Recurrences-flt    0.9990    1.0000   -0.0010  O3-bolt ≈ O3-bolt-opt（差异在 ±5% 内）
2026-03-30 21:13:24,007 INFO:    133             TSVC_Reductions-dbl    1.0002    1.0000   +0.0002  O3-bolt ≈ O3-bolt-opt（差异在 ±5% 内）
2026-03-30 21:13:24,007 INFO:    134             TSVC_Reductions-flt    0.9987    1.0000   -0.0013  O3-bolt ≈ O3-bolt-opt（差异在 ±5% 内）
2026-03-30 21:13:24,007 INFO:    135              TSVC_Searching-dbl    1.0011    1.0000   +0.0011  O3-bolt ≈ O3-bolt-opt（差异在 ±5% 内）
2026-03-30 21:13:24,007 INFO:    136              TSVC_Searching-flt    1.0051    1.0000   +0.0051  O3-bolt ≈ O3-bolt-opt（差异在 ±5% 内）
2026-03-30 21:13:24,008 INFO:    137    TSVC_StatementReordering-dbl    1.0022    1.0000   +0.0022  O3-bolt ≈ O3-bolt-opt（差异在 ±5% 内）
2026-03-30 21:13:24,008 INFO:    138    TSVC_StatementReordering-flt    1.0008    1.0000   +0.0008  O3-bolt ≈ O3-bolt-opt（差异在 ±5% 内）
2026-03-30 21:13:24,008 INFO:    139              TSVC_Symbolics-dbl    0.8935    0.9474   -0.0539  O3-bolt-opt 优于 O3-bolt（快 10.6%，加速比 1.12x）
2026-03-30 21:13:24,008 INFO:    140              TSVC_Symbolics-flt    0.9205    0.9189   +0.0016  O3-bolt-opt 优于 O3-bolt（快 7.9%，加速比 1.09x）
2026-03-30 21:13:24,008 INFO:    141               Trimaran_enc-3des    1.0584    1.0435   +0.0149  O3-bolt 优于 O3-bolt-opt（快 5.5%，加速比 1.06x）
2026-03-30 21:13:24,008 INFO:    142                Trimaran_enc-md5    0.9991    1.0000   -0.0009  O3-bolt ≈ O3-bolt-opt（差异在 ±5% 内）
2026-03-30 21:13:24,009 INFO:    143                Trimaran_enc-pc1    1.0019    1.0000   +0.0019  O3-bolt ≈ O3-bolt-opt（差异在 ±5% 内）
2026-03-30 21:13:24,009 INFO:    144                Trimaran_enc-rc4    1.0000    1.0000   -0.0000  O3-bolt ≈ O3-bolt-opt（差异在 ±5% 内）
2026-03-30 21:13:24,009 INFO:    145           Trimaran_netbench-crc    1.0000    1.0000   +0.0000  O3-bolt ≈ O3-bolt-opt（差异在 ±5% 内）
2026-03-30 21:13:24,009 INFO:    146           Trimaran_netbench-url    1.0007    1.0000   +0.0007  O3-bolt ≈ O3-bolt-opt（差异在 ±5% 内）
2026-03-30 21:13:24,009 INFO:    147                VersaBench_8b10b    1.0054    0.8889   +0.1165  O3-bolt ≈ O3-bolt-opt（差异在 ±5% 内）
2026-03-30 21:13:24,009 INFO:    148           VersaBench_beamformer    0.9999    1.0000   -0.0001  O3-bolt ≈ O3-bolt-opt（差异在 ±5% 内）
2026-03-30 21:13:24,010 INFO:    149                  VersaBench_bmm    0.9996    1.0000   -0.0004  O3-bolt ≈ O3-bolt-opt（差异在 ±5% 内）
2026-03-30 21:13:24,010 INFO:    150                 VersaBench_dbms    1.0087    1.0000   +0.0087  O3-bolt ≈ O3-bolt-opt（差异在 ±5% 内）
2026-03-30 21:13:24,010 INFO:    151               VersaBench_ecbdes    1.0007    1.0000   +0.0007  O3-bolt ≈ O3-bolt-opt（差异在 ±5% 内）
2026-03-30 21:13:24,010 INFO:    152                    llubenchmark    0.9990    1.0000   -0.0010  O3-bolt ≈ O3-bolt-opt（差异在 ±5% 内）
2026-03-30 21:13:24,010 INFO:    153                           mafft    0.9994    1.0000   -0.0006  O3-bolt ≈ O3-bolt-opt（差异在 ±5% 内）
2026-03-30 21:13:24,010 INFO:    154      mediabench_adpcm_rawcaudio    1.0004    1.0070   -0.0066  O3-bolt ≈ O3-bolt-opt（差异在 ±5% 内）
2026-03-30 21:13:24,010 INFO:    155      mediabench_adpcm_rawdaudio    1.0016    1.0166   -0.0150  O3-bolt ≈ O3-bolt-opt（差异在 ±5% 内）
2026-03-30 21:13:24,011 INFO:    156      mediabench_g721_g721encode    0.9982    0.9961   +0.0021  O3-bolt ≈ O3-bolt-opt（差异在 ±5% 内）
2026-03-30 21:13:24,011 INFO:    157            mediabench_gsm_toast    1.0019    0.9990   +0.0029  O3-bolt ≈ O3-bolt-opt（差异在 ±5% 内）
2026-03-30 21:13:24,011 INFO:    158         mediabench_jpeg_jpeg-6a    1.0017    1.0196   -0.0179  O3-bolt ≈ O3-bolt-opt（差异在 ±5% 内）
2026-03-30 21:13:24,011 INFO:    159       mediabench_mpeg2_mpeg2dec    0.9518    0.9586   -0.0069  O3-bolt ≈ O3-bolt-opt（差异在 ±5% 内）
2026-03-30 21:13:24,011 INFO:    160                          nbench    1.0193    0.9394   +0.0799  O3-bolt ≈ O3-bolt-opt（差异在 ±5% 内）
2026-03-30 21:13:24,011 INFO:    161                      tramp3d-v4    0.9992    0.9932   +0.0061  O3-bolt ≈ O3-bolt-opt（差异在 ±5% 内）
2026-03-30 21:13:24,012 INFO: 
  ── 验证指标 ──
2026-03-30 21:13:24,012 INFO:   MAE  = 0.0115
2026-03-30 21:13:24,012 INFO:   MSE  = 0.0006
2026-03-30 21:13:24,012 INFO:   RMSE = 0.0236
2026-03-30 21:13:24,012 INFO:   方向准确率 = 116/161 (72.0%)
2026-03-30 21:13:24,012 INFO:   预测 O3-bolt 更优: 92/161  (真实: 57/161)
2026-03-30 21:13:24,012 INFO:   方向准确率（排除 ±5%）= 27/29 (93.1%)
2026-03-30 21:13:24,013 INFO: 
