2026-03-30 21:07:57,609 INFO: 自动选择设备: directml
2026-03-30 21:07:57,609 INFO: 设备: privateuseone:0
2026-03-30 21:07:57,610 INFO: 标签机制: fixed_work
2026-03-30 21:07:57,610 INFO: 自动微调 [fixed_work/cnn]: batch_size=32, cnn_hidden=64, cnn_out=128, direction_lambda=0.2, dropout=0.1, epochs=180, grad_clip=1.0, huber_delta=0.05, log_target=True, lr=0.0005, mlp_hidden=128, noise_std=0.03, pair_swap=True, patience=50, warmup_epochs=15, weight_decay=0.0001
2026-03-30 21:07:57,610 INFO: 加载数据...
2026-03-30 21:07:57,612 INFO:   加载 O1-g_vs_O3-g: 163 样本
2026-03-30 21:07:57,614 INFO:   加载 O2-bolt_vs_O2-bolt-opt: 165 样本
2026-03-30 21:07:57,615 INFO:   加载 O3-bolt_vs_O3-bolt-opt: 161 样本
2026-03-30 21:07:57,618 INFO: 总样本数: 489  序列长度 T=60  特征维度 D=6
2026-03-30 21:07:57,619 INFO: 已启用 log-target 变换: Y → log(Y)
2026-03-30 21:07:57,620 INFO: pair-swap 增强后训练集: 686 样本
2026-03-30 21:07:57,620 INFO: 训练集: 686  验证集: 73  测试集: 73
2026-03-30 21:07:57,751 INFO: 模型类型: cnn
2026-03-30 21:07:57,751 INFO: 
模型参数: 104,833
2026-03-30 21:07:57,751 INFO: SiameseMicroPerf(
  (backbone): CNNBackbone(
    (conv1): Conv1d(6, 64, kernel_size=(3,), stride=(1,), padding=(1,))
    (bn1): BatchNorm1d(64, eps=1e-05, momentum=0.1, affine=True, track_running_stats=True)
    (conv2): Conv1d(64, 64, kernel_size=(3,), stride=(1,), padding=(1,))
    (bn2): BatchNorm1d(64, eps=1e-05, momentum=0.1, affine=True, track_running_stats=True)
    (conv3): Conv1d(64, 128, kernel_size=(3,), stride=(1,), padding=(1,))
    (bn3): BatchNorm1d(128, eps=1e-05, momentum=0.1, affine=True, track_running_stats=True)
    (dropout): Dropout(p=0.1, inplace=False)
    (res_proj): Conv1d(64, 128, kernel_size=(1,), stride=(1,))
  )
  (pool): AttentionPooling(
    (attention): Linear(in_features=128, out_features=1, bias=False)
  )
  (mlp): Sequential(
    (0): Linear(in_features=384, out_features=128, bias=True)
    (1): ReLU()
    (2): Dropout(p=0.1, inplace=False)
    (3): Linear(in_features=128, out_features=64, bias=True)
    (4): ReLU()
    (5): Dropout(p=0.1, inplace=False)
    (6): Linear(in_features=64, out_features=1, bias=True)
  )
)
2026-03-30 21:07:58,345 INFO: 模型保存路径: checkpoints/cnn_best_work.pt
2026-03-30 21:07:58,345 INFO: 配置保存路径: /home/ssy/Siamese-MicroPerf/configs/cnn_best_work.json
2026-03-30 21:07:58,345 INFO: 
开始训练 (180 epochs, Huber δ=0.05, patience=50)...
2026-03-30 21:07:58,345 INFO: Epoch   Train Loss   Val Loss    Val MAE    LR          Status
2026-03-30 21:07:58,346 INFO: ----------------------------------------------------------------------
2026-03-30 21:07:59,872 INFO:      1     0.003598    0.002301     0.0612    6.67e-05  ← best
2026-03-30 21:08:01,176 INFO:      2     0.003257    0.002163     0.0572    1.00e-04  ← best
2026-03-30 21:08:02,555 INFO:      3     0.003047    0.002026     0.0548    1.33e-04  ← best
2026-03-30 21:08:04,015 INFO:      4     0.002956    0.001959     0.0537    1.67e-04  ← best
2026-03-30 21:08:05,322 INFO:      5     0.002746    0.001936     0.0519    2.00e-04  ← best
2026-03-30 21:08:06,693 INFO:      6     0.002736    0.001918     0.0517    2.33e-04  ← best
2026-03-30 21:08:09,373 INFO:      8     0.002656    0.001898     0.0517    3.00e-04  ← best
2026-03-30 21:08:12,179 INFO:     10     0.002514    0.001853     0.0508    3.67e-04  ← best
2026-03-30 21:08:16,313 INFO:     13     0.002322    0.001831     0.0496    4.67e-04  ← best
2026-03-30 21:08:18,992 INFO:     15     0.002323    0.001768     0.0483    5.00e-04  ← best
2026-03-30 21:08:25,911 INFO:     20     0.002220    0.001740     0.0489    4.99e-04  ← best
2026-03-30 21:08:27,307 INFO:     21     0.002149    0.001739     0.0476    4.98e-04  ← best
2026-03-30 21:08:30,152 INFO:     23     0.002225    0.001601     0.0445    4.97e-04  ← best
2026-03-30 21:08:32,733 INFO:     25     0.001985    0.001560     0.0447    4.95e-04  ← best
2026-03-30 21:08:39,289 INFO:     30     0.001855    0.001744     0.0484    4.90e-04  
2026-03-30 21:08:40,756 INFO:     31     0.001994    0.001532     0.0438    4.88e-04  ← best
2026-03-30 21:08:42,174 INFO:     32     0.001925    0.001333     0.0387    4.87e-04  ← best
2026-03-30 21:08:50,257 INFO:     38     0.001541    0.001238     0.0372    4.76e-04  ← best
2026-03-30 21:08:52,908 INFO:     40     0.001343    0.001587     0.0443    4.72e-04  
2026-03-30 21:08:58,436 INFO:     44     0.001262    0.001156     0.0348    4.63e-04  ← best
2026-03-30 21:09:00,002 INFO:     45     0.001175    0.001068     0.0333    4.60e-04  ← best
2026-03-30 21:09:06,795 INFO:     50     0.000886    0.001151     0.0350    4.47e-04  
2026-03-30 21:09:10,955 INFO:     53     0.000866    0.001050     0.0321    4.37e-04  ← best
2026-03-30 21:09:16,462 INFO:     57     0.000770    0.001041     0.0331    4.24e-04  ← best
2026-03-30 21:09:20,518 INFO:     60     0.000895    0.000987     0.0313    4.14e-04  ← best
2026-03-30 21:09:21,826 INFO:     61     0.000872    0.000966     0.0311    4.10e-04  ← best
2026-03-30 21:09:28,879 INFO:     66     0.000811    0.000917     0.0292    3.91e-04  ← best
2026-03-30 21:09:30,340 INFO:     67     0.000932    0.000886     0.0282    3.87e-04  ← best
2026-03-30 21:09:33,055 INFO:     69     0.000676    0.000739     0.0247    3.79e-04  ← best
2026-03-30 21:09:34,407 INFO:     70     0.000844    0.000839     0.0274    3.75e-04  
2026-03-30 21:09:48,811 INFO:     80     0.000671    0.000810     0.0257    3.32e-04  
2026-03-30 21:10:03,525 INFO:     90     0.000623    0.000930     0.0301    2.86e-04  
2026-03-30 21:10:17,514 INFO:    100     0.000616    0.000727     0.0244    2.38e-04  ← best
2026-03-30 21:10:31,403 INFO:    110     0.000541    0.000684     0.0237    1.91e-04  ← best
2026-03-30 21:10:41,742 INFO:    117     0.000501    0.000657     0.0223    1.59e-04  ← best
2026-03-30 21:10:46,159 INFO:    120     0.000507    0.000710     0.0238    1.46e-04  
2026-03-30 21:10:59,022 INFO:    129     0.000480    0.000652     0.0226    1.09e-04  ← best
2026-03-30 21:11:00,565 INFO:    130     0.000447    0.000626     0.0216    1.05e-04  ← best
2026-03-30 21:11:06,288 INFO:    134     0.000472    0.000614     0.0218    8.99e-05  ← best
2026-03-30 21:11:14,965 INFO:    140     0.000418    0.000708     0.0236    6.91e-05  
2026-03-30 21:11:29,188 INFO:    150     0.000414    0.000669     0.0226    3.97e-05  
2026-03-30 21:11:42,728 INFO:    160     0.000311    0.000648     0.0223    1.79e-05  
2026-03-30 21:11:56,604 INFO:    170     0.000387    0.000655     0.0222    4.52e-06  
2026-03-30 21:12:04,901 INFO:    176     0.000409    0.000611     0.0216    7.25e-07  ← best
2026-03-30 21:12:10,601 INFO:    180     0.000289    0.000679     0.0224    0.00e+00  
2026-03-30 21:12:10,647 INFO: ============================================================
2026-03-30 21:12:10,647 INFO: 最佳模型 (epoch 176)
2026-03-30 21:12:10,648 INFO:   Val  Loss = 0.000611  MAE = 0.0216  (模型选择依据)
2026-03-30 21:12:10,648 INFO:   Test Loss = 0.000850  MAE = 0.0290  (最终无偏评估)
2026-03-30 21:12:10,648 INFO:   模型保存: checkpoints/cnn_best_work.pt
2026-03-30 21:12:10,649 INFO:   配置保存: /home/ssy/Siamese-MicroPerf/configs/cnn_best_work.json
2026-03-30 21:12:10,649 INFO: 
预测示例 (前 10 个测试样本):
2026-03-30 21:12:10,649 INFO:         真实 Y        预测 Ŷ          误差
2026-03-30 21:12:10,649 INFO:       0.0000     -0.0010     -0.0010
2026-03-30 21:12:10,649 INFO:       0.0000     -0.0016     -0.0016
2026-03-30 21:12:10,650 INFO:       0.0175      0.0073     -0.0102
2026-03-30 21:12:10,650 INFO:       0.0000     -0.0000     -0.0000
2026-03-30 21:12:10,650 INFO:       0.0000     -0.0615     -0.0615
2026-03-30 21:12:10,650 INFO:       0.0027      0.0042     +0.0014
2026-03-30 21:12:10,650 INFO:       0.0223      0.0080     -0.0143
2026-03-30 21:12:10,650 INFO:       0.0108      0.0424     +0.0316
2026-03-30 21:12:10,651 INFO:       0.0000     -0.0001     -0.0001
2026-03-30 21:12:10,651 INFO:       0.0000      0.0051     +0.0051
