2026-03-30 15:45:32,115 INFO: 自动选择设备: directml
2026-03-30 15:45:32,115 INFO: 设备: privateuseone:0
2026-03-30 15:45:32,115 INFO: 设备类型: directml
2026-03-30 15:45:32,268 INFO: 模型加载完成: checkpoints/transformer_best_work.pt  (设备: privateuseone:0)
2026-03-30 15:45:32,268 INFO: 模型类型: transformer
2026-03-30 15:45:32,268 INFO: 模型参数: {'in_features': 6, 'mlp_hidden': 64, 'dropout': 0.1, 'd_model': 64, 'nhead': 2, 'num_layers': 3, 'dim_feedforward': 256, 'max_len': 512, 'pos_encoding': 'learnable'}
2026-03-30 15:45:32,497 INFO: ========================================================================
2026-03-30 15:45:32,497 INFO: 版本对: O1-g_vs_O3-g  (O1-g vs O3-g)  共 163 个程序
2026-03-30 15:45:32,497 INFO: 标签模式: fixed_workload
2026-03-30 15:45:32,497 INFO: 标签定义: Y = T_v2 / T_v1 (time ratio)
2026-03-30 15:45:32,497 INFO: 判定方向: Y > 1 视为 O1-g 更快，Y < 1 视为 O3-g 更快
2026-03-30 15:45:32,498 INFO: ========================================================================
2026-03-30 15:45:32,498 INFO:      #                              程序      预测 Ŷ      真实 Y        误差  判断
2026-03-30 15:45:32,498 INFO:   ------------------------------------------------------------------------
2026-03-30 15:45:32,498 INFO:      1                            7zip    0.9869    1.0000   -0.0131  O1-g ≈ O3-g（差异在 ±5% 内）
2026-03-30 15:45:32,498 INFO:      2             ASCI_Purple_SMG2000    0.9166    0.8750   +0.0416  O3-g 优于 O1-g（快 8.3%，加速比 1.09x）
2026-03-30 15:45:32,499 INFO:      3               ASC_Sequoia_AMGmk    0.6732    0.6667   +0.0065  O3-g 优于 O1-g（快 32.7%，加速比 1.49x）
2026-03-30 15:45:32,499 INFO:      4           ASC_Sequoia_CrystalMk    0.9652    0.9286   +0.0366  O1-g ≈ O3-g（差异在 ±5% 内）
2026-03-30 15:45:32,499 INFO:      5               ASC_Sequoia_IRSmk    0.7178    0.6667   +0.0511  O3-g 优于 O1-g（快 28.2%，加速比 1.39x）
2026-03-30 15:45:32,499 INFO:      6                  BitBench_drop3    1.0139    0.9941   +0.0198  O1-g ≈ O3-g（差异在 ±5% 内）
2026-03-30 15:45:32,499 INFO:      7                 BitBench_five11    1.0774    1.0526   +0.0248  O1-g 优于 O3-g（快 7.2%，加速比 1.08x）
2026-03-30 15:45:32,499 INFO:      8               BitBench_uudecode    0.2999    0.2875   +0.0124  O3-g 优于 O1-g（快 70.0%，加速比 3.33x）
2026-03-30 15:45:32,500 INFO:      9               BitBench_uuencode    0.9510    0.9551   -0.0041  O1-g ≈ O3-g（差异在 ±5% 内）
2026-03-30 15:45:32,500 INFO:     10                          Bullet    0.9433    0.9091   +0.0342  O3-g 优于 O1-g（快 5.7%，加速比 1.06x）
2026-03-30 15:45:32,500 INFO:     11         DOE-ProxyApps-C++_CLAMR    1.0525    1.0323   +0.0203  O1-g 优于 O3-g（快 5.0%，加速比 1.05x）
2026-03-30 15:45:32,500 INFO:     12   DOE-ProxyApps-C++_HACCKernels    0.9669    0.9524   +0.0146  O1-g ≈ O3-g（差异在 ±5% 内）
2026-03-30 15:45:32,500 INFO:     13         DOE-ProxyApps-C++_HPCCG    1.0070    1.0000   +0.0070  O1-g ≈ O3-g（差异在 ±5% 内）
2026-03-30 15:45:32,500 INFO:     14       DOE-ProxyApps-C++_PENNANT    0.9175    0.8929   +0.0246  O3-g 优于 O1-g（快 8.3%，加速比 1.09x）
2026-03-30 15:45:32,500 INFO:     15        DOE-ProxyApps-C++_miniFE    0.9272    0.9167   +0.0105  O3-g 优于 O1-g（快 7.3%，加速比 1.08x）
2026-03-30 15:45:32,501 INFO:     16            DOE-ProxyApps-C_CoMD    0.9331    0.9565   -0.0234  O3-g 优于 O1-g（快 6.7%，加速比 1.07x）
2026-03-30 15:45:32,501 INFO:     17      DOE-ProxyApps-C_Pathfinder    1.0046    1.0000   +0.0046  O1-g ≈ O3-g（差异在 ±5% 内）
2026-03-30 15:45:32,501 INFO:     18         DOE-ProxyApps-C_RSBench    1.0042    0.9925   +0.0118  O1-g ≈ O3-g（差异在 ±5% 内）
2026-03-30 15:45:32,501 INFO:     19       DOE-ProxyApps-C_SimpleMOC    0.8162    0.7812   +0.0349  O3-g 优于 O1-g（快 18.4%，加速比 1.23x）
2026-03-30 15:45:32,501 INFO:     20         DOE-ProxyApps-C_XSBench    0.9515    0.9333   +0.0182  O1-g ≈ O3-g（差异在 ±5% 内）
2026-03-30 15:45:32,501 INFO:     21         DOE-ProxyApps-C_miniAMR    0.9426    0.9138   +0.0288  O3-g 优于 O1-g（快 5.7%，加速比 1.06x）
2026-03-30 15:45:32,502 INFO:     22         DOE-ProxyApps-C_miniGMG    0.9392    0.9048   +0.0344  O3-g 优于 O1-g（快 6.1%，加速比 1.06x）
2026-03-30 15:45:32,502 INFO:     23                     Fhourstones    0.9790    0.9455   +0.0336  O1-g ≈ O3-g（差异在 ±5% 内）
2026-03-30 15:45:32,502 INFO:     24                 Fhourstones-3.1    1.0216    1.0000   +0.0216  O1-g ≈ O3-g（差异在 ±5% 内）
2026-03-30 15:45:32,502 INFO:     25              FreeBench_analyzer    1.0003    0.9750   +0.0252  O1-g ≈ O3-g（差异在 ±5% 内）
2026-03-30 15:45:32,502 INFO:     26               FreeBench_distray    0.9515    0.9388   +0.0127  O1-g ≈ O3-g（差异在 ±5% 内）
2026-03-30 15:45:32,502 INFO:     27            FreeBench_fourinarow    1.2018    1.2857   -0.0839  O1-g 优于 O3-g（快 16.8%，加速比 1.20x）
2026-03-30 15:45:32,503 INFO:     28                 FreeBench_mason    1.0832    1.0817   +0.0015  O1-g 优于 O3-g（快 7.7%，加速比 1.08x）
2026-03-30 15:45:32,503 INFO:     29                FreeBench_neural    0.9965    1.0027   -0.0061  O1-g ≈ O3-g（差异在 ±5% 内）
2026-03-30 15:45:32,503 INFO:     30            FreeBench_pcompress2    0.9995    0.9608   +0.0387  O1-g ≈ O3-g（差异在 ±5% 内）
2026-03-30 15:45:32,503 INFO:     31                 FreeBench_pifft    0.9509    0.9231   +0.0278  O1-g ≈ O3-g（差异在 ±5% 内）
2026-03-30 15:45:32,503 INFO:     32               MallocBench_cfrac    1.0009    0.9811   +0.0198  O1-g ≈ O3-g（差异在 ±5% 内）
2026-03-30 15:45:32,503 INFO:     33            MallocBench_espresso    0.9953    0.9739   +0.0214  O1-g ≈ O3-g（差异在 ±5% 内）
2026-03-30 15:45:32,503 INFO:     34                  MallocBench_gs    1.1068    1.1541   -0.0472  O1-g 优于 O3-g（快 9.7%，加速比 1.11x）
2026-03-30 15:45:32,504 INFO:     35                 McCat_01-qbsort    1.0559    1.0325   +0.0234  O1-g 优于 O3-g（快 5.3%，加速比 1.06x）
2026-03-30 15:45:32,504 INFO:     36               McCat_03-testtrie    0.9969    0.9914   +0.0055  O1-g ≈ O3-g（差异在 ±5% 内）
2026-03-30 15:45:32,504 INFO:     37                 McCat_04-bisect    0.9356    0.9159   +0.0197  O3-g 优于 O1-g（快 6.4%，加速比 1.07x）
2026-03-30 15:45:32,504 INFO:     38                   McCat_08-main    1.0404    1.0151   +0.0253  O1-g ≈ O3-g（差异在 ±5% 内）
2026-03-30 15:45:32,504 INFO:     39                    McCat_09-vor    1.0129    0.9895   +0.0234  O1-g ≈ O3-g（差异在 ±5% 内）
2026-03-30 15:45:32,504 INFO:     40                 McCat_12-IOtest    1.0200    1.0068   +0.0132  O1-g ≈ O3-g（差异在 ±5% 内）
2026-03-30 15:45:32,504 INFO:     41                   McCat_15-trie    0.9959    1.0027   -0.0068  O1-g ≈ O3-g（差异在 ±5% 内）
2026-03-30 15:45:32,505 INFO:     42                  McCat_17-bintr    1.0150    1.0000   +0.0150  O1-g ≈ O3-g（差异在 ±5% 内）
2026-03-30 15:45:32,505 INFO:     43                    McCat_18-imp    0.9839    0.9877   -0.0038  O1-g ≈ O3-g（差异在 ±5% 内）
2026-03-30 15:45:32,505 INFO:     44    MiBench_automotive-basicmath    1.0056    1.0000   +0.0056  O1-g ≈ O3-g（差异在 ±5% 内）
2026-03-30 15:45:32,505 INFO:     45     MiBench_automotive-bitcount    0.9769    0.9595   +0.0174  O1-g ≈ O3-g（差异在 ±5% 内）
2026-03-30 15:45:32,505 INFO:     46        MiBench_automotive-susan    1.0020    0.9956   +0.0064  O1-g ≈ O3-g（差异在 ±5% 内）
2026-03-30 15:45:32,505 INFO:     47           MiBench_consumer-jpeg    0.9278    0.8711   +0.0567  O3-g 优于 O1-g（快 7.2%，加速比 1.08x）
2026-03-30 15:45:32,506 INFO:     48           MiBench_consumer-lame    0.9117    0.8994   +0.0123  O3-g 优于 O1-g（快 8.8%，加速比 1.10x）
2026-03-30 15:45:32,506 INFO:     49        MiBench_consumer-typeset    1.0159    0.9916   +0.0243  O1-g ≈ O3-g（差异在 ±5% 内）
2026-03-30 15:45:32,506 INFO:     50        MiBench_network-dijkstra    1.0088    1.0008   +0.0080  O1-g ≈ O3-g（差异在 ±5% 内）
2026-03-30 15:45:32,506 INFO:     51        MiBench_network-patricia    1.0024    1.0000   +0.0024  O1-g ≈ O3-g（差异在 ±5% 内）
2026-03-30 15:45:32,506 INFO:     52           MiBench_office-ispell    1.0154    1.0109   +0.0045  O1-g ≈ O3-g（差异在 ±5% 内）
2026-03-30 15:45:32,506 INFO:     53     MiBench_office-stringsearch    0.9608    0.9548   +0.0060  O1-g ≈ O3-g（差异在 ±5% 内）
2026-03-30 15:45:32,506 INFO:     54       MiBench_security-blowfish    0.9991    0.9843   +0.0147  O1-g ≈ O3-g（差异在 ±5% 内）
2026-03-30 15:45:32,507 INFO:     55       MiBench_security-rijndael    0.9596    0.9380   +0.0216  O1-g ≈ O3-g（差异在 ±5% 内）
2026-03-30 15:45:32,507 INFO:     56            MiBench_security-sha    0.7873    0.7444   +0.0430  O3-g 优于 O1-g（快 21.3%，加速比 1.27x）
2026-03-30 15:45:32,507 INFO:     57          MiBench_telecomm-CRC32    1.0200    0.9977   +0.0222  O1-g ≈ O3-g（差异在 ±5% 内）
2026-03-30 15:45:32,507 INFO:     58            MiBench_telecomm-FFT    0.9931    0.9916   +0.0015  O1-g ≈ O3-g（差异在 ±5% 内）
2026-03-30 15:45:32,507 INFO:     59          MiBench_telecomm-adpcm    1.0128    1.0049   +0.0079  O1-g ≈ O3-g（差异在 ±5% 内）
2026-03-30 15:45:32,508 INFO:     60            MiBench_telecomm-gsm    0.9147    0.8678   +0.0469  O3-g 优于 O1-g（快 8.5%，加速比 1.09x）
2026-03-30 15:45:32,508 INFO:     61                   NPB-serial_is    0.9909    1.0000   -0.0091  O1-g ≈ O3-g（差异在 ±5% 内）
2026-03-30 15:45:32,508 INFO:     62                        Olden_bh    1.1642    1.2188   -0.0546  O1-g 优于 O3-g（快 14.1%，加速比 1.16x）
2026-03-30 15:45:32,508 INFO:     63                    Olden_bisort    0.9760    0.9889   -0.0129  O1-g ≈ O3-g（差异在 ±5% 内）
2026-03-30 15:45:32,508 INFO:     64                      Olden_em3d    1.0239    1.0000   +0.0239  O1-g ≈ O3-g（差异在 ±5% 内）
2026-03-30 15:45:32,508 INFO:     65                    Olden_health    0.9854    0.9617   +0.0237  O1-g ≈ O3-g（差异在 ±5% 内）
2026-03-30 15:45:32,508 INFO:     66                       Olden_mst    1.0228    1.0141   +0.0087  O1-g ≈ O3-g（差异在 ±5% 内）
2026-03-30 15:45:32,509 INFO:     67                 Olden_perimeter    0.9289    0.9414   -0.0125  O3-g 优于 O1-g（快 7.1%，加速比 1.08x）
2026-03-30 15:45:32,509 INFO:     68                     Olden_power    0.7535    0.7500   +0.0035  O3-g 优于 O1-g（快 24.6%，加速比 1.33x）
2026-03-30 15:45:32,509 INFO:     69                   Olden_treeadd    1.0083    0.9951   +0.0132  O1-g ≈ O3-g（差异在 ±5% 内）
2026-03-30 15:45:32,509 INFO:     70                       Olden_tsp    0.9151    0.9540   -0.0389  O3-g 优于 O1-g（快 8.5%，加速比 1.09x）
2026-03-30 15:45:32,509 INFO:     71                   Olden_voronoi    0.9916    0.9879   +0.0037  O1-g ≈ O3-g（差异在 ±5% 内）
2026-03-30 15:45:32,510 INFO:     72                 Prolangs-C++_NP    1.0139    0.9989   +0.0149  O1-g ≈ O3-g（差异在 ±5% 内）
2026-03-30 15:45:32,510 INFO:     73             Prolangs-C++_deriv1    1.0129    0.9959   +0.0171  O1-g ≈ O3-g（差异在 ±5% 内）
2026-03-30 15:45:32,511 INFO:     74             Prolangs-C++_deriv2    1.0186    1.0132   +0.0054  O1-g ≈ O3-g（差异在 ±5% 内）
2026-03-30 15:45:32,511 INFO:     75             Prolangs-C++_employ    1.0053    1.0014   +0.0039  O1-g ≈ O3-g（差异在 ±5% 内）
2026-03-30 15:45:32,511 INFO:     76                Prolangs-C++_fsm    1.0183    1.0151   +0.0031  O1-g ≈ O3-g（差异在 ±5% 内）
2026-03-30 15:45:32,511 INFO:     77             Prolangs-C++_garage    1.0121    0.9917   +0.0204  O1-g ≈ O3-g（差异在 ±5% 内）
2026-03-30 15:45:32,511 INFO:     78               Prolangs-C++_life    0.9770    0.9722   +0.0048  O1-g ≈ O3-g（差异在 ±5% 内）
2026-03-30 15:45:32,512 INFO:     79            Prolangs-C++_objects    1.0113    1.0019   +0.0094  O1-g ≈ O3-g（差异在 ±5% 内）
2026-03-30 15:45:32,512 INFO:     80              Prolangs-C++_ocean    1.0079    1.0016   +0.0064  O1-g ≈ O3-g（差异在 ±5% 内）
2026-03-30 15:45:32,512 INFO:     81             Prolangs-C++_office    1.0182    1.0128   +0.0054  O1-g ≈ O3-g（差异在 ±5% 内）
2026-03-30 15:45:32,512 INFO:     82             Prolangs-C++_primes    0.4496    0.4565   -0.0069  O3-g 优于 O1-g（快 55.0%，加速比 2.22x）
2026-03-30 15:45:32,512 INFO:     83             Prolangs-C++_shapes    1.0144    1.0020   +0.0124  O1-g ≈ O3-g（差异在 ±5% 内）
2026-03-30 15:45:32,512 INFO:     84              Prolangs-C++_simul    0.9199    0.9059   +0.0140  O3-g 优于 O1-g（快 8.0%，加速比 1.09x）
2026-03-30 15:45:32,513 INFO:     85              Prolangs-C++_trees    1.0104    1.0020   +0.0084  O1-g ≈ O3-g（差异在 ±5% 内）
2026-03-30 15:45:32,513 INFO:     86         Prolangs-C_TimberWolfMC    1.0191    0.9772   +0.0419  O1-g ≈ O3-g（差异在 ±5% 内）
2026-03-30 15:45:32,513 INFO:     87        Prolangs-C_archie-client    1.0156    1.0063   +0.0094  O1-g ≈ O3-g（差异在 ±5% 内）
2026-03-30 15:45:32,513 INFO:     88            Prolangs-C_assembler    1.0211    1.0135   +0.0076  O1-g ≈ O3-g（差异在 ±5% 内）
2026-03-30 15:45:32,513 INFO:     89                Prolangs-C_bison    1.0113    0.9944   +0.0169  O1-g ≈ O3-g（差异在 ±5% 内）
2026-03-30 15:45:32,513 INFO:     90                Prolangs-C_cdecl    1.0214    1.0213   +0.0001  O1-g ≈ O3-g（差异在 ±5% 内）
2026-03-30 15:45:32,514 INFO:     91             Prolangs-C_compiler    1.0184    1.0131   +0.0053  O1-g ≈ O3-g（差异在 ±5% 内）
2026-03-30 15:45:32,514 INFO:     92            Prolangs-C_fixoutput    1.0165    1.0067   +0.0098  O1-g ≈ O3-g（差异在 ±5% 内）
2026-03-30 15:45:32,514 INFO:     93             Prolangs-C_football    1.0191    1.0145   +0.0046  O1-g ≈ O3-g（差异在 ±5% 内）
2026-03-30 15:45:32,514 INFO:     94                Prolangs-C_gnugo    0.9774    0.9586   +0.0188  O1-g ≈ O3-g（差异在 ±5% 内）
2026-03-30 15:45:32,514 INFO:     95               Prolangs-C_loader    1.0255    1.0262   -0.0007  O1-g ≈ O3-g（差异在 ±5% 内）
2026-03-30 15:45:32,514 INFO:     96            Prolangs-C_simulator    1.0197    0.9952   +0.0245  O1-g ≈ O3-g（差异在 ±5% 内）
2026-03-30 15:45:32,515 INFO:     97                 Ptrdist_anagram    0.9746    0.9661   +0.0085  O1-g ≈ O3-g（差异在 ±5% 内）
2026-03-30 15:45:32,515 INFO:     98                      Ptrdist_bc    1.0069    1.0000   +0.0069  O1-g ≈ O3-g（差异在 ±5% 内）
2026-03-30 15:45:32,515 INFO:     99                      Ptrdist_ft    0.7173    0.7400   -0.0227  O3-g 优于 O1-g（快 28.3%，加速比 1.39x）
2026-03-30 15:45:32,515 INFO:    100                      Ptrdist_ks    0.9921    0.9474   +0.0447  O1-g ≈ O3-g（差异在 ±5% 内）
2026-03-30 15:45:32,515 INFO:    101                   Ptrdist_yacr2    0.9390    0.8974   +0.0416  O3-g 优于 O1-g（快 6.1%，加速比 1.06x）
2026-03-30 15:45:32,515 INFO:    102                Rodinia_backprop    1.0120    0.9857   +0.0263  O1-g ≈ O3-g（差异在 ±5% 内）
2026-03-30 15:45:32,516 INFO:    103                 Rodinia_hotspot    0.5327    0.5642   -0.0315  O3-g 优于 O1-g（快 46.7%，加速比 1.88x）
2026-03-30 15:45:32,516 INFO:    104              Rodinia_pathfinder    0.9062    0.9121   -0.0059  O3-g 优于 O1-g（快 9.4%，加速比 1.10x）
2026-03-30 15:45:32,516 INFO:    105                    Rodinia_srad    0.6426    0.5543   +0.0883  O3-g 优于 O1-g（快 35.7%，加速比 1.56x）
2026-03-30 15:45:32,516 INFO:    106                      SciMark2-C    1.0188    1.0000   +0.0188  O1-g ≈ O3-g（差异在 ±5% 内）
2026-03-30 15:45:32,516 INFO:    107            TSVC_ControlFlow-dbl    0.8563    0.8571   -0.0009  O3-g 优于 O1-g（快 14.4%，加速比 1.17x）
2026-03-30 15:45:32,516 INFO:    108            TSVC_ControlFlow-flt    0.8167    0.8125   +0.0042  O3-g 优于 O1-g（快 18.3%，加速比 1.22x）
2026-03-30 15:45:32,516 INFO:    109           TSVC_ControlLoops-dbl    0.7334    0.7692   -0.0358  O3-g 优于 O1-g（快 26.7%，加速比 1.36x）
2026-03-30 15:45:32,517 INFO:    110           TSVC_ControlLoops-flt    0.4489    0.5000   -0.0511  O3-g 优于 O1-g（快 55.1%，加速比 2.23x）
2026-03-30 15:45:32,517 INFO:    111     TSVC_CrossingThresholds-dbl    0.7466    0.7333   +0.0132  O3-g 优于 O1-g（快 25.3%，加速比 1.34x）
2026-03-30 15:45:32,517 INFO:    112     TSVC_CrossingThresholds-flt    0.6750    0.6818   -0.0068  O3-g 优于 O1-g（快 32.5%，加速比 1.48x）
2026-03-30 15:45:32,517 INFO:    113          TSVC_Equivalencing-dbl    0.6102    0.6571   -0.0470  O3-g 优于 O1-g（快 39.0%，加速比 1.64x）
2026-03-30 15:45:32,517 INFO:    114          TSVC_Equivalencing-flt    0.3300    0.2821   +0.0480  O3-g 优于 O1-g（快 67.0%，加速比 3.03x）
2026-03-30 15:45:32,517 INFO:    115              TSVC_Expansion-dbl    0.7722    0.7500   +0.0222  O3-g 优于 O1-g（快 22.8%，加速比 1.30x）
2026-03-30 15:45:32,518 INFO:    116              TSVC_Expansion-flt    0.4901    0.5556   -0.0654  O3-g 优于 O1-g（快 51.0%，加速比 2.04x）
2026-03-30 15:45:32,518 INFO:    117         TSVC_GlobalDataFlow-dbl    0.6911    0.7222   -0.0311  O3-g 优于 O1-g（快 30.9%，加速比 1.45x）
2026-03-30 15:45:32,518 INFO:    118         TSVC_GlobalDataFlow-flt    0.3803    0.4474   -0.0671  O3-g 优于 O1-g（快 62.0%，加速比 2.63x）
2026-03-30 15:45:32,518 INFO:    119     TSVC_IndirectAddressing-dbl    1.0036    1.0000   +0.0036  O1-g ≈ O3-g（差异在 ±5% 内）
2026-03-30 15:45:32,518 INFO:    120     TSVC_IndirectAddressing-flt    0.9457    0.9286   +0.0171  O3-g 优于 O1-g（快 5.4%，加速比 1.06x）
2026-03-30 15:45:32,518 INFO:    121      TSVC_InductionVariable-dbl    0.8574    0.8333   +0.0241  O3-g 优于 O1-g（快 14.3%，加速比 1.17x）
2026-03-30 15:45:32,518 INFO:    122      TSVC_InductionVariable-flt    0.7604    0.7500   +0.0104  O3-g 优于 O1-g（快 24.0%，加速比 1.32x）
2026-03-30 15:45:32,519 INFO:    123       TSVC_LinearDependence-dbl    0.7869    0.7647   +0.0222  O3-g 优于 O1-g（快 21.3%，加速比 1.27x）
2026-03-30 15:45:32,519 INFO:    124       TSVC_LinearDependence-flt    0.4652    0.4815   -0.0163  O3-g 优于 O1-g（快 53.5%，加速比 2.15x）
2026-03-30 15:45:32,519 INFO:    125          TSVC_LoopRerolling-dbl    0.8323    0.8182   +0.0141  O3-g 优于 O1-g（快 16.8%，加速比 1.20x）
2026-03-30 15:45:32,519 INFO:    126          TSVC_LoopRerolling-flt    0.8452    0.8182   +0.0270  O3-g 优于 O1-g（快 15.5%，加速比 1.18x）
2026-03-30 15:45:32,519 INFO:    127      TSVC_LoopRestructuring-dbl    1.0180    1.0000   +0.0180  O1-g ≈ O3-g（差异在 ±5% 内）
2026-03-30 15:45:32,519 INFO:    128      TSVC_LoopRestructuring-flt    0.9332    0.9091   +0.0241  O3-g 优于 O1-g（快 6.7%，加速比 1.07x）
2026-03-30 15:45:32,519 INFO:    129          TSVC_NodeSplitting-dbl    0.9441    0.9231   +0.0211  O3-g 优于 O1-g（快 5.6%，加速比 1.06x）
2026-03-30 15:45:32,520 INFO:    130          TSVC_NodeSplitting-flt    0.9009    0.8750   +0.0259  O3-g 优于 O1-g（快 9.9%，加速比 1.11x）
2026-03-30 15:45:32,520 INFO:    131                TSVC_Packing-dbl    0.8235    0.8571   -0.0336  O3-g 优于 O1-g（快 17.6%，加速比 1.21x）
2026-03-30 15:45:32,520 INFO:    132                TSVC_Packing-flt    0.8375    0.8667   -0.0292  O3-g 优于 O1-g（快 16.3%，加速比 1.19x）
2026-03-30 15:45:32,520 INFO:    133            TSVC_Recurrences-dbl    1.0246    1.0000   +0.0246  O1-g ≈ O3-g（差异在 ±5% 内）
2026-03-30 15:45:32,520 INFO:    134            TSVC_Recurrences-flt    1.0239    1.0000   +0.0239  O1-g ≈ O3-g（差异在 ±5% 内）
2026-03-30 15:45:32,520 INFO:    135             TSVC_Reductions-dbl    0.9470    1.0000   -0.0530  O3-g 优于 O1-g（快 5.3%，加速比 1.06x）
2026-03-30 15:45:32,521 INFO:    136             TSVC_Reductions-flt    0.9293    1.0000   -0.0707  O3-g 优于 O1-g（快 7.1%，加速比 1.08x）
2026-03-30 15:45:32,521 INFO:    137              TSVC_Searching-dbl    0.6222    0.6667   -0.0444  O3-g 优于 O1-g（快 37.8%，加速比 1.61x）
2026-03-30 15:45:32,521 INFO:    138              TSVC_Searching-flt    0.3059    0.3000   +0.0059  O3-g 优于 O1-g（快 69.4%，加速比 3.27x）
2026-03-30 15:45:32,521 INFO:    139    TSVC_StatementReordering-dbl    0.9401    0.9231   +0.0170  O3-g 优于 O1-g（快 6.0%，加速比 1.06x）
2026-03-30 15:45:32,521 INFO:    140    TSVC_StatementReordering-flt    0.9515    0.9412   +0.0103  O1-g ≈ O3-g（差异在 ±5% 内）
2026-03-30 15:45:32,521 INFO:    141              TSVC_Symbolics-dbl    0.7233    0.7368   -0.0135  O3-g 优于 O1-g（快 27.7%，加速比 1.38x）
2026-03-30 15:45:32,522 INFO:    142              TSVC_Symbolics-flt    0.3626    0.3824   -0.0198  O3-g 优于 O1-g（快 63.7%，加速比 2.76x）
2026-03-30 15:45:32,522 INFO:    143               Trimaran_enc-3des    0.9752    0.9583   +0.0169  O1-g ≈ O3-g（差异在 ±5% 内）
2026-03-30 15:45:32,522 INFO:    144                Trimaran_enc-md5    1.0109    1.0000   +0.0109  O1-g ≈ O3-g（差异在 ±5% 内）
2026-03-30 15:45:32,522 INFO:    145                Trimaran_enc-pc1    0.5779    0.5603   +0.0175  O3-g 优于 O1-g（快 42.2%，加速比 1.73x）
2026-03-30 15:45:32,522 INFO:    146                Trimaran_enc-rc4    0.9250    0.8958   +0.0292  O3-g 优于 O1-g（快 7.5%，加速比 1.08x）
2026-03-30 15:45:32,522 INFO:    147           Trimaran_netbench-crc    1.0140    1.0000   +0.0140  O1-g ≈ O3-g（差异在 ±5% 内）
2026-03-30 15:45:32,522 INFO:    148           Trimaran_netbench-url    1.0102    1.0000   +0.0102  O1-g ≈ O3-g（差异在 ±5% 内）
2026-03-30 15:45:32,522 INFO:    149                VersaBench_8b10b    1.0080    1.0000   +0.0080  O1-g ≈ O3-g（差异在 ±5% 内）
2026-03-30 15:45:32,523 INFO:    150           VersaBench_beamformer    0.7996    0.7705   +0.0291  O3-g 优于 O1-g（快 20.0%，加速比 1.25x）
2026-03-30 15:45:32,523 INFO:    151                  VersaBench_bmm    1.0103    1.0000   +0.0103  O1-g ≈ O3-g（差异在 ±5% 内）
2026-03-30 15:45:32,523 INFO:    152                 VersaBench_dbms    1.0149    1.0000   +0.0149  O1-g ≈ O3-g（差异在 ±5% 内）
2026-03-30 15:45:32,523 INFO:    153               VersaBench_ecbdes    1.0159    1.0000   +0.0159  O1-g ≈ O3-g（差异在 ±5% 内）
2026-03-30 15:45:32,523 INFO:    154                    llubenchmark    1.0116    1.0000   +0.0116  O1-g ≈ O3-g（差异在 ±5% 内）
2026-03-30 15:45:32,524 INFO:    155                           mafft    1.0053    1.0000   +0.0053  O1-g ≈ O3-g（差异在 ±5% 内）
2026-03-30 15:45:32,524 INFO:    156      mediabench_adpcm_rawcaudio    1.0076    1.0015   +0.0061  O1-g ≈ O3-g（差异在 ±5% 内）
2026-03-30 15:45:32,524 INFO:    157      mediabench_adpcm_rawdaudio    1.0113    1.0154   -0.0040  O1-g ≈ O3-g（差异在 ±5% 内）
2026-03-30 15:45:32,524 INFO:    158      mediabench_g721_g721encode    0.9558    0.8981   +0.0578  O1-g ≈ O3-g（差异在 ±5% 内）
2026-03-30 15:45:32,524 INFO:    159            mediabench_gsm_toast    0.8982    0.8490   +0.0492  O3-g 优于 O1-g（快 10.2%，加速比 1.11x）
2026-03-30 15:45:32,524 INFO:    160         mediabench_jpeg_jpeg-6a    1.0062    1.0070   -0.0008  O1-g ≈ O3-g（差异在 ±5% 内）
2026-03-30 15:45:32,524 INFO:    161       mediabench_mpeg2_mpeg2dec    0.9650    0.9766   -0.0116  O1-g ≈ O3-g（差异在 ±5% 内）
2026-03-30 15:45:32,525 INFO:    162                          nbench    0.8906    0.8710   +0.0196  O3-g 优于 O1-g（快 10.9%，加速比 1.12x）
2026-03-30 15:45:32,525 INFO:    163                      tramp3d-v4    0.4857    0.5445   -0.0588  O3-g 优于 O1-g（快 51.4%，加速比 2.06x）
2026-03-30 15:45:32,525 INFO: 
  ── 验证指标 ──
2026-03-30 15:45:32,525 INFO:   MAE  = 0.0208
2026-03-30 15:45:32,525 INFO:   MSE  = 0.0007
2026-03-30 15:45:32,526 INFO:   RMSE = 0.0268
2026-03-30 15:45:32,526 INFO:   方向准确率 = 141/163 (86.5%)
2026-03-30 15:45:32,526 INFO:   预测 O1-g 更优: 69/163  (真实: 33/163)
2026-03-30 15:45:32,526 INFO:   方向准确率（排除 ±5%）= 73/73 (100.0%)
2026-03-30 15:45:32,741 INFO: ========================================================================
2026-03-30 15:45:32,741 INFO: 版本对: O2-bolt_vs_O2-bolt-opt  (O2-bolt vs O2-bolt-opt)  共 165 个程序
2026-03-30 15:45:32,741 INFO: 标签模式: fixed_workload
2026-03-30 15:45:32,741 INFO: 标签定义: Y = T_v2 / T_v1 (time ratio)
2026-03-30 15:45:32,742 INFO: 判定方向: Y > 1 视为 O2-bolt 更快，Y < 1 视为 O2-bolt-opt 更快
2026-03-30 15:45:32,742 INFO: ========================================================================
2026-03-30 15:45:32,742 INFO:      #                              程序      预测 Ŷ      真实 Y        误差  判断
2026-03-30 15:45:32,742 INFO:   ------------------------------------------------------------------------
2026-03-30 15:45:32,742 INFO:      1                            7zip    0.9932    1.0000   -0.0068  O2-bolt ≈ O2-bolt-opt（差异在 ±5% 内）
2026-03-30 15:45:32,742 INFO:      2             ASCI_Purple_SMG2000    1.0034    1.0000   +0.0034  O2-bolt ≈ O2-bolt-opt（差异在 ±5% 内）
2026-03-30 15:45:32,742 INFO:      3               ASC_Sequoia_AMGmk    1.0227    1.0000   +0.0227  O2-bolt ≈ O2-bolt-opt（差异在 ±5% 内）
2026-03-30 15:45:32,742 INFO:      4           ASC_Sequoia_CrystalMk    1.0143    1.0000   +0.0143  O2-bolt ≈ O2-bolt-opt（差异在 ±5% 内）
2026-03-30 15:45:32,743 INFO:      5               ASC_Sequoia_IRSmk    1.0182    1.0000   +0.0182  O2-bolt ≈ O2-bolt-opt（差异在 ±5% 内）
2026-03-30 15:45:32,743 INFO:      6                  BitBench_drop3    1.0837    1.0494   +0.0343  O2-bolt 优于 O2-bolt-opt（快 7.7%，加速比 1.08x）
2026-03-30 15:45:32,743 INFO:      7                 BitBench_five11    0.9594    0.9500   +0.0094  O2-bolt ≈ O2-bolt-opt（差异在 ±5% 内）
2026-03-30 15:45:32,743 INFO:      8               BitBench_uudecode    1.0245    0.9986   +0.0259  O2-bolt ≈ O2-bolt-opt（差异在 ±5% 内）
2026-03-30 15:45:32,743 INFO:      9               BitBench_uuencode    1.0122    0.9997   +0.0125  O2-bolt ≈ O2-bolt-opt（差异在 ±5% 内）
2026-03-30 15:45:32,743 INFO:     10                          Bullet    1.0166    1.0000   +0.0166  O2-bolt ≈ O2-bolt-opt（差异在 ±5% 内）
2026-03-30 15:45:32,743 INFO:     11         DOE-ProxyApps-C++_CLAMR    1.0229    1.0000   +0.0229  O2-bolt ≈ O2-bolt-opt（差异在 ±5% 内）
2026-03-30 15:45:32,743 INFO:     12   DOE-ProxyApps-C++_HACCKernels    1.0100    1.0000   +0.0100  O2-bolt ≈ O2-bolt-opt（差异在 ±5% 内）
2026-03-30 15:45:32,744 INFO:     13         DOE-ProxyApps-C++_HPCCG    1.0318    1.0000   +0.0318  O2-bolt ≈ O2-bolt-opt（差异在 ±5% 内）
2026-03-30 15:45:32,744 INFO:     14       DOE-ProxyApps-C++_PENNANT    1.0153    1.0000   +0.0153  O2-bolt ≈ O2-bolt-opt（差异在 ±5% 内）
2026-03-30 15:45:32,744 INFO:     15        DOE-ProxyApps-C++_miniFE    1.0115    1.0000   +0.0115  O2-bolt ≈ O2-bolt-opt（差异在 ±5% 内）
2026-03-30 15:45:32,744 INFO:     16            DOE-ProxyApps-C_CoMD    0.9648    0.9600   +0.0048  O2-bolt ≈ O2-bolt-opt（差异在 ±5% 内）
2026-03-30 15:45:32,744 INFO:     17      DOE-ProxyApps-C_Pathfinder    1.0280    1.0667   -0.0387  O2-bolt ≈ O2-bolt-opt（差异在 ±5% 内）
2026-03-30 15:45:32,744 INFO:     18         DOE-ProxyApps-C_RSBench    0.9982    0.9852   +0.0130  O2-bolt ≈ O2-bolt-opt（差异在 ±5% 内）
2026-03-30 15:45:32,745 INFO:     19       DOE-ProxyApps-C_SimpleMOC    1.0166    1.0000   +0.0166  O2-bolt ≈ O2-bolt-opt（差异在 ±5% 内）
2026-03-30 15:45:32,745 INFO:     20         DOE-ProxyApps-C_XSBench    0.9489    0.9375   +0.0114  O2-bolt-opt 优于 O2-bolt（快 5.1%，加速比 1.05x）
2026-03-30 15:45:32,745 INFO:     21         DOE-ProxyApps-C_miniAMR    0.9838    1.0000   -0.0162  O2-bolt ≈ O2-bolt-opt（差异在 ±5% 内）
2026-03-30 15:45:32,745 INFO:     22         DOE-ProxyApps-C_miniGMG    0.9620    0.9841   -0.0221  O2-bolt ≈ O2-bolt-opt（差异在 ±5% 内）
2026-03-30 15:45:32,745 INFO:     23                     Fhourstones    0.9885    0.9811   +0.0074  O2-bolt ≈ O2-bolt-opt（差异在 ±5% 内）
2026-03-30 15:45:32,746 INFO:     24                 Fhourstones-3.1    1.0584    1.0857   -0.0274  O2-bolt 优于 O2-bolt-opt（快 5.5%，加速比 1.06x）
2026-03-30 15:45:32,746 INFO:     25              FreeBench_analyzer    1.0347    1.0206   +0.0141  O2-bolt ≈ O2-bolt-opt（差异在 ±5% 内）
2026-03-30 15:45:32,746 INFO:     26               FreeBench_distray    1.0168    0.9948   +0.0219  O2-bolt ≈ O2-bolt-opt（差异在 ±5% 内）
2026-03-30 15:45:32,746 INFO:     27            FreeBench_fourinarow    1.0048    1.0000   +0.0048  O2-bolt ≈ O2-bolt-opt（差异在 ±5% 内）
2026-03-30 15:45:32,746 INFO:     28                 FreeBench_mason    0.9957    0.9848   +0.0109  O2-bolt ≈ O2-bolt-opt（差异在 ±5% 内）
2026-03-30 15:45:32,746 INFO:     29                FreeBench_neural    1.0502    1.0217   +0.0285  O2-bolt 优于 O2-bolt-opt（快 4.8%，加速比 1.05x）
2026-03-30 15:45:32,746 INFO:     30            FreeBench_pcompress2    1.0118    1.0335   -0.0217  O2-bolt ≈ O2-bolt-opt（差异在 ±5% 内）
2026-03-30 15:45:32,747 INFO:     31                 FreeBench_pifft    1.0122    1.0018   +0.0104  O2-bolt ≈ O2-bolt-opt（差异在 ±5% 内）
2026-03-30 15:45:32,747 INFO:     32               MallocBench_cfrac    1.0190    1.0000   +0.0190  O2-bolt ≈ O2-bolt-opt（差异在 ±5% 内）
2026-03-30 15:45:32,747 INFO:     33            MallocBench_espresso    1.0077    1.0000   +0.0077  O2-bolt ≈ O2-bolt-opt（差异在 ±5% 内）
2026-03-30 15:45:32,747 INFO:     34                  MallocBench_gs    0.9664    0.9546   +0.0118  O2-bolt ≈ O2-bolt-opt（差异在 ±5% 内）
2026-03-30 15:45:32,747 INFO:     35                 McCat_01-qbsort    0.9880    0.9744   +0.0136  O2-bolt ≈ O2-bolt-opt（差异在 ±5% 内）
2026-03-30 15:45:32,747 INFO:     36                 McCat_04-bisect    1.0490    1.0136   +0.0354  O2-bolt ≈ O2-bolt-opt（差异在 ±5% 内）
2026-03-30 15:45:32,747 INFO:     37                   McCat_08-main    1.0116    1.0000   +0.0116  O2-bolt ≈ O2-bolt-opt（差异在 ±5% 内）
2026-03-30 15:45:32,748 INFO:     38                    McCat_09-vor    1.0181    0.9947   +0.0234  O2-bolt ≈ O2-bolt-opt（差异在 ±5% 内）
2026-03-30 15:45:32,748 INFO:     39                 McCat_12-IOtest    1.0195    0.9932   +0.0262  O2-bolt ≈ O2-bolt-opt（差异在 ±5% 内）
2026-03-30 15:45:32,748 INFO:     40                   McCat_15-trie    1.0045    1.0101   -0.0056  O2-bolt ≈ O2-bolt-opt（差异在 ±5% 内）
2026-03-30 15:45:32,748 INFO:     41                  McCat_17-bintr    0.9300    0.9494   -0.0194  O2-bolt-opt 优于 O2-bolt（快 7.0%，加速比 1.08x）
2026-03-30 15:45:32,748 INFO:     42                    McCat_18-imp    1.1162    1.1155   +0.0007  O2-bolt 优于 O2-bolt-opt（快 10.4%，加速比 1.12x）
2026-03-30 15:45:32,748 INFO:     43    MiBench_automotive-basicmath    0.9970    1.0000   -0.0030  O2-bolt ≈ O2-bolt-opt（差异在 ±5% 内）
2026-03-30 15:45:32,748 INFO:     44     MiBench_automotive-bitcount    0.9106    0.8994   +0.0112  O2-bolt-opt 优于 O2-bolt（快 8.9%，加速比 1.10x）
2026-03-30 15:45:32,749 INFO:     45        MiBench_automotive-susan    0.9982    0.9883   +0.0099  O2-bolt ≈ O2-bolt-opt（差异在 ±5% 内）
2026-03-30 15:45:32,749 INFO:     46           MiBench_consumer-jpeg    1.0011    0.9967   +0.0045  O2-bolt ≈ O2-bolt-opt（差异在 ±5% 内）
2026-03-30 15:45:32,749 INFO:     47           MiBench_consumer-lame    0.9891    0.9877   +0.0014  O2-bolt ≈ O2-bolt-opt（差异在 ±5% 内）
2026-03-30 15:45:32,749 INFO:     48        MiBench_consumer-typeset    1.0201    0.9945   +0.0256  O2-bolt ≈ O2-bolt-opt（差异在 ±5% 内）
2026-03-30 15:45:32,749 INFO:     49        MiBench_network-dijkstra    0.9792    0.9192   +0.0599  O2-bolt ≈ O2-bolt-opt（差异在 ±5% 内）
2026-03-30 15:45:32,749 INFO:     50        MiBench_network-patricia    1.0041    0.9936   +0.0105  O2-bolt ≈ O2-bolt-opt（差异在 ±5% 内）
2026-03-30 15:45:32,749 INFO:     51           MiBench_office-ispell    1.0100    1.0015   +0.0085  O2-bolt ≈ O2-bolt-opt（差异在 ±5% 内）
2026-03-30 15:45:32,750 INFO:     52     MiBench_office-stringsearch    1.0089    1.0090   -0.0001  O2-bolt ≈ O2-bolt-opt（差异在 ±5% 内）
2026-03-30 15:45:32,750 INFO:     53       MiBench_security-blowfish    1.0074    1.0251   -0.0177  O2-bolt ≈ O2-bolt-opt（差异在 ±5% 内）
2026-03-30 15:45:32,750 INFO:     54       MiBench_security-rijndael    1.0429    1.0469   -0.0039  O2-bolt ≈ O2-bolt-opt（差异在 ±5% 内）
2026-03-30 15:45:32,750 INFO:     55            MiBench_security-sha    1.0225    1.0035   +0.0190  O2-bolt ≈ O2-bolt-opt（差异在 ±5% 内）
2026-03-30 15:45:32,750 INFO:     56          MiBench_telecomm-CRC32    1.0049    1.0000   +0.0049  O2-bolt ≈ O2-bolt-opt（差异在 ±5% 内）
2026-03-30 15:45:32,750 INFO:     57            MiBench_telecomm-FFT    0.9966    1.0031   -0.0065  O2-bolt ≈ O2-bolt-opt（差异在 ±5% 内）
2026-03-30 15:45:32,751 INFO:     58          MiBench_telecomm-adpcm    1.0216    0.9976   +0.0240  O2-bolt ≈ O2-bolt-opt（差异在 ±5% 内）
2026-03-30 15:45:32,751 INFO:     59            MiBench_telecomm-gsm    1.0064    1.0076   -0.0011  O2-bolt ≈ O2-bolt-opt（差异在 ±5% 内）
2026-03-30 15:45:32,751 INFO:     60                   NPB-serial_is    1.0130    1.0000   +0.0130  O2-bolt ≈ O2-bolt-opt（差异在 ±5% 内）
2026-03-30 15:45:32,751 INFO:     61                        Olden_bh    1.0095    1.0000   +0.0095  O2-bolt ≈ O2-bolt-opt（差异在 ±5% 内）
2026-03-30 15:45:32,751 INFO:     62                    Olden_bisort    0.9971    0.9778   +0.0193  O2-bolt ≈ O2-bolt-opt（差异在 ±5% 内）
2026-03-30 15:45:32,751 INFO:     63                      Olden_em3d    1.6980    1.6429   +0.0552  O2-bolt 优于 O2-bolt-opt（快 41.1%，加速比 1.70x）
2026-03-30 15:45:32,752 INFO:     64                    Olden_health    0.9929    0.9891   +0.0038  O2-bolt ≈ O2-bolt-opt（差异在 ±5% 内）
2026-03-30 15:45:32,752 INFO:     65                       Olden_mst    0.9804    0.9920   -0.0116  O2-bolt ≈ O2-bolt-opt（差异在 ±5% 内）
2026-03-30 15:45:32,752 INFO:     66                 Olden_perimeter    0.9381    0.9345   +0.0036  O2-bolt-opt 优于 O2-bolt（快 6.2%，加速比 1.07x）
2026-03-30 15:45:32,752 INFO:     67                     Olden_power    1.0267    1.0000   +0.0267  O2-bolt ≈ O2-bolt-opt（差异在 ±5% 内）
2026-03-30 15:45:32,752 INFO:     68                   Olden_treeadd    0.9952    0.9854   +0.0097  O2-bolt ≈ O2-bolt-opt（差异在 ±5% 内）
2026-03-30 15:45:32,752 INFO:     69                       Olden_tsp    1.0079    1.0000   +0.0079  O2-bolt ≈ O2-bolt-opt（差异在 ±5% 内）
2026-03-30 15:45:32,753 INFO:     70                   Olden_voronoi    1.0156    1.0000   +0.0156  O2-bolt ≈ O2-bolt-opt（差异在 ±5% 内）
2026-03-30 15:45:32,753 INFO:     71                           PAQ8p    1.0023    1.0000   +0.0023  O2-bolt ≈ O2-bolt-opt（差异在 ±5% 内）
2026-03-30 15:45:32,753 INFO:     72                 Prolangs-C++_NP    1.0172    1.0088   +0.0084  O2-bolt ≈ O2-bolt-opt（差异在 ±5% 内）
2026-03-30 15:45:32,753 INFO:     73               Prolangs-C++_city    0.9946    0.9759   +0.0187  O2-bolt ≈ O2-bolt-opt（差异在 ±5% 内）
2026-03-30 15:45:32,753 INFO:     74             Prolangs-C++_deriv1    1.0177    1.0141   +0.0036  O2-bolt ≈ O2-bolt-opt（差异在 ±5% 内）
2026-03-30 15:45:32,753 INFO:     75             Prolangs-C++_deriv2    1.0157    1.0115   +0.0042  O2-bolt ≈ O2-bolt-opt（差异在 ±5% 内）
2026-03-30 15:45:32,753 INFO:     76             Prolangs-C++_employ    0.9940    0.9903   +0.0037  O2-bolt ≈ O2-bolt-opt（差异在 ±5% 内）
2026-03-30 15:45:32,754 INFO:     77             Prolangs-C++_family    1.0164    1.0197   -0.0033  O2-bolt ≈ O2-bolt-opt（差异在 ±5% 内）
2026-03-30 15:45:32,754 INFO:     78                Prolangs-C++_fsm    1.0145    1.0091   +0.0054  O2-bolt ≈ O2-bolt-opt（差异在 ±5% 内）
2026-03-30 15:45:32,754 INFO:     79             Prolangs-C++_garage    1.0103    0.9981   +0.0122  O2-bolt ≈ O2-bolt-opt（差异在 ±5% 内）
2026-03-30 15:45:32,754 INFO:     80               Prolangs-C++_life    1.0120    1.0000   +0.0120  O2-bolt ≈ O2-bolt-opt（差异在 ±5% 内）
2026-03-30 15:45:32,754 INFO:     81            Prolangs-C++_objects    1.0137    1.0114   +0.0023  O2-bolt ≈ O2-bolt-opt（差异在 ±5% 内）
2026-03-30 15:45:32,754 INFO:     82              Prolangs-C++_ocean    1.0070    1.0000   +0.0070  O2-bolt ≈ O2-bolt-opt（差异在 ±5% 内）
2026-03-30 15:45:32,755 INFO:     83             Prolangs-C++_office    1.0117    1.0060   +0.0057  O2-bolt ≈ O2-bolt-opt（差异在 ±5% 内）
2026-03-30 15:45:32,755 INFO:     84             Prolangs-C++_primes    0.9621    0.9580   +0.0041  O2-bolt ≈ O2-bolt-opt（差异在 ±5% 内）
2026-03-30 15:45:32,755 INFO:     85             Prolangs-C++_shapes    1.0130    1.0252   -0.0122  O2-bolt ≈ O2-bolt-opt（差异在 ±5% 内）
2026-03-30 15:45:32,755 INFO:     86              Prolangs-C++_simul    1.0362    1.0252   +0.0109  O2-bolt ≈ O2-bolt-opt（差异在 ±5% 内）
2026-03-30 15:45:32,755 INFO:     87              Prolangs-C++_trees    1.0182    1.0176   +0.0006  O2-bolt ≈ O2-bolt-opt（差异在 ±5% 内）
2026-03-30 15:45:32,755 INFO:     88              Prolangs-C++_vcirc    1.0107    1.0016   +0.0092  O2-bolt ≈ O2-bolt-opt（差异在 ±5% 内）
2026-03-30 15:45:32,756 INFO:     89                Prolangs-C_agrep    1.0178    1.0382   -0.0204  O2-bolt ≈ O2-bolt-opt（差异在 ±5% 内）
2026-03-30 15:45:32,756 INFO:     90             Prolangs-C_allroots    1.0206    1.0094   +0.0113  O2-bolt ≈ O2-bolt-opt（差异在 ±5% 内）
2026-03-30 15:45:32,756 INFO:     91                Prolangs-C_bison    0.9954    0.9879   +0.0074  O2-bolt ≈ O2-bolt-opt（差异在 ±5% 内）
2026-03-30 15:45:32,756 INFO:     92                Prolangs-C_cdecl    1.0219    1.0122   +0.0097  O2-bolt ≈ O2-bolt-opt（差异在 ±5% 内）
2026-03-30 15:45:32,756 INFO:     93            Prolangs-C_fixoutput    1.0116    0.9965   +0.0152  O2-bolt ≈ O2-bolt-opt（差异在 ±5% 内）
2026-03-30 15:45:32,757 INFO:     94             Prolangs-C_football    1.0124    0.9975   +0.0149  O2-bolt ≈ O2-bolt-opt（差异在 ±5% 内）
2026-03-30 15:45:32,757 INFO:     95                Prolangs-C_gnugo    1.0223    1.0098   +0.0124  O2-bolt ≈ O2-bolt-opt（差异在 ±5% 内）
2026-03-30 15:45:32,757 INFO:     96               Prolangs-C_loader    1.0211    1.0238   -0.0027  O2-bolt ≈ O2-bolt-opt（差异在 ±5% 内）
2026-03-30 15:45:32,757 INFO:     97            Prolangs-C_simulator    1.0221    1.0159   +0.0062  O2-bolt ≈ O2-bolt-opt（差异在 ±5% 内）
2026-03-30 15:45:32,757 INFO:     98           Prolangs-C_unix-smail    1.0147    0.9970   +0.0177  O2-bolt ≈ O2-bolt-opt（差异在 ±5% 内）
2026-03-30 15:45:32,757 INFO:     99             Prolangs-C_unix-tbl    1.0147    1.0225   -0.0077  O2-bolt ≈ O2-bolt-opt（差异在 ±5% 内）
2026-03-30 15:45:32,757 INFO:    100                 Ptrdist_anagram    0.9837    0.9833   +0.0004  O2-bolt ≈ O2-bolt-opt（差异在 ±5% 内）
2026-03-30 15:45:32,758 INFO:    101                      Ptrdist_bc    0.9244    0.9045   +0.0199  O2-bolt-opt 优于 O2-bolt（快 7.6%，加速比 1.08x）
2026-03-30 15:45:32,758 INFO:    102                      Ptrdist_ft    1.0067    1.0000   +0.0067  O2-bolt ≈ O2-bolt-opt（差异在 ±5% 内）
2026-03-30 15:45:32,758 INFO:    103                      Ptrdist_ks    0.9914    0.9831   +0.0084  O2-bolt ≈ O2-bolt-opt（差异在 ±5% 内）
2026-03-30 15:45:32,758 INFO:    104                   Ptrdist_yacr2    1.1239    1.0938   +0.0302  O2-bolt 优于 O2-bolt-opt（快 11.0%，加速比 1.12x）
2026-03-30 15:45:32,758 INFO:    105                Rodinia_backprop    0.9952    1.0000   -0.0048  O2-bolt ≈ O2-bolt-opt（差异在 ±5% 内）
2026-03-30 15:45:32,759 INFO:    106                 Rodinia_hotspot    1.0127    0.9923   +0.0204  O2-bolt ≈ O2-bolt-opt（差异在 ±5% 内）
2026-03-30 15:45:32,759 INFO:    107              Rodinia_pathfinder    0.9739    1.0345   -0.0606  O2-bolt ≈ O2-bolt-opt（差异在 ±5% 内）
2026-03-30 15:45:32,759 INFO:    108                    Rodinia_srad    0.9954    1.0000   -0.0046  O2-bolt ≈ O2-bolt-opt（差异在 ±5% 内）
2026-03-30 15:45:32,759 INFO:    109                      SciMark2-C    1.0130    1.0000   +0.0130  O2-bolt ≈ O2-bolt-opt（差异在 ±5% 内）
2026-03-30 15:45:32,759 INFO:    110            TSVC_ControlFlow-dbl    1.0173    1.0000   +0.0173  O2-bolt ≈ O2-bolt-opt（差异在 ±5% 内）
2026-03-30 15:45:32,759 INFO:    111            TSVC_ControlFlow-flt    1.0218    1.0000   +0.0218  O2-bolt ≈ O2-bolt-opt（差异在 ±5% 内）
2026-03-30 15:45:32,759 INFO:    112           TSVC_ControlLoops-dbl    1.0242    1.0000   +0.0242  O2-bolt ≈ O2-bolt-opt（差异在 ±5% 内）
2026-03-30 15:45:32,760 INFO:    113           TSVC_ControlLoops-flt    1.0165    1.0000   +0.0165  O2-bolt ≈ O2-bolt-opt（差异在 ±5% 内）
2026-03-30 15:45:32,760 INFO:    114     TSVC_CrossingThresholds-dbl    1.0093    1.0000   +0.0093  O2-bolt ≈ O2-bolt-opt（差异在 ±5% 内）
2026-03-30 15:45:32,760 INFO:    115     TSVC_CrossingThresholds-flt    0.9731    0.9565   +0.0166  O2-bolt ≈ O2-bolt-opt（差异在 ±5% 内）
2026-03-30 15:45:32,760 INFO:    116          TSVC_Equivalencing-dbl    0.9921    1.0000   -0.0079  O2-bolt ≈ O2-bolt-opt（差异在 ±5% 内）
2026-03-30 15:45:32,760 INFO:    117          TSVC_Equivalencing-flt    0.9963    1.0000   -0.0037  O2-bolt ≈ O2-bolt-opt（差异在 ±5% 内）
2026-03-30 15:45:32,760 INFO:    118              TSVC_Expansion-dbl    1.0060    1.0000   +0.0060  O2-bolt ≈ O2-bolt-opt（差异在 ±5% 内）
2026-03-30 15:45:32,760 INFO:    119              TSVC_Expansion-flt    0.9729    0.9643   +0.0086  O2-bolt ≈ O2-bolt-opt（差异在 ±5% 内）
2026-03-30 15:45:32,761 INFO:    120         TSVC_GlobalDataFlow-dbl    0.9938    1.0000   -0.0062  O2-bolt ≈ O2-bolt-opt（差异在 ±5% 内）
2026-03-30 15:45:32,761 INFO:    121         TSVC_GlobalDataFlow-flt    0.9932    0.9744   +0.0188  O2-bolt ≈ O2-bolt-opt（差异在 ±5% 内）
2026-03-30 15:45:32,761 INFO:    122     TSVC_IndirectAddressing-dbl    1.0038    1.0000   +0.0038  O2-bolt ≈ O2-bolt-opt（差异在 ±5% 内）
2026-03-30 15:45:32,761 INFO:    123     TSVC_IndirectAddressing-flt    1.0163    1.0000   +0.0163  O2-bolt ≈ O2-bolt-opt（差异在 ±5% 内）
2026-03-30 15:45:32,761 INFO:    124      TSVC_InductionVariable-dbl    1.0058    1.0000   +0.0058  O2-bolt ≈ O2-bolt-opt（差异在 ±5% 内）
2026-03-30 15:45:32,761 INFO:    125      TSVC_InductionVariable-flt    1.0223    1.0000   +0.0223  O2-bolt ≈ O2-bolt-opt（差异在 ±5% 内）
2026-03-30 15:45:32,762 INFO:    126       TSVC_LinearDependence-dbl    1.0086    1.0000   +0.0086  O2-bolt ≈ O2-bolt-opt（差异在 ±5% 内）
2026-03-30 15:45:32,762 INFO:    127       TSVC_LinearDependence-flt    0.9485    0.9333   +0.0152  O2-bolt-opt 优于 O2-bolt（快 5.2%，加速比 1.05x）
2026-03-30 15:45:32,762 INFO:    128          TSVC_LoopRerolling-dbl    1.0148    1.0000   +0.0148  O2-bolt ≈ O2-bolt-opt（差异在 ±5% 内）
2026-03-30 15:45:32,762 INFO:    129          TSVC_LoopRerolling-flt    1.0177    1.0000   +0.0177  O2-bolt ≈ O2-bolt-opt（差异在 ±5% 内）
2026-03-30 15:45:32,762 INFO:    130      TSVC_LoopRestructuring-dbl    0.9900    1.0000   -0.0100  O2-bolt ≈ O2-bolt-opt（差异在 ±5% 内）
2026-03-30 15:45:32,762 INFO:    131      TSVC_LoopRestructuring-flt    1.0133    1.0000   +0.0133  O2-bolt ≈ O2-bolt-opt（差异在 ±5% 内）
2026-03-30 15:45:32,763 INFO:    132          TSVC_NodeSplitting-dbl    1.0025    1.0000   +0.0025  O2-bolt ≈ O2-bolt-opt（差异在 ±5% 内）
2026-03-30 15:45:32,763 INFO:    133          TSVC_NodeSplitting-flt    0.9477    0.9412   +0.0065  O2-bolt-opt 优于 O2-bolt（快 5.2%，加速比 1.06x）
2026-03-30 15:45:32,763 INFO:    134                TSVC_Packing-dbl    1.0093    1.0000   +0.0093  O2-bolt ≈ O2-bolt-opt（差异在 ±5% 内）
2026-03-30 15:45:32,763 INFO:    135                TSVC_Packing-flt    1.3250    1.3333   -0.0083  O2-bolt 优于 O2-bolt-opt（快 24.5%，加速比 1.32x）
2026-03-30 15:45:32,763 INFO:    136            TSVC_Recurrences-dbl    0.9861    1.0000   -0.0139  O2-bolt ≈ O2-bolt-opt（差异在 ±5% 内）
2026-03-30 15:45:32,763 INFO:    137            TSVC_Recurrences-flt    0.9847    1.0000   -0.0153  O2-bolt ≈ O2-bolt-opt（差异在 ±5% 内）
2026-03-30 15:45:32,764 INFO:    138             TSVC_Reductions-dbl    1.0073    1.0000   +0.0073  O2-bolt ≈ O2-bolt-opt（差异在 ±5% 内）
2026-03-30 15:45:32,764 INFO:    139             TSVC_Reductions-flt    1.0042    1.0000   +0.0042  O2-bolt ≈ O2-bolt-opt（差异在 ±5% 内）
2026-03-30 15:45:32,764 INFO:    140              TSVC_Searching-dbl    1.0082    1.0000   +0.0082  O2-bolt ≈ O2-bolt-opt（差异在 ±5% 内）
2026-03-30 15:45:32,764 INFO:    141              TSVC_Searching-flt    1.0160    1.0000   +0.0160  O2-bolt ≈ O2-bolt-opt（差异在 ±5% 内）
2026-03-30 15:45:32,764 INFO:    142    TSVC_StatementReordering-dbl    1.0022    1.0000   +0.0022  O2-bolt ≈ O2-bolt-opt（差异在 ±5% 内）
2026-03-30 15:45:32,764 INFO:    143    TSVC_StatementReordering-flt    1.0681    1.0625   +0.0056  O2-bolt 优于 O2-bolt-opt（快 6.4%，加速比 1.07x）
2026-03-30 15:45:32,765 INFO:    144              TSVC_Symbolics-dbl    1.0152    1.0000   +0.0152  O2-bolt ≈ O2-bolt-opt（差异在 ±5% 内）
2026-03-30 15:45:32,765 INFO:    145              TSVC_Symbolics-flt    0.9742    0.9444   +0.0298  O2-bolt ≈ O2-bolt-opt（差异在 ±5% 内）
2026-03-30 15:45:32,765 INFO:    146               Trimaran_enc-3des    1.0040    1.0000   +0.0040  O2-bolt ≈ O2-bolt-opt（差异在 ±5% 内）
2026-03-30 15:45:32,765 INFO:    147                Trimaran_enc-md5    1.0126    1.0000   +0.0126  O2-bolt ≈ O2-bolt-opt（差异在 ±5% 内）
2026-03-30 15:45:32,765 INFO:    148                Trimaran_enc-pc1    1.0131    1.0000   +0.0131  O2-bolt ≈ O2-bolt-opt（差异在 ±5% 内）
2026-03-30 15:45:32,765 INFO:    149                Trimaran_enc-rc4    0.9984    0.9796   +0.0188  O2-bolt ≈ O2-bolt-opt（差异在 ±5% 内）
2026-03-30 15:45:32,766 INFO:    150           Trimaran_netbench-crc    1.0076    1.0000   +0.0076  O2-bolt ≈ O2-bolt-opt（差异在 ±5% 内）
2026-03-30 15:45:32,766 INFO:    151           Trimaran_netbench-url    1.0146    1.0000   +0.0146  O2-bolt ≈ O2-bolt-opt（差异在 ±5% 内）
2026-03-30 15:45:32,766 INFO:    152                VersaBench_8b10b    1.0253    1.0000   +0.0253  O2-bolt ≈ O2-bolt-opt（差异在 ±5% 内）
2026-03-30 15:45:32,766 INFO:    153           VersaBench_beamformer    1.1342    1.1296   +0.0046  O2-bolt 优于 O2-bolt-opt（快 11.8%，加速比 1.13x）
2026-03-30 15:45:32,766 INFO:    154                  VersaBench_bmm    1.0105    1.0000   +0.0105  O2-bolt ≈ O2-bolt-opt（差异在 ±5% 内）
2026-03-30 15:45:32,766 INFO:    155                 VersaBench_dbms    0.9935    1.0000   -0.0065  O2-bolt ≈ O2-bolt-opt（差异在 ±5% 内）
2026-03-30 15:45:32,767 INFO:    156               VersaBench_ecbdes    1.0116    1.0000   +0.0116  O2-bolt ≈ O2-bolt-opt（差异在 ±5% 内）
2026-03-30 15:45:32,767 INFO:    157                    llubenchmark    1.0132    1.0000   +0.0132  O2-bolt ≈ O2-bolt-opt（差异在 ±5% 内）
2026-03-30 15:45:32,767 INFO:    158                           mafft    1.0239    1.0000   +0.0239  O2-bolt ≈ O2-bolt-opt（差异在 ±5% 内）
2026-03-30 15:45:32,767 INFO:    159      mediabench_adpcm_rawcaudio    0.9994    0.9970   +0.0024  O2-bolt ≈ O2-bolt-opt（差异在 ±5% 内）
2026-03-30 15:45:32,767 INFO:    160      mediabench_adpcm_rawdaudio    0.9893    0.9908   -0.0015  O2-bolt ≈ O2-bolt-opt（差异在 ±5% 内）
2026-03-30 15:45:32,767 INFO:    161      mediabench_g721_g721encode    0.9813    0.9828   -0.0014  O2-bolt ≈ O2-bolt-opt（差异在 ±5% 内）
2026-03-30 15:45:32,767 INFO:    162            mediabench_gsm_toast    1.0429    1.0302   +0.0127  O2-bolt ≈ O2-bolt-opt（差异在 ±5% 内）
2026-03-30 15:45:32,768 INFO:    163       mediabench_mpeg2_mpeg2dec    0.9904    0.9592   +0.0313  O2-bolt ≈ O2-bolt-opt（差异在 ±5% 内）
2026-03-30 15:45:32,768 INFO:    164                          nbench    1.0356    1.0312   +0.0043  O2-bolt ≈ O2-bolt-opt（差异在 ±5% 内）
2026-03-30 15:45:32,768 INFO:    165                      tramp3d-v4    0.9969    0.9896   +0.0073  O2-bolt ≈ O2-bolt-opt（差异在 ±5% 内）
2026-03-30 15:45:32,768 INFO: 
  ── 验证指标 ──
2026-03-30 15:45:32,768 INFO:   MAE  = 0.0131
2026-03-30 15:45:32,768 INFO:   MSE  = 0.0003
2026-03-30 15:45:32,769 INFO:   RMSE = 0.0166
2026-03-30 15:45:32,769 INFO:   方向准确率 = 137/165 (83.0%)
2026-03-30 15:45:32,769 INFO:   预测 O2-bolt 更优: 113/165  (真实: 43/165)
2026-03-30 15:45:32,769 INFO:   方向准确率（排除 ±5%）= 18/18 (100.0%)
2026-03-30 15:45:32,909 INFO: ========================================================================
2026-03-30 15:45:32,909 INFO: 版本对: O3-bolt_vs_O3-bolt-opt  (O3-bolt vs O3-bolt-opt)  共 161 个程序
2026-03-30 15:45:32,909 INFO: 标签模式: fixed_workload
2026-03-30 15:45:32,910 INFO: 标签定义: Y = T_v2 / T_v1 (time ratio)
2026-03-30 15:45:32,910 INFO: 判定方向: Y > 1 视为 O3-bolt 更快，Y < 1 视为 O3-bolt-opt 更快
2026-03-30 15:45:32,910 INFO: ========================================================================
2026-03-30 15:45:32,910 INFO:      #                              程序      预测 Ŷ      真实 Y        误差  判断
2026-03-30 15:45:32,910 INFO:   ------------------------------------------------------------------------
2026-03-30 15:45:32,910 INFO:      1                            7zip    0.9884    1.0000   -0.0116  O3-bolt ≈ O3-bolt-opt（差异在 ±5% 内）
2026-03-30 15:45:32,911 INFO:      2             ASCI_Purple_SMG2000    0.9772    1.0000   -0.0228  O3-bolt ≈ O3-bolt-opt（差异在 ±5% 内）
2026-03-30 15:45:32,911 INFO:      3               ASC_Sequoia_AMGmk    1.0225    1.0000   +0.0225  O3-bolt ≈ O3-bolt-opt（差异在 ±5% 内）
2026-03-30 15:45:32,911 INFO:      4           ASC_Sequoia_CrystalMk    1.0033    1.0000   +0.0033  O3-bolt ≈ O3-bolt-opt（差异在 ±5% 内）
2026-03-30 15:45:32,911 INFO:      5               ASC_Sequoia_IRSmk    1.0188    1.0000   +0.0188  O3-bolt ≈ O3-bolt-opt（差异在 ±5% 内）
2026-03-30 15:45:32,911 INFO:      6                  BitBench_drop3    0.9444    0.9341   +0.0103  O3-bolt-opt 优于 O3-bolt（快 5.6%，加速比 1.06x）
2026-03-30 15:45:32,911 INFO:      7                 BitBench_five11    0.9603    0.9500   +0.0103  O3-bolt ≈ O3-bolt-opt（差异在 ±5% 内）
2026-03-30 15:45:32,912 INFO:      8               BitBench_uudecode    1.8561    1.7186   +0.1375  O3-bolt 优于 O3-bolt-opt（快 46.1%，加速比 1.86x）
2026-03-30 15:45:32,912 INFO:      9               BitBench_uuencode    1.0169    1.0052   +0.0117  O3-bolt ≈ O3-bolt-opt（差异在 ±5% 内）
2026-03-30 15:45:32,912 INFO:     10                          Bullet    1.0222    1.0000   +0.0222  O3-bolt ≈ O3-bolt-opt（差异在 ±5% 内）
2026-03-30 15:45:32,912 INFO:     11         DOE-ProxyApps-C++_CLAMR    1.0205    1.0000   +0.0205  O3-bolt ≈ O3-bolt-opt（差异在 ±5% 内）
2026-03-30 15:45:32,912 INFO:     12   DOE-ProxyApps-C++_HACCKernels    1.0121    1.0000   +0.0121  O3-bolt ≈ O3-bolt-opt（差异在 ±5% 内）
2026-03-30 15:45:32,912 INFO:     13         DOE-ProxyApps-C++_HPCCG    1.0330    1.0000   +0.0330  O3-bolt ≈ O3-bolt-opt（差异在 ±5% 内）
2026-03-30 15:45:32,912 INFO:     14       DOE-ProxyApps-C++_PENNANT    1.0092    1.0000   +0.0092  O3-bolt ≈ O3-bolt-opt（差异在 ±5% 内）
2026-03-30 15:45:32,913 INFO:     15        DOE-ProxyApps-C++_miniFE    1.0226    1.0000   +0.0226  O3-bolt ≈ O3-bolt-opt（差异在 ±5% 内）
2026-03-30 15:45:32,913 INFO:     16            DOE-ProxyApps-C_CoMD    0.9235    0.9200   +0.0035  O3-bolt-opt 优于 O3-bolt（快 7.7%，加速比 1.08x）
2026-03-30 15:45:32,913 INFO:     17      DOE-ProxyApps-C_Pathfinder    1.0261    1.0667   -0.0406  O3-bolt ≈ O3-bolt-opt（差异在 ±5% 内）
2026-03-30 15:45:32,913 INFO:     18         DOE-ProxyApps-C_RSBench    1.0323    1.0000   +0.0323  O3-bolt ≈ O3-bolt-opt（差异在 ±5% 内）
2026-03-30 15:45:32,913 INFO:     19       DOE-ProxyApps-C_SimpleMOC    0.9684    0.9697   -0.0013  O3-bolt ≈ O3-bolt-opt（差异在 ±5% 内）
2026-03-30 15:45:32,913 INFO:     20         DOE-ProxyApps-C_XSBench    0.9504    0.9375   +0.0129  O3-bolt ≈ O3-bolt-opt（差异在 ±5% 内）
2026-03-30 15:45:32,914 INFO:     21         DOE-ProxyApps-C_miniAMR    0.9960    1.0000   -0.0040  O3-bolt ≈ O3-bolt-opt（差异在 ±5% 内）
2026-03-30 15:45:32,914 INFO:     22         DOE-ProxyApps-C_miniGMG    0.9901    1.0000   -0.0099  O3-bolt ≈ O3-bolt-opt（差异在 ±5% 内）
2026-03-30 15:45:32,914 INFO:     23                     Fhourstones    1.0293    1.0370   -0.0077  O3-bolt ≈ O3-bolt-opt（差异在 ±5% 内）
2026-03-30 15:45:32,914 INFO:     24                 Fhourstones-3.1    1.0587    1.0857   -0.0270  O3-bolt 优于 O3-bolt-opt（快 5.5%，加速比 1.06x）
2026-03-30 15:45:32,914 INFO:     25              FreeBench_analyzer    1.0074    0.9962   +0.0111  O3-bolt ≈ O3-bolt-opt（差异在 ±5% 内）
2026-03-30 15:45:32,914 INFO:     26               FreeBench_distray    1.0151    1.0000   +0.0151  O3-bolt ≈ O3-bolt-opt（差异在 ±5% 内）
2026-03-30 15:45:32,915 INFO:     27            FreeBench_fourinarow    1.0099    1.0000   +0.0099  O3-bolt ≈ O3-bolt-opt（差异在 ±5% 内）
2026-03-30 15:45:32,915 INFO:     28                 FreeBench_mason    0.9943    0.9847   +0.0096  O3-bolt ≈ O3-bolt-opt（差异在 ±5% 内）
2026-03-30 15:45:32,915 INFO:     29                FreeBench_neural    1.0329    1.0109   +0.0220  O3-bolt ≈ O3-bolt-opt（差异在 ±5% 内）
2026-03-30 15:45:32,915 INFO:     30            FreeBench_pcompress2    1.0075    1.0060   +0.0014  O3-bolt ≈ O3-bolt-opt（差异在 ±5% 内）
2026-03-30 15:45:32,915 INFO:     31                 FreeBench_pifft    1.0313    1.0127   +0.0186  O3-bolt ≈ O3-bolt-opt（差异在 ±5% 内）
2026-03-30 15:45:32,915 INFO:     32               MallocBench_cfrac    0.9906    0.9811   +0.0095  O3-bolt ≈ O3-bolt-opt（差异在 ±5% 内）
2026-03-30 15:45:32,916 INFO:     33            MallocBench_espresso    1.0178    1.0179   -0.0000  O3-bolt ≈ O3-bolt-opt（差异在 ±5% 内）
2026-03-30 15:45:32,916 INFO:     34                  MallocBench_gs    0.9636    0.9430   +0.0206  O3-bolt ≈ O3-bolt-opt（差异在 ±5% 内）
2026-03-30 15:45:32,916 INFO:     35                 McCat_01-qbsort    0.9926    0.9774   +0.0152  O3-bolt ≈ O3-bolt-opt（差异在 ±5% 内）
2026-03-30 15:45:32,916 INFO:     36                 McCat_04-bisect    1.1570    1.1034   +0.0536  O3-bolt 优于 O3-bolt-opt（快 13.6%，加速比 1.16x）
2026-03-30 15:45:32,916 INFO:     37                   McCat_08-main    1.0144    1.0000   +0.0144  O3-bolt ≈ O3-bolt-opt（差异在 ±5% 内）
2026-03-30 15:45:32,916 INFO:     38                    McCat_09-vor    1.0255    1.0160   +0.0095  O3-bolt ≈ O3-bolt-opt（差异在 ±5% 内）
2026-03-30 15:45:32,916 INFO:     39                 McCat_12-IOtest    1.0147    0.9932   +0.0215  O3-bolt ≈ O3-bolt-opt（差异在 ±5% 内）
2026-03-30 15:45:32,917 INFO:     40                   McCat_15-trie    1.0004    1.0226   -0.0221  O3-bolt ≈ O3-bolt-opt（差异在 ±5% 内）
2026-03-30 15:45:32,917 INFO:     41                  McCat_17-bintr    0.9415    1.0000   -0.0585  O3-bolt-opt 优于 O3-bolt（快 5.9%，加速比 1.06x）
2026-03-30 15:45:32,917 INFO:     42                    McCat_18-imp    1.1074    1.0995   +0.0079  O3-bolt 优于 O3-bolt-opt（快 9.7%，加速比 1.11x）
2026-03-30 15:45:32,917 INFO:     43    MiBench_automotive-basicmath    1.0067    1.0000   +0.0067  O3-bolt ≈ O3-bolt-opt（差异在 ±5% 内）
2026-03-30 15:45:32,917 INFO:     44     MiBench_automotive-bitcount    0.9649    0.9655   -0.0006  O3-bolt ≈ O3-bolt-opt（差异在 ±5% 内）
2026-03-30 15:45:32,917 INFO:     45        MiBench_automotive-susan    1.0071    0.9868   +0.0202  O3-bolt ≈ O3-bolt-opt（差异在 ±5% 内）
2026-03-30 15:45:32,917 INFO:     46           MiBench_consumer-jpeg    0.9882    0.9872   +0.0010  O3-bolt ≈ O3-bolt-opt（差异在 ±5% 内）
2026-03-30 15:45:32,917 INFO:     47           MiBench_consumer-lame    0.9790    0.9880   -0.0089  O3-bolt ≈ O3-bolt-opt（差异在 ±5% 内）
2026-03-30 15:45:32,918 INFO:     48        MiBench_consumer-typeset    1.0180    0.9886   +0.0294  O3-bolt ≈ O3-bolt-opt（差异在 ±5% 内）
2026-03-30 15:45:32,918 INFO:     49        MiBench_network-dijkstra    0.9703    0.9219   +0.0484  O3-bolt ≈ O3-bolt-opt（差异在 ±5% 内）
2026-03-30 15:45:32,918 INFO:     50        MiBench_network-patricia    0.9865    0.9957   -0.0092  O3-bolt ≈ O3-bolt-opt（差异在 ±5% 内）
2026-03-30 15:45:32,918 INFO:     51           MiBench_office-ispell    1.0107    1.0066   +0.0041  O3-bolt ≈ O3-bolt-opt（差异在 ±5% 内）
2026-03-30 15:45:32,918 INFO:     52     MiBench_office-stringsearch    1.0112    1.0157   -0.0045  O3-bolt ≈ O3-bolt-opt（差异在 ±5% 内）
2026-03-30 15:45:32,918 INFO:     53       MiBench_security-rijndael    1.0492    1.0591   -0.0100  O3-bolt ≈ O3-bolt-opt（差异在 ±5% 内）
2026-03-30 15:45:32,918 INFO:     54            MiBench_security-sha    1.0156    1.0075   +0.0081  O3-bolt ≈ O3-bolt-opt（差异在 ±5% 内）
2026-03-30 15:45:32,919 INFO:     55          MiBench_telecomm-CRC32    0.9999    1.0069   -0.0069  O3-bolt ≈ O3-bolt-opt（差异在 ±5% 内）
2026-03-30 15:45:32,919 INFO:     56            MiBench_telecomm-FFT    1.0199    0.9969   +0.0229  O3-bolt ≈ O3-bolt-opt（差异在 ±5% 内）
2026-03-30 15:45:32,919 INFO:     57          MiBench_telecomm-adpcm    1.0100    0.9976   +0.0124  O3-bolt ≈ O3-bolt-opt（差异在 ±5% 内）
2026-03-30 15:45:32,919 INFO:     58            MiBench_telecomm-gsm    1.0041    0.9928   +0.0112  O3-bolt ≈ O3-bolt-opt（差异在 ±5% 内）
2026-03-30 15:45:32,919 INFO:     59                   NPB-serial_is    1.0104    1.0000   +0.0104  O3-bolt ≈ O3-bolt-opt（差异在 ±5% 内）
2026-03-30 15:45:32,919 INFO:     60                        Olden_bh    1.0149    1.0000   +0.0149  O3-bolt ≈ O3-bolt-opt（差异在 ±5% 内）
2026-03-30 15:45:32,920 INFO:     61                    Olden_bisort    0.9864    0.9891   -0.0028  O3-bolt ≈ O3-bolt-opt（差异在 ±5% 内）
2026-03-30 15:45:32,920 INFO:     62                      Olden_em3d    1.6914    1.6429   +0.0485  O3-bolt 优于 O3-bolt-opt（快 40.9%，加速比 1.69x）
2026-03-30 15:45:32,920 INFO:     63                    Olden_health    1.0068    1.0000   +0.0068  O3-bolt ≈ O3-bolt-opt（差异在 ±5% 内）
2026-03-30 15:45:32,920 INFO:     64                       Olden_mst    0.9597    1.0020   -0.0423  O3-bolt ≈ O3-bolt-opt（差异在 ±5% 内）
2026-03-30 15:45:32,920 INFO:     65                 Olden_perimeter    0.9924    0.9912   +0.0013  O3-bolt ≈ O3-bolt-opt（差异在 ±5% 内）
2026-03-30 15:45:32,920 INFO:     66                     Olden_power    1.0150    0.9870   +0.0280  O3-bolt ≈ O3-bolt-opt（差异在 ±5% 内）
2026-03-30 15:45:32,920 INFO:     67                   Olden_treeadd    1.0084    1.0049   +0.0036  O3-bolt ≈ O3-bolt-opt（差异在 ±5% 内）
2026-03-30 15:45:32,921 INFO:     68                       Olden_tsp    1.0266    1.0115   +0.0151  O3-bolt ≈ O3-bolt-opt（差异在 ±5% 内）
2026-03-30 15:45:32,921 INFO:     69                   Olden_voronoi    1.0015    1.0061   -0.0046  O3-bolt ≈ O3-bolt-opt（差异在 ±5% 内）
2026-03-30 15:45:32,921 INFO:     70                           PAQ8p    0.9997    1.0000   -0.0003  O3-bolt ≈ O3-bolt-opt（差异在 ±5% 内）
2026-03-30 15:45:32,921 INFO:     71                 Prolangs-C++_NP    1.0178    1.0239   -0.0061  O3-bolt ≈ O3-bolt-opt（差异在 ±5% 内）
2026-03-30 15:45:32,921 INFO:     72             Prolangs-C++_deriv1    1.0117    1.0014   +0.0103  O3-bolt ≈ O3-bolt-opt（差异在 ±5% 内）
2026-03-30 15:45:32,921 INFO:     73             Prolangs-C++_deriv2    1.0104    1.0078   +0.0026  O3-bolt ≈ O3-bolt-opt（差异在 ±5% 内）
2026-03-30 15:45:32,921 INFO:     74             Prolangs-C++_employ    1.0175    1.0104   +0.0072  O3-bolt ≈ O3-bolt-opt（差异在 ±5% 内）
2026-03-30 15:45:32,922 INFO:     75                Prolangs-C++_fsm    1.0099    1.0083   +0.0016  O3-bolt ≈ O3-bolt-opt（差异在 ±5% 内）
2026-03-30 15:45:32,922 INFO:     76             Prolangs-C++_garage    1.0140    1.0093   +0.0047  O3-bolt ≈ O3-bolt-opt（差异在 ±5% 内）
2026-03-30 15:45:32,922 INFO:     77               Prolangs-C++_life    1.0460    1.0286   +0.0174  O3-bolt ≈ O3-bolt-opt（差异在 ±5% 内）
2026-03-30 15:45:32,922 INFO:     78            Prolangs-C++_objects    1.0152    1.0146   +0.0006  O3-bolt ≈ O3-bolt-opt（差异在 ±5% 内）
2026-03-30 15:45:32,922 INFO:     79              Prolangs-C++_ocean    1.0133    0.9920   +0.0213  O3-bolt ≈ O3-bolt-opt（差异在 ±5% 内）
2026-03-30 15:45:32,922 INFO:     80             Prolangs-C++_office    1.0111    0.9976   +0.0135  O3-bolt ≈ O3-bolt-opt（差异在 ±5% 内）
2026-03-30 15:45:32,922 INFO:     81             Prolangs-C++_primes    0.9571    0.9521   +0.0050  O3-bolt ≈ O3-bolt-opt（差异在 ±5% 内）
2026-03-30 15:45:32,922 INFO:     82             Prolangs-C++_shapes    1.0096    1.0009   +0.0087  O3-bolt ≈ O3-bolt-opt（差异在 ±5% 内）
2026-03-30 15:45:32,923 INFO:     83              Prolangs-C++_simul    1.0117    0.9927   +0.0191  O3-bolt ≈ O3-bolt-opt（差异在 ±5% 内）
2026-03-30 15:45:32,923 INFO:     84              Prolangs-C++_trees    1.0208    1.0263   -0.0055  O3-bolt ≈ O3-bolt-opt（差异在 ±5% 内）
2026-03-30 15:45:32,923 INFO:     85         Prolangs-C_TimberWolfMC    1.0207    1.0175   +0.0032  O3-bolt ≈ O3-bolt-opt（差异在 ±5% 内）
2026-03-30 15:45:32,923 INFO:     86                Prolangs-C_agrep    1.0090    1.0310   -0.0221  O3-bolt ≈ O3-bolt-opt（差异在 ±5% 内）
2026-03-30 15:45:32,923 INFO:     87             Prolangs-C_allroots    1.0193    1.0128   +0.0066  O3-bolt ≈ O3-bolt-opt（差异在 ±5% 内）
2026-03-30 15:45:32,923 INFO:     88        Prolangs-C_archie-client    1.0114    1.0116   -0.0002  O3-bolt ≈ O3-bolt-opt（差异在 ±5% 内）
2026-03-30 15:45:32,924 INFO:     89                Prolangs-C_bison    1.0041    0.9933   +0.0108  O3-bolt ≈ O3-bolt-opt（差异在 ±5% 内）
2026-03-30 15:45:32,924 INFO:     90                Prolangs-C_cdecl    1.0209    1.0133   +0.0076  O3-bolt ≈ O3-bolt-opt（差异在 ±5% 内）
2026-03-30 15:45:32,924 INFO:     91             Prolangs-C_football    1.0086    1.0212   -0.0126  O3-bolt ≈ O3-bolt-opt（差异在 ±5% 内）
2026-03-30 15:45:32,924 INFO:     92                Prolangs-C_gnugo    1.0444    1.0174   +0.0270  O3-bolt ≈ O3-bolt-opt（差异在 ±5% 内）
2026-03-30 15:45:32,924 INFO:     93           Prolangs-C_unix-smail    1.0128    1.0062   +0.0066  O3-bolt ≈ O3-bolt-opt（差异在 ±5% 内）
2026-03-30 15:45:32,924 INFO:     94             Prolangs-C_unix-tbl    1.0095    1.0171   -0.0076  O3-bolt ≈ O3-bolt-opt（差异在 ±5% 内）
2026-03-30 15:45:32,924 INFO:     95                 Ptrdist_anagram    0.9778    0.9833   -0.0055  O3-bolt ≈ O3-bolt-opt（差异在 ±5% 内）
2026-03-30 15:45:32,924 INFO:     96                      Ptrdist_bc    0.9333    0.9161   +0.0171  O3-bolt-opt 优于 O3-bolt（快 6.7%，加速比 1.07x）
2026-03-30 15:45:32,925 INFO:     97                      Ptrdist_ft    1.0309    1.0200   +0.0109  O3-bolt ≈ O3-bolt-opt（差异在 ±5% 内）
2026-03-30 15:45:32,925 INFO:     98                      Ptrdist_ks    0.8987    0.8507   +0.0480  O3-bolt-opt 优于 O3-bolt（快 10.1%，加速比 1.11x）
2026-03-30 15:45:32,925 INFO:     99                   Ptrdist_yacr2    1.1166    1.0833   +0.0333  O3-bolt 优于 O3-bolt-opt（快 10.4%，加速比 1.12x）
2026-03-30 15:45:32,925 INFO:    100                Rodinia_backprop    0.9692    1.0000   -0.0308  O3-bolt ≈ O3-bolt-opt（差异在 ±5% 内）
2026-03-30 15:45:32,925 INFO:    101                 Rodinia_hotspot    1.0326    1.0039   +0.0287  O3-bolt ≈ O3-bolt-opt（差异在 ±5% 内）
2026-03-30 15:45:32,925 INFO:    102              Rodinia_pathfinder    0.9575    1.0000   -0.0425  O3-bolt ≈ O3-bolt-opt（差异在 ±5% 内）
2026-03-30 15:45:32,926 INFO:    103                    Rodinia_srad    1.0064    1.0110   -0.0046  O3-bolt ≈ O3-bolt-opt（差异在 ±5% 内）
2026-03-30 15:45:32,926 INFO:    104                      SciMark2-C    1.0177    1.0000   +0.0177  O3-bolt ≈ O3-bolt-opt（差异在 ±5% 内）
2026-03-30 15:45:32,926 INFO:    105            TSVC_ControlFlow-dbl    1.0177    1.0000   +0.0177  O3-bolt ≈ O3-bolt-opt（差异在 ±5% 内）
2026-03-30 15:45:32,926 INFO:    106            TSVC_ControlFlow-flt    1.0829    1.0667   +0.0162  O3-bolt 优于 O3-bolt-opt（快 7.7%，加速比 1.08x）
2026-03-30 15:45:32,926 INFO:    107           TSVC_ControlLoops-dbl    1.0229    1.0000   +0.0229  O3-bolt ≈ O3-bolt-opt（差异在 ±5% 内）
2026-03-30 15:45:32,926 INFO:    108           TSVC_ControlLoops-flt    1.0268    1.0000   +0.0268  O3-bolt ≈ O3-bolt-opt（差异在 ±5% 内）
2026-03-30 15:45:32,926 INFO:    109     TSVC_CrossingThresholds-dbl    1.0198    1.0000   +0.0198  O3-bolt ≈ O3-bolt-opt（差异在 ±5% 内）
2026-03-30 15:45:32,926 INFO:    110     TSVC_CrossingThresholds-flt    1.0162    1.0000   +0.0162  O3-bolt ≈ O3-bolt-opt（差异在 ±5% 内）
2026-03-30 15:45:32,927 INFO:    111          TSVC_Equivalencing-dbl    0.9988    1.0000   -0.0012  O3-bolt ≈ O3-bolt-opt（差异在 ±5% 内）
2026-03-30 15:45:32,927 INFO:    112          TSVC_Equivalencing-flt    1.0188    1.0128   +0.0060  O3-bolt ≈ O3-bolt-opt（差异在 ±5% 内）
2026-03-30 15:45:32,927 INFO:    113              TSVC_Expansion-dbl    1.0047    1.0000   +0.0047  O3-bolt ≈ O3-bolt-opt（差异在 ±5% 内）
2026-03-30 15:45:32,927 INFO:    114              TSVC_Expansion-flt    1.0377    1.0385   -0.0008  O3-bolt ≈ O3-bolt-opt（差异在 ±5% 内）
2026-03-30 15:45:32,927 INFO:    115         TSVC_GlobalDataFlow-dbl    1.0109    1.0000   +0.0109  O3-bolt ≈ O3-bolt-opt（差异在 ±5% 内）
2026-03-30 15:45:32,927 INFO:    116         TSVC_GlobalDataFlow-flt    1.0304    1.0000   +0.0304  O3-bolt ≈ O3-bolt-opt（差异在 ±5% 内）
2026-03-30 15:45:32,928 INFO:    117     TSVC_IndirectAddressing-dbl    0.9448    0.9231   +0.0217  O3-bolt-opt 优于 O3-bolt（快 5.5%，加速比 1.06x）
2026-03-30 15:45:32,928 INFO:    118     TSVC_IndirectAddressing-flt    0.9431    0.9231   +0.0200  O3-bolt-opt 优于 O3-bolt（快 5.7%，加速比 1.06x）
2026-03-30 15:45:32,928 INFO:    119      TSVC_InductionVariable-dbl    1.0831    1.0909   -0.0078  O3-bolt 优于 O3-bolt-opt（快 7.7%，加速比 1.08x）
2026-03-30 15:45:32,928 INFO:    120      TSVC_InductionVariable-flt    1.0096    1.0000   +0.0096  O3-bolt ≈ O3-bolt-opt（差异在 ±5% 内）
2026-03-30 15:45:32,928 INFO:    121       TSVC_LinearDependence-dbl    1.0075    1.0000   +0.0075  O3-bolt ≈ O3-bolt-opt（差异在 ±5% 内）
2026-03-30 15:45:32,929 INFO:    122       TSVC_LinearDependence-flt    0.9517    0.9310   +0.0207  O3-bolt ≈ O3-bolt-opt（差异在 ±5% 内）
2026-03-30 15:45:32,929 INFO:    123          TSVC_LoopRerolling-dbl    1.0168    1.0000   +0.0168  O3-bolt ≈ O3-bolt-opt（差异在 ±5% 内）
2026-03-30 15:45:32,929 INFO:    124          TSVC_LoopRerolling-flt    1.0156    1.0000   +0.0156  O3-bolt ≈ O3-bolt-opt（差异在 ±5% 内）
2026-03-30 15:45:32,929 INFO:    125      TSVC_LoopRestructuring-dbl    0.9906    1.0000   -0.0094  O3-bolt ≈ O3-bolt-opt（差异在 ±5% 内）
2026-03-30 15:45:32,929 INFO:    126      TSVC_LoopRestructuring-flt    1.0185    1.0000   +0.0185  O3-bolt ≈ O3-bolt-opt（差异在 ±5% 内）
2026-03-30 15:45:32,929 INFO:    127          TSVC_NodeSplitting-dbl    0.9359    0.9231   +0.0128  O3-bolt-opt 优于 O3-bolt（快 6.4%，加速比 1.07x）
2026-03-30 15:45:32,930 INFO:    128          TSVC_NodeSplitting-flt    1.0647    1.0667   -0.0020  O3-bolt 优于 O3-bolt-opt（快 6.1%，加速比 1.06x）
2026-03-30 15:45:32,930 INFO:    129                TSVC_Packing-dbl    1.2716    1.2727   -0.0011  O3-bolt 优于 O3-bolt-opt（快 21.4%，加速比 1.27x）
2026-03-30 15:45:32,930 INFO:    130                TSVC_Packing-flt    1.2455    1.2500   -0.0045  O3-bolt 优于 O3-bolt-opt（快 19.7%，加速比 1.25x）
2026-03-30 15:45:32,930 INFO:    131            TSVC_Recurrences-dbl    0.9851    1.0000   -0.0149  O3-bolt ≈ O3-bolt-opt（差异在 ±5% 内）
2026-03-30 15:45:32,930 INFO:    132            TSVC_Recurrences-flt    0.9884    1.0000   -0.0116  O3-bolt ≈ O3-bolt-opt（差异在 ±5% 内）
2026-03-30 15:45:32,930 INFO:    133             TSVC_Reductions-dbl    1.0112    1.0000   +0.0112  O3-bolt ≈ O3-bolt-opt（差异在 ±5% 内）
2026-03-30 15:45:32,930 INFO:    134             TSVC_Reductions-flt    1.0090    1.0000   +0.0090  O3-bolt ≈ O3-bolt-opt（差异在 ±5% 内）
2026-03-30 15:45:32,931 INFO:    135              TSVC_Searching-dbl    1.0299    1.0000   +0.0299  O3-bolt ≈ O3-bolt-opt（差异在 ±5% 内）
2026-03-30 15:45:32,931 INFO:    136              TSVC_Searching-flt    1.0196    1.0000   +0.0196  O3-bolt ≈ O3-bolt-opt（差异在 ±5% 内）
2026-03-30 15:45:32,931 INFO:    137    TSVC_StatementReordering-dbl    1.0089    1.0000   +0.0089  O3-bolt ≈ O3-bolt-opt（差异在 ±5% 内）
2026-03-30 15:45:32,931 INFO:    138    TSVC_StatementReordering-flt    1.0107    1.0000   +0.0107  O3-bolt ≈ O3-bolt-opt（差异在 ±5% 内）
2026-03-30 15:45:32,931 INFO:    139              TSVC_Symbolics-dbl    0.9766    0.9474   +0.0292  O3-bolt ≈ O3-bolt-opt（差异在 ±5% 内）
2026-03-30 15:45:32,931 INFO:    140              TSVC_Symbolics-flt    0.9470    0.9189   +0.0281  O3-bolt-opt 优于 O3-bolt（快 5.3%，加速比 1.06x）
2026-03-30 15:45:32,931 INFO:    141               Trimaran_enc-3des    1.0286    1.0435   -0.0149  O3-bolt ≈ O3-bolt-opt（差异在 ±5% 内）
2026-03-30 15:45:32,932 INFO:    142                Trimaran_enc-md5    1.0132    1.0000   +0.0132  O3-bolt ≈ O3-bolt-opt（差异在 ±5% 内）
2026-03-30 15:45:32,932 INFO:    143                Trimaran_enc-pc1    1.0162    1.0000   +0.0162  O3-bolt ≈ O3-bolt-opt（差异在 ±5% 内）
2026-03-30 15:45:32,932 INFO:    144                Trimaran_enc-rc4    1.0162    1.0000   +0.0162  O3-bolt ≈ O3-bolt-opt（差异在 ±5% 内）
2026-03-30 15:45:32,932 INFO:    145           Trimaran_netbench-crc    1.0090    1.0000   +0.0090  O3-bolt ≈ O3-bolt-opt（差异在 ±5% 内）
2026-03-30 15:45:32,932 INFO:    146           Trimaran_netbench-url    1.0099    1.0000   +0.0099  O3-bolt ≈ O3-bolt-opt（差异在 ±5% 内）
2026-03-30 15:45:32,932 INFO:    147                VersaBench_8b10b    0.9985    0.8889   +0.1096  O3-bolt ≈ O3-bolt-opt（差异在 ±5% 内）
2026-03-30 15:45:32,933 INFO:    148           VersaBench_beamformer    1.0186    1.0000   +0.0186  O3-bolt ≈ O3-bolt-opt（差异在 ±5% 内）
2026-03-30 15:45:32,933 INFO:    149                  VersaBench_bmm    1.0145    1.0000   +0.0145  O3-bolt ≈ O3-bolt-opt（差异在 ±5% 内）
2026-03-30 15:45:32,933 INFO:    150                 VersaBench_dbms    0.9961    1.0000   -0.0039  O3-bolt ≈ O3-bolt-opt（差异在 ±5% 内）
2026-03-30 15:45:32,933 INFO:    151               VersaBench_ecbdes    1.0101    1.0000   +0.0101  O3-bolt ≈ O3-bolt-opt（差异在 ±5% 内）
2026-03-30 15:45:32,933 INFO:    152                    llubenchmark    1.0161    1.0000   +0.0161  O3-bolt ≈ O3-bolt-opt（差异在 ±5% 内）
2026-03-30 15:45:32,933 INFO:    153                           mafft    1.0152    1.0000   +0.0152  O3-bolt ≈ O3-bolt-opt（差异在 ±5% 内）
2026-03-30 15:45:32,933 INFO:    154      mediabench_adpcm_rawcaudio    0.9976    1.0070   -0.0094  O3-bolt ≈ O3-bolt-opt（差异在 ±5% 内）
2026-03-30 15:45:32,934 INFO:    155      mediabench_adpcm_rawdaudio    1.0022    1.0166   -0.0144  O3-bolt ≈ O3-bolt-opt（差异在 ±5% 内）
2026-03-30 15:45:32,934 INFO:    156      mediabench_g721_g721encode    1.0011    0.9961   +0.0050  O3-bolt ≈ O3-bolt-opt（差异在 ±5% 内）
2026-03-30 15:45:32,934 INFO:    157            mediabench_gsm_toast    1.0120    0.9990   +0.0130  O3-bolt ≈ O3-bolt-opt（差异在 ±5% 内）
2026-03-30 15:45:32,934 INFO:    158         mediabench_jpeg_jpeg-6a    1.0092    1.0196   -0.0104  O3-bolt ≈ O3-bolt-opt（差异在 ±5% 内）
2026-03-30 15:45:32,934 INFO:    159       mediabench_mpeg2_mpeg2dec    0.9942    0.9586   +0.0356  O3-bolt ≈ O3-bolt-opt（差异在 ±5% 内）
2026-03-30 15:45:32,934 INFO:    160                          nbench    0.9668    0.9394   +0.0274  O3-bolt ≈ O3-bolt-opt（差异在 ±5% 内）
2026-03-30 15:45:32,935 INFO:    161                      tramp3d-v4    1.0183    0.9932   +0.0252  O3-bolt ≈ O3-bolt-opt（差异在 ±5% 内）
2026-03-30 15:45:32,935 INFO: 
  ── 验证指标 ──
2026-03-30 15:45:32,935 INFO:   MAE  = 0.0162
2026-03-30 15:45:32,935 INFO:   MSE  = 0.0005
2026-03-30 15:45:32,935 INFO:   RMSE = 0.0231
2026-03-30 15:45:32,935 INFO:   方向准确率 = 130/161 (80.7%)
2026-03-30 15:45:32,936 INFO:   预测 O3-bolt 更优: 116/161  (真实: 57/161)
2026-03-30 15:45:32,936 INFO:   方向准确率（排除 ±5%）= 29/29 (100.0%)
2026-03-30 15:45:32,936 INFO: 
