2026-03-30 15:38:35,406 INFO: 自动选择设备: directml
2026-03-30 15:38:35,407 INFO: 设备: privateuseone:0
2026-03-30 15:38:35,407 INFO: 标签机制: fixed_work
2026-03-30 15:38:35,407 INFO: 自动微调 [fixed_work/transformer]: batch_size=32, d_model=64, dim_feedforward=256, direction_lambda=0.0, dropout=0.1, epochs=220, grad_clip=1.0, huber_delta=1.0, log_target=False, lr=0.001, max_len=512, mlp_hidden=64, nhead=2, noise_std=0.05, num_layers=3, pair_swap=False, patience=30, pos_encoding=learnable, warmup_epochs=10, weight_decay=0.0001
2026-03-30 15:38:35,407 INFO: 加载数据...
2026-03-30 15:38:35,409 INFO:   加载 O1-g_vs_O3-g: 163 样本
2026-03-30 15:38:35,411 INFO:   加载 O2-bolt_vs_O2-bolt-opt: 165 样本
2026-03-30 15:38:35,412 INFO:   加载 O3-bolt_vs_O3-bolt-opt: 161 样本
2026-03-30 15:38:35,415 INFO: 总样本数: 489  序列长度 T=60  特征维度 D=6
2026-03-30 15:38:35,416 INFO: 训练集: 343  验证集: 73  测试集: 73
2026-03-30 15:38:35,552 INFO: 模型类型: transformer
2026-03-30 15:38:35,552 INFO: 
模型参数: 197,825
2026-03-30 15:38:35,552 INFO: SiameseTransformerMicroPerf(
  (backbone): TransformerBackbone(
    (input_proj): Linear(in_features=6, out_features=64, bias=True)
    (pos_encoder): LearnablePositionalEncoding(
      (dropout): Dropout(p=0.1, inplace=False)
    )
    (transformer_encoder): TransformerEncoder(
      (layers): ModuleList(
        (0-2): 3 x TransformerEncoderLayer(
          (self_attn): MultiheadAttention(
            (out_proj): NonDynamicallyQuantizableLinear(in_features=64, out_features=64, bias=True)
          )
          (linear1): Linear(in_features=64, out_features=256, bias=True)
          (dropout): Dropout(p=0.1, inplace=False)
          (linear2): Linear(in_features=256, out_features=64, bias=True)
          (norm1): LayerNorm((64,), eps=1e-05, elementwise_affine=True)
          (norm2): LayerNorm((64,), eps=1e-05, elementwise_affine=True)
          (dropout1): Dropout(p=0.1, inplace=False)
          (dropout2): Dropout(p=0.1, inplace=False)
        )
      )
      (norm): LayerNorm((64,), eps=1e-05, elementwise_affine=True)
    )
  )
  (pool): AttentionPooling(
    (attention): Linear(in_features=64, out_features=1, bias=False)
  )
  (mlp): Sequential(
    (0): Linear(in_features=192, out_features=64, bias=True)
    (1): ReLU()
    (2): Dropout(p=0.1, inplace=False)
    (3): Linear(in_features=64, out_features=32, bias=True)
    (4): ReLU()
    (5): Dropout(p=0.1, inplace=False)
    (6): Linear(in_features=32, out_features=1, bias=True)
  )
)
2026-03-30 15:38:35,047 INFO: 模型保存路径: checkpoints/transformer_best_work.pt
2026-03-30 15:38:35,047 INFO: 配置保存路径: /home/ssy/Siamese-MicroPerf/configs/transformer_best_work.json
2026-03-30 15:38:35,047 INFO: 
开始训练 (220 epochs, Huber δ=1.0, patience=30)...
2026-03-30 15:38:35,047 INFO: Epoch   Train Loss   Val Loss    Val MAE    LR          Status
2026-03-30 15:38:35,047 INFO: ----------------------------------------------------------------------
2026-03-30 15:38:36,940 INFO:      1     0.447588    0.366143     0.8420    2.00e-04  ← best
2026-03-30 15:38:38,635 INFO:      2     0.250110    0.121007     0.4357    3.00e-04  ← best
2026-03-30 15:38:40,177 INFO:      3     0.074629    0.030186     0.2009    4.00e-04  ← best
2026-03-30 15:38:41,756 INFO:      4     0.032001    0.015013     0.1317    5.00e-04  ← best
2026-03-30 15:38:43,213 INFO:      5     0.022982    0.007451     0.0614    6.00e-04  ← best
2026-03-30 15:38:50,358 INFO:     10     0.016087    0.007811     0.0619    1.00e-03  
2026-03-30 15:38:55,169 INFO:     13     0.016334    0.006664     0.0751    9.99e-04  ← best
2026-03-30 15:38:58,985 INFO:     15     0.014169    0.006565     0.0785    9.99e-04  ← best
2026-03-30 15:39:02,670 INFO:     17     0.011855    0.006169     0.0830    9.97e-04  ← best
2026-03-30 15:39:06,379 INFO:     19     0.012850    0.006061     0.0691    9.95e-04  ← best
2026-03-30 15:39:07,246 INFO:     20     0.012714    0.005181     0.0650    9.94e-04  ← best
2026-03-30 15:39:09,070 INFO:     21     0.011189    0.003914     0.0616    9.93e-04  ← best
2026-03-30 15:39:12,701 INFO:     23     0.013284    0.003835     0.0562    9.91e-04  ← best
2026-03-30 15:39:14,481 INFO:     24     0.010152    0.003081     0.0429    9.89e-04  ← best
2026-03-30 15:39:18,099 INFO:     26     0.009105    0.001985     0.0381    9.86e-04  ← best
2026-03-30 15:39:20,056 INFO:     27     0.009727    0.001498     0.0400    9.84e-04  ← best
2026-03-30 15:39:23,938 INFO:     29     0.007945    0.001090     0.0312    9.80e-04  ← best
2026-03-30 15:39:25,860 INFO:     30     0.008075    0.001028     0.0282    9.78e-04  ← best
2026-03-30 15:39:27,832 INFO:     31     0.008569    0.000567     0.0240    9.76e-04  ← best
2026-03-30 15:39:42,984 INFO:     40     0.008304    0.001094     0.0264    9.50e-04  
2026-03-30 15:40:02,189 INFO:     50     0.006564    0.000538     0.0198    9.13e-04  ← best
2026-03-30 15:40:11,693 INFO:     56     0.005586    0.000411     0.0189    8.86e-04  ← best
2026-03-30 15:40:19,189 INFO:     60     0.006748    0.000697     0.0222    8.67e-04  
2026-03-30 15:40:38,099 INFO:     70     0.005671    0.000675     0.0230    8.12e-04  
2026-03-30 15:40:50,702 INFO:     77     0.005379    0.000400     0.0166    7.69e-04  ← best
2026-03-30 15:40:56,875 INFO:     80     0.006047    0.001475     0.0489    7.50e-04  
2026-03-30 15:41:00,856 INFO:     82     0.005546    0.000268     0.0167    7.37e-04  ← best
2026-03-30 15:41:16,061 INFO:     90     0.004754    0.000547     0.0216    6.83e-04  
2026-03-30 15:41:34,185 INFO:    100     0.004403    0.001541     0.0493    6.11e-04  
2026-03-30 15:41:50,651 INFO:    110     0.005294    0.000432     0.0217    5.37e-04  
2026-03-30 15:41:54,294 INFO: 
早停触发: 验证 loss 连续 30 epoch 未改善
2026-03-30 15:41:54,707 INFO: ============================================================
2026-03-30 15:41:54,707 INFO: 最佳模型 (epoch 82)
2026-03-30 15:41:54,708 INFO:   Val  Loss = 0.000268  MAE = 0.0167  (模型选择依据)
2026-03-30 15:41:54,708 INFO:   Test Loss = 0.000343  MAE = 0.0192  (最终无偏评估)
2026-03-30 15:41:54,708 INFO:   模型保存: checkpoints/transformer_best_work.pt
2026-03-30 15:41:54,708 INFO:   配置保存: /home/ssy/Siamese-MicroPerf/configs/transformer_best_work.json
2026-03-30 15:41:54,708 INFO: 
预测示例 (前 10 个测试样本):
2026-03-30 15:41:54,708 INFO:         真实 Y        预测 Ŷ          误差
2026-03-30 15:41:54,708 INFO:       1.0000      0.9884     -0.0116
2026-03-30 15:41:54,709 INFO:       1.0000      0.9861     -0.0139
2026-03-30 15:41:54,709 INFO:       1.0176      1.0182     +0.0006
2026-03-30 15:41:54,709 INFO:       1.0000      1.0177     +0.0177
2026-03-30 15:41:54,709 INFO:       1.0000      0.9293     -0.0707
2026-03-30 15:41:54,709 INFO:       1.0027      0.9959     -0.0068
2026-03-30 15:41:54,709 INFO:       1.0226      1.0004     -0.0221
2026-03-30 15:41:54,710 INFO:       1.0109      1.0329     +0.0220
2026-03-30 15:41:54,710 INFO:       1.0000      1.0130     +0.0130
2026-03-30 15:41:54,710 INFO:       1.0000      1.0196     +0.0196
